[0.144s] Invoking command in '/home/manuel/buggy_ws_beta.a/build/velodyne_msgs': CMAKE_PREFIX_PATH=${CMAKE_PREFIX_PATH}:/home/manuel/buggy_ws_beta.a/install/joint_state_publisher_gui:/home/manuel/buggy_ws_beta.a/install/joint_state_publisher:/home/manuel/buggy_ws_beta.a/install/ackermann_odometry:/home/manuel/buggy_ws_beta.a/install/ackermann_controller:/home/manuel/buggy_space/install/joint_state_publisher_gui:/home/manuel/buggy_space/install/joint_state_publisher:/home/manuel/buggy_space/install/ackermann_odometry:/home/manuel/buggy_space/install/ackermann_controller:/opt/ros/foxy /usr/bin/cmake --build /home/manuel/buggy_ws_beta.a/build/velodyne_msgs -- -j16 -l16
[0.607s] [  2%] Built target velodyne_msgs__cpp
[0.607s] [ 12%] Built target velodyne_msgs__rosidl_generator_c
[0.608s] [ 23%] Built target velodyne_msgs__rosidl_typesupport_cpp
[0.608s] [ 33%] Built target velodyne_msgs__rosidl_typesupport_fastrtps_cpp
[0.610s] [ 43%] Built target velodyne_msgs__rosidl_typesupport_introspection_cpp
[0.611s] [ 53%] Built target velodyne_msgs__rosidl_typesupport_introspection_c
[0.611s] [ 64%] Built target velodyne_msgs__rosidl_typesupport_c
[0.611s] [ 74%] Built target velodyne_msgs__rosidl_typesupport_fastrtps_c
[0.611s] [ 74%] Built target velodyne_msgs
[0.611s] [ 76%] Built target velodyne_msgs__py
[0.612s] [ 84%] Built target velodyne_msgs__python
[0.613s] [ 89%] Built target velodyne_msgs__rosidl_typesupport_introspection_c__pyext
[0.615s] [ 94%] Built target velodyne_msgs__rosidl_typesupport_c__pyext
[0.615s] [100%] Built target velodyne_msgs__rosidl_typesupport_fastrtps_c__pyext
[0.622s] Invoked command in '/home/manuel/buggy_ws_beta.a/build/velodyne_msgs' returned '0': CMAKE_PREFIX_PATH=${CMAKE_PREFIX_PATH}:/home/manuel/buggy_ws_beta.a/install/joint_state_publisher_gui:/home/manuel/buggy_ws_beta.a/install/joint_state_publisher:/home/manuel/buggy_ws_beta.a/install/ackermann_odometry:/home/manuel/buggy_ws_beta.a/install/ackermann_controller:/home/manuel/buggy_space/install/joint_state_publisher_gui:/home/manuel/buggy_space/install/joint_state_publisher:/home/manuel/buggy_space/install/ackermann_odometry:/home/manuel/buggy_space/install/ackermann_controller:/opt/ros/foxy /usr/bin/cmake --build /home/manuel/buggy_ws_beta.a/build/velodyne_msgs -- -j16 -l16
[0.952s] Invoking command in '/home/manuel/buggy_ws_beta.a/build/velodyne_msgs': CMAKE_PREFIX_PATH=${CMAKE_PREFIX_PATH}:/home/manuel/buggy_ws_beta.a/install/joint_state_publisher_gui:/home/manuel/buggy_ws_beta.a/install/joint_state_publisher:/home/manuel/buggy_ws_beta.a/install/ackermann_odometry:/home/manuel/buggy_ws_beta.a/install/ackermann_controller:/home/manuel/buggy_space/install/joint_state_publisher_gui:/home/manuel/buggy_space/install/joint_state_publisher:/home/manuel/buggy_space/install/ackermann_odometry:/home/manuel/buggy_space/install/ackermann_controller:/opt/ros/foxy /usr/bin/cmake --install /home/manuel/buggy_ws_beta.a/build/velodyne_msgs
[1.046s] -- Install configuration: ""
[1.049s] -- Up-to-date: /home/manuel/buggy_ws_beta.a/install/velodyne_msgs/share/ament_index/resource_index/rosidl_interfaces/velodyne_msgs
[1.049s] -- Up-to-date: /home/manuel/buggy_ws_beta.a/install/velodyne_msgs/include/velodyne_msgs
[1.049s] -- Up-to-date: /home/manuel/buggy_ws_beta.a/install/velodyne_msgs/include/velodyne_msgs/msg
[1.049s] -- Up-to-date: /home/manuel/buggy_ws_beta.a/install/velodyne_msgs/include/velodyne_msgs/msg/detail
[1.049s] -- Up-to-date: /home/manuel/buggy_ws_beta.a/install/velodyne_msgs/include/velodyne_msgs/msg/detail/velodyne_scan__struct.h
[1.049s] -- Up-to-date: /home/manuel/buggy_ws_beta.a/install/velodyne_msgs/include/velodyne_msgs/msg/detail/velodyne_packet__struct.h
[1.049s] -- Up-to-date: /home/manuel/buggy_ws_beta.a/install/velodyne_msgs/include/velodyne_msgs/msg/detail/velodyne_scan__functions.h
[1.049s] -- Up-to-date: /home/manuel/buggy_ws_beta.a/install/velodyne_msgs/include/velodyne_msgs/msg/detail/velodyne_scan__type_support.h
[1.049s] -- Up-to-date: /home/manuel/buggy_ws_beta.a/install/velodyne_msgs/include/velodyne_msgs/msg/detail/velodyne_packet__functions.c
[1.050s] -- Up-to-date: /home/manuel/buggy_ws_beta.a/install/velodyne_msgs/include/velodyne_msgs/msg/detail/velodyne_packet__functions.h
[1.050s] -- Up-to-date: /home/manuel/buggy_ws_beta.a/install/velodyne_msgs/include/velodyne_msgs/msg/detail/velodyne_scan__functions.c
[1.050s] -- Up-to-date: /home/manuel/buggy_ws_beta.a/install/velodyne_msgs/include/velodyne_msgs/msg/detail/velodyne_packet__type_support.h
[1.050s] -- Up-to-date: /home/manuel/buggy_ws_beta.a/install/velodyne_msgs/include/velodyne_msgs/msg/velodyne_scan.h
[1.050s] -- Up-to-date: /home/manuel/buggy_ws_beta.a/install/velodyne_msgs/include/velodyne_msgs/msg/rosidl_generator_c__visibility_control.h
[1.050s] -- Up-to-date: /home/manuel/buggy_ws_beta.a/install/velodyne_msgs/include/velodyne_msgs/msg/velodyne_packet.h
[1.050s] -- Up-to-date: /home/manuel/buggy_ws_beta.a/install/velodyne_msgs/share/velodyne_msgs/environment/library_path.sh
[1.050s] -- Up-to-date: /home/manuel/buggy_ws_beta.a/install/velodyne_msgs/share/velodyne_msgs/environment/library_path.dsv
[1.050s] -- Up-to-date: /home/manuel/buggy_ws_beta.a/install/velodyne_msgs/lib/libvelodyne_msgs__rosidl_generator_c.so
[1.050s] -- Up-to-date: /home/manuel/buggy_ws_beta.a/install/velodyne_msgs/include/velodyne_msgs
[1.050s] -- Up-to-date: /home/manuel/buggy_ws_beta.a/install/velodyne_msgs/include/velodyne_msgs/msg
[1.050s] -- Up-to-date: /home/manuel/buggy_ws_beta.a/install/velodyne_msgs/include/velodyne_msgs/msg/detail
[1.050s] -- Up-to-date: /home/manuel/buggy_ws_beta.a/install/velodyne_msgs/include/velodyne_msgs/msg/detail/velodyne_scan__rosidl_typesupport_fastrtps_c.h
[1.050s] -- Up-to-date: /home/manuel/buggy_ws_beta.a/install/velodyne_msgs/include/velodyne_msgs/msg/detail/velodyne_packet__rosidl_typesupport_fastrtps_c.h
[1.050s] -- Up-to-date: /home/manuel/buggy_ws_beta.a/install/velodyne_msgs/include/velodyne_msgs/msg/rosidl_typesupport_fastrtps_c__visibility_control.h
[1.050s] -- Up-to-date: /home/manuel/buggy_ws_beta.a/install/velodyne_msgs/lib/libvelodyne_msgs__rosidl_typesupport_fastrtps_c.so
[1.051s] -- Up-to-date: /home/manuel/buggy_ws_beta.a/install/velodyne_msgs/include/velodyne_msgs
[1.051s] -- Up-to-date: /home/manuel/buggy_ws_beta.a/install/velodyne_msgs/include/velodyne_msgs/msg
[1.051s] -- Up-to-date: /home/manuel/buggy_ws_beta.a/install/velodyne_msgs/include/velodyne_msgs/msg/detail
[1.051s] -- Up-to-date: /home/manuel/buggy_ws_beta.a/install/velodyne_msgs/include/velodyne_msgs/msg/detail/dds_fastrtps
[1.051s] -- Up-to-date: /home/manuel/buggy_ws_beta.a/install/velodyne_msgs/include/velodyne_msgs/msg/detail/velodyne_scan__rosidl_typesupport_fastrtps_cpp.hpp
[1.051s] -- Up-to-date: /home/manuel/buggy_ws_beta.a/install/velodyne_msgs/include/velodyne_msgs/msg/detail/velodyne_packet__rosidl_typesupport_fastrtps_cpp.hpp
[1.051s] -- Up-to-date: /home/manuel/buggy_ws_beta.a/install/velodyne_msgs/include/velodyne_msgs/msg/rosidl_typesupport_fastrtps_cpp__visibility_control.h
[1.051s] -- Up-to-date: /home/manuel/buggy_ws_beta.a/install/velodyne_msgs/lib/libvelodyne_msgs__rosidl_typesupport_fastrtps_cpp.so
[1.051s] -- Up-to-date: /home/manuel/buggy_ws_beta.a/install/velodyne_msgs/include/velodyne_msgs
[1.051s] -- Up-to-date: /home/manuel/buggy_ws_beta.a/install/velodyne_msgs/include/velodyne_msgs/msg
[1.051s] -- Up-to-date: /home/manuel/buggy_ws_beta.a/install/velodyne_msgs/include/velodyne_msgs/msg/detail
[1.051s] -- Up-to-date: /home/manuel/buggy_ws_beta.a/install/velodyne_msgs/include/velodyne_msgs/msg/detail/velodyne_packet__type_support.c
[1.051s] -- Up-to-date: /home/manuel/buggy_ws_beta.a/install/velodyne_msgs/include/velodyne_msgs/msg/detail/velodyne_scan__type_support.c
[1.051s] -- Up-to-date: /home/manuel/buggy_ws_beta.a/install/velodyne_msgs/include/velodyne_msgs/msg/detail/velodyne_packet__rosidl_typesupport_introspection_c.h
[1.051s] -- Up-to-date: /home/manuel/buggy_ws_beta.a/install/velodyne_msgs/include/velodyne_msgs/msg/detail/velodyne_scan__rosidl_typesupport_introspection_c.h
[1.052s] -- Up-to-date: /home/manuel/buggy_ws_beta.a/install/velodyne_msgs/include/velodyne_msgs/msg/rosidl_typesupport_introspection_c__visibility_control.h
[1.052s] -- Up-to-date: /home/manuel/buggy_ws_beta.a/install/velodyne_msgs/lib/libvelodyne_msgs__rosidl_typesupport_introspection_c.so
[1.052s] -- Up-to-date: /home/manuel/buggy_ws_beta.a/install/velodyne_msgs/lib/libvelodyne_msgs__rosidl_typesupport_c.so
[1.052s] -- Up-to-date: /home/manuel/buggy_ws_beta.a/install/velodyne_msgs/include/velodyne_msgs
[1.052s] -- Up-to-date: /home/manuel/buggy_ws_beta.a/install/velodyne_msgs/include/velodyne_msgs/msg
[1.052s] -- Up-to-date: /home/manuel/buggy_ws_beta.a/install/velodyne_msgs/include/velodyne_msgs/msg/detail
[1.052s] -- Up-to-date: /home/manuel/buggy_ws_beta.a/install/velodyne_msgs/include/velodyne_msgs/msg/detail/velodyne_scan__builder.hpp
[1.052s] -- Up-to-date: /home/manuel/buggy_ws_beta.a/install/velodyne_msgs/include/velodyne_msgs/msg/detail/velodyne_scan__struct.hpp
[1.052s] -- Up-to-date: /home/manuel/buggy_ws_beta.a/install/velodyne_msgs/include/velodyne_msgs/msg/detail/velodyne_packet__builder.hpp
[1.052s] -- Up-to-date: /home/manuel/buggy_ws_beta.a/install/velodyne_msgs/include/velodyne_msgs/msg/detail/velodyne_scan__traits.hpp
[1.052s] -- Up-to-date: /home/manuel/buggy_ws_beta.a/install/velodyne_msgs/include/velodyne_msgs/msg/detail/velodyne_packet__traits.hpp
[1.052s] -- Up-to-date: /home/manuel/buggy_ws_beta.a/install/velodyne_msgs/include/velodyne_msgs/msg/detail/velodyne_packet__struct.hpp
[1.052s] -- Up-to-date: /home/manuel/buggy_ws_beta.a/install/velodyne_msgs/include/velodyne_msgs/msg/velodyne_scan.hpp
[1.052s] -- Up-to-date: /home/manuel/buggy_ws_beta.a/install/velodyne_msgs/include/velodyne_msgs/msg/velodyne_packet.hpp
[1.052s] -- Up-to-date: /home/manuel/buggy_ws_beta.a/install/velodyne_msgs/include/velodyne_msgs
[1.053s] -- Up-to-date: /home/manuel/buggy_ws_beta.a/install/velodyne_msgs/include/velodyne_msgs/msg
[1.053s] -- Up-to-date: /home/manuel/buggy_ws_beta.a/install/velodyne_msgs/include/velodyne_msgs/msg/detail
[1.053s] -- Up-to-date: /home/manuel/buggy_ws_beta.a/install/velodyne_msgs/include/velodyne_msgs/msg/detail/velodyne_scan__type_support.cpp
[1.053s] -- Up-to-date: /home/manuel/buggy_ws_beta.a/install/velodyne_msgs/include/velodyne_msgs/msg/detail/velodyne_packet__rosidl_typesupport_introspection_cpp.hpp
[1.053s] -- Up-to-date: /home/manuel/buggy_ws_beta.a/install/velodyne_msgs/include/velodyne_msgs/msg/detail/velodyne_scan__rosidl_typesupport_introspection_cpp.hpp
[1.053s] -- Up-to-date: /home/manuel/buggy_ws_beta.a/install/velodyne_msgs/include/velodyne_msgs/msg/detail/velodyne_packet__type_support.cpp
[1.053s] -- Up-to-date: /home/manuel/buggy_ws_beta.a/install/velodyne_msgs/lib/libvelodyne_msgs__rosidl_typesupport_introspection_cpp.so
[1.053s] -- Up-to-date: /home/manuel/buggy_ws_beta.a/install/velodyne_msgs/lib/libvelodyne_msgs__rosidl_typesupport_cpp.so
[1.053s] -- Up-to-date: /home/manuel/buggy_ws_beta.a/install/velodyne_msgs/share/velodyne_msgs/environment/pythonpath.sh
[1.053s] -- Up-to-date: /home/manuel/buggy_ws_beta.a/install/velodyne_msgs/share/velodyne_msgs/environment/pythonpath.dsv
[1.053s] -- Up-to-date: /home/manuel/buggy_ws_beta.a/install/velodyne_msgs/lib/python3.8/site-packages/velodyne_msgs/__init__.py
[1.053s] -- Up-to-date: /home/manuel/buggy_ws_beta.a/install/velodyne_msgs/lib/python3.8/site-packages/velodyne_msgs/msg
[1.053s] -- Up-to-date: /home/manuel/buggy_ws_beta.a/install/velodyne_msgs/lib/python3.8/site-packages/velodyne_msgs/msg/_velodyne_scan_s.c
[1.053s] -- Up-to-date: /home/manuel/buggy_ws_beta.a/install/velodyne_msgs/lib/python3.8/site-packages/velodyne_msgs/msg/_velodyne_packet.py
[1.053s] -- Up-to-date: /home/manuel/buggy_ws_beta.a/install/velodyne_msgs/lib/python3.8/site-packages/velodyne_msgs/msg/_velodyne_scan.py
[1.053s] -- Up-to-date: /home/manuel/buggy_ws_beta.a/install/velodyne_msgs/lib/python3.8/site-packages/velodyne_msgs/msg/__init__.py
[1.054s] -- Up-to-date: /home/manuel/buggy_ws_beta.a/install/velodyne_msgs/lib/python3.8/site-packages/velodyne_msgs/msg/_velodyne_packet_s.c
[1.054s] -- Up-to-date: /home/manuel/buggy_ws_beta.a/install/velodyne_msgs/lib/python3.8/site-packages/velodyne_msgs/velodyne_msgs_s__rosidl_typesupport_fastrtps_c.cpython-38-x86_64-linux-gnu.so
[1.054s] -- Up-to-date: /home/manuel/buggy_ws_beta.a/install/velodyne_msgs/lib/python3.8/site-packages/velodyne_msgs/velodyne_msgs_s__rosidl_typesupport_introspection_c.cpython-38-x86_64-linux-gnu.so
[1.054s] -- Up-to-date: /home/manuel/buggy_ws_beta.a/install/velodyne_msgs/lib/python3.8/site-packages/velodyne_msgs/velodyne_msgs_s__rosidl_typesupport_c.cpython-38-x86_64-linux-gnu.so
[1.054s] -- Up-to-date: /home/manuel/buggy_ws_beta.a/install/velodyne_msgs/lib/libvelodyne_msgs__python.so
[1.054s] -- Up-to-date: /home/manuel/buggy_ws_beta.a/install/velodyne_msgs/share/velodyne_msgs/msg/VelodynePacket.idl
[1.054s] -- Up-to-date: /home/manuel/buggy_ws_beta.a/install/velodyne_msgs/share/velodyne_msgs/msg/VelodyneScan.idl
[1.054s] -- Up-to-date: /home/manuel/buggy_ws_beta.a/install/velodyne_msgs/share/velodyne_msgs/msg/VelodynePacket.msg
[1.054s] -- Up-to-date: /home/manuel/buggy_ws_beta.a/install/velodyne_msgs/share/velodyne_msgs/msg/VelodyneScan.msg
[1.054s] -- Up-to-date: /home/manuel/buggy_ws_beta.a/install/velodyne_msgs/share/ament_index/resource_index/package_run_dependencies/velodyne_msgs
[1.054s] -- Up-to-date: /home/manuel/buggy_ws_beta.a/install/velodyne_msgs/share/ament_index/resource_index/parent_prefix_path/velodyne_msgs
[1.054s] -- Up-to-date: /home/manuel/buggy_ws_beta.a/install/velodyne_msgs/share/velodyne_msgs/environment/ament_prefix_path.sh
[1.054s] -- Up-to-date: /home/manuel/buggy_ws_beta.a/install/velodyne_msgs/share/velodyne_msgs/environment/ament_prefix_path.dsv
[1.054s] -- Up-to-date: /home/manuel/buggy_ws_beta.a/install/velodyne_msgs/share/velodyne_msgs/environment/path.sh
[1.054s] -- Up-to-date: /home/manuel/buggy_ws_beta.a/install/velodyne_msgs/share/velodyne_msgs/environment/path.dsv
[1.054s] -- Up-to-date: /home/manuel/buggy_ws_beta.a/install/velodyne_msgs/share/velodyne_msgs/local_setup.bash
[1.055s] -- Up-to-date: /home/manuel/buggy_ws_beta.a/install/velodyne_msgs/share/velodyne_msgs/local_setup.sh
[1.055s] -- Up-to-date: /home/manuel/buggy_ws_beta.a/install/velodyne_msgs/share/velodyne_msgs/local_setup.zsh
[1.055s] -- Up-to-date: /home/manuel/buggy_ws_beta.a/install/velodyne_msgs/share/velodyne_msgs/local_setup.dsv
[1.055s] -- Installing: /home/manuel/buggy_ws_beta.a/install/velodyne_msgs/share/velodyne_msgs/package.dsv
[1.055s] -- Up-to-date: /home/manuel/buggy_ws_beta.a/install/velodyne_msgs/share/ament_index/resource_index/packages/velodyne_msgs
[1.055s] -- Up-to-date: /home/manuel/buggy_ws_beta.a/install/velodyne_msgs/share/velodyne_msgs/cmake/velodyne_msgs__rosidl_generator_cExport.cmake
[1.055s] -- Up-to-date: /home/manuel/buggy_ws_beta.a/install/velodyne_msgs/share/velodyne_msgs/cmake/velodyne_msgs__rosidl_generator_cExport-noconfig.cmake
[1.055s] -- Up-to-date: /home/manuel/buggy_ws_beta.a/install/velodyne_msgs/share/velodyne_msgs/cmake/velodyne_msgs__rosidl_typesupport_introspection_cExport.cmake
[1.055s] -- Up-to-date: /home/manuel/buggy_ws_beta.a/install/velodyne_msgs/share/velodyne_msgs/cmake/velodyne_msgs__rosidl_typesupport_introspection_cExport-noconfig.cmake
[1.055s] -- Up-to-date: /home/manuel/buggy_ws_beta.a/install/velodyne_msgs/share/velodyne_msgs/cmake/velodyne_msgs__rosidl_typesupport_cExport.cmake
[1.055s] -- Up-to-date: /home/manuel/buggy_ws_beta.a/install/velodyne_msgs/share/velodyne_msgs/cmake/velodyne_msgs__rosidl_typesupport_cExport-noconfig.cmake
[1.055s] -- Up-to-date: /home/manuel/buggy_ws_beta.a/install/velodyne_msgs/share/velodyne_msgs/cmake/velodyne_msgs__rosidl_generator_cppExport.cmake
[1.055s] -- Up-to-date: /home/manuel/buggy_ws_beta.a/install/velodyne_msgs/share/velodyne_msgs/cmake/velodyne_msgs__rosidl_typesupport_introspection_cppExport.cmake
[1.055s] -- Up-to-date: /home/manuel/buggy_ws_beta.a/install/velodyne_msgs/share/velodyne_msgs/cmake/velodyne_msgs__rosidl_typesupport_introspection_cppExport-noconfig.cmake
[1.056s] -- Up-to-date: /home/manuel/buggy_ws_beta.a/install/velodyne_msgs/share/velodyne_msgs/cmake/velodyne_msgs__rosidl_typesupport_cppExport.cmake
[1.056s] -- Up-to-date: /home/manuel/buggy_ws_beta.a/install/velodyne_msgs/share/velodyne_msgs/cmake/velodyne_msgs__rosidl_typesupport_cppExport-noconfig.cmake
[1.056s] -- Up-to-date: /home/manuel/buggy_ws_beta.a/install/velodyne_msgs/share/velodyne_msgs/cmake/rosidl_cmake-extras.cmake
[1.056s] -- Up-to-date: /home/manuel/buggy_ws_beta.a/install/velodyne_msgs/share/velodyne_msgs/cmake/ament_cmake_export_dependencies-extras.cmake
[1.056s] -- Up-to-date: /home/manuel/buggy_ws_beta.a/install/velodyne_msgs/share/velodyne_msgs/cmake/ament_cmake_export_libraries-extras.cmake
[1.056s] -- Up-to-date: /home/manuel/buggy_ws_beta.a/install/velodyne_msgs/share/velodyne_msgs/cmake/ament_cmake_export_targets-extras.cmake
[1.056s] -- Up-to-date: /home/manuel/buggy_ws_beta.a/install/velodyne_msgs/share/velodyne_msgs/cmake/ament_cmake_export_include_directories-extras.cmake
[1.056s] -- Up-to-date: /home/manuel/buggy_ws_beta.a/install/velodyne_msgs/share/velodyne_msgs/cmake/rosidl_cmake_export_typesupport_libraries-extras.cmake
[1.056s] -- Up-to-date: /home/manuel/buggy_ws_beta.a/install/velodyne_msgs/share/velodyne_msgs/cmake/rosidl_cmake_export_typesupport_targets-extras.cmake
[1.056s] -- Up-to-date: /home/manuel/buggy_ws_beta.a/install/velodyne_msgs/share/velodyne_msgs/cmake/velodyne_msgsConfig.cmake
[1.056s] -- Up-to-date: /home/manuel/buggy_ws_beta.a/install/velodyne_msgs/share/velodyne_msgs/cmake/velodyne_msgsConfig-version.cmake
[1.056s] -- Up-to-date: /home/manuel/buggy_ws_beta.a/install/velodyne_msgs/share/velodyne_msgs/package.xml
[1.203s] Invoked command in '/home/manuel/buggy_ws_beta.a/build/velodyne_msgs' returned '0': CMAKE_PREFIX_PATH=${CMAKE_PREFIX_PATH}:/home/manuel/buggy_ws_beta.a/install/joint_state_publisher_gui:/home/manuel/buggy_ws_beta.a/install/joint_state_publisher:/home/manuel/buggy_ws_beta.a/install/ackermann_odometry:/home/manuel/buggy_ws_beta.a/install/ackermann_controller:/home/manuel/buggy_space/install/joint_state_publisher_gui:/home/manuel/buggy_space/install/joint_state_publisher:/home/manuel/buggy_space/install/ackermann_odometry:/home/manuel/buggy_space/install/ackermann_controller:/opt/ros/foxy /usr/bin/cmake --install /home/manuel/buggy_ws_beta.a/build/velodyne_msgs
