-- The C compiler identification is GNU 9.4.0
-- The CXX compiler identification is GNU 9.4.0
-- Check for working C compiler: /usr/bin/cc
-- Check for working C compiler: /usr/bin/cc -- works
-- Detecting C compiler ABI info
-- Detecting C compiler ABI info - done
-- Detecting C compile features
-- Detecting C compile features - done
-- Check for working CXX compiler: /usr/bin/c++
-- Check for working CXX compiler: /usr/bin/c++ -- works
-- Detecting CXX compiler ABI info
-- Detecting CXX compiler ABI info - done
-- Detecting CXX compile features
-- Detecting CXX compile features - done
-- Enabling tests requiring a display
-- Found ament_cmake: 0.9.11 (/opt/ros/foxy/share/ament_cmake/cmake)
-- Found PythonInterp: /usr/bin/python3 (found suitable version "3.8.10", minimum required is "3") 
-- Using PYTHON_EXECUTABLE: /usr/bin/python3
-- Found rviz_common: 8.2.7 (/opt/ros/foxy/share/rviz_common/cmake)
-- Setting OGRE_DIR to: '/opt/ros/foxy/share/rviz_ogre_vendor/cmake/../../../opt/rviz_ogre_vendor/lib/OGRE/cmake'
-- Found OGRE
--   static     : OFF
--   components : HLMS;MeshLodGenerator;Overlay;Paging;Property;RTShaderSystem;Terrain;Volume
--   plugins    : Plugin_BSPSceneManager;Plugin_OctreeSceneManager;Plugin_PCZSceneManager;Plugin_ParticleFX;RenderSystem_GL;RenderSystem_GL3Plus;Codec_STBI
--   media      : /opt/ros/foxy/opt/rviz_ogre_vendor/share/OGRE/Media
-- OGRE_LIBRARIES: OgreHLMS;OgreMeshLodGenerator;OgreOverlay;OgrePaging;OgreProperty;OgreRTShaderSystem;OgreTerrain;OgreVolume;OgreMain
-- OGRE_LIBRARY_DIRS: /opt/ros/foxy/opt/rviz_ogre_vendor/lib
-- OGRE_PLUGINS: Plugin_BSPSceneManager;Plugin_OctreeSceneManager;Plugin_PCZSceneManager;Plugin_ParticleFX;RenderSystem_GL;RenderSystem_GL3Plus;Codec_STBI
-- OGRE_PLUGIN_DIR: /opt/ros/foxy/opt/rviz_ogre_vendor/lib/OGRE
-- rviz_ogre_vendor::OgreOverlay for IMPORTED_LOCATION_RELEASE: /opt/ros/foxy/opt/rviz_ogre_vendor/lib/libOgreOverlay.so
-- rviz_ogre_vendor::OgreOverlay for IMPORTED_LOCATION_DEBUG: /opt/ros/foxy/opt/rviz_ogre_vendor/lib/libOgreOverlay.so
-- rviz_ogre_vendor::OgreMain for IMPORTED_LOCATION_RELEASE: /opt/ros/foxy/opt/rviz_ogre_vendor/lib/libOgreMain.so
-- rviz_ogre_vendor::OgreMain for IMPORTED_LOCATION_DEBUG: /opt/ros/foxy/opt/rviz_ogre_vendor/lib/libOgreMain.so
-- Found ZLIB: /usr/lib/x86_64-linux-gnu/libz.so (found version "1.2.11") 
-- Found OpenGL: /usr/lib/x86_64-linux-gnu/libOpenGL.so   
-- Found X11: /usr/include   
-- Looking for XOpenDisplay in /usr/lib/x86_64-linux-gnu/libX11.so;/usr/lib/x86_64-linux-gnu/libXext.so
-- Looking for XOpenDisplay in /usr/lib/x86_64-linux-gnu/libX11.so;/usr/lib/x86_64-linux-gnu/libXext.so - found
-- Looking for gethostbyname
-- Looking for gethostbyname - found
-- Looking for connect
-- Looking for connect - found
-- Looking for remove
-- Looking for remove - found
-- Looking for shmat
-- Looking for shmat - found
-- Looking for IceConnectionNumber in ICE
-- Looking for IceConnectionNumber in ICE - found
-- rviz_ogre_vendor::RenderSystem_GL for IMPORTED_LOCATION_RELEASE: _render_system_gl_static_library_abs-NOTFOUND
-- rviz_ogre_vendor::RenderSystem_GL for IMPORTED_LOCATION_DEBUG: _render_system_gl_static_library_abs-NOTFOUND
-- library: libassimp.so.5
-- library: /usr/lib/x86_64-linux-gnu/libcurl.so
-- Using all available rosidl_typesupport_c: rosidl_typesupport_fastrtps_c;rosidl_typesupport_introspection_c
-- Found rosidl_adapter: 1.3.0 (/opt/ros/foxy/share/rosidl_adapter/cmake)
-- Found OpenSSL: /usr/lib/x86_64-linux-gnu/libcrypto.so (found version "1.1.1f")  
-- Found FastRTPS: /opt/ros/foxy/include  
-- Using all available rosidl_typesupport_cpp: rosidl_typesupport_fastrtps_cpp;rosidl_typesupport_introspection_cpp
-- Found rmw_implementation_cmake: 1.0.3 (/opt/ros/foxy/share/rmw_implementation_cmake/cmake)
-- Using RMW implementation 'rmw_fastrtps_cpp' as default
-- Looking for pthread.h
-- Looking for pthread.h - found
-- Performing Test CMAKE_HAVE_LIBC_PTHREAD
-- Performing Test CMAKE_HAVE_LIBC_PTHREAD - Failed
-- Looking for pthread_create in pthreads
-- Looking for pthread_create in pthreads - not found
-- Looking for pthread_create in pthread
-- Looking for pthread_create in pthread - found
-- Found Threads: TRUE  
-- Found Eigen3: TRUE (found version "3.3.7") 
-- Setting yaml-cpp_DIR to: '/opt/ros/foxy/share/yaml_cpp_vendor/cmake/../../../opt/yaml_cpp_vendor/lib/cmake/yaml-cpp'
-- Found zed_interfaces: 0.3.0 (/home/manuel/buggy_ws_beta.a/install/zed_interfaces/share/zed_interfaces/cmake)
-- Configuring done
-- Generating done
-- Build files have been written to: /home/manuel/buggy_ws_beta.a/build/rviz_plugin_zed_od
[35m[1mScanning dependencies of target rviz_plugin_zed_od_autogen[0m
[ 20%] [34m[1mAutomatic MOC and UIC for target rviz_plugin_zed_od[0m
[ 20%] Built target rviz_plugin_zed_od_autogen
[35m[1mScanning dependencies of target rviz_plugin_zed_od[0m
[ 40%] [32mBuilding CXX object CMakeFiles/rviz_plugin_zed_od.dir/rviz_plugin_zed_od_autogen/mocs_compilation.cpp.o[0m
[ 60%] [32mBuilding CXX object CMakeFiles/rviz_plugin_zed_od.dir/src/plugin/src/zed_od_display.cpp.o[0m
[ 80%] [32mBuilding CXX object CMakeFiles/rviz_plugin_zed_od.dir/src/plugin/src/zed_od_info.cpp.o[0m
[100%] [32m[1mLinking CXX shared library librviz_plugin_zed_od.so[0m
[100%] Built target rviz_plugin_zed_od
-- Install configuration: ""
-- Installing: /home/manuel/buggy_ws_beta.a/install/rviz_plugin_zed_od/share/rviz_plugin_zed_od/plugins_description.xml
-- Installing: /home/manuel/buggy_ws_beta.a/install/rviz_plugin_zed_od/share/rviz_plugin_zed_od/environment/library_path.sh
-- Installing: /home/manuel/buggy_ws_beta.a/install/rviz_plugin_zed_od/share/rviz_plugin_zed_od/environment/library_path.dsv
-- Installing: /home/manuel/buggy_ws_beta.a/install/rviz_plugin_zed_od/lib/librviz_plugin_zed_od.so
-- Set runtime path of "/home/manuel/buggy_ws_beta.a/install/rviz_plugin_zed_od/lib/librviz_plugin_zed_od.so" to ""
-- Installing: /home/manuel/buggy_ws_beta.a/install/rviz_plugin_zed_od/include/rviz_plugin_zed_od/
-- Installing: /home/manuel/buggy_ws_beta.a/install/rviz_plugin_zed_od/include/rviz_plugin_zed_od//visibility_control.hpp
-- Up-to-date: /home/manuel/buggy_ws_beta.a/install/rviz_plugin_zed_od/include/rviz_plugin_zed_od/
-- Installing: /home/manuel/buggy_ws_beta.a/install/rviz_plugin_zed_od/include/rviz_plugin_zed_od//zed_od_display.hpp
-- Installing: /home/manuel/buggy_ws_beta.a/install/rviz_plugin_zed_od/include/rviz_plugin_zed_od//zed_od_info.hpp
-- Installing: /home/manuel/buggy_ws_beta.a/install/rviz_plugin_zed_od/share/rviz_plugin_zed_od/icons
-- Installing: /home/manuel/buggy_ws_beta.a/install/rviz_plugin_zed_od/share/rviz_plugin_zed_od/icons/ZedObjDet.png
-- Installing: /home/manuel/buggy_ws_beta.a/install/rviz_plugin_zed_od/share/ament_index/resource_index/package_run_dependencies/rviz_plugin_zed_od
-- Installing: /home/manuel/buggy_ws_beta.a/install/rviz_plugin_zed_od/share/ament_index/resource_index/parent_prefix_path/rviz_plugin_zed_od
-- Installing: /home/manuel/buggy_ws_beta.a/install/rviz_plugin_zed_od/share/rviz_plugin_zed_od/environment/ament_prefix_path.sh
-- Installing: /home/manuel/buggy_ws_beta.a/install/rviz_plugin_zed_od/share/rviz_plugin_zed_od/environment/ament_prefix_path.dsv
-- Installing: /home/manuel/buggy_ws_beta.a/install/rviz_plugin_zed_od/share/rviz_plugin_zed_od/environment/path.sh
-- Installing: /home/manuel/buggy_ws_beta.a/install/rviz_plugin_zed_od/share/rviz_plugin_zed_od/environment/path.dsv
-- Installing: /home/manuel/buggy_ws_beta.a/install/rviz_plugin_zed_od/share/rviz_plugin_zed_od/local_setup.bash
-- Installing: /home/manuel/buggy_ws_beta.a/install/rviz_plugin_zed_od/share/rviz_plugin_zed_od/local_setup.sh
-- Installing: /home/manuel/buggy_ws_beta.a/install/rviz_plugin_zed_od/share/rviz_plugin_zed_od/local_setup.zsh
-- Installing: /home/manuel/buggy_ws_beta.a/install/rviz_plugin_zed_od/share/rviz_plugin_zed_od/local_setup.dsv
-- Installing: /home/manuel/buggy_ws_beta.a/install/rviz_plugin_zed_od/share/rviz_plugin_zed_od/package.dsv
-- Installing: /home/manuel/buggy_ws_beta.a/install/rviz_plugin_zed_od/share/ament_index/resource_index/packages/rviz_plugin_zed_od
-- Installing: /home/manuel/buggy_ws_beta.a/install/rviz_plugin_zed_od/share/ament_index/resource_index/rviz_common__pluginlib__plugin/rviz_plugin_zed_od
-- Installing: /home/manuel/buggy_ws_beta.a/install/rviz_plugin_zed_od/share/rviz_plugin_zed_od/cmake/rviz_plugin_zed_odExport.cmake
-- Installing: /home/manuel/buggy_ws_beta.a/install/rviz_plugin_zed_od/share/rviz_plugin_zed_od/cmake/rviz_plugin_zed_odExport-noconfig.cmake
-- Installing: /home/manuel/buggy_ws_beta.a/install/rviz_plugin_zed_od/share/rviz_plugin_zed_od/cmake/ament_cmake_export_include_directories-extras.cmake
-- Installing: /home/manuel/buggy_ws_beta.a/install/rviz_plugin_zed_od/share/rviz_plugin_zed_od/cmake/ament_cmake_export_targets-extras.cmake
-- Installing: /home/manuel/buggy_ws_beta.a/install/rviz_plugin_zed_od/share/rviz_plugin_zed_od/cmake/ament_cmake_export_dependencies-extras.cmake
-- Installing: /home/manuel/buggy_ws_beta.a/install/rviz_plugin_zed_od/share/rviz_plugin_zed_od/cmake/rviz_plugin_zed_odConfig.cmake
-- Installing: /home/manuel/buggy_ws_beta.a/install/rviz_plugin_zed_od/share/rviz_plugin_zed_od/cmake/rviz_plugin_zed_odConfig-version.cmake
-- Installing: /home/manuel/buggy_ws_beta.a/install/rviz_plugin_zed_od/share/rviz_plugin_zed_od/package.xml
