[0.018s] Invoking command in '/home/manuel/buggy_ws_beta.a/build/rviz_plugin_zed_od': AMENT_PREFIX_PATH=/home/manuel/buggy_ws_beta.a/install/zed_interfaces:${AMENT_PREFIX_PATH} CMAKE_PREFIX_PATH=/home/manuel/buggy_ws_beta.a/install/zed_interfaces:/home/manuel/buggy_space/install/zed_ros2:/home/manuel/buggy_space/install/zed_display_rviz2:/home/manuel/buggy_space/install/zed_wrapper:/home/manuel/buggy_space/install/zed_tutorial_video:/home/manuel/buggy_space/install/zed_tutorial_pos_tracking:/home/manuel/buggy_space/install/zed_tutorial_depth:/home/manuel/buggy_space/install/zed_rgb_convert:/home/manuel/buggy_space/install/zed_components:/home/manuel/buggy_space/install/rviz_plugin_zed_od:/home/manuel/buggy_space/install/zed_interfaces:/home/manuel/buggy_space/install/buggy_mobile_robot:/home/manuel/buggy_space/install/vox_nav_msgs:/home/manuel/buggy_space/install/velodyne:/home/manuel/buggy_space/install/velodyne_pointcloud:/home/manuel/buggy_space/install/velodyne_driver:/home/manuel/buggy_space/install/velodyne_msgs:/home/manuel/buggy_space/install/velodyne_laserscan:/home/manuel/buggy_space/install/teb_local_planner:/home/manuel/buggy_space/install/teb_msgs:/home/manuel/buggy_space/install/sick_scan2:/home/manuel/buggy_space/install/ros_sensors:/home/manuel/buggy_space/install/ros2socketcan_lib:/home/manuel/buggy_space/install/ros2car_buggy:/home/manuel/buggy_space/install/robot_localization:/home/manuel/buggy_space/install/image_common:/home/manuel/buggy_space/install/image_transport:/home/manuel/buggy_space/install/costmap_converter:/home/manuel/buggy_space/install/costmap_converter_msgs:/home/manuel/buggy_space/install/can_msgs:/home/manuel/buggy_space/install/camera_info_manager:/home/manuel/buggy_space/install/camera_calibration_parsers:/home/manuel/buggy_space/install/buggy_msgs:/home/manuel/buggy_space/install/buggy_mobile_navigation:/home/manuel/buggy_space/install/ackermann_msgs:/home/manuel/buggy_space/install/ackermann_interfaces:/home/manuel/buggy_space/install/joint_state_publisher_gui:/home/manuel/buggy_space/install/joint_state_publisher:/home/manuel/buggy_space/install/ackermann_odometry:/home/manuel/buggy_space/install/ackermann_controller:/opt/ros/foxy LD_LIBRARY_PATH=/home/manuel/buggy_ws_beta.a/install/zed_interfaces/lib:${LD_LIBRARY_PATH} PYTHONPATH=/home/manuel/buggy_ws_beta.a/install/zed_interfaces/lib/python3.8/site-packages:${PYTHONPATH} /usr/bin/cmake /home/manuel/buggy_ws_beta.a/src/zed-ros2-examples/rviz-plugin-zed-od -DCMAKE_INSTALL_PREFIX=/home/manuel/buggy_ws_beta.a/install/rviz_plugin_zed_od
[0.086s] -- The C compiler identification is GNU 9.4.0
[0.154s] -- The CXX compiler identification is GNU 9.4.0
[0.165s] -- Check for working C compiler: /usr/bin/cc
[0.244s] -- Check for working C compiler: /usr/bin/cc -- works
[0.246s] -- Detecting C compiler ABI info
[0.324s] -- Detecting C compiler ABI info - done
[0.348s] -- Detecting C compile features
[0.348s] -- Detecting C compile features - done
[0.353s] -- Check for working CXX compiler: /usr/bin/c++
[0.443s] -- Check for working CXX compiler: /usr/bin/c++ -- works
[0.445s] -- Detecting CXX compiler ABI info
[0.535s] -- Detecting CXX compiler ABI info - done
[0.556s] -- Detecting CXX compile features
[0.557s] -- Detecting CXX compile features - done
[0.557s] -- Enabling tests requiring a display
[0.559s] -- Found ament_cmake: 0.9.11 (/opt/ros/foxy/share/ament_cmake/cmake)
[0.590s] -- Found PythonInterp: /usr/bin/python3 (found suitable version "3.8.10", minimum required is "3") 
[0.590s] -- Using PYTHON_EXECUTABLE: /usr/bin/python3
[0.881s] -- Found rviz_common: 8.2.7 (/opt/ros/foxy/share/rviz_common/cmake)
[0.915s] -- Setting OGRE_DIR to: '/opt/ros/foxy/share/rviz_ogre_vendor/cmake/../../../opt/rviz_ogre_vendor/lib/OGRE/cmake'
[0.921s] -- Found OGRE
[0.921s] --   static     : OFF
[0.921s] --   components : HLMS;MeshLodGenerator;Overlay;Paging;Property;RTShaderSystem;Terrain;Volume
[0.921s] --   plugins    : Plugin_BSPSceneManager;Plugin_OctreeSceneManager;Plugin_PCZSceneManager;Plugin_ParticleFX;RenderSystem_GL;RenderSystem_GL3Plus;Codec_STBI
[0.921s] --   media      : /opt/ros/foxy/opt/rviz_ogre_vendor/share/OGRE/Media
[0.921s] -- OGRE_LIBRARIES: OgreHLMS;OgreMeshLodGenerator;OgreOverlay;OgrePaging;OgreProperty;OgreRTShaderSystem;OgreTerrain;OgreVolume;OgreMain
[0.921s] -- OGRE_LIBRARY_DIRS: /opt/ros/foxy/opt/rviz_ogre_vendor/lib
[0.921s] -- OGRE_PLUGINS: Plugin_BSPSceneManager;Plugin_OctreeSceneManager;Plugin_PCZSceneManager;Plugin_ParticleFX;RenderSystem_GL;RenderSystem_GL3Plus;Codec_STBI
[0.922s] -- OGRE_PLUGIN_DIR: /opt/ros/foxy/opt/rviz_ogre_vendor/lib/OGRE
[0.922s] -- rviz_ogre_vendor::OgreOverlay for IMPORTED_LOCATION_RELEASE: /opt/ros/foxy/opt/rviz_ogre_vendor/lib/libOgreOverlay.so
[0.922s] -- rviz_ogre_vendor::OgreOverlay for IMPORTED_LOCATION_DEBUG: /opt/ros/foxy/opt/rviz_ogre_vendor/lib/libOgreOverlay.so
[0.923s] -- rviz_ogre_vendor::OgreMain for IMPORTED_LOCATION_RELEASE: /opt/ros/foxy/opt/rviz_ogre_vendor/lib/libOgreMain.so
[0.923s] -- rviz_ogre_vendor::OgreMain for IMPORTED_LOCATION_DEBUG: /opt/ros/foxy/opt/rviz_ogre_vendor/lib/libOgreMain.so
[0.992s] -- Found ZLIB: /usr/lib/x86_64-linux-gnu/libz.so (found version "1.2.11") 
[1.002s] -- Found OpenGL: /usr/lib/x86_64-linux-gnu/libOpenGL.so   
[1.148s] -- Found X11: /usr/include   
[1.149s] -- Looking for XOpenDisplay in /usr/lib/x86_64-linux-gnu/libX11.so;/usr/lib/x86_64-linux-gnu/libXext.so
[1.241s] -- Looking for XOpenDisplay in /usr/lib/x86_64-linux-gnu/libX11.so;/usr/lib/x86_64-linux-gnu/libXext.so - found
[1.241s] -- Looking for gethostbyname
[1.322s] -- Looking for gethostbyname - found
[1.322s] -- Looking for connect
[1.403s] -- Looking for connect - found
[1.403s] -- Looking for remove
[1.485s] -- Looking for remove - found
[1.486s] -- Looking for shmat
[1.568s] -- Looking for shmat - found
[1.568s] -- Looking for IceConnectionNumber in ICE
[1.653s] -- Looking for IceConnectionNumber in ICE - found
[1.659s] -- rviz_ogre_vendor::RenderSystem_GL for IMPORTED_LOCATION_RELEASE: _render_system_gl_static_library_abs-NOTFOUND
[1.659s] -- rviz_ogre_vendor::RenderSystem_GL for IMPORTED_LOCATION_DEBUG: _render_system_gl_static_library_abs-NOTFOUND
[1.668s] -- library: libassimp.so.5
[1.830s] -- library: /usr/lib/x86_64-linux-gnu/libcurl.so
[1.898s] -- Using all available rosidl_typesupport_c: rosidl_typesupport_fastrtps_c;rosidl_typesupport_introspection_c
[1.911s] -- Found rosidl_adapter: 1.3.0 (/opt/ros/foxy/share/rosidl_adapter/cmake)
[2.027s] -- Found OpenSSL: /usr/lib/x86_64-linux-gnu/libcrypto.so (found version "1.1.1f")  
[2.063s] -- Found FastRTPS: /opt/ros/foxy/include  
[2.167s] -- Using all available rosidl_typesupport_cpp: rosidl_typesupport_fastrtps_cpp;rosidl_typesupport_introspection_cpp
[2.392s] -- Found rmw_implementation_cmake: 1.0.3 (/opt/ros/foxy/share/rmw_implementation_cmake/cmake)
[2.399s] -- Using RMW implementation 'rmw_fastrtps_cpp' as default
[2.401s] -- Looking for pthread.h
[2.506s] -- Looking for pthread.h - found
[2.506s] -- Performing Test CMAKE_HAVE_LIBC_PTHREAD
[2.592s] -- Performing Test CMAKE_HAVE_LIBC_PTHREAD - Failed
[2.592s] -- Looking for pthread_create in pthreads
[2.662s] -- Looking for pthread_create in pthreads - not found
[2.662s] -- Looking for pthread_create in pthread
[2.745s] -- Looking for pthread_create in pthread - found
[2.747s] -- Found Threads: TRUE  
[3.212s] -- Found Eigen3: TRUE (found version "3.3.7") 
[3.781s] -- Setting yaml-cpp_DIR to: '/opt/ros/foxy/share/yaml_cpp_vendor/cmake/../../../opt/yaml_cpp_vendor/lib/cmake/yaml-cpp'
[3.793s] -- Found zed_interfaces: 0.3.0 (/home/manuel/buggy_ws_beta.a/install/zed_interfaces/share/zed_interfaces/cmake)
[4.427s] -- Configuring done
[4.520s] -- Generating done
[4.524s] -- Build files have been written to: /home/manuel/buggy_ws_beta.a/build/rviz_plugin_zed_od
[4.540s] Invoked command in '/home/manuel/buggy_ws_beta.a/build/rviz_plugin_zed_od' returned '0': AMENT_PREFIX_PATH=/home/manuel/buggy_ws_beta.a/install/zed_interfaces:${AMENT_PREFIX_PATH} CMAKE_PREFIX_PATH=/home/manuel/buggy_ws_beta.a/install/zed_interfaces:/home/manuel/buggy_space/install/zed_ros2:/home/manuel/buggy_space/install/zed_display_rviz2:/home/manuel/buggy_space/install/zed_wrapper:/home/manuel/buggy_space/install/zed_tutorial_video:/home/manuel/buggy_space/install/zed_tutorial_pos_tracking:/home/manuel/buggy_space/install/zed_tutorial_depth:/home/manuel/buggy_space/install/zed_rgb_convert:/home/manuel/buggy_space/install/zed_components:/home/manuel/buggy_space/install/rviz_plugin_zed_od:/home/manuel/buggy_space/install/zed_interfaces:/home/manuel/buggy_space/install/buggy_mobile_robot:/home/manuel/buggy_space/install/vox_nav_msgs:/home/manuel/buggy_space/install/velodyne:/home/manuel/buggy_space/install/velodyne_pointcloud:/home/manuel/buggy_space/install/velodyne_driver:/home/manuel/buggy_space/install/velodyne_msgs:/home/manuel/buggy_space/install/velodyne_laserscan:/home/manuel/buggy_space/install/teb_local_planner:/home/manuel/buggy_space/install/teb_msgs:/home/manuel/buggy_space/install/sick_scan2:/home/manuel/buggy_space/install/ros_sensors:/home/manuel/buggy_space/install/ros2socketcan_lib:/home/manuel/buggy_space/install/ros2car_buggy:/home/manuel/buggy_space/install/robot_localization:/home/manuel/buggy_space/install/image_common:/home/manuel/buggy_space/install/image_transport:/home/manuel/buggy_space/install/costmap_converter:/home/manuel/buggy_space/install/costmap_converter_msgs:/home/manuel/buggy_space/install/can_msgs:/home/manuel/buggy_space/install/camera_info_manager:/home/manuel/buggy_space/install/camera_calibration_parsers:/home/manuel/buggy_space/install/buggy_msgs:/home/manuel/buggy_space/install/buggy_mobile_navigation:/home/manuel/buggy_space/install/ackermann_msgs:/home/manuel/buggy_space/install/ackermann_interfaces:/home/manuel/buggy_space/install/joint_state_publisher_gui:/home/manuel/buggy_space/install/joint_state_publisher:/home/manuel/buggy_space/install/ackermann_odometry:/home/manuel/buggy_space/install/ackermann_controller:/opt/ros/foxy LD_LIBRARY_PATH=/home/manuel/buggy_ws_beta.a/install/zed_interfaces/lib:${LD_LIBRARY_PATH} PYTHONPATH=/home/manuel/buggy_ws_beta.a/install/zed_interfaces/lib/python3.8/site-packages:${PYTHONPATH} /usr/bin/cmake /home/manuel/buggy_ws_beta.a/src/zed-ros2-examples/rviz-plugin-zed-od -DCMAKE_INSTALL_PREFIX=/home/manuel/buggy_ws_beta.a/install/rviz_plugin_zed_od
[4.546s] Invoking command in '/home/manuel/buggy_ws_beta.a/build/rviz_plugin_zed_od': AMENT_PREFIX_PATH=/home/manuel/buggy_ws_beta.a/install/zed_interfaces:${AMENT_PREFIX_PATH} CMAKE_PREFIX_PATH=/home/manuel/buggy_ws_beta.a/install/zed_interfaces:/home/manuel/buggy_space/install/zed_ros2:/home/manuel/buggy_space/install/zed_display_rviz2:/home/manuel/buggy_space/install/zed_wrapper:/home/manuel/buggy_space/install/zed_tutorial_video:/home/manuel/buggy_space/install/zed_tutorial_pos_tracking:/home/manuel/buggy_space/install/zed_tutorial_depth:/home/manuel/buggy_space/install/zed_rgb_convert:/home/manuel/buggy_space/install/zed_components:/home/manuel/buggy_space/install/rviz_plugin_zed_od:/home/manuel/buggy_space/install/zed_interfaces:/home/manuel/buggy_space/install/buggy_mobile_robot:/home/manuel/buggy_space/install/vox_nav_msgs:/home/manuel/buggy_space/install/velodyne:/home/manuel/buggy_space/install/velodyne_pointcloud:/home/manuel/buggy_space/install/velodyne_driver:/home/manuel/buggy_space/install/velodyne_msgs:/home/manuel/buggy_space/install/velodyne_laserscan:/home/manuel/buggy_space/install/teb_local_planner:/home/manuel/buggy_space/install/teb_msgs:/home/manuel/buggy_space/install/sick_scan2:/home/manuel/buggy_space/install/ros_sensors:/home/manuel/buggy_space/install/ros2socketcan_lib:/home/manuel/buggy_space/install/ros2car_buggy:/home/manuel/buggy_space/install/robot_localization:/home/manuel/buggy_space/install/image_common:/home/manuel/buggy_space/install/image_transport:/home/manuel/buggy_space/install/costmap_converter:/home/manuel/buggy_space/install/costmap_converter_msgs:/home/manuel/buggy_space/install/can_msgs:/home/manuel/buggy_space/install/camera_info_manager:/home/manuel/buggy_space/install/camera_calibration_parsers:/home/manuel/buggy_space/install/buggy_msgs:/home/manuel/buggy_space/install/buggy_mobile_navigation:/home/manuel/buggy_space/install/ackermann_msgs:/home/manuel/buggy_space/install/ackermann_interfaces:/home/manuel/buggy_space/install/joint_state_publisher_gui:/home/manuel/buggy_space/install/joint_state_publisher:/home/manuel/buggy_space/install/ackermann_odometry:/home/manuel/buggy_space/install/ackermann_controller:/opt/ros/foxy LD_LIBRARY_PATH=/home/manuel/buggy_ws_beta.a/install/zed_interfaces/lib:${LD_LIBRARY_PATH} PYTHONPATH=/home/manuel/buggy_ws_beta.a/install/zed_interfaces/lib/python3.8/site-packages:${PYTHONPATH} /usr/bin/cmake --build /home/manuel/buggy_ws_beta.a/build/rviz_plugin_zed_od -- -j16 -l16
[4.604s] [35m[1mScanning dependencies of target rviz_plugin_zed_od_autogen[0m
[4.617s] [ 20%] [34m[1mAutomatic MOC and UIC for target rviz_plugin_zed_od[0m
[5.066s] [ 20%] Built target rviz_plugin_zed_od_autogen
[5.085s] [35m[1mScanning dependencies of target rviz_plugin_zed_od[0m
[5.260s] [ 40%] [32mBuilding CXX object CMakeFiles/rviz_plugin_zed_od.dir/rviz_plugin_zed_od_autogen/mocs_compilation.cpp.o[0m
[5.261s] [ 60%] [32mBuilding CXX object CMakeFiles/rviz_plugin_zed_od.dir/src/plugin/src/zed_od_display.cpp.o[0m
[20.738s] [ 80%] [32mBuilding CXX object CMakeFiles/rviz_plugin_zed_od.dir/src/plugin/src/zed_od_info.cpp.o[0m
[25.893s] [100%] [32m[1mLinking CXX shared library librviz_plugin_zed_od.so[0m
[28.547s] [100%] Built target rviz_plugin_zed_od
[28.571s] Invoked command in '/home/manuel/buggy_ws_beta.a/build/rviz_plugin_zed_od' returned '0': AMENT_PREFIX_PATH=/home/manuel/buggy_ws_beta.a/install/zed_interfaces:${AMENT_PREFIX_PATH} CMAKE_PREFIX_PATH=/home/manuel/buggy_ws_beta.a/install/zed_interfaces:/home/manuel/buggy_space/install/zed_ros2:/home/manuel/buggy_space/install/zed_display_rviz2:/home/manuel/buggy_space/install/zed_wrapper:/home/manuel/buggy_space/install/zed_tutorial_video:/home/manuel/buggy_space/install/zed_tutorial_pos_tracking:/home/manuel/buggy_space/install/zed_tutorial_depth:/home/manuel/buggy_space/install/zed_rgb_convert:/home/manuel/buggy_space/install/zed_components:/home/manuel/buggy_space/install/rviz_plugin_zed_od:/home/manuel/buggy_space/install/zed_interfaces:/home/manuel/buggy_space/install/buggy_mobile_robot:/home/manuel/buggy_space/install/vox_nav_msgs:/home/manuel/buggy_space/install/velodyne:/home/manuel/buggy_space/install/velodyne_pointcloud:/home/manuel/buggy_space/install/velodyne_driver:/home/manuel/buggy_space/install/velodyne_msgs:/home/manuel/buggy_space/install/velodyne_laserscan:/home/manuel/buggy_space/install/teb_local_planner:/home/manuel/buggy_space/install/teb_msgs:/home/manuel/buggy_space/install/sick_scan2:/home/manuel/buggy_space/install/ros_sensors:/home/manuel/buggy_space/install/ros2socketcan_lib:/home/manuel/buggy_space/install/ros2car_buggy:/home/manuel/buggy_space/install/robot_localization:/home/manuel/buggy_space/install/image_common:/home/manuel/buggy_space/install/image_transport:/home/manuel/buggy_space/install/costmap_converter:/home/manuel/buggy_space/install/costmap_converter_msgs:/home/manuel/buggy_space/install/can_msgs:/home/manuel/buggy_space/install/camera_info_manager:/home/manuel/buggy_space/install/camera_calibration_parsers:/home/manuel/buggy_space/install/buggy_msgs:/home/manuel/buggy_space/install/buggy_mobile_navigation:/home/manuel/buggy_space/install/ackermann_msgs:/home/manuel/buggy_space/install/ackermann_interfaces:/home/manuel/buggy_space/install/joint_state_publisher_gui:/home/manuel/buggy_space/install/joint_state_publisher:/home/manuel/buggy_space/install/ackermann_odometry:/home/manuel/buggy_space/install/ackermann_controller:/opt/ros/foxy LD_LIBRARY_PATH=/home/manuel/buggy_ws_beta.a/install/zed_interfaces/lib:${LD_LIBRARY_PATH} PYTHONPATH=/home/manuel/buggy_ws_beta.a/install/zed_interfaces/lib/python3.8/site-packages:${PYTHONPATH} /usr/bin/cmake --build /home/manuel/buggy_ws_beta.a/build/rviz_plugin_zed_od -- -j16 -l16
[28.639s] Invoking command in '/home/manuel/buggy_ws_beta.a/build/rviz_plugin_zed_od': AMENT_PREFIX_PATH=/home/manuel/buggy_ws_beta.a/install/zed_interfaces:${AMENT_PREFIX_PATH} CMAKE_PREFIX_PATH=/home/manuel/buggy_ws_beta.a/install/zed_interfaces:/home/manuel/buggy_space/install/zed_ros2:/home/manuel/buggy_space/install/zed_display_rviz2:/home/manuel/buggy_space/install/zed_wrapper:/home/manuel/buggy_space/install/zed_tutorial_video:/home/manuel/buggy_space/install/zed_tutorial_pos_tracking:/home/manuel/buggy_space/install/zed_tutorial_depth:/home/manuel/buggy_space/install/zed_rgb_convert:/home/manuel/buggy_space/install/zed_components:/home/manuel/buggy_space/install/rviz_plugin_zed_od:/home/manuel/buggy_space/install/zed_interfaces:/home/manuel/buggy_space/install/buggy_mobile_robot:/home/manuel/buggy_space/install/vox_nav_msgs:/home/manuel/buggy_space/install/velodyne:/home/manuel/buggy_space/install/velodyne_pointcloud:/home/manuel/buggy_space/install/velodyne_driver:/home/manuel/buggy_space/install/velodyne_msgs:/home/manuel/buggy_space/install/velodyne_laserscan:/home/manuel/buggy_space/install/teb_local_planner:/home/manuel/buggy_space/install/teb_msgs:/home/manuel/buggy_space/install/sick_scan2:/home/manuel/buggy_space/install/ros_sensors:/home/manuel/buggy_space/install/ros2socketcan_lib:/home/manuel/buggy_space/install/ros2car_buggy:/home/manuel/buggy_space/install/robot_localization:/home/manuel/buggy_space/install/image_common:/home/manuel/buggy_space/install/image_transport:/home/manuel/buggy_space/install/costmap_converter:/home/manuel/buggy_space/install/costmap_converter_msgs:/home/manuel/buggy_space/install/can_msgs:/home/manuel/buggy_space/install/camera_info_manager:/home/manuel/buggy_space/install/camera_calibration_parsers:/home/manuel/buggy_space/install/buggy_msgs:/home/manuel/buggy_space/install/buggy_mobile_navigation:/home/manuel/buggy_space/install/ackermann_msgs:/home/manuel/buggy_space/install/ackermann_interfaces:/home/manuel/buggy_space/install/joint_state_publisher_gui:/home/manuel/buggy_space/install/joint_state_publisher:/home/manuel/buggy_space/install/ackermann_odometry:/home/manuel/buggy_space/install/ackermann_controller:/opt/ros/foxy LD_LIBRARY_PATH=/home/manuel/buggy_ws_beta.a/install/zed_interfaces/lib:${LD_LIBRARY_PATH} PYTHONPATH=/home/manuel/buggy_ws_beta.a/install/zed_interfaces/lib/python3.8/site-packages:${PYTHONPATH} /usr/bin/cmake --install /home/manuel/buggy_ws_beta.a/build/rviz_plugin_zed_od
[28.654s] -- Install configuration: ""
[28.654s] -- Installing: /home/manuel/buggy_ws_beta.a/install/rviz_plugin_zed_od/share/rviz_plugin_zed_od/plugins_description.xml
[28.655s] -- Installing: /home/manuel/buggy_ws_beta.a/install/rviz_plugin_zed_od/share/rviz_plugin_zed_od/environment/library_path.sh
[28.655s] -- Installing: /home/manuel/buggy_ws_beta.a/install/rviz_plugin_zed_od/share/rviz_plugin_zed_od/environment/library_path.dsv
[28.656s] -- Installing: /home/manuel/buggy_ws_beta.a/install/rviz_plugin_zed_od/lib/librviz_plugin_zed_od.so
[28.663s] -- Set runtime path of "/home/manuel/buggy_ws_beta.a/install/rviz_plugin_zed_od/lib/librviz_plugin_zed_od.so" to ""
[28.663s] -- Installing: /home/manuel/buggy_ws_beta.a/install/rviz_plugin_zed_od/include/rviz_plugin_zed_od/
[28.663s] -- Installing: /home/manuel/buggy_ws_beta.a/install/rviz_plugin_zed_od/include/rviz_plugin_zed_od//visibility_control.hpp
[28.664s] -- Up-to-date: /home/manuel/buggy_ws_beta.a/install/rviz_plugin_zed_od/include/rviz_plugin_zed_od/
[28.664s] -- Installing: /home/manuel/buggy_ws_beta.a/install/rviz_plugin_zed_od/include/rviz_plugin_zed_od//zed_od_display.hpp
[28.664s] -- Installing: /home/manuel/buggy_ws_beta.a/install/rviz_plugin_zed_od/include/rviz_plugin_zed_od//zed_od_info.hpp
[28.664s] -- Installing: /home/manuel/buggy_ws_beta.a/install/rviz_plugin_zed_od/share/rviz_plugin_zed_od/icons
[28.664s] -- Installing: /home/manuel/buggy_ws_beta.a/install/rviz_plugin_zed_od/share/rviz_plugin_zed_od/icons/ZedObjDet.png
[28.664s] -- Installing: /home/manuel/buggy_ws_beta.a/install/rviz_plugin_zed_od/share/ament_index/resource_index/package_run_dependencies/rviz_plugin_zed_od
[28.665s] -- Installing: /home/manuel/buggy_ws_beta.a/install/rviz_plugin_zed_od/share/ament_index/resource_index/parent_prefix_path/rviz_plugin_zed_od
[28.665s] -- Installing: /home/manuel/buggy_ws_beta.a/install/rviz_plugin_zed_od/share/rviz_plugin_zed_od/environment/ament_prefix_path.sh
[28.665s] -- Installing: /home/manuel/buggy_ws_beta.a/install/rviz_plugin_zed_od/share/rviz_plugin_zed_od/environment/ament_prefix_path.dsv
[28.665s] -- Installing: /home/manuel/buggy_ws_beta.a/install/rviz_plugin_zed_od/share/rviz_plugin_zed_od/environment/path.sh
[28.665s] -- Installing: /home/manuel/buggy_ws_beta.a/install/rviz_plugin_zed_od/share/rviz_plugin_zed_od/environment/path.dsv
[28.665s] -- Installing: /home/manuel/buggy_ws_beta.a/install/rviz_plugin_zed_od/share/rviz_plugin_zed_od/local_setup.bash
[28.666s] -- Installing: /home/manuel/buggy_ws_beta.a/install/rviz_plugin_zed_od/share/rviz_plugin_zed_od/local_setup.sh
[28.666s] -- Installing: /home/manuel/buggy_ws_beta.a/install/rviz_plugin_zed_od/share/rviz_plugin_zed_od/local_setup.zsh
[28.666s] -- Installing: /home/manuel/buggy_ws_beta.a/install/rviz_plugin_zed_od/share/rviz_plugin_zed_od/local_setup.dsv
[28.666s] -- Installing: /home/manuel/buggy_ws_beta.a/install/rviz_plugin_zed_od/share/rviz_plugin_zed_od/package.dsv
[28.666s] -- Installing: /home/manuel/buggy_ws_beta.a/install/rviz_plugin_zed_od/share/ament_index/resource_index/packages/rviz_plugin_zed_od
[28.667s] -- Installing: /home/manuel/buggy_ws_beta.a/install/rviz_plugin_zed_od/share/ament_index/resource_index/rviz_common__pluginlib__plugin/rviz_plugin_zed_od
[28.667s] -- Installing: /home/manuel/buggy_ws_beta.a/install/rviz_plugin_zed_od/share/rviz_plugin_zed_od/cmake/rviz_plugin_zed_odExport.cmake
[28.667s] -- Installing: /home/manuel/buggy_ws_beta.a/install/rviz_plugin_zed_od/share/rviz_plugin_zed_od/cmake/rviz_plugin_zed_odExport-noconfig.cmake
[28.667s] -- Installing: /home/manuel/buggy_ws_beta.a/install/rviz_plugin_zed_od/share/rviz_plugin_zed_od/cmake/ament_cmake_export_include_directories-extras.cmake
[28.668s] -- Installing: /home/manuel/buggy_ws_beta.a/install/rviz_plugin_zed_od/share/rviz_plugin_zed_od/cmake/ament_cmake_export_targets-extras.cmake
[28.668s] -- Installing: /home/manuel/buggy_ws_beta.a/install/rviz_plugin_zed_od/share/rviz_plugin_zed_od/cmake/ament_cmake_export_dependencies-extras.cmake
[28.668s] -- Installing: /home/manuel/buggy_ws_beta.a/install/rviz_plugin_zed_od/share/rviz_plugin_zed_od/cmake/rviz_plugin_zed_odConfig.cmake
[28.668s] -- Installing: /home/manuel/buggy_ws_beta.a/install/rviz_plugin_zed_od/share/rviz_plugin_zed_od/cmake/rviz_plugin_zed_odConfig-version.cmake
[28.669s] -- Installing: /home/manuel/buggy_ws_beta.a/install/rviz_plugin_zed_od/share/rviz_plugin_zed_od/package.xml
[28.682s] Invoked command in '/home/manuel/buggy_ws_beta.a/build/rviz_plugin_zed_od' returned '0': AMENT_PREFIX_PATH=/home/manuel/buggy_ws_beta.a/install/zed_interfaces:${AMENT_PREFIX_PATH} CMAKE_PREFIX_PATH=/home/manuel/buggy_ws_beta.a/install/zed_interfaces:/home/manuel/buggy_space/install/zed_ros2:/home/manuel/buggy_space/install/zed_display_rviz2:/home/manuel/buggy_space/install/zed_wrapper:/home/manuel/buggy_space/install/zed_tutorial_video:/home/manuel/buggy_space/install/zed_tutorial_pos_tracking:/home/manuel/buggy_space/install/zed_tutorial_depth:/home/manuel/buggy_space/install/zed_rgb_convert:/home/manuel/buggy_space/install/zed_components:/home/manuel/buggy_space/install/rviz_plugin_zed_od:/home/manuel/buggy_space/install/zed_interfaces:/home/manuel/buggy_space/install/buggy_mobile_robot:/home/manuel/buggy_space/install/vox_nav_msgs:/home/manuel/buggy_space/install/velodyne:/home/manuel/buggy_space/install/velodyne_pointcloud:/home/manuel/buggy_space/install/velodyne_driver:/home/manuel/buggy_space/install/velodyne_msgs:/home/manuel/buggy_space/install/velodyne_laserscan:/home/manuel/buggy_space/install/teb_local_planner:/home/manuel/buggy_space/install/teb_msgs:/home/manuel/buggy_space/install/sick_scan2:/home/manuel/buggy_space/install/ros_sensors:/home/manuel/buggy_space/install/ros2socketcan_lib:/home/manuel/buggy_space/install/ros2car_buggy:/home/manuel/buggy_space/install/robot_localization:/home/manuel/buggy_space/install/image_common:/home/manuel/buggy_space/install/image_transport:/home/manuel/buggy_space/install/costmap_converter:/home/manuel/buggy_space/install/costmap_converter_msgs:/home/manuel/buggy_space/install/can_msgs:/home/manuel/buggy_space/install/camera_info_manager:/home/manuel/buggy_space/install/camera_calibration_parsers:/home/manuel/buggy_space/install/buggy_msgs:/home/manuel/buggy_space/install/buggy_mobile_navigation:/home/manuel/buggy_space/install/ackermann_msgs:/home/manuel/buggy_space/install/ackermann_interfaces:/home/manuel/buggy_space/install/joint_state_publisher_gui:/home/manuel/buggy_space/install/joint_state_publisher:/home/manuel/buggy_space/install/ackermann_odometry:/home/manuel/buggy_space/install/ackermann_controller:/opt/ros/foxy LD_LIBRARY_PATH=/home/manuel/buggy_ws_beta.a/install/zed_interfaces/lib:${LD_LIBRARY_PATH} PYTHONPATH=/home/manuel/buggy_ws_beta.a/install/zed_interfaces/lib/python3.8/site-packages:${PYTHONPATH} /usr/bin/cmake --install /home/manuel/buggy_ws_beta.a/build/rviz_plugin_zed_od
