-- Found ament_cmake: 0.9.11 (/opt/ros/foxy/share/ament_cmake/cmake)
-- Found PythonInterp: /usr/bin/python3 (found suitable version "3.8.10", minimum required is "3") 
-- Using PYTHON_EXECUTABLE: /usr/bin/python3
-- Configuring done
-- Generating done
-- Build files have been written to: /home/manuel/buggy_ws_beta.a/build/zed_ros2
-- Install configuration: ""
-- Installing: /home/manuel/buggy_ws_beta.a/install/zed_ros2/share/ament_index/resource_index/package_run_dependencies/zed_ros2
-- Installing: /home/manuel/buggy_ws_beta.a/install/zed_ros2/share/ament_index/resource_index/parent_prefix_path/zed_ros2
-- Installing: /home/manuel/buggy_ws_beta.a/install/zed_ros2/share/zed_ros2/environment/ament_prefix_path.sh
-- Installing: /home/manuel/buggy_ws_beta.a/install/zed_ros2/share/zed_ros2/environment/ament_prefix_path.dsv
-- Installing: /home/manuel/buggy_ws_beta.a/install/zed_ros2/share/zed_ros2/environment/path.sh
-- Installing: /home/manuel/buggy_ws_beta.a/install/zed_ros2/share/zed_ros2/environment/path.dsv
-- Installing: /home/manuel/buggy_ws_beta.a/install/zed_ros2/share/zed_ros2/local_setup.bash
-- Installing: /home/manuel/buggy_ws_beta.a/install/zed_ros2/share/zed_ros2/local_setup.sh
-- Installing: /home/manuel/buggy_ws_beta.a/install/zed_ros2/share/zed_ros2/local_setup.zsh
-- Installing: /home/manuel/buggy_ws_beta.a/install/zed_ros2/share/zed_ros2/local_setup.dsv
-- Installing: /home/manuel/buggy_ws_beta.a/install/zed_ros2/share/zed_ros2/package.dsv
-- Installing: /home/manuel/buggy_ws_beta.a/install/zed_ros2/share/ament_index/resource_index/packages/zed_ros2
-- Installing: /home/manuel/buggy_ws_beta.a/install/zed_ros2/share/zed_ros2/cmake/zed_ros2Config.cmake
-- Installing: /home/manuel/buggy_ws_beta.a/install/zed_ros2/share/zed_ros2/cmake/zed_ros2Config-version.cmake
-- Installing: /home/manuel/buggy_ws_beta.a/install/zed_ros2/share/zed_ros2/package.xml
