running egg_info
creating ../../../build/joint_state_publisher/joint_state_publisher.egg-info
writing ../../../build/joint_state_publisher/joint_state_publisher.egg-info/PKG-INFO
writing dependency_links to ../../../build/joint_state_publisher/joint_state_publisher.egg-info/dependency_links.txt
writing entry points to ../../../build/joint_state_publisher/joint_state_publisher.egg-info/entry_points.txt
writing requirements to ../../../build/joint_state_publisher/joint_state_publisher.egg-info/requires.txt
writing top-level names to ../../../build/joint_state_publisher/joint_state_publisher.egg-info/top_level.txt
writing manifest file '../../../build/joint_state_publisher/joint_state_publisher.egg-info/SOURCES.txt'
reading manifest file '../../../build/joint_state_publisher/joint_state_publisher.egg-info/SOURCES.txt'
adding license file 'LICENSE'
writing manifest file '../../../build/joint_state_publisher/joint_state_publisher.egg-info/SOURCES.txt'
running build
running build_py
creating /home/manuel/buggy_ws_beta.a/build/joint_state_publisher/build
creating /home/manuel/buggy_ws_beta.a/build/joint_state_publisher/build/lib
creating /home/manuel/buggy_ws_beta.a/build/joint_state_publisher/build/lib/joint_state_publisher
copying joint_state_publisher/joint_state_publisher.py -> /home/manuel/buggy_ws_beta.a/build/joint_state_publisher/build/lib/joint_state_publisher
copying joint_state_publisher/__init__.py -> /home/manuel/buggy_ws_beta.a/build/joint_state_publisher/build/lib/joint_state_publisher
running install
running install_lib
creating /home/manuel/buggy_ws_beta.a/install/joint_state_publisher/lib/python3.8/site-packages/joint_state_publisher
copying /home/manuel/buggy_ws_beta.a/build/joint_state_publisher/build/lib/joint_state_publisher/joint_state_publisher.py -> /home/manuel/buggy_ws_beta.a/install/joint_state_publisher/lib/python3.8/site-packages/joint_state_publisher
copying /home/manuel/buggy_ws_beta.a/build/joint_state_publisher/build/lib/joint_state_publisher/__init__.py -> /home/manuel/buggy_ws_beta.a/install/joint_state_publisher/lib/python3.8/site-packages/joint_state_publisher
byte-compiling /home/manuel/buggy_ws_beta.a/install/joint_state_publisher/lib/python3.8/site-packages/joint_state_publisher/joint_state_publisher.py to joint_state_publisher.cpython-38.pyc
byte-compiling /home/manuel/buggy_ws_beta.a/install/joint_state_publisher/lib/python3.8/site-packages/joint_state_publisher/__init__.py to __init__.cpython-38.pyc
running install_data
creating /home/manuel/buggy_ws_beta.a/install/joint_state_publisher/share/ament_index
creating /home/manuel/buggy_ws_beta.a/install/joint_state_publisher/share/ament_index/resource_index
creating /home/manuel/buggy_ws_beta.a/install/joint_state_publisher/share/ament_index/resource_index/packages
copying resource/joint_state_publisher -> /home/manuel/buggy_ws_beta.a/install/joint_state_publisher/share/ament_index/resource_index/packages
copying package.xml -> /home/manuel/buggy_ws_beta.a/install/joint_state_publisher/share/joint_state_publisher
running install_egg_info
Copying ../../../build/joint_state_publisher/joint_state_publisher.egg-info to /home/manuel/buggy_ws_beta.a/install/joint_state_publisher/lib/python3.8/site-packages/joint_state_publisher-2.2.0-py3.8.egg-info
running install_scripts
Installing joint_state_publisher script to /home/manuel/buggy_ws_beta.a/install/joint_state_publisher/lib/joint_state_publisher
writing list of installed files to '/home/manuel/buggy_ws_beta.a/build/joint_state_publisher/install.log'
/home/manuel/.local/lib/python3.8/site-packages/setuptools/command/install.py:34: SetuptoolsDeprecationWarning: setup.py install is deprecated. Use build and pip and other standards-based tools.
  warnings.warn(
