[1.575s] Invoking command in '/home/manuel/buggy_ws_beta.a/src/joint_state_publisher/joint_state_publisher': PYTHONPATH=/home/manuel/buggy_ws_beta.a/build/joint_state_publisher/prefix_override:/home/manuel/buggy_ws_beta.a/install/joint_state_publisher/lib/python3.8/site-packages:${PYTHONPATH} /usr/bin/python3 setup.py egg_info --egg-base ../../../build/joint_state_publisher build --build-base /home/manuel/buggy_ws_beta.a/build/joint_state_publisher/build install --record /home/manuel/buggy_ws_beta.a/build/joint_state_publisher/install.log --single-version-externally-managed
[3.829s] running egg_info
[3.830s] creating ../../../build/joint_state_publisher/joint_state_publisher.egg-info
[3.830s] writing ../../../build/joint_state_publisher/joint_state_publisher.egg-info/PKG-INFO
[3.830s] writing dependency_links to ../../../build/joint_state_publisher/joint_state_publisher.egg-info/dependency_links.txt
[3.830s] writing entry points to ../../../build/joint_state_publisher/joint_state_publisher.egg-info/entry_points.txt
[3.830s] writing requirements to ../../../build/joint_state_publisher/joint_state_publisher.egg-info/requires.txt
[3.830s] writing top-level names to ../../../build/joint_state_publisher/joint_state_publisher.egg-info/top_level.txt
[3.831s] writing manifest file '../../../build/joint_state_publisher/joint_state_publisher.egg-info/SOURCES.txt'
[3.831s] reading manifest file '../../../build/joint_state_publisher/joint_state_publisher.egg-info/SOURCES.txt'
[3.831s] adding license file 'LICENSE'
[3.831s] writing manifest file '../../../build/joint_state_publisher/joint_state_publisher.egg-info/SOURCES.txt'
[3.831s] running build
[3.831s] running build_py
[3.831s] creating /home/manuel/buggy_ws_beta.a/build/joint_state_publisher/build
[3.831s] creating /home/manuel/buggy_ws_beta.a/build/joint_state_publisher/build/lib
[3.832s] creating /home/manuel/buggy_ws_beta.a/build/joint_state_publisher/build/lib/joint_state_publisher
[3.832s] copying joint_state_publisher/joint_state_publisher.py -> /home/manuel/buggy_ws_beta.a/build/joint_state_publisher/build/lib/joint_state_publisher
[3.832s] copying joint_state_publisher/__init__.py -> /home/manuel/buggy_ws_beta.a/build/joint_state_publisher/build/lib/joint_state_publisher
[3.832s] running install
[3.832s] running install_lib
[3.832s] creating /home/manuel/buggy_ws_beta.a/install/joint_state_publisher/lib/python3.8/site-packages/joint_state_publisher
[3.832s] copying /home/manuel/buggy_ws_beta.a/build/joint_state_publisher/build/lib/joint_state_publisher/joint_state_publisher.py -> /home/manuel/buggy_ws_beta.a/install/joint_state_publisher/lib/python3.8/site-packages/joint_state_publisher
[3.832s] copying /home/manuel/buggy_ws_beta.a/build/joint_state_publisher/build/lib/joint_state_publisher/__init__.py -> /home/manuel/buggy_ws_beta.a/install/joint_state_publisher/lib/python3.8/site-packages/joint_state_publisher
[3.833s] byte-compiling /home/manuel/buggy_ws_beta.a/install/joint_state_publisher/lib/python3.8/site-packages/joint_state_publisher/joint_state_publisher.py to joint_state_publisher.cpython-38.pyc
[3.833s] byte-compiling /home/manuel/buggy_ws_beta.a/install/joint_state_publisher/lib/python3.8/site-packages/joint_state_publisher/__init__.py to __init__.cpython-38.pyc
[3.833s] running install_data
[3.833s] creating /home/manuel/buggy_ws_beta.a/install/joint_state_publisher/share/ament_index
[3.833s] creating /home/manuel/buggy_ws_beta.a/install/joint_state_publisher/share/ament_index/resource_index
[3.833s] creating /home/manuel/buggy_ws_beta.a/install/joint_state_publisher/share/ament_index/resource_index/packages
[3.833s] copying resource/joint_state_publisher -> /home/manuel/buggy_ws_beta.a/install/joint_state_publisher/share/ament_index/resource_index/packages
[3.834s] copying package.xml -> /home/manuel/buggy_ws_beta.a/install/joint_state_publisher/share/joint_state_publisher
[3.834s] running install_egg_info
[3.834s] Copying ../../../build/joint_state_publisher/joint_state_publisher.egg-info to /home/manuel/buggy_ws_beta.a/install/joint_state_publisher/lib/python3.8/site-packages/joint_state_publisher-2.2.0-py3.8.egg-info
[3.838s] running install_scripts
[3.840s] Installing joint_state_publisher script to /home/manuel/buggy_ws_beta.a/install/joint_state_publisher/lib/joint_state_publisher
[3.840s] writing list of installed files to '/home/manuel/buggy_ws_beta.a/build/joint_state_publisher/install.log'
[3.840s] /home/manuel/.local/lib/python3.8/site-packages/setuptools/command/install.py:34: SetuptoolsDeprecationWarning: setup.py install is deprecated. Use build and pip and other standards-based tools.
[3.840s]   warnings.warn(
[3.882s] Invoked command in '/home/manuel/buggy_ws_beta.a/src/joint_state_publisher/joint_state_publisher' returned '0': PYTHONPATH=/home/manuel/buggy_ws_beta.a/build/joint_state_publisher/prefix_override:/home/manuel/buggy_ws_beta.a/install/joint_state_publisher/lib/python3.8/site-packages:${PYTHONPATH} /usr/bin/python3 setup.py egg_info --egg-base ../../../build/joint_state_publisher build --build-base /home/manuel/buggy_ws_beta.a/build/joint_state_publisher/build install --record /home/manuel/buggy_ws_beta.a/build/joint_state_publisher/install.log --single-version-externally-managed
