-- The C compiler identification is GNU 9.4.0
-- The CXX compiler identification is GNU 9.4.0
-- Check for working C compiler: /usr/bin/cc
-- Check for working C compiler: /usr/bin/cc -- works
-- Detecting C compiler ABI info
-- Detecting C compiler ABI info - done
-- Detecting C compile features
-- Detecting C compile features - done
-- Check for working CXX compiler: /usr/bin/c++
-- Check for working CXX compiler: /usr/bin/c++ -- works
-- Detecting CXX compiler ABI info
-- Detecting CXX compiler ABI info - done
-- Detecting CXX compile features
-- Detecting CXX compile features - done
-- Found ament_cmake: 0.9.11 (/opt/ros/foxy/share/ament_cmake/cmake)
-- Found PythonInterp: /usr/bin/python3 (found suitable version "3.8.10", minimum required is "3") 
-- Using PYTHON_EXECUTABLE: /usr/bin/python3
-- Found costmap_converter: 0.1.2 (/home/manuel/buggy_ws_beta.a/install/costmap_converter/share/costmap_converter/cmake)
-- Using all available rosidl_typesupport_c: rosidl_typesupport_fastrtps_c;rosidl_typesupport_introspection_c
-- Found rosidl_adapter: 1.3.0 (/opt/ros/foxy/share/rosidl_adapter/cmake)
-- Found OpenSSL: /usr/lib/x86_64-linux-gnu/libcrypto.so (found version "1.1.1f")  
-- Found FastRTPS: /opt/ros/foxy/include  
-- Using all available rosidl_typesupport_cpp: rosidl_typesupport_fastrtps_cpp;rosidl_typesupport_introspection_cpp
-- Found rmw_implementation_cmake: 1.0.3 (/opt/ros/foxy/share/rmw_implementation_cmake/cmake)
-- Using RMW implementation 'rmw_fastrtps_cpp' as default
-- Looking for pthread.h
-- Looking for pthread.h - found
-- Performing Test CMAKE_HAVE_LIBC_PTHREAD
-- Performing Test CMAKE_HAVE_LIBC_PTHREAD - Failed
-- Looking for pthread_create in pthreads
-- Looking for pthread_create in pthreads - not found
-- Looking for pthread_create in pthread
-- Looking for pthread_create in pthread - found
-- Found Threads: TRUE  
-- Found Eigen3: TRUE (found version "3.3.7") 
-- Found dwb_critics: 0.4.7 (/opt/ros/foxy/share/dwb_critics/cmake)
-- Found teb_msgs: 0.0.1 (/home/manuel/buggy_ws_beta.a/install/teb_msgs/share/teb_msgs/cmake)
-- Found tf2_eigen: 0.13.13 (/opt/ros/foxy/share/tf2_eigen/cmake)
-- System: Linux-5.15.0-56-generic
-- /opt/ros/foxy/share/tinyxml2_vendor/cmake/Modules;/opt/ros/foxy/share/eigen3_cmake_module/cmake/Modules;/opt/ros/foxy/share/fastrtps_cmake_module/cmake/Modules;/home/manuel/buggy_ws_beta.a/src/teb_local_planner/teb_local_planner/cmake_modules
-- Found SuiteSparse
-- Searching for g2o ...
-- Found g2o headers in: /opt/ros/foxy/include/g2o
-- Found libg2o: /opt/ros/foxy/lib/libg2o_csparse_extension.so;/opt/ros/foxy/lib/libg2o_core.so;/opt/ros/foxy/lib/libg2o_stuff.so;/opt/ros/foxy/lib/libg2o_types_slam2d.so;/opt/ros/foxy/lib/libg2o_types_slam3d.so;/opt/ros/foxy/lib/libg2o_solver_cholmod.so;/opt/ros/foxy/lib/libg2o_solver_pcg.so;/opt/ros/foxy/lib/libg2o_solver_csparse.so;/opt/ros/foxy/lib/libg2o_incremental.so
-- Found Boost: /usr/lib/x86_64-linux-gnu/cmake/Boost-1.71.0/BoostConfig.cmake (found version "1.71.0")  
-- Found ament_cmake_gtest: 0.9.11 (/opt/ros/foxy/share/ament_cmake_gtest/cmake)
-- Configuring done
-- Generating done
-- Build files have been written to: /home/manuel/buggy_ws_beta.a/build/teb_local_planner
[35m[1mScanning dependencies of target teb_local_planner[0m
[ 10%] [32mBuilding CXX object CMakeFiles/teb_local_planner.dir/src/timed_elastic_band.cpp.o[0m
[ 20%] [32mBuilding CXX object CMakeFiles/teb_local_planner.dir/src/optimal_planner.cpp.o[0m
[ 30%] [32mBuilding CXX object CMakeFiles/teb_local_planner.dir/src/homotopy_class_planner.cpp.o[0m
[ 40%] [32mBuilding CXX object CMakeFiles/teb_local_planner.dir/src/obstacles.cpp.o[0m
[ 60%] [32mBuilding CXX object CMakeFiles/teb_local_planner.dir/src/visualization.cpp.o[0m
[ 60%] [32mBuilding CXX object CMakeFiles/teb_local_planner.dir/src/recovery_behaviors.cpp.o[0m
[ 70%] [32mBuilding CXX object CMakeFiles/teb_local_planner.dir/src/teb_config.cpp.o[0m
[ 80%] [32mBuilding CXX object CMakeFiles/teb_local_planner.dir/src/graph_search.cpp.o[0m
[ 90%] [32mBuilding CXX object CMakeFiles/teb_local_planner.dir/src/teb_local_planner_ros.cpp.o[0m
[100%] [32m[1mLinking CXX shared library libteb_local_planner.so[0m
[100%] Built target teb_local_planner
-- Install configuration: "Release"
-- Installing: /home/manuel/buggy_ws_beta.a/install/teb_local_planner/lib/libteb_local_planner.so
-- Set runtime path of "/home/manuel/buggy_ws_beta.a/install/teb_local_planner/lib/libteb_local_planner.so" to ""
-- Installing: /home/manuel/buggy_ws_beta.a/install/teb_local_planner/include/
-- Installing: /home/manuel/buggy_ws_beta.a/install/teb_local_planner/include//teb_local_planner
-- Installing: /home/manuel/buggy_ws_beta.a/install/teb_local_planner/include//teb_local_planner/robot_footprint_model.h
-- Installing: /home/manuel/buggy_ws_beta.a/install/teb_local_planner/include//teb_local_planner/distance_calculations.h
-- Installing: /home/manuel/buggy_ws_beta.a/install/teb_local_planner/include//teb_local_planner/recovery_behaviors.h
-- Installing: /home/manuel/buggy_ws_beta.a/install/teb_local_planner/include//teb_local_planner/visualization.h
-- Installing: /home/manuel/buggy_ws_beta.a/install/teb_local_planner/include//teb_local_planner/teb_local_planner_ros.h
-- Installing: /home/manuel/buggy_ws_beta.a/install/teb_local_planner/include//teb_local_planner/timed_elastic_band.hpp
-- Installing: /home/manuel/buggy_ws_beta.a/install/teb_local_planner/include//teb_local_planner/graph_search.h
-- Installing: /home/manuel/buggy_ws_beta.a/install/teb_local_planner/include//teb_local_planner/equivalence_relations.h
-- Installing: /home/manuel/buggy_ws_beta.a/install/teb_local_planner/include//teb_local_planner/timed_elastic_band.h
-- Installing: /home/manuel/buggy_ws_beta.a/install/teb_local_planner/include//teb_local_planner/homotopy_class_planner.hpp
-- Installing: /home/manuel/buggy_ws_beta.a/install/teb_local_planner/include//teb_local_planner/obstacles.h
-- Installing: /home/manuel/buggy_ws_beta.a/install/teb_local_planner/include//teb_local_planner/teb_config.h
-- Installing: /home/manuel/buggy_ws_beta.a/install/teb_local_planner/include//teb_local_planner/pose_se2.h
-- Installing: /home/manuel/buggy_ws_beta.a/install/teb_local_planner/include//teb_local_planner/optimal_planner.h
-- Installing: /home/manuel/buggy_ws_beta.a/install/teb_local_planner/include//teb_local_planner/h_signature.h
-- Installing: /home/manuel/buggy_ws_beta.a/install/teb_local_planner/include//teb_local_planner/g2o_types
-- Installing: /home/manuel/buggy_ws_beta.a/install/teb_local_planner/include//teb_local_planner/g2o_types/vertex_pose.h
-- Installing: /home/manuel/buggy_ws_beta.a/install/teb_local_planner/include//teb_local_planner/g2o_types/edge_velocity.h
-- Installing: /home/manuel/buggy_ws_beta.a/install/teb_local_planner/include//teb_local_planner/g2o_types/edge_kinematics.h
-- Installing: /home/manuel/buggy_ws_beta.a/install/teb_local_planner/include//teb_local_planner/g2o_types/edge_time_optimal.h
-- Installing: /home/manuel/buggy_ws_beta.a/install/teb_local_planner/include//teb_local_planner/g2o_types/edge_obstacle.h
-- Installing: /home/manuel/buggy_ws_beta.a/install/teb_local_planner/include//teb_local_planner/g2o_types/base_teb_edges.h
-- Installing: /home/manuel/buggy_ws_beta.a/install/teb_local_planner/include//teb_local_planner/g2o_types/edge_via_point.h
-- Installing: /home/manuel/buggy_ws_beta.a/install/teb_local_planner/include//teb_local_planner/g2o_types/edge_shortest_path.h
-- Installing: /home/manuel/buggy_ws_beta.a/install/teb_local_planner/include//teb_local_planner/g2o_types/vertex_timediff.h
-- Installing: /home/manuel/buggy_ws_beta.a/install/teb_local_planner/include//teb_local_planner/g2o_types/edge_acceleration.h
-- Installing: /home/manuel/buggy_ws_beta.a/install/teb_local_planner/include//teb_local_planner/g2o_types/penalties.h
-- Installing: /home/manuel/buggy_ws_beta.a/install/teb_local_planner/include//teb_local_planner/g2o_types/edge_prefer_rotdir.h
-- Installing: /home/manuel/buggy_ws_beta.a/install/teb_local_planner/include//teb_local_planner/g2o_types/edge_dynamic_obstacle.h
-- Installing: /home/manuel/buggy_ws_beta.a/install/teb_local_planner/include//teb_local_planner/visualization.hpp
-- Installing: /home/manuel/buggy_ws_beta.a/install/teb_local_planner/include//teb_local_planner/misc.h
-- Installing: /home/manuel/buggy_ws_beta.a/install/teb_local_planner/include//teb_local_planner/planner_interface.h
-- Installing: /home/manuel/buggy_ws_beta.a/install/teb_local_planner/include//teb_local_planner/homotopy_class_planner.h
-- Installing: /home/manuel/buggy_ws_beta.a/install/teb_local_planner/share/teb_local_planner_plugin.xml
-- Installing: /home/manuel/buggy_ws_beta.a/install/teb_local_planner/lib/teb_local_planner/cmd_vel_to_ackermann_drive.py
-- Installing: /home/manuel/buggy_ws_beta.a/install/teb_local_planner/share/teb_local_planner/launch
-- Installing: /home/manuel/buggy_ws_beta.a/install/teb_local_planner/share/teb_local_planner/launch/teb_tb3_simulation_launch.py
-- Installing: /home/manuel/buggy_ws_beta.a/install/teb_local_planner/share/teb_local_planner/launch/teb_nav2_bringup_launch.py
-- Installing: /home/manuel/buggy_ws_beta.a/install/teb_local_planner/share/teb_local_planner/launch/teb_params.yaml
-- Installing: /home/manuel/buggy_ws_beta.a/install/teb_local_planner/share/teb_local_planner/launch/teb_view.rviz
-- Installing: /home/manuel/buggy_ws_beta.a/install/teb_local_planner/share/teb_local_planner/environment/library_path.sh
-- Installing: /home/manuel/buggy_ws_beta.a/install/teb_local_planner/share/teb_local_planner/environment/library_path.dsv
-- Installing: /home/manuel/buggy_ws_beta.a/install/teb_local_planner/share/teb_local_planner/teb_local_planner_plugin.xml
-- Installing: /home/manuel/buggy_ws_beta.a/install/teb_local_planner/share/ament_index/resource_index/package_run_dependencies/teb_local_planner
-- Installing: /home/manuel/buggy_ws_beta.a/install/teb_local_planner/share/ament_index/resource_index/parent_prefix_path/teb_local_planner
-- Installing: /home/manuel/buggy_ws_beta.a/install/teb_local_planner/share/teb_local_planner/environment/ament_prefix_path.sh
-- Installing: /home/manuel/buggy_ws_beta.a/install/teb_local_planner/share/teb_local_planner/environment/ament_prefix_path.dsv
-- Installing: /home/manuel/buggy_ws_beta.a/install/teb_local_planner/share/teb_local_planner/environment/path.sh
-- Installing: /home/manuel/buggy_ws_beta.a/install/teb_local_planner/share/teb_local_planner/environment/path.dsv
-- Installing: /home/manuel/buggy_ws_beta.a/install/teb_local_planner/share/teb_local_planner/local_setup.bash
-- Installing: /home/manuel/buggy_ws_beta.a/install/teb_local_planner/share/teb_local_planner/local_setup.sh
-- Installing: /home/manuel/buggy_ws_beta.a/install/teb_local_planner/share/teb_local_planner/local_setup.zsh
-- Installing: /home/manuel/buggy_ws_beta.a/install/teb_local_planner/share/teb_local_planner/local_setup.dsv
-- Installing: /home/manuel/buggy_ws_beta.a/install/teb_local_planner/share/teb_local_planner/package.dsv
-- Installing: /home/manuel/buggy_ws_beta.a/install/teb_local_planner/share/ament_index/resource_index/packages/teb_local_planner
-- Installing: /home/manuel/buggy_ws_beta.a/install/teb_local_planner/share/ament_index/resource_index/nav2_core__pluginlib__plugin/teb_local_planner
-- Installing: /home/manuel/buggy_ws_beta.a/install/teb_local_planner/share/teb_local_planner/cmake/ament_cmake_export_include_directories-extras.cmake
-- Installing: /home/manuel/buggy_ws_beta.a/install/teb_local_planner/share/teb_local_planner/cmake/ament_cmake_export_libraries-extras.cmake
-- Installing: /home/manuel/buggy_ws_beta.a/install/teb_local_planner/share/teb_local_planner/cmake/ament_cmake_export_dependencies-extras.cmake
-- Installing: /home/manuel/buggy_ws_beta.a/install/teb_local_planner/share/teb_local_planner/cmake/teb_local_plannerConfig.cmake
-- Installing: /home/manuel/buggy_ws_beta.a/install/teb_local_planner/share/teb_local_planner/cmake/teb_local_plannerConfig-version.cmake
-- Installing: /home/manuel/buggy_ws_beta.a/install/teb_local_planner/share/teb_local_planner/package.xml
