[0.026s] Invoking command in '/home/manuel/buggy_ws_beta.a/build/teb_local_planner': AMENT_PREFIX_PATH=/home/manuel/buggy_ws_beta.a/install/teb_msgs:/home/manuel/buggy_ws_beta.a/install/costmap_converter:/home/manuel/buggy_ws_beta.a/install/costmap_converter_msgs:${AMENT_PREFIX_PATH} CMAKE_PREFIX_PATH=/home/manuel/buggy_ws_beta.a/install/teb_msgs:/home/manuel/buggy_ws_beta.a/install/costmap_converter:/home/manuel/buggy_ws_beta.a/install/costmap_converter_msgs:/home/manuel/buggy_space/install/zed_ros2:/home/manuel/buggy_space/install/zed_display_rviz2:/home/manuel/buggy_space/install/zed_wrapper:/home/manuel/buggy_space/install/zed_tutorial_video:/home/manuel/buggy_space/install/zed_tutorial_pos_tracking:/home/manuel/buggy_space/install/zed_tutorial_depth:/home/manuel/buggy_space/install/zed_rgb_convert:/home/manuel/buggy_space/install/zed_components:/home/manuel/buggy_space/install/rviz_plugin_zed_od:/home/manuel/buggy_space/install/zed_interfaces:/home/manuel/buggy_space/install/buggy_mobile_robot:/home/manuel/buggy_space/install/vox_nav_msgs:/home/manuel/buggy_space/install/velodyne:/home/manuel/buggy_space/install/velodyne_pointcloud:/home/manuel/buggy_space/install/velodyne_driver:/home/manuel/buggy_space/install/velodyne_msgs:/home/manuel/buggy_space/install/velodyne_laserscan:/home/manuel/buggy_space/install/teb_local_planner:/home/manuel/buggy_space/install/teb_msgs:/home/manuel/buggy_space/install/sick_scan2:/home/manuel/buggy_space/install/ros_sensors:/home/manuel/buggy_space/install/ros2socketcan_lib:/home/manuel/buggy_space/install/ros2car_buggy:/home/manuel/buggy_space/install/robot_localization:/home/manuel/buggy_space/install/image_common:/home/manuel/buggy_space/install/image_transport:/home/manuel/buggy_space/install/costmap_converter:/home/manuel/buggy_space/install/costmap_converter_msgs:/home/manuel/buggy_space/install/can_msgs:/home/manuel/buggy_space/install/camera_info_manager:/home/manuel/buggy_space/install/camera_calibration_parsers:/home/manuel/buggy_space/install/buggy_msgs:/home/manuel/buggy_space/install/buggy_mobile_navigation:/home/manuel/buggy_space/install/ackermann_msgs:/home/manuel/buggy_space/install/ackermann_interfaces:/home/manuel/buggy_space/install/joint_state_publisher_gui:/home/manuel/buggy_space/install/joint_state_publisher:/home/manuel/buggy_space/install/ackermann_odometry:/home/manuel/buggy_space/install/ackermann_controller:/opt/ros/foxy LD_LIBRARY_PATH=/home/manuel/buggy_ws_beta.a/install/teb_msgs/lib:/home/manuel/buggy_ws_beta.a/install/costmap_converter/lib:/home/manuel/buggy_ws_beta.a/install/costmap_converter_msgs/lib:${LD_LIBRARY_PATH} PATH=/home/manuel/buggy_ws_beta.a/install/costmap_converter/bin:${PATH} PYTHONPATH=/home/manuel/buggy_ws_beta.a/install/teb_msgs/lib/python3.8/site-packages:/home/manuel/buggy_ws_beta.a/install/costmap_converter_msgs/lib/python3.8/site-packages:${PYTHONPATH} /usr/bin/cmake /home/manuel/buggy_ws_beta.a/src/teb_local_planner/teb_local_planner -DCMAKE_INSTALL_PREFIX=/home/manuel/buggy_ws_beta.a/install/teb_local_planner
[0.089s] -- The C compiler identification is GNU 9.4.0
[0.152s] -- The CXX compiler identification is GNU 9.4.0
[0.161s] -- Check for working C compiler: /usr/bin/cc
[0.240s] -- Check for working C compiler: /usr/bin/cc -- works
[0.241s] -- Detecting C compiler ABI info
[0.318s] -- Detecting C compiler ABI info - done
[0.332s] -- Detecting C compile features
[0.332s] -- Detecting C compile features - done
[0.335s] -- Check for working CXX compiler: /usr/bin/c++
[0.422s] -- Check for working CXX compiler: /usr/bin/c++ -- works
[0.423s] -- Detecting CXX compiler ABI info
[0.512s] -- Detecting CXX compiler ABI info - done
[0.531s] -- Detecting CXX compile features
[0.532s] -- Detecting CXX compile features - done
[0.535s] -- Found ament_cmake: 0.9.11 (/opt/ros/foxy/share/ament_cmake/cmake)
[0.565s] -- Found PythonInterp: /usr/bin/python3 (found suitable version "3.8.10", minimum required is "3") 
[0.565s] -- Using PYTHON_EXECUTABLE: /usr/bin/python3
[0.871s] -- Found costmap_converter: 0.1.2 (/home/manuel/buggy_ws_beta.a/install/costmap_converter/share/costmap_converter/cmake)
[0.927s] -- Using all available rosidl_typesupport_c: rosidl_typesupport_fastrtps_c;rosidl_typesupport_introspection_c
[0.936s] -- Found rosidl_adapter: 1.3.0 (/opt/ros/foxy/share/rosidl_adapter/cmake)
[1.034s] -- Found OpenSSL: /usr/lib/x86_64-linux-gnu/libcrypto.so (found version "1.1.1f")  
[1.071s] -- Found FastRTPS: /opt/ros/foxy/include  
[1.159s] -- Using all available rosidl_typesupport_cpp: rosidl_typesupport_fastrtps_cpp;rosidl_typesupport_introspection_cpp
[2.476s] -- Found rmw_implementation_cmake: 1.0.3 (/opt/ros/foxy/share/rmw_implementation_cmake/cmake)
[2.480s] -- Using RMW implementation 'rmw_fastrtps_cpp' as default
[2.482s] -- Looking for pthread.h
[2.565s] -- Looking for pthread.h - found
[2.565s] -- Performing Test CMAKE_HAVE_LIBC_PTHREAD
[2.649s] -- Performing Test CMAKE_HAVE_LIBC_PTHREAD - Failed
[2.650s] -- Looking for pthread_create in pthreads
[2.719s] -- Looking for pthread_create in pthreads - not found
[2.719s] -- Looking for pthread_create in pthread
[2.801s] -- Looking for pthread_create in pthread - found
[2.802s] -- Found Threads: TRUE  
[3.354s] -- Found Eigen3: TRUE (found version "3.3.7") 
[4.487s] -- Found dwb_critics: 0.4.7 (/opt/ros/foxy/share/dwb_critics/cmake)
[9.319s] -- Found teb_msgs: 0.0.1 (/home/manuel/buggy_ws_beta.a/install/teb_msgs/share/teb_msgs/cmake)
[9.470s] -- Found tf2_eigen: 0.13.13 (/opt/ros/foxy/share/tf2_eigen/cmake)
[9.474s] -- System: Linux-5.15.0-56-generic
[9.474s] -- /opt/ros/foxy/share/tinyxml2_vendor/cmake/Modules;/opt/ros/foxy/share/eigen3_cmake_module/cmake/Modules;/opt/ros/foxy/share/fastrtps_cmake_module/cmake/Modules;/home/manuel/buggy_ws_beta.a/src/teb_local_planner/teb_local_planner/cmake_modules
[9.479s] -- Found SuiteSparse
[9.479s] -- Searching for g2o ...
[9.480s] -- Found g2o headers in: /opt/ros/foxy/include/g2o
[9.486s] -- Found libg2o: /opt/ros/foxy/lib/libg2o_csparse_extension.so;/opt/ros/foxy/lib/libg2o_core.so;/opt/ros/foxy/lib/libg2o_stuff.so;/opt/ros/foxy/lib/libg2o_types_slam2d.so;/opt/ros/foxy/lib/libg2o_types_slam3d.so;/opt/ros/foxy/lib/libg2o_solver_cholmod.so;/opt/ros/foxy/lib/libg2o_solver_pcg.so;/opt/ros/foxy/lib/libg2o_solver_csparse.so;/opt/ros/foxy/lib/libg2o_incremental.so
[9.493s] -- Found Boost: /usr/lib/x86_64-linux-gnu/cmake/Boost-1.71.0/BoostConfig.cmake (found version "1.71.0")  
[23.406s] -- Found ament_cmake_gtest: 0.9.11 (/opt/ros/foxy/share/ament_cmake_gtest/cmake)
[23.479s] -- Configuring done
[23.561s] -- Generating done
[23.563s] -- Build files have been written to: /home/manuel/buggy_ws_beta.a/build/teb_local_planner
[23.576s] Invoked command in '/home/manuel/buggy_ws_beta.a/build/teb_local_planner' returned '0': AMENT_PREFIX_PATH=/home/manuel/buggy_ws_beta.a/install/teb_msgs:/home/manuel/buggy_ws_beta.a/install/costmap_converter:/home/manuel/buggy_ws_beta.a/install/costmap_converter_msgs:${AMENT_PREFIX_PATH} CMAKE_PREFIX_PATH=/home/manuel/buggy_ws_beta.a/install/teb_msgs:/home/manuel/buggy_ws_beta.a/install/costmap_converter:/home/manuel/buggy_ws_beta.a/install/costmap_converter_msgs:/home/manuel/buggy_space/install/zed_ros2:/home/manuel/buggy_space/install/zed_display_rviz2:/home/manuel/buggy_space/install/zed_wrapper:/home/manuel/buggy_space/install/zed_tutorial_video:/home/manuel/buggy_space/install/zed_tutorial_pos_tracking:/home/manuel/buggy_space/install/zed_tutorial_depth:/home/manuel/buggy_space/install/zed_rgb_convert:/home/manuel/buggy_space/install/zed_components:/home/manuel/buggy_space/install/rviz_plugin_zed_od:/home/manuel/buggy_space/install/zed_interfaces:/home/manuel/buggy_space/install/buggy_mobile_robot:/home/manuel/buggy_space/install/vox_nav_msgs:/home/manuel/buggy_space/install/velodyne:/home/manuel/buggy_space/install/velodyne_pointcloud:/home/manuel/buggy_space/install/velodyne_driver:/home/manuel/buggy_space/install/velodyne_msgs:/home/manuel/buggy_space/install/velodyne_laserscan:/home/manuel/buggy_space/install/teb_local_planner:/home/manuel/buggy_space/install/teb_msgs:/home/manuel/buggy_space/install/sick_scan2:/home/manuel/buggy_space/install/ros_sensors:/home/manuel/buggy_space/install/ros2socketcan_lib:/home/manuel/buggy_space/install/ros2car_buggy:/home/manuel/buggy_space/install/robot_localization:/home/manuel/buggy_space/install/image_common:/home/manuel/buggy_space/install/image_transport:/home/manuel/buggy_space/install/costmap_converter:/home/manuel/buggy_space/install/costmap_converter_msgs:/home/manuel/buggy_space/install/can_msgs:/home/manuel/buggy_space/install/camera_info_manager:/home/manuel/buggy_space/install/camera_calibration_parsers:/home/manuel/buggy_space/install/buggy_msgs:/home/manuel/buggy_space/install/buggy_mobile_navigation:/home/manuel/buggy_space/install/ackermann_msgs:/home/manuel/buggy_space/install/ackermann_interfaces:/home/manuel/buggy_space/install/joint_state_publisher_gui:/home/manuel/buggy_space/install/joint_state_publisher:/home/manuel/buggy_space/install/ackermann_odometry:/home/manuel/buggy_space/install/ackermann_controller:/opt/ros/foxy LD_LIBRARY_PATH=/home/manuel/buggy_ws_beta.a/install/teb_msgs/lib:/home/manuel/buggy_ws_beta.a/install/costmap_converter/lib:/home/manuel/buggy_ws_beta.a/install/costmap_converter_msgs/lib:${LD_LIBRARY_PATH} PATH=/home/manuel/buggy_ws_beta.a/install/costmap_converter/bin:${PATH} PYTHONPATH=/home/manuel/buggy_ws_beta.a/install/teb_msgs/lib/python3.8/site-packages:/home/manuel/buggy_ws_beta.a/install/costmap_converter_msgs/lib/python3.8/site-packages:${PYTHONPATH} /usr/bin/cmake /home/manuel/buggy_ws_beta.a/src/teb_local_planner/teb_local_planner -DCMAKE_INSTALL_PREFIX=/home/manuel/buggy_ws_beta.a/install/teb_local_planner
[23.581s] Invoking command in '/home/manuel/buggy_ws_beta.a/build/teb_local_planner': AMENT_PREFIX_PATH=/home/manuel/buggy_ws_beta.a/install/teb_msgs:/home/manuel/buggy_ws_beta.a/install/costmap_converter:/home/manuel/buggy_ws_beta.a/install/costmap_converter_msgs:${AMENT_PREFIX_PATH} CMAKE_PREFIX_PATH=/home/manuel/buggy_ws_beta.a/install/teb_msgs:/home/manuel/buggy_ws_beta.a/install/costmap_converter:/home/manuel/buggy_ws_beta.a/install/costmap_converter_msgs:/home/manuel/buggy_space/install/zed_ros2:/home/manuel/buggy_space/install/zed_display_rviz2:/home/manuel/buggy_space/install/zed_wrapper:/home/manuel/buggy_space/install/zed_tutorial_video:/home/manuel/buggy_space/install/zed_tutorial_pos_tracking:/home/manuel/buggy_space/install/zed_tutorial_depth:/home/manuel/buggy_space/install/zed_rgb_convert:/home/manuel/buggy_space/install/zed_components:/home/manuel/buggy_space/install/rviz_plugin_zed_od:/home/manuel/buggy_space/install/zed_interfaces:/home/manuel/buggy_space/install/buggy_mobile_robot:/home/manuel/buggy_space/install/vox_nav_msgs:/home/manuel/buggy_space/install/velodyne:/home/manuel/buggy_space/install/velodyne_pointcloud:/home/manuel/buggy_space/install/velodyne_driver:/home/manuel/buggy_space/install/velodyne_msgs:/home/manuel/buggy_space/install/velodyne_laserscan:/home/manuel/buggy_space/install/teb_local_planner:/home/manuel/buggy_space/install/teb_msgs:/home/manuel/buggy_space/install/sick_scan2:/home/manuel/buggy_space/install/ros_sensors:/home/manuel/buggy_space/install/ros2socketcan_lib:/home/manuel/buggy_space/install/ros2car_buggy:/home/manuel/buggy_space/install/robot_localization:/home/manuel/buggy_space/install/image_common:/home/manuel/buggy_space/install/image_transport:/home/manuel/buggy_space/install/costmap_converter:/home/manuel/buggy_space/install/costmap_converter_msgs:/home/manuel/buggy_space/install/can_msgs:/home/manuel/buggy_space/install/camera_info_manager:/home/manuel/buggy_space/install/camera_calibration_parsers:/home/manuel/buggy_space/install/buggy_msgs:/home/manuel/buggy_space/install/buggy_mobile_navigation:/home/manuel/buggy_space/install/ackermann_msgs:/home/manuel/buggy_space/install/ackermann_interfaces:/home/manuel/buggy_space/install/joint_state_publisher_gui:/home/manuel/buggy_space/install/joint_state_publisher:/home/manuel/buggy_space/install/ackermann_odometry:/home/manuel/buggy_space/install/ackermann_controller:/opt/ros/foxy LD_LIBRARY_PATH=/home/manuel/buggy_ws_beta.a/install/teb_msgs/lib:/home/manuel/buggy_ws_beta.a/install/costmap_converter/lib:/home/manuel/buggy_ws_beta.a/install/costmap_converter_msgs/lib:${LD_LIBRARY_PATH} PATH=/home/manuel/buggy_ws_beta.a/install/costmap_converter/bin:${PATH} PYTHONPATH=/home/manuel/buggy_ws_beta.a/install/teb_msgs/lib/python3.8/site-packages:/home/manuel/buggy_ws_beta.a/install/costmap_converter_msgs/lib/python3.8/site-packages:${PYTHONPATH} /usr/bin/cmake --build /home/manuel/buggy_ws_beta.a/build/teb_local_planner -- -j16 -l16
[23.628s] [35m[1mScanning dependencies of target teb_local_planner[0m
[23.802s] [ 10%] [32mBuilding CXX object CMakeFiles/teb_local_planner.dir/src/timed_elastic_band.cpp.o[0m
[23.809s] [ 20%] [32mBuilding CXX object CMakeFiles/teb_local_planner.dir/src/optimal_planner.cpp.o[0m
[23.813s] [ 30%] [32mBuilding CXX object CMakeFiles/teb_local_planner.dir/src/homotopy_class_planner.cpp.o[0m
[23.813s] [ 40%] [32mBuilding CXX object CMakeFiles/teb_local_planner.dir/src/obstacles.cpp.o[0m
[23.814s] [ 60%] [32mBuilding CXX object CMakeFiles/teb_local_planner.dir/src/visualization.cpp.o[0m
[23.814s] [ 60%] [32mBuilding CXX object CMakeFiles/teb_local_planner.dir/src/recovery_behaviors.cpp.o[0m
[23.815s] [ 70%] [32mBuilding CXX object CMakeFiles/teb_local_planner.dir/src/teb_config.cpp.o[0m
[23.816s] [ 80%] [32mBuilding CXX object CMakeFiles/teb_local_planner.dir/src/graph_search.cpp.o[0m
[23.817s] [ 90%] [32mBuilding CXX object CMakeFiles/teb_local_planner.dir/src/teb_local_planner_ros.cpp.o[0m
[65.380s] [100%] [32m[1mLinking CXX shared library libteb_local_planner.so[0m
[65.813s] [100%] Built target teb_local_planner
[65.824s] Invoked command in '/home/manuel/buggy_ws_beta.a/build/teb_local_planner' returned '0': AMENT_PREFIX_PATH=/home/manuel/buggy_ws_beta.a/install/teb_msgs:/home/manuel/buggy_ws_beta.a/install/costmap_converter:/home/manuel/buggy_ws_beta.a/install/costmap_converter_msgs:${AMENT_PREFIX_PATH} CMAKE_PREFIX_PATH=/home/manuel/buggy_ws_beta.a/install/teb_msgs:/home/manuel/buggy_ws_beta.a/install/costmap_converter:/home/manuel/buggy_ws_beta.a/install/costmap_converter_msgs:/home/manuel/buggy_space/install/zed_ros2:/home/manuel/buggy_space/install/zed_display_rviz2:/home/manuel/buggy_space/install/zed_wrapper:/home/manuel/buggy_space/install/zed_tutorial_video:/home/manuel/buggy_space/install/zed_tutorial_pos_tracking:/home/manuel/buggy_space/install/zed_tutorial_depth:/home/manuel/buggy_space/install/zed_rgb_convert:/home/manuel/buggy_space/install/zed_components:/home/manuel/buggy_space/install/rviz_plugin_zed_od:/home/manuel/buggy_space/install/zed_interfaces:/home/manuel/buggy_space/install/buggy_mobile_robot:/home/manuel/buggy_space/install/vox_nav_msgs:/home/manuel/buggy_space/install/velodyne:/home/manuel/buggy_space/install/velodyne_pointcloud:/home/manuel/buggy_space/install/velodyne_driver:/home/manuel/buggy_space/install/velodyne_msgs:/home/manuel/buggy_space/install/velodyne_laserscan:/home/manuel/buggy_space/install/teb_local_planner:/home/manuel/buggy_space/install/teb_msgs:/home/manuel/buggy_space/install/sick_scan2:/home/manuel/buggy_space/install/ros_sensors:/home/manuel/buggy_space/install/ros2socketcan_lib:/home/manuel/buggy_space/install/ros2car_buggy:/home/manuel/buggy_space/install/robot_localization:/home/manuel/buggy_space/install/image_common:/home/manuel/buggy_space/install/image_transport:/home/manuel/buggy_space/install/costmap_converter:/home/manuel/buggy_space/install/costmap_converter_msgs:/home/manuel/buggy_space/install/can_msgs:/home/manuel/buggy_space/install/camera_info_manager:/home/manuel/buggy_space/install/camera_calibration_parsers:/home/manuel/buggy_space/install/buggy_msgs:/home/manuel/buggy_space/install/buggy_mobile_navigation:/home/manuel/buggy_space/install/ackermann_msgs:/home/manuel/buggy_space/install/ackermann_interfaces:/home/manuel/buggy_space/install/joint_state_publisher_gui:/home/manuel/buggy_space/install/joint_state_publisher:/home/manuel/buggy_space/install/ackermann_odometry:/home/manuel/buggy_space/install/ackermann_controller:/opt/ros/foxy LD_LIBRARY_PATH=/home/manuel/buggy_ws_beta.a/install/teb_msgs/lib:/home/manuel/buggy_ws_beta.a/install/costmap_converter/lib:/home/manuel/buggy_ws_beta.a/install/costmap_converter_msgs/lib:${LD_LIBRARY_PATH} PATH=/home/manuel/buggy_ws_beta.a/install/costmap_converter/bin:${PATH} PYTHONPATH=/home/manuel/buggy_ws_beta.a/install/teb_msgs/lib/python3.8/site-packages:/home/manuel/buggy_ws_beta.a/install/costmap_converter_msgs/lib/python3.8/site-packages:${PYTHONPATH} /usr/bin/cmake --build /home/manuel/buggy_ws_beta.a/build/teb_local_planner -- -j16 -l16
[65.873s] Invoking command in '/home/manuel/buggy_ws_beta.a/build/teb_local_planner': AMENT_PREFIX_PATH=/home/manuel/buggy_ws_beta.a/install/teb_msgs:/home/manuel/buggy_ws_beta.a/install/costmap_converter:/home/manuel/buggy_ws_beta.a/install/costmap_converter_msgs:${AMENT_PREFIX_PATH} CMAKE_PREFIX_PATH=/home/manuel/buggy_ws_beta.a/install/teb_msgs:/home/manuel/buggy_ws_beta.a/install/costmap_converter:/home/manuel/buggy_ws_beta.a/install/costmap_converter_msgs:/home/manuel/buggy_space/install/zed_ros2:/home/manuel/buggy_space/install/zed_display_rviz2:/home/manuel/buggy_space/install/zed_wrapper:/home/manuel/buggy_space/install/zed_tutorial_video:/home/manuel/buggy_space/install/zed_tutorial_pos_tracking:/home/manuel/buggy_space/install/zed_tutorial_depth:/home/manuel/buggy_space/install/zed_rgb_convert:/home/manuel/buggy_space/install/zed_components:/home/manuel/buggy_space/install/rviz_plugin_zed_od:/home/manuel/buggy_space/install/zed_interfaces:/home/manuel/buggy_space/install/buggy_mobile_robot:/home/manuel/buggy_space/install/vox_nav_msgs:/home/manuel/buggy_space/install/velodyne:/home/manuel/buggy_space/install/velodyne_pointcloud:/home/manuel/buggy_space/install/velodyne_driver:/home/manuel/buggy_space/install/velodyne_msgs:/home/manuel/buggy_space/install/velodyne_laserscan:/home/manuel/buggy_space/install/teb_local_planner:/home/manuel/buggy_space/install/teb_msgs:/home/manuel/buggy_space/install/sick_scan2:/home/manuel/buggy_space/install/ros_sensors:/home/manuel/buggy_space/install/ros2socketcan_lib:/home/manuel/buggy_space/install/ros2car_buggy:/home/manuel/buggy_space/install/robot_localization:/home/manuel/buggy_space/install/image_common:/home/manuel/buggy_space/install/image_transport:/home/manuel/buggy_space/install/costmap_converter:/home/manuel/buggy_space/install/costmap_converter_msgs:/home/manuel/buggy_space/install/can_msgs:/home/manuel/buggy_space/install/camera_info_manager:/home/manuel/buggy_space/install/camera_calibration_parsers:/home/manuel/buggy_space/install/buggy_msgs:/home/manuel/buggy_space/install/buggy_mobile_navigation:/home/manuel/buggy_space/install/ackermann_msgs:/home/manuel/buggy_space/install/ackermann_interfaces:/home/manuel/buggy_space/install/joint_state_publisher_gui:/home/manuel/buggy_space/install/joint_state_publisher:/home/manuel/buggy_space/install/ackermann_odometry:/home/manuel/buggy_space/install/ackermann_controller:/opt/ros/foxy LD_LIBRARY_PATH=/home/manuel/buggy_ws_beta.a/install/teb_msgs/lib:/home/manuel/buggy_ws_beta.a/install/costmap_converter/lib:/home/manuel/buggy_ws_beta.a/install/costmap_converter_msgs/lib:${LD_LIBRARY_PATH} PATH=/home/manuel/buggy_ws_beta.a/install/costmap_converter/bin:${PATH} PYTHONPATH=/home/manuel/buggy_ws_beta.a/install/teb_msgs/lib/python3.8/site-packages:/home/manuel/buggy_ws_beta.a/install/costmap_converter_msgs/lib/python3.8/site-packages:${PYTHONPATH} /usr/bin/cmake --install /home/manuel/buggy_ws_beta.a/build/teb_local_planner
[65.881s] -- Install configuration: "Release"
[65.882s] -- Installing: /home/manuel/buggy_ws_beta.a/install/teb_local_planner/lib/libteb_local_planner.so
[65.885s] -- Set runtime path of "/home/manuel/buggy_ws_beta.a/install/teb_local_planner/lib/libteb_local_planner.so" to ""
[65.885s] -- Installing: /home/manuel/buggy_ws_beta.a/install/teb_local_planner/include/
[65.885s] -- Installing: /home/manuel/buggy_ws_beta.a/install/teb_local_planner/include//teb_local_planner
[65.885s] -- Installing: /home/manuel/buggy_ws_beta.a/install/teb_local_planner/include//teb_local_planner/robot_footprint_model.h
[65.885s] -- Installing: /home/manuel/buggy_ws_beta.a/install/teb_local_planner/include//teb_local_planner/distance_calculations.h
[65.885s] -- Installing: /home/manuel/buggy_ws_beta.a/install/teb_local_planner/include//teb_local_planner/recovery_behaviors.h
[65.885s] -- Installing: /home/manuel/buggy_ws_beta.a/install/teb_local_planner/include//teb_local_planner/visualization.h
[65.885s] -- Installing: /home/manuel/buggy_ws_beta.a/install/teb_local_planner/include//teb_local_planner/teb_local_planner_ros.h
[65.886s] -- Installing: /home/manuel/buggy_ws_beta.a/install/teb_local_planner/include//teb_local_planner/timed_elastic_band.hpp
[65.886s] -- Installing: /home/manuel/buggy_ws_beta.a/install/teb_local_planner/include//teb_local_planner/graph_search.h
[65.886s] -- Installing: /home/manuel/buggy_ws_beta.a/install/teb_local_planner/include//teb_local_planner/equivalence_relations.h
[65.886s] -- Installing: /home/manuel/buggy_ws_beta.a/install/teb_local_planner/include//teb_local_planner/timed_elastic_band.h
[65.886s] -- Installing: /home/manuel/buggy_ws_beta.a/install/teb_local_planner/include//teb_local_planner/homotopy_class_planner.hpp
[65.886s] -- Installing: /home/manuel/buggy_ws_beta.a/install/teb_local_planner/include//teb_local_planner/obstacles.h
[65.886s] -- Installing: /home/manuel/buggy_ws_beta.a/install/teb_local_planner/include//teb_local_planner/teb_config.h
[65.886s] -- Installing: /home/manuel/buggy_ws_beta.a/install/teb_local_planner/include//teb_local_planner/pose_se2.h
[65.886s] -- Installing: /home/manuel/buggy_ws_beta.a/install/teb_local_planner/include//teb_local_planner/optimal_planner.h
[65.886s] -- Installing: /home/manuel/buggy_ws_beta.a/install/teb_local_planner/include//teb_local_planner/h_signature.h
[65.887s] -- Installing: /home/manuel/buggy_ws_beta.a/install/teb_local_planner/include//teb_local_planner/g2o_types
[65.887s] -- Installing: /home/manuel/buggy_ws_beta.a/install/teb_local_planner/include//teb_local_planner/g2o_types/vertex_pose.h
[65.887s] -- Installing: /home/manuel/buggy_ws_beta.a/install/teb_local_planner/include//teb_local_planner/g2o_types/edge_velocity.h
[65.887s] -- Installing: /home/manuel/buggy_ws_beta.a/install/teb_local_planner/include//teb_local_planner/g2o_types/edge_kinematics.h
[65.887s] -- Installing: /home/manuel/buggy_ws_beta.a/install/teb_local_planner/include//teb_local_planner/g2o_types/edge_time_optimal.h
[65.887s] -- Installing: /home/manuel/buggy_ws_beta.a/install/teb_local_planner/include//teb_local_planner/g2o_types/edge_obstacle.h
[65.887s] -- Installing: /home/manuel/buggy_ws_beta.a/install/teb_local_planner/include//teb_local_planner/g2o_types/base_teb_edges.h
[65.887s] -- Installing: /home/manuel/buggy_ws_beta.a/install/teb_local_planner/include//teb_local_planner/g2o_types/edge_via_point.h
[65.887s] -- Installing: /home/manuel/buggy_ws_beta.a/install/teb_local_planner/include//teb_local_planner/g2o_types/edge_shortest_path.h
[65.887s] -- Installing: /home/manuel/buggy_ws_beta.a/install/teb_local_planner/include//teb_local_planner/g2o_types/vertex_timediff.h
[65.887s] -- Installing: /home/manuel/buggy_ws_beta.a/install/teb_local_planner/include//teb_local_planner/g2o_types/edge_acceleration.h
[65.887s] -- Installing: /home/manuel/buggy_ws_beta.a/install/teb_local_planner/include//teb_local_planner/g2o_types/penalties.h
[65.887s] -- Installing: /home/manuel/buggy_ws_beta.a/install/teb_local_planner/include//teb_local_planner/g2o_types/edge_prefer_rotdir.h
[65.888s] -- Installing: /home/manuel/buggy_ws_beta.a/install/teb_local_planner/include//teb_local_planner/g2o_types/edge_dynamic_obstacle.h
[65.888s] -- Installing: /home/manuel/buggy_ws_beta.a/install/teb_local_planner/include//teb_local_planner/visualization.hpp
[65.888s] -- Installing: /home/manuel/buggy_ws_beta.a/install/teb_local_planner/include//teb_local_planner/misc.h
[65.888s] -- Installing: /home/manuel/buggy_ws_beta.a/install/teb_local_planner/include//teb_local_planner/planner_interface.h
[65.888s] -- Installing: /home/manuel/buggy_ws_beta.a/install/teb_local_planner/include//teb_local_planner/homotopy_class_planner.h
[65.888s] -- Installing: /home/manuel/buggy_ws_beta.a/install/teb_local_planner/share/teb_local_planner_plugin.xml
[65.888s] -- Installing: /home/manuel/buggy_ws_beta.a/install/teb_local_planner/lib/teb_local_planner/cmd_vel_to_ackermann_drive.py
[65.888s] -- Installing: /home/manuel/buggy_ws_beta.a/install/teb_local_planner/share/teb_local_planner/launch
[65.888s] -- Installing: /home/manuel/buggy_ws_beta.a/install/teb_local_planner/share/teb_local_planner/launch/teb_tb3_simulation_launch.py
[65.888s] -- Installing: /home/manuel/buggy_ws_beta.a/install/teb_local_planner/share/teb_local_planner/launch/teb_nav2_bringup_launch.py
[65.889s] -- Installing: /home/manuel/buggy_ws_beta.a/install/teb_local_planner/share/teb_local_planner/launch/teb_params.yaml
[65.889s] -- Installing: /home/manuel/buggy_ws_beta.a/install/teb_local_planner/share/teb_local_planner/launch/teb_view.rviz
[65.889s] -- Installing: /home/manuel/buggy_ws_beta.a/install/teb_local_planner/share/teb_local_planner/environment/library_path.sh
[65.889s] -- Installing: /home/manuel/buggy_ws_beta.a/install/teb_local_planner/share/teb_local_planner/environment/library_path.dsv
[65.889s] -- Installing: /home/manuel/buggy_ws_beta.a/install/teb_local_planner/share/teb_local_planner/teb_local_planner_plugin.xml
[65.889s] -- Installing: /home/manuel/buggy_ws_beta.a/install/teb_local_planner/share/ament_index/resource_index/package_run_dependencies/teb_local_planner
[65.889s] -- Installing: /home/manuel/buggy_ws_beta.a/install/teb_local_planner/share/ament_index/resource_index/parent_prefix_path/teb_local_planner
[65.889s] -- Installing: /home/manuel/buggy_ws_beta.a/install/teb_local_planner/share/teb_local_planner/environment/ament_prefix_path.sh
[65.889s] -- Installing: /home/manuel/buggy_ws_beta.a/install/teb_local_planner/share/teb_local_planner/environment/ament_prefix_path.dsv
[65.889s] -- Installing: /home/manuel/buggy_ws_beta.a/install/teb_local_planner/share/teb_local_planner/environment/path.sh
[65.890s] -- Installing: /home/manuel/buggy_ws_beta.a/install/teb_local_planner/share/teb_local_planner/environment/path.dsv
[65.890s] -- Installing: /home/manuel/buggy_ws_beta.a/install/teb_local_planner/share/teb_local_planner/local_setup.bash
[65.890s] -- Installing: /home/manuel/buggy_ws_beta.a/install/teb_local_planner/share/teb_local_planner/local_setup.sh
[65.890s] -- Installing: /home/manuel/buggy_ws_beta.a/install/teb_local_planner/share/teb_local_planner/local_setup.zsh
[65.890s] -- Installing: /home/manuel/buggy_ws_beta.a/install/teb_local_planner/share/teb_local_planner/local_setup.dsv
[65.890s] -- Installing: /home/manuel/buggy_ws_beta.a/install/teb_local_planner/share/teb_local_planner/package.dsv
[65.890s] -- Installing: /home/manuel/buggy_ws_beta.a/install/teb_local_planner/share/ament_index/resource_index/packages/teb_local_planner
[65.890s] -- Installing: /home/manuel/buggy_ws_beta.a/install/teb_local_planner/share/ament_index/resource_index/nav2_core__pluginlib__plugin/teb_local_planner
[65.890s] -- Installing: /home/manuel/buggy_ws_beta.a/install/teb_local_planner/share/teb_local_planner/cmake/ament_cmake_export_include_directories-extras.cmake
[65.891s] -- Installing: /home/manuel/buggy_ws_beta.a/install/teb_local_planner/share/teb_local_planner/cmake/ament_cmake_export_libraries-extras.cmake
[65.891s] -- Installing: /home/manuel/buggy_ws_beta.a/install/teb_local_planner/share/teb_local_planner/cmake/ament_cmake_export_dependencies-extras.cmake
[65.891s] -- Installing: /home/manuel/buggy_ws_beta.a/install/teb_local_planner/share/teb_local_planner/cmake/teb_local_plannerConfig.cmake
[65.891s] -- Installing: /home/manuel/buggy_ws_beta.a/install/teb_local_planner/share/teb_local_planner/cmake/teb_local_plannerConfig-version.cmake
[65.891s] -- Installing: /home/manuel/buggy_ws_beta.a/install/teb_local_planner/share/teb_local_planner/package.xml
[65.893s] Invoked command in '/home/manuel/buggy_ws_beta.a/build/teb_local_planner' returned '0': AMENT_PREFIX_PATH=/home/manuel/buggy_ws_beta.a/install/teb_msgs:/home/manuel/buggy_ws_beta.a/install/costmap_converter:/home/manuel/buggy_ws_beta.a/install/costmap_converter_msgs:${AMENT_PREFIX_PATH} CMAKE_PREFIX_PATH=/home/manuel/buggy_ws_beta.a/install/teb_msgs:/home/manuel/buggy_ws_beta.a/install/costmap_converter:/home/manuel/buggy_ws_beta.a/install/costmap_converter_msgs:/home/manuel/buggy_space/install/zed_ros2:/home/manuel/buggy_space/install/zed_display_rviz2:/home/manuel/buggy_space/install/zed_wrapper:/home/manuel/buggy_space/install/zed_tutorial_video:/home/manuel/buggy_space/install/zed_tutorial_pos_tracking:/home/manuel/buggy_space/install/zed_tutorial_depth:/home/manuel/buggy_space/install/zed_rgb_convert:/home/manuel/buggy_space/install/zed_components:/home/manuel/buggy_space/install/rviz_plugin_zed_od:/home/manuel/buggy_space/install/zed_interfaces:/home/manuel/buggy_space/install/buggy_mobile_robot:/home/manuel/buggy_space/install/vox_nav_msgs:/home/manuel/buggy_space/install/velodyne:/home/manuel/buggy_space/install/velodyne_pointcloud:/home/manuel/buggy_space/install/velodyne_driver:/home/manuel/buggy_space/install/velodyne_msgs:/home/manuel/buggy_space/install/velodyne_laserscan:/home/manuel/buggy_space/install/teb_local_planner:/home/manuel/buggy_space/install/teb_msgs:/home/manuel/buggy_space/install/sick_scan2:/home/manuel/buggy_space/install/ros_sensors:/home/manuel/buggy_space/install/ros2socketcan_lib:/home/manuel/buggy_space/install/ros2car_buggy:/home/manuel/buggy_space/install/robot_localization:/home/manuel/buggy_space/install/image_common:/home/manuel/buggy_space/install/image_transport:/home/manuel/buggy_space/install/costmap_converter:/home/manuel/buggy_space/install/costmap_converter_msgs:/home/manuel/buggy_space/install/can_msgs:/home/manuel/buggy_space/install/camera_info_manager:/home/manuel/buggy_space/install/camera_calibration_parsers:/home/manuel/buggy_space/install/buggy_msgs:/home/manuel/buggy_space/install/buggy_mobile_navigation:/home/manuel/buggy_space/install/ackermann_msgs:/home/manuel/buggy_space/install/ackermann_interfaces:/home/manuel/buggy_space/install/joint_state_publisher_gui:/home/manuel/buggy_space/install/joint_state_publisher:/home/manuel/buggy_space/install/ackermann_odometry:/home/manuel/buggy_space/install/ackermann_controller:/opt/ros/foxy LD_LIBRARY_PATH=/home/manuel/buggy_ws_beta.a/install/teb_msgs/lib:/home/manuel/buggy_ws_beta.a/install/costmap_converter/lib:/home/manuel/buggy_ws_beta.a/install/costmap_converter_msgs/lib:${LD_LIBRARY_PATH} PATH=/home/manuel/buggy_ws_beta.a/install/costmap_converter/bin:${PATH} PYTHONPATH=/home/manuel/buggy_ws_beta.a/install/teb_msgs/lib/python3.8/site-packages:/home/manuel/buggy_ws_beta.a/install/costmap_converter_msgs/lib/python3.8/site-packages:${PYTHONPATH} /usr/bin/cmake --install /home/manuel/buggy_ws_beta.a/build/teb_local_planner
