[0.527s] Invoking command in '/home/manuel/buggy_ws_beta.a/build/zed_tutorial_depth': CMAKE_PREFIX_PATH=${CMAKE_PREFIX_PATH}:/home/manuel/buggy_space/install/joint_state_publisher_gui:/home/manuel/buggy_space/install/joint_state_publisher:/home/manuel/buggy_space/install/ackermann_odometry:/home/manuel/buggy_space/install/ackermann_controller:/opt/ros/foxy /usr/bin/cmake /home/manuel/buggy_ws_beta.a/src/zed-ros2-examples/tutorials/zed_depth_tutorial -DCMAKE_INSTALL_PREFIX=/home/manuel/buggy_ws_beta.a/install/zed_tutorial_depth
[3.676s] -- The C compiler identification is GNU 9.4.0
[3.676s] -- The CXX compiler identification is GNU 9.4.0
[3.677s] -- Check for working C compiler: /usr/bin/cc
[3.677s] -- Check for working C compiler: /usr/bin/cc -- works
[3.677s] -- Detecting C compiler ABI info
[3.677s] -- Detecting C compiler ABI info - done
[3.677s] -- Detecting C compile features
[3.677s] -- Detecting C compile features - done
[3.677s] -- Check for working CXX compiler: /usr/bin/c++
[3.678s] -- Check for working CXX compiler: /usr/bin/c++ -- works
[3.678s] -- Detecting CXX compiler ABI info
[3.678s] -- Detecting CXX compiler ABI info - done
[3.678s] -- Detecting CXX compile features
[3.678s] -- Detecting CXX compile features - done
[3.678s] -- Found ament_cmake: 0.9.11 (/opt/ros/foxy/share/ament_cmake/cmake)
[3.678s] -- Found PythonInterp: /usr/bin/python3 (found suitable version "3.8.10", minimum required is "3") 
[3.678s] -- Using PYTHON_EXECUTABLE: /usr/bin/python3
[3.679s] -- Found rclcpp: 2.4.2 (/opt/ros/foxy/share/rclcpp/cmake)
[3.679s] -- Using all available rosidl_typesupport_c: rosidl_typesupport_fastrtps_c;rosidl_typesupport_introspection_c
[3.679s] -- Found rosidl_adapter: 1.3.0 (/opt/ros/foxy/share/rosidl_adapter/cmake)
[3.679s] -- Found OpenSSL: /usr/lib/x86_64-linux-gnu/libcrypto.so (found version "1.1.1f")  
[3.679s] -- Found FastRTPS: /opt/ros/foxy/include  
[3.679s] -- Using all available rosidl_typesupport_cpp: rosidl_typesupport_fastrtps_cpp;rosidl_typesupport_introspection_cpp
[3.680s] -- Found rmw_implementation_cmake: 1.0.3 (/opt/ros/foxy/share/rmw_implementation_cmake/cmake)
[3.680s] -- Using RMW implementation 'rmw_fastrtps_cpp' as default
[3.680s] -- Looking for pthread.h
[3.680s] -- Looking for pthread.h - found
[3.680s] -- Performing Test CMAKE_HAVE_LIBC_PTHREAD
[3.680s] -- Performing Test CMAKE_HAVE_LIBC_PTHREAD - Failed
[3.680s] -- Looking for pthread_create in pthreads
[3.681s] -- Looking for pthread_create in pthreads - not found
[3.681s] -- Looking for pthread_create in pthread
[3.681s] -- Looking for pthread_create in pthread - found
[3.681s] -- Found Threads: TRUE  
[3.681s] -- Found sensor_msgs: 2.0.5 (/opt/ros/foxy/share/sensor_msgs/cmake)
[3.864s] -- Configuring done
[3.890s] -- Generating done
[3.891s] -- Build files have been written to: /home/manuel/buggy_ws_beta.a/build/zed_tutorial_depth
[3.950s] Invoked command in '/home/manuel/buggy_ws_beta.a/build/zed_tutorial_depth' returned '0': CMAKE_PREFIX_PATH=${CMAKE_PREFIX_PATH}:/home/manuel/buggy_space/install/joint_state_publisher_gui:/home/manuel/buggy_space/install/joint_state_publisher:/home/manuel/buggy_space/install/ackermann_odometry:/home/manuel/buggy_space/install/ackermann_controller:/opt/ros/foxy /usr/bin/cmake /home/manuel/buggy_ws_beta.a/src/zed-ros2-examples/tutorials/zed_depth_tutorial -DCMAKE_INSTALL_PREFIX=/home/manuel/buggy_ws_beta.a/install/zed_tutorial_depth
[3.952s] Invoking command in '/home/manuel/buggy_ws_beta.a/build/zed_tutorial_depth': CMAKE_PREFIX_PATH=${CMAKE_PREFIX_PATH}:/home/manuel/buggy_space/install/joint_state_publisher_gui:/home/manuel/buggy_space/install/joint_state_publisher:/home/manuel/buggy_space/install/ackermann_odometry:/home/manuel/buggy_space/install/ackermann_controller:/opt/ros/foxy /usr/bin/cmake --build /home/manuel/buggy_ws_beta.a/build/zed_tutorial_depth -- -j16 -l16
[5.315s] [35m[1mScanning dependencies of target zed_tutorial_depth[0m
[5.315s] [ 50%] [32mBuilding CXX object CMakeFiles/zed_tutorial_depth.dir/src/zed_depth_sub_tutorial.cpp.o[0m
[32.727s] [100%] [32m[1mLinking CXX executable zed_tutorial_depth[0m
[33.058s] [100%] Built target zed_tutorial_depth
[33.084s] Invoked command in '/home/manuel/buggy_ws_beta.a/build/zed_tutorial_depth' returned '0': CMAKE_PREFIX_PATH=${CMAKE_PREFIX_PATH}:/home/manuel/buggy_space/install/joint_state_publisher_gui:/home/manuel/buggy_space/install/joint_state_publisher:/home/manuel/buggy_space/install/ackermann_odometry:/home/manuel/buggy_space/install/ackermann_controller:/opt/ros/foxy /usr/bin/cmake --build /home/manuel/buggy_ws_beta.a/build/zed_tutorial_depth -- -j16 -l16
[33.327s] Invoking command in '/home/manuel/buggy_ws_beta.a/build/zed_tutorial_depth': CMAKE_PREFIX_PATH=${CMAKE_PREFIX_PATH}:/home/manuel/buggy_space/install/joint_state_publisher_gui:/home/manuel/buggy_space/install/joint_state_publisher:/home/manuel/buggy_space/install/ackermann_odometry:/home/manuel/buggy_space/install/ackermann_controller:/opt/ros/foxy /usr/bin/cmake --install /home/manuel/buggy_ws_beta.a/build/zed_tutorial_depth
[38.436s] -- Install configuration: "Release"
[38.437s] -- Installing: /home/manuel/buggy_ws_beta.a/install/zed_tutorial_depth/lib/zed_tutorial_depth/zed_tutorial_depth
[38.437s] -- Set runtime path of "/home/manuel/buggy_ws_beta.a/install/zed_tutorial_depth/lib/zed_tutorial_depth/zed_tutorial_depth" to ""
[38.437s] -- Installing: /home/manuel/buggy_ws_beta.a/install/zed_tutorial_depth/share/ament_index/resource_index/package_run_dependencies/zed_tutorial_depth
[38.437s] -- Installing: /home/manuel/buggy_ws_beta.a/install/zed_tutorial_depth/share/ament_index/resource_index/parent_prefix_path/zed_tutorial_depth
[38.437s] -- Installing: /home/manuel/buggy_ws_beta.a/install/zed_tutorial_depth/share/zed_tutorial_depth/environment/ament_prefix_path.sh
[38.438s] -- Installing: /home/manuel/buggy_ws_beta.a/install/zed_tutorial_depth/share/zed_tutorial_depth/environment/ament_prefix_path.dsv
[38.438s] -- Installing: /home/manuel/buggy_ws_beta.a/install/zed_tutorial_depth/share/zed_tutorial_depth/environment/path.sh
[38.438s] -- Installing: /home/manuel/buggy_ws_beta.a/install/zed_tutorial_depth/share/zed_tutorial_depth/environment/path.dsv
[38.438s] -- Installing: /home/manuel/buggy_ws_beta.a/install/zed_tutorial_depth/share/zed_tutorial_depth/local_setup.bash
[38.438s] -- Installing: /home/manuel/buggy_ws_beta.a/install/zed_tutorial_depth/share/zed_tutorial_depth/local_setup.sh
[38.438s] -- Installing: /home/manuel/buggy_ws_beta.a/install/zed_tutorial_depth/share/zed_tutorial_depth/local_setup.zsh
[38.439s] -- Installing: /home/manuel/buggy_ws_beta.a/install/zed_tutorial_depth/share/zed_tutorial_depth/local_setup.dsv
[38.439s] -- Installing: /home/manuel/buggy_ws_beta.a/install/zed_tutorial_depth/share/zed_tutorial_depth/package.dsv
[38.439s] -- Installing: /home/manuel/buggy_ws_beta.a/install/zed_tutorial_depth/share/ament_index/resource_index/packages/zed_tutorial_depth
[38.446s] -- Installing: /home/manuel/buggy_ws_beta.a/install/zed_tutorial_depth/share/zed_tutorial_depth/cmake/zed_tutorial_depthConfig.cmake
[38.453s] -- Installing: /home/manuel/buggy_ws_beta.a/install/zed_tutorial_depth/share/zed_tutorial_depth/cmake/zed_tutorial_depthConfig-version.cmake
[38.453s] -- Installing: /home/manuel/buggy_ws_beta.a/install/zed_tutorial_depth/share/zed_tutorial_depth/package.xml
[38.467s] Invoked command in '/home/manuel/buggy_ws_beta.a/build/zed_tutorial_depth' returned '0': CMAKE_PREFIX_PATH=${CMAKE_PREFIX_PATH}:/home/manuel/buggy_space/install/joint_state_publisher_gui:/home/manuel/buggy_space/install/joint_state_publisher:/home/manuel/buggy_space/install/ackermann_odometry:/home/manuel/buggy_space/install/ackermann_controller:/opt/ros/foxy /usr/bin/cmake --install /home/manuel/buggy_ws_beta.a/build/zed_tutorial_depth
