[0.132s] Invoking command in '/home/manuel/buggy_ws_beta.a/build/camera_calibration_parsers': CMAKE_PREFIX_PATH=${CMAKE_PREFIX_PATH}:/home/manuel/buggy_space/install/joint_state_publisher_gui:/home/manuel/buggy_space/install/joint_state_publisher:/home/manuel/buggy_space/install/ackermann_odometry:/home/manuel/buggy_space/install/ackermann_controller:/opt/ros/foxy /usr/bin/cmake /home/manuel/buggy_ws_beta.a/src/image_common/camera_calibration_parsers -DCMAKE_INSTALL_PREFIX=/home/manuel/buggy_ws_beta.a/install/camera_calibration_parsers
[0.653s] -- The C compiler identification is GNU 9.4.0
[0.653s] -- The CXX compiler identification is GNU 9.4.0
[0.653s] -- Check for working C compiler: /usr/bin/cc
[0.653s] -- Check for working C compiler: /usr/bin/cc -- works
[0.653s] -- Detecting C compiler ABI info
[0.653s] -- Detecting C compiler ABI info - done
[0.654s] -- Detecting C compile features
[0.654s] -- Detecting C compile features - done
[0.654s] -- Check for working CXX compiler: /usr/bin/c++
[0.654s] -- Check for working CXX compiler: /usr/bin/c++ -- works
[0.654s] -- Detecting CXX compiler ABI info
[0.742s] -- Detecting CXX compiler ABI info - done
[0.770s] -- Detecting CXX compile features
[0.771s] -- Detecting CXX compile features - done
[0.776s] -- Found ament_cmake_ros: 0.9.2 (/opt/ros/foxy/share/ament_cmake_ros/cmake)
[0.845s] -- Found PythonInterp: /usr/bin/python3 (found suitable version "3.8.10", minimum required is "3") 
[0.846s] -- Using PYTHON_EXECUTABLE: /usr/bin/python3
[1.371s] -- Found rclcpp: 2.4.2 (/opt/ros/foxy/share/rclcpp/cmake)
[1.482s] -- Using all available rosidl_typesupport_c: rosidl_typesupport_fastrtps_c;rosidl_typesupport_introspection_c
[1.496s] -- Found rosidl_adapter: 1.3.0 (/opt/ros/foxy/share/rosidl_adapter/cmake)
[1.682s] -- Found OpenSSL: /usr/lib/x86_64-linux-gnu/libcrypto.so (found version "1.1.1f")  
[1.747s] -- Found FastRTPS: /opt/ros/foxy/include  
[1.964s] -- Using all available rosidl_typesupport_cpp: rosidl_typesupport_fastrtps_cpp;rosidl_typesupport_introspection_cpp
[2.108s] -- Found rmw_implementation_cmake: 1.0.3 (/opt/ros/foxy/share/rmw_implementation_cmake/cmake)
[2.119s] -- Using RMW implementation 'rmw_fastrtps_cpp' as default
[2.148s] -- Looking for pthread.h
[2.277s] -- Looking for pthread.h - found
[2.277s] -- Performing Test CMAKE_HAVE_LIBC_PTHREAD
[2.400s] -- Performing Test CMAKE_HAVE_LIBC_PTHREAD - Failed
[2.400s] -- Looking for pthread_create in pthreads
[2.499s] -- Looking for pthread_create in pthreads - not found
[2.500s] -- Looking for pthread_create in pthread
[2.617s] -- Looking for pthread_create in pthread - found
[2.619s] -- Found Threads: TRUE  
[2.966s] -- Found sensor_msgs: 2.0.5 (/opt/ros/foxy/share/sensor_msgs/cmake)
[3.258s] -- Found yaml_cpp_vendor: 7.0.3 (/opt/ros/foxy/share/yaml_cpp_vendor/cmake)
[3.258s] -- Setting yaml-cpp_DIR to: '/opt/ros/foxy/share/yaml_cpp_vendor/cmake/../../../opt/yaml_cpp_vendor/lib/cmake/yaml-cpp'
[3.273s] -- Found ament_cmake_cppcheck: 0.9.7 (/opt/ros/foxy/share/ament_cmake_cppcheck/cmake)
[3.276s] -- Found ament_cmake_cpplint: 0.9.7 (/opt/ros/foxy/share/ament_cmake_cpplint/cmake)
[3.279s] -- Found ament_cmake_lint_cmake: 0.9.7 (/opt/ros/foxy/share/ament_cmake_lint_cmake/cmake)
[3.282s] -- Found ament_cmake_uncrustify: 0.9.7 (/opt/ros/foxy/share/ament_cmake_uncrustify/cmake)
[3.291s] -- Found gtest sources under '/opt/ros/foxy/src/gtest_vendor': C++ tests using 'Google Test' will be built
[3.295s] -- Check if compiler accepts -pthread
[3.428s] -- Check if compiler accepts -pthread - yes
[3.547s] -- Configuring done
[3.631s] -- Generating done
[3.634s] -- Build files have been written to: /home/manuel/buggy_ws_beta.a/build/camera_calibration_parsers
[3.659s] Invoked command in '/home/manuel/buggy_ws_beta.a/build/camera_calibration_parsers' returned '0': CMAKE_PREFIX_PATH=${CMAKE_PREFIX_PATH}:/home/manuel/buggy_space/install/joint_state_publisher_gui:/home/manuel/buggy_space/install/joint_state_publisher:/home/manuel/buggy_space/install/ackermann_odometry:/home/manuel/buggy_space/install/ackermann_controller:/opt/ros/foxy /usr/bin/cmake /home/manuel/buggy_ws_beta.a/src/image_common/camera_calibration_parsers -DCMAKE_INSTALL_PREFIX=/home/manuel/buggy_ws_beta.a/install/camera_calibration_parsers
[3.661s] Invoking command in '/home/manuel/buggy_ws_beta.a/build/camera_calibration_parsers': CMAKE_PREFIX_PATH=${CMAKE_PREFIX_PATH}:/home/manuel/buggy_space/install/joint_state_publisher_gui:/home/manuel/buggy_space/install/joint_state_publisher:/home/manuel/buggy_space/install/ackermann_odometry:/home/manuel/buggy_space/install/ackermann_controller:/opt/ros/foxy /usr/bin/cmake --build /home/manuel/buggy_ws_beta.a/build/camera_calibration_parsers -- -j16 -l16
[4.061s] [35m[1mScanning dependencies of target gtest[0m
[4.062s] [35m[1mScanning dependencies of target camera_calibration_parsers[0m
[4.062s] [35m[1mScanning dependencies of target gtest_main[0m
[4.063s] [  7%] [32mBuilding CXX object gtest/CMakeFiles/gtest.dir/src/gtest-all.cc.o[0m
[4.063s] [ 14%] [32mBuilding CXX object gtest/CMakeFiles/gtest_main.dir/src/gtest_main.cc.o[0m
[4.063s] [ 21%] [32mBuilding CXX object CMakeFiles/camera_calibration_parsers.dir/src/parse_yml.cpp.o[0m
[4.063s] [ 28%] [32mBuilding CXX object CMakeFiles/camera_calibration_parsers.dir/src/parse.cpp.o[0m
[4.063s] [ 35%] [32mBuilding CXX object CMakeFiles/camera_calibration_parsers.dir/src/parse_ini.cpp.o[0m
[8.316s] [ 42%] [32m[1mLinking CXX static library libgtest_main.a[0m
[8.583s] [ 42%] Built target gtest_main
[13.236s] [ 50%] [32m[1mLinking CXX shared library libcamera_calibration_parsers.so[0m
[13.695s] [ 50%] Built target camera_calibration_parsers
[13.805s] [35m[1mScanning dependencies of target convert[0m
[13.940s] [ 57%] [32mBuilding CXX object CMakeFiles/convert.dir/src/convert.cpp.o[0m
[16.760s] [ 64%] [32m[1mLinking CXX executable convert[0m
[17.327s] [ 64%] Built target convert
[19.217s] [ 71%] [32m[1mLinking CXX static library libgtest.a[0m
[19.616s] [ 71%] Built target gtest
[19.727s] [35m[1mScanning dependencies of target camera_calibration_parsers-parse_yml[0m
[19.727s] [35m[1mScanning dependencies of target camera_calibration_parsers-parse_ini[0m
[19.867s] [ 78%] [32mBuilding CXX object CMakeFiles/camera_calibration_parsers-parse_ini.dir/test/test_parse_ini.cpp.o[0m
[19.904s] [ 85%] [32mBuilding CXX object CMakeFiles/camera_calibration_parsers-parse_yml.dir/test/test_parse_yml.cpp.o[0m
[26.509s] [ 92%] [32m[1mLinking CXX executable camera_calibration_parsers-parse_ini[0m
[26.736s] [100%] [32m[1mLinking CXX executable camera_calibration_parsers-parse_yml[0m
[28.045s] [100%] Built target camera_calibration_parsers-parse_ini
[28.447s] [100%] Built target camera_calibration_parsers-parse_yml
[28.516s] Invoked command in '/home/manuel/buggy_ws_beta.a/build/camera_calibration_parsers' returned '0': CMAKE_PREFIX_PATH=${CMAKE_PREFIX_PATH}:/home/manuel/buggy_space/install/joint_state_publisher_gui:/home/manuel/buggy_space/install/joint_state_publisher:/home/manuel/buggy_space/install/ackermann_odometry:/home/manuel/buggy_space/install/ackermann_controller:/opt/ros/foxy /usr/bin/cmake --build /home/manuel/buggy_ws_beta.a/build/camera_calibration_parsers -- -j16 -l16
[29.267s] Invoking command in '/home/manuel/buggy_ws_beta.a/build/camera_calibration_parsers': CMAKE_PREFIX_PATH=${CMAKE_PREFIX_PATH}:/home/manuel/buggy_space/install/joint_state_publisher_gui:/home/manuel/buggy_space/install/joint_state_publisher:/home/manuel/buggy_space/install/ackermann_odometry:/home/manuel/buggy_space/install/ackermann_controller:/opt/ros/foxy /usr/bin/cmake --install /home/manuel/buggy_ws_beta.a/build/camera_calibration_parsers
[30.503s] -- Install configuration: ""
[30.503s] -- Installing: /home/manuel/buggy_ws_beta.a/install/camera_calibration_parsers/lib/libcamera_calibration_parsers.so
[30.503s] -- Set runtime path of "/home/manuel/buggy_ws_beta.a/install/camera_calibration_parsers/lib/libcamera_calibration_parsers.so" to ""
[30.504s] -- Installing: /home/manuel/buggy_ws_beta.a/install/camera_calibration_parsers/lib/camera_calibration_parsers/convert
[30.504s] -- Set runtime path of "/home/manuel/buggy_ws_beta.a/install/camera_calibration_parsers/lib/camera_calibration_parsers/convert" to ""
[30.504s] -- Installing: /home/manuel/buggy_ws_beta.a/install/camera_calibration_parsers/include
[30.504s] -- Installing: /home/manuel/buggy_ws_beta.a/install/camera_calibration_parsers/include/camera_calibration_parsers
[30.504s] -- Installing: /home/manuel/buggy_ws_beta.a/install/camera_calibration_parsers/include/camera_calibration_parsers/parse.h
[30.505s] -- Installing: /home/manuel/buggy_ws_beta.a/install/camera_calibration_parsers/include/camera_calibration_parsers/parse.hpp
[30.505s] -- Installing: /home/manuel/buggy_ws_beta.a/install/camera_calibration_parsers/include/camera_calibration_parsers/parse_yml.h
[30.505s] -- Installing: /home/manuel/buggy_ws_beta.a/install/camera_calibration_parsers/include/camera_calibration_parsers/parse_ini.hpp
[30.505s] -- Installing: /home/manuel/buggy_ws_beta.a/install/camera_calibration_parsers/include/camera_calibration_parsers/parse_yml.hpp
[30.505s] -- Installing: /home/manuel/buggy_ws_beta.a/install/camera_calibration_parsers/include/camera_calibration_parsers/visibility_control.hpp
[30.506s] -- Installing: /home/manuel/buggy_ws_beta.a/install/camera_calibration_parsers/include/camera_calibration_parsers/parse_ini.h
[30.506s] -- Installing: /home/manuel/buggy_ws_beta.a/install/camera_calibration_parsers/share/camera_calibration_parsers/environment/library_path.sh
[30.506s] -- Installing: /home/manuel/buggy_ws_beta.a/install/camera_calibration_parsers/share/camera_calibration_parsers/environment/library_path.dsv
[30.506s] -- Installing: /home/manuel/buggy_ws_beta.a/install/camera_calibration_parsers/share/ament_index/resource_index/package_run_dependencies/camera_calibration_parsers
[30.506s] -- Installing: /home/manuel/buggy_ws_beta.a/install/camera_calibration_parsers/share/ament_index/resource_index/parent_prefix_path/camera_calibration_parsers
[30.506s] -- Installing: /home/manuel/buggy_ws_beta.a/install/camera_calibration_parsers/share/camera_calibration_parsers/environment/ament_prefix_path.sh
[30.506s] -- Installing: /home/manuel/buggy_ws_beta.a/install/camera_calibration_parsers/share/camera_calibration_parsers/environment/ament_prefix_path.dsv
[30.507s] -- Installing: /home/manuel/buggy_ws_beta.a/install/camera_calibration_parsers/share/camera_calibration_parsers/environment/path.sh
[30.507s] -- Installing: /home/manuel/buggy_ws_beta.a/install/camera_calibration_parsers/share/camera_calibration_parsers/environment/path.dsv
[30.507s] -- Installing: /home/manuel/buggy_ws_beta.a/install/camera_calibration_parsers/share/camera_calibration_parsers/local_setup.bash
[30.507s] -- Installing: /home/manuel/buggy_ws_beta.a/install/camera_calibration_parsers/share/camera_calibration_parsers/local_setup.sh
[30.507s] -- Installing: /home/manuel/buggy_ws_beta.a/install/camera_calibration_parsers/share/camera_calibration_parsers/local_setup.zsh
[30.507s] -- Installing: /home/manuel/buggy_ws_beta.a/install/camera_calibration_parsers/share/camera_calibration_parsers/local_setup.dsv
[30.508s] -- Installing: /home/manuel/buggy_ws_beta.a/install/camera_calibration_parsers/share/camera_calibration_parsers/package.dsv
[30.508s] -- Installing: /home/manuel/buggy_ws_beta.a/install/camera_calibration_parsers/share/ament_index/resource_index/packages/camera_calibration_parsers
[30.508s] -- Installing: /home/manuel/buggy_ws_beta.a/install/camera_calibration_parsers/share/camera_calibration_parsers/cmake/ament_cmake_export_include_directories-extras.cmake
[30.508s] -- Installing: /home/manuel/buggy_ws_beta.a/install/camera_calibration_parsers/share/camera_calibration_parsers/cmake/ament_cmake_export_libraries-extras.cmake
[30.509s] -- Installing: /home/manuel/buggy_ws_beta.a/install/camera_calibration_parsers/share/camera_calibration_parsers/cmake/ament_cmake_export_dependencies-extras.cmake
[30.509s] -- Installing: /home/manuel/buggy_ws_beta.a/install/camera_calibration_parsers/share/camera_calibration_parsers/cmake/camera_calibration_parsersConfig.cmake
[30.509s] -- Installing: /home/manuel/buggy_ws_beta.a/install/camera_calibration_parsers/share/camera_calibration_parsers/cmake/camera_calibration_parsersConfig-version.cmake
[30.509s] -- Installing: /home/manuel/buggy_ws_beta.a/install/camera_calibration_parsers/share/camera_calibration_parsers/package.xml
[30.991s] Invoked command in '/home/manuel/buggy_ws_beta.a/build/camera_calibration_parsers' returned '0': CMAKE_PREFIX_PATH=${CMAKE_PREFIX_PATH}:/home/manuel/buggy_space/install/joint_state_publisher_gui:/home/manuel/buggy_space/install/joint_state_publisher:/home/manuel/buggy_space/install/ackermann_odometry:/home/manuel/buggy_space/install/ackermann_controller:/opt/ros/foxy /usr/bin/cmake --install /home/manuel/buggy_ws_beta.a/build/camera_calibration_parsers
