[0.123s] Invoking command in '/home/manuel/buggy_ws_beta.a/build/ackermann_msgs': CMAKE_PREFIX_PATH=${CMAKE_PREFIX_PATH}:/home/manuel/buggy_space/install/joint_state_publisher_gui:/home/manuel/buggy_space/install/joint_state_publisher:/home/manuel/buggy_space/install/ackermann_odometry:/home/manuel/buggy_space/install/ackermann_controller:/opt/ros/foxy /usr/bin/cmake /home/manuel/buggy_ws_beta.a/src/msgs/ackermann_msgs -DCMAKE_INSTALL_PREFIX=/home/manuel/buggy_ws_beta.a/install/ackermann_msgs
[0.637s] -- The C compiler identification is GNU 9.4.0
[0.638s] -- The CXX compiler identification is GNU 9.4.0
[0.639s] -- Check for working C compiler: /usr/bin/cc
[0.640s] -- Check for working C compiler: /usr/bin/cc -- works
[0.640s] -- Detecting C compiler ABI info
[0.640s] -- Detecting C compiler ABI info - done
[0.640s] -- Detecting C compile features
[0.640s] -- Detecting C compile features - done
[0.640s] -- Check for working CXX compiler: /usr/bin/c++
[0.641s] -- Check for working CXX compiler: /usr/bin/c++ -- works
[0.641s] -- Detecting CXX compiler ABI info
[0.737s] -- Detecting CXX compiler ABI info - done
[0.765s] -- Detecting CXX compile features
[0.775s] -- Detecting CXX compile features - done
[0.775s] -- Found ament_cmake: 0.9.11 (/opt/ros/foxy/share/ament_cmake/cmake)
[0.824s] -- Found PythonInterp: /usr/bin/python3 (found suitable version "3.8.10", minimum required is "3") 
[0.827s] -- Using PYTHON_EXECUTABLE: /usr/bin/python3
[1.332s] -- Found rosidl_default_generators: 1.0.1 (/opt/ros/foxy/share/rosidl_default_generators/cmake)
[1.357s] -- Using all available rosidl_typesupport_c: rosidl_typesupport_fastrtps_c;rosidl_typesupport_introspection_c
[1.372s] -- Found rosidl_adapter: 1.3.0 (/opt/ros/foxy/share/rosidl_adapter/cmake)
[1.600s] -- Found OpenSSL: /usr/lib/x86_64-linux-gnu/libcrypto.so (found version "1.1.1f")  
[1.661s] -- Found FastRTPS: /opt/ros/foxy/include  
[1.849s] -- Using all available rosidl_typesupport_cpp: rosidl_typesupport_fastrtps_cpp;rosidl_typesupport_introspection_cpp
[1.912s] -- Found std_msgs: 2.0.5 (/opt/ros/foxy/share/std_msgs/cmake)
[2.027s] -- Found PythonInterp: /usr/bin/python3 (found version "3.8.10") 
[2.368s] -- Found ament_cmake_ros: 0.9.2 (/opt/ros/foxy/share/ament_cmake_ros/cmake)
[2.789s] -- Using all available rosidl_typesupport_c: rosidl_typesupport_fastrtps_c;rosidl_typesupport_introspection_c
[2.927s] -- Using all available rosidl_typesupport_cpp: rosidl_typesupport_fastrtps_cpp;rosidl_typesupport_introspection_cpp
[2.980s] -- Found PythonInterp: /usr/bin/python3 (found suitable version "3.8.10", minimum required is "3.5") 
[2.982s] -- Found python_cmake_module: 0.8.1 (/opt/ros/foxy/share/python_cmake_module/cmake)
[3.029s] -- Found PythonLibs: /usr/lib/x86_64-linux-gnu/libpython3.8.so (found suitable version "3.8.10", minimum required is "3.5") 
[3.029s] -- Using PYTHON_EXECUTABLE: /usr/bin/python3
[3.029s] -- Using PYTHON_INCLUDE_DIRS: /usr/include/python3.8
[3.029s] -- Using PYTHON_LIBRARIES: /usr/lib/x86_64-linux-gnu/libpython3.8.so
[3.064s] -- Found PythonExtra: .so  
[3.237s] -- Configuring done
[3.323s] -- Generating done
[3.329s] -- Build files have been written to: /home/manuel/buggy_ws_beta.a/build/ackermann_msgs
[3.352s] Invoked command in '/home/manuel/buggy_ws_beta.a/build/ackermann_msgs' returned '0': CMAKE_PREFIX_PATH=${CMAKE_PREFIX_PATH}:/home/manuel/buggy_space/install/joint_state_publisher_gui:/home/manuel/buggy_space/install/joint_state_publisher:/home/manuel/buggy_space/install/ackermann_odometry:/home/manuel/buggy_space/install/ackermann_controller:/opt/ros/foxy /usr/bin/cmake /home/manuel/buggy_ws_beta.a/src/msgs/ackermann_msgs -DCMAKE_INSTALL_PREFIX=/home/manuel/buggy_ws_beta.a/install/ackermann_msgs
[3.353s] Invoking command in '/home/manuel/buggy_ws_beta.a/build/ackermann_msgs': CMAKE_PREFIX_PATH=${CMAKE_PREFIX_PATH}:/home/manuel/buggy_space/install/joint_state_publisher_gui:/home/manuel/buggy_space/install/joint_state_publisher:/home/manuel/buggy_space/install/ackermann_odometry:/home/manuel/buggy_space/install/ackermann_controller:/opt/ros/foxy /usr/bin/cmake --build /home/manuel/buggy_ws_beta.a/build/ackermann_msgs -- -j16 -l16
[3.864s] [35m[1mScanning dependencies of target ackermann_msgs__cpp[0m
[3.865s] [  2%] [34m[1mGenerating C code for ROS interfaces[0m
[3.865s] [  5%] [34m[1mGenerating C++ code for ROS interfaces[0m
[4.399s] [  5%] Built target ackermann_msgs__cpp
[4.492s] [  7%] [34m[1mGenerating C++ type support dispatch for ROS interfaces[0m
[4.495s] [ 10%] [34m[1mGenerating C++ introspection for ROS interfaces[0m
[4.528s] [ 12%] [34m[1mGenerating C++ type support for eProsima Fast-RTPS[0m
[4.578s] [35m[1mScanning dependencies of target ackermann_msgs__rosidl_generator_c[0m
[4.668s] [ 15%] [32mBuilding C object CMakeFiles/ackermann_msgs__rosidl_generator_c.dir/rosidl_generator_c/ackermann_msgs/msg/detail/ackermann_drive__functions.c.o[0m
[4.687s] [ 17%] [32mBuilding C object CMakeFiles/ackermann_msgs__rosidl_generator_c.dir/rosidl_generator_c/ackermann_msgs/msg/detail/ackermann_drive_stamped__functions.c.o[0m
[4.996s] [ 20%] [32m[1mLinking C shared library libackermann_msgs__rosidl_generator_c.so[0m
[5.257s] [ 20%] Built target ackermann_msgs__rosidl_generator_c
[5.352s] [ 23%] [34m[1mGenerating C introspection for ROS interfaces[0m
[5.360s] [ 25%] [34m[1mGenerating C type support dispatch for ROS interfaces[0m
[5.998s] [35m[1mScanning dependencies of target ackermann_msgs__rosidl_typesupport_cpp[0m
[6.070s] [ 28%] [32mBuilding CXX object CMakeFiles/ackermann_msgs__rosidl_typesupport_cpp.dir/rosidl_typesupport_cpp/ackermann_msgs/msg/ackermann_drive__type_support.cpp.o[0m
[6.090s] [ 30%] [32mBuilding CXX object CMakeFiles/ackermann_msgs__rosidl_typesupport_cpp.dir/rosidl_typesupport_cpp/ackermann_msgs/msg/ackermann_drive_stamped__type_support.cpp.o[0m
[6.371s] [35m[1mScanning dependencies of target ackermann_msgs__rosidl_typesupport_introspection_cpp[0m
[6.467s] [ 33%] [32mBuilding CXX object CMakeFiles/ackermann_msgs__rosidl_typesupport_introspection_cpp.dir/rosidl_typesupport_introspection_cpp/ackermann_msgs/msg/detail/ackermann_drive__type_support.cpp.o[0m
[6.492s] [ 35%] [32mBuilding CXX object CMakeFiles/ackermann_msgs__rosidl_typesupport_introspection_cpp.dir/rosidl_typesupport_introspection_cpp/ackermann_msgs/msg/detail/ackermann_drive_stamped__type_support.cpp.o[0m
[7.225s] [35m[1mScanning dependencies of target ackermann_msgs__rosidl_typesupport_introspection_c[0m
[7.237s] [35m[1mScanning dependencies of target ackermann_msgs__rosidl_typesupport_fastrtps_cpp[0m
[7.354s] [ 38%] [32mBuilding C object CMakeFiles/ackermann_msgs__rosidl_typesupport_introspection_c.dir/rosidl_typesupport_introspection_c/ackermann_msgs/msg/detail/ackermann_drive__type_support.c.o[0m
[7.374s] [ 41%] [32mBuilding C object CMakeFiles/ackermann_msgs__rosidl_typesupport_introspection_c.dir/rosidl_typesupport_introspection_c/ackermann_msgs/msg/detail/ackermann_drive_stamped__type_support.c.o[0m
[7.376s] [ 43%] [32mBuilding CXX object CMakeFiles/ackermann_msgs__rosidl_typesupport_fastrtps_cpp.dir/rosidl_typesupport_fastrtps_cpp/ackermann_msgs/msg/detail/dds_fastrtps/ackermann_drive__type_support.cpp.o[0m
[7.401s] [ 46%] [32mBuilding CXX object CMakeFiles/ackermann_msgs__rosidl_typesupport_fastrtps_cpp.dir/rosidl_typesupport_fastrtps_cpp/ackermann_msgs/msg/detail/dds_fastrtps/ackermann_drive_stamped__type_support.cpp.o[0m
[7.570s] [35m[1mScanning dependencies of target ackermann_msgs__rosidl_typesupport_c[0m
[7.632s] [ 48%] [32m[1mLinking C shared library libackermann_msgs__rosidl_typesupport_introspection_c.so[0m
[7.652s] [ 51%] [32mBuilding CXX object CMakeFiles/ackermann_msgs__rosidl_typesupport_c.dir/rosidl_typesupport_c/ackermann_msgs/msg/ackermann_drive__type_support.cpp.o[0m
[7.694s] [ 53%] [32mBuilding CXX object CMakeFiles/ackermann_msgs__rosidl_typesupport_c.dir/rosidl_typesupport_c/ackermann_msgs/msg/ackermann_drive_stamped__type_support.cpp.o[0m
[7.901s] [ 56%] [32m[1mLinking CXX shared library libackermann_msgs__rosidl_typesupport_c.so[0m
[7.907s] [ 56%] Built target ackermann_msgs__rosidl_typesupport_introspection_c
[8.214s] [ 58%] [32m[1mLinking CXX shared library libackermann_msgs__rosidl_typesupport_cpp.so[0m
[8.249s] [ 58%] Built target ackermann_msgs__rosidl_typesupport_c
[8.532s] [ 61%] [32m[1mLinking CXX shared library libackermann_msgs__rosidl_typesupport_introspection_cpp.so[0m
[8.647s] [ 61%] Built target ackermann_msgs__rosidl_typesupport_cpp
[8.999s] [ 61%] Built target ackermann_msgs__rosidl_typesupport_introspection_cpp
[10.396s] [ 64%] [32m[1mLinking CXX shared library libackermann_msgs__rosidl_typesupport_fastrtps_cpp.so[0m
[10.804s] [ 64%] Built target ackermann_msgs__rosidl_typesupport_fastrtps_cpp
[10.874s] [ 66%] [34m[1mGenerating C type support for eProsima Fast-RTPS[0m
[12.192s] [35m[1mScanning dependencies of target ackermann_msgs__rosidl_typesupport_fastrtps_c[0m
[12.264s] [ 69%] [32mBuilding CXX object CMakeFiles/ackermann_msgs__rosidl_typesupport_fastrtps_c.dir/rosidl_typesupport_fastrtps_c/ackermann_msgs/msg/detail/ackermann_drive__type_support_c.cpp.o[0m
[12.275s] [ 71%] [32mBuilding CXX object CMakeFiles/ackermann_msgs__rosidl_typesupport_fastrtps_c.dir/rosidl_typesupport_fastrtps_c/ackermann_msgs/msg/detail/ackermann_drive_stamped__type_support_c.cpp.o[0m
[13.833s] [ 74%] [32m[1mLinking CXX shared library libackermann_msgs__rosidl_typesupport_fastrtps_c.so[0m
[14.313s] [ 74%] Built target ackermann_msgs__rosidl_typesupport_fastrtps_c
[14.410s] [35m[1mScanning dependencies of target ackermann_msgs[0m
[14.458s] [ 74%] Built target ackermann_msgs
[14.536s] [35m[1mScanning dependencies of target ackermann_msgs__py[0m
[14.609s] [ 76%] [34m[1mGenerating Python code for ROS interfaces[0m
[17.392s] [ 76%] Built target ackermann_msgs__py
[17.499s] [35m[1mScanning dependencies of target ackermann_msgs__python[0m
[17.628s] [ 79%] [32mBuilding C object CMakeFiles/ackermann_msgs__python.dir/rosidl_generator_py/ackermann_msgs/msg/_ackermann_drive_stamped_s.c.o[0m
[17.628s] [ 82%] [32mBuilding C object CMakeFiles/ackermann_msgs__python.dir/rosidl_generator_py/ackermann_msgs/msg/_ackermann_drive_s.c.o[0m
[18.279s] [ 84%] [32m[1mLinking C shared library rosidl_generator_py/ackermann_msgs/libackermann_msgs__python.so[0m
[18.586s] [ 84%] Built target ackermann_msgs__python
[18.618s] [35m[1mScanning dependencies of target ackermann_msgs__rosidl_typesupport_c__pyext[0m
[18.696s] [35m[1mScanning dependencies of target ackermann_msgs__rosidl_typesupport_fastrtps_c__pyext[0m
[18.727s] [35m[1mScanning dependencies of target ackermann_msgs__rosidl_typesupport_introspection_c__pyext[0m
[18.737s] [ 87%] [32mBuilding C object CMakeFiles/ackermann_msgs__rosidl_typesupport_c__pyext.dir/rosidl_generator_py/ackermann_msgs/_ackermann_msgs_s.ep.rosidl_typesupport_c.c.o[0m
[18.815s] [ 89%] [32mBuilding C object CMakeFiles/ackermann_msgs__rosidl_typesupport_fastrtps_c__pyext.dir/rosidl_generator_py/ackermann_msgs/_ackermann_msgs_s.ep.rosidl_typesupport_fastrtps_c.c.o[0m
[18.871s] [ 92%] [32mBuilding C object CMakeFiles/ackermann_msgs__rosidl_typesupport_introspection_c__pyext.dir/rosidl_generator_py/ackermann_msgs/_ackermann_msgs_s.ep.rosidl_typesupport_introspection_c.c.o[0m
[19.308s] [ 94%] [32m[1mLinking CXX shared library rosidl_generator_py/ackermann_msgs/ackermann_msgs_s__rosidl_typesupport_fastrtps_c.cpython-38-x86_64-linux-gnu.so[0m
[19.354s] [ 97%] [32m[1mLinking C shared library rosidl_generator_py/ackermann_msgs/ackermann_msgs_s__rosidl_typesupport_c.cpython-38-x86_64-linux-gnu.so[0m
[19.412s] [100%] [32m[1mLinking C shared library rosidl_generator_py/ackermann_msgs/ackermann_msgs_s__rosidl_typesupport_introspection_c.cpython-38-x86_64-linux-gnu.so[0m
[19.682s] [100%] Built target ackermann_msgs__rosidl_typesupport_c__pyext
[19.692s] [100%] Built target ackermann_msgs__rosidl_typesupport_introspection_c__pyext
[19.802s] [100%] Built target ackermann_msgs__rosidl_typesupport_fastrtps_c__pyext
[19.873s] Invoked command in '/home/manuel/buggy_ws_beta.a/build/ackermann_msgs' returned '0': CMAKE_PREFIX_PATH=${CMAKE_PREFIX_PATH}:/home/manuel/buggy_space/install/joint_state_publisher_gui:/home/manuel/buggy_space/install/joint_state_publisher:/home/manuel/buggy_space/install/ackermann_odometry:/home/manuel/buggy_space/install/ackermann_controller:/opt/ros/foxy /usr/bin/cmake --build /home/manuel/buggy_ws_beta.a/build/ackermann_msgs -- -j16 -l16
[21.675s] Invoking command in '/home/manuel/buggy_ws_beta.a/build/ackermann_msgs': CMAKE_PREFIX_PATH=${CMAKE_PREFIX_PATH}:/home/manuel/buggy_space/install/joint_state_publisher_gui:/home/manuel/buggy_space/install/joint_state_publisher:/home/manuel/buggy_space/install/ackermann_odometry:/home/manuel/buggy_space/install/ackermann_controller:/opt/ros/foxy /usr/bin/cmake --install /home/manuel/buggy_ws_beta.a/build/ackermann_msgs
[30.393s] -- Install configuration: ""
[30.394s] -- Installing: /home/manuel/buggy_ws_beta.a/install/ackermann_msgs/share/ament_index/resource_index/rosidl_interfaces/ackermann_msgs
[30.394s] -- Installing: /home/manuel/buggy_ws_beta.a/install/ackermann_msgs/include/ackermann_msgs
[30.420s] -- Installing: /home/manuel/buggy_ws_beta.a/install/ackermann_msgs/include/ackermann_msgs/msg
[30.420s] -- Installing: /home/manuel/buggy_ws_beta.a/install/ackermann_msgs/include/ackermann_msgs/msg/detail
[30.421s] -- Installing: /home/manuel/buggy_ws_beta.a/install/ackermann_msgs/include/ackermann_msgs/msg/detail/ackermann_drive_stamped__functions.h
[30.421s] -- Installing: /home/manuel/buggy_ws_beta.a/install/ackermann_msgs/include/ackermann_msgs/msg/detail/ackermann_drive_stamped__struct.h
[30.421s] -- Installing: /home/manuel/buggy_ws_beta.a/install/ackermann_msgs/include/ackermann_msgs/msg/detail/ackermann_drive__struct.h
[30.421s] -- Installing: /home/manuel/buggy_ws_beta.a/install/ackermann_msgs/include/ackermann_msgs/msg/detail/ackermann_drive_stamped__functions.c
[30.421s] -- Installing: /home/manuel/buggy_ws_beta.a/install/ackermann_msgs/include/ackermann_msgs/msg/detail/ackermann_drive__type_support.h
[30.421s] -- Installing: /home/manuel/buggy_ws_beta.a/install/ackermann_msgs/include/ackermann_msgs/msg/detail/ackermann_drive__functions.c
[30.422s] -- Installing: /home/manuel/buggy_ws_beta.a/install/ackermann_msgs/include/ackermann_msgs/msg/detail/ackermann_drive_stamped__type_support.h
[30.422s] -- Installing: /home/manuel/buggy_ws_beta.a/install/ackermann_msgs/include/ackermann_msgs/msg/detail/ackermann_drive__functions.h
[30.422s] -- Installing: /home/manuel/buggy_ws_beta.a/install/ackermann_msgs/include/ackermann_msgs/msg/rosidl_generator_c__visibility_control.h
[30.422s] -- Installing: /home/manuel/buggy_ws_beta.a/install/ackermann_msgs/include/ackermann_msgs/msg/ackermann_drive.h
[30.422s] -- Installing: /home/manuel/buggy_ws_beta.a/install/ackermann_msgs/include/ackermann_msgs/msg/ackermann_drive_stamped.h
[30.423s] -- Installing: /home/manuel/buggy_ws_beta.a/install/ackermann_msgs/share/ackermann_msgs/environment/library_path.sh
[30.423s] -- Installing: /home/manuel/buggy_ws_beta.a/install/ackermann_msgs/share/ackermann_msgs/environment/library_path.dsv
[30.423s] -- Installing: /home/manuel/buggy_ws_beta.a/install/ackermann_msgs/lib/libackermann_msgs__rosidl_generator_c.so
[30.423s] -- Set runtime path of "/home/manuel/buggy_ws_beta.a/install/ackermann_msgs/lib/libackermann_msgs__rosidl_generator_c.so" to ""
[30.423s] -- Up-to-date: /home/manuel/buggy_ws_beta.a/install/ackermann_msgs/include/ackermann_msgs
[30.423s] -- Up-to-date: /home/manuel/buggy_ws_beta.a/install/ackermann_msgs/include/ackermann_msgs/msg
[30.423s] -- Up-to-date: /home/manuel/buggy_ws_beta.a/install/ackermann_msgs/include/ackermann_msgs/msg/detail
[30.424s] -- Installing: /home/manuel/buggy_ws_beta.a/install/ackermann_msgs/include/ackermann_msgs/msg/detail/ackermann_drive_stamped__rosidl_typesupport_fastrtps_c.h
[30.424s] -- Installing: /home/manuel/buggy_ws_beta.a/install/ackermann_msgs/include/ackermann_msgs/msg/detail/ackermann_drive__rosidl_typesupport_fastrtps_c.h
[30.424s] -- Installing: /home/manuel/buggy_ws_beta.a/install/ackermann_msgs/include/ackermann_msgs/msg/rosidl_typesupport_fastrtps_c__visibility_control.h
[30.424s] -- Installing: /home/manuel/buggy_ws_beta.a/install/ackermann_msgs/lib/libackermann_msgs__rosidl_typesupport_fastrtps_c.so
[30.424s] -- Set runtime path of "/home/manuel/buggy_ws_beta.a/install/ackermann_msgs/lib/libackermann_msgs__rosidl_typesupport_fastrtps_c.so" to ""
[30.424s] -- Up-to-date: /home/manuel/buggy_ws_beta.a/install/ackermann_msgs/include/ackermann_msgs
[30.425s] -- Up-to-date: /home/manuel/buggy_ws_beta.a/install/ackermann_msgs/include/ackermann_msgs/msg
[30.425s] -- Up-to-date: /home/manuel/buggy_ws_beta.a/install/ackermann_msgs/include/ackermann_msgs/msg/detail
[30.425s] -- Installing: /home/manuel/buggy_ws_beta.a/install/ackermann_msgs/include/ackermann_msgs/msg/detail/ackermann_drive_stamped__rosidl_typesupport_fastrtps_cpp.hpp
[30.425s] -- Installing: /home/manuel/buggy_ws_beta.a/install/ackermann_msgs/include/ackermann_msgs/msg/detail/dds_fastrtps
[30.425s] -- Installing: /home/manuel/buggy_ws_beta.a/install/ackermann_msgs/include/ackermann_msgs/msg/detail/ackermann_drive__rosidl_typesupport_fastrtps_cpp.hpp
[30.425s] -- Installing: /home/manuel/buggy_ws_beta.a/install/ackermann_msgs/include/ackermann_msgs/msg/rosidl_typesupport_fastrtps_cpp__visibility_control.h
[30.425s] -- Installing: /home/manuel/buggy_ws_beta.a/install/ackermann_msgs/lib/libackermann_msgs__rosidl_typesupport_fastrtps_cpp.so
[30.426s] -- Set runtime path of "/home/manuel/buggy_ws_beta.a/install/ackermann_msgs/lib/libackermann_msgs__rosidl_typesupport_fastrtps_cpp.so" to ""
[30.426s] -- Up-to-date: /home/manuel/buggy_ws_beta.a/install/ackermann_msgs/include/ackermann_msgs
[30.426s] -- Up-to-date: /home/manuel/buggy_ws_beta.a/install/ackermann_msgs/include/ackermann_msgs/msg
[30.426s] -- Up-to-date: /home/manuel/buggy_ws_beta.a/install/ackermann_msgs/include/ackermann_msgs/msg/detail
[30.426s] -- Installing: /home/manuel/buggy_ws_beta.a/install/ackermann_msgs/include/ackermann_msgs/msg/detail/ackermann_drive_stamped__type_support.c
[30.426s] -- Installing: /home/manuel/buggy_ws_beta.a/install/ackermann_msgs/include/ackermann_msgs/msg/detail/ackermann_drive__rosidl_typesupport_introspection_c.h
[30.426s] -- Installing: /home/manuel/buggy_ws_beta.a/install/ackermann_msgs/include/ackermann_msgs/msg/detail/ackermann_drive__type_support.c
[30.427s] -- Installing: /home/manuel/buggy_ws_beta.a/install/ackermann_msgs/include/ackermann_msgs/msg/detail/ackermann_drive_stamped__rosidl_typesupport_introspection_c.h
[30.427s] -- Installing: /home/manuel/buggy_ws_beta.a/install/ackermann_msgs/include/ackermann_msgs/msg/rosidl_typesupport_introspection_c__visibility_control.h
[30.427s] -- Installing: /home/manuel/buggy_ws_beta.a/install/ackermann_msgs/lib/libackermann_msgs__rosidl_typesupport_introspection_c.so
[30.427s] -- Set runtime path of "/home/manuel/buggy_ws_beta.a/install/ackermann_msgs/lib/libackermann_msgs__rosidl_typesupport_introspection_c.so" to ""
[30.427s] -- Installing: /home/manuel/buggy_ws_beta.a/install/ackermann_msgs/lib/libackermann_msgs__rosidl_typesupport_c.so
[30.427s] -- Set runtime path of "/home/manuel/buggy_ws_beta.a/install/ackermann_msgs/lib/libackermann_msgs__rosidl_typesupport_c.so" to ""
[30.427s] -- Up-to-date: /home/manuel/buggy_ws_beta.a/install/ackermann_msgs/include/ackermann_msgs
[30.428s] -- Up-to-date: /home/manuel/buggy_ws_beta.a/install/ackermann_msgs/include/ackermann_msgs/msg
[30.428s] -- Up-to-date: /home/manuel/buggy_ws_beta.a/install/ackermann_msgs/include/ackermann_msgs/msg/detail
[30.428s] -- Installing: /home/manuel/buggy_ws_beta.a/install/ackermann_msgs/include/ackermann_msgs/msg/detail/ackermann_drive_stamped__struct.hpp
[30.428s] -- Installing: /home/manuel/buggy_ws_beta.a/install/ackermann_msgs/include/ackermann_msgs/msg/detail/ackermann_drive__struct.hpp
[30.428s] -- Installing: /home/manuel/buggy_ws_beta.a/install/ackermann_msgs/include/ackermann_msgs/msg/detail/ackermann_drive__builder.hpp
[30.428s] -- Installing: /home/manuel/buggy_ws_beta.a/install/ackermann_msgs/include/ackermann_msgs/msg/detail/ackermann_drive__traits.hpp
[30.429s] -- Installing: /home/manuel/buggy_ws_beta.a/install/ackermann_msgs/include/ackermann_msgs/msg/detail/ackermann_drive_stamped__traits.hpp
[30.429s] -- Installing: /home/manuel/buggy_ws_beta.a/install/ackermann_msgs/include/ackermann_msgs/msg/detail/ackermann_drive_stamped__builder.hpp
[30.429s] -- Installing: /home/manuel/buggy_ws_beta.a/install/ackermann_msgs/include/ackermann_msgs/msg/ackermann_drive_stamped.hpp
[30.429s] -- Installing: /home/manuel/buggy_ws_beta.a/install/ackermann_msgs/include/ackermann_msgs/msg/ackermann_drive.hpp
[30.429s] -- Up-to-date: /home/manuel/buggy_ws_beta.a/install/ackermann_msgs/include/ackermann_msgs
[30.429s] -- Up-to-date: /home/manuel/buggy_ws_beta.a/install/ackermann_msgs/include/ackermann_msgs/msg
[30.430s] -- Up-to-date: /home/manuel/buggy_ws_beta.a/install/ackermann_msgs/include/ackermann_msgs/msg/detail
[30.430s] -- Installing: /home/manuel/buggy_ws_beta.a/install/ackermann_msgs/include/ackermann_msgs/msg/detail/ackermann_drive_stamped__type_support.cpp
[30.430s] -- Installing: /home/manuel/buggy_ws_beta.a/install/ackermann_msgs/include/ackermann_msgs/msg/detail/ackermann_drive__rosidl_typesupport_introspection_cpp.hpp
[30.430s] -- Installing: /home/manuel/buggy_ws_beta.a/install/ackermann_msgs/include/ackermann_msgs/msg/detail/ackermann_drive_stamped__rosidl_typesupport_introspection_cpp.hpp
[30.452s] -- Installing: /home/manuel/buggy_ws_beta.a/install/ackermann_msgs/include/ackermann_msgs/msg/detail/ackermann_drive__type_support.cpp
[30.453s] -- Installing: /home/manuel/buggy_ws_beta.a/install/ackermann_msgs/lib/libackermann_msgs__rosidl_typesupport_introspection_cpp.so
[30.453s] -- Set runtime path of "/home/manuel/buggy_ws_beta.a/install/ackermann_msgs/lib/libackermann_msgs__rosidl_typesupport_introspection_cpp.so" to ""
[30.453s] -- Installing: /home/manuel/buggy_ws_beta.a/install/ackermann_msgs/lib/libackermann_msgs__rosidl_typesupport_cpp.so
[30.453s] -- Set runtime path of "/home/manuel/buggy_ws_beta.a/install/ackermann_msgs/lib/libackermann_msgs__rosidl_typesupport_cpp.so" to ""
[30.453s] -- Installing: /home/manuel/buggy_ws_beta.a/install/ackermann_msgs/share/ackermann_msgs/environment/pythonpath.sh
[30.454s] -- Installing: /home/manuel/buggy_ws_beta.a/install/ackermann_msgs/share/ackermann_msgs/environment/pythonpath.dsv
[30.454s] -- Installing: /home/manuel/buggy_ws_beta.a/install/ackermann_msgs/lib/python3.8/site-packages/ackermann_msgs/__init__.py
[30.454s] Compiling '/home/manuel/buggy_ws_beta.a/install/ackermann_msgs/lib/python3.8/site-packages/ackermann_msgs/__init__.py'...
[30.454s] -- Installing: /home/manuel/buggy_ws_beta.a/install/ackermann_msgs/lib/python3.8/site-packages/ackermann_msgs/msg
[30.454s] -- Installing: /home/manuel/buggy_ws_beta.a/install/ackermann_msgs/lib/python3.8/site-packages/ackermann_msgs/msg/_ackermann_drive_stamped.py
[30.454s] -- Installing: /home/manuel/buggy_ws_beta.a/install/ackermann_msgs/lib/python3.8/site-packages/ackermann_msgs/msg/_ackermann_drive.py
[30.455s] -- Installing: /home/manuel/buggy_ws_beta.a/install/ackermann_msgs/lib/python3.8/site-packages/ackermann_msgs/msg/_ackermann_drive_s.c
[30.455s] -- Installing: /home/manuel/buggy_ws_beta.a/install/ackermann_msgs/lib/python3.8/site-packages/ackermann_msgs/msg/_ackermann_drive_stamped_s.c
[30.455s] -- Installing: /home/manuel/buggy_ws_beta.a/install/ackermann_msgs/lib/python3.8/site-packages/ackermann_msgs/msg/__init__.py
[30.455s] -- Installing: /home/manuel/buggy_ws_beta.a/install/ackermann_msgs/lib/python3.8/site-packages/ackermann_msgs/ackermann_msgs_s__rosidl_typesupport_fastrtps_c.cpython-38-x86_64-linux-gnu.so
[30.455s] -- Set runtime path of "/home/manuel/buggy_ws_beta.a/install/ackermann_msgs/lib/python3.8/site-packages/ackermann_msgs/ackermann_msgs_s__rosidl_typesupport_fastrtps_c.cpython-38-x86_64-linux-gnu.so" to ""
[30.455s] -- Installing: /home/manuel/buggy_ws_beta.a/install/ackermann_msgs/lib/python3.8/site-packages/ackermann_msgs/ackermann_msgs_s__rosidl_typesupport_introspection_c.cpython-38-x86_64-linux-gnu.so
[30.455s] -- Set runtime path of "/home/manuel/buggy_ws_beta.a/install/ackermann_msgs/lib/python3.8/site-packages/ackermann_msgs/ackermann_msgs_s__rosidl_typesupport_introspection_c.cpython-38-x86_64-linux-gnu.so" to ""
[30.456s] -- Installing: /home/manuel/buggy_ws_beta.a/install/ackermann_msgs/lib/python3.8/site-packages/ackermann_msgs/ackermann_msgs_s__rosidl_typesupport_c.cpython-38-x86_64-linux-gnu.so
[30.456s] -- Set runtime path of "/home/manuel/buggy_ws_beta.a/install/ackermann_msgs/lib/python3.8/site-packages/ackermann_msgs/ackermann_msgs_s__rosidl_typesupport_c.cpython-38-x86_64-linux-gnu.so" to ""
[30.456s] -- Installing: /home/manuel/buggy_ws_beta.a/install/ackermann_msgs/lib/libackermann_msgs__python.so
[30.456s] -- Set runtime path of "/home/manuel/buggy_ws_beta.a/install/ackermann_msgs/lib/libackermann_msgs__python.so" to ""
[30.456s] -- Installing: /home/manuel/buggy_ws_beta.a/install/ackermann_msgs/share/ackermann_msgs/msg/AckermannDrive.idl
[30.456s] -- Installing: /home/manuel/buggy_ws_beta.a/install/ackermann_msgs/share/ackermann_msgs/msg/AckermannDriveStamped.idl
[30.457s] -- Installing: /home/manuel/buggy_ws_beta.a/install/ackermann_msgs/share/ackermann_msgs/msg/AckermannDrive.msg
[30.457s] -- Installing: /home/manuel/buggy_ws_beta.a/install/ackermann_msgs/share/ackermann_msgs/msg/AckermannDriveStamped.msg
[30.457s] -- Installing: /home/manuel/buggy_ws_beta.a/install/ackermann_msgs/share/ament_index/resource_index/package_run_dependencies/ackermann_msgs
[30.457s] -- Installing: /home/manuel/buggy_ws_beta.a/install/ackermann_msgs/share/ament_index/resource_index/parent_prefix_path/ackermann_msgs
[30.461s] -- Installing: /home/manuel/buggy_ws_beta.a/install/ackermann_msgs/share/ackermann_msgs/environment/ament_prefix_path.sh
[30.462s] -- Installing: /home/manuel/buggy_ws_beta.a/install/ackermann_msgs/share/ackermann_msgs/environment/ament_prefix_path.dsv
[30.462s] -- Installing: /home/manuel/buggy_ws_beta.a/install/ackermann_msgs/share/ackermann_msgs/environment/path.sh
[30.462s] -- Installing: /home/manuel/buggy_ws_beta.a/install/ackermann_msgs/share/ackermann_msgs/environment/path.dsv
[30.462s] -- Installing: /home/manuel/buggy_ws_beta.a/install/ackermann_msgs/share/ackermann_msgs/local_setup.bash
[30.462s] -- Installing: /home/manuel/buggy_ws_beta.a/install/ackermann_msgs/share/ackermann_msgs/local_setup.sh
[30.462s] -- Installing: /home/manuel/buggy_ws_beta.a/install/ackermann_msgs/share/ackermann_msgs/local_setup.zsh
[30.463s] -- Installing: /home/manuel/buggy_ws_beta.a/install/ackermann_msgs/share/ackermann_msgs/local_setup.dsv
[30.463s] -- Installing: /home/manuel/buggy_ws_beta.a/install/ackermann_msgs/share/ackermann_msgs/package.dsv
[30.463s] -- Installing: /home/manuel/buggy_ws_beta.a/install/ackermann_msgs/share/ament_index/resource_index/packages/ackermann_msgs
[30.463s] -- Installing: /home/manuel/buggy_ws_beta.a/install/ackermann_msgs/share/ackermann_msgs/cmake/ackermann_msgs__rosidl_generator_cExport.cmake
[30.463s] -- Installing: /home/manuel/buggy_ws_beta.a/install/ackermann_msgs/share/ackermann_msgs/cmake/ackermann_msgs__rosidl_generator_cExport-noconfig.cmake
[30.463s] -- Installing: /home/manuel/buggy_ws_beta.a/install/ackermann_msgs/share/ackermann_msgs/cmake/ackermann_msgs__rosidl_typesupport_introspection_cExport.cmake
[30.463s] -- Installing: /home/manuel/buggy_ws_beta.a/install/ackermann_msgs/share/ackermann_msgs/cmake/ackermann_msgs__rosidl_typesupport_introspection_cExport-noconfig.cmake
[30.464s] -- Installing: /home/manuel/buggy_ws_beta.a/install/ackermann_msgs/share/ackermann_msgs/cmake/ackermann_msgs__rosidl_typesupport_cExport.cmake
[30.464s] -- Installing: /home/manuel/buggy_ws_beta.a/install/ackermann_msgs/share/ackermann_msgs/cmake/ackermann_msgs__rosidl_typesupport_cExport-noconfig.cmake
[30.464s] -- Installing: /home/manuel/buggy_ws_beta.a/install/ackermann_msgs/share/ackermann_msgs/cmake/ackermann_msgs__rosidl_generator_cppExport.cmake
[30.464s] -- Installing: /home/manuel/buggy_ws_beta.a/install/ackermann_msgs/share/ackermann_msgs/cmake/ackermann_msgs__rosidl_typesupport_introspection_cppExport.cmake
[30.464s] -- Installing: /home/manuel/buggy_ws_beta.a/install/ackermann_msgs/share/ackermann_msgs/cmake/ackermann_msgs__rosidl_typesupport_introspection_cppExport-noconfig.cmake
[30.464s] -- Installing: /home/manuel/buggy_ws_beta.a/install/ackermann_msgs/share/ackermann_msgs/cmake/ackermann_msgs__rosidl_typesupport_cppExport.cmake
[30.464s] -- Installing: /home/manuel/buggy_ws_beta.a/install/ackermann_msgs/share/ackermann_msgs/cmake/ackermann_msgs__rosidl_typesupport_cppExport-noconfig.cmake
[30.465s] -- Installing: /home/manuel/buggy_ws_beta.a/install/ackermann_msgs/share/ackermann_msgs/cmake/rosidl_cmake-extras.cmake
[30.465s] -- Installing: /home/manuel/buggy_ws_beta.a/install/ackermann_msgs/share/ackermann_msgs/cmake/ament_cmake_export_dependencies-extras.cmake
[30.465s] -- Installing: /home/manuel/buggy_ws_beta.a/install/ackermann_msgs/share/ackermann_msgs/cmake/ament_cmake_export_libraries-extras.cmake
[30.465s] -- Installing: /home/manuel/buggy_ws_beta.a/install/ackermann_msgs/share/ackermann_msgs/cmake/ament_cmake_export_targets-extras.cmake
[30.466s] -- Installing: /home/manuel/buggy_ws_beta.a/install/ackermann_msgs/share/ackermann_msgs/cmake/ament_cmake_export_include_directories-extras.cmake
[30.466s] -- Installing: /home/manuel/buggy_ws_beta.a/install/ackermann_msgs/share/ackermann_msgs/cmake/rosidl_cmake_export_typesupport_libraries-extras.cmake
[30.466s] -- Installing: /home/manuel/buggy_ws_beta.a/install/ackermann_msgs/share/ackermann_msgs/cmake/rosidl_cmake_export_typesupport_targets-extras.cmake
[30.466s] -- Installing: /home/manuel/buggy_ws_beta.a/install/ackermann_msgs/share/ackermann_msgs/cmake/ackermann_msgsConfig.cmake
[30.466s] -- Installing: /home/manuel/buggy_ws_beta.a/install/ackermann_msgs/share/ackermann_msgs/cmake/ackermann_msgsConfig-version.cmake
[30.467s] -- Installing: /home/manuel/buggy_ws_beta.a/install/ackermann_msgs/share/ackermann_msgs/package.xml
[30.721s] Invoked command in '/home/manuel/buggy_ws_beta.a/build/ackermann_msgs' returned '0': CMAKE_PREFIX_PATH=${CMAKE_PREFIX_PATH}:/home/manuel/buggy_space/install/joint_state_publisher_gui:/home/manuel/buggy_space/install/joint_state_publisher:/home/manuel/buggy_space/install/ackermann_odometry:/home/manuel/buggy_space/install/ackermann_controller:/opt/ros/foxy /usr/bin/cmake --install /home/manuel/buggy_ws_beta.a/build/ackermann_msgs
