[0.044s] Invoking command in '/home/manuel/buggy_ws_beta.a/build/buggy_mobile_robot': AMENT_PREFIX_PATH=/home/manuel/buggy_ws_beta.a/install/teb_msgs:/home/manuel/buggy_ws_beta.a/install/costmap_converter:/home/manuel/buggy_ws_beta.a/install/camera_info_manager:/home/manuel/buggy_ws_beta.a/install/vox_nav_msgs:/home/manuel/buggy_ws_beta.a/install/joint_state_publisher:/home/manuel/buggy_ws_beta.a/install/image_transport:/home/manuel/buggy_ws_beta.a/install/costmap_converter_msgs:/home/manuel/buggy_ws_beta.a/install/camera_calibration_parsers:${AMENT_PREFIX_PATH} CMAKE_PREFIX_PATH=/home/manuel/buggy_ws_beta.a/install/teb_msgs:/home/manuel/buggy_ws_beta.a/install/costmap_converter:/home/manuel/buggy_ws_beta.a/install/camera_info_manager:/home/manuel/buggy_ws_beta.a/install/vox_nav_msgs:/home/manuel/buggy_ws_beta.a/install/image_transport:/home/manuel/buggy_ws_beta.a/install/costmap_converter_msgs:/home/manuel/buggy_ws_beta.a/install/camera_calibration_parsers:/home/manuel/buggy_space/install/zed_ros2:/home/manuel/buggy_space/install/zed_display_rviz2:/home/manuel/buggy_space/install/zed_wrapper:/home/manuel/buggy_space/install/zed_tutorial_video:/home/manuel/buggy_space/install/zed_tutorial_pos_tracking:/home/manuel/buggy_space/install/zed_tutorial_depth:/home/manuel/buggy_space/install/zed_rgb_convert:/home/manuel/buggy_space/install/zed_components:/home/manuel/buggy_space/install/rviz_plugin_zed_od:/home/manuel/buggy_space/install/zed_interfaces:/home/manuel/buggy_space/install/buggy_mobile_robot:/home/manuel/buggy_space/install/vox_nav_msgs:/home/manuel/buggy_space/install/velodyne:/home/manuel/buggy_space/install/velodyne_pointcloud:/home/manuel/buggy_space/install/velodyne_driver:/home/manuel/buggy_space/install/velodyne_msgs:/home/manuel/buggy_space/install/velodyne_laserscan:/home/manuel/buggy_space/install/teb_local_planner:/home/manuel/buggy_space/install/teb_msgs:/home/manuel/buggy_space/install/sick_scan2:/home/manuel/buggy_space/install/ros_sensors:/home/manuel/buggy_space/install/ros2socketcan_lib:/home/manuel/buggy_space/install/ros2car_buggy:/home/manuel/buggy_space/install/robot_localization:/home/manuel/buggy_space/install/image_common:/home/manuel/buggy_space/install/image_transport:/home/manuel/buggy_space/install/costmap_converter:/home/manuel/buggy_space/install/costmap_converter_msgs:/home/manuel/buggy_space/install/can_msgs:/home/manuel/buggy_space/install/camera_info_manager:/home/manuel/buggy_space/install/camera_calibration_parsers:/home/manuel/buggy_space/install/buggy_msgs:/home/manuel/buggy_space/install/buggy_mobile_navigation:/home/manuel/buggy_space/install/ackermann_msgs:/home/manuel/buggy_space/install/ackermann_interfaces:/home/manuel/buggy_space/install/joint_state_publisher_gui:/home/manuel/buggy_space/install/joint_state_publisher:/home/manuel/buggy_space/install/ackermann_odometry:/home/manuel/buggy_space/install/ackermann_controller:/opt/ros/foxy LD_LIBRARY_PATH=/home/manuel/buggy_ws_beta.a/install/teb_msgs/lib:/home/manuel/buggy_ws_beta.a/install/costmap_converter/lib:/home/manuel/buggy_ws_beta.a/install/camera_info_manager/lib:/home/manuel/buggy_ws_beta.a/install/vox_nav_msgs/lib:/home/manuel/buggy_ws_beta.a/install/image_transport/lib:/home/manuel/buggy_ws_beta.a/install/costmap_converter_msgs/lib:/home/manuel/buggy_ws_beta.a/install/camera_calibration_parsers/lib:${LD_LIBRARY_PATH} PATH=/home/manuel/buggy_ws_beta.a/install/costmap_converter/bin:${PATH} PYTHONPATH=/home/manuel/buggy_ws_beta.a/install/teb_msgs/lib/python3.8/site-packages:/home/manuel/buggy_ws_beta.a/install/vox_nav_msgs/lib/python3.8/site-packages:/home/manuel/buggy_ws_beta.a/install/joint_state_publisher/lib/python3.8/site-packages:/home/manuel/buggy_ws_beta.a/install/costmap_converter_msgs/lib/python3.8/site-packages:${PYTHONPATH} /usr/bin/cmake /home/manuel/buggy_ws_beta.a/src/buggy_mobile_robot -DCMAKE_INSTALL_PREFIX=/home/manuel/buggy_ws_beta.a/install/buggy_mobile_robot
[0.108s] -- The C compiler identification is GNU 9.4.0
[0.174s] -- The CXX compiler identification is GNU 9.4.0
[0.184s] -- Check for working C compiler: /usr/bin/cc
[0.263s] -- Check for working C compiler: /usr/bin/cc -- works
[0.264s] -- Detecting C compiler ABI info
[0.341s] -- Detecting C compiler ABI info - done
[0.354s] -- Detecting C compile features
[0.355s] -- Detecting C compile features - done
[0.358s] -- Check for working CXX compiler: /usr/bin/c++
[0.447s] -- Check for working CXX compiler: /usr/bin/c++ -- works
[0.448s] -- Detecting CXX compiler ABI info
[0.540s] -- Detecting CXX compiler ABI info - done
[0.554s] -- Detecting CXX compile features
[0.555s] -- Detecting CXX compile features - done
[0.558s] -- Found ament_cmake: 0.9.11 (/opt/ros/foxy/share/ament_cmake/cmake)
[0.590s] -- Found PythonInterp: /usr/bin/python3 (found suitable version "3.8.10", minimum required is "3") 
[0.590s] -- Using PYTHON_EXECUTABLE: /usr/bin/python3
[0.899s] -- Found camera_info_manager: 3.0.0 (/home/manuel/buggy_ws_beta.a/install/camera_info_manager/share/camera_info_manager/cmake)
[0.974s] -- Using all available rosidl_typesupport_c: rosidl_typesupport_fastrtps_c;rosidl_typesupport_introspection_c
[0.983s] -- Found rosidl_adapter: 1.3.0 (/opt/ros/foxy/share/rosidl_adapter/cmake)
[1.082s] -- Found OpenSSL: /usr/lib/x86_64-linux-gnu/libcrypto.so (found version "1.1.1f")  
[1.118s] -- Found FastRTPS: /opt/ros/foxy/include  
[1.212s] -- Using all available rosidl_typesupport_cpp: rosidl_typesupport_fastrtps_cpp;rosidl_typesupport_introspection_cpp
[1.282s] -- Found rmw_implementation_cmake: 1.0.3 (/opt/ros/foxy/share/rmw_implementation_cmake/cmake)
[1.286s] -- Using RMW implementation 'rmw_fastrtps_cpp' as default
[1.287s] -- Looking for pthread.h
[1.366s] -- Looking for pthread.h - found
[1.366s] -- Performing Test CMAKE_HAVE_LIBC_PTHREAD
[1.447s] -- Performing Test CMAKE_HAVE_LIBC_PTHREAD - Failed
[1.447s] -- Looking for pthread_create in pthreads
[1.513s] -- Looking for pthread_create in pthreads - not found
[1.513s] -- Looking for pthread_create in pthread
[1.593s] -- Looking for pthread_create in pthread - found
[1.594s] -- Found Threads: TRUE  
[1.959s] -- Setting yaml-cpp_DIR to: '/opt/ros/foxy/share/yaml_cpp_vendor/cmake/../../../opt/yaml_cpp_vendor/lib/cmake/yaml-cpp'
[2.062s] -- Found PkgConfig: /usr/bin/pkg-config (found version "0.29.1") 
[2.064s] -- Checking for module 'bullet>=2.82'
[2.087s] --   Found bullet, version 2.88
[2.253s] -- Found ccd: /usr/include (found suitable version "2.0", minimum required is "2.0") 
[2.337s] -- Found fcl: /usr/include (found suitable version "0.5.0", minimum required is "0.3.2") 
[2.422s] -- Found assimp: /usr/include (found version "5.0.0") 
[2.451s] -- Found DART: /usr/include (Required is at least version "6.6") found components: dart 
[2.485s] -- Found Boost: /usr/lib/x86_64-linux-gnu/cmake/Boost-1.71.0/BoostConfig.cmake (found suitable version "1.71.0", minimum required is "1.40.0") found components: thread system filesystem program_options regex iostreams date_time 
[2.513s] -- Found Protobuf: /usr/lib/x86_64-linux-gnu/libprotobuf.so;-lpthread (found version "3.6.1") 
[2.519s] -- Looking for ignition-math6 -- found version 6.13.0
[2.527s] -- Searching for dependencies of ignition-math6
[2.529s] -- Looking for OGRE...
[2.529s] -- OGRE_PREFIX_WATCH changed.
[2.536s] -- Checking for module 'OGRE'
[2.561s] --   Found OGRE, version 1.9.0
[2.618s] -- Found Ogre Ghadamon (1.9.0)
[2.634s] -- Found OGRE: optimized;/usr/lib/x86_64-linux-gnu/libOgreMain.so;debug;/usr/lib/x86_64-linux-gnu/libOgreMain.so
[2.647s] -- Looking for OGRE_Paging...
[2.661s] -- Found OGRE_Paging: optimized;/usr/lib/x86_64-linux-gnu/libOgrePaging.so;debug;/usr/lib/x86_64-linux-gnu/libOgrePaging.so
[2.661s] -- Looking for OGRE_Terrain...
[2.675s] -- Found OGRE_Terrain: optimized;/usr/lib/x86_64-linux-gnu/libOgreTerrain.so;debug;/usr/lib/x86_64-linux-gnu/libOgreTerrain.so
[2.676s] -- Looking for OGRE_Property...
[2.690s] -- Found OGRE_Property: optimized;/usr/lib/x86_64-linux-gnu/libOgreProperty.so;debug;/usr/lib/x86_64-linux-gnu/libOgreProperty.so
[2.690s] -- Looking for OGRE_RTShaderSystem...
[2.705s] -- Found OGRE_RTShaderSystem: optimized;/usr/lib/x86_64-linux-gnu/libOgreRTShaderSystem.so;debug;/usr/lib/x86_64-linux-gnu/libOgreRTShaderSystem.so
[2.705s] -- Looking for OGRE_Volume...
[2.719s] -- Found OGRE_Volume: optimized;/usr/lib/x86_64-linux-gnu/libOgreVolume.so;debug;/usr/lib/x86_64-linux-gnu/libOgreVolume.so
[2.719s] -- Looking for OGRE_Overlay...
[2.735s] -- Found OGRE_Overlay: optimized;/usr/lib/x86_64-linux-gnu/libOgreOverlay.so;debug;/usr/lib/x86_64-linux-gnu/libOgreOverlay.so
[3.027s] -- Looking for ignition-math6 -- found version 6.13.0
[3.029s] -- Looking for ignition-transport8 -- found version 8.3.0
[3.030s] -- Searching for dependencies of ignition-transport8
[3.051s] -- Found Protobuf: /usr/lib/x86_64-linux-gnu/libprotobuf.so;-lpthread (found suitable version "3.6.1", minimum required is "3") 
[3.064s] -- Config-file not installed for ZeroMQ -- checking for pkg-config
[3.069s] -- Checking for module 'libzmq >= 4'
[3.089s] --   Found libzmq , version 4.3.2
[3.137s] -- Found ZeroMQ: TRUE (Required is at least version "4") 
[3.143s] -- Checking for module 'uuid'
[3.164s] --   Found uuid, version 2.34.0
[3.210s] -- Found UUID: TRUE  
[3.212s] -- Looking for ignition-msgs5 -- found version 5.10.0
[3.213s] -- Searching for dependencies of ignition-msgs5
[3.234s] -- Looking for ignition-math6 -- found version 6.13.0
[3.240s] -- Checking for module 'tinyxml2'
[3.260s] --   Found tinyxml2, version 6.2.0
[3.306s] -- Looking for ignition-msgs5 -- found version 5.10.0
[3.308s] -- Looking for ignition-common3 -- found version 3.14.2
[3.309s] -- Searching for dependencies of ignition-common3
[3.309s] -- Looking for dlfcn.h - found
[3.311s] -- Looking for libdl - found
[3.313s] -- Found DL: TRUE  
[3.323s] -- Searching for <ignition-common3> component [graphics]
[3.325s] -- Looking for ignition-common3-graphics -- found version 3.14.2
[3.326s] -- Searching for dependencies of ignition-common3-graphics
[3.326s] -- Looking for ignition-math6 -- found version 6.13.0
[3.329s] -- Looking for ignition-fuel_tools4 -- found version 4.6.0
[3.330s] -- Searching for dependencies of ignition-fuel_tools4
[3.428s] -- Found CURL: /usr/lib/x86_64-linux-gnu/libcurl.so (found version "7.68.0")  
[3.437s] -- Checking for module 'jsoncpp'
[3.459s] --   Found jsoncpp, version 1.7.4
[3.508s] -- Found JSONCPP: TRUE  
[3.514s] -- Checking for module 'libzip'
[3.536s] --   Found libzip, version 1.5.1
[3.585s] -- Found ZIP: TRUE  
[3.586s] -- Looking for ignition-common3 -- found version 3.14.2
[3.586s] -- Looking for ignition-math6 -- found version 6.13.0
[3.587s] -- Looking for ignition-msgs5 -- found version 5.10.0
[3.590s] -- Found gazebo_dev: 3.5.3 (/opt/ros/foxy/share/gazebo_dev/cmake)
[3.590s] -- Gazebo version: 11.11
[3.592s] -- Found gazebo_msgs: 3.5.3 (/opt/ros/foxy/share/gazebo_msgs/cmake)
[3.843s] -- Found gazebo_ros: 3.5.3 (/opt/ros/foxy/share/gazebo_ros/cmake)
[3.853s] -- Found image_transport: 3.0.0 (/home/manuel/buggy_ws_beta.a/install/image_transport/share/image_transport/cmake)
[3.920s] -- Found cv_bridge: 3.0.7 (/opt/ros/foxy/share/cv_bridge/cmake)
[3.952s] -- Found nav_msgs: 2.0.5 (/opt/ros/foxy/share/nav_msgs/cmake)
[4.041s] -- Found std_srvs: 2.0.5 (/opt/ros/foxy/share/std_srvs/cmake)
[4.052s] -- Found tf2: 0.13.13 (/opt/ros/foxy/share/tf2/cmake)
[4.064s] -- Found tf2_geometry_msgs: 0.13.13 (/opt/ros/foxy/share/tf2_geometry_msgs/cmake)
[4.073s] -- Found eigen3_cmake_module: 0.1.1 (/opt/ros/foxy/share/eigen3_cmake_module/cmake)
[4.075s] -- Found Eigen3: TRUE (found version "3.3.7") 
[4.480s] -- Found vox_nav_msgs: 0.0.0 (/home/manuel/buggy_ws_beta.a/install/vox_nav_msgs/share/vox_nav_msgs/cmake)
[4.980s] -- Found pcl_ros: 2.2.1 (/opt/ros/foxy/share/pcl_ros/cmake)
[5.310s] -- Checking for module 'eigen3'
[5.328s] --   Found eigen3, version 3.3.7
[5.366s] -- Found Eigen: /usr/include/eigen3 (Required is at least version "3.1") 
[5.366s] -- Eigen found (include: /usr/include/eigen3, version: 3.3.7)
[5.412s] -- Checking for module 'flann'
[5.430s] --   Found flann, version 1.9.1
[5.473s] -- Found FLANN: /usr/lib/x86_64-linux-gnu/libflann_cpp.so  
[5.536s] -- The imported target "vtkParseOGLExt" references the file
[5.536s]    "/usr/bin/vtkParseOGLExt-7.1"
[5.536s] but this file does not exist.  Possible reasons include:
[5.536s] * The file was deleted, renamed, or moved to another location.
[5.536s] * An install or uninstall procedure did not complete successfully.
[5.536s] * The installation package was faulty and contained
[5.536s]    "/usr/lib/cmake/vtk-7.1/VTKTargets.cmake"
[5.536s] but not all the files it references.
[5.536s] 
[5.537s] -- The imported target "vtkRenderingPythonTkWidgets" references the file
[5.537s]    "/usr/lib/x86_64-linux-gnu/libvtkRenderingPythonTkWidgets.so"
[5.537s] but this file does not exist.  Possible reasons include:
[5.537s] * The file was deleted, renamed, or moved to another location.
[5.537s] * An install or uninstall procedure did not complete successfully.
[5.537s] * The installation package was faulty and contained
[5.537s]    "/usr/lib/cmake/vtk-7.1/VTKTargets.cmake"
[5.537s] but not all the files it references.
[5.537s] 
[5.538s] -- The imported target "vtk" references the file
[5.538s]    "/usr/bin/vtk"
[5.538s] but this file does not exist.  Possible reasons include:
[5.538s] * The file was deleted, renamed, or moved to another location.
[5.538s] * An install or uninstall procedure did not complete successfully.
[5.538s] * The installation package was faulty and contained
[5.538s]    "/usr/lib/cmake/vtk-7.1/VTKTargets.cmake"
[5.538s] but not all the files it references.
[5.538s] 
[5.538s] -- The imported target "pvtk" references the file
[5.538s]    "/usr/bin/pvtk"
[5.538s] but this file does not exist.  Possible reasons include:
[5.538s] * The file was deleted, renamed, or moved to another location.
[5.538s] * An install or uninstall procedure did not complete successfully.
[5.539s] * The installation package was faulty and contained
[5.539s]    "/usr/lib/cmake/vtk-7.1/VTKTargets.cmake"
[5.539s] but not all the files it references.
[5.539s] 
[5.566s] -- Checking for module 'libusb-1.0'
[5.585s] --   Found libusb-1.0, version 1.0.23
[5.626s] -- Found USB_10: /usr/lib/x86_64-linux-gnu/libusb-1.0.so  
[5.687s] -- OpenNI found (include: /usr/include/ni, lib: /usr/lib/libOpenNI.so)
[5.753s] -- OpenNI2 found (include: /usr/include/openni2, lib: /usr/lib/libOpenNI2.so)
[5.768s] -- Found libusb-1.0: /usr/include  
[5.775s] -- OpenNI found (include: /usr/include/ni, lib: /usr/lib/libOpenNI.so)
[5.782s] -- OpenNI2 found (include: /usr/include/openni2, lib: /usr/lib/libOpenNI2.so)
[5.818s] -- Found Qhull: optimized;/usr/lib/x86_64-linux-gnu/libqhull.so;debug;/usr/lib/x86_64-linux-gnu/libqhull.so  
[5.818s] -- QHULL found (include: /usr/include, lib: optimized;/usr/lib/x86_64-linux-gnu/libqhull.so;debug;/usr/lib/x86_64-linux-gnu/libqhull.so)
[5.825s] -- OpenNI found (include: /usr/include/ni, lib: /usr/lib/libOpenNI.so)
[5.839s] -- Found PCL_COMMON: /usr/lib/x86_64-linux-gnu/libpcl_common.so  
[5.840s] -- Found PCL_KDTREE: /usr/lib/x86_64-linux-gnu/libpcl_kdtree.so  
[5.841s] -- Found PCL_OCTREE: /usr/lib/x86_64-linux-gnu/libpcl_octree.so  
[5.843s] -- Found PCL_SEARCH: /usr/lib/x86_64-linux-gnu/libpcl_search.so  
[5.844s] -- Found PCL_SAMPLE_CONSENSUS: /usr/lib/x86_64-linux-gnu/libpcl_sample_consensus.so  
[5.845s] -- Found PCL_FILTERS: /usr/lib/x86_64-linux-gnu/libpcl_filters.so  
[5.846s] -- Found PCL_2D: /usr/include/pcl-1.10  
[5.847s] -- Found PCL_GEOMETRY: /usr/include/pcl-1.10  
[5.848s] -- Found PCL_IO: /usr/lib/x86_64-linux-gnu/libpcl_io.so  
[5.849s] -- Found PCL_FEATURES: /usr/lib/x86_64-linux-gnu/libpcl_features.so  
[5.851s] -- Found PCL_ML: /usr/lib/x86_64-linux-gnu/libpcl_ml.so  
[5.852s] -- Found PCL_SEGMENTATION: /usr/lib/x86_64-linux-gnu/libpcl_segmentation.so  
[5.854s] -- Found PCL_VISUALIZATION: /usr/lib/x86_64-linux-gnu/libpcl_visualization.so  
[5.855s] -- Found PCL_SURFACE: /usr/lib/x86_64-linux-gnu/libpcl_surface.so  
[5.857s] -- Found PCL_REGISTRATION: /usr/lib/x86_64-linux-gnu/libpcl_registration.so  
[5.858s] -- Found PCL_KEYPOINTS: /usr/lib/x86_64-linux-gnu/libpcl_keypoints.so  
[5.860s] -- Found PCL_TRACKING: /usr/lib/x86_64-linux-gnu/libpcl_tracking.so  
[5.862s] -- Found PCL_RECOGNITION: /usr/lib/x86_64-linux-gnu/libpcl_recognition.so  
[5.863s] -- Found PCL_STEREO: /usr/lib/x86_64-linux-gnu/libpcl_stereo.so  
[5.864s] -- Found PCL_APPS: /usr/lib/x86_64-linux-gnu/libpcl_apps.so  
[5.866s] -- Found PCL_IN_HAND_SCANNER: /usr/include/pcl-1.10  
[5.866s] -- Found PCL_POINT_CLOUD_EDITOR: /usr/include/pcl-1.10  
[5.868s] -- Found PCL_OUTOFCORE: /usr/lib/x86_64-linux-gnu/libpcl_outofcore.so  
[5.869s] -- Found PCL_PEOPLE: /usr/lib/x86_64-linux-gnu/libpcl_people.so  
[6.080s] CMake Warning (dev) at CMakeLists.txt:30 (find_package):
[6.080s]   Policy CMP0074 is not set: find_package uses <PackageName>_ROOT variables.
[6.080s]   Run "cmake --help-policy CMP0074" for policy details.  Use the cmake_policy
[6.080s]   command to set the policy and suppress this warning.
[6.080s] 
[6.080s]   CMake variable PCL_ROOT is set to:
[6.081s] 
[6.081s]     /usr
[6.081s] 
[6.081s]   For compatibility, CMake is ignoring the variable.
[6.081s] This warning is for project developers.  Use -Wno-dev to suppress it.
[6.081s] 
[6.087s] -- Found teb_msgs: 0.0.1 (/home/manuel/buggy_ws_beta.a/install/teb_msgs/share/teb_msgs/cmake)
[6.303s] -- Found costmap_converter: 0.1.2 (/home/manuel/buggy_ws_beta.a/install/costmap_converter/share/costmap_converter/cmake)
[7.990s] -- Profiler is active
[8.446s] -- Configuring done
[8.629s] -- Generating done
[8.633s] -- Build files have been written to: /home/manuel/buggy_ws_beta.a/build/buggy_mobile_robot
[8.650s] Invoked command in '/home/manuel/buggy_ws_beta.a/build/buggy_mobile_robot' returned '0': AMENT_PREFIX_PATH=/home/manuel/buggy_ws_beta.a/install/teb_msgs:/home/manuel/buggy_ws_beta.a/install/costmap_converter:/home/manuel/buggy_ws_beta.a/install/camera_info_manager:/home/manuel/buggy_ws_beta.a/install/vox_nav_msgs:/home/manuel/buggy_ws_beta.a/install/joint_state_publisher:/home/manuel/buggy_ws_beta.a/install/image_transport:/home/manuel/buggy_ws_beta.a/install/costmap_converter_msgs:/home/manuel/buggy_ws_beta.a/install/camera_calibration_parsers:${AMENT_PREFIX_PATH} CMAKE_PREFIX_PATH=/home/manuel/buggy_ws_beta.a/install/teb_msgs:/home/manuel/buggy_ws_beta.a/install/costmap_converter:/home/manuel/buggy_ws_beta.a/install/camera_info_manager:/home/manuel/buggy_ws_beta.a/install/vox_nav_msgs:/home/manuel/buggy_ws_beta.a/install/image_transport:/home/manuel/buggy_ws_beta.a/install/costmap_converter_msgs:/home/manuel/buggy_ws_beta.a/install/camera_calibration_parsers:/home/manuel/buggy_space/install/zed_ros2:/home/manuel/buggy_space/install/zed_display_rviz2:/home/manuel/buggy_space/install/zed_wrapper:/home/manuel/buggy_space/install/zed_tutorial_video:/home/manuel/buggy_space/install/zed_tutorial_pos_tracking:/home/manuel/buggy_space/install/zed_tutorial_depth:/home/manuel/buggy_space/install/zed_rgb_convert:/home/manuel/buggy_space/install/zed_components:/home/manuel/buggy_space/install/rviz_plugin_zed_od:/home/manuel/buggy_space/install/zed_interfaces:/home/manuel/buggy_space/install/buggy_mobile_robot:/home/manuel/buggy_space/install/vox_nav_msgs:/home/manuel/buggy_space/install/velodyne:/home/manuel/buggy_space/install/velodyne_pointcloud:/home/manuel/buggy_space/install/velodyne_driver:/home/manuel/buggy_space/install/velodyne_msgs:/home/manuel/buggy_space/install/velodyne_laserscan:/home/manuel/buggy_space/install/teb_local_planner:/home/manuel/buggy_space/install/teb_msgs:/home/manuel/buggy_space/install/sick_scan2:/home/manuel/buggy_space/install/ros_sensors:/home/manuel/buggy_space/install/ros2socketcan_lib:/home/manuel/buggy_space/install/ros2car_buggy:/home/manuel/buggy_space/install/robot_localization:/home/manuel/buggy_space/install/image_common:/home/manuel/buggy_space/install/image_transport:/home/manuel/buggy_space/install/costmap_converter:/home/manuel/buggy_space/install/costmap_converter_msgs:/home/manuel/buggy_space/install/can_msgs:/home/manuel/buggy_space/install/camera_info_manager:/home/manuel/buggy_space/install/camera_calibration_parsers:/home/manuel/buggy_space/install/buggy_msgs:/home/manuel/buggy_space/install/buggy_mobile_navigation:/home/manuel/buggy_space/install/ackermann_msgs:/home/manuel/buggy_space/install/ackermann_interfaces:/home/manuel/buggy_space/install/joint_state_publisher_gui:/home/manuel/buggy_space/install/joint_state_publisher:/home/manuel/buggy_space/install/ackermann_odometry:/home/manuel/buggy_space/install/ackermann_controller:/opt/ros/foxy LD_LIBRARY_PATH=/home/manuel/buggy_ws_beta.a/install/teb_msgs/lib:/home/manuel/buggy_ws_beta.a/install/costmap_converter/lib:/home/manuel/buggy_ws_beta.a/install/camera_info_manager/lib:/home/manuel/buggy_ws_beta.a/install/vox_nav_msgs/lib:/home/manuel/buggy_ws_beta.a/install/image_transport/lib:/home/manuel/buggy_ws_beta.a/install/costmap_converter_msgs/lib:/home/manuel/buggy_ws_beta.a/install/camera_calibration_parsers/lib:${LD_LIBRARY_PATH} PATH=/home/manuel/buggy_ws_beta.a/install/costmap_converter/bin:${PATH} PYTHONPATH=/home/manuel/buggy_ws_beta.a/install/teb_msgs/lib/python3.8/site-packages:/home/manuel/buggy_ws_beta.a/install/vox_nav_msgs/lib/python3.8/site-packages:/home/manuel/buggy_ws_beta.a/install/joint_state_publisher/lib/python3.8/site-packages:/home/manuel/buggy_ws_beta.a/install/costmap_converter_msgs/lib/python3.8/site-packages:${PYTHONPATH} /usr/bin/cmake /home/manuel/buggy_ws_beta.a/src/buggy_mobile_robot -DCMAKE_INSTALL_PREFIX=/home/manuel/buggy_ws_beta.a/install/buggy_mobile_robot
[8.654s] Invoking command in '/home/manuel/buggy_ws_beta.a/build/buggy_mobile_robot': AMENT_PREFIX_PATH=/home/manuel/buggy_ws_beta.a/install/teb_msgs:/home/manuel/buggy_ws_beta.a/install/costmap_converter:/home/manuel/buggy_ws_beta.a/install/camera_info_manager:/home/manuel/buggy_ws_beta.a/install/vox_nav_msgs:/home/manuel/buggy_ws_beta.a/install/joint_state_publisher:/home/manuel/buggy_ws_beta.a/install/image_transport:/home/manuel/buggy_ws_beta.a/install/costmap_converter_msgs:/home/manuel/buggy_ws_beta.a/install/camera_calibration_parsers:${AMENT_PREFIX_PATH} CMAKE_PREFIX_PATH=/home/manuel/buggy_ws_beta.a/install/teb_msgs:/home/manuel/buggy_ws_beta.a/install/costmap_converter:/home/manuel/buggy_ws_beta.a/install/camera_info_manager:/home/manuel/buggy_ws_beta.a/install/vox_nav_msgs:/home/manuel/buggy_ws_beta.a/install/image_transport:/home/manuel/buggy_ws_beta.a/install/costmap_converter_msgs:/home/manuel/buggy_ws_beta.a/install/camera_calibration_parsers:/home/manuel/buggy_space/install/zed_ros2:/home/manuel/buggy_space/install/zed_display_rviz2:/home/manuel/buggy_space/install/zed_wrapper:/home/manuel/buggy_space/install/zed_tutorial_video:/home/manuel/buggy_space/install/zed_tutorial_pos_tracking:/home/manuel/buggy_space/install/zed_tutorial_depth:/home/manuel/buggy_space/install/zed_rgb_convert:/home/manuel/buggy_space/install/zed_components:/home/manuel/buggy_space/install/rviz_plugin_zed_od:/home/manuel/buggy_space/install/zed_interfaces:/home/manuel/buggy_space/install/buggy_mobile_robot:/home/manuel/buggy_space/install/vox_nav_msgs:/home/manuel/buggy_space/install/velodyne:/home/manuel/buggy_space/install/velodyne_pointcloud:/home/manuel/buggy_space/install/velodyne_driver:/home/manuel/buggy_space/install/velodyne_msgs:/home/manuel/buggy_space/install/velodyne_laserscan:/home/manuel/buggy_space/install/teb_local_planner:/home/manuel/buggy_space/install/teb_msgs:/home/manuel/buggy_space/install/sick_scan2:/home/manuel/buggy_space/install/ros_sensors:/home/manuel/buggy_space/install/ros2socketcan_lib:/home/manuel/buggy_space/install/ros2car_buggy:/home/manuel/buggy_space/install/robot_localization:/home/manuel/buggy_space/install/image_common:/home/manuel/buggy_space/install/image_transport:/home/manuel/buggy_space/install/costmap_converter:/home/manuel/buggy_space/install/costmap_converter_msgs:/home/manuel/buggy_space/install/can_msgs:/home/manuel/buggy_space/install/camera_info_manager:/home/manuel/buggy_space/install/camera_calibration_parsers:/home/manuel/buggy_space/install/buggy_msgs:/home/manuel/buggy_space/install/buggy_mobile_navigation:/home/manuel/buggy_space/install/ackermann_msgs:/home/manuel/buggy_space/install/ackermann_interfaces:/home/manuel/buggy_space/install/joint_state_publisher_gui:/home/manuel/buggy_space/install/joint_state_publisher:/home/manuel/buggy_space/install/ackermann_odometry:/home/manuel/buggy_space/install/ackermann_controller:/opt/ros/foxy LD_LIBRARY_PATH=/home/manuel/buggy_ws_beta.a/install/teb_msgs/lib:/home/manuel/buggy_ws_beta.a/install/costmap_converter/lib:/home/manuel/buggy_ws_beta.a/install/camera_info_manager/lib:/home/manuel/buggy_ws_beta.a/install/vox_nav_msgs/lib:/home/manuel/buggy_ws_beta.a/install/image_transport/lib:/home/manuel/buggy_ws_beta.a/install/costmap_converter_msgs/lib:/home/manuel/buggy_ws_beta.a/install/camera_calibration_parsers/lib:${LD_LIBRARY_PATH} PATH=/home/manuel/buggy_ws_beta.a/install/costmap_converter/bin:${PATH} PYTHONPATH=/home/manuel/buggy_ws_beta.a/install/teb_msgs/lib/python3.8/site-packages:/home/manuel/buggy_ws_beta.a/install/vox_nav_msgs/lib/python3.8/site-packages:/home/manuel/buggy_ws_beta.a/install/joint_state_publisher/lib/python3.8/site-packages:/home/manuel/buggy_ws_beta.a/install/costmap_converter_msgs/lib/python3.8/site-packages:${PYTHONPATH} /usr/bin/cmake --build /home/manuel/buggy_ws_beta.a/build/buggy_mobile_robot -- -j16 -l16
[8.703s] [35m[1mScanning dependencies of target botanbot_ackermann_drive[0m
[8.704s] [35m[1mScanning dependencies of target gazebo_world_to_pointcloud[0m
[8.839s] [ 25%] [32mBuilding CXX object CMakeFiles/botanbot_ackermann_drive.dir/src/botanbot_ackermann_drive.cpp.o[0m
[8.879s] [ 50%] [32mBuilding CXX object CMakeFiles/gazebo_world_to_pointcloud.dir/src/gazebo_to_pointcloud.cpp.o[0m
[21.099s] [01m[K/home/manuel/buggy_ws_beta.a/src/buggy_mobile_robot/src/gazebo_to_pointcloud.cpp:[m[K In member function ‘[01m[Kvoid gazebo::PointCloudFromGazeboWorld::CreatePointCloud(const Request&)[m[K’:
[21.099s] [01m[K/home/manuel/buggy_ws_beta.a/src/buggy_mobile_robot/src/gazebo_to_pointcloud.cpp:239:18:[m[K [01;35m[Kwarning: [m[Kunknown escape sequence: '\p'
[21.099s]   239 |     std::cout << [01;35m[K"\pointcloud generation completed                  "[m[K << std::endl;
[21.099s]       |                  [01;35m[K^~~~~~~~~~~~~~~~~~~~~~~~~~~~~~~~~~~~~~~~~~~~~~~~~~~~[m[K
[25.331s] [ 75%] [32m[1mLinking CXX shared library libbotanbot_ackermann_drive.so[0m
[28.278s] [ 75%] Built target botanbot_ackermann_drive
[34.220s] [100%] [32m[1mLinking CXX shared library libgazebo_world_to_pointcloud.so[0m
[35.804s] [100%] Built target gazebo_world_to_pointcloud
[35.818s] Invoked command in '/home/manuel/buggy_ws_beta.a/build/buggy_mobile_robot' returned '0': AMENT_PREFIX_PATH=/home/manuel/buggy_ws_beta.a/install/teb_msgs:/home/manuel/buggy_ws_beta.a/install/costmap_converter:/home/manuel/buggy_ws_beta.a/install/camera_info_manager:/home/manuel/buggy_ws_beta.a/install/vox_nav_msgs:/home/manuel/buggy_ws_beta.a/install/joint_state_publisher:/home/manuel/buggy_ws_beta.a/install/image_transport:/home/manuel/buggy_ws_beta.a/install/costmap_converter_msgs:/home/manuel/buggy_ws_beta.a/install/camera_calibration_parsers:${AMENT_PREFIX_PATH} CMAKE_PREFIX_PATH=/home/manuel/buggy_ws_beta.a/install/teb_msgs:/home/manuel/buggy_ws_beta.a/install/costmap_converter:/home/manuel/buggy_ws_beta.a/install/camera_info_manager:/home/manuel/buggy_ws_beta.a/install/vox_nav_msgs:/home/manuel/buggy_ws_beta.a/install/image_transport:/home/manuel/buggy_ws_beta.a/install/costmap_converter_msgs:/home/manuel/buggy_ws_beta.a/install/camera_calibration_parsers:/home/manuel/buggy_space/install/zed_ros2:/home/manuel/buggy_space/install/zed_display_rviz2:/home/manuel/buggy_space/install/zed_wrapper:/home/manuel/buggy_space/install/zed_tutorial_video:/home/manuel/buggy_space/install/zed_tutorial_pos_tracking:/home/manuel/buggy_space/install/zed_tutorial_depth:/home/manuel/buggy_space/install/zed_rgb_convert:/home/manuel/buggy_space/install/zed_components:/home/manuel/buggy_space/install/rviz_plugin_zed_od:/home/manuel/buggy_space/install/zed_interfaces:/home/manuel/buggy_space/install/buggy_mobile_robot:/home/manuel/buggy_space/install/vox_nav_msgs:/home/manuel/buggy_space/install/velodyne:/home/manuel/buggy_space/install/velodyne_pointcloud:/home/manuel/buggy_space/install/velodyne_driver:/home/manuel/buggy_space/install/velodyne_msgs:/home/manuel/buggy_space/install/velodyne_laserscan:/home/manuel/buggy_space/install/teb_local_planner:/home/manuel/buggy_space/install/teb_msgs:/home/manuel/buggy_space/install/sick_scan2:/home/manuel/buggy_space/install/ros_sensors:/home/manuel/buggy_space/install/ros2socketcan_lib:/home/manuel/buggy_space/install/ros2car_buggy:/home/manuel/buggy_space/install/robot_localization:/home/manuel/buggy_space/install/image_common:/home/manuel/buggy_space/install/image_transport:/home/manuel/buggy_space/install/costmap_converter:/home/manuel/buggy_space/install/costmap_converter_msgs:/home/manuel/buggy_space/install/can_msgs:/home/manuel/buggy_space/install/camera_info_manager:/home/manuel/buggy_space/install/camera_calibration_parsers:/home/manuel/buggy_space/install/buggy_msgs:/home/manuel/buggy_space/install/buggy_mobile_navigation:/home/manuel/buggy_space/install/ackermann_msgs:/home/manuel/buggy_space/install/ackermann_interfaces:/home/manuel/buggy_space/install/joint_state_publisher_gui:/home/manuel/buggy_space/install/joint_state_publisher:/home/manuel/buggy_space/install/ackermann_odometry:/home/manuel/buggy_space/install/ackermann_controller:/opt/ros/foxy LD_LIBRARY_PATH=/home/manuel/buggy_ws_beta.a/install/teb_msgs/lib:/home/manuel/buggy_ws_beta.a/install/costmap_converter/lib:/home/manuel/buggy_ws_beta.a/install/camera_info_manager/lib:/home/manuel/buggy_ws_beta.a/install/vox_nav_msgs/lib:/home/manuel/buggy_ws_beta.a/install/image_transport/lib:/home/manuel/buggy_ws_beta.a/install/costmap_converter_msgs/lib:/home/manuel/buggy_ws_beta.a/install/camera_calibration_parsers/lib:${LD_LIBRARY_PATH} PATH=/home/manuel/buggy_ws_beta.a/install/costmap_converter/bin:${PATH} PYTHONPATH=/home/manuel/buggy_ws_beta.a/install/teb_msgs/lib/python3.8/site-packages:/home/manuel/buggy_ws_beta.a/install/vox_nav_msgs/lib/python3.8/site-packages:/home/manuel/buggy_ws_beta.a/install/joint_state_publisher/lib/python3.8/site-packages:/home/manuel/buggy_ws_beta.a/install/costmap_converter_msgs/lib/python3.8/site-packages:${PYTHONPATH} /usr/bin/cmake --build /home/manuel/buggy_ws_beta.a/build/buggy_mobile_robot -- -j16 -l16
[35.858s] Invoking command in '/home/manuel/buggy_ws_beta.a/build/buggy_mobile_robot': AMENT_PREFIX_PATH=/home/manuel/buggy_ws_beta.a/install/teb_msgs:/home/manuel/buggy_ws_beta.a/install/costmap_converter:/home/manuel/buggy_ws_beta.a/install/camera_info_manager:/home/manuel/buggy_ws_beta.a/install/vox_nav_msgs:/home/manuel/buggy_ws_beta.a/install/joint_state_publisher:/home/manuel/buggy_ws_beta.a/install/image_transport:/home/manuel/buggy_ws_beta.a/install/costmap_converter_msgs:/home/manuel/buggy_ws_beta.a/install/camera_calibration_parsers:${AMENT_PREFIX_PATH} CMAKE_PREFIX_PATH=/home/manuel/buggy_ws_beta.a/install/teb_msgs:/home/manuel/buggy_ws_beta.a/install/costmap_converter:/home/manuel/buggy_ws_beta.a/install/camera_info_manager:/home/manuel/buggy_ws_beta.a/install/vox_nav_msgs:/home/manuel/buggy_ws_beta.a/install/image_transport:/home/manuel/buggy_ws_beta.a/install/costmap_converter_msgs:/home/manuel/buggy_ws_beta.a/install/camera_calibration_parsers:/home/manuel/buggy_space/install/zed_ros2:/home/manuel/buggy_space/install/zed_display_rviz2:/home/manuel/buggy_space/install/zed_wrapper:/home/manuel/buggy_space/install/zed_tutorial_video:/home/manuel/buggy_space/install/zed_tutorial_pos_tracking:/home/manuel/buggy_space/install/zed_tutorial_depth:/home/manuel/buggy_space/install/zed_rgb_convert:/home/manuel/buggy_space/install/zed_components:/home/manuel/buggy_space/install/rviz_plugin_zed_od:/home/manuel/buggy_space/install/zed_interfaces:/home/manuel/buggy_space/install/buggy_mobile_robot:/home/manuel/buggy_space/install/vox_nav_msgs:/home/manuel/buggy_space/install/velodyne:/home/manuel/buggy_space/install/velodyne_pointcloud:/home/manuel/buggy_space/install/velodyne_driver:/home/manuel/buggy_space/install/velodyne_msgs:/home/manuel/buggy_space/install/velodyne_laserscan:/home/manuel/buggy_space/install/teb_local_planner:/home/manuel/buggy_space/install/teb_msgs:/home/manuel/buggy_space/install/sick_scan2:/home/manuel/buggy_space/install/ros_sensors:/home/manuel/buggy_space/install/ros2socketcan_lib:/home/manuel/buggy_space/install/ros2car_buggy:/home/manuel/buggy_space/install/robot_localization:/home/manuel/buggy_space/install/image_common:/home/manuel/buggy_space/install/image_transport:/home/manuel/buggy_space/install/costmap_converter:/home/manuel/buggy_space/install/costmap_converter_msgs:/home/manuel/buggy_space/install/can_msgs:/home/manuel/buggy_space/install/camera_info_manager:/home/manuel/buggy_space/install/camera_calibration_parsers:/home/manuel/buggy_space/install/buggy_msgs:/home/manuel/buggy_space/install/buggy_mobile_navigation:/home/manuel/buggy_space/install/ackermann_msgs:/home/manuel/buggy_space/install/ackermann_interfaces:/home/manuel/buggy_space/install/joint_state_publisher_gui:/home/manuel/buggy_space/install/joint_state_publisher:/home/manuel/buggy_space/install/ackermann_odometry:/home/manuel/buggy_space/install/ackermann_controller:/opt/ros/foxy LD_LIBRARY_PATH=/home/manuel/buggy_ws_beta.a/install/teb_msgs/lib:/home/manuel/buggy_ws_beta.a/install/costmap_converter/lib:/home/manuel/buggy_ws_beta.a/install/camera_info_manager/lib:/home/manuel/buggy_ws_beta.a/install/vox_nav_msgs/lib:/home/manuel/buggy_ws_beta.a/install/image_transport/lib:/home/manuel/buggy_ws_beta.a/install/costmap_converter_msgs/lib:/home/manuel/buggy_ws_beta.a/install/camera_calibration_parsers/lib:${LD_LIBRARY_PATH} PATH=/home/manuel/buggy_ws_beta.a/install/costmap_converter/bin:${PATH} PYTHONPATH=/home/manuel/buggy_ws_beta.a/install/teb_msgs/lib/python3.8/site-packages:/home/manuel/buggy_ws_beta.a/install/vox_nav_msgs/lib/python3.8/site-packages:/home/manuel/buggy_ws_beta.a/install/joint_state_publisher/lib/python3.8/site-packages:/home/manuel/buggy_ws_beta.a/install/costmap_converter_msgs/lib/python3.8/site-packages:${PYTHONPATH} /usr/bin/cmake --install /home/manuel/buggy_ws_beta.a/build/buggy_mobile_robot
[35.868s] -- Install configuration: ""
[35.868s] -- Installing: /home/manuel/buggy_ws_beta.a/install/buggy_mobile_robot/share/buggy_mobile_robot/config
[35.868s] -- Installing: /home/manuel/buggy_ws_beta.a/install/buggy_mobile_robot/share/buggy_mobile_robot/launch
[35.869s] -- Installing: /home/manuel/buggy_ws_beta.a/install/buggy_mobile_robot/share/buggy_mobile_robot/launch/buggy_simulated_mapping.launch.py
[35.869s] -- Installing: /home/manuel/buggy_ws_beta.a/install/buggy_mobile_robot/share/buggy_mobile_robot/launch/buggy_simulated_gazebo.launch.py
[35.869s] -- Installing: /home/manuel/buggy_ws_beta.a/install/buggy_mobile_robot/share/buggy_mobile_robot/launch/buggy_simulated_description.launch.py
[35.869s] -- Installing: /home/manuel/buggy_ws_beta.a/install/buggy_mobile_robot/share/buggy_mobile_robot/launch/buggy_simulated_mapping_VLP16.launch.py
[35.869s] -- Installing: /home/manuel/buggy_ws_beta.a/install/buggy_mobile_robot/share/buggy_mobile_robot/meshes
[35.870s] -- Installing: /home/manuel/buggy_ws_beta.a/install/buggy_mobile_robot/share/buggy_mobile_robot/meshes/VLP16_scan.dae
[35.870s] -- Installing: /home/manuel/buggy_ws_beta.a/install/buggy_mobile_robot/share/buggy_mobile_robot/meshes/VLP16_scan.stl
[35.870s] -- Installing: /home/manuel/buggy_ws_beta.a/install/buggy_mobile_robot/share/buggy_mobile_robot/meshes/zed2.stl
[35.870s] -- Installing: /home/manuel/buggy_ws_beta.a/install/buggy_mobile_robot/share/buggy_mobile_robot/meshes/wheel_a.stl
[35.870s] -- Installing: /home/manuel/buggy_ws_beta.a/install/buggy_mobile_robot/share/buggy_mobile_robot/meshes/LMS1xx_small.dae
[35.871s] -- Installing: /home/manuel/buggy_ws_beta.a/install/buggy_mobile_robot/share/buggy_mobile_robot/meshes/LMS1xx_collision.stl
[35.871s] -- Installing: /home/manuel/buggy_ws_beta.a/install/buggy_mobile_robot/share/buggy_mobile_robot/meshes/velodyne-vlp16.stl
[35.875s] -- Installing: /home/manuel/buggy_ws_beta.a/install/buggy_mobile_robot/share/buggy_mobile_robot/models
[35.876s] -- Installing: /home/manuel/buggy_ws_beta.a/install/buggy_mobile_robot/share/buggy_mobile_robot/models/new_eupen_track
[35.876s] -- Installing: /home/manuel/buggy_ws_beta.a/install/buggy_mobile_robot/share/buggy_mobile_robot/models/new_eupen_track/model.config
[35.876s] -- Installing: /home/manuel/buggy_ws_beta.a/install/buggy_mobile_robot/share/buggy_mobile_robot/models/new_eupen_track/model.sdf
[35.876s] -- Installing: /home/manuel/buggy_ws_beta.a/install/buggy_mobile_robot/share/buggy_mobile_robot/models/buggy_simulated_description
[35.876s] -- Installing: /home/manuel/buggy_ws_beta.a/install/buggy_mobile_robot/share/buggy_mobile_robot/models/buggy_simulated_description/model.config
[35.877s] -- Installing: /home/manuel/buggy_ws_beta.a/install/buggy_mobile_robot/share/buggy_mobile_robot/models/buggy_simulated_description/model.sdf
[35.877s] -- Installing: /home/manuel/buggy_ws_beta.a/install/buggy_mobile_robot/share/buggy_mobile_robot/models/eupen_race.stl
[35.877s] -- Installing: /home/manuel/buggy_ws_beta.a/install/buggy_mobile_robot/share/buggy_mobile_robot/models/buggy_mobile_description
[35.877s] -- Installing: /home/manuel/buggy_ws_beta.a/install/buggy_mobile_robot/share/buggy_mobile_robot/models/buggy_mobile_description/meshes
[35.877s] -- Installing: /home/manuel/buggy_ws_beta.a/install/buggy_mobile_robot/share/buggy_mobile_robot/models/buggy_mobile_description/meshes/zed2.stl
[35.877s] -- Installing: /home/manuel/buggy_ws_beta.a/install/buggy_mobile_robot/share/buggy_mobile_robot/models/buggy_mobile_description/meshes/wheel_a.stl
[35.877s] -- Installing: /home/manuel/buggy_ws_beta.a/install/buggy_mobile_robot/share/buggy_mobile_robot/models/buggy_mobile_description/meshes/LMS1xx_small.dae
[35.878s] -- Installing: /home/manuel/buggy_ws_beta.a/install/buggy_mobile_robot/share/buggy_mobile_robot/models/buggy_mobile_description/meshes/LMS1xx_collision.stl
[35.878s] -- Installing: /home/manuel/buggy_ws_beta.a/install/buggy_mobile_robot/share/buggy_mobile_robot/models/buggy_mobile_description/meshes/velodyne-vlp16.stl
[35.883s] -- Installing: /home/manuel/buggy_ws_beta.a/install/buggy_mobile_robot/share/buggy_mobile_robot/models/buggy_mobile_description/model.config
[35.883s] -- Installing: /home/manuel/buggy_ws_beta.a/install/buggy_mobile_robot/share/buggy_mobile_robot/models/buggy_mobile_description/model.sdf
[35.883s] -- Installing: /home/manuel/buggy_ws_beta.a/install/buggy_mobile_robot/share/buggy_mobile_robot/models/eupen_race_Track
[35.883s] -- Installing: /home/manuel/buggy_ws_beta.a/install/buggy_mobile_robot/share/buggy_mobile_robot/models/eupen_race_Track/model.config
[35.884s] -- Installing: /home/manuel/buggy_ws_beta.a/install/buggy_mobile_robot/share/buggy_mobile_robot/models/eupen_race_Track/model.sdf
[35.884s] -- Installing: /home/manuel/buggy_ws_beta.a/install/buggy_mobile_robot/share/buggy_mobile_robot/models/buggy.urdf
[35.884s] -- Installing: /home/manuel/buggy_ws_beta.a/install/buggy_mobile_robot/share/buggy_mobile_robot/params
[35.884s] -- Installing: /home/manuel/buggy_ws_beta.a/install/buggy_mobile_robot/share/buggy_mobile_robot/params/ekf_simulated.yaml
[35.884s] -- Installing: /home/manuel/buggy_ws_beta.a/install/buggy_mobile_robot/share/buggy_mobile_robot/params/ekf.yaml
[35.884s] -- Installing: /home/manuel/buggy_ws_beta.a/install/buggy_mobile_robot/share/buggy_mobile_robot/rviz
[35.885s] -- Installing: /home/manuel/buggy_ws_beta.a/install/buggy_mobile_robot/share/buggy_mobile_robot/rviz/buggy_mapping_sick.rviz
[35.885s] -- Installing: /home/manuel/buggy_ws_beta.a/install/buggy_mobile_robot/share/buggy_mobile_robot/rviz/buggy_mapping_slam.rviz
[35.885s] -- Installing: /home/manuel/buggy_ws_beta.a/install/buggy_mobile_robot/share/buggy_mobile_robot/rviz/buggy_view_final.rviz
[35.885s] -- Installing: /home/manuel/buggy_ws_beta.a/install/buggy_mobile_robot/share/buggy_mobile_robot/rviz/buggy_view_gazebo.rviz
[35.885s] -- Installing: /home/manuel/buggy_ws_beta.a/install/buggy_mobile_robot/share/buggy_mobile_robot/rviz/buggy_mapping_3d.rviz
[35.885s] -- Installing: /home/manuel/buggy_ws_beta.a/install/buggy_mobile_robot/share/buggy_mobile_robot/src
[35.886s] -- Installing: /home/manuel/buggy_ws_beta.a/install/buggy_mobile_robot/share/buggy_mobile_robot/src/gazebo_to_pointcloud.cpp
[35.886s] -- Installing: /home/manuel/buggy_ws_beta.a/install/buggy_mobile_robot/share/buggy_mobile_robot/src/gazebo_to_octomap.cpp
[35.886s] -- Installing: /home/manuel/buggy_ws_beta.a/install/buggy_mobile_robot/share/buggy_mobile_robot/src/botanbot_ackermann_drive.cpp
[35.886s] -- Installing: /home/manuel/buggy_ws_beta.a/install/buggy_mobile_robot/share/buggy_mobile_robot/worlds
[35.886s] -- Installing: /home/manuel/buggy_ws_beta.a/install/buggy_mobile_robot/share/buggy_mobile_robot/worlds/empty.world
[35.886s] -- Installing: /home/manuel/buggy_ws_beta.a/install/buggy_mobile_robot/share/buggy_mobile_robot/worlds/new_eupen_race.world
[35.886s] -- Installing: /home/manuel/buggy_ws_beta.a/install/buggy_mobile_robot/share/buggy_mobile_robot/worlds/empty_world.world
[35.887s] -- Installing: /home/manuel/buggy_ws_beta.a/install/buggy_mobile_robot/share/buggy_mobile_robot/environment/library_path.sh
[35.887s] -- Installing: /home/manuel/buggy_ws_beta.a/install/buggy_mobile_robot/share/buggy_mobile_robot/environment/library_path.dsv
[35.887s] -- Installing: /home/manuel/buggy_ws_beta.a/install/buggy_mobile_robot/lib/libbotanbot_ackermann_drive.so
[35.890s] -- Set runtime path of "/home/manuel/buggy_ws_beta.a/install/buggy_mobile_robot/lib/libbotanbot_ackermann_drive.so" to ""
[35.890s] -- Installing: /home/manuel/buggy_ws_beta.a/install/buggy_mobile_robot/lib/libgazebo_world_to_pointcloud.so
[35.893s] -- Set runtime path of "/home/manuel/buggy_ws_beta.a/install/buggy_mobile_robot/lib/libgazebo_world_to_pointcloud.so" to ""
[35.893s] -- Installing: /home/manuel/buggy_ws_beta.a/install/buggy_mobile_robot/include/
[35.893s] -- Installing: /home/manuel/buggy_ws_beta.a/install/buggy_mobile_robot/include//buggy_mobile_robot
[35.894s] -- Installing: /home/manuel/buggy_ws_beta.a/install/buggy_mobile_robot/include//buggy_mobile_robot/gazebo_to_octomap.hpp
[35.894s] -- Installing: /home/manuel/buggy_ws_beta.a/install/buggy_mobile_robot/include//buggy_mobile_robot/botanbot_ackermann_drive.hpp
[35.894s] -- Installing: /home/manuel/buggy_ws_beta.a/install/buggy_mobile_robot/include//buggy_mobile_robot/gazebo_to_octomap_common.hpp
[35.894s] -- Installing: /home/manuel/buggy_ws_beta.a/install/buggy_mobile_robot/include//buggy_mobile_robot/gazebo_to_pointcloud.hpp
[35.894s] -- Installing: /home/manuel/buggy_ws_beta.a/install/buggy_mobile_robot/share/ament_index/resource_index/package_run_dependencies/buggy_mobile_robot
[35.895s] -- Installing: /home/manuel/buggy_ws_beta.a/install/buggy_mobile_robot/share/ament_index/resource_index/parent_prefix_path/buggy_mobile_robot
[35.895s] -- Installing: /home/manuel/buggy_ws_beta.a/install/buggy_mobile_robot/share/buggy_mobile_robot/environment/ament_prefix_path.sh
[35.895s] -- Installing: /home/manuel/buggy_ws_beta.a/install/buggy_mobile_robot/share/buggy_mobile_robot/environment/ament_prefix_path.dsv
[35.895s] -- Installing: /home/manuel/buggy_ws_beta.a/install/buggy_mobile_robot/share/buggy_mobile_robot/environment/path.sh
[35.895s] -- Installing: /home/manuel/buggy_ws_beta.a/install/buggy_mobile_robot/share/buggy_mobile_robot/environment/path.dsv
[35.895s] -- Installing: /home/manuel/buggy_ws_beta.a/install/buggy_mobile_robot/share/buggy_mobile_robot/local_setup.bash
[35.896s] -- Installing: /home/manuel/buggy_ws_beta.a/install/buggy_mobile_robot/share/buggy_mobile_robot/local_setup.sh
[35.896s] -- Installing: /home/manuel/buggy_ws_beta.a/install/buggy_mobile_robot/share/buggy_mobile_robot/local_setup.zsh
[35.896s] -- Installing: /home/manuel/buggy_ws_beta.a/install/buggy_mobile_robot/share/buggy_mobile_robot/local_setup.dsv
[35.896s] -- Installing: /home/manuel/buggy_ws_beta.a/install/buggy_mobile_robot/share/buggy_mobile_robot/package.dsv
[35.896s] -- Installing: /home/manuel/buggy_ws_beta.a/install/buggy_mobile_robot/share/ament_index/resource_index/packages/buggy_mobile_robot
[35.896s] -- Installing: /home/manuel/buggy_ws_beta.a/install/buggy_mobile_robot/share/buggy_mobile_robot/cmake/ament_cmake_export_libraries-extras.cmake
[35.897s] -- Installing: /home/manuel/buggy_ws_beta.a/install/buggy_mobile_robot/share/buggy_mobile_robot/cmake/ament_cmake_export_include_directories-extras.cmake
[35.897s] -- Installing: /home/manuel/buggy_ws_beta.a/install/buggy_mobile_robot/share/buggy_mobile_robot/cmake/ament_cmake_export_dependencies-extras.cmake
[35.897s] -- Installing: /home/manuel/buggy_ws_beta.a/install/buggy_mobile_robot/share/buggy_mobile_robot/cmake/buggy_mobile_robotConfig.cmake
[35.897s] -- Installing: /home/manuel/buggy_ws_beta.a/install/buggy_mobile_robot/share/buggy_mobile_robot/cmake/buggy_mobile_robotConfig-version.cmake
[35.897s] -- Installing: /home/manuel/buggy_ws_beta.a/install/buggy_mobile_robot/share/buggy_mobile_robot/package.xml
[35.904s] Invoked command in '/home/manuel/buggy_ws_beta.a/build/buggy_mobile_robot' returned '0': AMENT_PREFIX_PATH=/home/manuel/buggy_ws_beta.a/install/teb_msgs:/home/manuel/buggy_ws_beta.a/install/costmap_converter:/home/manuel/buggy_ws_beta.a/install/camera_info_manager:/home/manuel/buggy_ws_beta.a/install/vox_nav_msgs:/home/manuel/buggy_ws_beta.a/install/joint_state_publisher:/home/manuel/buggy_ws_beta.a/install/image_transport:/home/manuel/buggy_ws_beta.a/install/costmap_converter_msgs:/home/manuel/buggy_ws_beta.a/install/camera_calibration_parsers:${AMENT_PREFIX_PATH} CMAKE_PREFIX_PATH=/home/manuel/buggy_ws_beta.a/install/teb_msgs:/home/manuel/buggy_ws_beta.a/install/costmap_converter:/home/manuel/buggy_ws_beta.a/install/camera_info_manager:/home/manuel/buggy_ws_beta.a/install/vox_nav_msgs:/home/manuel/buggy_ws_beta.a/install/image_transport:/home/manuel/buggy_ws_beta.a/install/costmap_converter_msgs:/home/manuel/buggy_ws_beta.a/install/camera_calibration_parsers:/home/manuel/buggy_space/install/zed_ros2:/home/manuel/buggy_space/install/zed_display_rviz2:/home/manuel/buggy_space/install/zed_wrapper:/home/manuel/buggy_space/install/zed_tutorial_video:/home/manuel/buggy_space/install/zed_tutorial_pos_tracking:/home/manuel/buggy_space/install/zed_tutorial_depth:/home/manuel/buggy_space/install/zed_rgb_convert:/home/manuel/buggy_space/install/zed_components:/home/manuel/buggy_space/install/rviz_plugin_zed_od:/home/manuel/buggy_space/install/zed_interfaces:/home/manuel/buggy_space/install/buggy_mobile_robot:/home/manuel/buggy_space/install/vox_nav_msgs:/home/manuel/buggy_space/install/velodyne:/home/manuel/buggy_space/install/velodyne_pointcloud:/home/manuel/buggy_space/install/velodyne_driver:/home/manuel/buggy_space/install/velodyne_msgs:/home/manuel/buggy_space/install/velodyne_laserscan:/home/manuel/buggy_space/install/teb_local_planner:/home/manuel/buggy_space/install/teb_msgs:/home/manuel/buggy_space/install/sick_scan2:/home/manuel/buggy_space/install/ros_sensors:/home/manuel/buggy_space/install/ros2socketcan_lib:/home/manuel/buggy_space/install/ros2car_buggy:/home/manuel/buggy_space/install/robot_localization:/home/manuel/buggy_space/install/image_common:/home/manuel/buggy_space/install/image_transport:/home/manuel/buggy_space/install/costmap_converter:/home/manuel/buggy_space/install/costmap_converter_msgs:/home/manuel/buggy_space/install/can_msgs:/home/manuel/buggy_space/install/camera_info_manager:/home/manuel/buggy_space/install/camera_calibration_parsers:/home/manuel/buggy_space/install/buggy_msgs:/home/manuel/buggy_space/install/buggy_mobile_navigation:/home/manuel/buggy_space/install/ackermann_msgs:/home/manuel/buggy_space/install/ackermann_interfaces:/home/manuel/buggy_space/install/joint_state_publisher_gui:/home/manuel/buggy_space/install/joint_state_publisher:/home/manuel/buggy_space/install/ackermann_odometry:/home/manuel/buggy_space/install/ackermann_controller:/opt/ros/foxy LD_LIBRARY_PATH=/home/manuel/buggy_ws_beta.a/install/teb_msgs/lib:/home/manuel/buggy_ws_beta.a/install/costmap_converter/lib:/home/manuel/buggy_ws_beta.a/install/camera_info_manager/lib:/home/manuel/buggy_ws_beta.a/install/vox_nav_msgs/lib:/home/manuel/buggy_ws_beta.a/install/image_transport/lib:/home/manuel/buggy_ws_beta.a/install/costmap_converter_msgs/lib:/home/manuel/buggy_ws_beta.a/install/camera_calibration_parsers/lib:${LD_LIBRARY_PATH} PATH=/home/manuel/buggy_ws_beta.a/install/costmap_converter/bin:${PATH} PYTHONPATH=/home/manuel/buggy_ws_beta.a/install/teb_msgs/lib/python3.8/site-packages:/home/manuel/buggy_ws_beta.a/install/vox_nav_msgs/lib/python3.8/site-packages:/home/manuel/buggy_ws_beta.a/install/joint_state_publisher/lib/python3.8/site-packages:/home/manuel/buggy_ws_beta.a/install/costmap_converter_msgs/lib/python3.8/site-packages:${PYTHONPATH} /usr/bin/cmake --install /home/manuel/buggy_ws_beta.a/build/buggy_mobile_robot
