[0.133s] Invoking command in '/home/manuel/buggy_ws_beta.a/build/buggy_msgs': CMAKE_PREFIX_PATH=${CMAKE_PREFIX_PATH}:/home/manuel/buggy_ws_beta.a/install/joint_state_publisher_gui:/home/manuel/buggy_ws_beta.a/install/joint_state_publisher:/home/manuel/buggy_ws_beta.a/install/ackermann_odometry:/home/manuel/buggy_ws_beta.a/install/ackermann_controller:/home/manuel/buggy_space/install/joint_state_publisher_gui:/home/manuel/buggy_space/install/joint_state_publisher:/home/manuel/buggy_space/install/ackermann_odometry:/home/manuel/buggy_space/install/ackermann_controller:/opt/ros/foxy /usr/bin/cmake --build /home/manuel/buggy_ws_beta.a/build/buggy_msgs -- -j16 -l16
[0.596s] [  0%] Built target buggy_msgs__cpp
[0.596s] [ 12%] Built target buggy_msgs__rosidl_generator_c
[0.597s] [ 24%] Built target buggy_msgs__rosidl_typesupport_cpp
[0.597s] [ 36%] Built target buggy_msgs__rosidl_typesupport_fastrtps_cpp
[0.597s] [ 49%] Built target buggy_msgs__rosidl_typesupport_introspection_cpp
[0.597s] [ 62%] Built target buggy_msgs__rosidl_typesupport_introspection_c
[0.597s] [ 74%] Built target buggy_msgs__rosidl_typesupport_c
[0.597s] [ 86%] Built target buggy_msgs__rosidl_typesupport_fastrtps_c
[0.598s] [ 86%] Built target buggy_msgs
[0.598s] [ 86%] Built target buggy_msgs__py
[0.598s] [ 98%] Built target buggy_msgs__python
[0.598s] [ 99%] Built target buggy_msgs__rosidl_typesupport_c__pyext
[0.598s] [ 99%] Built target buggy_msgs__rosidl_typesupport_introspection_c__pyext
[0.598s] [100%] Built target buggy_msgs__rosidl_typesupport_fastrtps_c__pyext
[0.625s] Invoked command in '/home/manuel/buggy_ws_beta.a/build/buggy_msgs' returned '0': CMAKE_PREFIX_PATH=${CMAKE_PREFIX_PATH}:/home/manuel/buggy_ws_beta.a/install/joint_state_publisher_gui:/home/manuel/buggy_ws_beta.a/install/joint_state_publisher:/home/manuel/buggy_ws_beta.a/install/ackermann_odometry:/home/manuel/buggy_ws_beta.a/install/ackermann_controller:/home/manuel/buggy_space/install/joint_state_publisher_gui:/home/manuel/buggy_space/install/joint_state_publisher:/home/manuel/buggy_space/install/ackermann_odometry:/home/manuel/buggy_space/install/ackermann_controller:/opt/ros/foxy /usr/bin/cmake --build /home/manuel/buggy_ws_beta.a/build/buggy_msgs -- -j16 -l16
[1.613s] Invoking command in '/home/manuel/buggy_ws_beta.a/build/buggy_msgs': CMAKE_PREFIX_PATH=${CMAKE_PREFIX_PATH}:/home/manuel/buggy_ws_beta.a/install/joint_state_publisher_gui:/home/manuel/buggy_ws_beta.a/install/joint_state_publisher:/home/manuel/buggy_ws_beta.a/install/ackermann_odometry:/home/manuel/buggy_ws_beta.a/install/ackermann_controller:/home/manuel/buggy_space/install/joint_state_publisher_gui:/home/manuel/buggy_space/install/joint_state_publisher:/home/manuel/buggy_space/install/ackermann_odometry:/home/manuel/buggy_space/install/ackermann_controller:/opt/ros/foxy /usr/bin/cmake --install /home/manuel/buggy_ws_beta.a/build/buggy_msgs
[1.702s] -- Install configuration: ""
[1.702s] -- Up-to-date: /home/manuel/buggy_ws_beta.a/install/buggy_msgs/share/ament_index/resource_index/rosidl_interfaces/buggy_msgs
[1.703s] -- Up-to-date: /home/manuel/buggy_ws_beta.a/install/buggy_msgs/include/buggy_msgs
[1.703s] -- Up-to-date: /home/manuel/buggy_ws_beta.a/install/buggy_msgs/include/buggy_msgs/msg
[1.708s] -- Up-to-date: /home/manuel/buggy_ws_beta.a/install/buggy_msgs/include/buggy_msgs/msg/vehicle_state.h
[1.709s] -- Up-to-date: /home/manuel/buggy_ws_beta.a/install/buggy_msgs/include/buggy_msgs/msg/steering_cmd.h
[1.709s] -- Up-to-date: /home/manuel/buggy_ws_beta.a/install/buggy_msgs/include/buggy_msgs/msg/steering_wheel_state.h
[1.709s] -- Up-to-date: /home/manuel/buggy_ws_beta.a/install/buggy_msgs/include/buggy_msgs/msg/detail
[1.710s] -- Up-to-date: /home/manuel/buggy_ws_beta.a/install/buggy_msgs/include/buggy_msgs/msg/detail/current_cmd__struct.h
[1.710s] -- Up-to-date: /home/manuel/buggy_ws_beta.a/install/buggy_msgs/include/buggy_msgs/msg/detail/bus_parameter_stamped__functions.h
[1.710s] -- Up-to-date: /home/manuel/buggy_ws_beta.a/install/buggy_msgs/include/buggy_msgs/msg/detail/gnss_state__struct.h
[1.710s] -- Up-to-date: /home/manuel/buggy_ws_beta.a/install/buggy_msgs/include/buggy_msgs/msg/detail/steering_wheel_state_stamped__struct.h
[1.710s] -- Up-to-date: /home/manuel/buggy_ws_beta.a/install/buggy_msgs/include/buggy_msgs/msg/detail/platoon_state__type_support.h
[1.710s] -- Up-to-date: /home/manuel/buggy_ws_beta.a/install/buggy_msgs/include/buggy_msgs/msg/detail/hi_linit_cmd_stamped__type_support.h
[1.710s] -- Up-to-date: /home/manuel/buggy_ws_beta.a/install/buggy_msgs/include/buggy_msgs/msg/detail/hi_linit_cmd__functions.h
[1.710s] -- Up-to-date: /home/manuel/buggy_ws_beta.a/install/buggy_msgs/include/buggy_msgs/msg/detail/current_cmd__functions.c
[1.710s] -- Up-to-date: /home/manuel/buggy_ws_beta.a/install/buggy_msgs/include/buggy_msgs/msg/detail/fzg_vehicle_data_stamped__struct.h
[1.711s] -- Up-to-date: /home/manuel/buggy_ws_beta.a/install/buggy_msgs/include/buggy_msgs/msg/detail/rc_ctrl_state_stamped__functions.c
[1.711s] -- Up-to-date: /home/manuel/buggy_ws_beta.a/install/buggy_msgs/include/buggy_msgs/msg/detail/hi_linit_cmd__functions.c
[1.711s] -- Up-to-date: /home/manuel/buggy_ws_beta.a/install/buggy_msgs/include/buggy_msgs/msg/detail/drive_state_stamped__functions.h
[1.711s] -- Up-to-date: /home/manuel/buggy_ws_beta.a/install/buggy_msgs/include/buggy_msgs/msg/detail/steering_cmd_stamped__type_support.h
[1.711s] -- Up-to-date: /home/manuel/buggy_ws_beta.a/install/buggy_msgs/include/buggy_msgs/msg/detail/rc_ctrl_state__functions.h
[1.711s] -- Up-to-date: /home/manuel/buggy_ws_beta.a/install/buggy_msgs/include/buggy_msgs/msg/detail/vehicle_state_stamped__type_support.h
[1.712s] -- Up-to-date: /home/manuel/buggy_ws_beta.a/install/buggy_msgs/include/buggy_msgs/msg/detail/mapmatching_stamped__functions.h
[1.712s] -- Up-to-date: /home/manuel/buggy_ws_beta.a/install/buggy_msgs/include/buggy_msgs/msg/detail/current_cmd__type_support.h
[1.712s] -- Up-to-date: /home/manuel/buggy_ws_beta.a/install/buggy_msgs/include/buggy_msgs/msg/detail/wheels_state_stamped__struct.h
[1.712s] -- Up-to-date: /home/manuel/buggy_ws_beta.a/install/buggy_msgs/include/buggy_msgs/msg/detail/imu_state__functions.c
[1.712s] -- Up-to-date: /home/manuel/buggy_ws_beta.a/install/buggy_msgs/include/buggy_msgs/msg/detail/wheels_state__type_support.h
[1.712s] -- Up-to-date: /home/manuel/buggy_ws_beta.a/install/buggy_msgs/include/buggy_msgs/msg/detail/gnss_state_stamped__struct.h
[1.712s] -- Up-to-date: /home/manuel/buggy_ws_beta.a/install/buggy_msgs/include/buggy_msgs/msg/detail/bus_parameter__functions.h
[1.712s] -- Up-to-date: /home/manuel/buggy_ws_beta.a/install/buggy_msgs/include/buggy_msgs/msg/detail/gnss_state__functions.c
[1.712s] -- Up-to-date: /home/manuel/buggy_ws_beta.a/install/buggy_msgs/include/buggy_msgs/msg/detail/vehicle_state_stamped__functions.h
[1.713s] -- Up-to-date: /home/manuel/buggy_ws_beta.a/install/buggy_msgs/include/buggy_msgs/msg/detail/wheels_state_stamped__type_support.h
[1.713s] -- Up-to-date: /home/manuel/buggy_ws_beta.a/install/buggy_msgs/include/buggy_msgs/msg/detail/current_cmd_stamped__type_support.h
[1.713s] -- Up-to-date: /home/manuel/buggy_ws_beta.a/install/buggy_msgs/include/buggy_msgs/msg/detail/fzg_vehicle_data__struct.h
[1.713s] -- Up-to-date: /home/manuel/buggy_ws_beta.a/install/buggy_msgs/include/buggy_msgs/msg/detail/imu_state__functions.h
[1.716s] -- Up-to-date: /home/manuel/buggy_ws_beta.a/install/buggy_msgs/include/buggy_msgs/msg/detail/rc_ctrl_state__functions.c
[1.716s] -- Up-to-date: /home/manuel/buggy_ws_beta.a/install/buggy_msgs/include/buggy_msgs/msg/detail/imu_state_stamped__type_support.h
[1.716s] -- Up-to-date: /home/manuel/buggy_ws_beta.a/install/buggy_msgs/include/buggy_msgs/msg/detail/bus_parameter_stamped__type_support.h
[1.717s] -- Up-to-date: /home/manuel/buggy_ws_beta.a/install/buggy_msgs/include/buggy_msgs/msg/detail/steering_wheel_state__functions.h
[1.717s] -- Up-to-date: /home/manuel/buggy_ws_beta.a/install/buggy_msgs/include/buggy_msgs/msg/detail/vehicle_state_stamped__functions.c
[1.717s] -- Up-to-date: /home/manuel/buggy_ws_beta.a/install/buggy_msgs/include/buggy_msgs/msg/detail/current_cmd__functions.h
[1.717s] -- Up-to-date: /home/manuel/buggy_ws_beta.a/install/buggy_msgs/include/buggy_msgs/msg/detail/gnss_state__functions.h
[1.718s] -- Up-to-date: /home/manuel/buggy_ws_beta.a/install/buggy_msgs/include/buggy_msgs/msg/detail/steering_cmd__type_support.h
[1.718s] -- Up-to-date: /home/manuel/buggy_ws_beta.a/install/buggy_msgs/include/buggy_msgs/msg/detail/drive_state_stamped__functions.c
[1.718s] -- Up-to-date: /home/manuel/buggy_ws_beta.a/install/buggy_msgs/include/buggy_msgs/msg/detail/wheels_state__functions.h
[1.721s] -- Up-to-date: /home/manuel/buggy_ws_beta.a/install/buggy_msgs/include/buggy_msgs/msg/detail/rc_ctrl_state_stamped__struct.h
[1.721s] -- Up-to-date: /home/manuel/buggy_ws_beta.a/install/buggy_msgs/include/buggy_msgs/msg/detail/steering_wheel_state_stamped__functions.c
[1.721s] -- Up-to-date: /home/manuel/buggy_ws_beta.a/install/buggy_msgs/include/buggy_msgs/msg/detail/bus_parameter_stamped__struct.h
[1.721s] -- Up-to-date: /home/manuel/buggy_ws_beta.a/install/buggy_msgs/include/buggy_msgs/msg/detail/fzg_vehicle_data_stamped__functions.c
[1.722s] -- Up-to-date: /home/manuel/buggy_ws_beta.a/install/buggy_msgs/include/buggy_msgs/msg/detail/fzg_vehicle_data_stamped__functions.h
[1.722s] -- Up-to-date: /home/manuel/buggy_ws_beta.a/install/buggy_msgs/include/buggy_msgs/msg/detail/wheels_state_stamped__functions.c
[1.722s] -- Up-to-date: /home/manuel/buggy_ws_beta.a/install/buggy_msgs/include/buggy_msgs/msg/detail/steering_cmd__functions.h
[1.723s] -- Up-to-date: /home/manuel/buggy_ws_beta.a/install/buggy_msgs/include/buggy_msgs/msg/detail/imu_state_stamped__functions.c
[1.725s] -- Up-to-date: /home/manuel/buggy_ws_beta.a/install/buggy_msgs/include/buggy_msgs/msg/detail/rc_ctrl_state__struct.h
[1.726s] -- Up-to-date: /home/manuel/buggy_ws_beta.a/install/buggy_msgs/include/buggy_msgs/msg/detail/fzg_vehicle_data__functions.h
[1.726s] -- Up-to-date: /home/manuel/buggy_ws_beta.a/install/buggy_msgs/include/buggy_msgs/msg/detail/steering_wheel_state__type_support.h
[1.726s] -- Up-to-date: /home/manuel/buggy_ws_beta.a/install/buggy_msgs/include/buggy_msgs/msg/detail/imu_state_stamped__functions.h
[1.727s] -- Up-to-date: /home/manuel/buggy_ws_beta.a/install/buggy_msgs/include/buggy_msgs/msg/detail/gnss_state_stamped__functions.h
[1.727s] -- Up-to-date: /home/manuel/buggy_ws_beta.a/install/buggy_msgs/include/buggy_msgs/msg/detail/hi_linit_cmd_stamped__functions.c
[1.727s] -- Up-to-date: /home/manuel/buggy_ws_beta.a/install/buggy_msgs/include/buggy_msgs/msg/detail/hi_linit_cmd_stamped__functions.h
[1.727s] -- Up-to-date: /home/manuel/buggy_ws_beta.a/install/buggy_msgs/include/buggy_msgs/msg/detail/drive_state_stamped__type_support.h
[1.727s] -- Up-to-date: /home/manuel/buggy_ws_beta.a/install/buggy_msgs/include/buggy_msgs/msg/detail/vehicle_state__type_support.h
[1.730s] -- Up-to-date: /home/manuel/buggy_ws_beta.a/install/buggy_msgs/include/buggy_msgs/msg/detail/bus_parameter__struct.h
[1.730s] -- Up-to-date: /home/manuel/buggy_ws_beta.a/install/buggy_msgs/include/buggy_msgs/msg/detail/steering_wheel_state__functions.c
[1.731s] -- Up-to-date: /home/manuel/buggy_ws_beta.a/install/buggy_msgs/include/buggy_msgs/msg/detail/imu_state_stamped__struct.h
[1.731s] -- Up-to-date: /home/manuel/buggy_ws_beta.a/install/buggy_msgs/include/buggy_msgs/msg/detail/hi_linit_cmd__struct.h
[1.731s] -- Up-to-date: /home/manuel/buggy_ws_beta.a/install/buggy_msgs/include/buggy_msgs/msg/detail/hi_linit_cmd_stamped__struct.h
[1.731s] -- Up-to-date: /home/manuel/buggy_ws_beta.a/install/buggy_msgs/include/buggy_msgs/msg/detail/imu_state__type_support.h
[1.732s] -- Up-to-date: /home/manuel/buggy_ws_beta.a/install/buggy_msgs/include/buggy_msgs/msg/detail/steering_wheel_state__struct.h
[1.732s] -- Up-to-date: /home/manuel/buggy_ws_beta.a/install/buggy_msgs/include/buggy_msgs/msg/detail/steering_cmd__functions.c
[1.732s] -- Up-to-date: /home/manuel/buggy_ws_beta.a/install/buggy_msgs/include/buggy_msgs/msg/detail/gnss_state_stamped__type_support.h
[1.732s] -- Up-to-date: /home/manuel/buggy_ws_beta.a/install/buggy_msgs/include/buggy_msgs/msg/detail/mapmatching_stamped__type_support.h
[1.733s] -- Up-to-date: /home/manuel/buggy_ws_beta.a/install/buggy_msgs/include/buggy_msgs/msg/detail/steering_cmd_stamped__struct.h
[1.733s] -- Up-to-date: /home/manuel/buggy_ws_beta.a/install/buggy_msgs/include/buggy_msgs/msg/detail/rc_ctrl_state_stamped__functions.h
[1.733s] -- Up-to-date: /home/manuel/buggy_ws_beta.a/install/buggy_msgs/include/buggy_msgs/msg/detail/steering_cmd_stamped__functions.c
[1.733s] -- Up-to-date: /home/manuel/buggy_ws_beta.a/install/buggy_msgs/include/buggy_msgs/msg/detail/wheels_state__functions.c
[1.733s] -- Up-to-date: /home/manuel/buggy_ws_beta.a/install/buggy_msgs/include/buggy_msgs/msg/detail/vehicle_state__functions.c
[1.734s] -- Up-to-date: /home/manuel/buggy_ws_beta.a/install/buggy_msgs/include/buggy_msgs/msg/detail/mapmatching_stamped__functions.c
[1.735s] -- Up-to-date: /home/manuel/buggy_ws_beta.a/install/buggy_msgs/include/buggy_msgs/msg/detail/rc_ctrl_state__type_support.h
[1.735s] -- Up-to-date: /home/manuel/buggy_ws_beta.a/install/buggy_msgs/include/buggy_msgs/msg/detail/vehicle_state_stamped__struct.h
[1.735s] -- Up-to-date: /home/manuel/buggy_ws_beta.a/install/buggy_msgs/include/buggy_msgs/msg/detail/drive_state__type_support.h
[1.735s] -- Up-to-date: /home/manuel/buggy_ws_beta.a/install/buggy_msgs/include/buggy_msgs/msg/detail/drive_state__struct.h
[1.735s] -- Up-to-date: /home/manuel/buggy_ws_beta.a/install/buggy_msgs/include/buggy_msgs/msg/detail/platoon_state_stamped__functions.h
[1.735s] -- Up-to-date: /home/manuel/buggy_ws_beta.a/install/buggy_msgs/include/buggy_msgs/msg/detail/mapmatching_stamped__struct.h
[1.735s] -- Up-to-date: /home/manuel/buggy_ws_beta.a/install/buggy_msgs/include/buggy_msgs/msg/detail/current_cmd_stamped__struct.h
[1.736s] -- Up-to-date: /home/manuel/buggy_ws_beta.a/install/buggy_msgs/include/buggy_msgs/msg/detail/mapmatching__functions.h
[1.736s] -- Up-to-date: /home/manuel/buggy_ws_beta.a/install/buggy_msgs/include/buggy_msgs/msg/detail/platoon_state_stamped__type_support.h
[1.737s] -- Up-to-date: /home/manuel/buggy_ws_beta.a/install/buggy_msgs/include/buggy_msgs/msg/detail/platoon_state_stamped__struct.h
[1.737s] -- Up-to-date: /home/manuel/buggy_ws_beta.a/install/buggy_msgs/include/buggy_msgs/msg/detail/steering_cmd__struct.h
[1.737s] -- Up-to-date: /home/manuel/buggy_ws_beta.a/install/buggy_msgs/include/buggy_msgs/msg/detail/gnss_state_stamped__functions.c
[1.739s] -- Up-to-date: /home/manuel/buggy_ws_beta.a/install/buggy_msgs/include/buggy_msgs/msg/detail/vehicle_state__functions.h
[1.739s] -- Up-to-date: /home/manuel/buggy_ws_beta.a/install/buggy_msgs/include/buggy_msgs/msg/detail/steering_wheel_state_stamped__functions.h
[1.739s] -- Up-to-date: /home/manuel/buggy_ws_beta.a/install/buggy_msgs/include/buggy_msgs/msg/detail/bus_parameter__functions.c
[1.739s] -- Up-to-date: /home/manuel/buggy_ws_beta.a/install/buggy_msgs/include/buggy_msgs/msg/detail/gnss_state__type_support.h
[1.740s] -- Up-to-date: /home/manuel/buggy_ws_beta.a/install/buggy_msgs/include/buggy_msgs/msg/detail/platoon_state__struct.h
[1.740s] -- Up-to-date: /home/manuel/buggy_ws_beta.a/install/buggy_msgs/include/buggy_msgs/msg/detail/wheels_state__struct.h
[1.741s] -- Up-to-date: /home/manuel/buggy_ws_beta.a/install/buggy_msgs/include/buggy_msgs/msg/detail/platoon_state_stamped__functions.c
[1.741s] -- Up-to-date: /home/manuel/buggy_ws_beta.a/install/buggy_msgs/include/buggy_msgs/msg/detail/drive_state__functions.h
[1.741s] -- Up-to-date: /home/manuel/buggy_ws_beta.a/install/buggy_msgs/include/buggy_msgs/msg/detail/drive_state__functions.c
[1.742s] -- Up-to-date: /home/manuel/buggy_ws_beta.a/install/buggy_msgs/include/buggy_msgs/msg/detail/fzg_vehicle_data_stamped__type_support.h
[1.742s] -- Up-to-date: /home/manuel/buggy_ws_beta.a/install/buggy_msgs/include/buggy_msgs/msg/detail/current_cmd_stamped__functions.h
[1.742s] -- Up-to-date: /home/manuel/buggy_ws_beta.a/install/buggy_msgs/include/buggy_msgs/msg/detail/bus_parameter_stamped__functions.c
[1.742s] -- Up-to-date: /home/manuel/buggy_ws_beta.a/install/buggy_msgs/include/buggy_msgs/msg/detail/hi_linit_cmd__type_support.h
[1.743s] -- Up-to-date: /home/manuel/buggy_ws_beta.a/install/buggy_msgs/include/buggy_msgs/msg/detail/current_cmd_stamped__functions.c
[1.743s] -- Up-to-date: /home/manuel/buggy_ws_beta.a/install/buggy_msgs/include/buggy_msgs/msg/detail/steering_cmd_stamped__functions.h
[1.743s] -- Up-to-date: /home/manuel/buggy_ws_beta.a/install/buggy_msgs/include/buggy_msgs/msg/detail/fzg_vehicle_data__type_support.h
[1.744s] -- Up-to-date: /home/manuel/buggy_ws_beta.a/install/buggy_msgs/include/buggy_msgs/msg/detail/mapmatching__struct.h
[1.746s] -- Up-to-date: /home/manuel/buggy_ws_beta.a/install/buggy_msgs/include/buggy_msgs/msg/detail/vehicle_state__struct.h
[1.746s] -- Up-to-date: /home/manuel/buggy_ws_beta.a/install/buggy_msgs/include/buggy_msgs/msg/detail/platoon_state__functions.c
[1.747s] -- Up-to-date: /home/manuel/buggy_ws_beta.a/install/buggy_msgs/include/buggy_msgs/msg/detail/rc_ctrl_state_stamped__type_support.h
[1.748s] -- Up-to-date: /home/manuel/buggy_ws_beta.a/install/buggy_msgs/include/buggy_msgs/msg/detail/bus_parameter__type_support.h
[1.749s] -- Up-to-date: /home/manuel/buggy_ws_beta.a/install/buggy_msgs/include/buggy_msgs/msg/detail/platoon_state__functions.h
[1.750s] -- Up-to-date: /home/manuel/buggy_ws_beta.a/install/buggy_msgs/include/buggy_msgs/msg/detail/steering_wheel_state_stamped__type_support.h
[1.750s] -- Up-to-date: /home/manuel/buggy_ws_beta.a/install/buggy_msgs/include/buggy_msgs/msg/detail/mapmatching__type_support.h
[1.752s] -- Up-to-date: /home/manuel/buggy_ws_beta.a/install/buggy_msgs/include/buggy_msgs/msg/detail/mapmatching__functions.c
[1.752s] -- Up-to-date: /home/manuel/buggy_ws_beta.a/install/buggy_msgs/include/buggy_msgs/msg/detail/imu_state__struct.h
[1.752s] -- Up-to-date: /home/manuel/buggy_ws_beta.a/install/buggy_msgs/include/buggy_msgs/msg/detail/wheels_state_stamped__functions.h
[1.752s] -- Up-to-date: /home/manuel/buggy_ws_beta.a/install/buggy_msgs/include/buggy_msgs/msg/detail/fzg_vehicle_data__functions.c
[1.752s] -- Up-to-date: /home/manuel/buggy_ws_beta.a/install/buggy_msgs/include/buggy_msgs/msg/detail/drive_state_stamped__struct.h
[1.752s] -- Up-to-date: /home/manuel/buggy_ws_beta.a/install/buggy_msgs/include/buggy_msgs/msg/gnss_state.h
[1.752s] -- Up-to-date: /home/manuel/buggy_ws_beta.a/install/buggy_msgs/include/buggy_msgs/msg/mapmatching.h
[1.752s] -- Up-to-date: /home/manuel/buggy_ws_beta.a/install/buggy_msgs/include/buggy_msgs/msg/mapmatching_stamped.h
[1.753s] -- Up-to-date: /home/manuel/buggy_ws_beta.a/install/buggy_msgs/include/buggy_msgs/msg/rc_ctrl_state.h
[1.753s] -- Up-to-date: /home/manuel/buggy_ws_beta.a/install/buggy_msgs/include/buggy_msgs/msg/steering_cmd_stamped.h
[1.753s] -- Up-to-date: /home/manuel/buggy_ws_beta.a/install/buggy_msgs/include/buggy_msgs/msg/drive_state.h
[1.753s] -- Up-to-date: /home/manuel/buggy_ws_beta.a/install/buggy_msgs/include/buggy_msgs/msg/current_cmd_stamped.h
[1.753s] -- Up-to-date: /home/manuel/buggy_ws_beta.a/install/buggy_msgs/include/buggy_msgs/msg/wheels_state.h
[1.753s] -- Up-to-date: /home/manuel/buggy_ws_beta.a/install/buggy_msgs/include/buggy_msgs/msg/wheels_state_stamped.h
[1.755s] -- Up-to-date: /home/manuel/buggy_ws_beta.a/install/buggy_msgs/include/buggy_msgs/msg/current_cmd.h
[1.755s] -- Up-to-date: /home/manuel/buggy_ws_beta.a/install/buggy_msgs/include/buggy_msgs/msg/platoon_state.h
[1.755s] -- Up-to-date: /home/manuel/buggy_ws_beta.a/install/buggy_msgs/include/buggy_msgs/msg/bus_parameter.h
[1.755s] -- Up-to-date: /home/manuel/buggy_ws_beta.a/install/buggy_msgs/include/buggy_msgs/msg/fzg_vehicle_data.h
[1.755s] -- Up-to-date: /home/manuel/buggy_ws_beta.a/install/buggy_msgs/include/buggy_msgs/msg/vehicle_state_stamped.h
[1.756s] -- Up-to-date: /home/manuel/buggy_ws_beta.a/install/buggy_msgs/include/buggy_msgs/msg/rosidl_generator_c__visibility_control.h
[1.756s] -- Up-to-date: /home/manuel/buggy_ws_beta.a/install/buggy_msgs/include/buggy_msgs/msg/imu_state.h
[1.756s] -- Up-to-date: /home/manuel/buggy_ws_beta.a/install/buggy_msgs/include/buggy_msgs/msg/hi_linit_cmd.h
[1.756s] -- Up-to-date: /home/manuel/buggy_ws_beta.a/install/buggy_msgs/include/buggy_msgs/msg/platoon_state_stamped.h
[1.757s] -- Up-to-date: /home/manuel/buggy_ws_beta.a/install/buggy_msgs/include/buggy_msgs/msg/hi_linit_cmd_stamped.h
[1.758s] -- Up-to-date: /home/manuel/buggy_ws_beta.a/install/buggy_msgs/include/buggy_msgs/msg/drive_state_stamped.h
[1.758s] -- Up-to-date: /home/manuel/buggy_ws_beta.a/install/buggy_msgs/include/buggy_msgs/msg/bus_parameter_stamped.h
[1.758s] -- Up-to-date: /home/manuel/buggy_ws_beta.a/install/buggy_msgs/include/buggy_msgs/msg/gnss_state_stamped.h
[1.758s] -- Up-to-date: /home/manuel/buggy_ws_beta.a/install/buggy_msgs/include/buggy_msgs/msg/rc_ctrl_state_stamped.h
[1.759s] -- Up-to-date: /home/manuel/buggy_ws_beta.a/install/buggy_msgs/include/buggy_msgs/msg/imu_state_stamped.h
[1.759s] -- Up-to-date: /home/manuel/buggy_ws_beta.a/install/buggy_msgs/include/buggy_msgs/msg/fzg_vehicle_data_stamped.h
[1.760s] -- Up-to-date: /home/manuel/buggy_ws_beta.a/install/buggy_msgs/include/buggy_msgs/msg/steering_wheel_state_stamped.h
[1.762s] -- Up-to-date: /home/manuel/buggy_ws_beta.a/install/buggy_msgs/share/buggy_msgs/environment/library_path.sh
[1.762s] -- Up-to-date: /home/manuel/buggy_ws_beta.a/install/buggy_msgs/share/buggy_msgs/environment/library_path.dsv
[1.762s] -- Up-to-date: /home/manuel/buggy_ws_beta.a/install/buggy_msgs/lib/libbuggy_msgs__rosidl_generator_c.so
[1.762s] -- Up-to-date: /home/manuel/buggy_ws_beta.a/install/buggy_msgs/include/buggy_msgs
[1.766s] -- Up-to-date: /home/manuel/buggy_ws_beta.a/install/buggy_msgs/include/buggy_msgs/msg
[1.770s] -- Up-to-date: /home/manuel/buggy_ws_beta.a/install/buggy_msgs/include/buggy_msgs/msg/detail
[1.770s] -- Up-to-date: /home/manuel/buggy_ws_beta.a/install/buggy_msgs/include/buggy_msgs/msg/detail/bus_parameter_stamped__rosidl_typesupport_fastrtps_c.h
[1.771s] -- Up-to-date: /home/manuel/buggy_ws_beta.a/install/buggy_msgs/include/buggy_msgs/msg/detail/current_cmd_stamped__rosidl_typesupport_fastrtps_c.h
[1.771s] -- Up-to-date: /home/manuel/buggy_ws_beta.a/install/buggy_msgs/include/buggy_msgs/msg/detail/wheels_state__rosidl_typesupport_fastrtps_c.h
[1.771s] -- Up-to-date: /home/manuel/buggy_ws_beta.a/install/buggy_msgs/include/buggy_msgs/msg/detail/vehicle_state__rosidl_typesupport_fastrtps_c.h
[1.771s] -- Up-to-date: /home/manuel/buggy_ws_beta.a/install/buggy_msgs/include/buggy_msgs/msg/detail/current_cmd__rosidl_typesupport_fastrtps_c.h
[1.771s] -- Up-to-date: /home/manuel/buggy_ws_beta.a/install/buggy_msgs/include/buggy_msgs/msg/detail/fzg_vehicle_data_stamped__rosidl_typesupport_fastrtps_c.h
[1.771s] -- Up-to-date: /home/manuel/buggy_ws_beta.a/install/buggy_msgs/include/buggy_msgs/msg/detail/hi_linit_cmd_stamped__rosidl_typesupport_fastrtps_c.h
[1.771s] -- Up-to-date: /home/manuel/buggy_ws_beta.a/install/buggy_msgs/include/buggy_msgs/msg/detail/imu_state_stamped__rosidl_typesupport_fastrtps_c.h
[1.771s] -- Up-to-date: /home/manuel/buggy_ws_beta.a/install/buggy_msgs/include/buggy_msgs/msg/detail/steering_wheel_state_stamped__rosidl_typesupport_fastrtps_c.h
[1.772s] -- Up-to-date: /home/manuel/buggy_ws_beta.a/install/buggy_msgs/include/buggy_msgs/msg/detail/bus_parameter__rosidl_typesupport_fastrtps_c.h
[1.772s] -- Up-to-date: /home/manuel/buggy_ws_beta.a/install/buggy_msgs/include/buggy_msgs/msg/detail/gnss_state_stamped__rosidl_typesupport_fastrtps_c.h
[1.772s] -- Up-to-date: /home/manuel/buggy_ws_beta.a/install/buggy_msgs/include/buggy_msgs/msg/detail/drive_state__rosidl_typesupport_fastrtps_c.h
[1.772s] -- Up-to-date: /home/manuel/buggy_ws_beta.a/install/buggy_msgs/include/buggy_msgs/msg/detail/platoon_state__rosidl_typesupport_fastrtps_c.h
[1.772s] -- Up-to-date: /home/manuel/buggy_ws_beta.a/install/buggy_msgs/include/buggy_msgs/msg/detail/wheels_state_stamped__rosidl_typesupport_fastrtps_c.h
[1.772s] -- Up-to-date: /home/manuel/buggy_ws_beta.a/install/buggy_msgs/include/buggy_msgs/msg/detail/mapmatching__rosidl_typesupport_fastrtps_c.h
[1.772s] -- Up-to-date: /home/manuel/buggy_ws_beta.a/install/buggy_msgs/include/buggy_msgs/msg/detail/steering_cmd__rosidl_typesupport_fastrtps_c.h
[1.772s] -- Up-to-date: /home/manuel/buggy_ws_beta.a/install/buggy_msgs/include/buggy_msgs/msg/detail/vehicle_state_stamped__rosidl_typesupport_fastrtps_c.h
[1.772s] -- Up-to-date: /home/manuel/buggy_ws_beta.a/install/buggy_msgs/include/buggy_msgs/msg/detail/platoon_state_stamped__rosidl_typesupport_fastrtps_c.h
[1.772s] -- Up-to-date: /home/manuel/buggy_ws_beta.a/install/buggy_msgs/include/buggy_msgs/msg/detail/hi_linit_cmd__rosidl_typesupport_fastrtps_c.h
[1.772s] -- Up-to-date: /home/manuel/buggy_ws_beta.a/install/buggy_msgs/include/buggy_msgs/msg/detail/steering_cmd_stamped__rosidl_typesupport_fastrtps_c.h
[1.773s] -- Up-to-date: /home/manuel/buggy_ws_beta.a/install/buggy_msgs/include/buggy_msgs/msg/detail/rc_ctrl_state__rosidl_typesupport_fastrtps_c.h
[1.773s] -- Up-to-date: /home/manuel/buggy_ws_beta.a/install/buggy_msgs/include/buggy_msgs/msg/detail/imu_state__rosidl_typesupport_fastrtps_c.h
[1.773s] -- Up-to-date: /home/manuel/buggy_ws_beta.a/install/buggy_msgs/include/buggy_msgs/msg/detail/rc_ctrl_state_stamped__rosidl_typesupport_fastrtps_c.h
[1.773s] -- Up-to-date: /home/manuel/buggy_ws_beta.a/install/buggy_msgs/include/buggy_msgs/msg/detail/drive_state_stamped__rosidl_typesupport_fastrtps_c.h
[1.773s] -- Up-to-date: /home/manuel/buggy_ws_beta.a/install/buggy_msgs/include/buggy_msgs/msg/detail/fzg_vehicle_data__rosidl_typesupport_fastrtps_c.h
[1.773s] -- Up-to-date: /home/manuel/buggy_ws_beta.a/install/buggy_msgs/include/buggy_msgs/msg/detail/steering_wheel_state__rosidl_typesupport_fastrtps_c.h
[1.777s] -- Up-to-date: /home/manuel/buggy_ws_beta.a/install/buggy_msgs/include/buggy_msgs/msg/detail/mapmatching_stamped__rosidl_typesupport_fastrtps_c.h
[1.777s] -- Up-to-date: /home/manuel/buggy_ws_beta.a/install/buggy_msgs/include/buggy_msgs/msg/detail/gnss_state__rosidl_typesupport_fastrtps_c.h
[1.777s] -- Up-to-date: /home/manuel/buggy_ws_beta.a/install/buggy_msgs/include/buggy_msgs/msg/rosidl_typesupport_fastrtps_c__visibility_control.h
[1.777s] -- Up-to-date: /home/manuel/buggy_ws_beta.a/install/buggy_msgs/lib/libbuggy_msgs__rosidl_typesupport_fastrtps_c.so
[1.777s] -- Up-to-date: /home/manuel/buggy_ws_beta.a/install/buggy_msgs/include/buggy_msgs
[1.777s] -- Up-to-date: /home/manuel/buggy_ws_beta.a/install/buggy_msgs/include/buggy_msgs/msg
[1.778s] -- Up-to-date: /home/manuel/buggy_ws_beta.a/install/buggy_msgs/include/buggy_msgs/msg/detail
[1.778s] -- Up-to-date: /home/manuel/buggy_ws_beta.a/install/buggy_msgs/include/buggy_msgs/msg/detail/steering_cmd_stamped__rosidl_typesupport_fastrtps_cpp.hpp
[1.778s] -- Up-to-date: /home/manuel/buggy_ws_beta.a/install/buggy_msgs/include/buggy_msgs/msg/detail/dds_fastrtps
[1.778s] -- Up-to-date: /home/manuel/buggy_ws_beta.a/install/buggy_msgs/include/buggy_msgs/msg/detail/platoon_state__rosidl_typesupport_fastrtps_cpp.hpp
[1.778s] -- Up-to-date: /home/manuel/buggy_ws_beta.a/install/buggy_msgs/include/buggy_msgs/msg/detail/drive_state__rosidl_typesupport_fastrtps_cpp.hpp
[1.778s] -- Up-to-date: /home/manuel/buggy_ws_beta.a/install/buggy_msgs/include/buggy_msgs/msg/detail/current_cmd__rosidl_typesupport_fastrtps_cpp.hpp
[1.778s] -- Up-to-date: /home/manuel/buggy_ws_beta.a/install/buggy_msgs/include/buggy_msgs/msg/detail/steering_wheel_state_stamped__rosidl_typesupport_fastrtps_cpp.hpp
[1.778s] -- Up-to-date: /home/manuel/buggy_ws_beta.a/install/buggy_msgs/include/buggy_msgs/msg/detail/fzg_vehicle_data__rosidl_typesupport_fastrtps_cpp.hpp
[1.779s] -- Up-to-date: /home/manuel/buggy_ws_beta.a/install/buggy_msgs/include/buggy_msgs/msg/detail/bus_parameter__rosidl_typesupport_fastrtps_cpp.hpp
[1.779s] -- Up-to-date: /home/manuel/buggy_ws_beta.a/install/buggy_msgs/include/buggy_msgs/msg/detail/wheels_state_stamped__rosidl_typesupport_fastrtps_cpp.hpp
[1.781s] -- Up-to-date: /home/manuel/buggy_ws_beta.a/install/buggy_msgs/include/buggy_msgs/msg/detail/steering_cmd__rosidl_typesupport_fastrtps_cpp.hpp
[1.782s] -- Up-to-date: /home/manuel/buggy_ws_beta.a/install/buggy_msgs/include/buggy_msgs/msg/detail/wheels_state__rosidl_typesupport_fastrtps_cpp.hpp
[1.782s] -- Up-to-date: /home/manuel/buggy_ws_beta.a/install/buggy_msgs/include/buggy_msgs/msg/detail/gnss_state_stamped__rosidl_typesupport_fastrtps_cpp.hpp
[1.782s] -- Up-to-date: /home/manuel/buggy_ws_beta.a/install/buggy_msgs/include/buggy_msgs/msg/detail/steering_wheel_state__rosidl_typesupport_fastrtps_cpp.hpp
[1.782s] -- Up-to-date: /home/manuel/buggy_ws_beta.a/install/buggy_msgs/include/buggy_msgs/msg/detail/vehicle_state_stamped__rosidl_typesupport_fastrtps_cpp.hpp
[1.782s] -- Up-to-date: /home/manuel/buggy_ws_beta.a/install/buggy_msgs/include/buggy_msgs/msg/detail/vehicle_state__rosidl_typesupport_fastrtps_cpp.hpp
[1.782s] -- Up-to-date: /home/manuel/buggy_ws_beta.a/install/buggy_msgs/include/buggy_msgs/msg/detail/imu_state__rosidl_typesupport_fastrtps_cpp.hpp
[1.782s] -- Up-to-date: /home/manuel/buggy_ws_beta.a/install/buggy_msgs/include/buggy_msgs/msg/detail/mapmatching_stamped__rosidl_typesupport_fastrtps_cpp.hpp
[1.783s] -- Up-to-date: /home/manuel/buggy_ws_beta.a/install/buggy_msgs/include/buggy_msgs/msg/detail/hi_linit_cmd_stamped__rosidl_typesupport_fastrtps_cpp.hpp
[1.786s] -- Up-to-date: /home/manuel/buggy_ws_beta.a/install/buggy_msgs/include/buggy_msgs/msg/detail/imu_state_stamped__rosidl_typesupport_fastrtps_cpp.hpp
[1.786s] -- Up-to-date: /home/manuel/buggy_ws_beta.a/install/buggy_msgs/include/buggy_msgs/msg/detail/hi_linit_cmd__rosidl_typesupport_fastrtps_cpp.hpp
[1.786s] -- Up-to-date: /home/manuel/buggy_ws_beta.a/install/buggy_msgs/include/buggy_msgs/msg/detail/platoon_state_stamped__rosidl_typesupport_fastrtps_cpp.hpp
[1.786s] -- Up-to-date: /home/manuel/buggy_ws_beta.a/install/buggy_msgs/include/buggy_msgs/msg/detail/gnss_state__rosidl_typesupport_fastrtps_cpp.hpp
[1.787s] -- Up-to-date: /home/manuel/buggy_ws_beta.a/install/buggy_msgs/include/buggy_msgs/msg/detail/mapmatching__rosidl_typesupport_fastrtps_cpp.hpp
[1.787s] -- Up-to-date: /home/manuel/buggy_ws_beta.a/install/buggy_msgs/include/buggy_msgs/msg/detail/drive_state_stamped__rosidl_typesupport_fastrtps_cpp.hpp
[1.787s] -- Up-to-date: /home/manuel/buggy_ws_beta.a/install/buggy_msgs/include/buggy_msgs/msg/detail/rc_ctrl_state__rosidl_typesupport_fastrtps_cpp.hpp
[1.788s] -- Up-to-date: /home/manuel/buggy_ws_beta.a/install/buggy_msgs/include/buggy_msgs/msg/detail/rc_ctrl_state_stamped__rosidl_typesupport_fastrtps_cpp.hpp
[1.788s] -- Up-to-date: /home/manuel/buggy_ws_beta.a/install/buggy_msgs/include/buggy_msgs/msg/detail/fzg_vehicle_data_stamped__rosidl_typesupport_fastrtps_cpp.hpp
[1.791s] -- Up-to-date: /home/manuel/buggy_ws_beta.a/install/buggy_msgs/include/buggy_msgs/msg/detail/current_cmd_stamped__rosidl_typesupport_fastrtps_cpp.hpp
[1.792s] -- Up-to-date: /home/manuel/buggy_ws_beta.a/install/buggy_msgs/include/buggy_msgs/msg/detail/bus_parameter_stamped__rosidl_typesupport_fastrtps_cpp.hpp
[1.792s] -- Up-to-date: /home/manuel/buggy_ws_beta.a/install/buggy_msgs/include/buggy_msgs/msg/rosidl_typesupport_fastrtps_cpp__visibility_control.h
[1.793s] -- Up-to-date: /home/manuel/buggy_ws_beta.a/install/buggy_msgs/lib/libbuggy_msgs__rosidl_typesupport_fastrtps_cpp.so
[1.793s] -- Up-to-date: /home/manuel/buggy_ws_beta.a/install/buggy_msgs/include/buggy_msgs
[1.793s] -- Up-to-date: /home/manuel/buggy_ws_beta.a/install/buggy_msgs/include/buggy_msgs/msg
[1.794s] -- Up-to-date: /home/manuel/buggy_ws_beta.a/install/buggy_msgs/include/buggy_msgs/msg/detail
[1.794s] -- Up-to-date: /home/manuel/buggy_ws_beta.a/install/buggy_msgs/include/buggy_msgs/msg/detail/steering_wheel_state__rosidl_typesupport_introspection_c.h
[1.794s] -- Up-to-date: /home/manuel/buggy_ws_beta.a/install/buggy_msgs/include/buggy_msgs/msg/detail/gnss_state_stamped__type_support.c
[1.795s] -- Up-to-date: /home/manuel/buggy_ws_beta.a/install/buggy_msgs/include/buggy_msgs/msg/detail/mapmatching_stamped__type_support.c
[1.795s] -- Up-to-date: /home/manuel/buggy_ws_beta.a/install/buggy_msgs/include/buggy_msgs/msg/detail/mapmatching_stamped__rosidl_typesupport_introspection_c.h
[1.796s] -- Up-to-date: /home/manuel/buggy_ws_beta.a/install/buggy_msgs/include/buggy_msgs/msg/detail/steering_wheel_state_stamped__rosidl_typesupport_introspection_c.h
[1.797s] -- Up-to-date: /home/manuel/buggy_ws_beta.a/install/buggy_msgs/include/buggy_msgs/msg/detail/fzg_vehicle_data_stamped__type_support.c
[1.798s] -- Up-to-date: /home/manuel/buggy_ws_beta.a/install/buggy_msgs/include/buggy_msgs/msg/detail/fzg_vehicle_data_stamped__rosidl_typesupport_introspection_c.h
[1.798s] -- Up-to-date: /home/manuel/buggy_ws_beta.a/install/buggy_msgs/include/buggy_msgs/msg/detail/rc_ctrl_state__type_support.c
[1.798s] -- Up-to-date: /home/manuel/buggy_ws_beta.a/install/buggy_msgs/include/buggy_msgs/msg/detail/bus_parameter__type_support.c
[1.799s] -- Up-to-date: /home/manuel/buggy_ws_beta.a/install/buggy_msgs/include/buggy_msgs/msg/detail/drive_state__rosidl_typesupport_introspection_c.h
[1.805s] -- Up-to-date: /home/manuel/buggy_ws_beta.a/install/buggy_msgs/include/buggy_msgs/msg/detail/rc_ctrl_state_stamped__rosidl_typesupport_introspection_c.h
[1.806s] -- Up-to-date: /home/manuel/buggy_ws_beta.a/install/buggy_msgs/include/buggy_msgs/msg/detail/drive_state_stamped__type_support.c
[1.806s] -- Up-to-date: /home/manuel/buggy_ws_beta.a/install/buggy_msgs/include/buggy_msgs/msg/detail/current_cmd__rosidl_typesupport_introspection_c.h
[1.806s] -- Up-to-date: /home/manuel/buggy_ws_beta.a/install/buggy_msgs/include/buggy_msgs/msg/detail/gnss_state_stamped__rosidl_typesupport_introspection_c.h
[1.806s] -- Up-to-date: /home/manuel/buggy_ws_beta.a/install/buggy_msgs/include/buggy_msgs/msg/detail/drive_state_stamped__rosidl_typesupport_introspection_c.h
[1.806s] -- Up-to-date: /home/manuel/buggy_ws_beta.a/install/buggy_msgs/include/buggy_msgs/msg/detail/hi_linit_cmd__type_support.c
[1.807s] -- Up-to-date: /home/manuel/buggy_ws_beta.a/install/buggy_msgs/include/buggy_msgs/msg/detail/imu_state_stamped__rosidl_typesupport_introspection_c.h
[1.807s] -- Up-to-date: /home/manuel/buggy_ws_beta.a/install/buggy_msgs/include/buggy_msgs/msg/detail/vehicle_state_stamped__rosidl_typesupport_introspection_c.h
[1.807s] -- Up-to-date: /home/manuel/buggy_ws_beta.a/install/buggy_msgs/include/buggy_msgs/msg/detail/fzg_vehicle_data__rosidl_typesupport_introspection_c.h
[1.807s] -- Up-to-date: /home/manuel/buggy_ws_beta.a/install/buggy_msgs/include/buggy_msgs/msg/detail/fzg_vehicle_data__type_support.c
[1.808s] -- Up-to-date: /home/manuel/buggy_ws_beta.a/install/buggy_msgs/include/buggy_msgs/msg/detail/steering_cmd_stamped__rosidl_typesupport_introspection_c.h
[1.808s] -- Up-to-date: /home/manuel/buggy_ws_beta.a/install/buggy_msgs/include/buggy_msgs/msg/detail/current_cmd__type_support.c
[1.808s] -- Up-to-date: /home/manuel/buggy_ws_beta.a/install/buggy_msgs/include/buggy_msgs/msg/detail/steering_cmd_stamped__type_support.c
[1.808s] -- Up-to-date: /home/manuel/buggy_ws_beta.a/install/buggy_msgs/include/buggy_msgs/msg/detail/platoon_state_stamped__rosidl_typesupport_introspection_c.h
[1.808s] -- Up-to-date: /home/manuel/buggy_ws_beta.a/install/buggy_msgs/include/buggy_msgs/msg/detail/hi_linit_cmd__rosidl_typesupport_introspection_c.h
[1.809s] -- Up-to-date: /home/manuel/buggy_ws_beta.a/install/buggy_msgs/include/buggy_msgs/msg/detail/drive_state__type_support.c
[1.809s] -- Up-to-date: /home/manuel/buggy_ws_beta.a/install/buggy_msgs/include/buggy_msgs/msg/detail/gnss_state__type_support.c
[1.809s] -- Up-to-date: /home/manuel/buggy_ws_beta.a/install/buggy_msgs/include/buggy_msgs/msg/detail/wheels_state_stamped__rosidl_typesupport_introspection_c.h
[1.809s] -- Up-to-date: /home/manuel/buggy_ws_beta.a/install/buggy_msgs/include/buggy_msgs/msg/detail/hi_linit_cmd_stamped__rosidl_typesupport_introspection_c.h
[1.809s] -- Up-to-date: /home/manuel/buggy_ws_beta.a/install/buggy_msgs/include/buggy_msgs/msg/detail/steering_wheel_state_stamped__type_support.c
[1.809s] -- Up-to-date: /home/manuel/buggy_ws_beta.a/install/buggy_msgs/include/buggy_msgs/msg/detail/platoon_state__type_support.c
[1.810s] -- Up-to-date: /home/manuel/buggy_ws_beta.a/install/buggy_msgs/include/buggy_msgs/msg/detail/mapmatching__rosidl_typesupport_introspection_c.h
[1.810s] -- Up-to-date: /home/manuel/buggy_ws_beta.a/install/buggy_msgs/include/buggy_msgs/msg/detail/wheels_state__type_support.c
[1.814s] -- Up-to-date: /home/manuel/buggy_ws_beta.a/install/buggy_msgs/include/buggy_msgs/msg/detail/wheels_state__rosidl_typesupport_introspection_c.h
[1.815s] -- Up-to-date: /home/manuel/buggy_ws_beta.a/install/buggy_msgs/include/buggy_msgs/msg/detail/imu_state__type_support.c
[1.815s] -- Up-to-date: /home/manuel/buggy_ws_beta.a/install/buggy_msgs/include/buggy_msgs/msg/detail/rc_ctrl_state_stamped__type_support.c
[1.816s] -- Up-to-date: /home/manuel/buggy_ws_beta.a/install/buggy_msgs/include/buggy_msgs/msg/detail/vehicle_state__rosidl_typesupport_introspection_c.h
[1.816s] -- Up-to-date: /home/manuel/buggy_ws_beta.a/install/buggy_msgs/include/buggy_msgs/msg/detail/steering_cmd__type_support.c
[1.816s] -- Up-to-date: /home/manuel/buggy_ws_beta.a/install/buggy_msgs/include/buggy_msgs/msg/detail/steering_cmd__rosidl_typesupport_introspection_c.h
[1.816s] -- Up-to-date: /home/manuel/buggy_ws_beta.a/install/buggy_msgs/include/buggy_msgs/msg/detail/bus_parameter__rosidl_typesupport_introspection_c.h
[1.820s] -- Up-to-date: /home/manuel/buggy_ws_beta.a/install/buggy_msgs/include/buggy_msgs/msg/detail/imu_state_stamped__type_support.c
[1.820s] -- Up-to-date: /home/manuel/buggy_ws_beta.a/install/buggy_msgs/include/buggy_msgs/msg/detail/vehicle_state_stamped__type_support.c
[1.820s] -- Up-to-date: /home/manuel/buggy_ws_beta.a/install/buggy_msgs/include/buggy_msgs/msg/detail/imu_state__rosidl_typesupport_introspection_c.h
[1.820s] -- Up-to-date: /home/manuel/buggy_ws_beta.a/install/buggy_msgs/include/buggy_msgs/msg/detail/current_cmd_stamped__type_support.c
[1.821s] -- Up-to-date: /home/manuel/buggy_ws_beta.a/install/buggy_msgs/include/buggy_msgs/msg/detail/bus_parameter_stamped__rosidl_typesupport_introspection_c.h
[1.821s] -- Up-to-date: /home/manuel/buggy_ws_beta.a/install/buggy_msgs/include/buggy_msgs/msg/detail/rc_ctrl_state__rosidl_typesupport_introspection_c.h
[1.821s] -- Up-to-date: /home/manuel/buggy_ws_beta.a/install/buggy_msgs/include/buggy_msgs/msg/detail/current_cmd_stamped__rosidl_typesupport_introspection_c.h
[1.822s] -- Up-to-date: /home/manuel/buggy_ws_beta.a/install/buggy_msgs/include/buggy_msgs/msg/detail/mapmatching__type_support.c
[1.823s] -- Up-to-date: /home/manuel/buggy_ws_beta.a/install/buggy_msgs/include/buggy_msgs/msg/detail/vehicle_state__type_support.c
[1.823s] -- Up-to-date: /home/manuel/buggy_ws_beta.a/install/buggy_msgs/include/buggy_msgs/msg/detail/platoon_state__rosidl_typesupport_introspection_c.h
[1.823s] -- Up-to-date: /home/manuel/buggy_ws_beta.a/install/buggy_msgs/include/buggy_msgs/msg/detail/hi_linit_cmd_stamped__type_support.c
[1.823s] -- Up-to-date: /home/manuel/buggy_ws_beta.a/install/buggy_msgs/include/buggy_msgs/msg/detail/bus_parameter_stamped__type_support.c
[1.824s] -- Up-to-date: /home/manuel/buggy_ws_beta.a/install/buggy_msgs/include/buggy_msgs/msg/detail/steering_wheel_state__type_support.c
[1.824s] -- Up-to-date: /home/manuel/buggy_ws_beta.a/install/buggy_msgs/include/buggy_msgs/msg/detail/wheels_state_stamped__type_support.c
[1.825s] -- Up-to-date: /home/manuel/buggy_ws_beta.a/install/buggy_msgs/include/buggy_msgs/msg/detail/platoon_state_stamped__type_support.c
[1.828s] -- Up-to-date: /home/manuel/buggy_ws_beta.a/install/buggy_msgs/include/buggy_msgs/msg/detail/gnss_state__rosidl_typesupport_introspection_c.h
[1.829s] -- Up-to-date: /home/manuel/buggy_ws_beta.a/install/buggy_msgs/include/buggy_msgs/msg/rosidl_typesupport_introspection_c__visibility_control.h
[1.829s] -- Up-to-date: /home/manuel/buggy_ws_beta.a/install/buggy_msgs/lib/libbuggy_msgs__rosidl_typesupport_introspection_c.so
[1.829s] -- Up-to-date: /home/manuel/buggy_ws_beta.a/install/buggy_msgs/lib/libbuggy_msgs__rosidl_typesupport_c.so
[1.830s] -- Up-to-date: /home/manuel/buggy_ws_beta.a/install/buggy_msgs/include/buggy_msgs
[1.830s] -- Up-to-date: /home/manuel/buggy_ws_beta.a/install/buggy_msgs/include/buggy_msgs/msg
[1.830s] -- Up-to-date: /home/manuel/buggy_ws_beta.a/install/buggy_msgs/include/buggy_msgs/msg/imu_state_stamped.hpp
[1.835s] -- Up-to-date: /home/manuel/buggy_ws_beta.a/install/buggy_msgs/include/buggy_msgs/msg/detail
[1.836s] -- Up-to-date: /home/manuel/buggy_ws_beta.a/install/buggy_msgs/include/buggy_msgs/msg/detail/drive_state__struct.hpp
[1.836s] -- Up-to-date: /home/manuel/buggy_ws_beta.a/install/buggy_msgs/include/buggy_msgs/msg/detail/steering_wheel_state__traits.hpp
[1.836s] -- Up-to-date: /home/manuel/buggy_ws_beta.a/install/buggy_msgs/include/buggy_msgs/msg/detail/imu_state__traits.hpp
[1.836s] -- Up-to-date: /home/manuel/buggy_ws_beta.a/install/buggy_msgs/include/buggy_msgs/msg/detail/mapmatching__traits.hpp
[1.836s] -- Up-to-date: /home/manuel/buggy_ws_beta.a/install/buggy_msgs/include/buggy_msgs/msg/detail/drive_state_stamped__traits.hpp
[1.836s] -- Up-to-date: /home/manuel/buggy_ws_beta.a/install/buggy_msgs/include/buggy_msgs/msg/detail/mapmatching__builder.hpp
[1.837s] -- Up-to-date: /home/manuel/buggy_ws_beta.a/install/buggy_msgs/include/buggy_msgs/msg/detail/wheels_state__builder.hpp
[1.837s] -- Up-to-date: /home/manuel/buggy_ws_beta.a/install/buggy_msgs/include/buggy_msgs/msg/detail/current_cmd__traits.hpp
[1.837s] -- Up-to-date: /home/manuel/buggy_ws_beta.a/install/buggy_msgs/include/buggy_msgs/msg/detail/mapmatching__struct.hpp
[1.837s] -- Up-to-date: /home/manuel/buggy_ws_beta.a/install/buggy_msgs/include/buggy_msgs/msg/detail/wheels_state_stamped__builder.hpp
[1.837s] -- Up-to-date: /home/manuel/buggy_ws_beta.a/install/buggy_msgs/include/buggy_msgs/msg/detail/hi_linit_cmd__builder.hpp
[1.837s] -- Up-to-date: /home/manuel/buggy_ws_beta.a/install/buggy_msgs/include/buggy_msgs/msg/detail/fzg_vehicle_data_stamped__struct.hpp
[1.838s] -- Up-to-date: /home/manuel/buggy_ws_beta.a/install/buggy_msgs/include/buggy_msgs/msg/detail/current_cmd_stamped__traits.hpp
[1.838s] -- Up-to-date: /home/manuel/buggy_ws_beta.a/install/buggy_msgs/include/buggy_msgs/msg/detail/platoon_state_stamped__struct.hpp
[1.838s] -- Up-to-date: /home/manuel/buggy_ws_beta.a/install/buggy_msgs/include/buggy_msgs/msg/detail/hi_linit_cmd__struct.hpp
[1.838s] -- Up-to-date: /home/manuel/buggy_ws_beta.a/install/buggy_msgs/include/buggy_msgs/msg/detail/steering_wheel_state__struct.hpp
[1.838s] -- Up-to-date: /home/manuel/buggy_ws_beta.a/install/buggy_msgs/include/buggy_msgs/msg/detail/wheels_state__traits.hpp
[1.838s] -- Up-to-date: /home/manuel/buggy_ws_beta.a/install/buggy_msgs/include/buggy_msgs/msg/detail/drive_state_stamped__builder.hpp
[1.838s] -- Up-to-date: /home/manuel/buggy_ws_beta.a/install/buggy_msgs/include/buggy_msgs/msg/detail/fzg_vehicle_data__traits.hpp
[1.838s] -- Up-to-date: /home/manuel/buggy_ws_beta.a/install/buggy_msgs/include/buggy_msgs/msg/detail/fzg_vehicle_data__builder.hpp
[1.838s] -- Up-to-date: /home/manuel/buggy_ws_beta.a/install/buggy_msgs/include/buggy_msgs/msg/detail/fzg_vehicle_data_stamped__traits.hpp
[1.838s] -- Up-to-date: /home/manuel/buggy_ws_beta.a/install/buggy_msgs/include/buggy_msgs/msg/detail/imu_state_stamped__struct.hpp
[1.838s] -- Up-to-date: /home/manuel/buggy_ws_beta.a/install/buggy_msgs/include/buggy_msgs/msg/detail/wheels_state_stamped__struct.hpp
[1.839s] -- Up-to-date: /home/manuel/buggy_ws_beta.a/install/buggy_msgs/include/buggy_msgs/msg/detail/bus_parameter_stamped__traits.hpp
[1.839s] -- Up-to-date: /home/manuel/buggy_ws_beta.a/install/buggy_msgs/include/buggy_msgs/msg/detail/vehicle_state__traits.hpp
[1.839s] -- Up-to-date: /home/manuel/buggy_ws_beta.a/install/buggy_msgs/include/buggy_msgs/msg/detail/gnss_state_stamped__traits.hpp
[1.839s] -- Up-to-date: /home/manuel/buggy_ws_beta.a/install/buggy_msgs/include/buggy_msgs/msg/detail/platoon_state__builder.hpp
[1.839s] -- Up-to-date: /home/manuel/buggy_ws_beta.a/install/buggy_msgs/include/buggy_msgs/msg/detail/imu_state_stamped__traits.hpp
[1.839s] -- Up-to-date: /home/manuel/buggy_ws_beta.a/install/buggy_msgs/include/buggy_msgs/msg/detail/hi_linit_cmd__traits.hpp
[1.839s] -- Up-to-date: /home/manuel/buggy_ws_beta.a/install/buggy_msgs/include/buggy_msgs/msg/detail/wheels_state_stamped__traits.hpp
[1.839s] -- Up-to-date: /home/manuel/buggy_ws_beta.a/install/buggy_msgs/include/buggy_msgs/msg/detail/current_cmd__builder.hpp
[1.840s] -- Up-to-date: /home/manuel/buggy_ws_beta.a/install/buggy_msgs/include/buggy_msgs/msg/detail/bus_parameter_stamped__builder.hpp
[1.840s] -- Up-to-date: /home/manuel/buggy_ws_beta.a/install/buggy_msgs/include/buggy_msgs/msg/detail/gnss_state__struct.hpp
[1.840s] -- Up-to-date: /home/manuel/buggy_ws_beta.a/install/buggy_msgs/include/buggy_msgs/msg/detail/drive_state__traits.hpp
[1.840s] -- Up-to-date: /home/manuel/buggy_ws_beta.a/install/buggy_msgs/include/buggy_msgs/msg/detail/imu_state__builder.hpp
[1.840s] -- Up-to-date: /home/manuel/buggy_ws_beta.a/install/buggy_msgs/include/buggy_msgs/msg/detail/rc_ctrl_state_stamped__builder.hpp
[1.840s] -- Up-to-date: /home/manuel/buggy_ws_beta.a/install/buggy_msgs/include/buggy_msgs/msg/detail/fzg_vehicle_data_stamped__builder.hpp
[1.840s] -- Up-to-date: /home/manuel/buggy_ws_beta.a/install/buggy_msgs/include/buggy_msgs/msg/detail/platoon_state_stamped__builder.hpp
[1.840s] -- Up-to-date: /home/manuel/buggy_ws_beta.a/install/buggy_msgs/include/buggy_msgs/msg/detail/vehicle_state__builder.hpp
[1.841s] -- Up-to-date: /home/manuel/buggy_ws_beta.a/install/buggy_msgs/include/buggy_msgs/msg/detail/rc_ctrl_state__builder.hpp
[1.841s] -- Up-to-date: /home/manuel/buggy_ws_beta.a/install/buggy_msgs/include/buggy_msgs/msg/detail/platoon_state__traits.hpp
[1.841s] -- Up-to-date: /home/manuel/buggy_ws_beta.a/install/buggy_msgs/include/buggy_msgs/msg/detail/wheels_state__struct.hpp
[1.841s] -- Up-to-date: /home/manuel/buggy_ws_beta.a/install/buggy_msgs/include/buggy_msgs/msg/detail/mapmatching_stamped__traits.hpp
[1.841s] -- Up-to-date: /home/manuel/buggy_ws_beta.a/install/buggy_msgs/include/buggy_msgs/msg/detail/gnss_state__builder.hpp
[1.841s] -- Up-to-date: /home/manuel/buggy_ws_beta.a/install/buggy_msgs/include/buggy_msgs/msg/detail/imu_state_stamped__builder.hpp
[1.841s] -- Up-to-date: /home/manuel/buggy_ws_beta.a/install/buggy_msgs/include/buggy_msgs/msg/detail/current_cmd_stamped__struct.hpp
[1.841s] -- Up-to-date: /home/manuel/buggy_ws_beta.a/install/buggy_msgs/include/buggy_msgs/msg/detail/gnss_state__traits.hpp
[1.842s] -- Up-to-date: /home/manuel/buggy_ws_beta.a/install/buggy_msgs/include/buggy_msgs/msg/detail/steering_wheel_state_stamped__struct.hpp
[1.842s] -- Up-to-date: /home/manuel/buggy_ws_beta.a/install/buggy_msgs/include/buggy_msgs/msg/detail/steering_cmd_stamped__struct.hpp
[1.842s] -- Up-to-date: /home/manuel/buggy_ws_beta.a/install/buggy_msgs/include/buggy_msgs/msg/detail/vehicle_state_stamped__struct.hpp
[1.842s] -- Up-to-date: /home/manuel/buggy_ws_beta.a/install/buggy_msgs/include/buggy_msgs/msg/detail/gnss_state_stamped__struct.hpp
[1.842s] -- Up-to-date: /home/manuel/buggy_ws_beta.a/install/buggy_msgs/include/buggy_msgs/msg/detail/vehicle_state_stamped__traits.hpp
[1.842s] -- Up-to-date: /home/manuel/buggy_ws_beta.a/install/buggy_msgs/include/buggy_msgs/msg/detail/steering_wheel_state_stamped__builder.hpp
[1.842s] -- Up-to-date: /home/manuel/buggy_ws_beta.a/install/buggy_msgs/include/buggy_msgs/msg/detail/drive_state_stamped__struct.hpp
[1.843s] -- Up-to-date: /home/manuel/buggy_ws_beta.a/install/buggy_msgs/include/buggy_msgs/msg/detail/rc_ctrl_state_stamped__traits.hpp
[1.843s] -- Up-to-date: /home/manuel/buggy_ws_beta.a/install/buggy_msgs/include/buggy_msgs/msg/detail/vehicle_state__struct.hpp
[1.843s] -- Up-to-date: /home/manuel/buggy_ws_beta.a/install/buggy_msgs/include/buggy_msgs/msg/detail/imu_state__struct.hpp
[1.843s] -- Up-to-date: /home/manuel/buggy_ws_beta.a/install/buggy_msgs/include/buggy_msgs/msg/detail/steering_cmd__builder.hpp
[1.843s] -- Up-to-date: /home/manuel/buggy_ws_beta.a/install/buggy_msgs/include/buggy_msgs/msg/detail/steering_cmd__traits.hpp
[1.843s] -- Up-to-date: /home/manuel/buggy_ws_beta.a/install/buggy_msgs/include/buggy_msgs/msg/detail/hi_linit_cmd_stamped__traits.hpp
[1.843s] -- Up-to-date: /home/manuel/buggy_ws_beta.a/install/buggy_msgs/include/buggy_msgs/msg/detail/steering_wheel_state_stamped__traits.hpp
[1.843s] -- Up-to-date: /home/manuel/buggy_ws_beta.a/install/buggy_msgs/include/buggy_msgs/msg/detail/platoon_state__struct.hpp
[1.843s] -- Up-to-date: /home/manuel/buggy_ws_beta.a/install/buggy_msgs/include/buggy_msgs/msg/detail/fzg_vehicle_data__struct.hpp
[1.844s] -- Up-to-date: /home/manuel/buggy_ws_beta.a/install/buggy_msgs/include/buggy_msgs/msg/detail/hi_linit_cmd_stamped__struct.hpp
[1.844s] -- Up-to-date: /home/manuel/buggy_ws_beta.a/install/buggy_msgs/include/buggy_msgs/msg/detail/current_cmd_stamped__builder.hpp
[1.844s] -- Up-to-date: /home/manuel/buggy_ws_beta.a/install/buggy_msgs/include/buggy_msgs/msg/detail/vehicle_state_stamped__builder.hpp
[1.844s] -- Up-to-date: /home/manuel/buggy_ws_beta.a/install/buggy_msgs/include/buggy_msgs/msg/detail/platoon_state_stamped__traits.hpp
[1.844s] -- Up-to-date: /home/manuel/buggy_ws_beta.a/install/buggy_msgs/include/buggy_msgs/msg/detail/rc_ctrl_state__struct.hpp
[1.844s] -- Up-to-date: /home/manuel/buggy_ws_beta.a/install/buggy_msgs/include/buggy_msgs/msg/detail/drive_state__builder.hpp
[1.844s] -- Up-to-date: /home/manuel/buggy_ws_beta.a/install/buggy_msgs/include/buggy_msgs/msg/detail/bus_parameter_stamped__struct.hpp
[1.844s] -- Up-to-date: /home/manuel/buggy_ws_beta.a/install/buggy_msgs/include/buggy_msgs/msg/detail/steering_wheel_state__builder.hpp
[1.844s] -- Up-to-date: /home/manuel/buggy_ws_beta.a/install/buggy_msgs/include/buggy_msgs/msg/detail/hi_linit_cmd_stamped__builder.hpp
[1.844s] -- Up-to-date: /home/manuel/buggy_ws_beta.a/install/buggy_msgs/include/buggy_msgs/msg/detail/current_cmd__struct.hpp
[1.845s] -- Up-to-date: /home/manuel/buggy_ws_beta.a/install/buggy_msgs/include/buggy_msgs/msg/detail/steering_cmd_stamped__builder.hpp
[1.845s] -- Up-to-date: /home/manuel/buggy_ws_beta.a/install/buggy_msgs/include/buggy_msgs/msg/detail/steering_cmd_stamped__traits.hpp
[1.845s] -- Up-to-date: /home/manuel/buggy_ws_beta.a/install/buggy_msgs/include/buggy_msgs/msg/detail/mapmatching_stamped__struct.hpp
[1.845s] -- Up-to-date: /home/manuel/buggy_ws_beta.a/install/buggy_msgs/include/buggy_msgs/msg/detail/bus_parameter__builder.hpp
[1.845s] -- Up-to-date: /home/manuel/buggy_ws_beta.a/install/buggy_msgs/include/buggy_msgs/msg/detail/steering_cmd__struct.hpp
[1.845s] -- Up-to-date: /home/manuel/buggy_ws_beta.a/install/buggy_msgs/include/buggy_msgs/msg/detail/mapmatching_stamped__builder.hpp
[1.846s] -- Up-to-date: /home/manuel/buggy_ws_beta.a/install/buggy_msgs/include/buggy_msgs/msg/detail/bus_parameter__traits.hpp
[1.846s] -- Up-to-date: /home/manuel/buggy_ws_beta.a/install/buggy_msgs/include/buggy_msgs/msg/detail/rc_ctrl_state__traits.hpp
[1.846s] -- Up-to-date: /home/manuel/buggy_ws_beta.a/install/buggy_msgs/include/buggy_msgs/msg/detail/rc_ctrl_state_stamped__struct.hpp
[1.846s] -- Up-to-date: /home/manuel/buggy_ws_beta.a/install/buggy_msgs/include/buggy_msgs/msg/detail/gnss_state_stamped__builder.hpp
[1.846s] -- Up-to-date: /home/manuel/buggy_ws_beta.a/install/buggy_msgs/include/buggy_msgs/msg/detail/bus_parameter__struct.hpp
[1.846s] -- Up-to-date: /home/manuel/buggy_ws_beta.a/install/buggy_msgs/include/buggy_msgs/msg/hi_linit_cmd_stamped.hpp
[1.848s] -- Up-to-date: /home/manuel/buggy_ws_beta.a/install/buggy_msgs/include/buggy_msgs/msg/fzg_vehicle_data.hpp
[1.848s] -- Up-to-date: /home/manuel/buggy_ws_beta.a/install/buggy_msgs/include/buggy_msgs/msg/current_cmd_stamped.hpp
[1.849s] -- Up-to-date: /home/manuel/buggy_ws_beta.a/install/buggy_msgs/include/buggy_msgs/msg/steering_wheel_state_stamped.hpp
[1.849s] -- Up-to-date: /home/manuel/buggy_ws_beta.a/install/buggy_msgs/include/buggy_msgs/msg/gnss_state.hpp
[1.849s] -- Up-to-date: /home/manuel/buggy_ws_beta.a/install/buggy_msgs/include/buggy_msgs/msg/vehicle_state_stamped.hpp
[1.849s] -- Up-to-date: /home/manuel/buggy_ws_beta.a/install/buggy_msgs/include/buggy_msgs/msg/imu_state.hpp
[1.849s] -- Up-to-date: /home/manuel/buggy_ws_beta.a/install/buggy_msgs/include/buggy_msgs/msg/rc_ctrl_state_stamped.hpp
[1.851s] -- Up-to-date: /home/manuel/buggy_ws_beta.a/install/buggy_msgs/include/buggy_msgs/msg/vehicle_state.hpp
[1.851s] -- Up-to-date: /home/manuel/buggy_ws_beta.a/install/buggy_msgs/include/buggy_msgs/msg/fzg_vehicle_data_stamped.hpp
[1.851s] -- Up-to-date: /home/manuel/buggy_ws_beta.a/install/buggy_msgs/include/buggy_msgs/msg/current_cmd.hpp
[1.851s] -- Up-to-date: /home/manuel/buggy_ws_beta.a/install/buggy_msgs/include/buggy_msgs/msg/wheels_state_stamped.hpp
[1.851s] -- Up-to-date: /home/manuel/buggy_ws_beta.a/install/buggy_msgs/include/buggy_msgs/msg/platoon_state.hpp
[1.851s] -- Up-to-date: /home/manuel/buggy_ws_beta.a/install/buggy_msgs/include/buggy_msgs/msg/wheels_state.hpp
[1.852s] -- Up-to-date: /home/manuel/buggy_ws_beta.a/install/buggy_msgs/include/buggy_msgs/msg/drive_state.hpp
[1.852s] -- Up-to-date: /home/manuel/buggy_ws_beta.a/install/buggy_msgs/include/buggy_msgs/msg/mapmatching_stamped.hpp
[1.852s] -- Up-to-date: /home/manuel/buggy_ws_beta.a/install/buggy_msgs/include/buggy_msgs/msg/bus_parameter_stamped.hpp
[1.852s] -- Up-to-date: /home/manuel/buggy_ws_beta.a/install/buggy_msgs/include/buggy_msgs/msg/platoon_state_stamped.hpp
[1.852s] -- Up-to-date: /home/manuel/buggy_ws_beta.a/install/buggy_msgs/include/buggy_msgs/msg/bus_parameter.hpp
[1.852s] -- Up-to-date: /home/manuel/buggy_ws_beta.a/install/buggy_msgs/include/buggy_msgs/msg/steering_wheel_state.hpp
[1.852s] -- Up-to-date: /home/manuel/buggy_ws_beta.a/install/buggy_msgs/include/buggy_msgs/msg/drive_state_stamped.hpp
[1.852s] -- Up-to-date: /home/manuel/buggy_ws_beta.a/install/buggy_msgs/include/buggy_msgs/msg/steering_cmd_stamped.hpp
[1.853s] -- Up-to-date: /home/manuel/buggy_ws_beta.a/install/buggy_msgs/include/buggy_msgs/msg/gnss_state_stamped.hpp
[1.853s] -- Up-to-date: /home/manuel/buggy_ws_beta.a/install/buggy_msgs/include/buggy_msgs/msg/rc_ctrl_state.hpp
[1.853s] -- Up-to-date: /home/manuel/buggy_ws_beta.a/install/buggy_msgs/include/buggy_msgs/msg/hi_linit_cmd.hpp
[1.853s] -- Up-to-date: /home/manuel/buggy_ws_beta.a/install/buggy_msgs/include/buggy_msgs/msg/mapmatching.hpp
[1.853s] -- Up-to-date: /home/manuel/buggy_ws_beta.a/install/buggy_msgs/include/buggy_msgs/msg/steering_cmd.hpp
[1.853s] -- Up-to-date: /home/manuel/buggy_ws_beta.a/install/buggy_msgs/include/buggy_msgs
[1.853s] -- Up-to-date: /home/manuel/buggy_ws_beta.a/install/buggy_msgs/include/buggy_msgs/msg
[1.853s] -- Up-to-date: /home/manuel/buggy_ws_beta.a/install/buggy_msgs/include/buggy_msgs/msg/detail
[1.853s] -- Up-to-date: /home/manuel/buggy_ws_beta.a/install/buggy_msgs/include/buggy_msgs/msg/detail/wheels_state__type_support.cpp
[1.853s] -- Up-to-date: /home/manuel/buggy_ws_beta.a/install/buggy_msgs/include/buggy_msgs/msg/detail/fzg_vehicle_data__rosidl_typesupport_introspection_cpp.hpp
[1.853s] -- Up-to-date: /home/manuel/buggy_ws_beta.a/install/buggy_msgs/include/buggy_msgs/msg/detail/current_cmd_stamped__rosidl_typesupport_introspection_cpp.hpp
[1.853s] -- Up-to-date: /home/manuel/buggy_ws_beta.a/install/buggy_msgs/include/buggy_msgs/msg/detail/hi_linit_cmd__type_support.cpp
[1.854s] -- Up-to-date: /home/manuel/buggy_ws_beta.a/install/buggy_msgs/include/buggy_msgs/msg/detail/bus_parameter__rosidl_typesupport_introspection_cpp.hpp
[1.854s] -- Up-to-date: /home/manuel/buggy_ws_beta.a/install/buggy_msgs/include/buggy_msgs/msg/detail/steering_wheel_state__rosidl_typesupport_introspection_cpp.hpp
[1.854s] -- Up-to-date: /home/manuel/buggy_ws_beta.a/install/buggy_msgs/include/buggy_msgs/msg/detail/gnss_state__rosidl_typesupport_introspection_cpp.hpp
[1.854s] -- Up-to-date: /home/manuel/buggy_ws_beta.a/install/buggy_msgs/include/buggy_msgs/msg/detail/steering_wheel_state_stamped__type_support.cpp
[1.854s] -- Up-to-date: /home/manuel/buggy_ws_beta.a/install/buggy_msgs/include/buggy_msgs/msg/detail/rc_ctrl_state__type_support.cpp
[1.854s] -- Up-to-date: /home/manuel/buggy_ws_beta.a/install/buggy_msgs/include/buggy_msgs/msg/detail/fzg_vehicle_data__type_support.cpp
[1.854s] -- Up-to-date: /home/manuel/buggy_ws_beta.a/install/buggy_msgs/include/buggy_msgs/msg/detail/steering_cmd__rosidl_typesupport_introspection_cpp.hpp
[1.854s] -- Up-to-date: /home/manuel/buggy_ws_beta.a/install/buggy_msgs/include/buggy_msgs/msg/detail/mapmatching__type_support.cpp
[1.854s] -- Up-to-date: /home/manuel/buggy_ws_beta.a/install/buggy_msgs/include/buggy_msgs/msg/detail/steering_cmd__type_support.cpp
[1.854s] -- Up-to-date: /home/manuel/buggy_ws_beta.a/install/buggy_msgs/include/buggy_msgs/msg/detail/steering_cmd_stamped__type_support.cpp
[1.854s] -- Up-to-date: /home/manuel/buggy_ws_beta.a/install/buggy_msgs/include/buggy_msgs/msg/detail/bus_parameter__type_support.cpp
[1.855s] -- Up-to-date: /home/manuel/buggy_ws_beta.a/install/buggy_msgs/include/buggy_msgs/msg/detail/vehicle_state_stamped__rosidl_typesupport_introspection_cpp.hpp
[1.855s] -- Up-to-date: /home/manuel/buggy_ws_beta.a/install/buggy_msgs/include/buggy_msgs/msg/detail/mapmatching_stamped__type_support.cpp
[1.855s] -- Up-to-date: /home/manuel/buggy_ws_beta.a/install/buggy_msgs/include/buggy_msgs/msg/detail/vehicle_state__rosidl_typesupport_introspection_cpp.hpp
[1.855s] -- Up-to-date: /home/manuel/buggy_ws_beta.a/install/buggy_msgs/include/buggy_msgs/msg/detail/steering_wheel_state__type_support.cpp
[1.855s] -- Up-to-date: /home/manuel/buggy_ws_beta.a/install/buggy_msgs/include/buggy_msgs/msg/detail/fzg_vehicle_data_stamped__rosidl_typesupport_introspection_cpp.hpp
[1.855s] -- Up-to-date: /home/manuel/buggy_ws_beta.a/install/buggy_msgs/include/buggy_msgs/msg/detail/platoon_state__rosidl_typesupport_introspection_cpp.hpp
[1.855s] -- Up-to-date: /home/manuel/buggy_ws_beta.a/install/buggy_msgs/include/buggy_msgs/msg/detail/vehicle_state_stamped__type_support.cpp
[1.856s] -- Up-to-date: /home/manuel/buggy_ws_beta.a/install/buggy_msgs/include/buggy_msgs/msg/detail/gnss_state_stamped__type_support.cpp
[1.856s] -- Up-to-date: /home/manuel/buggy_ws_beta.a/install/buggy_msgs/include/buggy_msgs/msg/detail/rc_ctrl_state_stamped__type_support.cpp
[1.856s] -- Up-to-date: /home/manuel/buggy_ws_beta.a/install/buggy_msgs/include/buggy_msgs/msg/detail/platoon_state__type_support.cpp
[1.858s] -- Up-to-date: /home/manuel/buggy_ws_beta.a/install/buggy_msgs/include/buggy_msgs/msg/detail/hi_linit_cmd_stamped__rosidl_typesupport_introspection_cpp.hpp
[1.858s] -- Up-to-date: /home/manuel/buggy_ws_beta.a/install/buggy_msgs/include/buggy_msgs/msg/detail/drive_state__type_support.cpp
[1.860s] -- Up-to-date: /home/manuel/buggy_ws_beta.a/install/buggy_msgs/include/buggy_msgs/msg/detail/bus_parameter_stamped__type_support.cpp
[1.860s] -- Up-to-date: /home/manuel/buggy_ws_beta.a/install/buggy_msgs/include/buggy_msgs/msg/detail/current_cmd__rosidl_typesupport_introspection_cpp.hpp
[1.860s] -- Up-to-date: /home/manuel/buggy_ws_beta.a/install/buggy_msgs/include/buggy_msgs/msg/detail/hi_linit_cmd__rosidl_typesupport_introspection_cpp.hpp
[1.860s] -- Up-to-date: /home/manuel/buggy_ws_beta.a/install/buggy_msgs/include/buggy_msgs/msg/detail/gnss_state_stamped__rosidl_typesupport_introspection_cpp.hpp
[1.860s] -- Up-to-date: /home/manuel/buggy_ws_beta.a/install/buggy_msgs/include/buggy_msgs/msg/detail/imu_state_stamped__rosidl_typesupport_introspection_cpp.hpp
[1.861s] -- Up-to-date: /home/manuel/buggy_ws_beta.a/install/buggy_msgs/include/buggy_msgs/msg/detail/wheels_state_stamped__type_support.cpp
[1.862s] -- Up-to-date: /home/manuel/buggy_ws_beta.a/install/buggy_msgs/include/buggy_msgs/msg/detail/fzg_vehicle_data_stamped__type_support.cpp
[1.862s] -- Up-to-date: /home/manuel/buggy_ws_beta.a/install/buggy_msgs/include/buggy_msgs/msg/detail/mapmatching_stamped__rosidl_typesupport_introspection_cpp.hpp
[1.863s] -- Up-to-date: /home/manuel/buggy_ws_beta.a/install/buggy_msgs/include/buggy_msgs/msg/detail/current_cmd_stamped__type_support.cpp
[1.863s] -- Up-to-date: /home/manuel/buggy_ws_beta.a/install/buggy_msgs/include/buggy_msgs/msg/detail/mapmatching__rosidl_typesupport_introspection_cpp.hpp
[1.863s] -- Up-to-date: /home/manuel/buggy_ws_beta.a/install/buggy_msgs/include/buggy_msgs/msg/detail/platoon_state_stamped__rosidl_typesupport_introspection_cpp.hpp
[1.863s] -- Up-to-date: /home/manuel/buggy_ws_beta.a/install/buggy_msgs/include/buggy_msgs/msg/detail/current_cmd__type_support.cpp
[1.865s] -- Up-to-date: /home/manuel/buggy_ws_beta.a/install/buggy_msgs/include/buggy_msgs/msg/detail/imu_state_stamped__type_support.cpp
[1.866s] -- Up-to-date: /home/manuel/buggy_ws_beta.a/install/buggy_msgs/include/buggy_msgs/msg/detail/wheels_state_stamped__rosidl_typesupport_introspection_cpp.hpp
[1.866s] -- Up-to-date: /home/manuel/buggy_ws_beta.a/install/buggy_msgs/include/buggy_msgs/msg/detail/platoon_state_stamped__type_support.cpp
[1.866s] -- Up-to-date: /home/manuel/buggy_ws_beta.a/install/buggy_msgs/include/buggy_msgs/msg/detail/hi_linit_cmd_stamped__type_support.cpp
[1.867s] -- Up-to-date: /home/manuel/buggy_ws_beta.a/install/buggy_msgs/include/buggy_msgs/msg/detail/rc_ctrl_state__rosidl_typesupport_introspection_cpp.hpp
[1.867s] -- Up-to-date: /home/manuel/buggy_ws_beta.a/install/buggy_msgs/include/buggy_msgs/msg/detail/drive_state__rosidl_typesupport_introspection_cpp.hpp
[1.867s] -- Up-to-date: /home/manuel/buggy_ws_beta.a/install/buggy_msgs/include/buggy_msgs/msg/detail/bus_parameter_stamped__rosidl_typesupport_introspection_cpp.hpp
[1.868s] -- Up-to-date: /home/manuel/buggy_ws_beta.a/install/buggy_msgs/include/buggy_msgs/msg/detail/imu_state__rosidl_typesupport_introspection_cpp.hpp
[1.868s] -- Up-to-date: /home/manuel/buggy_ws_beta.a/install/buggy_msgs/include/buggy_msgs/msg/detail/vehicle_state__type_support.cpp
[1.868s] -- Up-to-date: /home/manuel/buggy_ws_beta.a/install/buggy_msgs/include/buggy_msgs/msg/detail/steering_cmd_stamped__rosidl_typesupport_introspection_cpp.hpp
[1.870s] -- Up-to-date: /home/manuel/buggy_ws_beta.a/install/buggy_msgs/include/buggy_msgs/msg/detail/drive_state_stamped__rosidl_typesupport_introspection_cpp.hpp
[1.871s] -- Up-to-date: /home/manuel/buggy_ws_beta.a/install/buggy_msgs/include/buggy_msgs/msg/detail/wheels_state__rosidl_typesupport_introspection_cpp.hpp
[1.871s] -- Up-to-date: /home/manuel/buggy_ws_beta.a/install/buggy_msgs/include/buggy_msgs/msg/detail/steering_wheel_state_stamped__rosidl_typesupport_introspection_cpp.hpp
[1.871s] -- Up-to-date: /home/manuel/buggy_ws_beta.a/install/buggy_msgs/include/buggy_msgs/msg/detail/rc_ctrl_state_stamped__rosidl_typesupport_introspection_cpp.hpp
[1.872s] -- Up-to-date: /home/manuel/buggy_ws_beta.a/install/buggy_msgs/include/buggy_msgs/msg/detail/imu_state__type_support.cpp
[1.875s] -- Up-to-date: /home/manuel/buggy_ws_beta.a/install/buggy_msgs/include/buggy_msgs/msg/detail/drive_state_stamped__type_support.cpp
[1.875s] -- Up-to-date: /home/manuel/buggy_ws_beta.a/install/buggy_msgs/include/buggy_msgs/msg/detail/gnss_state__type_support.cpp
[1.875s] -- Up-to-date: /home/manuel/buggy_ws_beta.a/install/buggy_msgs/lib/libbuggy_msgs__rosidl_typesupport_introspection_cpp.so
[1.875s] -- Up-to-date: /home/manuel/buggy_ws_beta.a/install/buggy_msgs/lib/libbuggy_msgs__rosidl_typesupport_cpp.so
[1.875s] -- Up-to-date: /home/manuel/buggy_ws_beta.a/install/buggy_msgs/share/buggy_msgs/environment/pythonpath.sh
[1.875s] -- Up-to-date: /home/manuel/buggy_ws_beta.a/install/buggy_msgs/share/buggy_msgs/environment/pythonpath.dsv
[1.875s] -- Up-to-date: /home/manuel/buggy_ws_beta.a/install/buggy_msgs/lib/python3.8/site-packages/buggy_msgs/__init__.py
[1.876s] -- Up-to-date: /home/manuel/buggy_ws_beta.a/install/buggy_msgs/lib/python3.8/site-packages/buggy_msgs/msg
[1.876s] -- Up-to-date: /home/manuel/buggy_ws_beta.a/install/buggy_msgs/lib/python3.8/site-packages/buggy_msgs/msg/_drive_state_stamped_s.c
[1.876s] -- Up-to-date: /home/manuel/buggy_ws_beta.a/install/buggy_msgs/lib/python3.8/site-packages/buggy_msgs/msg/_steering_cmd_stamped_s.c
[1.876s] -- Up-to-date: /home/manuel/buggy_ws_beta.a/install/buggy_msgs/lib/python3.8/site-packages/buggy_msgs/msg/_wheels_state.py
[1.876s] -- Up-to-date: /home/manuel/buggy_ws_beta.a/install/buggy_msgs/lib/python3.8/site-packages/buggy_msgs/msg/_imu_state_s.c
[1.876s] -- Up-to-date: /home/manuel/buggy_ws_beta.a/install/buggy_msgs/lib/python3.8/site-packages/buggy_msgs/msg/_bus_parameter_stamped.py
[1.877s] -- Up-to-date: /home/manuel/buggy_ws_beta.a/install/buggy_msgs/lib/python3.8/site-packages/buggy_msgs/msg/_mapmatching_stamped_s.c
[1.877s] -- Up-to-date: /home/manuel/buggy_ws_beta.a/install/buggy_msgs/lib/python3.8/site-packages/buggy_msgs/msg/_vehicle_state_stamped.py
[1.877s] -- Up-to-date: /home/manuel/buggy_ws_beta.a/install/buggy_msgs/lib/python3.8/site-packages/buggy_msgs/msg/_rc_ctrl_state_stamped.py
[1.877s] -- Up-to-date: /home/manuel/buggy_ws_beta.a/install/buggy_msgs/lib/python3.8/site-packages/buggy_msgs/msg/_fzg_vehicle_data_stamped_s.c
[1.877s] -- Up-to-date: /home/manuel/buggy_ws_beta.a/install/buggy_msgs/lib/python3.8/site-packages/buggy_msgs/msg/_hi_linit_cmd_stamped_s.c
[1.877s] -- Up-to-date: /home/manuel/buggy_ws_beta.a/install/buggy_msgs/lib/python3.8/site-packages/buggy_msgs/msg/_current_cmd_s.c
[1.877s] -- Up-to-date: /home/manuel/buggy_ws_beta.a/install/buggy_msgs/lib/python3.8/site-packages/buggy_msgs/msg/_wheels_state_stamped_s.c
[1.877s] -- Up-to-date: /home/manuel/buggy_ws_beta.a/install/buggy_msgs/lib/python3.8/site-packages/buggy_msgs/msg/_gnss_state_stamped.py
[1.877s] -- Up-to-date: /home/manuel/buggy_ws_beta.a/install/buggy_msgs/lib/python3.8/site-packages/buggy_msgs/msg/_vehicle_state_stamped_s.c
[1.877s] -- Up-to-date: /home/manuel/buggy_ws_beta.a/install/buggy_msgs/lib/python3.8/site-packages/buggy_msgs/msg/_mapmatching_stamped.py
[1.877s] -- Up-to-date: /home/manuel/buggy_ws_beta.a/install/buggy_msgs/lib/python3.8/site-packages/buggy_msgs/msg/_hi_linit_cmd_stamped.py
[1.877s] -- Up-to-date: /home/manuel/buggy_ws_beta.a/install/buggy_msgs/lib/python3.8/site-packages/buggy_msgs/msg/_fzg_vehicle_data.py
[1.877s] -- Up-to-date: /home/manuel/buggy_ws_beta.a/install/buggy_msgs/lib/python3.8/site-packages/buggy_msgs/msg/_steering_wheel_state_stamped.py
[1.878s] -- Up-to-date: /home/manuel/buggy_ws_beta.a/install/buggy_msgs/lib/python3.8/site-packages/buggy_msgs/msg/_current_cmd_stamped_s.c
[1.878s] -- Up-to-date: /home/manuel/buggy_ws_beta.a/install/buggy_msgs/lib/python3.8/site-packages/buggy_msgs/msg/_drive_state_stamped.py
[1.878s] -- Up-to-date: /home/manuel/buggy_ws_beta.a/install/buggy_msgs/lib/python3.8/site-packages/buggy_msgs/msg/_current_cmd_stamped.py
[1.878s] -- Up-to-date: /home/manuel/buggy_ws_beta.a/install/buggy_msgs/lib/python3.8/site-packages/buggy_msgs/msg/_vehicle_state.py
[1.878s] -- Up-to-date: /home/manuel/buggy_ws_beta.a/install/buggy_msgs/lib/python3.8/site-packages/buggy_msgs/msg/_mapmatching_s.c
[1.878s] -- Up-to-date: /home/manuel/buggy_ws_beta.a/install/buggy_msgs/lib/python3.8/site-packages/buggy_msgs/msg/_steering_cmd_s.c
[1.878s] -- Up-to-date: /home/manuel/buggy_ws_beta.a/install/buggy_msgs/lib/python3.8/site-packages/buggy_msgs/msg/_steering_cmd.py
[1.878s] -- Up-to-date: /home/manuel/buggy_ws_beta.a/install/buggy_msgs/lib/python3.8/site-packages/buggy_msgs/msg/_platoon_state.py
[1.878s] -- Up-to-date: /home/manuel/buggy_ws_beta.a/install/buggy_msgs/lib/python3.8/site-packages/buggy_msgs/msg/_platoon_state_stamped_s.c
[1.878s] -- Up-to-date: /home/manuel/buggy_ws_beta.a/install/buggy_msgs/lib/python3.8/site-packages/buggy_msgs/msg/_rc_ctrl_state.py
[1.878s] -- Up-to-date: /home/manuel/buggy_ws_beta.a/install/buggy_msgs/lib/python3.8/site-packages/buggy_msgs/msg/_rc_ctrl_state_stamped_s.c
[1.878s] -- Up-to-date: /home/manuel/buggy_ws_beta.a/install/buggy_msgs/lib/python3.8/site-packages/buggy_msgs/msg/_current_cmd.py
[1.878s] -- Up-to-date: /home/manuel/buggy_ws_beta.a/install/buggy_msgs/lib/python3.8/site-packages/buggy_msgs/msg/_fzg_vehicle_data_s.c
[1.878s] -- Up-to-date: /home/manuel/buggy_ws_beta.a/install/buggy_msgs/lib/python3.8/site-packages/buggy_msgs/msg/_bus_parameter_stamped_s.c
[1.878s] -- Up-to-date: /home/manuel/buggy_ws_beta.a/install/buggy_msgs/lib/python3.8/site-packages/buggy_msgs/msg/_wheels_state_stamped.py
[1.879s] -- Up-to-date: /home/manuel/buggy_ws_beta.a/install/buggy_msgs/lib/python3.8/site-packages/buggy_msgs/msg/_imu_state.py
[1.879s] -- Up-to-date: /home/manuel/buggy_ws_beta.a/install/buggy_msgs/lib/python3.8/site-packages/buggy_msgs/msg/_hi_linit_cmd.py
[1.879s] -- Up-to-date: /home/manuel/buggy_ws_beta.a/install/buggy_msgs/lib/python3.8/site-packages/buggy_msgs/msg/_steering_wheel_state.py
[1.879s] -- Up-to-date: /home/manuel/buggy_ws_beta.a/install/buggy_msgs/lib/python3.8/site-packages/buggy_msgs/msg/_imu_state_stamped.py
[1.879s] -- Up-to-date: /home/manuel/buggy_ws_beta.a/install/buggy_msgs/lib/python3.8/site-packages/buggy_msgs/msg/_wheels_state_s.c
[1.879s] -- Up-to-date: /home/manuel/buggy_ws_beta.a/install/buggy_msgs/lib/python3.8/site-packages/buggy_msgs/msg/_platoon_state_stamped.py
[1.879s] -- Up-to-date: /home/manuel/buggy_ws_beta.a/install/buggy_msgs/lib/python3.8/site-packages/buggy_msgs/msg/_drive_state.py
[1.879s] -- Up-to-date: /home/manuel/buggy_ws_beta.a/install/buggy_msgs/lib/python3.8/site-packages/buggy_msgs/msg/_drive_state_s.c
[1.879s] -- Up-to-date: /home/manuel/buggy_ws_beta.a/install/buggy_msgs/lib/python3.8/site-packages/buggy_msgs/msg/_gnss_state_stamped_s.c
[1.879s] -- Up-to-date: /home/manuel/buggy_ws_beta.a/install/buggy_msgs/lib/python3.8/site-packages/buggy_msgs/msg/_steering_wheel_state_stamped_s.c
[1.879s] -- Up-to-date: /home/manuel/buggy_ws_beta.a/install/buggy_msgs/lib/python3.8/site-packages/buggy_msgs/msg/_gnss_state_s.c
[1.879s] -- Up-to-date: /home/manuel/buggy_ws_beta.a/install/buggy_msgs/lib/python3.8/site-packages/buggy_msgs/msg/_steering_wheel_state_s.c
[1.879s] -- Up-to-date: /home/manuel/buggy_ws_beta.a/install/buggy_msgs/lib/python3.8/site-packages/buggy_msgs/msg/_platoon_state_s.c
[1.879s] -- Up-to-date: /home/manuel/buggy_ws_beta.a/install/buggy_msgs/lib/python3.8/site-packages/buggy_msgs/msg/_rc_ctrl_state_s.c
[1.880s] -- Up-to-date: /home/manuel/buggy_ws_beta.a/install/buggy_msgs/lib/python3.8/site-packages/buggy_msgs/msg/_imu_state_stamped_s.c
[1.880s] -- Up-to-date: /home/manuel/buggy_ws_beta.a/install/buggy_msgs/lib/python3.8/site-packages/buggy_msgs/msg/_vehicle_state_s.c
[1.880s] -- Up-to-date: /home/manuel/buggy_ws_beta.a/install/buggy_msgs/lib/python3.8/site-packages/buggy_msgs/msg/_gnss_state.py
[1.880s] -- Up-to-date: /home/manuel/buggy_ws_beta.a/install/buggy_msgs/lib/python3.8/site-packages/buggy_msgs/msg/__init__.py
[1.880s] -- Up-to-date: /home/manuel/buggy_ws_beta.a/install/buggy_msgs/lib/python3.8/site-packages/buggy_msgs/msg/_bus_parameter_s.c
[1.880s] -- Up-to-date: /home/manuel/buggy_ws_beta.a/install/buggy_msgs/lib/python3.8/site-packages/buggy_msgs/msg/_mapmatching.py
[1.880s] -- Up-to-date: /home/manuel/buggy_ws_beta.a/install/buggy_msgs/lib/python3.8/site-packages/buggy_msgs/msg/_bus_parameter.py
[1.880s] -- Up-to-date: /home/manuel/buggy_ws_beta.a/install/buggy_msgs/lib/python3.8/site-packages/buggy_msgs/msg/_steering_cmd_stamped.py
[1.880s] -- Up-to-date: /home/manuel/buggy_ws_beta.a/install/buggy_msgs/lib/python3.8/site-packages/buggy_msgs/msg/_fzg_vehicle_data_stamped.py
[1.880s] -- Up-to-date: /home/manuel/buggy_ws_beta.a/install/buggy_msgs/lib/python3.8/site-packages/buggy_msgs/msg/_hi_linit_cmd_s.c
[1.881s] -- Up-to-date: /home/manuel/buggy_ws_beta.a/install/buggy_msgs/lib/python3.8/site-packages/buggy_msgs/buggy_msgs_s__rosidl_typesupport_fastrtps_c.cpython-38-x86_64-linux-gnu.so
[1.881s] -- Up-to-date: /home/manuel/buggy_ws_beta.a/install/buggy_msgs/lib/python3.8/site-packages/buggy_msgs/buggy_msgs_s__rosidl_typesupport_introspection_c.cpython-38-x86_64-linux-gnu.so
[1.881s] -- Up-to-date: /home/manuel/buggy_ws_beta.a/install/buggy_msgs/lib/python3.8/site-packages/buggy_msgs/buggy_msgs_s__rosidl_typesupport_c.cpython-38-x86_64-linux-gnu.so
[1.881s] -- Up-to-date: /home/manuel/buggy_ws_beta.a/install/buggy_msgs/lib/libbuggy_msgs__python.so
[1.881s] -- Up-to-date: /home/manuel/buggy_ws_beta.a/install/buggy_msgs/share/buggy_msgs/msg/WheelsState.idl
[1.882s] -- Up-to-date: /home/manuel/buggy_ws_beta.a/install/buggy_msgs/share/buggy_msgs/msg/WheelsStateStamped.idl
[1.882s] -- Up-to-date: /home/manuel/buggy_ws_beta.a/install/buggy_msgs/share/buggy_msgs/msg/SteeringCMD.idl
[1.882s] -- Up-to-date: /home/manuel/buggy_ws_beta.a/install/buggy_msgs/share/buggy_msgs/msg/SteeringCMDStamped.idl
[1.882s] -- Up-to-date: /home/manuel/buggy_ws_beta.a/install/buggy_msgs/share/buggy_msgs/msg/SteeringWheelState.idl
[1.882s] -- Up-to-date: /home/manuel/buggy_ws_beta.a/install/buggy_msgs/share/buggy_msgs/msg/SteeringWheelStateStamped.idl
[1.882s] -- Up-to-date: /home/manuel/buggy_ws_beta.a/install/buggy_msgs/share/buggy_msgs/msg/VehicleState.idl
[1.882s] -- Up-to-date: /home/manuel/buggy_ws_beta.a/install/buggy_msgs/share/buggy_msgs/msg/VehicleStateStamped.idl
[1.882s] -- Up-to-date: /home/manuel/buggy_ws_beta.a/install/buggy_msgs/share/buggy_msgs/msg/CurrentCMD.idl
[1.882s] -- Up-to-date: /home/manuel/buggy_ws_beta.a/install/buggy_msgs/share/buggy_msgs/msg/CurrentCMDStamped.idl
[1.882s] -- Up-to-date: /home/manuel/buggy_ws_beta.a/install/buggy_msgs/share/buggy_msgs/msg/DriveState.idl
[1.882s] -- Up-to-date: /home/manuel/buggy_ws_beta.a/install/buggy_msgs/share/buggy_msgs/msg/DriveStateStamped.idl
[1.882s] -- Up-to-date: /home/manuel/buggy_ws_beta.a/install/buggy_msgs/share/buggy_msgs/msg/RCCtrlState.idl
[1.882s] -- Up-to-date: /home/manuel/buggy_ws_beta.a/install/buggy_msgs/share/buggy_msgs/msg/RCCtrlStateStamped.idl
[1.882s] -- Up-to-date: /home/manuel/buggy_ws_beta.a/install/buggy_msgs/share/buggy_msgs/msg/BUSParameter.idl
[1.882s] -- Up-to-date: /home/manuel/buggy_ws_beta.a/install/buggy_msgs/share/buggy_msgs/msg/BUSParameterStamped.idl
[1.882s] -- Up-to-date: /home/manuel/buggy_ws_beta.a/install/buggy_msgs/share/buggy_msgs/msg/GNSSState.idl
[1.882s] -- Up-to-date: /home/manuel/buggy_ws_beta.a/install/buggy_msgs/share/buggy_msgs/msg/GNSSStateStamped.idl
[1.882s] -- Up-to-date: /home/manuel/buggy_ws_beta.a/install/buggy_msgs/share/buggy_msgs/msg/IMUState.idl
[1.883s] -- Up-to-date: /home/manuel/buggy_ws_beta.a/install/buggy_msgs/share/buggy_msgs/msg/IMUStateStamped.idl
[1.883s] -- Up-to-date: /home/manuel/buggy_ws_beta.a/install/buggy_msgs/share/buggy_msgs/msg/HILinitCMD.idl
[1.883s] -- Up-to-date: /home/manuel/buggy_ws_beta.a/install/buggy_msgs/share/buggy_msgs/msg/HILinitCMDStamped.idl
[1.883s] -- Up-to-date: /home/manuel/buggy_ws_beta.a/install/buggy_msgs/share/buggy_msgs/msg/PlatoonState.idl
[1.883s] -- Up-to-date: /home/manuel/buggy_ws_beta.a/install/buggy_msgs/share/buggy_msgs/msg/PlatoonStateStamped.idl
[1.883s] -- Up-to-date: /home/manuel/buggy_ws_beta.a/install/buggy_msgs/share/buggy_msgs/msg/Mapmatching.idl
[1.883s] -- Up-to-date: /home/manuel/buggy_ws_beta.a/install/buggy_msgs/share/buggy_msgs/msg/MapmatchingStamped.idl
[1.883s] -- Up-to-date: /home/manuel/buggy_ws_beta.a/install/buggy_msgs/share/buggy_msgs/msg/FzgVehicleData.idl
[1.883s] -- Up-to-date: /home/manuel/buggy_ws_beta.a/install/buggy_msgs/share/buggy_msgs/msg/FzgVehicleDataStamped.idl
[1.883s] -- Up-to-date: /home/manuel/buggy_ws_beta.a/install/buggy_msgs/share/buggy_msgs/msg/WheelsState.msg
[1.883s] -- Up-to-date: /home/manuel/buggy_ws_beta.a/install/buggy_msgs/share/buggy_msgs/msg/WheelsStateStamped.msg
[1.883s] -- Up-to-date: /home/manuel/buggy_ws_beta.a/install/buggy_msgs/share/buggy_msgs/msg/SteeringCMD.msg
[1.884s] -- Up-to-date: /home/manuel/buggy_ws_beta.a/install/buggy_msgs/share/buggy_msgs/msg/SteeringCMDStamped.msg
[1.884s] -- Up-to-date: /home/manuel/buggy_ws_beta.a/install/buggy_msgs/share/buggy_msgs/msg/SteeringWheelState.msg
[1.884s] -- Up-to-date: /home/manuel/buggy_ws_beta.a/install/buggy_msgs/share/buggy_msgs/msg/SteeringWheelStateStamped.msg
[1.884s] -- Up-to-date: /home/manuel/buggy_ws_beta.a/install/buggy_msgs/share/buggy_msgs/msg/VehicleState.msg
[1.884s] -- Up-to-date: /home/manuel/buggy_ws_beta.a/install/buggy_msgs/share/buggy_msgs/msg/VehicleStateStamped.msg
[1.884s] -- Up-to-date: /home/manuel/buggy_ws_beta.a/install/buggy_msgs/share/buggy_msgs/msg/CurrentCMD.msg
[1.884s] -- Up-to-date: /home/manuel/buggy_ws_beta.a/install/buggy_msgs/share/buggy_msgs/msg/CurrentCMDStamped.msg
[1.884s] -- Up-to-date: /home/manuel/buggy_ws_beta.a/install/buggy_msgs/share/buggy_msgs/msg/DriveState.msg
[1.884s] -- Up-to-date: /home/manuel/buggy_ws_beta.a/install/buggy_msgs/share/buggy_msgs/msg/DriveStateStamped.msg
[1.886s] -- Up-to-date: /home/manuel/buggy_ws_beta.a/install/buggy_msgs/share/buggy_msgs/msg/RCCtrlState.msg
[1.886s] -- Up-to-date: /home/manuel/buggy_ws_beta.a/install/buggy_msgs/share/buggy_msgs/msg/RCCtrlStateStamped.msg
[1.886s] -- Up-to-date: /home/manuel/buggy_ws_beta.a/install/buggy_msgs/share/buggy_msgs/msg/BUSParameter.msg
[1.886s] -- Up-to-date: /home/manuel/buggy_ws_beta.a/install/buggy_msgs/share/buggy_msgs/msg/BUSParameterStamped.msg
[1.890s] -- Up-to-date: /home/manuel/buggy_ws_beta.a/install/buggy_msgs/share/buggy_msgs/msg/GNSSState.msg
[1.890s] -- Up-to-date: /home/manuel/buggy_ws_beta.a/install/buggy_msgs/share/buggy_msgs/msg/GNSSStateStamped.msg
[1.890s] -- Up-to-date: /home/manuel/buggy_ws_beta.a/install/buggy_msgs/share/buggy_msgs/msg/IMUState.msg
[1.891s] -- Up-to-date: /home/manuel/buggy_ws_beta.a/install/buggy_msgs/share/buggy_msgs/msg/IMUStateStamped.msg
[1.891s] -- Up-to-date: /home/manuel/buggy_ws_beta.a/install/buggy_msgs/share/buggy_msgs/msg/HILinitCMD.msg
[1.891s] -- Up-to-date: /home/manuel/buggy_ws_beta.a/install/buggy_msgs/share/buggy_msgs/msg/HILinitCMDStamped.msg
[1.891s] -- Up-to-date: /home/manuel/buggy_ws_beta.a/install/buggy_msgs/share/buggy_msgs/msg/PlatoonState.msg
[1.891s] -- Up-to-date: /home/manuel/buggy_ws_beta.a/install/buggy_msgs/share/buggy_msgs/msg/PlatoonStateStamped.msg
[1.892s] -- Up-to-date: /home/manuel/buggy_ws_beta.a/install/buggy_msgs/share/buggy_msgs/msg/Mapmatching.msg
[1.892s] -- Up-to-date: /home/manuel/buggy_ws_beta.a/install/buggy_msgs/share/buggy_msgs/msg/MapmatchingStamped.msg
[1.892s] -- Up-to-date: /home/manuel/buggy_ws_beta.a/install/buggy_msgs/share/buggy_msgs/msg/FzgVehicleData.msg
[1.896s] -- Up-to-date: /home/manuel/buggy_ws_beta.a/install/buggy_msgs/share/buggy_msgs/msg/FzgVehicleDataStamped.msg
[1.896s] -- Up-to-date: /home/manuel/buggy_ws_beta.a/install/buggy_msgs/share/ament_index/resource_index/package_run_dependencies/buggy_msgs
[1.896s] -- Up-to-date: /home/manuel/buggy_ws_beta.a/install/buggy_msgs/share/ament_index/resource_index/parent_prefix_path/buggy_msgs
[1.896s] -- Up-to-date: /home/manuel/buggy_ws_beta.a/install/buggy_msgs/share/buggy_msgs/environment/ament_prefix_path.sh
[1.896s] -- Up-to-date: /home/manuel/buggy_ws_beta.a/install/buggy_msgs/share/buggy_msgs/environment/ament_prefix_path.dsv
[1.896s] -- Up-to-date: /home/manuel/buggy_ws_beta.a/install/buggy_msgs/share/buggy_msgs/environment/path.sh
[1.896s] -- Up-to-date: /home/manuel/buggy_ws_beta.a/install/buggy_msgs/share/buggy_msgs/environment/path.dsv
[1.896s] -- Up-to-date: /home/manuel/buggy_ws_beta.a/install/buggy_msgs/share/buggy_msgs/local_setup.bash
[1.896s] -- Up-to-date: /home/manuel/buggy_ws_beta.a/install/buggy_msgs/share/buggy_msgs/local_setup.sh
[1.896s] -- Up-to-date: /home/manuel/buggy_ws_beta.a/install/buggy_msgs/share/buggy_msgs/local_setup.zsh
[1.896s] -- Up-to-date: /home/manuel/buggy_ws_beta.a/install/buggy_msgs/share/buggy_msgs/local_setup.dsv
[1.896s] -- Installing: /home/manuel/buggy_ws_beta.a/install/buggy_msgs/share/buggy_msgs/package.dsv
[1.897s] -- Up-to-date: /home/manuel/buggy_ws_beta.a/install/buggy_msgs/share/ament_index/resource_index/packages/buggy_msgs
[1.897s] -- Up-to-date: /home/manuel/buggy_ws_beta.a/install/buggy_msgs/share/buggy_msgs/cmake/buggy_msgs__rosidl_generator_cExport.cmake
[1.897s] -- Up-to-date: /home/manuel/buggy_ws_beta.a/install/buggy_msgs/share/buggy_msgs/cmake/buggy_msgs__rosidl_generator_cExport-noconfig.cmake
[1.897s] -- Up-to-date: /home/manuel/buggy_ws_beta.a/install/buggy_msgs/share/buggy_msgs/cmake/buggy_msgs__rosidl_typesupport_introspection_cExport.cmake
[1.897s] -- Up-to-date: /home/manuel/buggy_ws_beta.a/install/buggy_msgs/share/buggy_msgs/cmake/buggy_msgs__rosidl_typesupport_introspection_cExport-noconfig.cmake
[1.897s] -- Up-to-date: /home/manuel/buggy_ws_beta.a/install/buggy_msgs/share/buggy_msgs/cmake/buggy_msgs__rosidl_typesupport_cExport.cmake
[1.897s] -- Up-to-date: /home/manuel/buggy_ws_beta.a/install/buggy_msgs/share/buggy_msgs/cmake/buggy_msgs__rosidl_typesupport_cExport-noconfig.cmake
[1.898s] -- Up-to-date: /home/manuel/buggy_ws_beta.a/install/buggy_msgs/share/buggy_msgs/cmake/buggy_msgs__rosidl_generator_cppExport.cmake
[1.898s] -- Up-to-date: /home/manuel/buggy_ws_beta.a/install/buggy_msgs/share/buggy_msgs/cmake/buggy_msgs__rosidl_typesupport_introspection_cppExport.cmake
[1.898s] -- Up-to-date: /home/manuel/buggy_ws_beta.a/install/buggy_msgs/share/buggy_msgs/cmake/buggy_msgs__rosidl_typesupport_introspection_cppExport-noconfig.cmake
[1.899s] -- Up-to-date: /home/manuel/buggy_ws_beta.a/install/buggy_msgs/share/buggy_msgs/cmake/buggy_msgs__rosidl_typesupport_cppExport.cmake
[1.899s] -- Up-to-date: /home/manuel/buggy_ws_beta.a/install/buggy_msgs/share/buggy_msgs/cmake/buggy_msgs__rosidl_typesupport_cppExport-noconfig.cmake
[1.899s] -- Up-to-date: /home/manuel/buggy_ws_beta.a/install/buggy_msgs/share/buggy_msgs/cmake/rosidl_cmake-extras.cmake
[1.899s] -- Up-to-date: /home/manuel/buggy_ws_beta.a/install/buggy_msgs/share/buggy_msgs/cmake/ament_cmake_export_dependencies-extras.cmake
[1.899s] -- Up-to-date: /home/manuel/buggy_ws_beta.a/install/buggy_msgs/share/buggy_msgs/cmake/ament_cmake_export_libraries-extras.cmake
[1.899s] -- Up-to-date: /home/manuel/buggy_ws_beta.a/install/buggy_msgs/share/buggy_msgs/cmake/ament_cmake_export_targets-extras.cmake
[1.899s] -- Up-to-date: /home/manuel/buggy_ws_beta.a/install/buggy_msgs/share/buggy_msgs/cmake/ament_cmake_export_include_directories-extras.cmake
[1.899s] -- Up-to-date: /home/manuel/buggy_ws_beta.a/install/buggy_msgs/share/buggy_msgs/cmake/rosidl_cmake_export_typesupport_libraries-extras.cmake
[1.899s] -- Up-to-date: /home/manuel/buggy_ws_beta.a/install/buggy_msgs/share/buggy_msgs/cmake/rosidl_cmake_export_typesupport_targets-extras.cmake
[1.899s] -- Up-to-date: /home/manuel/buggy_ws_beta.a/install/buggy_msgs/share/buggy_msgs/cmake/buggy_msgsConfig.cmake
[1.899s] -- Up-to-date: /home/manuel/buggy_ws_beta.a/install/buggy_msgs/share/buggy_msgs/cmake/buggy_msgsConfig-version.cmake
[1.899s] -- Up-to-date: /home/manuel/buggy_ws_beta.a/install/buggy_msgs/share/buggy_msgs/package.xml
[2.183s] Invoked command in '/home/manuel/buggy_ws_beta.a/build/buggy_msgs' returned '0': CMAKE_PREFIX_PATH=${CMAKE_PREFIX_PATH}:/home/manuel/buggy_ws_beta.a/install/joint_state_publisher_gui:/home/manuel/buggy_ws_beta.a/install/joint_state_publisher:/home/manuel/buggy_ws_beta.a/install/ackermann_odometry:/home/manuel/buggy_ws_beta.a/install/ackermann_controller:/home/manuel/buggy_space/install/joint_state_publisher_gui:/home/manuel/buggy_space/install/joint_state_publisher:/home/manuel/buggy_space/install/ackermann_odometry:/home/manuel/buggy_space/install/ackermann_controller:/opt/ros/foxy /usr/bin/cmake --install /home/manuel/buggy_ws_beta.a/build/buggy_msgs
