running egg_info
creating ../../../../build/ackermann_odometry/ackermann_odometry.egg-info
writing ../../../../build/ackermann_odometry/ackermann_odometry.egg-info/PKG-INFO
writing dependency_links to ../../../../build/ackermann_odometry/ackermann_odometry.egg-info/dependency_links.txt
writing entry points to ../../../../build/ackermann_odometry/ackermann_odometry.egg-info/entry_points.txt
writing requirements to ../../../../build/ackermann_odometry/ackermann_odometry.egg-info/requires.txt
writing top-level names to ../../../../build/ackermann_odometry/ackermann_odometry.egg-info/top_level.txt
writing manifest file '../../../../build/ackermann_odometry/ackermann_odometry.egg-info/SOURCES.txt'
reading manifest file '../../../../build/ackermann_odometry/ackermann_odometry.egg-info/SOURCES.txt'
writing manifest file '../../../../build/ackermann_odometry/ackermann_odometry.egg-info/SOURCES.txt'
running build
running build_py
creating /home/manuel/buggy_ws_beta.a/build/ackermann_odometry/build
creating /home/manuel/buggy_ws_beta.a/build/ackermann_odometry/build/lib
creating /home/manuel/buggy_ws_beta.a/build/ackermann_odometry/build/lib/ackermann_odometry
copying ackermann_odometry/odom_publisher.py -> /home/manuel/buggy_ws_beta.a/build/ackermann_odometry/build/lib/ackermann_odometry
copying ackermann_odometry/__init__.py -> /home/manuel/buggy_ws_beta.a/build/ackermann_odometry/build/lib/ackermann_odometry
running install
running install_lib
creating /home/manuel/buggy_ws_beta.a/install/ackermann_odometry/lib/python3.8/site-packages/ackermann_odometry
copying /home/manuel/buggy_ws_beta.a/build/ackermann_odometry/build/lib/ackermann_odometry/odom_publisher.py -> /home/manuel/buggy_ws_beta.a/install/ackermann_odometry/lib/python3.8/site-packages/ackermann_odometry
copying /home/manuel/buggy_ws_beta.a/build/ackermann_odometry/build/lib/ackermann_odometry/__init__.py -> /home/manuel/buggy_ws_beta.a/install/ackermann_odometry/lib/python3.8/site-packages/ackermann_odometry
byte-compiling /home/manuel/buggy_ws_beta.a/install/ackermann_odometry/lib/python3.8/site-packages/ackermann_odometry/odom_publisher.py to odom_publisher.cpython-38.pyc
byte-compiling /home/manuel/buggy_ws_beta.a/install/ackermann_odometry/lib/python3.8/site-packages/ackermann_odometry/__init__.py to __init__.cpython-38.pyc
running install_data
creating /home/manuel/buggy_ws_beta.a/install/ackermann_odometry/share/ament_index
creating /home/manuel/buggy_ws_beta.a/install/ackermann_odometry/share/ament_index/resource_index
creating /home/manuel/buggy_ws_beta.a/install/ackermann_odometry/share/ament_index/resource_index/packages
copying resource/ackermann_odometry -> /home/manuel/buggy_ws_beta.a/install/ackermann_odometry/share/ament_index/resource_index/packages
copying package.xml -> /home/manuel/buggy_ws_beta.a/install/ackermann_odometry/share/ackermann_odometry
running install_egg_info
Copying ../../../../build/ackermann_odometry/ackermann_odometry.egg-info to /home/manuel/buggy_ws_beta.a/install/ackermann_odometry/lib/python3.8/site-packages/ackermann_odometry-0.0.0-py3.8.egg-info
running install_scripts
Installing odom_publisher script to /home/manuel/buggy_ws_beta.a/install/ackermann_odometry/lib/ackermann_odometry
writing list of installed files to '/home/manuel/buggy_ws_beta.a/build/ackermann_odometry/install.log'
