[0.152s] Invoking command in '/home/manuel/buggy_ws_beta.a/build/costmap_converter_msgs': CMAKE_PREFIX_PATH=${CMAKE_PREFIX_PATH}:/home/manuel/buggy_ws_beta.a/install/joint_state_publisher_gui:/home/manuel/buggy_ws_beta.a/install/joint_state_publisher:/home/manuel/buggy_ws_beta.a/install/ackermann_odometry:/home/manuel/buggy_ws_beta.a/install/ackermann_controller:/home/manuel/buggy_space/install/joint_state_publisher_gui:/home/manuel/buggy_space/install/joint_state_publisher:/home/manuel/buggy_space/install/ackermann_odometry:/home/manuel/buggy_space/install/ackermann_controller:/opt/ros/foxy /usr/bin/cmake --build /home/manuel/buggy_ws_beta.a/build/costmap_converter_msgs -- -j16 -l16
[0.613s] [  2%] Built target costmap_converter_msgs__cpp
[0.613s] [ 12%] Built target costmap_converter_msgs__rosidl_generator_c
[0.613s] [ 23%] Built target costmap_converter_msgs__rosidl_typesupport_introspection_cpp
[0.613s] [ 33%] Built target costmap_converter_msgs__rosidl_typesupport_cpp
[0.613s] [ 43%] Built target costmap_converter_msgs__rosidl_typesupport_fastrtps_cpp
[0.613s] [ 53%] Built target costmap_converter_msgs__rosidl_typesupport_c
[0.614s] [ 64%] Built target costmap_converter_msgs__rosidl_typesupport_introspection_c
[0.614s] [ 74%] Built target costmap_converter_msgs__rosidl_typesupport_fastrtps_c
[0.614s] [ 74%] Built target costmap_converter_msgs
[0.614s] [ 76%] Built target costmap_converter_msgs__py
[0.614s] [ 84%] Built target costmap_converter_msgs__python
[0.614s] [ 92%] Built target costmap_converter_msgs__rosidl_typesupport_introspection_c__pyext
[0.614s] [ 94%] Built target costmap_converter_msgs__rosidl_typesupport_fastrtps_c__pyext
[0.614s] [100%] Built target costmap_converter_msgs__rosidl_typesupport_c__pyext
[0.627s] Invoked command in '/home/manuel/buggy_ws_beta.a/build/costmap_converter_msgs' returned '0': CMAKE_PREFIX_PATH=${CMAKE_PREFIX_PATH}:/home/manuel/buggy_ws_beta.a/install/joint_state_publisher_gui:/home/manuel/buggy_ws_beta.a/install/joint_state_publisher:/home/manuel/buggy_ws_beta.a/install/ackermann_odometry:/home/manuel/buggy_ws_beta.a/install/ackermann_controller:/home/manuel/buggy_space/install/joint_state_publisher_gui:/home/manuel/buggy_space/install/joint_state_publisher:/home/manuel/buggy_space/install/ackermann_odometry:/home/manuel/buggy_space/install/ackermann_controller:/opt/ros/foxy /usr/bin/cmake --build /home/manuel/buggy_ws_beta.a/build/costmap_converter_msgs -- -j16 -l16
[0.982s] Invoking command in '/home/manuel/buggy_ws_beta.a/build/costmap_converter_msgs': CMAKE_PREFIX_PATH=${CMAKE_PREFIX_PATH}:/home/manuel/buggy_ws_beta.a/install/joint_state_publisher_gui:/home/manuel/buggy_ws_beta.a/install/joint_state_publisher:/home/manuel/buggy_ws_beta.a/install/ackermann_odometry:/home/manuel/buggy_ws_beta.a/install/ackermann_controller:/home/manuel/buggy_space/install/joint_state_publisher_gui:/home/manuel/buggy_space/install/joint_state_publisher:/home/manuel/buggy_space/install/ackermann_odometry:/home/manuel/buggy_space/install/ackermann_controller:/opt/ros/foxy /usr/bin/cmake --install /home/manuel/buggy_ws_beta.a/build/costmap_converter_msgs
[1.104s] -- Install configuration: ""
[1.104s] -- Up-to-date: /home/manuel/buggy_ws_beta.a/install/costmap_converter_msgs/share/ament_index/resource_index/rosidl_interfaces/costmap_converter_msgs
[1.104s] -- Up-to-date: /home/manuel/buggy_ws_beta.a/install/costmap_converter_msgs/include/costmap_converter_msgs
[1.104s] -- Up-to-date: /home/manuel/buggy_ws_beta.a/install/costmap_converter_msgs/include/costmap_converter_msgs/msg
[1.104s] -- Up-to-date: /home/manuel/buggy_ws_beta.a/install/costmap_converter_msgs/include/costmap_converter_msgs/msg/detail
[1.104s] -- Up-to-date: /home/manuel/buggy_ws_beta.a/install/costmap_converter_msgs/include/costmap_converter_msgs/msg/detail/obstacle_msg__functions.h
[1.104s] -- Up-to-date: /home/manuel/buggy_ws_beta.a/install/costmap_converter_msgs/include/costmap_converter_msgs/msg/detail/obstacle_array_msg__functions.h
[1.104s] -- Up-to-date: /home/manuel/buggy_ws_beta.a/install/costmap_converter_msgs/include/costmap_converter_msgs/msg/detail/obstacle_array_msg__struct.h
[1.104s] -- Up-to-date: /home/manuel/buggy_ws_beta.a/install/costmap_converter_msgs/include/costmap_converter_msgs/msg/detail/obstacle_msg__functions.c
[1.105s] -- Up-to-date: /home/manuel/buggy_ws_beta.a/install/costmap_converter_msgs/include/costmap_converter_msgs/msg/detail/obstacle_msg__type_support.h
[1.105s] -- Up-to-date: /home/manuel/buggy_ws_beta.a/install/costmap_converter_msgs/include/costmap_converter_msgs/msg/detail/obstacle_msg__struct.h
[1.105s] -- Up-to-date: /home/manuel/buggy_ws_beta.a/install/costmap_converter_msgs/include/costmap_converter_msgs/msg/detail/obstacle_array_msg__type_support.h
[1.105s] -- Up-to-date: /home/manuel/buggy_ws_beta.a/install/costmap_converter_msgs/include/costmap_converter_msgs/msg/detail/obstacle_array_msg__functions.c
[1.105s] -- Up-to-date: /home/manuel/buggy_ws_beta.a/install/costmap_converter_msgs/include/costmap_converter_msgs/msg/obstacle_array_msg.h
[1.105s] -- Up-to-date: /home/manuel/buggy_ws_beta.a/install/costmap_converter_msgs/include/costmap_converter_msgs/msg/obstacle_msg.h
[1.105s] -- Up-to-date: /home/manuel/buggy_ws_beta.a/install/costmap_converter_msgs/include/costmap_converter_msgs/msg/rosidl_generator_c__visibility_control.h
[1.105s] -- Up-to-date: /home/manuel/buggy_ws_beta.a/install/costmap_converter_msgs/share/costmap_converter_msgs/environment/library_path.sh
[1.105s] -- Up-to-date: /home/manuel/buggy_ws_beta.a/install/costmap_converter_msgs/share/costmap_converter_msgs/environment/library_path.dsv
[1.105s] -- Up-to-date: /home/manuel/buggy_ws_beta.a/install/costmap_converter_msgs/lib/libcostmap_converter_msgs__rosidl_generator_c.so
[1.106s] -- Up-to-date: /home/manuel/buggy_ws_beta.a/install/costmap_converter_msgs/include/costmap_converter_msgs
[1.106s] -- Up-to-date: /home/manuel/buggy_ws_beta.a/install/costmap_converter_msgs/include/costmap_converter_msgs/msg
[1.106s] -- Up-to-date: /home/manuel/buggy_ws_beta.a/install/costmap_converter_msgs/include/costmap_converter_msgs/msg/detail
[1.106s] -- Up-to-date: /home/manuel/buggy_ws_beta.a/install/costmap_converter_msgs/include/costmap_converter_msgs/msg/detail/obstacle_array_msg__rosidl_typesupport_fastrtps_c.h
[1.106s] -- Up-to-date: /home/manuel/buggy_ws_beta.a/install/costmap_converter_msgs/include/costmap_converter_msgs/msg/detail/obstacle_msg__rosidl_typesupport_fastrtps_c.h
[1.106s] -- Up-to-date: /home/manuel/buggy_ws_beta.a/install/costmap_converter_msgs/include/costmap_converter_msgs/msg/rosidl_typesupport_fastrtps_c__visibility_control.h
[1.106s] -- Up-to-date: /home/manuel/buggy_ws_beta.a/install/costmap_converter_msgs/lib/libcostmap_converter_msgs__rosidl_typesupport_fastrtps_c.so
[1.106s] -- Up-to-date: /home/manuel/buggy_ws_beta.a/install/costmap_converter_msgs/include/costmap_converter_msgs
[1.106s] -- Up-to-date: /home/manuel/buggy_ws_beta.a/install/costmap_converter_msgs/include/costmap_converter_msgs/msg
[1.106s] -- Up-to-date: /home/manuel/buggy_ws_beta.a/install/costmap_converter_msgs/include/costmap_converter_msgs/msg/detail
[1.107s] -- Up-to-date: /home/manuel/buggy_ws_beta.a/install/costmap_converter_msgs/include/costmap_converter_msgs/msg/detail/dds_fastrtps
[1.107s] -- Up-to-date: /home/manuel/buggy_ws_beta.a/install/costmap_converter_msgs/include/costmap_converter_msgs/msg/detail/obstacle_msg__rosidl_typesupport_fastrtps_cpp.hpp
[1.107s] -- Up-to-date: /home/manuel/buggy_ws_beta.a/install/costmap_converter_msgs/include/costmap_converter_msgs/msg/detail/obstacle_array_msg__rosidl_typesupport_fastrtps_cpp.hpp
[1.107s] -- Up-to-date: /home/manuel/buggy_ws_beta.a/install/costmap_converter_msgs/include/costmap_converter_msgs/msg/rosidl_typesupport_fastrtps_cpp__visibility_control.h
[1.107s] -- Up-to-date: /home/manuel/buggy_ws_beta.a/install/costmap_converter_msgs/lib/libcostmap_converter_msgs__rosidl_typesupport_fastrtps_cpp.so
[1.107s] -- Up-to-date: /home/manuel/buggy_ws_beta.a/install/costmap_converter_msgs/include/costmap_converter_msgs
[1.108s] -- Up-to-date: /home/manuel/buggy_ws_beta.a/install/costmap_converter_msgs/include/costmap_converter_msgs/msg
[1.108s] -- Up-to-date: /home/manuel/buggy_ws_beta.a/install/costmap_converter_msgs/include/costmap_converter_msgs/msg/detail
[1.108s] -- Up-to-date: /home/manuel/buggy_ws_beta.a/install/costmap_converter_msgs/include/costmap_converter_msgs/msg/detail/obstacle_array_msg__rosidl_typesupport_introspection_c.h
[1.108s] -- Up-to-date: /home/manuel/buggy_ws_beta.a/install/costmap_converter_msgs/include/costmap_converter_msgs/msg/detail/obstacle_msg__type_support.c
[1.108s] -- Up-to-date: /home/manuel/buggy_ws_beta.a/install/costmap_converter_msgs/include/costmap_converter_msgs/msg/detail/obstacle_array_msg__type_support.c
[1.108s] -- Up-to-date: /home/manuel/buggy_ws_beta.a/install/costmap_converter_msgs/include/costmap_converter_msgs/msg/detail/obstacle_msg__rosidl_typesupport_introspection_c.h
[1.108s] -- Up-to-date: /home/manuel/buggy_ws_beta.a/install/costmap_converter_msgs/include/costmap_converter_msgs/msg/rosidl_typesupport_introspection_c__visibility_control.h
[1.108s] -- Up-to-date: /home/manuel/buggy_ws_beta.a/install/costmap_converter_msgs/lib/libcostmap_converter_msgs__rosidl_typesupport_introspection_c.so
[1.108s] -- Up-to-date: /home/manuel/buggy_ws_beta.a/install/costmap_converter_msgs/lib/libcostmap_converter_msgs__rosidl_typesupport_c.so
[1.108s] -- Up-to-date: /home/manuel/buggy_ws_beta.a/install/costmap_converter_msgs/include/costmap_converter_msgs
[1.109s] -- Up-to-date: /home/manuel/buggy_ws_beta.a/install/costmap_converter_msgs/include/costmap_converter_msgs/msg
[1.109s] -- Up-to-date: /home/manuel/buggy_ws_beta.a/install/costmap_converter_msgs/include/costmap_converter_msgs/msg/detail
[1.109s] -- Up-to-date: /home/manuel/buggy_ws_beta.a/install/costmap_converter_msgs/include/costmap_converter_msgs/msg/detail/obstacle_array_msg__struct.hpp
[1.109s] -- Up-to-date: /home/manuel/buggy_ws_beta.a/install/costmap_converter_msgs/include/costmap_converter_msgs/msg/detail/obstacle_msg__struct.hpp
[1.109s] -- Up-to-date: /home/manuel/buggy_ws_beta.a/install/costmap_converter_msgs/include/costmap_converter_msgs/msg/detail/obstacle_msg__traits.hpp
[1.109s] -- Up-to-date: /home/manuel/buggy_ws_beta.a/install/costmap_converter_msgs/include/costmap_converter_msgs/msg/detail/obstacle_array_msg__builder.hpp
[1.109s] -- Up-to-date: /home/manuel/buggy_ws_beta.a/install/costmap_converter_msgs/include/costmap_converter_msgs/msg/detail/obstacle_array_msg__traits.hpp
[1.109s] -- Up-to-date: /home/manuel/buggy_ws_beta.a/install/costmap_converter_msgs/include/costmap_converter_msgs/msg/detail/obstacle_msg__builder.hpp
[1.110s] -- Up-to-date: /home/manuel/buggy_ws_beta.a/install/costmap_converter_msgs/include/costmap_converter_msgs/msg/obstacle_msg.hpp
[1.110s] -- Up-to-date: /home/manuel/buggy_ws_beta.a/install/costmap_converter_msgs/include/costmap_converter_msgs/msg/obstacle_array_msg.hpp
[1.110s] -- Up-to-date: /home/manuel/buggy_ws_beta.a/install/costmap_converter_msgs/include/costmap_converter_msgs
[1.110s] -- Up-to-date: /home/manuel/buggy_ws_beta.a/install/costmap_converter_msgs/include/costmap_converter_msgs/msg
[1.110s] -- Up-to-date: /home/manuel/buggy_ws_beta.a/install/costmap_converter_msgs/include/costmap_converter_msgs/msg/detail
[1.110s] -- Up-to-date: /home/manuel/buggy_ws_beta.a/install/costmap_converter_msgs/include/costmap_converter_msgs/msg/detail/obstacle_msg__type_support.cpp
[1.110s] -- Up-to-date: /home/manuel/buggy_ws_beta.a/install/costmap_converter_msgs/include/costmap_converter_msgs/msg/detail/obstacle_array_msg__type_support.cpp
[1.110s] -- Up-to-date: /home/manuel/buggy_ws_beta.a/install/costmap_converter_msgs/include/costmap_converter_msgs/msg/detail/obstacle_array_msg__rosidl_typesupport_introspection_cpp.hpp
[1.112s] -- Up-to-date: /home/manuel/buggy_ws_beta.a/install/costmap_converter_msgs/include/costmap_converter_msgs/msg/detail/obstacle_msg__rosidl_typesupport_introspection_cpp.hpp
[1.112s] -- Up-to-date: /home/manuel/buggy_ws_beta.a/install/costmap_converter_msgs/lib/libcostmap_converter_msgs__rosidl_typesupport_introspection_cpp.so
[1.112s] -- Up-to-date: /home/manuel/buggy_ws_beta.a/install/costmap_converter_msgs/lib/libcostmap_converter_msgs__rosidl_typesupport_cpp.so
[1.112s] -- Up-to-date: /home/manuel/buggy_ws_beta.a/install/costmap_converter_msgs/share/costmap_converter_msgs/environment/pythonpath.sh
[1.112s] -- Up-to-date: /home/manuel/buggy_ws_beta.a/install/costmap_converter_msgs/share/costmap_converter_msgs/environment/pythonpath.dsv
[1.112s] -- Up-to-date: /home/manuel/buggy_ws_beta.a/install/costmap_converter_msgs/lib/python3.8/site-packages/costmap_converter_msgs/__init__.py
[1.138s] -- Up-to-date: /home/manuel/buggy_ws_beta.a/install/costmap_converter_msgs/lib/python3.8/site-packages/costmap_converter_msgs/msg
[1.138s] -- Up-to-date: /home/manuel/buggy_ws_beta.a/install/costmap_converter_msgs/lib/python3.8/site-packages/costmap_converter_msgs/msg/_obstacle_array_msg_s.c
[1.139s] -- Up-to-date: /home/manuel/buggy_ws_beta.a/install/costmap_converter_msgs/lib/python3.8/site-packages/costmap_converter_msgs/msg/_obstacle_msg.py
[1.139s] -- Up-to-date: /home/manuel/buggy_ws_beta.a/install/costmap_converter_msgs/lib/python3.8/site-packages/costmap_converter_msgs/msg/_obstacle_array_msg.py
[1.139s] -- Up-to-date: /home/manuel/buggy_ws_beta.a/install/costmap_converter_msgs/lib/python3.8/site-packages/costmap_converter_msgs/msg/_obstacle_msg_s.c
[1.139s] -- Up-to-date: /home/manuel/buggy_ws_beta.a/install/costmap_converter_msgs/lib/python3.8/site-packages/costmap_converter_msgs/msg/__init__.py
[1.139s] -- Up-to-date: /home/manuel/buggy_ws_beta.a/install/costmap_converter_msgs/lib/python3.8/site-packages/costmap_converter_msgs/costmap_converter_msgs_s__rosidl_typesupport_fastrtps_c.cpython-38-x86_64-linux-gnu.so
[1.139s] -- Up-to-date: /home/manuel/buggy_ws_beta.a/install/costmap_converter_msgs/lib/python3.8/site-packages/costmap_converter_msgs/costmap_converter_msgs_s__rosidl_typesupport_introspection_c.cpython-38-x86_64-linux-gnu.so
[1.140s] -- Up-to-date: /home/manuel/buggy_ws_beta.a/install/costmap_converter_msgs/lib/python3.8/site-packages/costmap_converter_msgs/costmap_converter_msgs_s__rosidl_typesupport_c.cpython-38-x86_64-linux-gnu.so
[1.140s] -- Up-to-date: /home/manuel/buggy_ws_beta.a/install/costmap_converter_msgs/lib/libcostmap_converter_msgs__python.so
[1.141s] -- Up-to-date: /home/manuel/buggy_ws_beta.a/install/costmap_converter_msgs/share/costmap_converter_msgs/msg/ObstacleMsg.idl
[1.141s] -- Up-to-date: /home/manuel/buggy_ws_beta.a/install/costmap_converter_msgs/share/costmap_converter_msgs/msg/ObstacleArrayMsg.idl
[1.141s] -- Up-to-date: /home/manuel/buggy_ws_beta.a/install/costmap_converter_msgs/share/costmap_converter_msgs/msg/ObstacleMsg.msg
[1.142s] -- Up-to-date: /home/manuel/buggy_ws_beta.a/install/costmap_converter_msgs/share/costmap_converter_msgs/msg/ObstacleArrayMsg.msg
[1.143s] -- Up-to-date: /home/manuel/buggy_ws_beta.a/install/costmap_converter_msgs/share/ament_index/resource_index/package_run_dependencies/costmap_converter_msgs
[1.143s] -- Up-to-date: /home/manuel/buggy_ws_beta.a/install/costmap_converter_msgs/share/ament_index/resource_index/parent_prefix_path/costmap_converter_msgs
[1.143s] -- Up-to-date: /home/manuel/buggy_ws_beta.a/install/costmap_converter_msgs/share/costmap_converter_msgs/environment/ament_prefix_path.sh
[1.143s] -- Up-to-date: /home/manuel/buggy_ws_beta.a/install/costmap_converter_msgs/share/costmap_converter_msgs/environment/ament_prefix_path.dsv
[1.143s] -- Up-to-date: /home/manuel/buggy_ws_beta.a/install/costmap_converter_msgs/share/costmap_converter_msgs/environment/path.sh
[1.143s] -- Up-to-date: /home/manuel/buggy_ws_beta.a/install/costmap_converter_msgs/share/costmap_converter_msgs/environment/path.dsv
[1.143s] -- Up-to-date: /home/manuel/buggy_ws_beta.a/install/costmap_converter_msgs/share/costmap_converter_msgs/local_setup.bash
[1.151s] -- Up-to-date: /home/manuel/buggy_ws_beta.a/install/costmap_converter_msgs/share/costmap_converter_msgs/local_setup.sh
[1.151s] -- Up-to-date: /home/manuel/buggy_ws_beta.a/install/costmap_converter_msgs/share/costmap_converter_msgs/local_setup.zsh
[1.151s] -- Up-to-date: /home/manuel/buggy_ws_beta.a/install/costmap_converter_msgs/share/costmap_converter_msgs/local_setup.dsv
[1.151s] -- Installing: /home/manuel/buggy_ws_beta.a/install/costmap_converter_msgs/share/costmap_converter_msgs/package.dsv
[1.151s] -- Up-to-date: /home/manuel/buggy_ws_beta.a/install/costmap_converter_msgs/share/ament_index/resource_index/packages/costmap_converter_msgs
[1.152s] -- Up-to-date: /home/manuel/buggy_ws_beta.a/install/costmap_converter_msgs/share/costmap_converter_msgs/cmake/costmap_converter_msgs__rosidl_generator_cExport.cmake
[1.152s] -- Up-to-date: /home/manuel/buggy_ws_beta.a/install/costmap_converter_msgs/share/costmap_converter_msgs/cmake/costmap_converter_msgs__rosidl_generator_cExport-noconfig.cmake
[1.152s] -- Up-to-date: /home/manuel/buggy_ws_beta.a/install/costmap_converter_msgs/share/costmap_converter_msgs/cmake/costmap_converter_msgs__rosidl_typesupport_introspection_cExport.cmake
[1.152s] -- Up-to-date: /home/manuel/buggy_ws_beta.a/install/costmap_converter_msgs/share/costmap_converter_msgs/cmake/costmap_converter_msgs__rosidl_typesupport_introspection_cExport-noconfig.cmake
[1.152s] -- Up-to-date: /home/manuel/buggy_ws_beta.a/install/costmap_converter_msgs/share/costmap_converter_msgs/cmake/costmap_converter_msgs__rosidl_typesupport_cExport.cmake
[1.152s] -- Up-to-date: /home/manuel/buggy_ws_beta.a/install/costmap_converter_msgs/share/costmap_converter_msgs/cmake/costmap_converter_msgs__rosidl_typesupport_cExport-noconfig.cmake
[1.152s] -- Up-to-date: /home/manuel/buggy_ws_beta.a/install/costmap_converter_msgs/share/costmap_converter_msgs/cmake/costmap_converter_msgs__rosidl_generator_cppExport.cmake
[1.152s] -- Up-to-date: /home/manuel/buggy_ws_beta.a/install/costmap_converter_msgs/share/costmap_converter_msgs/cmake/costmap_converter_msgs__rosidl_typesupport_introspection_cppExport.cmake
[1.152s] -- Up-to-date: /home/manuel/buggy_ws_beta.a/install/costmap_converter_msgs/share/costmap_converter_msgs/cmake/costmap_converter_msgs__rosidl_typesupport_introspection_cppExport-noconfig.cmake
[1.152s] -- Up-to-date: /home/manuel/buggy_ws_beta.a/install/costmap_converter_msgs/share/costmap_converter_msgs/cmake/costmap_converter_msgs__rosidl_typesupport_cppExport.cmake
[1.152s] -- Up-to-date: /home/manuel/buggy_ws_beta.a/install/costmap_converter_msgs/share/costmap_converter_msgs/cmake/costmap_converter_msgs__rosidl_typesupport_cppExport-noconfig.cmake
[1.153s] -- Up-to-date: /home/manuel/buggy_ws_beta.a/install/costmap_converter_msgs/share/costmap_converter_msgs/cmake/rosidl_cmake-extras.cmake
[1.153s] -- Up-to-date: /home/manuel/buggy_ws_beta.a/install/costmap_converter_msgs/share/costmap_converter_msgs/cmake/ament_cmake_export_dependencies-extras.cmake
[1.153s] -- Up-to-date: /home/manuel/buggy_ws_beta.a/install/costmap_converter_msgs/share/costmap_converter_msgs/cmake/ament_cmake_export_libraries-extras.cmake
[1.156s] -- Up-to-date: /home/manuel/buggy_ws_beta.a/install/costmap_converter_msgs/share/costmap_converter_msgs/cmake/ament_cmake_export_targets-extras.cmake
[1.156s] -- Up-to-date: /home/manuel/buggy_ws_beta.a/install/costmap_converter_msgs/share/costmap_converter_msgs/cmake/ament_cmake_export_include_directories-extras.cmake
[1.156s] -- Up-to-date: /home/manuel/buggy_ws_beta.a/install/costmap_converter_msgs/share/costmap_converter_msgs/cmake/rosidl_cmake_export_typesupport_libraries-extras.cmake
[1.156s] -- Up-to-date: /home/manuel/buggy_ws_beta.a/install/costmap_converter_msgs/share/costmap_converter_msgs/cmake/rosidl_cmake_export_typesupport_targets-extras.cmake
[1.156s] -- Up-to-date: /home/manuel/buggy_ws_beta.a/install/costmap_converter_msgs/share/costmap_converter_msgs/cmake/costmap_converter_msgsConfig.cmake
[1.157s] -- Up-to-date: /home/manuel/buggy_ws_beta.a/install/costmap_converter_msgs/share/costmap_converter_msgs/cmake/costmap_converter_msgsConfig-version.cmake
[1.157s] -- Up-to-date: /home/manuel/buggy_ws_beta.a/install/costmap_converter_msgs/share/costmap_converter_msgs/package.xml
[1.251s] Invoked command in '/home/manuel/buggy_ws_beta.a/build/costmap_converter_msgs' returned '0': CMAKE_PREFIX_PATH=${CMAKE_PREFIX_PATH}:/home/manuel/buggy_ws_beta.a/install/joint_state_publisher_gui:/home/manuel/buggy_ws_beta.a/install/joint_state_publisher:/home/manuel/buggy_ws_beta.a/install/ackermann_odometry:/home/manuel/buggy_ws_beta.a/install/ackermann_controller:/home/manuel/buggy_space/install/joint_state_publisher_gui:/home/manuel/buggy_space/install/joint_state_publisher:/home/manuel/buggy_space/install/ackermann_odometry:/home/manuel/buggy_space/install/ackermann_controller:/opt/ros/foxy /usr/bin/cmake --install /home/manuel/buggy_ws_beta.a/build/costmap_converter_msgs
