[100%] Built target ros2socketcan_lib
-- Install configuration: ""
-- Up-to-date: /home/manuel/buggy_ws_beta.a/install/ros2socketcan_lib/include/ros2socketcan_lib
-- Up-to-date: /home/manuel/buggy_ws_beta.a/install/ros2socketcan_lib/include/ros2socketcan_lib/ros2socketcan.h
-- Up-to-date: /home/manuel/buggy_ws_beta.a/install/ros2socketcan_lib/lib/ros2socketcan_lib/libros2socketcan_lib.a
-- Up-to-date: /home/manuel/buggy_ws_beta.a/install/ros2socketcan_lib/share/ament_index/resource_index/package_run_dependencies/ros2socketcan_lib
-- Up-to-date: /home/manuel/buggy_ws_beta.a/install/ros2socketcan_lib/share/ament_index/resource_index/parent_prefix_path/ros2socketcan_lib
-- Up-to-date: /home/manuel/buggy_ws_beta.a/install/ros2socketcan_lib/share/ros2socketcan_lib/environment/ament_prefix_path.sh
-- Up-to-date: /home/manuel/buggy_ws_beta.a/install/ros2socketcan_lib/share/ros2socketcan_lib/environment/ament_prefix_path.dsv
-- Up-to-date: /home/manuel/buggy_ws_beta.a/install/ros2socketcan_lib/share/ros2socketcan_lib/environment/path.sh
-- Up-to-date: /home/manuel/buggy_ws_beta.a/install/ros2socketcan_lib/share/ros2socketcan_lib/environment/path.dsv
-- Up-to-date: /home/manuel/buggy_ws_beta.a/install/ros2socketcan_lib/share/ros2socketcan_lib/local_setup.bash
-- Up-to-date: /home/manuel/buggy_ws_beta.a/install/ros2socketcan_lib/share/ros2socketcan_lib/local_setup.sh
-- Up-to-date: /home/manuel/buggy_ws_beta.a/install/ros2socketcan_lib/share/ros2socketcan_lib/local_setup.zsh
-- Up-to-date: /home/manuel/buggy_ws_beta.a/install/ros2socketcan_lib/share/ros2socketcan_lib/local_setup.dsv
-- Installing: /home/manuel/buggy_ws_beta.a/install/ros2socketcan_lib/share/ros2socketcan_lib/package.dsv
-- Up-to-date: /home/manuel/buggy_ws_beta.a/install/ros2socketcan_lib/share/ament_index/resource_index/packages/ros2socketcan_lib
-- Up-to-date: /home/manuel/buggy_ws_beta.a/install/ros2socketcan_lib/share/ros2socketcan_lib/cmake/ament_cmake_export_include_directories-extras.cmake
-- Up-to-date: /home/manuel/buggy_ws_beta.a/install/ros2socketcan_lib/share/ros2socketcan_lib/cmake/ament_cmake_export_dependencies-extras.cmake
-- Up-to-date: /home/manuel/buggy_ws_beta.a/install/ros2socketcan_lib/share/ros2socketcan_lib/cmake/ros2socketcan_libConfig.cmake
-- Up-to-date: /home/manuel/buggy_ws_beta.a/install/ros2socketcan_lib/share/ros2socketcan_lib/cmake/ros2socketcan_libConfig-version.cmake
-- Up-to-date: /home/manuel/buggy_ws_beta.a/install/ros2socketcan_lib/share/ros2socketcan_lib/package.xml
