[0.154s] Invoking command in '/home/manuel/buggy_ws_beta.a/build/camera_calibration_parsers': CMAKE_PREFIX_PATH=${CMAKE_PREFIX_PATH}:/home/manuel/buggy_ws_beta.a/install/joint_state_publisher_gui:/home/manuel/buggy_ws_beta.a/install/joint_state_publisher:/home/manuel/buggy_ws_beta.a/install/ackermann_odometry:/home/manuel/buggy_ws_beta.a/install/ackermann_controller:/home/manuel/buggy_space/install/joint_state_publisher_gui:/home/manuel/buggy_space/install/joint_state_publisher:/home/manuel/buggy_space/install/ackermann_odometry:/home/manuel/buggy_space/install/ackermann_controller:/opt/ros/foxy /usr/bin/cmake --build /home/manuel/buggy_ws_beta.a/build/camera_calibration_parsers -- -j16 -l16
[0.616s] [ 14%] Built target gtest
[0.617s] [ 28%] Built target gtest_main
[0.617s] [ 57%] Built target camera_calibration_parsers
[0.617s] [ 71%] Built target camera_calibration_parsers-parse_yml
[0.619s] [ 85%] Built target convert
[0.620s] [100%] Built target camera_calibration_parsers-parse_ini
[0.632s] Invoked command in '/home/manuel/buggy_ws_beta.a/build/camera_calibration_parsers' returned '0': CMAKE_PREFIX_PATH=${CMAKE_PREFIX_PATH}:/home/manuel/buggy_ws_beta.a/install/joint_state_publisher_gui:/home/manuel/buggy_ws_beta.a/install/joint_state_publisher:/home/manuel/buggy_ws_beta.a/install/ackermann_odometry:/home/manuel/buggy_ws_beta.a/install/ackermann_controller:/home/manuel/buggy_space/install/joint_state_publisher_gui:/home/manuel/buggy_space/install/joint_state_publisher:/home/manuel/buggy_space/install/ackermann_odometry:/home/manuel/buggy_space/install/ackermann_controller:/opt/ros/foxy /usr/bin/cmake --build /home/manuel/buggy_ws_beta.a/build/camera_calibration_parsers -- -j16 -l16
[0.765s] Invoking command in '/home/manuel/buggy_ws_beta.a/build/camera_calibration_parsers': CMAKE_PREFIX_PATH=${CMAKE_PREFIX_PATH}:/home/manuel/buggy_ws_beta.a/install/joint_state_publisher_gui:/home/manuel/buggy_ws_beta.a/install/joint_state_publisher:/home/manuel/buggy_ws_beta.a/install/ackermann_odometry:/home/manuel/buggy_ws_beta.a/install/ackermann_controller:/home/manuel/buggy_space/install/joint_state_publisher_gui:/home/manuel/buggy_space/install/joint_state_publisher:/home/manuel/buggy_space/install/ackermann_odometry:/home/manuel/buggy_space/install/ackermann_controller:/opt/ros/foxy /usr/bin/cmake --install /home/manuel/buggy_ws_beta.a/build/camera_calibration_parsers
[0.780s] -- Install configuration: ""
[0.780s] -- Up-to-date: /home/manuel/buggy_ws_beta.a/install/camera_calibration_parsers/lib/libcamera_calibration_parsers.so
[0.782s] -- Up-to-date: /home/manuel/buggy_ws_beta.a/install/camera_calibration_parsers/lib/camera_calibration_parsers/convert
[0.782s] -- Up-to-date: /home/manuel/buggy_ws_beta.a/install/camera_calibration_parsers/include
[0.782s] -- Up-to-date: /home/manuel/buggy_ws_beta.a/install/camera_calibration_parsers/include/camera_calibration_parsers
[0.782s] -- Up-to-date: /home/manuel/buggy_ws_beta.a/install/camera_calibration_parsers/include/camera_calibration_parsers/parse.h
[0.782s] -- Up-to-date: /home/manuel/buggy_ws_beta.a/install/camera_calibration_parsers/include/camera_calibration_parsers/parse.hpp
[0.782s] -- Up-to-date: /home/manuel/buggy_ws_beta.a/install/camera_calibration_parsers/include/camera_calibration_parsers/parse_yml.h
[0.782s] -- Up-to-date: /home/manuel/buggy_ws_beta.a/install/camera_calibration_parsers/include/camera_calibration_parsers/parse_ini.hpp
[0.782s] -- Up-to-date: /home/manuel/buggy_ws_beta.a/install/camera_calibration_parsers/include/camera_calibration_parsers/parse_yml.hpp
[0.782s] -- Up-to-date: /home/manuel/buggy_ws_beta.a/install/camera_calibration_parsers/include/camera_calibration_parsers/visibility_control.hpp
[0.783s] -- Up-to-date: /home/manuel/buggy_ws_beta.a/install/camera_calibration_parsers/include/camera_calibration_parsers/parse_ini.h
[0.783s] -- Up-to-date: /home/manuel/buggy_ws_beta.a/install/camera_calibration_parsers/share/camera_calibration_parsers/environment/library_path.sh
[0.783s] -- Up-to-date: /home/manuel/buggy_ws_beta.a/install/camera_calibration_parsers/share/camera_calibration_parsers/environment/library_path.dsv
[0.783s] -- Up-to-date: /home/manuel/buggy_ws_beta.a/install/camera_calibration_parsers/share/ament_index/resource_index/package_run_dependencies/camera_calibration_parsers
[0.783s] -- Up-to-date: /home/manuel/buggy_ws_beta.a/install/camera_calibration_parsers/share/ament_index/resource_index/parent_prefix_path/camera_calibration_parsers
[0.783s] -- Up-to-date: /home/manuel/buggy_ws_beta.a/install/camera_calibration_parsers/share/camera_calibration_parsers/environment/ament_prefix_path.sh
[0.783s] -- Up-to-date: /home/manuel/buggy_ws_beta.a/install/camera_calibration_parsers/share/camera_calibration_parsers/environment/ament_prefix_path.dsv
[0.783s] -- Up-to-date: /home/manuel/buggy_ws_beta.a/install/camera_calibration_parsers/share/camera_calibration_parsers/environment/path.sh
[0.786s] -- Up-to-date: /home/manuel/buggy_ws_beta.a/install/camera_calibration_parsers/share/camera_calibration_parsers/environment/path.dsv
[0.787s] -- Up-to-date: /home/manuel/buggy_ws_beta.a/install/camera_calibration_parsers/share/camera_calibration_parsers/local_setup.bash
[0.787s] -- Up-to-date: /home/manuel/buggy_ws_beta.a/install/camera_calibration_parsers/share/camera_calibration_parsers/local_setup.sh
[0.787s] -- Up-to-date: /home/manuel/buggy_ws_beta.a/install/camera_calibration_parsers/share/camera_calibration_parsers/local_setup.zsh
[0.787s] -- Up-to-date: /home/manuel/buggy_ws_beta.a/install/camera_calibration_parsers/share/camera_calibration_parsers/local_setup.dsv
[0.787s] -- Installing: /home/manuel/buggy_ws_beta.a/install/camera_calibration_parsers/share/camera_calibration_parsers/package.dsv
[0.788s] -- Up-to-date: /home/manuel/buggy_ws_beta.a/install/camera_calibration_parsers/share/ament_index/resource_index/packages/camera_calibration_parsers
[0.789s] -- Up-to-date: /home/manuel/buggy_ws_beta.a/install/camera_calibration_parsers/share/camera_calibration_parsers/cmake/ament_cmake_export_include_directories-extras.cmake
[0.789s] -- Up-to-date: /home/manuel/buggy_ws_beta.a/install/camera_calibration_parsers/share/camera_calibration_parsers/cmake/ament_cmake_export_libraries-extras.cmake
[0.789s] -- Up-to-date: /home/manuel/buggy_ws_beta.a/install/camera_calibration_parsers/share/camera_calibration_parsers/cmake/ament_cmake_export_dependencies-extras.cmake
[0.789s] -- Up-to-date: /home/manuel/buggy_ws_beta.a/install/camera_calibration_parsers/share/camera_calibration_parsers/cmake/camera_calibration_parsersConfig.cmake
[0.789s] -- Up-to-date: /home/manuel/buggy_ws_beta.a/install/camera_calibration_parsers/share/camera_calibration_parsers/cmake/camera_calibration_parsersConfig-version.cmake
[0.789s] -- Up-to-date: /home/manuel/buggy_ws_beta.a/install/camera_calibration_parsers/share/camera_calibration_parsers/package.xml
[0.810s] Invoked command in '/home/manuel/buggy_ws_beta.a/build/camera_calibration_parsers' returned '0': CMAKE_PREFIX_PATH=${CMAKE_PREFIX_PATH}:/home/manuel/buggy_ws_beta.a/install/joint_state_publisher_gui:/home/manuel/buggy_ws_beta.a/install/joint_state_publisher:/home/manuel/buggy_ws_beta.a/install/ackermann_odometry:/home/manuel/buggy_ws_beta.a/install/ackermann_controller:/home/manuel/buggy_space/install/joint_state_publisher_gui:/home/manuel/buggy_space/install/joint_state_publisher:/home/manuel/buggy_space/install/ackermann_odometry:/home/manuel/buggy_space/install/ackermann_controller:/opt/ros/foxy /usr/bin/cmake --install /home/manuel/buggy_ws_beta.a/build/camera_calibration_parsers
