[0.146s] Invoking command in '/home/manuel/buggy_ws_beta.a/build/velodyne_msgs': CMAKE_PREFIX_PATH=${CMAKE_PREFIX_PATH}:/home/manuel/buggy_ws_beta.a/install/joint_state_publisher_gui:/home/manuel/buggy_ws_beta.a/install/joint_state_publisher:/home/manuel/buggy_ws_beta.a/install/ackermann_odometry:/home/manuel/buggy_ws_beta.a/install/ackermann_controller:/home/manuel/buggy_space/install/joint_state_publisher_gui:/home/manuel/buggy_space/install/joint_state_publisher:/home/manuel/buggy_space/install/ackermann_odometry:/home/manuel/buggy_space/install/ackermann_controller:/opt/ros/foxy /usr/bin/cmake --build /home/manuel/buggy_ws_beta.a/build/velodyne_msgs -- -j16 -l16
[0.597s] [  2%] Built target velodyne_msgs__cpp
[0.597s] [ 12%] Built target velodyne_msgs__rosidl_generator_c
[0.598s] [ 23%] Built target velodyne_msgs__rosidl_typesupport_introspection_c
[0.599s] [ 33%] Built target velodyne_msgs__rosidl_typesupport_cpp
[0.599s] [ 43%] Built target velodyne_msgs__rosidl_typesupport_introspection_cpp
[0.599s] [ 53%] Built target velodyne_msgs__rosidl_typesupport_fastrtps_cpp
[0.599s] [ 64%] Built target velodyne_msgs__rosidl_typesupport_c
[0.600s] [ 74%] Built target velodyne_msgs__rosidl_typesupport_fastrtps_c
[0.600s] [ 74%] Built target velodyne_msgs
[0.600s] [ 76%] Built target velodyne_msgs__py
[0.600s] [ 84%] Built target velodyne_msgs__python
[0.600s] [ 89%] Built target velodyne_msgs__rosidl_typesupport_introspection_c__pyext
[0.600s] [ 94%] Built target velodyne_msgs__rosidl_typesupport_fastrtps_c__pyext
[0.600s] [100%] Built target velodyne_msgs__rosidl_typesupport_c__pyext
[0.609s] Invoked command in '/home/manuel/buggy_ws_beta.a/build/velodyne_msgs' returned '0': CMAKE_PREFIX_PATH=${CMAKE_PREFIX_PATH}:/home/manuel/buggy_ws_beta.a/install/joint_state_publisher_gui:/home/manuel/buggy_ws_beta.a/install/joint_state_publisher:/home/manuel/buggy_ws_beta.a/install/ackermann_odometry:/home/manuel/buggy_ws_beta.a/install/ackermann_controller:/home/manuel/buggy_space/install/joint_state_publisher_gui:/home/manuel/buggy_space/install/joint_state_publisher:/home/manuel/buggy_space/install/ackermann_odometry:/home/manuel/buggy_space/install/ackermann_controller:/opt/ros/foxy /usr/bin/cmake --build /home/manuel/buggy_ws_beta.a/build/velodyne_msgs -- -j16 -l16
[0.850s] Invoking command in '/home/manuel/buggy_ws_beta.a/build/velodyne_msgs': CMAKE_PREFIX_PATH=${CMAKE_PREFIX_PATH}:/home/manuel/buggy_ws_beta.a/install/joint_state_publisher_gui:/home/manuel/buggy_ws_beta.a/install/joint_state_publisher:/home/manuel/buggy_ws_beta.a/install/ackermann_odometry:/home/manuel/buggy_ws_beta.a/install/ackermann_controller:/home/manuel/buggy_space/install/joint_state_publisher_gui:/home/manuel/buggy_space/install/joint_state_publisher:/home/manuel/buggy_space/install/ackermann_odometry:/home/manuel/buggy_space/install/ackermann_controller:/opt/ros/foxy /usr/bin/cmake --install /home/manuel/buggy_ws_beta.a/build/velodyne_msgs
[0.873s] -- Install configuration: ""
[0.873s] -- Up-to-date: /home/manuel/buggy_ws_beta.a/install/velodyne_msgs/share/ament_index/resource_index/rosidl_interfaces/velodyne_msgs
[0.873s] -- Up-to-date: /home/manuel/buggy_ws_beta.a/install/velodyne_msgs/include/velodyne_msgs
[0.874s] -- Up-to-date: /home/manuel/buggy_ws_beta.a/install/velodyne_msgs/include/velodyne_msgs/msg
[0.874s] -- Up-to-date: /home/manuel/buggy_ws_beta.a/install/velodyne_msgs/include/velodyne_msgs/msg/detail
[0.874s] -- Up-to-date: /home/manuel/buggy_ws_beta.a/install/velodyne_msgs/include/velodyne_msgs/msg/detail/velodyne_scan__struct.h
[0.874s] -- Up-to-date: /home/manuel/buggy_ws_beta.a/install/velodyne_msgs/include/velodyne_msgs/msg/detail/velodyne_packet__struct.h
[0.874s] -- Up-to-date: /home/manuel/buggy_ws_beta.a/install/velodyne_msgs/include/velodyne_msgs/msg/detail/velodyne_scan__functions.h
[0.874s] -- Up-to-date: /home/manuel/buggy_ws_beta.a/install/velodyne_msgs/include/velodyne_msgs/msg/detail/velodyne_scan__type_support.h
[0.874s] -- Up-to-date: /home/manuel/buggy_ws_beta.a/install/velodyne_msgs/include/velodyne_msgs/msg/detail/velodyne_packet__functions.c
[0.874s] -- Up-to-date: /home/manuel/buggy_ws_beta.a/install/velodyne_msgs/include/velodyne_msgs/msg/detail/velodyne_packet__functions.h
[0.875s] -- Up-to-date: /home/manuel/buggy_ws_beta.a/install/velodyne_msgs/include/velodyne_msgs/msg/detail/velodyne_scan__functions.c
[0.875s] -- Up-to-date: /home/manuel/buggy_ws_beta.a/install/velodyne_msgs/include/velodyne_msgs/msg/detail/velodyne_packet__type_support.h
[0.875s] -- Up-to-date: /home/manuel/buggy_ws_beta.a/install/velodyne_msgs/include/velodyne_msgs/msg/velodyne_scan.h
[0.875s] -- Up-to-date: /home/manuel/buggy_ws_beta.a/install/velodyne_msgs/include/velodyne_msgs/msg/rosidl_generator_c__visibility_control.h
[0.875s] -- Up-to-date: /home/manuel/buggy_ws_beta.a/install/velodyne_msgs/include/velodyne_msgs/msg/velodyne_packet.h
[0.875s] -- Up-to-date: /home/manuel/buggy_ws_beta.a/install/velodyne_msgs/share/velodyne_msgs/environment/library_path.sh
[0.875s] -- Up-to-date: /home/manuel/buggy_ws_beta.a/install/velodyne_msgs/share/velodyne_msgs/environment/library_path.dsv
[0.875s] -- Up-to-date: /home/manuel/buggy_ws_beta.a/install/velodyne_msgs/lib/libvelodyne_msgs__rosidl_generator_c.so
[0.875s] -- Up-to-date: /home/manuel/buggy_ws_beta.a/install/velodyne_msgs/include/velodyne_msgs
[0.876s] -- Up-to-date: /home/manuel/buggy_ws_beta.a/install/velodyne_msgs/include/velodyne_msgs/msg
[0.876s] -- Up-to-date: /home/manuel/buggy_ws_beta.a/install/velodyne_msgs/include/velodyne_msgs/msg/detail
[0.876s] -- Up-to-date: /home/manuel/buggy_ws_beta.a/install/velodyne_msgs/include/velodyne_msgs/msg/detail/velodyne_scan__rosidl_typesupport_fastrtps_c.h
[0.876s] -- Up-to-date: /home/manuel/buggy_ws_beta.a/install/velodyne_msgs/include/velodyne_msgs/msg/detail/velodyne_packet__rosidl_typesupport_fastrtps_c.h
[0.876s] -- Up-to-date: /home/manuel/buggy_ws_beta.a/install/velodyne_msgs/include/velodyne_msgs/msg/rosidl_typesupport_fastrtps_c__visibility_control.h
[0.876s] -- Up-to-date: /home/manuel/buggy_ws_beta.a/install/velodyne_msgs/lib/libvelodyne_msgs__rosidl_typesupport_fastrtps_c.so
[0.876s] -- Up-to-date: /home/manuel/buggy_ws_beta.a/install/velodyne_msgs/include/velodyne_msgs
[0.877s] -- Up-to-date: /home/manuel/buggy_ws_beta.a/install/velodyne_msgs/include/velodyne_msgs/msg
[0.877s] -- Up-to-date: /home/manuel/buggy_ws_beta.a/install/velodyne_msgs/include/velodyne_msgs/msg/detail
[0.877s] -- Up-to-date: /home/manuel/buggy_ws_beta.a/install/velodyne_msgs/include/velodyne_msgs/msg/detail/dds_fastrtps
[0.877s] -- Up-to-date: /home/manuel/buggy_ws_beta.a/install/velodyne_msgs/include/velodyne_msgs/msg/detail/velodyne_scan__rosidl_typesupport_fastrtps_cpp.hpp
[0.877s] -- Up-to-date: /home/manuel/buggy_ws_beta.a/install/velodyne_msgs/include/velodyne_msgs/msg/detail/velodyne_packet__rosidl_typesupport_fastrtps_cpp.hpp
[0.877s] -- Up-to-date: /home/manuel/buggy_ws_beta.a/install/velodyne_msgs/include/velodyne_msgs/msg/rosidl_typesupport_fastrtps_cpp__visibility_control.h
[0.877s] -- Up-to-date: /home/manuel/buggy_ws_beta.a/install/velodyne_msgs/lib/libvelodyne_msgs__rosidl_typesupport_fastrtps_cpp.so
[0.877s] -- Up-to-date: /home/manuel/buggy_ws_beta.a/install/velodyne_msgs/include/velodyne_msgs
[0.877s] -- Up-to-date: /home/manuel/buggy_ws_beta.a/install/velodyne_msgs/include/velodyne_msgs/msg
[0.877s] -- Up-to-date: /home/manuel/buggy_ws_beta.a/install/velodyne_msgs/include/velodyne_msgs/msg/detail
[0.878s] -- Up-to-date: /home/manuel/buggy_ws_beta.a/install/velodyne_msgs/include/velodyne_msgs/msg/detail/velodyne_packet__type_support.c
[0.878s] -- Up-to-date: /home/manuel/buggy_ws_beta.a/install/velodyne_msgs/include/velodyne_msgs/msg/detail/velodyne_scan__type_support.c
[0.878s] -- Up-to-date: /home/manuel/buggy_ws_beta.a/install/velodyne_msgs/include/velodyne_msgs/msg/detail/velodyne_packet__rosidl_typesupport_introspection_c.h
[0.878s] -- Up-to-date: /home/manuel/buggy_ws_beta.a/install/velodyne_msgs/include/velodyne_msgs/msg/detail/velodyne_scan__rosidl_typesupport_introspection_c.h
[0.878s] -- Up-to-date: /home/manuel/buggy_ws_beta.a/install/velodyne_msgs/include/velodyne_msgs/msg/rosidl_typesupport_introspection_c__visibility_control.h
[0.878s] -- Up-to-date: /home/manuel/buggy_ws_beta.a/install/velodyne_msgs/lib/libvelodyne_msgs__rosidl_typesupport_introspection_c.so
[0.878s] -- Up-to-date: /home/manuel/buggy_ws_beta.a/install/velodyne_msgs/lib/libvelodyne_msgs__rosidl_typesupport_c.so
[0.879s] -- Up-to-date: /home/manuel/buggy_ws_beta.a/install/velodyne_msgs/include/velodyne_msgs
[0.879s] -- Up-to-date: /home/manuel/buggy_ws_beta.a/install/velodyne_msgs/include/velodyne_msgs/msg
[0.879s] -- Up-to-date: /home/manuel/buggy_ws_beta.a/install/velodyne_msgs/include/velodyne_msgs/msg/detail
[0.879s] -- Up-to-date: /home/manuel/buggy_ws_beta.a/install/velodyne_msgs/include/velodyne_msgs/msg/detail/velodyne_scan__builder.hpp
[0.879s] -- Up-to-date: /home/manuel/buggy_ws_beta.a/install/velodyne_msgs/include/velodyne_msgs/msg/detail/velodyne_scan__struct.hpp
[0.879s] -- Up-to-date: /home/manuel/buggy_ws_beta.a/install/velodyne_msgs/include/velodyne_msgs/msg/detail/velodyne_packet__builder.hpp
[0.880s] -- Up-to-date: /home/manuel/buggy_ws_beta.a/install/velodyne_msgs/include/velodyne_msgs/msg/detail/velodyne_scan__traits.hpp
[0.880s] -- Up-to-date: /home/manuel/buggy_ws_beta.a/install/velodyne_msgs/include/velodyne_msgs/msg/detail/velodyne_packet__traits.hpp
[0.880s] -- Up-to-date: /home/manuel/buggy_ws_beta.a/install/velodyne_msgs/include/velodyne_msgs/msg/detail/velodyne_packet__struct.hpp
[0.880s] -- Up-to-date: /home/manuel/buggy_ws_beta.a/install/velodyne_msgs/include/velodyne_msgs/msg/velodyne_scan.hpp
[0.880s] -- Up-to-date: /home/manuel/buggy_ws_beta.a/install/velodyne_msgs/include/velodyne_msgs/msg/velodyne_packet.hpp
[0.880s] -- Up-to-date: /home/manuel/buggy_ws_beta.a/install/velodyne_msgs/include/velodyne_msgs
[0.880s] -- Up-to-date: /home/manuel/buggy_ws_beta.a/install/velodyne_msgs/include/velodyne_msgs/msg
[0.880s] -- Up-to-date: /home/manuel/buggy_ws_beta.a/install/velodyne_msgs/include/velodyne_msgs/msg/detail
[0.880s] -- Up-to-date: /home/manuel/buggy_ws_beta.a/install/velodyne_msgs/include/velodyne_msgs/msg/detail/velodyne_scan__type_support.cpp
[0.881s] -- Up-to-date: /home/manuel/buggy_ws_beta.a/install/velodyne_msgs/include/velodyne_msgs/msg/detail/velodyne_packet__rosidl_typesupport_introspection_cpp.hpp
[0.881s] -- Up-to-date: /home/manuel/buggy_ws_beta.a/install/velodyne_msgs/include/velodyne_msgs/msg/detail/velodyne_scan__rosidl_typesupport_introspection_cpp.hpp
[0.881s] -- Up-to-date: /home/manuel/buggy_ws_beta.a/install/velodyne_msgs/include/velodyne_msgs/msg/detail/velodyne_packet__type_support.cpp
[0.881s] -- Up-to-date: /home/manuel/buggy_ws_beta.a/install/velodyne_msgs/lib/libvelodyne_msgs__rosidl_typesupport_introspection_cpp.so
[0.881s] -- Up-to-date: /home/manuel/buggy_ws_beta.a/install/velodyne_msgs/lib/libvelodyne_msgs__rosidl_typesupport_cpp.so
[0.881s] -- Up-to-date: /home/manuel/buggy_ws_beta.a/install/velodyne_msgs/share/velodyne_msgs/environment/pythonpath.sh
[0.881s] -- Up-to-date: /home/manuel/buggy_ws_beta.a/install/velodyne_msgs/share/velodyne_msgs/environment/pythonpath.dsv
[0.881s] -- Up-to-date: /home/manuel/buggy_ws_beta.a/install/velodyne_msgs/lib/python3.8/site-packages/velodyne_msgs/__init__.py
[0.993s] -- Up-to-date: /home/manuel/buggy_ws_beta.a/install/velodyne_msgs/lib/python3.8/site-packages/velodyne_msgs/msg
[1.006s] -- Up-to-date: /home/manuel/buggy_ws_beta.a/install/velodyne_msgs/lib/python3.8/site-packages/velodyne_msgs/msg/_velodyne_scan_s.c
[1.007s] -- Up-to-date: /home/manuel/buggy_ws_beta.a/install/velodyne_msgs/lib/python3.8/site-packages/velodyne_msgs/msg/_velodyne_packet.py
[1.007s] -- Up-to-date: /home/manuel/buggy_ws_beta.a/install/velodyne_msgs/lib/python3.8/site-packages/velodyne_msgs/msg/_velodyne_scan.py
[1.007s] -- Up-to-date: /home/manuel/buggy_ws_beta.a/install/velodyne_msgs/lib/python3.8/site-packages/velodyne_msgs/msg/__init__.py
[1.007s] -- Up-to-date: /home/manuel/buggy_ws_beta.a/install/velodyne_msgs/lib/python3.8/site-packages/velodyne_msgs/msg/_velodyne_packet_s.c
[1.007s] -- Up-to-date: /home/manuel/buggy_ws_beta.a/install/velodyne_msgs/lib/python3.8/site-packages/velodyne_msgs/velodyne_msgs_s__rosidl_typesupport_fastrtps_c.cpython-38-x86_64-linux-gnu.so
[1.007s] -- Up-to-date: /home/manuel/buggy_ws_beta.a/install/velodyne_msgs/lib/python3.8/site-packages/velodyne_msgs/velodyne_msgs_s__rosidl_typesupport_introspection_c.cpython-38-x86_64-linux-gnu.so
[1.007s] -- Up-to-date: /home/manuel/buggy_ws_beta.a/install/velodyne_msgs/lib/python3.8/site-packages/velodyne_msgs/velodyne_msgs_s__rosidl_typesupport_c.cpython-38-x86_64-linux-gnu.so
[1.007s] -- Up-to-date: /home/manuel/buggy_ws_beta.a/install/velodyne_msgs/lib/libvelodyne_msgs__python.so
[1.008s] -- Up-to-date: /home/manuel/buggy_ws_beta.a/install/velodyne_msgs/share/velodyne_msgs/msg/VelodynePacket.idl
[1.008s] -- Up-to-date: /home/manuel/buggy_ws_beta.a/install/velodyne_msgs/share/velodyne_msgs/msg/VelodyneScan.idl
[1.008s] -- Up-to-date: /home/manuel/buggy_ws_beta.a/install/velodyne_msgs/share/velodyne_msgs/msg/VelodynePacket.msg
[1.008s] -- Up-to-date: /home/manuel/buggy_ws_beta.a/install/velodyne_msgs/share/velodyne_msgs/msg/VelodyneScan.msg
[1.008s] -- Up-to-date: /home/manuel/buggy_ws_beta.a/install/velodyne_msgs/share/ament_index/resource_index/package_run_dependencies/velodyne_msgs
[1.008s] -- Up-to-date: /home/manuel/buggy_ws_beta.a/install/velodyne_msgs/share/ament_index/resource_index/parent_prefix_path/velodyne_msgs
[1.008s] -- Up-to-date: /home/manuel/buggy_ws_beta.a/install/velodyne_msgs/share/velodyne_msgs/environment/ament_prefix_path.sh
[1.008s] -- Up-to-date: /home/manuel/buggy_ws_beta.a/install/velodyne_msgs/share/velodyne_msgs/environment/ament_prefix_path.dsv
[1.008s] -- Up-to-date: /home/manuel/buggy_ws_beta.a/install/velodyne_msgs/share/velodyne_msgs/environment/path.sh
[1.008s] -- Up-to-date: /home/manuel/buggy_ws_beta.a/install/velodyne_msgs/share/velodyne_msgs/environment/path.dsv
[1.009s] -- Up-to-date: /home/manuel/buggy_ws_beta.a/install/velodyne_msgs/share/velodyne_msgs/local_setup.bash
[1.009s] -- Up-to-date: /home/manuel/buggy_ws_beta.a/install/velodyne_msgs/share/velodyne_msgs/local_setup.sh
[1.009s] -- Up-to-date: /home/manuel/buggy_ws_beta.a/install/velodyne_msgs/share/velodyne_msgs/local_setup.zsh
[1.009s] -- Up-to-date: /home/manuel/buggy_ws_beta.a/install/velodyne_msgs/share/velodyne_msgs/local_setup.dsv
[1.009s] -- Installing: /home/manuel/buggy_ws_beta.a/install/velodyne_msgs/share/velodyne_msgs/package.dsv
[1.009s] -- Up-to-date: /home/manuel/buggy_ws_beta.a/install/velodyne_msgs/share/ament_index/resource_index/packages/velodyne_msgs
[1.009s] -- Up-to-date: /home/manuel/buggy_ws_beta.a/install/velodyne_msgs/share/velodyne_msgs/cmake/velodyne_msgs__rosidl_generator_cExport.cmake
[1.009s] -- Up-to-date: /home/manuel/buggy_ws_beta.a/install/velodyne_msgs/share/velodyne_msgs/cmake/velodyne_msgs__rosidl_generator_cExport-noconfig.cmake
[1.009s] -- Up-to-date: /home/manuel/buggy_ws_beta.a/install/velodyne_msgs/share/velodyne_msgs/cmake/velodyne_msgs__rosidl_typesupport_introspection_cExport.cmake
[1.009s] -- Up-to-date: /home/manuel/buggy_ws_beta.a/install/velodyne_msgs/share/velodyne_msgs/cmake/velodyne_msgs__rosidl_typesupport_introspection_cExport-noconfig.cmake
[1.009s] -- Up-to-date: /home/manuel/buggy_ws_beta.a/install/velodyne_msgs/share/velodyne_msgs/cmake/velodyne_msgs__rosidl_typesupport_cExport.cmake
[1.010s] -- Up-to-date: /home/manuel/buggy_ws_beta.a/install/velodyne_msgs/share/velodyne_msgs/cmake/velodyne_msgs__rosidl_typesupport_cExport-noconfig.cmake
[1.012s] -- Up-to-date: /home/manuel/buggy_ws_beta.a/install/velodyne_msgs/share/velodyne_msgs/cmake/velodyne_msgs__rosidl_generator_cppExport.cmake
[1.013s] -- Up-to-date: /home/manuel/buggy_ws_beta.a/install/velodyne_msgs/share/velodyne_msgs/cmake/velodyne_msgs__rosidl_typesupport_introspection_cppExport.cmake
[1.013s] -- Up-to-date: /home/manuel/buggy_ws_beta.a/install/velodyne_msgs/share/velodyne_msgs/cmake/velodyne_msgs__rosidl_typesupport_introspection_cppExport-noconfig.cmake
[1.013s] -- Up-to-date: /home/manuel/buggy_ws_beta.a/install/velodyne_msgs/share/velodyne_msgs/cmake/velodyne_msgs__rosidl_typesupport_cppExport.cmake
[1.013s] -- Up-to-date: /home/manuel/buggy_ws_beta.a/install/velodyne_msgs/share/velodyne_msgs/cmake/velodyne_msgs__rosidl_typesupport_cppExport-noconfig.cmake
[1.013s] -- Up-to-date: /home/manuel/buggy_ws_beta.a/install/velodyne_msgs/share/velodyne_msgs/cmake/rosidl_cmake-extras.cmake
[1.013s] -- Up-to-date: /home/manuel/buggy_ws_beta.a/install/velodyne_msgs/share/velodyne_msgs/cmake/ament_cmake_export_dependencies-extras.cmake
[1.014s] -- Up-to-date: /home/manuel/buggy_ws_beta.a/install/velodyne_msgs/share/velodyne_msgs/cmake/ament_cmake_export_libraries-extras.cmake
[1.014s] -- Up-to-date: /home/manuel/buggy_ws_beta.a/install/velodyne_msgs/share/velodyne_msgs/cmake/ament_cmake_export_targets-extras.cmake
[1.015s] -- Up-to-date: /home/manuel/buggy_ws_beta.a/install/velodyne_msgs/share/velodyne_msgs/cmake/ament_cmake_export_include_directories-extras.cmake
[1.015s] -- Up-to-date: /home/manuel/buggy_ws_beta.a/install/velodyne_msgs/share/velodyne_msgs/cmake/rosidl_cmake_export_typesupport_libraries-extras.cmake
[1.015s] -- Up-to-date: /home/manuel/buggy_ws_beta.a/install/velodyne_msgs/share/velodyne_msgs/cmake/rosidl_cmake_export_typesupport_targets-extras.cmake
[1.015s] -- Up-to-date: /home/manuel/buggy_ws_beta.a/install/velodyne_msgs/share/velodyne_msgs/cmake/velodyne_msgsConfig.cmake
[1.015s] -- Up-to-date: /home/manuel/buggy_ws_beta.a/install/velodyne_msgs/share/velodyne_msgs/cmake/velodyne_msgsConfig-version.cmake
[1.015s] -- Up-to-date: /home/manuel/buggy_ws_beta.a/install/velodyne_msgs/share/velodyne_msgs/package.xml
[1.144s] Invoked command in '/home/manuel/buggy_ws_beta.a/build/velodyne_msgs' returned '0': CMAKE_PREFIX_PATH=${CMAKE_PREFIX_PATH}:/home/manuel/buggy_ws_beta.a/install/joint_state_publisher_gui:/home/manuel/buggy_ws_beta.a/install/joint_state_publisher:/home/manuel/buggy_ws_beta.a/install/ackermann_odometry:/home/manuel/buggy_ws_beta.a/install/ackermann_controller:/home/manuel/buggy_space/install/joint_state_publisher_gui:/home/manuel/buggy_space/install/joint_state_publisher:/home/manuel/buggy_space/install/ackermann_odometry:/home/manuel/buggy_space/install/ackermann_controller:/opt/ros/foxy /usr/bin/cmake --install /home/manuel/buggy_ws_beta.a/build/velodyne_msgs
