[0.498s] Invoking command in '/home/manuel/buggy_ws_beta.a/build/velodyne_laserscan': CMAKE_PREFIX_PATH=${CMAKE_PREFIX_PATH}:/home/manuel/buggy_ws_beta.a/install/joint_state_publisher_gui:/home/manuel/buggy_ws_beta.a/install/joint_state_publisher:/home/manuel/buggy_ws_beta.a/install/ackermann_odometry:/home/manuel/buggy_ws_beta.a/install/ackermann_controller:/home/manuel/buggy_space/install/joint_state_publisher_gui:/home/manuel/buggy_space/install/joint_state_publisher:/home/manuel/buggy_space/install/ackermann_odometry:/home/manuel/buggy_space/install/ackermann_controller:/opt/ros/foxy /usr/bin/cmake --build /home/manuel/buggy_ws_beta.a/build/velodyne_laserscan -- -j16 -l16
[0.577s] [ 50%] Built target velodyne_laserscan
[0.639s] [100%] Built target velodyne_laserscan_node
[0.670s] Invoked command in '/home/manuel/buggy_ws_beta.a/build/velodyne_laserscan' returned '0': CMAKE_PREFIX_PATH=${CMAKE_PREFIX_PATH}:/home/manuel/buggy_ws_beta.a/install/joint_state_publisher_gui:/home/manuel/buggy_ws_beta.a/install/joint_state_publisher:/home/manuel/buggy_ws_beta.a/install/ackermann_odometry:/home/manuel/buggy_ws_beta.a/install/ackermann_controller:/home/manuel/buggy_space/install/joint_state_publisher_gui:/home/manuel/buggy_space/install/joint_state_publisher:/home/manuel/buggy_space/install/ackermann_odometry:/home/manuel/buggy_space/install/ackermann_controller:/opt/ros/foxy /usr/bin/cmake --build /home/manuel/buggy_ws_beta.a/build/velodyne_laserscan -- -j16 -l16
[0.751s] Invoking command in '/home/manuel/buggy_ws_beta.a/build/velodyne_laserscan': CMAKE_PREFIX_PATH=${CMAKE_PREFIX_PATH}:/home/manuel/buggy_ws_beta.a/install/joint_state_publisher_gui:/home/manuel/buggy_ws_beta.a/install/joint_state_publisher:/home/manuel/buggy_ws_beta.a/install/ackermann_odometry:/home/manuel/buggy_ws_beta.a/install/ackermann_controller:/home/manuel/buggy_space/install/joint_state_publisher_gui:/home/manuel/buggy_space/install/joint_state_publisher:/home/manuel/buggy_space/install/ackermann_odometry:/home/manuel/buggy_space/install/ackermann_controller:/opt/ros/foxy /usr/bin/cmake --install /home/manuel/buggy_ws_beta.a/build/velodyne_laserscan
[0.822s] -- Install configuration: ""
[0.825s] -- Up-to-date: /home/manuel/buggy_ws_beta.a/install/velodyne_laserscan/lib/libvelodyne_laserscan.so
[0.825s] -- Up-to-date: /home/manuel/buggy_ws_beta.a/install/velodyne_laserscan/lib/velodyne_laserscan/velodyne_laserscan_node
[0.826s] -- Up-to-date: /home/manuel/buggy_ws_beta.a/install/velodyne_laserscan/include/velodyne_laserscan
[0.826s] -- Up-to-date: /home/manuel/buggy_ws_beta.a/install/velodyne_laserscan/include/velodyne_laserscan/velodyne_laserscan.hpp
[0.826s] -- Up-to-date: /home/manuel/buggy_ws_beta.a/install/velodyne_laserscan/share/velodyne_laserscan/config
[0.826s] -- Up-to-date: /home/manuel/buggy_ws_beta.a/install/velodyne_laserscan/share/velodyne_laserscan/config/default-velodyne_laserscan_node-params.yaml
[0.826s] -- Up-to-date: /home/manuel/buggy_ws_beta.a/install/velodyne_laserscan/share/velodyne_laserscan/launch
[0.826s] -- Up-to-date: /home/manuel/buggy_ws_beta.a/install/velodyne_laserscan/share/velodyne_laserscan/launch/velodyne_laserscan_node-launch.py
[0.826s] -- Up-to-date: /home/manuel/buggy_ws_beta.a/install/velodyne_laserscan/share/velodyne_laserscan/launch/velodyne_laserscan_node-composed-launch.py
[0.826s] -- Up-to-date: /home/manuel/buggy_ws_beta.a/install/velodyne_laserscan/share/ament_index/resource_index/package_run_dependencies/velodyne_laserscan
[0.826s] -- Up-to-date: /home/manuel/buggy_ws_beta.a/install/velodyne_laserscan/share/ament_index/resource_index/parent_prefix_path/velodyne_laserscan
[0.826s] -- Up-to-date: /home/manuel/buggy_ws_beta.a/install/velodyne_laserscan/share/velodyne_laserscan/environment/ament_prefix_path.sh
[0.826s] -- Up-to-date: /home/manuel/buggy_ws_beta.a/install/velodyne_laserscan/share/velodyne_laserscan/environment/ament_prefix_path.dsv
[0.826s] -- Up-to-date: /home/manuel/buggy_ws_beta.a/install/velodyne_laserscan/share/velodyne_laserscan/environment/path.sh
[0.827s] -- Up-to-date: /home/manuel/buggy_ws_beta.a/install/velodyne_laserscan/share/velodyne_laserscan/environment/path.dsv
[0.827s] -- Up-to-date: /home/manuel/buggy_ws_beta.a/install/velodyne_laserscan/share/velodyne_laserscan/local_setup.bash
[0.828s] -- Up-to-date: /home/manuel/buggy_ws_beta.a/install/velodyne_laserscan/share/velodyne_laserscan/local_setup.sh
[0.829s] -- Up-to-date: /home/manuel/buggy_ws_beta.a/install/velodyne_laserscan/share/velodyne_laserscan/local_setup.zsh
[0.829s] -- Up-to-date: /home/manuel/buggy_ws_beta.a/install/velodyne_laserscan/share/velodyne_laserscan/local_setup.dsv
[0.829s] -- Installing: /home/manuel/buggy_ws_beta.a/install/velodyne_laserscan/share/velodyne_laserscan/package.dsv
[0.829s] -- Up-to-date: /home/manuel/buggy_ws_beta.a/install/velodyne_laserscan/share/ament_index/resource_index/packages/velodyne_laserscan
[0.830s] -- Up-to-date: /home/manuel/buggy_ws_beta.a/install/velodyne_laserscan/share/ament_index/resource_index/rclcpp_components/velodyne_laserscan
[0.830s] -- Up-to-date: /home/manuel/buggy_ws_beta.a/install/velodyne_laserscan/share/velodyne_laserscan/cmake/velodyne_laserscanConfig.cmake
[0.830s] -- Up-to-date: /home/manuel/buggy_ws_beta.a/install/velodyne_laserscan/share/velodyne_laserscan/cmake/velodyne_laserscanConfig-version.cmake
[0.830s] -- Up-to-date: /home/manuel/buggy_ws_beta.a/install/velodyne_laserscan/share/velodyne_laserscan/package.xml
[0.927s] Invoked command in '/home/manuel/buggy_ws_beta.a/build/velodyne_laserscan' returned '0': CMAKE_PREFIX_PATH=${CMAKE_PREFIX_PATH}:/home/manuel/buggy_ws_beta.a/install/joint_state_publisher_gui:/home/manuel/buggy_ws_beta.a/install/joint_state_publisher:/home/manuel/buggy_ws_beta.a/install/ackermann_odometry:/home/manuel/buggy_ws_beta.a/install/ackermann_controller:/home/manuel/buggy_space/install/joint_state_publisher_gui:/home/manuel/buggy_space/install/joint_state_publisher:/home/manuel/buggy_space/install/ackermann_odometry:/home/manuel/buggy_space/install/ackermann_controller:/opt/ros/foxy /usr/bin/cmake --install /home/manuel/buggy_ws_beta.a/build/velodyne_laserscan
