[0.464s] Invoking command in '/home/manuel/buggy_ws_beta.a/build/robot_localization': CMAKE_PREFIX_PATH=${CMAKE_PREFIX_PATH}:/home/manuel/buggy_ws_beta.a/install/joint_state_publisher_gui:/home/manuel/buggy_ws_beta.a/install/joint_state_publisher:/home/manuel/buggy_ws_beta.a/install/ackermann_odometry:/home/manuel/buggy_ws_beta.a/install/ackermann_controller:/home/manuel/buggy_space/install/joint_state_publisher_gui:/home/manuel/buggy_space/install/joint_state_publisher:/home/manuel/buggy_space/install/ackermann_odometry:/home/manuel/buggy_space/install/ackermann_controller:/opt/ros/foxy /usr/bin/cmake --build /home/manuel/buggy_ws_beta.a/build/robot_localization -- -j16 -l16
[0.554s] [  1%] Built target robot_localization__cpp
[0.566s] [  2%] Built target gtest_main
[0.566s] [  4%] Built target gtest
[0.574s] [ 11%] Built target robot_localization__rosidl_generator_c
[0.619s] [ 18%] Built target robot_localization__rosidl_typesupport_cpp
[0.632s] [ 25%] Built target robot_localization__rosidl_typesupport_fastrtps_cpp
[0.632s] [ 32%] Built target robot_localization__rosidl_typesupport_introspection_cpp
[0.652s] [ 39%] Built target robot_localization__rosidl_typesupport_c
[0.655s] [ 46%] Built target robot_localization__rosidl_typesupport_introspection_c
[0.680s] [ 53%] Built target robot_localization__rosidl_typesupport_fastrtps_c
[0.702s] [ 53%] Built target robot_localization
[0.764s] [ 54%] Built target robot_localization__py
[0.849s] [ 60%] Built target robot_localization__python
[0.849s] [ 69%] Built target rl_lib
[0.928s] [ 71%] Built target robot_localization__rosidl_typesupport_introspection_c__pyext
[0.933s] [ 72%] Built target robot_localization__rosidl_typesupport_c__pyext
[0.946s] [ 73%] Built target test_ros_robot_localization_listener_publisher
[0.946s] [ 74%] Built target test_navsat_conversions
[0.947s] [ 76%] Built target robot_localization__rosidl_typesupport_fastrtps_c__pyext
[0.947s] [ 78%] Built target test_ros_robot_localization_listener
[0.947s] [ 80%] Built target test_ekf
[0.947s] [ 82%] Built target ukf_node
[0.948s] [ 83%] Built target ekf_node
[0.951s] [ 85%] Built target test_robot_localization_estimator
[0.951s] [ 87%] Built target test_navsat_transform
[0.952s] [ 89%] Built target filter_base-test
[0.952s] [ 91%] Built target test_ukf
[0.952s] [ 93%] Built target navsat_transform_node
[0.953s] [ 94%] Built target robot_localization_listener_node
[0.954s] [ 96%] Built target test_ukf_localization_node_interfaces
[0.957s] [ 98%] Built target test_ekf_localization_node_interfaces
[0.957s] [100%] Built target test_filter_base_diagnostics_timestamps
[1.097s] Invoked command in '/home/manuel/buggy_ws_beta.a/build/robot_localization' returned '0': CMAKE_PREFIX_PATH=${CMAKE_PREFIX_PATH}:/home/manuel/buggy_ws_beta.a/install/joint_state_publisher_gui:/home/manuel/buggy_ws_beta.a/install/joint_state_publisher:/home/manuel/buggy_ws_beta.a/install/ackermann_odometry:/home/manuel/buggy_ws_beta.a/install/ackermann_controller:/home/manuel/buggy_space/install/joint_state_publisher_gui:/home/manuel/buggy_space/install/joint_state_publisher:/home/manuel/buggy_space/install/ackermann_odometry:/home/manuel/buggy_space/install/ackermann_controller:/opt/ros/foxy /usr/bin/cmake --build /home/manuel/buggy_ws_beta.a/build/robot_localization -- -j16 -l16
[1.545s] Invoking command in '/home/manuel/buggy_ws_beta.a/build/robot_localization': CMAKE_PREFIX_PATH=${CMAKE_PREFIX_PATH}:/home/manuel/buggy_ws_beta.a/install/joint_state_publisher_gui:/home/manuel/buggy_ws_beta.a/install/joint_state_publisher:/home/manuel/buggy_ws_beta.a/install/ackermann_odometry:/home/manuel/buggy_ws_beta.a/install/ackermann_controller:/home/manuel/buggy_space/install/joint_state_publisher_gui:/home/manuel/buggy_space/install/joint_state_publisher:/home/manuel/buggy_space/install/ackermann_odometry:/home/manuel/buggy_space/install/ackermann_controller:/opt/ros/foxy /usr/bin/cmake --install /home/manuel/buggy_ws_beta.a/build/robot_localization
[1.807s] -- Install configuration: "RelWithDebInfo"
[1.807s] -- Up-to-date: /home/manuel/buggy_ws_beta.a/install/robot_localization/share/ament_index/resource_index/rosidl_interfaces/robot_localization
[1.807s] -- Up-to-date: /home/manuel/buggy_ws_beta.a/install/robot_localization/include/robot_localization
[1.808s] -- Up-to-date: /home/manuel/buggy_ws_beta.a/install/robot_localization/include/robot_localization/srv
[1.808s] -- Up-to-date: /home/manuel/buggy_ws_beta.a/install/robot_localization/include/robot_localization/srv/detail
[1.808s] -- Up-to-date: /home/manuel/buggy_ws_beta.a/install/robot_localization/include/robot_localization/srv/detail/set_pose__functions.c
[1.808s] -- Up-to-date: /home/manuel/buggy_ws_beta.a/install/robot_localization/include/robot_localization/srv/detail/to_ll__functions.h
[1.809s] -- Up-to-date: /home/manuel/buggy_ws_beta.a/install/robot_localization/include/robot_localization/srv/detail/set_datum__type_support.h
[1.809s] -- Up-to-date: /home/manuel/buggy_ws_beta.a/install/robot_localization/include/robot_localization/srv/detail/set_datum__struct.h
[1.810s] -- Up-to-date: /home/manuel/buggy_ws_beta.a/install/robot_localization/include/robot_localization/srv/detail/set_pose__type_support.h
[1.811s] -- Up-to-date: /home/manuel/buggy_ws_beta.a/install/robot_localization/include/robot_localization/srv/detail/to_ll__struct.h
[1.811s] -- Up-to-date: /home/manuel/buggy_ws_beta.a/install/robot_localization/include/robot_localization/srv/detail/to_ll__functions.c
[1.812s] -- Up-to-date: /home/manuel/buggy_ws_beta.a/install/robot_localization/include/robot_localization/srv/detail/set_datum__functions.c
[1.812s] -- Up-to-date: /home/manuel/buggy_ws_beta.a/install/robot_localization/include/robot_localization/srv/detail/toggle_filter_processing__functions.h
[1.812s] -- Up-to-date: /home/manuel/buggy_ws_beta.a/install/robot_localization/include/robot_localization/srv/detail/from_ll__functions.h
[1.812s] -- Up-to-date: /home/manuel/buggy_ws_beta.a/install/robot_localization/include/robot_localization/srv/detail/from_ll__functions.c
[1.813s] -- Up-to-date: /home/manuel/buggy_ws_beta.a/install/robot_localization/include/robot_localization/srv/detail/set_pose__functions.h
[1.813s] -- Up-to-date: /home/manuel/buggy_ws_beta.a/install/robot_localization/include/robot_localization/srv/detail/toggle_filter_processing__struct.h
[1.813s] -- Up-to-date: /home/manuel/buggy_ws_beta.a/install/robot_localization/include/robot_localization/srv/detail/from_ll__struct.h
[1.813s] -- Up-to-date: /home/manuel/buggy_ws_beta.a/install/robot_localization/include/robot_localization/srv/detail/get_state__functions.c
[1.815s] -- Up-to-date: /home/manuel/buggy_ws_beta.a/install/robot_localization/include/robot_localization/srv/detail/toggle_filter_processing__functions.c
[1.815s] -- Up-to-date: /home/manuel/buggy_ws_beta.a/install/robot_localization/include/robot_localization/srv/detail/from_ll__type_support.h
[1.816s] -- Up-to-date: /home/manuel/buggy_ws_beta.a/install/robot_localization/include/robot_localization/srv/detail/set_pose__struct.h
[1.821s] -- Up-to-date: /home/manuel/buggy_ws_beta.a/install/robot_localization/include/robot_localization/srv/detail/get_state__type_support.h
[1.821s] -- Up-to-date: /home/manuel/buggy_ws_beta.a/install/robot_localization/include/robot_localization/srv/detail/get_state__struct.h
[1.821s] -- Up-to-date: /home/manuel/buggy_ws_beta.a/install/robot_localization/include/robot_localization/srv/detail/to_ll__type_support.h
[1.821s] -- Up-to-date: /home/manuel/buggy_ws_beta.a/install/robot_localization/include/robot_localization/srv/detail/toggle_filter_processing__type_support.h
[1.822s] -- Up-to-date: /home/manuel/buggy_ws_beta.a/install/robot_localization/include/robot_localization/srv/detail/get_state__functions.h
[1.822s] -- Up-to-date: /home/manuel/buggy_ws_beta.a/install/robot_localization/include/robot_localization/srv/detail/set_datum__functions.h
[1.822s] -- Up-to-date: /home/manuel/buggy_ws_beta.a/install/robot_localization/include/robot_localization/srv/to_ll.h
[1.822s] -- Up-to-date: /home/manuel/buggy_ws_beta.a/install/robot_localization/include/robot_localization/srv/get_state.h
[1.822s] -- Up-to-date: /home/manuel/buggy_ws_beta.a/install/robot_localization/include/robot_localization/srv/set_datum.h
[1.822s] -- Up-to-date: /home/manuel/buggy_ws_beta.a/install/robot_localization/include/robot_localization/srv/toggle_filter_processing.h
[1.822s] -- Up-to-date: /home/manuel/buggy_ws_beta.a/install/robot_localization/include/robot_localization/srv/set_pose.h
[1.822s] -- Up-to-date: /home/manuel/buggy_ws_beta.a/install/robot_localization/include/robot_localization/srv/from_ll.h
[1.822s] -- Up-to-date: /home/manuel/buggy_ws_beta.a/install/robot_localization/include/robot_localization/msg
[1.823s] -- Up-to-date: /home/manuel/buggy_ws_beta.a/install/robot_localization/include/robot_localization/msg/rosidl_generator_c__visibility_control.h
[1.823s] -- Up-to-date: /home/manuel/buggy_ws_beta.a/install/robot_localization/share/robot_localization/environment/library_path.sh
[1.823s] -- Up-to-date: /home/manuel/buggy_ws_beta.a/install/robot_localization/share/robot_localization/environment/library_path.dsv
[1.826s] -- Up-to-date: /home/manuel/buggy_ws_beta.a/install/robot_localization/lib/librobot_localization__rosidl_generator_c.so
[1.826s] -- Up-to-date: /home/manuel/buggy_ws_beta.a/install/robot_localization/include/robot_localization
[1.826s] -- Up-to-date: /home/manuel/buggy_ws_beta.a/install/robot_localization/include/robot_localization/srv
[1.826s] -- Up-to-date: /home/manuel/buggy_ws_beta.a/install/robot_localization/include/robot_localization/srv/detail
[1.826s] -- Up-to-date: /home/manuel/buggy_ws_beta.a/install/robot_localization/include/robot_localization/srv/detail/to_ll__rosidl_typesupport_fastrtps_c.h
[1.826s] -- Up-to-date: /home/manuel/buggy_ws_beta.a/install/robot_localization/include/robot_localization/srv/detail/get_state__rosidl_typesupport_fastrtps_c.h
[1.827s] -- Up-to-date: /home/manuel/buggy_ws_beta.a/install/robot_localization/include/robot_localization/srv/detail/toggle_filter_processing__rosidl_typesupport_fastrtps_c.h
[1.827s] -- Up-to-date: /home/manuel/buggy_ws_beta.a/install/robot_localization/include/robot_localization/srv/detail/set_datum__rosidl_typesupport_fastrtps_c.h
[1.827s] -- Up-to-date: /home/manuel/buggy_ws_beta.a/install/robot_localization/include/robot_localization/srv/detail/set_pose__rosidl_typesupport_fastrtps_c.h
[1.830s] -- Up-to-date: /home/manuel/buggy_ws_beta.a/install/robot_localization/include/robot_localization/srv/detail/from_ll__rosidl_typesupport_fastrtps_c.h
[1.830s] -- Up-to-date: /home/manuel/buggy_ws_beta.a/install/robot_localization/include/robot_localization/msg
[1.831s] -- Up-to-date: /home/manuel/buggy_ws_beta.a/install/robot_localization/include/robot_localization/msg/rosidl_typesupport_fastrtps_c__visibility_control.h
[1.831s] -- Up-to-date: /home/manuel/buggy_ws_beta.a/install/robot_localization/lib/librobot_localization__rosidl_typesupport_fastrtps_c.so
[1.831s] -- Up-to-date: /home/manuel/buggy_ws_beta.a/install/robot_localization/include/robot_localization
[1.831s] -- Up-to-date: /home/manuel/buggy_ws_beta.a/install/robot_localization/include/robot_localization/srv
[1.832s] -- Up-to-date: /home/manuel/buggy_ws_beta.a/install/robot_localization/include/robot_localization/srv/detail
[1.832s] -- Up-to-date: /home/manuel/buggy_ws_beta.a/install/robot_localization/include/robot_localization/srv/detail/dds_fastrtps
[1.832s] -- Up-to-date: /home/manuel/buggy_ws_beta.a/install/robot_localization/include/robot_localization/srv/detail/set_datum__rosidl_typesupport_fastrtps_cpp.hpp
[1.832s] -- Up-to-date: /home/manuel/buggy_ws_beta.a/install/robot_localization/include/robot_localization/srv/detail/to_ll__rosidl_typesupport_fastrtps_cpp.hpp
[1.832s] -- Up-to-date: /home/manuel/buggy_ws_beta.a/install/robot_localization/include/robot_localization/srv/detail/toggle_filter_processing__rosidl_typesupport_fastrtps_cpp.hpp
[1.832s] -- Up-to-date: /home/manuel/buggy_ws_beta.a/install/robot_localization/include/robot_localization/srv/detail/from_ll__rosidl_typesupport_fastrtps_cpp.hpp
[1.833s] -- Up-to-date: /home/manuel/buggy_ws_beta.a/install/robot_localization/include/robot_localization/srv/detail/get_state__rosidl_typesupport_fastrtps_cpp.hpp
[1.833s] -- Up-to-date: /home/manuel/buggy_ws_beta.a/install/robot_localization/include/robot_localization/srv/detail/set_pose__rosidl_typesupport_fastrtps_cpp.hpp
[1.834s] -- Up-to-date: /home/manuel/buggy_ws_beta.a/install/robot_localization/include/robot_localization/msg
[1.834s] -- Up-to-date: /home/manuel/buggy_ws_beta.a/install/robot_localization/include/robot_localization/msg/rosidl_typesupport_fastrtps_cpp__visibility_control.h
[1.834s] -- Up-to-date: /home/manuel/buggy_ws_beta.a/install/robot_localization/lib/librobot_localization__rosidl_typesupport_fastrtps_cpp.so
[1.834s] -- Up-to-date: /home/manuel/buggy_ws_beta.a/install/robot_localization/include/robot_localization
[1.834s] -- Up-to-date: /home/manuel/buggy_ws_beta.a/install/robot_localization/include/robot_localization/srv
[1.834s] -- Up-to-date: /home/manuel/buggy_ws_beta.a/install/robot_localization/include/robot_localization/srv/detail
[1.835s] -- Up-to-date: /home/manuel/buggy_ws_beta.a/install/robot_localization/include/robot_localization/srv/detail/set_pose__type_support.c
[1.835s] -- Up-to-date: /home/manuel/buggy_ws_beta.a/install/robot_localization/include/robot_localization/srv/detail/get_state__type_support.c
[1.835s] -- Up-to-date: /home/manuel/buggy_ws_beta.a/install/robot_localization/include/robot_localization/srv/detail/from_ll__rosidl_typesupport_introspection_c.h
[1.835s] -- Up-to-date: /home/manuel/buggy_ws_beta.a/install/robot_localization/include/robot_localization/srv/detail/get_state__rosidl_typesupport_introspection_c.h
[1.835s] -- Up-to-date: /home/manuel/buggy_ws_beta.a/install/robot_localization/include/robot_localization/srv/detail/from_ll__type_support.c
[1.842s] -- Up-to-date: /home/manuel/buggy_ws_beta.a/install/robot_localization/include/robot_localization/srv/detail/toggle_filter_processing__rosidl_typesupport_introspection_c.h
[1.842s] -- Up-to-date: /home/manuel/buggy_ws_beta.a/install/robot_localization/include/robot_localization/srv/detail/set_pose__rosidl_typesupport_introspection_c.h
[1.842s] -- Up-to-date: /home/manuel/buggy_ws_beta.a/install/robot_localization/include/robot_localization/srv/detail/to_ll__rosidl_typesupport_introspection_c.h
[1.843s] -- Up-to-date: /home/manuel/buggy_ws_beta.a/install/robot_localization/include/robot_localization/srv/detail/toggle_filter_processing__type_support.c
[1.843s] -- Up-to-date: /home/manuel/buggy_ws_beta.a/install/robot_localization/include/robot_localization/srv/detail/to_ll__type_support.c
[1.843s] -- Up-to-date: /home/manuel/buggy_ws_beta.a/install/robot_localization/include/robot_localization/srv/detail/set_datum__rosidl_typesupport_introspection_c.h
[1.843s] -- Up-to-date: /home/manuel/buggy_ws_beta.a/install/robot_localization/include/robot_localization/srv/detail/set_datum__type_support.c
[1.843s] -- Up-to-date: /home/manuel/buggy_ws_beta.a/install/robot_localization/include/robot_localization/msg
[1.843s] -- Up-to-date: /home/manuel/buggy_ws_beta.a/install/robot_localization/include/robot_localization/msg/rosidl_typesupport_introspection_c__visibility_control.h
[1.843s] -- Up-to-date: /home/manuel/buggy_ws_beta.a/install/robot_localization/lib/librobot_localization__rosidl_typesupport_introspection_c.so
[1.843s] -- Up-to-date: /home/manuel/buggy_ws_beta.a/install/robot_localization/lib/librobot_localization__rosidl_typesupport_c.so
[1.844s] -- Up-to-date: /home/manuel/buggy_ws_beta.a/install/robot_localization/include/robot_localization
[1.844s] -- Up-to-date: /home/manuel/buggy_ws_beta.a/install/robot_localization/include/robot_localization/srv
[1.844s] -- Up-to-date: /home/manuel/buggy_ws_beta.a/install/robot_localization/include/robot_localization/srv/detail
[1.844s] -- Up-to-date: /home/manuel/buggy_ws_beta.a/install/robot_localization/include/robot_localization/srv/detail/set_datum__traits.hpp
[1.844s] -- Up-to-date: /home/manuel/buggy_ws_beta.a/install/robot_localization/include/robot_localization/srv/detail/from_ll__builder.hpp
[1.844s] -- Up-to-date: /home/manuel/buggy_ws_beta.a/install/robot_localization/include/robot_localization/srv/detail/toggle_filter_processing__builder.hpp
[1.844s] -- Up-to-date: /home/manuel/buggy_ws_beta.a/install/robot_localization/include/robot_localization/srv/detail/from_ll__traits.hpp
[1.844s] -- Up-to-date: /home/manuel/buggy_ws_beta.a/install/robot_localization/include/robot_localization/srv/detail/toggle_filter_processing__traits.hpp
[1.844s] -- Up-to-date: /home/manuel/buggy_ws_beta.a/install/robot_localization/include/robot_localization/srv/detail/set_datum__builder.hpp
[1.844s] -- Up-to-date: /home/manuel/buggy_ws_beta.a/install/robot_localization/include/robot_localization/srv/detail/to_ll__builder.hpp
[1.844s] -- Up-to-date: /home/manuel/buggy_ws_beta.a/install/robot_localization/include/robot_localization/srv/detail/set_datum__struct.hpp
[1.844s] -- Up-to-date: /home/manuel/buggy_ws_beta.a/install/robot_localization/include/robot_localization/srv/detail/toggle_filter_processing__struct.hpp
[1.844s] -- Up-to-date: /home/manuel/buggy_ws_beta.a/install/robot_localization/include/robot_localization/srv/detail/from_ll__struct.hpp
[1.844s] -- Up-to-date: /home/manuel/buggy_ws_beta.a/install/robot_localization/include/robot_localization/srv/detail/get_state__traits.hpp
[1.845s] -- Up-to-date: /home/manuel/buggy_ws_beta.a/install/robot_localization/include/robot_localization/srv/detail/get_state__struct.hpp
[1.845s] -- Up-to-date: /home/manuel/buggy_ws_beta.a/install/robot_localization/include/robot_localization/srv/detail/set_pose__traits.hpp
[1.845s] -- Up-to-date: /home/manuel/buggy_ws_beta.a/install/robot_localization/include/robot_localization/srv/detail/to_ll__struct.hpp
[1.845s] -- Up-to-date: /home/manuel/buggy_ws_beta.a/install/robot_localization/include/robot_localization/srv/detail/set_pose__struct.hpp
[1.845s] -- Up-to-date: /home/manuel/buggy_ws_beta.a/install/robot_localization/include/robot_localization/srv/detail/to_ll__traits.hpp
[1.845s] -- Up-to-date: /home/manuel/buggy_ws_beta.a/install/robot_localization/include/robot_localization/srv/detail/get_state__builder.hpp
[1.845s] -- Up-to-date: /home/manuel/buggy_ws_beta.a/install/robot_localization/include/robot_localization/srv/detail/set_pose__builder.hpp
[1.845s] -- Up-to-date: /home/manuel/buggy_ws_beta.a/install/robot_localization/include/robot_localization/srv/set_pose.hpp
[1.845s] -- Up-to-date: /home/manuel/buggy_ws_beta.a/install/robot_localization/include/robot_localization/srv/to_ll.hpp
[1.845s] -- Up-to-date: /home/manuel/buggy_ws_beta.a/install/robot_localization/include/robot_localization/srv/set_datum.hpp
[1.846s] -- Up-to-date: /home/manuel/buggy_ws_beta.a/install/robot_localization/include/robot_localization/srv/toggle_filter_processing.hpp
[1.846s] -- Up-to-date: /home/manuel/buggy_ws_beta.a/install/robot_localization/include/robot_localization/srv/get_state.hpp
[1.851s] -- Up-to-date: /home/manuel/buggy_ws_beta.a/install/robot_localization/include/robot_localization/srv/from_ll.hpp
[1.851s] -- Up-to-date: /home/manuel/buggy_ws_beta.a/install/robot_localization/include/robot_localization
[1.851s] -- Up-to-date: /home/manuel/buggy_ws_beta.a/install/robot_localization/include/robot_localization/srv
[1.851s] -- Up-to-date: /home/manuel/buggy_ws_beta.a/install/robot_localization/include/robot_localization/srv/detail
[1.851s] -- Up-to-date: /home/manuel/buggy_ws_beta.a/install/robot_localization/include/robot_localization/srv/detail/from_ll__type_support.cpp
[1.851s] -- Up-to-date: /home/manuel/buggy_ws_beta.a/install/robot_localization/include/robot_localization/srv/detail/get_state__type_support.cpp
[1.852s] -- Up-to-date: /home/manuel/buggy_ws_beta.a/install/robot_localization/include/robot_localization/srv/detail/set_pose__type_support.cpp
[1.852s] -- Up-to-date: /home/manuel/buggy_ws_beta.a/install/robot_localization/include/robot_localization/srv/detail/get_state__rosidl_typesupport_introspection_cpp.hpp
[1.852s] -- Up-to-date: /home/manuel/buggy_ws_beta.a/install/robot_localization/include/robot_localization/srv/detail/set_pose__rosidl_typesupport_introspection_cpp.hpp
[1.852s] -- Up-to-date: /home/manuel/buggy_ws_beta.a/install/robot_localization/include/robot_localization/srv/detail/to_ll__type_support.cpp
[1.852s] -- Up-to-date: /home/manuel/buggy_ws_beta.a/install/robot_localization/include/robot_localization/srv/detail/set_datum__type_support.cpp
[1.852s] -- Up-to-date: /home/manuel/buggy_ws_beta.a/install/robot_localization/include/robot_localization/srv/detail/set_datum__rosidl_typesupport_introspection_cpp.hpp
[1.852s] -- Up-to-date: /home/manuel/buggy_ws_beta.a/install/robot_localization/include/robot_localization/srv/detail/toggle_filter_processing__rosidl_typesupport_introspection_cpp.hpp
[1.852s] -- Up-to-date: /home/manuel/buggy_ws_beta.a/install/robot_localization/include/robot_localization/srv/detail/from_ll__rosidl_typesupport_introspection_cpp.hpp
[1.852s] -- Up-to-date: /home/manuel/buggy_ws_beta.a/install/robot_localization/include/robot_localization/srv/detail/toggle_filter_processing__type_support.cpp
[1.853s] -- Up-to-date: /home/manuel/buggy_ws_beta.a/install/robot_localization/include/robot_localization/srv/detail/to_ll__rosidl_typesupport_introspection_cpp.hpp
[1.853s] -- Up-to-date: /home/manuel/buggy_ws_beta.a/install/robot_localization/lib/librobot_localization__rosidl_typesupport_introspection_cpp.so
[1.853s] -- Up-to-date: /home/manuel/buggy_ws_beta.a/install/robot_localization/lib/librobot_localization__rosidl_typesupport_cpp.so
[1.853s] -- Up-to-date: /home/manuel/buggy_ws_beta.a/install/robot_localization/share/robot_localization/environment/pythonpath.sh
[1.853s] -- Up-to-date: /home/manuel/buggy_ws_beta.a/install/robot_localization/share/robot_localization/environment/pythonpath.dsv
[1.853s] -- Up-to-date: /home/manuel/buggy_ws_beta.a/install/robot_localization/lib/python3.8/site-packages/robot_localization/__init__.py
[1.853s] -- Up-to-date: /home/manuel/buggy_ws_beta.a/install/robot_localization/lib/python3.8/site-packages/robot_localization/srv
[1.853s] -- Up-to-date: /home/manuel/buggy_ws_beta.a/install/robot_localization/lib/python3.8/site-packages/robot_localization/srv/_from_ll_s.c
[1.853s] -- Up-to-date: /home/manuel/buggy_ws_beta.a/install/robot_localization/lib/python3.8/site-packages/robot_localization/srv/_toggle_filter_processing.py
[1.853s] -- Up-to-date: /home/manuel/buggy_ws_beta.a/install/robot_localization/lib/python3.8/site-packages/robot_localization/srv/_toggle_filter_processing_s.c
[1.853s] -- Up-to-date: /home/manuel/buggy_ws_beta.a/install/robot_localization/lib/python3.8/site-packages/robot_localization/srv/_set_datum.py
[1.853s] -- Up-to-date: /home/manuel/buggy_ws_beta.a/install/robot_localization/lib/python3.8/site-packages/robot_localization/srv/_set_pose_s.c
[1.853s] -- Up-to-date: /home/manuel/buggy_ws_beta.a/install/robot_localization/lib/python3.8/site-packages/robot_localization/srv/_from_ll.py
[1.853s] -- Up-to-date: /home/manuel/buggy_ws_beta.a/install/robot_localization/lib/python3.8/site-packages/robot_localization/srv/_set_datum_s.c
[1.853s] -- Up-to-date: /home/manuel/buggy_ws_beta.a/install/robot_localization/lib/python3.8/site-packages/robot_localization/srv/_get_state_s.c
[1.853s] -- Up-to-date: /home/manuel/buggy_ws_beta.a/install/robot_localization/lib/python3.8/site-packages/robot_localization/srv/_to_ll.py
[1.854s] -- Up-to-date: /home/manuel/buggy_ws_beta.a/install/robot_localization/lib/python3.8/site-packages/robot_localization/srv/_to_ll_s.c
[1.854s] -- Up-to-date: /home/manuel/buggy_ws_beta.a/install/robot_localization/lib/python3.8/site-packages/robot_localization/srv/_get_state.py
[1.854s] -- Up-to-date: /home/manuel/buggy_ws_beta.a/install/robot_localization/lib/python3.8/site-packages/robot_localization/srv/__init__.py
[1.854s] -- Up-to-date: /home/manuel/buggy_ws_beta.a/install/robot_localization/lib/python3.8/site-packages/robot_localization/srv/_set_pose.py
[1.854s] -- Up-to-date: /home/manuel/buggy_ws_beta.a/install/robot_localization/lib/python3.8/site-packages/robot_localization/robot_localization_s__rosidl_typesupport_fastrtps_c.cpython-38-x86_64-linux-gnu.so
[1.854s] -- Up-to-date: /home/manuel/buggy_ws_beta.a/install/robot_localization/lib/python3.8/site-packages/robot_localization/robot_localization_s__rosidl_typesupport_introspection_c.cpython-38-x86_64-linux-gnu.so
[1.854s] -- Up-to-date: /home/manuel/buggy_ws_beta.a/install/robot_localization/lib/python3.8/site-packages/robot_localization/robot_localization_s__rosidl_typesupport_c.cpython-38-x86_64-linux-gnu.so
[1.855s] -- Up-to-date: /home/manuel/buggy_ws_beta.a/install/robot_localization/lib/librobot_localization__python.so
[1.855s] -- Up-to-date: /home/manuel/buggy_ws_beta.a/install/robot_localization/share/robot_localization/srv/FromLL.idl
[1.858s] -- Up-to-date: /home/manuel/buggy_ws_beta.a/install/robot_localization/share/robot_localization/srv/GetState.idl
[1.858s] -- Up-to-date: /home/manuel/buggy_ws_beta.a/install/robot_localization/share/robot_localization/srv/SetDatum.idl
[1.858s] -- Up-to-date: /home/manuel/buggy_ws_beta.a/install/robot_localization/share/robot_localization/srv/SetPose.idl
[1.859s] -- Up-to-date: /home/manuel/buggy_ws_beta.a/install/robot_localization/share/robot_localization/srv/ToggleFilterProcessing.idl
[1.859s] -- Up-to-date: /home/manuel/buggy_ws_beta.a/install/robot_localization/share/robot_localization/srv/ToLL.idl
[1.859s] -- Up-to-date: /home/manuel/buggy_ws_beta.a/install/robot_localization/share/robot_localization/srv/FromLL.srv
[1.860s] -- Up-to-date: /home/manuel/buggy_ws_beta.a/install/robot_localization/share/robot_localization/srv/FromLL_Request.msg
[1.863s] -- Up-to-date: /home/manuel/buggy_ws_beta.a/install/robot_localization/share/robot_localization/srv/FromLL_Response.msg
[1.863s] -- Up-to-date: /home/manuel/buggy_ws_beta.a/install/robot_localization/share/robot_localization/srv/GetState.srv
[1.863s] -- Up-to-date: /home/manuel/buggy_ws_beta.a/install/robot_localization/share/robot_localization/srv/GetState_Request.msg
[1.864s] -- Up-to-date: /home/manuel/buggy_ws_beta.a/install/robot_localization/share/robot_localization/srv/GetState_Response.msg
[1.864s] -- Up-to-date: /home/manuel/buggy_ws_beta.a/install/robot_localization/share/robot_localization/srv/SetDatum.srv
[1.869s] -- Up-to-date: /home/manuel/buggy_ws_beta.a/install/robot_localization/share/robot_localization/srv/SetDatum_Request.msg
[1.870s] -- Up-to-date: /home/manuel/buggy_ws_beta.a/install/robot_localization/share/robot_localization/srv/SetDatum_Response.msg
[1.871s] -- Up-to-date: /home/manuel/buggy_ws_beta.a/install/robot_localization/share/robot_localization/srv/SetPose.srv
[1.871s] -- Up-to-date: /home/manuel/buggy_ws_beta.a/install/robot_localization/share/robot_localization/srv/SetPose_Request.msg
[1.871s] -- Up-to-date: /home/manuel/buggy_ws_beta.a/install/robot_localization/share/robot_localization/srv/SetPose_Response.msg
[1.872s] -- Up-to-date: /home/manuel/buggy_ws_beta.a/install/robot_localization/share/robot_localization/srv/ToggleFilterProcessing.srv
[1.872s] -- Up-to-date: /home/manuel/buggy_ws_beta.a/install/robot_localization/share/robot_localization/srv/ToggleFilterProcessing_Request.msg
[1.872s] -- Up-to-date: /home/manuel/buggy_ws_beta.a/install/robot_localization/share/robot_localization/srv/ToggleFilterProcessing_Response.msg
[1.872s] -- Up-to-date: /home/manuel/buggy_ws_beta.a/install/robot_localization/share/robot_localization/srv/ToLL.srv
[1.872s] -- Up-to-date: /home/manuel/buggy_ws_beta.a/install/robot_localization/share/robot_localization/srv/ToLL_Request.msg
[1.872s] -- Up-to-date: /home/manuel/buggy_ws_beta.a/install/robot_localization/share/robot_localization/srv/ToLL_Response.msg
[1.873s] -- Up-to-date: /home/manuel/buggy_ws_beta.a/install/robot_localization/lib/robot_localization/filter_base-test
[1.873s] -- Up-to-date: /home/manuel/buggy_ws_beta.a/install/robot_localization/lib/robot_localization/test_filter_base_diagnostics_timestamps
[1.875s] -- Up-to-date: /home/manuel/buggy_ws_beta.a/install/robot_localization/lib/robot_localization/test_ekf
[1.876s] -- Up-to-date: /home/manuel/buggy_ws_beta.a/install/robot_localization/lib/robot_localization/test_ekf_localization_node_interfaces
[1.876s] -- Up-to-date: /home/manuel/buggy_ws_beta.a/install/robot_localization/lib/robot_localization/test_ukf
[1.876s] -- Up-to-date: /home/manuel/buggy_ws_beta.a/install/robot_localization/lib/robot_localization/test_ukf_localization_node_interfaces
[1.876s] -- Up-to-date: /home/manuel/buggy_ws_beta.a/install/robot_localization/lib/robot_localization/test_robot_localization_estimator
[1.876s] -- Up-to-date: /home/manuel/buggy_ws_beta.a/install/robot_localization/lib/robot_localization/test_navsat_conversions
[1.877s] -- Up-to-date: /home/manuel/buggy_ws_beta.a/install/robot_localization/lib/robot_localization/test_navsat_transform
[1.878s] -- Up-to-date: /home/manuel/buggy_ws_beta.a/install/robot_localization/lib/robot_localization/test_ros_robot_localization_listener
[1.878s] -- Up-to-date: /home/manuel/buggy_ws_beta.a/install/robot_localization/lib/robot_localization/test_ros_robot_localization_listener_publisher
[1.878s] -- Up-to-date: /home/manuel/buggy_ws_beta.a/install/robot_localization/share/robot_localization/test
[1.879s] -- Up-to-date: /home/manuel/buggy_ws_beta.a/install/robot_localization/share/robot_localization/test/test_ekf_localization_node_bag3.yaml
[1.879s] -- Up-to-date: /home/manuel/buggy_ws_beta.a/install/robot_localization/share/robot_localization/test/test_ukf.cpp
[1.880s] -- Up-to-date: /home/manuel/buggy_ws_beta.a/install/robot_localization/share/robot_localization/test/test_ukf_localization_node_interfaces.cpp
[1.881s] -- Up-to-date: /home/manuel/buggy_ws_beta.a/install/robot_localization/share/robot_localization/test/test_ekf_localization_node_bag1.launch.py
[1.881s] -- Up-to-date: /home/manuel/buggy_ws_beta.a/install/robot_localization/share/robot_localization/test/test_filter_base_diagnostics_timestamps.launch.py
[1.882s] -- Up-to-date: /home/manuel/buggy_ws_beta.a/install/robot_localization/share/robot_localization/test/test_navsat_transform.cpp
[1.882s] -- Up-to-date: /home/manuel/buggy_ws_beta.a/install/robot_localization/share/robot_localization/test/test_filter_base_diagnostics_timestamps.yaml
[1.882s] -- Up-to-date: /home/manuel/buggy_ws_beta.a/install/robot_localization/share/robot_localization/test/test_ekf_localization_node_interfaces.cpp
[1.882s] -- Up-to-date: /home/manuel/buggy_ws_beta.a/install/robot_localization/share/robot_localization/test/test_robot_localization_estimator.cpp
[1.882s] -- Up-to-date: /home/manuel/buggy_ws_beta.a/install/robot_localization/share/robot_localization/test/test_ekf_localization_node_interfaces.yaml
[1.883s] -- Up-to-date: /home/manuel/buggy_ws_beta.a/install/robot_localization/share/robot_localization/test/test_ekf_localization_node_bag3.sh
[1.883s] -- Up-to-date: /home/manuel/buggy_ws_beta.a/install/robot_localization/share/robot_localization/test/test_filter_base_diagnostics_timestamps.cpp
[1.884s] -- Up-to-date: /home/manuel/buggy_ws_beta.a/install/robot_localization/share/robot_localization/test/test_ekf_localization_node_bag3.launch.py
[1.885s] -- Up-to-date: /home/manuel/buggy_ws_beta.a/install/robot_localization/share/robot_localization/test/test_ekf_localization_node_bag1.sh
[1.885s] -- Up-to-date: /home/manuel/buggy_ws_beta.a/install/robot_localization/share/robot_localization/test/test_robot_localization_estimator.launch.py
[1.885s] -- Up-to-date: /home/manuel/buggy_ws_beta.a/install/robot_localization/share/robot_localization/test/test_filter_base.cpp
[1.885s] -- Up-to-date: /home/manuel/buggy_ws_beta.a/install/robot_localization/share/robot_localization/test/test1.bag
[1.886s] -- Up-to-date: /home/manuel/buggy_ws_beta.a/install/robot_localization/share/robot_localization/test/test_ekf_localization_node_interfaces.launch.py
[1.888s] -- Up-to-date: /home/manuel/buggy_ws_beta.a/install/robot_localization/share/robot_localization/test/test_ukf_localization_node_bag3.sh
[1.890s] -- Up-to-date: /home/manuel/buggy_ws_beta.a/install/robot_localization/share/robot_localization/test/test_ukf_localization_node_bag1.launch.py
[1.892s] -- Up-to-date: /home/manuel/buggy_ws_beta.a/install/robot_localization/share/robot_localization/test/test_ukf_localization_node_bag2.yaml
[1.893s] -- Up-to-date: /home/manuel/buggy_ws_beta.a/install/robot_localization/share/robot_localization/test/test_ros_robot_localization_listener.cpp
[1.893s] -- Up-to-date: /home/manuel/buggy_ws_beta.a/install/robot_localization/share/robot_localization/test/test_ukf_localization_node_bag3.yaml
[1.893s] -- Up-to-date: /home/manuel/buggy_ws_beta.a/install/robot_localization/share/robot_localization/test/test_ukf_localization_node_interfaces.yaml
[1.893s] -- Up-to-date: /home/manuel/buggy_ws_beta.a/install/robot_localization/share/robot_localization/test/test_ukf_localization_node_interfaces.launch.py
[1.893s] -- Up-to-date: /home/manuel/buggy_ws_beta.a/install/robot_localization/share/robot_localization/test/test_ekf_localization_node_bag2.yaml
[1.893s] -- Up-to-date: /home/manuel/buggy_ws_beta.a/install/robot_localization/share/robot_localization/test/test_navsat_conversions.cpp
[1.893s] -- Up-to-date: /home/manuel/buggy_ws_beta.a/install/robot_localization/share/robot_localization/test/test_ekf_localization_node_bag1.yaml
[1.893s] -- Up-to-date: /home/manuel/buggy_ws_beta.a/install/robot_localization/share/robot_localization/test/test_ekf_localization_node_bag2.sh
[1.894s] -- Up-to-date: /home/manuel/buggy_ws_beta.a/install/robot_localization/share/robot_localization/test/test_ukf_localization_node_bag3.launch.py
[1.900s] -- Up-to-date: /home/manuel/buggy_ws_beta.a/install/robot_localization/share/robot_localization/test/test2.bag
[1.900s] -- Up-to-date: /home/manuel/buggy_ws_beta.a/install/robot_localization/share/robot_localization/test/test_ukf_localization_node_bag1.yaml
[1.900s] -- Up-to-date: /home/manuel/buggy_ws_beta.a/install/robot_localization/share/robot_localization/test/test_ros_robot_localization_listener.yaml
[1.900s] -- Up-to-date: /home/manuel/buggy_ws_beta.a/install/robot_localization/share/robot_localization/test/test_ros_robot_localization_listener_publisher.cpp
[1.900s] -- Up-to-date: /home/manuel/buggy_ws_beta.a/install/robot_localization/share/robot_localization/test/test3.bag
[1.900s] -- Up-to-date: /home/manuel/buggy_ws_beta.a/install/robot_localization/share/robot_localization/test/test_ukf_localization_node_bag2.launch.py
[1.901s] -- Up-to-date: /home/manuel/buggy_ws_beta.a/install/robot_localization/share/robot_localization/test/test_ukf_localization_node_bag1.sh
[1.901s] -- Up-to-date: /home/manuel/buggy_ws_beta.a/install/robot_localization/share/robot_localization/test/test_ekf.cpp
[1.901s] -- Up-to-date: /home/manuel/buggy_ws_beta.a/install/robot_localization/share/robot_localization/test/test_localization_node_bag_pose_tester.cpp
[1.901s] -- Up-to-date: /home/manuel/buggy_ws_beta.a/install/robot_localization/share/robot_localization/test/test_ekf_localization_node_bag2.launch.py
[1.905s] -- Up-to-date: /home/manuel/buggy_ws_beta.a/install/robot_localization/share/robot_localization/test/test_ukf_localization_node_bag2.sh
[1.906s] -- Up-to-date: /home/manuel/buggy_ws_beta.a/install/robot_localization/share/robot_localization/test/test_navsat_transform.launch.py
[1.906s] -- Up-to-date: /home/manuel/buggy_ws_beta.a/install/robot_localization/share/robot_localization/test/test_ros_robot_localization_listener.launch.py
[1.906s] -- Up-to-date: /home/manuel/buggy_ws_beta.a/install/robot_localization/lib/robot_localization/navsat_transform_node
[1.906s] -- Up-to-date: /home/manuel/buggy_ws_beta.a/install/robot_localization/lib/robot_localization/ekf_node
[1.906s] -- Up-to-date: /home/manuel/buggy_ws_beta.a/install/robot_localization/lib/robot_localization/ukf_node
[1.906s] -- Up-to-date: /home/manuel/buggy_ws_beta.a/install/robot_localization/lib/robot_localization/robot_localization_listener_node
[1.907s] -- Up-to-date: /home/manuel/buggy_ws_beta.a/install/robot_localization/lib/librl_lib.so
[1.907s] -- Up-to-date: /home/manuel/buggy_ws_beta.a/install/robot_localization/share/robot_localization/params
[1.907s] -- Up-to-date: /home/manuel/buggy_ws_beta.a/install/robot_localization/share/robot_localization/params/navsat_transform.yaml
[1.907s] -- Up-to-date: /home/manuel/buggy_ws_beta.a/install/robot_localization/share/robot_localization/params/ukf.yaml
[1.907s] -- Up-to-date: /home/manuel/buggy_ws_beta.a/install/robot_localization/share/robot_localization/params/dual_ekf_navsat_example.yaml
[1.907s] -- Up-to-date: /home/manuel/buggy_ws_beta.a/install/robot_localization/share/robot_localization/params/ekf.yaml
[1.907s] -- Up-to-date: /home/manuel/buggy_ws_beta.a/install/robot_localization/share/robot_localization/launch
[1.907s] -- Up-to-date: /home/manuel/buggy_ws_beta.a/install/robot_localization/share/robot_localization/launch/navsat_transform.launch.py
[1.908s] -- Up-to-date: /home/manuel/buggy_ws_beta.a/install/robot_localization/share/robot_localization/launch/ukf.launch.py
[1.908s] -- Up-to-date: /home/manuel/buggy_ws_beta.a/install/robot_localization/share/robot_localization/launch/dual_ekf_navsat_example.launch.py
[1.908s] -- Up-to-date: /home/manuel/buggy_ws_beta.a/install/robot_localization/share/robot_localization/launch/ekf.launch.py
[1.908s] -- Up-to-date: /home/manuel/buggy_ws_beta.a/install/robot_localization/share/ament_index/resource_index/package_run_dependencies/robot_localization
[1.908s] -- Up-to-date: /home/manuel/buggy_ws_beta.a/install/robot_localization/share/ament_index/resource_index/parent_prefix_path/robot_localization
[1.908s] -- Up-to-date: /home/manuel/buggy_ws_beta.a/install/robot_localization/share/robot_localization/environment/ament_prefix_path.sh
[1.909s] -- Up-to-date: /home/manuel/buggy_ws_beta.a/install/robot_localization/share/robot_localization/environment/ament_prefix_path.dsv
[1.910s] -- Up-to-date: /home/manuel/buggy_ws_beta.a/install/robot_localization/share/robot_localization/environment/path.sh
[1.910s] -- Up-to-date: /home/manuel/buggy_ws_beta.a/install/robot_localization/share/robot_localization/environment/path.dsv
[1.910s] -- Up-to-date: /home/manuel/buggy_ws_beta.a/install/robot_localization/share/robot_localization/local_setup.bash
[1.910s] -- Up-to-date: /home/manuel/buggy_ws_beta.a/install/robot_localization/share/robot_localization/local_setup.sh
[1.910s] -- Up-to-date: /home/manuel/buggy_ws_beta.a/install/robot_localization/share/robot_localization/local_setup.zsh
[1.910s] -- Up-to-date: /home/manuel/buggy_ws_beta.a/install/robot_localization/share/robot_localization/local_setup.dsv
[1.910s] -- Installing: /home/manuel/buggy_ws_beta.a/install/robot_localization/share/robot_localization/package.dsv
[1.911s] -- Up-to-date: /home/manuel/buggy_ws_beta.a/install/robot_localization/share/ament_index/resource_index/packages/robot_localization
[1.911s] -- Up-to-date: /home/manuel/buggy_ws_beta.a/install/robot_localization/share/robot_localization/cmake/robot_localization__rosidl_generator_cExport.cmake
[1.911s] -- Up-to-date: /home/manuel/buggy_ws_beta.a/install/robot_localization/share/robot_localization/cmake/robot_localization__rosidl_generator_cExport-relwithdebinfo.cmake
[1.911s] -- Up-to-date: /home/manuel/buggy_ws_beta.a/install/robot_localization/share/robot_localization/cmake/robot_localization__rosidl_typesupport_introspection_cExport.cmake
[1.911s] -- Up-to-date: /home/manuel/buggy_ws_beta.a/install/robot_localization/share/robot_localization/cmake/robot_localization__rosidl_typesupport_introspection_cExport-relwithdebinfo.cmake
[1.911s] -- Up-to-date: /home/manuel/buggy_ws_beta.a/install/robot_localization/share/robot_localization/cmake/robot_localization__rosidl_typesupport_cExport.cmake
[1.911s] -- Up-to-date: /home/manuel/buggy_ws_beta.a/install/robot_localization/share/robot_localization/cmake/robot_localization__rosidl_typesupport_cExport-relwithdebinfo.cmake
[1.911s] -- Up-to-date: /home/manuel/buggy_ws_beta.a/install/robot_localization/share/robot_localization/cmake/robot_localization__rosidl_generator_cppExport.cmake
[1.912s] -- Up-to-date: /home/manuel/buggy_ws_beta.a/install/robot_localization/share/robot_localization/cmake/robot_localization__rosidl_typesupport_introspection_cppExport.cmake
[1.912s] -- Up-to-date: /home/manuel/buggy_ws_beta.a/install/robot_localization/share/robot_localization/cmake/robot_localization__rosidl_typesupport_introspection_cppExport-relwithdebinfo.cmake
[1.912s] -- Up-to-date: /home/manuel/buggy_ws_beta.a/install/robot_localization/share/robot_localization/cmake/robot_localization__rosidl_typesupport_cppExport.cmake
[1.912s] -- Up-to-date: /home/manuel/buggy_ws_beta.a/install/robot_localization/share/robot_localization/cmake/robot_localization__rosidl_typesupport_cppExport-relwithdebinfo.cmake
[1.912s] -- Up-to-date: /home/manuel/buggy_ws_beta.a/install/robot_localization/share/robot_localization/cmake/rosidl_cmake-extras.cmake
[1.912s] -- Up-to-date: /home/manuel/buggy_ws_beta.a/install/robot_localization/share/robot_localization/cmake/ament_cmake_export_dependencies-extras.cmake
[1.912s] -- Up-to-date: /home/manuel/buggy_ws_beta.a/install/robot_localization/share/robot_localization/cmake/ament_cmake_export_libraries-extras.cmake
[1.913s] -- Up-to-date: /home/manuel/buggy_ws_beta.a/install/robot_localization/share/robot_localization/cmake/ament_cmake_export_targets-extras.cmake
[1.913s] -- Up-to-date: /home/manuel/buggy_ws_beta.a/install/robot_localization/share/robot_localization/cmake/ament_cmake_export_include_directories-extras.cmake
[1.913s] -- Up-to-date: /home/manuel/buggy_ws_beta.a/install/robot_localization/share/robot_localization/cmake/rosidl_cmake_export_typesupport_libraries-extras.cmake
[1.913s] -- Up-to-date: /home/manuel/buggy_ws_beta.a/install/robot_localization/share/robot_localization/cmake/rosidl_cmake_export_typesupport_targets-extras.cmake
[1.913s] -- Up-to-date: /home/manuel/buggy_ws_beta.a/install/robot_localization/share/robot_localization/cmake/robot_localizationConfig.cmake
[1.913s] -- Up-to-date: /home/manuel/buggy_ws_beta.a/install/robot_localization/share/robot_localization/cmake/robot_localizationConfig-version.cmake
[1.913s] -- Up-to-date: /home/manuel/buggy_ws_beta.a/install/robot_localization/share/robot_localization/package.xml
[2.005s] Invoked command in '/home/manuel/buggy_ws_beta.a/build/robot_localization' returned '0': CMAKE_PREFIX_PATH=${CMAKE_PREFIX_PATH}:/home/manuel/buggy_ws_beta.a/install/joint_state_publisher_gui:/home/manuel/buggy_ws_beta.a/install/joint_state_publisher:/home/manuel/buggy_ws_beta.a/install/ackermann_odometry:/home/manuel/buggy_ws_beta.a/install/ackermann_controller:/home/manuel/buggy_space/install/joint_state_publisher_gui:/home/manuel/buggy_space/install/joint_state_publisher:/home/manuel/buggy_space/install/ackermann_odometry:/home/manuel/buggy_space/install/ackermann_controller:/opt/ros/foxy /usr/bin/cmake --install /home/manuel/buggy_ws_beta.a/build/robot_localization
