[0.529s] Invoking command in '/home/manuel/buggy_ws_beta.a/build/robot_localization': CMAKE_PREFIX_PATH=${CMAKE_PREFIX_PATH}:/home/manuel/buggy_space/install/joint_state_publisher_gui:/home/manuel/buggy_space/install/joint_state_publisher:/home/manuel/buggy_space/install/ackermann_odometry:/home/manuel/buggy_space/install/ackermann_controller:/opt/ros/foxy /usr/bin/cmake /home/manuel/buggy_ws_beta.a/src/robot_localization -DCMAKE_INSTALL_PREFIX=/home/manuel/buggy_ws_beta.a/install/robot_localization
[3.310s] -- The C compiler identification is GNU 9.4.0
[3.310s] -- The CXX compiler identification is GNU 9.4.0
[3.310s] -- Check for working C compiler: /usr/bin/cc
[3.310s] -- Check for working C compiler: /usr/bin/cc -- works
[3.310s] -- Detecting C compiler ABI info
[3.310s] -- Detecting C compiler ABI info - done
[3.310s] -- Detecting C compile features
[3.311s] -- Detecting C compile features - done
[3.311s] -- Check for working CXX compiler: /usr/bin/c++
[3.311s] -- Check for working CXX compiler: /usr/bin/c++ -- works
[3.311s] -- Detecting CXX compiler ABI info
[3.311s] -- Detecting CXX compiler ABI info - done
[3.312s] -- Detecting CXX compile features
[3.312s] -- Detecting CXX compile features - done
[3.312s] -- robot_localization: You did not request a specific build type: selecting 'RelWithDebInfo'.
[3.312s] -- Found ament_cmake: 0.9.11 (/opt/ros/foxy/share/ament_cmake/cmake)
[3.312s] -- Found PythonInterp: /usr/bin/python3 (found suitable version "3.8.10", minimum required is "3") 
[3.312s] -- Using PYTHON_EXECUTABLE: /usr/bin/python3
[3.313s] -- Found rclcpp: 2.4.2 (/opt/ros/foxy/share/rclcpp/cmake)
[3.313s] -- Using all available rosidl_typesupport_c: rosidl_typesupport_fastrtps_c;rosidl_typesupport_introspection_c
[3.313s] -- Found rosidl_adapter: 1.3.0 (/opt/ros/foxy/share/rosidl_adapter/cmake)
[3.313s] -- Found OpenSSL: /usr/lib/x86_64-linux-gnu/libcrypto.so (found version "1.1.1f")  
[3.313s] -- Found FastRTPS: /opt/ros/foxy/include  
[3.313s] -- Using all available rosidl_typesupport_cpp: rosidl_typesupport_fastrtps_cpp;rosidl_typesupport_introspection_cpp
[3.313s] -- Found rmw_implementation_cmake: 1.0.3 (/opt/ros/foxy/share/rmw_implementation_cmake/cmake)
[3.314s] -- Using RMW implementation 'rmw_fastrtps_cpp' as default
[3.314s] -- Looking for pthread.h
[3.314s] -- Looking for pthread.h - found
[3.314s] -- Performing Test CMAKE_HAVE_LIBC_PTHREAD
[3.314s] -- Performing Test CMAKE_HAVE_LIBC_PTHREAD - Failed
[3.314s] -- Looking for pthread_create in pthreads
[3.315s] -- Looking for pthread_create in pthreads - not found
[3.315s] -- Looking for pthread_create in pthread
[3.315s] -- Looking for pthread_create in pthread - found
[3.315s] -- Found Threads: TRUE  
[3.379s] -- Found diagnostic_msgs: 2.0.5 (/opt/ros/foxy/share/diagnostic_msgs/cmake)
[3.469s] -- Found diagnostic_updater: 2.0.8 (/opt/ros/foxy/share/diagnostic_updater/cmake)
[3.520s] -- Found geographic_msgs: 1.0.4 (/opt/ros/foxy/share/geographic_msgs/cmake)
[3.899s] -- Found nav_msgs: 2.0.5 (/opt/ros/foxy/share/nav_msgs/cmake)
[4.339s] -- Found rosidl_default_generators: 1.0.1 (/opt/ros/foxy/share/rosidl_default_generators/cmake)
[4.459s] -- Found sensor_msgs: 2.0.5 (/opt/ros/foxy/share/sensor_msgs/cmake)
[5.039s] -- Found std_srvs: 2.0.5 (/opt/ros/foxy/share/std_srvs/cmake)
[5.118s] -- Found tf2: 0.13.13 (/opt/ros/foxy/share/tf2/cmake)
[5.199s] -- Found tf2_eigen: 0.13.13 (/opt/ros/foxy/share/tf2_eigen/cmake)
[8.288s] -- Found tf2_geometry_msgs: 0.13.13 (/opt/ros/foxy/share/tf2_geometry_msgs/cmake)
[8.367s] -- Found Eigen3: TRUE (found version "3.3.7") 
[8.704s] -- Found Boost: /usr/lib/x86_64-linux-gnu/cmake/Boost-1.71.0/BoostConfig.cmake (found version "1.71.0")  
[8.708s] -- Found yaml_cpp_vendor: 7.0.3 (/opt/ros/foxy/share/yaml_cpp_vendor/cmake)
[8.708s] -- Setting yaml-cpp_DIR to: '/opt/ros/foxy/share/yaml_cpp_vendor/cmake/../../../opt/yaml_cpp_vendor/lib/cmake/yaml-cpp'
[8.723s] -- Found GeographicLib: /usr/lib/x86_64-linux-gnu  
[8.875s] -- Found PythonInterp: /usr/bin/python3 (found version "3.8.10") 
[10.400s] -- Found ament_cmake_cppcheck: 0.9.7 (/opt/ros/foxy/share/ament_cmake_cppcheck/cmake)
[10.405s] -- Found ament_cmake_cpplint: 0.9.7 (/opt/ros/foxy/share/ament_cmake_cpplint/cmake)
[10.431s] -- Found ament_cmake_uncrustify: 0.9.7 (/opt/ros/foxy/share/ament_cmake_uncrustify/cmake)
[10.444s] -- Found ament_cmake_ros: 0.9.2 (/opt/ros/foxy/share/ament_cmake_ros/cmake)
[12.368s] -- Using all available rosidl_typesupport_c: rosidl_typesupport_fastrtps_c;rosidl_typesupport_introspection_c
[13.169s] -- Using all available rosidl_typesupport_cpp: rosidl_typesupport_fastrtps_cpp;rosidl_typesupport_introspection_cpp
[13.346s] -- Found PythonInterp: /usr/bin/python3 (found suitable version "3.8.10", minimum required is "3.5") 
[13.350s] -- Found python_cmake_module: 0.8.1 (/opt/ros/foxy/share/python_cmake_module/cmake)
[13.475s] -- Found PythonLibs: /usr/lib/x86_64-linux-gnu/libpython3.8.so (found suitable version "3.8.10", minimum required is "3.5") 
[13.476s] -- Using PYTHON_EXECUTABLE: /usr/bin/python3
[13.476s] -- Using PYTHON_INCLUDE_DIRS: /usr/include/python3.8
[13.476s] -- Using PYTHON_LIBRARIES: /usr/lib/x86_64-linux-gnu/libpython3.8.so
[13.618s] -- Found PythonExtra: .so  
[14.508s] -- Found ament_cmake_flake8: 0.9.7 (/opt/ros/foxy/share/ament_cmake_flake8/cmake)
[14.533s] -- Found ament_cmake_pep257: 0.9.7 (/opt/ros/foxy/share/ament_cmake_pep257/cmake)
[14.832s] -- Found ament_cmake_lint_cmake: 0.9.7 (/opt/ros/foxy/share/ament_cmake_lint_cmake/cmake)
[14.850s] -- Found launch_testing_ament_cmake: 0.10.10 (/opt/ros/foxy/share/launch_testing_ament_cmake/cmake)
[14.942s] -- Using PYTHON_EXECUTABLE: /usr/bin/python3
[14.942s] -- Using PYTHON_INCLUDE_DIRS: /usr/include/python3.8
[14.942s] -- Using PYTHON_LIBRARIES: /usr/lib/x86_64-linux-gnu/libpython3.8.so
[14.950s] -- Found gtest sources under '/opt/ros/foxy/src/gtest_vendor': C++ tests using 'Google Test' will be built
[14.959s] -- Check if compiler accepts -pthread
[15.471s] -- Check if compiler accepts -pthread - yes
[15.620s] -- Configuring done
[17.303s] -- Generating done
[17.323s] -- Build files have been written to: /home/manuel/buggy_ws_beta.a/build/robot_localization
[17.393s] Invoked command in '/home/manuel/buggy_ws_beta.a/build/robot_localization' returned '0': CMAKE_PREFIX_PATH=${CMAKE_PREFIX_PATH}:/home/manuel/buggy_space/install/joint_state_publisher_gui:/home/manuel/buggy_space/install/joint_state_publisher:/home/manuel/buggy_space/install/ackermann_odometry:/home/manuel/buggy_space/install/ackermann_controller:/opt/ros/foxy /usr/bin/cmake /home/manuel/buggy_ws_beta.a/src/robot_localization -DCMAKE_INSTALL_PREFIX=/home/manuel/buggy_ws_beta.a/install/robot_localization
[17.394s] Invoking command in '/home/manuel/buggy_ws_beta.a/build/robot_localization': CMAKE_PREFIX_PATH=${CMAKE_PREFIX_PATH}:/home/manuel/buggy_space/install/joint_state_publisher_gui:/home/manuel/buggy_space/install/joint_state_publisher:/home/manuel/buggy_space/install/ackermann_odometry:/home/manuel/buggy_space/install/ackermann_controller:/opt/ros/foxy /usr/bin/cmake --build /home/manuel/buggy_ws_beta.a/build/robot_localization -- -j16 -l16
[21.140s] [35m[1mScanning dependencies of target gtest[0m
[21.140s] [35m[1mScanning dependencies of target robot_localization__cpp[0m
[21.141s] [  1%] [34m[1mGenerating C code for ROS interfaces[0m
[21.141s] [35m[1mScanning dependencies of target gtest_main[0m
[21.141s] [  2%] [32mBuilding CXX object gtest/CMakeFiles/gtest_main.dir/src/gtest_main.cc.o[0m
[21.141s] [  3%] [32mBuilding CXX object gtest/CMakeFiles/gtest.dir/src/gtest-all.cc.o[0m
[21.141s] [  4%] [34m[1mGenerating C++ code for ROS interfaces[0m
[21.800s] [  4%] Built target robot_localization__cpp
[21.909s] [  5%] [34m[1mGenerating C++ type support dispatch for ROS interfaces[0m
[21.942s] [  6%] [34m[1mGenerating C++ introspection for ROS interfaces[0m
[21.947s] [  7%] [34m[1mGenerating C++ type support for eProsima Fast-RTPS[0m
[22.255s] [  7%] [32m[1mLinking CXX static library libgtest_main.a[0m
[22.544s] [  7%] Built target gtest_main
[22.581s] [35m[1mScanning dependencies of target robot_localization__rosidl_generator_c[0m
[22.692s] [  7%] [32mBuilding C object CMakeFiles/robot_localization__rosidl_generator_c.dir/rosidl_generator_c/robot_localization/srv/detail/from_ll__functions.c.o[0m
[22.732s] [  8%] [32mBuilding C object CMakeFiles/robot_localization__rosidl_generator_c.dir/rosidl_generator_c/robot_localization/srv/detail/set_datum__functions.c.o[0m
[22.739s] [  9%] [32mBuilding C object CMakeFiles/robot_localization__rosidl_generator_c.dir/rosidl_generator_c/robot_localization/srv/detail/get_state__functions.c.o[0m
[22.779s] [ 10%] [32mBuilding C object CMakeFiles/robot_localization__rosidl_generator_c.dir/rosidl_generator_c/robot_localization/srv/detail/set_pose__functions.c.o[0m
[22.788s] [ 11%] [32mBuilding C object CMakeFiles/robot_localization__rosidl_generator_c.dir/rosidl_generator_c/robot_localization/srv/detail/toggle_filter_processing__functions.c.o[0m
[22.864s] [ 12%] [32mBuilding C object CMakeFiles/robot_localization__rosidl_generator_c.dir/rosidl_generator_c/robot_localization/srv/detail/to_ll__functions.c.o[0m
[23.942s] [ 13%] [32m[1mLinking C shared library librobot_localization__rosidl_generator_c.so[0m
[24.215s] [ 13%] Built target robot_localization__rosidl_generator_c
[24.335s] [ 14%] [34m[1mGenerating C type support dispatch for ROS interfaces[0m
[24.335s] [ 15%] [34m[1mGenerating C introspection for ROS interfaces[0m
[25.204s] [35m[1mScanning dependencies of target robot_localization__rosidl_typesupport_cpp[0m
[25.395s] [ 16%] [32mBuilding CXX object CMakeFiles/robot_localization__rosidl_typesupport_cpp.dir/rosidl_typesupport_cpp/robot_localization/srv/from_ll__type_support.cpp.o[0m
[25.405s] [ 17%] [32mBuilding CXX object CMakeFiles/robot_localization__rosidl_typesupport_cpp.dir/rosidl_typesupport_cpp/robot_localization/srv/get_state__type_support.cpp.o[0m
[25.417s] [ 18%] [32mBuilding CXX object CMakeFiles/robot_localization__rosidl_typesupport_cpp.dir/rosidl_typesupport_cpp/robot_localization/srv/set_pose__type_support.cpp.o[0m
[25.447s] [ 19%] [32mBuilding CXX object CMakeFiles/robot_localization__rosidl_typesupport_cpp.dir/rosidl_typesupport_cpp/robot_localization/srv/toggle_filter_processing__type_support.cpp.o[0m
[25.451s] [ 20%] [32mBuilding CXX object CMakeFiles/robot_localization__rosidl_typesupport_cpp.dir/rosidl_typesupport_cpp/robot_localization/srv/set_datum__type_support.cpp.o[0m
[25.451s] [ 20%] [32mBuilding CXX object CMakeFiles/robot_localization__rosidl_typesupport_cpp.dir/rosidl_typesupport_cpp/robot_localization/srv/to_ll__type_support.cpp.o[0m
[25.617s] [35m[1mScanning dependencies of target robot_localization__rosidl_typesupport_introspection_cpp[0m
[25.833s] [ 20%] [32mBuilding CXX object CMakeFiles/robot_localization__rosidl_typesupport_introspection_cpp.dir/rosidl_typesupport_introspection_cpp/robot_localization/srv/detail/from_ll__type_support.cpp.o[0m
[25.863s] [ 22%] [32mBuilding CXX object CMakeFiles/robot_localization__rosidl_typesupport_introspection_cpp.dir/rosidl_typesupport_introspection_cpp/robot_localization/srv/detail/get_state__type_support.cpp.o[0m
[25.863s] [ 21%] [32mBuilding CXX object CMakeFiles/robot_localization__rosidl_typesupport_introspection_cpp.dir/rosidl_typesupport_introspection_cpp/robot_localization/srv/detail/set_datum__type_support.cpp.o[0m
[25.889s] [ 24%] [32mBuilding CXX object CMakeFiles/robot_localization__rosidl_typesupport_introspection_cpp.dir/rosidl_typesupport_introspection_cpp/robot_localization/srv/detail/set_pose__type_support.cpp.o[0m
[25.889s] [ 24%] [32mBuilding CXX object CMakeFiles/robot_localization__rosidl_typesupport_introspection_cpp.dir/rosidl_typesupport_introspection_cpp/robot_localization/srv/detail/to_ll__type_support.cpp.o[0m
[25.919s] [ 25%] [32mBuilding CXX object CMakeFiles/robot_localization__rosidl_typesupport_introspection_cpp.dir/rosidl_typesupport_introspection_cpp/robot_localization/srv/detail/toggle_filter_processing__type_support.cpp.o[0m
[26.814s] [35m[1mScanning dependencies of target robot_localization__rosidl_typesupport_fastrtps_cpp[0m
[27.094s] [ 26%] [32mBuilding CXX object CMakeFiles/robot_localization__rosidl_typesupport_fastrtps_cpp.dir/rosidl_typesupport_fastrtps_cpp/robot_localization/srv/detail/dds_fastrtps/from_ll__type_support.cpp.o[0m
[28.330s] [35m[1mScanning dependencies of target robot_localization__rosidl_typesupport_c[0m
[28.469s] [ 26%] [32mBuilding CXX object CMakeFiles/robot_localization__rosidl_typesupport_c.dir/rosidl_typesupport_c/robot_localization/srv/from_ll__type_support.cpp.o[0m
[28.622s] [ 27%] [32m[1mLinking CXX shared library librobot_localization__rosidl_typesupport_cpp.so[0m
[28.692s] [ 28%] [32mBuilding CXX object CMakeFiles/robot_localization__rosidl_typesupport_c.dir/rosidl_typesupport_c/robot_localization/srv/set_datum__type_support.cpp.o[0m
[28.876s] [ 29%] [32mBuilding CXX object CMakeFiles/robot_localization__rosidl_typesupport_c.dir/rosidl_typesupport_c/robot_localization/srv/to_ll__type_support.cpp.o[0m
[28.912s] [ 29%] Built target robot_localization__rosidl_typesupport_cpp
[29.015s] [ 30%] [32mBuilding CXX object CMakeFiles/robot_localization__rosidl_typesupport_c.dir/rosidl_typesupport_c/robot_localization/srv/toggle_filter_processing__type_support.cpp.o[0m
[29.199s] [35m[1mScanning dependencies of target robot_localization__rosidl_typesupport_introspection_c[0m
[29.199s] [ 31%] [32mBuilding CXX object CMakeFiles/robot_localization__rosidl_typesupport_c.dir/rosidl_typesupport_c/robot_localization/srv/set_pose__type_support.cpp.o[0m
[29.231s] [ 32%] [32m[1mLinking CXX shared library librobot_localization__rosidl_typesupport_introspection_cpp.so[0m
[29.266s] [ 33%] [32mBuilding C object CMakeFiles/robot_localization__rosidl_typesupport_introspection_c.dir/rosidl_typesupport_introspection_c/robot_localization/srv/detail/from_ll__type_support.c.o[0m
[29.372s] [ 34%] [32mBuilding CXX object CMakeFiles/robot_localization__rosidl_typesupport_c.dir/rosidl_typesupport_c/robot_localization/srv/get_state__type_support.cpp.o[0m
[29.439s] [ 34%] Built target robot_localization__rosidl_typesupport_introspection_cpp
[29.454s] [ 35%] [32mBuilding C object CMakeFiles/robot_localization__rosidl_typesupport_introspection_c.dir/rosidl_typesupport_introspection_c/robot_localization/srv/detail/to_ll__type_support.c.o[0m
[29.492s] [ 36%] [32m[1mLinking CXX shared library librobot_localization__rosidl_typesupport_c.so[0m
[29.626s] [ 37%] [32mBuilding C object CMakeFiles/robot_localization__rosidl_typesupport_introspection_c.dir/rosidl_typesupport_introspection_c/robot_localization/srv/detail/toggle_filter_processing__type_support.c.o[0m
[29.748s] [ 37%] Built target robot_localization__rosidl_typesupport_c
[29.794s] [ 38%] [32mBuilding CXX object CMakeFiles/robot_localization__rosidl_typesupport_fastrtps_cpp.dir/rosidl_typesupport_fastrtps_cpp/robot_localization/srv/detail/dds_fastrtps/to_ll__type_support.cpp.o[0m
[29.833s] [ 39%] [32mBuilding C object CMakeFiles/robot_localization__rosidl_typesupport_introspection_c.dir/rosidl_typesupport_introspection_c/robot_localization/srv/detail/set_pose__type_support.c.o[0m
[30.075s] [ 39%] [32mBuilding C object CMakeFiles/robot_localization__rosidl_typesupport_introspection_c.dir/rosidl_typesupport_introspection_c/robot_localization/srv/detail/set_datum__type_support.c.o[0m
[30.414s] [ 40%] [32mBuilding C object CMakeFiles/robot_localization__rosidl_typesupport_introspection_c.dir/rosidl_typesupport_introspection_c/robot_localization/srv/detail/get_state__type_support.c.o[0m
[30.584s] [ 41%] [32m[1mLinking C shared library librobot_localization__rosidl_typesupport_introspection_c.so[0m
[30.702s] [ 41%] Built target robot_localization__rosidl_typesupport_introspection_c
[31.355s] [ 42%] [32mBuilding CXX object CMakeFiles/robot_localization__rosidl_typesupport_fastrtps_cpp.dir/rosidl_typesupport_fastrtps_cpp/robot_localization/srv/detail/dds_fastrtps/toggle_filter_processing__type_support.cpp.o[0m
[32.634s] [ 42%] [32mBuilding CXX object CMakeFiles/robot_localization__rosidl_typesupport_fastrtps_cpp.dir/rosidl_typesupport_fastrtps_cpp/robot_localization/srv/detail/dds_fastrtps/set_pose__type_support.cpp.o[0m
[33.875s] [ 43%] [32mBuilding CXX object CMakeFiles/robot_localization__rosidl_typesupport_fastrtps_cpp.dir/rosidl_typesupport_fastrtps_cpp/robot_localization/srv/detail/dds_fastrtps/set_datum__type_support.cpp.o[0m
[34.943s] [ 44%] [32mBuilding CXX object CMakeFiles/robot_localization__rosidl_typesupport_fastrtps_cpp.dir/rosidl_typesupport_fastrtps_cpp/robot_localization/srv/detail/dds_fastrtps/get_state__type_support.cpp.o[0m
[36.126s] [ 45%] [32m[1mLinking CXX shared library librobot_localization__rosidl_typesupport_fastrtps_cpp.so[0m
[36.337s] [ 45%] Built target robot_localization__rosidl_typesupport_fastrtps_cpp
[47.585s] [ 46%] [32m[1mLinking CXX static library libgtest.a[0m
[47.719s] [ 46%] Built target gtest
[47.738s] [ 47%] [34m[1mGenerating C type support for eProsima Fast-RTPS[0m
[48.498s] [35m[1mScanning dependencies of target robot_localization__rosidl_typesupport_fastrtps_c[0m
[48.537s] [ 48%] [32mBuilding CXX object CMakeFiles/robot_localization__rosidl_typesupport_fastrtps_c.dir/rosidl_typesupport_fastrtps_c/robot_localization/srv/detail/from_ll__type_support_c.cpp.o[0m
[49.050s] [ 48%] [32mBuilding CXX object CMakeFiles/robot_localization__rosidl_typesupport_fastrtps_c.dir/rosidl_typesupport_fastrtps_c/robot_localization/srv/detail/to_ll__type_support_c.cpp.o[0m
[49.566s] [ 49%] [32mBuilding CXX object CMakeFiles/robot_localization__rosidl_typesupport_fastrtps_c.dir/rosidl_typesupport_fastrtps_c/robot_localization/srv/detail/toggle_filter_processing__type_support_c.cpp.o[0m
[50.110s] [ 50%] [32mBuilding CXX object CMakeFiles/robot_localization__rosidl_typesupport_fastrtps_c.dir/rosidl_typesupport_fastrtps_c/robot_localization/srv/detail/set_pose__type_support_c.cpp.o[0m
[50.622s] [ 51%] [32mBuilding CXX object CMakeFiles/robot_localization__rosidl_typesupport_fastrtps_c.dir/rosidl_typesupport_fastrtps_c/robot_localization/srv/detail/set_datum__type_support_c.cpp.o[0m
[51.136s] [ 52%] [32mBuilding CXX object CMakeFiles/robot_localization__rosidl_typesupport_fastrtps_c.dir/rosidl_typesupport_fastrtps_c/robot_localization/srv/detail/get_state__type_support_c.cpp.o[0m
[51.755s] [ 53%] [32m[1mLinking CXX shared library librobot_localization__rosidl_typesupport_fastrtps_c.so[0m
[51.872s] [ 53%] Built target robot_localization__rosidl_typesupport_fastrtps_c
[51.884s] [35m[1mScanning dependencies of target robot_localization[0m
[51.896s] [ 53%] Built target robot_localization
[51.909s] [35m[1mScanning dependencies of target rl_lib[0m
[52.040s] [ 54%] [32mBuilding CXX object CMakeFiles/rl_lib.dir/src/ekf.cpp.o[0m
[60.319s] [ 55%] [32mBuilding CXX object CMakeFiles/rl_lib.dir/src/ros_robot_localization_listener.cpp.o[0m
[60.324s] [ 56%] [32mBuilding CXX object CMakeFiles/rl_lib.dir/src/ros_filter_utilities.cpp.o[0m
[65.428s] [ 57%] [32mBuilding CXX object CMakeFiles/rl_lib.dir/src/robot_localization_estimator.cpp.o[0m
[65.428s] [ 57%] [32mBuilding CXX object CMakeFiles/rl_lib.dir/src/navsat_transform.cpp.o[0m
[65.429s] [ 58%] [32mBuilding CXX object CMakeFiles/rl_lib.dir/src/ros_filter.cpp.o[0m
[69.911s] [ 59%] [32mBuilding CXX object CMakeFiles/rl_lib.dir/src/filter_utilities.cpp.o[0m
[69.912s] [ 60%] [32mBuilding CXX object CMakeFiles/rl_lib.dir/src/filter_base.cpp.o[0m
[69.929s] [ 61%] [32mBuilding CXX object CMakeFiles/rl_lib.dir/src/ukf.cpp.o[0m
[152.808s] [ 62%] [32m[1mLinking CXX shared library librl_lib.so[0m
[154.230s] [ 62%] Built target rl_lib
[154.249s] [35m[1mScanning dependencies of target test_ros_robot_localization_listener_publisher[0m
[154.249s] [35m[1mScanning dependencies of target test_navsat_conversions[0m
[154.249s] [35m[1mScanning dependencies of target robot_localization__py[0m
[154.249s] [35m[1mScanning dependencies of target test_ekf[0m
[154.250s] [35m[1mScanning dependencies of target test_robot_localization_estimator[0m
[154.250s] [35m[1mScanning dependencies of target test_ukf[0m
[154.251s] [35m[1mScanning dependencies of target ukf_node[0m
[154.251s] [35m[1mScanning dependencies of target navsat_transform_node[0m
[154.252s] [35m[1mScanning dependencies of target test_ros_robot_localization_listener[0m
[154.256s] [35m[1mScanning dependencies of target filter_base-test[0m
[154.258s] [35m[1mScanning dependencies of target ekf_node[0m
[154.264s] [35m[1mScanning dependencies of target test_navsat_transform[0m
[154.278s] [35m[1mScanning dependencies of target robot_localization_listener_node[0m
[154.307s] [ 63%] [34m[1mGenerating Python code for ROS interfaces[0m
[154.337s] [ 63%] [32mBuilding CXX object CMakeFiles/test_navsat_conversions.dir/test/test_navsat_conversions.cpp.o[0m
[154.365s] [ 63%] [32mBuilding CXX object CMakeFiles/test_ros_robot_localization_listener_publisher.dir/test/test_ros_robot_localization_listener_publisher.cpp.o[0m
[154.378s] [ 64%] [32mBuilding CXX object CMakeFiles/test_navsat_transform.dir/test/test_navsat_transform.cpp.o[0m
[154.388s] [ 65%] [32mBuilding CXX object CMakeFiles/filter_base-test.dir/test/test_filter_base.cpp.o[0m
[154.411s] [ 66%] [32mBuilding CXX object CMakeFiles/test_robot_localization_estimator.dir/test/test_robot_localization_estimator.cpp.o[0m
[154.417s] [ 67%] [32mBuilding CXX object CMakeFiles/navsat_transform_node.dir/src/navsat_transform_node.cpp.o[0m
[154.420s] [ 68%] [32mBuilding CXX object CMakeFiles/test_ukf.dir/test/test_ukf.cpp.o[0m
[154.429s] [ 68%] [32mBuilding CXX object CMakeFiles/ekf_node.dir/src/ekf_node.cpp.o[0m
[154.436s] [ 69%] [32mBuilding CXX object CMakeFiles/test_ekf.dir/test/test_ekf.cpp.o[0m
[154.447s] [ 70%] [32mBuilding CXX object CMakeFiles/ukf_node.dir/src/ukf_node.cpp.o[0m
[154.475s] [ 71%] [32mBuilding CXX object CMakeFiles/test_ros_robot_localization_listener.dir/test/test_ros_robot_localization_listener.cpp.o[0m
[154.547s] [ 72%] [32mBuilding CXX object CMakeFiles/robot_localization_listener_node.dir/src/robot_localization_listener_node.cpp.o[0m
[156.814s] [ 73%] [32m[1mLinking CXX executable test_navsat_conversions[0m
[157.346s] [ 73%] Built target test_navsat_conversions
[157.936s] [ 73%] Built target robot_localization__py
[157.958s] [35m[1mScanning dependencies of target robot_localization__python[0m
[158.025s] [ 74%] [32mBuilding C object CMakeFiles/robot_localization__python.dir/rosidl_generator_py/robot_localization/srv/_from_ll_s.c.o[0m
[158.047s] [ 74%] [32mBuilding C object CMakeFiles/robot_localization__python.dir/rosidl_generator_py/robot_localization/srv/_get_state_s.c.o[0m
[158.065s] [ 75%] [32mBuilding C object CMakeFiles/robot_localization__python.dir/rosidl_generator_py/robot_localization/srv/_set_datum_s.c.o[0m
[158.098s] [ 76%] [32mBuilding C object CMakeFiles/robot_localization__python.dir/rosidl_generator_py/robot_localization/srv/_set_pose_s.c.o[0m
[158.143s] [ 77%] [32mBuilding C object CMakeFiles/robot_localization__python.dir/rosidl_generator_py/robot_localization/srv/_toggle_filter_processing_s.c.o[0m
[158.478s] [ 78%] [32mBuilding C object CMakeFiles/robot_localization__python.dir/rosidl_generator_py/robot_localization/srv/_to_ll_s.c.o[0m
[158.843s] [ 79%] [32m[1mLinking C shared library rosidl_generator_py/robot_localization/librobot_localization__python.so[0m
[158.952s] [ 79%] Built target robot_localization__python
[158.974s] [35m[1mScanning dependencies of target robot_localization__rosidl_typesupport_fastrtps_c__pyext[0m
[158.975s] [35m[1mScanning dependencies of target robot_localization__rosidl_typesupport_introspection_c__pyext[0m
[159.014s] [35m[1mScanning dependencies of target robot_localization__rosidl_typesupport_c__pyext[0m
[159.032s] [ 80%] [32mBuilding C object CMakeFiles/robot_localization__rosidl_typesupport_fastrtps_c__pyext.dir/rosidl_generator_py/robot_localization/_robot_localization_s.ep.rosidl_typesupport_fastrtps_c.c.o[0m
[159.042s] [ 81%] [32mBuilding C object CMakeFiles/robot_localization__rosidl_typesupport_introspection_c__pyext.dir/rosidl_generator_py/robot_localization/_robot_localization_s.ep.rosidl_typesupport_introspection_c.c.o[0m
[159.080s] [ 82%] [32mBuilding C object CMakeFiles/robot_localization__rosidl_typesupport_c__pyext.dir/rosidl_generator_py/robot_localization/_robot_localization_s.ep.rosidl_typesupport_c.c.o[0m
[159.690s] [ 83%] [32m[1mLinking CXX shared library rosidl_generator_py/robot_localization/robot_localization_s__rosidl_typesupport_fastrtps_c.cpython-38-x86_64-linux-gnu.so[0m
[159.769s] [ 83%] [32m[1mLinking C shared library rosidl_generator_py/robot_localization/robot_localization_s__rosidl_typesupport_c.cpython-38-x86_64-linux-gnu.so[0m
[159.917s] [ 83%] Built target robot_localization__rosidl_typesupport_c__pyext
[159.951s] [ 83%] Built target robot_localization__rosidl_typesupport_fastrtps_c__pyext
[159.978s] [ 84%] [32m[1mLinking C shared library rosidl_generator_py/robot_localization/robot_localization_s__rosidl_typesupport_introspection_c.cpython-38-x86_64-linux-gnu.so[0m
[160.072s] [ 84%] Built target robot_localization__rosidl_typesupport_introspection_c__pyext
[161.109s] [ 85%] [32m[1mLinking CXX executable filter_base-test[0m
[161.536s] [ 85%] Built target filter_base-test
[161.893s] [ 86%] [32m[1mLinking CXX executable navsat_transform_node[0m
[162.163s] [ 86%] Built target navsat_transform_node
[163.187s] [ 87%] [32m[1mLinking CXX executable test_navsat_transform[0m
[163.474s] [ 87%] Built target test_navsat_transform
[164.569s] [ 88%] [32m[1mLinking CXX executable test_robot_localization_estimator[0m
[164.932s] [ 89%] [32m[1mLinking CXX executable ekf_node[0m
[164.970s] [ 90%] [32m[1mLinking CXX executable ukf_node[0m
[165.017s] [ 90%] Built target test_robot_localization_estimator
[165.226s] [ 90%] Built target ekf_node
[165.239s] [35m[1mScanning dependencies of target test_ekf_localization_node_interfaces[0m
[165.244s] [35m[1mScanning dependencies of target test_filter_base_diagnostics_timestamps[0m
[165.295s] [ 91%] [32mBuilding CXX object CMakeFiles/test_ekf_localization_node_interfaces.dir/test/test_ekf_localization_node_interfaces.cpp.o[0m
[165.338s] [ 91%] Built target ukf_node
[165.356s] [35m[1mScanning dependencies of target test_ukf_localization_node_interfaces[0m
[165.373s] [ 92%] [32mBuilding CXX object CMakeFiles/test_filter_base_diagnostics_timestamps.dir/test/test_filter_base_diagnostics_timestamps.cpp.o[0m
[165.393s] [ 92%] [32m[1mLinking CXX executable robot_localization_listener_node[0m
[165.444s] [ 93%] [32mBuilding CXX object CMakeFiles/test_ukf_localization_node_interfaces.dir/test/test_ukf_localization_node_interfaces.cpp.o[0m
[165.545s] [ 94%] [32m[1mLinking CXX executable test_ros_robot_localization_listener[0m
[165.657s] [ 94%] Built target robot_localization_listener_node
[165.667s] [ 95%] [32m[1mLinking CXX executable test_ekf[0m
[165.739s] [ 96%] [32m[1mLinking CXX executable test_ukf[0m
[165.903s] [ 96%] Built target test_ros_robot_localization_listener
[166.033s] [ 96%] Built target test_ekf
[166.094s] [ 96%] Built target test_ukf
[166.616s] [ 97%] [32m[1mLinking CXX executable test_ros_robot_localization_listener_publisher[0m
[166.833s] [ 97%] Built target test_ros_robot_localization_listener_publisher
[182.892s] [ 98%] [32m[1mLinking CXX executable test_filter_base_diagnostics_timestamps[0m
[183.220s] [ 98%] Built target test_filter_base_diagnostics_timestamps
[184.895s] [ 99%] [32m[1mLinking CXX executable test_ekf_localization_node_interfaces[0m
[185.103s] [100%] [32m[1mLinking CXX executable test_ukf_localization_node_interfaces[0m
[185.201s] [100%] Built target test_ekf_localization_node_interfaces
[185.393s] [100%] Built target test_ukf_localization_node_interfaces
[185.404s] Invoked command in '/home/manuel/buggy_ws_beta.a/build/robot_localization' returned '0': CMAKE_PREFIX_PATH=${CMAKE_PREFIX_PATH}:/home/manuel/buggy_space/install/joint_state_publisher_gui:/home/manuel/buggy_space/install/joint_state_publisher:/home/manuel/buggy_space/install/ackermann_odometry:/home/manuel/buggy_space/install/ackermann_controller:/opt/ros/foxy /usr/bin/cmake --build /home/manuel/buggy_ws_beta.a/build/robot_localization -- -j16 -l16
[185.836s] Invoking command in '/home/manuel/buggy_ws_beta.a/build/robot_localization': CMAKE_PREFIX_PATH=${CMAKE_PREFIX_PATH}:/home/manuel/buggy_space/install/joint_state_publisher_gui:/home/manuel/buggy_space/install/joint_state_publisher:/home/manuel/buggy_space/install/ackermann_odometry:/home/manuel/buggy_space/install/ackermann_controller:/opt/ros/foxy /usr/bin/cmake --install /home/manuel/buggy_ws_beta.a/build/robot_localization
[185.863s] -- Install configuration: "RelWithDebInfo"
[185.863s] -- Installing: /home/manuel/buggy_ws_beta.a/install/robot_localization/share/ament_index/resource_index/rosidl_interfaces/robot_localization
[185.864s] -- Installing: /home/manuel/buggy_ws_beta.a/install/robot_localization/include/robot_localization
[185.864s] -- Installing: /home/manuel/buggy_ws_beta.a/install/robot_localization/include/robot_localization/srv
[185.864s] -- Installing: /home/manuel/buggy_ws_beta.a/install/robot_localization/include/robot_localization/srv/detail
[185.865s] -- Installing: /home/manuel/buggy_ws_beta.a/install/robot_localization/include/robot_localization/srv/detail/set_pose__functions.c
[185.865s] -- Installing: /home/manuel/buggy_ws_beta.a/install/robot_localization/include/robot_localization/srv/detail/to_ll__functions.h
[185.865s] -- Installing: /home/manuel/buggy_ws_beta.a/install/robot_localization/include/robot_localization/srv/detail/set_datum__type_support.h
[185.866s] -- Installing: /home/manuel/buggy_ws_beta.a/install/robot_localization/include/robot_localization/srv/detail/set_datum__struct.h
[185.866s] -- Installing: /home/manuel/buggy_ws_beta.a/install/robot_localization/include/robot_localization/srv/detail/set_pose__type_support.h
[185.866s] -- Installing: /home/manuel/buggy_ws_beta.a/install/robot_localization/include/robot_localization/srv/detail/to_ll__struct.h
[185.866s] -- Installing: /home/manuel/buggy_ws_beta.a/install/robot_localization/include/robot_localization/srv/detail/to_ll__functions.c
[185.867s] -- Installing: /home/manuel/buggy_ws_beta.a/install/robot_localization/include/robot_localization/srv/detail/set_datum__functions.c
[185.867s] -- Installing: /home/manuel/buggy_ws_beta.a/install/robot_localization/include/robot_localization/srv/detail/toggle_filter_processing__functions.h
[185.867s] -- Installing: /home/manuel/buggy_ws_beta.a/install/robot_localization/include/robot_localization/srv/detail/from_ll__functions.h
[185.867s] -- Installing: /home/manuel/buggy_ws_beta.a/install/robot_localization/include/robot_localization/srv/detail/from_ll__functions.c
[185.867s] -- Installing: /home/manuel/buggy_ws_beta.a/install/robot_localization/include/robot_localization/srv/detail/set_pose__functions.h
[185.868s] -- Installing: /home/manuel/buggy_ws_beta.a/install/robot_localization/include/robot_localization/srv/detail/toggle_filter_processing__struct.h
[185.868s] -- Installing: /home/manuel/buggy_ws_beta.a/install/robot_localization/include/robot_localization/srv/detail/from_ll__struct.h
[185.868s] -- Installing: /home/manuel/buggy_ws_beta.a/install/robot_localization/include/robot_localization/srv/detail/get_state__functions.c
[185.868s] -- Installing: /home/manuel/buggy_ws_beta.a/install/robot_localization/include/robot_localization/srv/detail/toggle_filter_processing__functions.c
[185.868s] -- Installing: /home/manuel/buggy_ws_beta.a/install/robot_localization/include/robot_localization/srv/detail/from_ll__type_support.h
[185.869s] -- Installing: /home/manuel/buggy_ws_beta.a/install/robot_localization/include/robot_localization/srv/detail/set_pose__struct.h
[185.869s] -- Installing: /home/manuel/buggy_ws_beta.a/install/robot_localization/include/robot_localization/srv/detail/get_state__type_support.h
[185.869s] -- Installing: /home/manuel/buggy_ws_beta.a/install/robot_localization/include/robot_localization/srv/detail/get_state__struct.h
[185.869s] -- Installing: /home/manuel/buggy_ws_beta.a/install/robot_localization/include/robot_localization/srv/detail/to_ll__type_support.h
[185.869s] -- Installing: /home/manuel/buggy_ws_beta.a/install/robot_localization/include/robot_localization/srv/detail/toggle_filter_processing__type_support.h
[185.870s] -- Installing: /home/manuel/buggy_ws_beta.a/install/robot_localization/include/robot_localization/srv/detail/get_state__functions.h
[185.870s] -- Installing: /home/manuel/buggy_ws_beta.a/install/robot_localization/include/robot_localization/srv/detail/set_datum__functions.h
[185.870s] -- Installing: /home/manuel/buggy_ws_beta.a/install/robot_localization/include/robot_localization/srv/to_ll.h
[185.870s] -- Installing: /home/manuel/buggy_ws_beta.a/install/robot_localization/include/robot_localization/srv/get_state.h
[185.870s] -- Installing: /home/manuel/buggy_ws_beta.a/install/robot_localization/include/robot_localization/srv/set_datum.h
[185.870s] -- Installing: /home/manuel/buggy_ws_beta.a/install/robot_localization/include/robot_localization/srv/toggle_filter_processing.h
[185.870s] -- Installing: /home/manuel/buggy_ws_beta.a/install/robot_localization/include/robot_localization/srv/set_pose.h
[185.871s] -- Installing: /home/manuel/buggy_ws_beta.a/install/robot_localization/include/robot_localization/srv/from_ll.h
[185.871s] -- Installing: /home/manuel/buggy_ws_beta.a/install/robot_localization/include/robot_localization/msg
[185.871s] -- Installing: /home/manuel/buggy_ws_beta.a/install/robot_localization/include/robot_localization/msg/rosidl_generator_c__visibility_control.h
[185.871s] -- Installing: /home/manuel/buggy_ws_beta.a/install/robot_localization/share/robot_localization/environment/library_path.sh
[185.871s] -- Installing: /home/manuel/buggy_ws_beta.a/install/robot_localization/share/robot_localization/environment/library_path.dsv
[185.871s] -- Installing: /home/manuel/buggy_ws_beta.a/install/robot_localization/lib/librobot_localization__rosidl_generator_c.so
[185.871s] -- Set runtime path of "/home/manuel/buggy_ws_beta.a/install/robot_localization/lib/librobot_localization__rosidl_generator_c.so" to ""
[185.872s] -- Up-to-date: /home/manuel/buggy_ws_beta.a/install/robot_localization/include/robot_localization
[185.872s] -- Up-to-date: /home/manuel/buggy_ws_beta.a/install/robot_localization/include/robot_localization/srv
[185.872s] -- Up-to-date: /home/manuel/buggy_ws_beta.a/install/robot_localization/include/robot_localization/srv/detail
[185.872s] -- Installing: /home/manuel/buggy_ws_beta.a/install/robot_localization/include/robot_localization/srv/detail/to_ll__rosidl_typesupport_fastrtps_c.h
[185.872s] -- Installing: /home/manuel/buggy_ws_beta.a/install/robot_localization/include/robot_localization/srv/detail/get_state__rosidl_typesupport_fastrtps_c.h
[185.873s] -- Installing: /home/manuel/buggy_ws_beta.a/install/robot_localization/include/robot_localization/srv/detail/toggle_filter_processing__rosidl_typesupport_fastrtps_c.h
[185.873s] -- Installing: /home/manuel/buggy_ws_beta.a/install/robot_localization/include/robot_localization/srv/detail/set_datum__rosidl_typesupport_fastrtps_c.h
[185.873s] -- Installing: /home/manuel/buggy_ws_beta.a/install/robot_localization/include/robot_localization/srv/detail/set_pose__rosidl_typesupport_fastrtps_c.h
[185.873s] -- Installing: /home/manuel/buggy_ws_beta.a/install/robot_localization/include/robot_localization/srv/detail/from_ll__rosidl_typesupport_fastrtps_c.h
[185.873s] -- Up-to-date: /home/manuel/buggy_ws_beta.a/install/robot_localization/include/robot_localization/msg
[185.873s] -- Installing: /home/manuel/buggy_ws_beta.a/install/robot_localization/include/robot_localization/msg/rosidl_typesupport_fastrtps_c__visibility_control.h
[185.873s] -- Installing: /home/manuel/buggy_ws_beta.a/install/robot_localization/lib/librobot_localization__rosidl_typesupport_fastrtps_c.so
[185.874s] -- Set runtime path of "/home/manuel/buggy_ws_beta.a/install/robot_localization/lib/librobot_localization__rosidl_typesupport_fastrtps_c.so" to ""
[185.875s] -- Up-to-date: /home/manuel/buggy_ws_beta.a/install/robot_localization/include/robot_localization
[185.875s] -- Up-to-date: /home/manuel/buggy_ws_beta.a/install/robot_localization/include/robot_localization/srv
[185.875s] -- Up-to-date: /home/manuel/buggy_ws_beta.a/install/robot_localization/include/robot_localization/srv/detail
[185.875s] -- Installing: /home/manuel/buggy_ws_beta.a/install/robot_localization/include/robot_localization/srv/detail/dds_fastrtps
[185.875s] -- Installing: /home/manuel/buggy_ws_beta.a/install/robot_localization/include/robot_localization/srv/detail/set_datum__rosidl_typesupport_fastrtps_cpp.hpp
[185.875s] -- Installing: /home/manuel/buggy_ws_beta.a/install/robot_localization/include/robot_localization/srv/detail/to_ll__rosidl_typesupport_fastrtps_cpp.hpp
[185.875s] -- Installing: /home/manuel/buggy_ws_beta.a/install/robot_localization/include/robot_localization/srv/detail/toggle_filter_processing__rosidl_typesupport_fastrtps_cpp.hpp
[185.875s] -- Installing: /home/manuel/buggy_ws_beta.a/install/robot_localization/include/robot_localization/srv/detail/from_ll__rosidl_typesupport_fastrtps_cpp.hpp
[185.876s] -- Installing: /home/manuel/buggy_ws_beta.a/install/robot_localization/include/robot_localization/srv/detail/get_state__rosidl_typesupport_fastrtps_cpp.hpp
[185.876s] -- Installing: /home/manuel/buggy_ws_beta.a/install/robot_localization/include/robot_localization/srv/detail/set_pose__rosidl_typesupport_fastrtps_cpp.hpp
[185.876s] -- Up-to-date: /home/manuel/buggy_ws_beta.a/install/robot_localization/include/robot_localization/msg
[185.876s] -- Installing: /home/manuel/buggy_ws_beta.a/install/robot_localization/include/robot_localization/msg/rosidl_typesupport_fastrtps_cpp__visibility_control.h
[185.876s] -- Installing: /home/manuel/buggy_ws_beta.a/install/robot_localization/lib/librobot_localization__rosidl_typesupport_fastrtps_cpp.so
[185.877s] -- Set runtime path of "/home/manuel/buggy_ws_beta.a/install/robot_localization/lib/librobot_localization__rosidl_typesupport_fastrtps_cpp.so" to ""
[185.877s] -- Up-to-date: /home/manuel/buggy_ws_beta.a/install/robot_localization/include/robot_localization
[185.877s] -- Up-to-date: /home/manuel/buggy_ws_beta.a/install/robot_localization/include/robot_localization/srv
[185.877s] -- Up-to-date: /home/manuel/buggy_ws_beta.a/install/robot_localization/include/robot_localization/srv/detail
[185.877s] -- Installing: /home/manuel/buggy_ws_beta.a/install/robot_localization/include/robot_localization/srv/detail/set_pose__type_support.c
[185.878s] -- Installing: /home/manuel/buggy_ws_beta.a/install/robot_localization/include/robot_localization/srv/detail/get_state__type_support.c
[185.878s] -- Installing: /home/manuel/buggy_ws_beta.a/install/robot_localization/include/robot_localization/srv/detail/from_ll__rosidl_typesupport_introspection_c.h
[185.878s] -- Installing: /home/manuel/buggy_ws_beta.a/install/robot_localization/include/robot_localization/srv/detail/get_state__rosidl_typesupport_introspection_c.h
[185.878s] -- Installing: /home/manuel/buggy_ws_beta.a/install/robot_localization/include/robot_localization/srv/detail/from_ll__type_support.c
[185.878s] -- Installing: /home/manuel/buggy_ws_beta.a/install/robot_localization/include/robot_localization/srv/detail/toggle_filter_processing__rosidl_typesupport_introspection_c.h
[185.878s] -- Installing: /home/manuel/buggy_ws_beta.a/install/robot_localization/include/robot_localization/srv/detail/set_pose__rosidl_typesupport_introspection_c.h
[185.878s] -- Installing: /home/manuel/buggy_ws_beta.a/install/robot_localization/include/robot_localization/srv/detail/to_ll__rosidl_typesupport_introspection_c.h
[185.878s] -- Installing: /home/manuel/buggy_ws_beta.a/install/robot_localization/include/robot_localization/srv/detail/toggle_filter_processing__type_support.c
[185.879s] -- Installing: /home/manuel/buggy_ws_beta.a/install/robot_localization/include/robot_localization/srv/detail/to_ll__type_support.c
[185.879s] -- Installing: /home/manuel/buggy_ws_beta.a/install/robot_localization/include/robot_localization/srv/detail/set_datum__rosidl_typesupport_introspection_c.h
[185.879s] -- Installing: /home/manuel/buggy_ws_beta.a/install/robot_localization/include/robot_localization/srv/detail/set_datum__type_support.c
[185.879s] -- Up-to-date: /home/manuel/buggy_ws_beta.a/install/robot_localization/include/robot_localization/msg
[185.879s] -- Installing: /home/manuel/buggy_ws_beta.a/install/robot_localization/include/robot_localization/msg/rosidl_typesupport_introspection_c__visibility_control.h
[185.879s] -- Installing: /home/manuel/buggy_ws_beta.a/install/robot_localization/lib/librobot_localization__rosidl_typesupport_introspection_c.so
[185.880s] -- Set runtime path of "/home/manuel/buggy_ws_beta.a/install/robot_localization/lib/librobot_localization__rosidl_typesupport_introspection_c.so" to ""
[185.880s] -- Installing: /home/manuel/buggy_ws_beta.a/install/robot_localization/lib/librobot_localization__rosidl_typesupport_c.so
[185.880s] -- Set runtime path of "/home/manuel/buggy_ws_beta.a/install/robot_localization/lib/librobot_localization__rosidl_typesupport_c.so" to ""
[185.880s] -- Up-to-date: /home/manuel/buggy_ws_beta.a/install/robot_localization/include/robot_localization
[185.880s] -- Up-to-date: /home/manuel/buggy_ws_beta.a/install/robot_localization/include/robot_localization/srv
[185.880s] -- Up-to-date: /home/manuel/buggy_ws_beta.a/install/robot_localization/include/robot_localization/srv/detail
[185.881s] -- Installing: /home/manuel/buggy_ws_beta.a/install/robot_localization/include/robot_localization/srv/detail/set_datum__traits.hpp
[185.881s] -- Installing: /home/manuel/buggy_ws_beta.a/install/robot_localization/include/robot_localization/srv/detail/from_ll__builder.hpp
[185.881s] -- Installing: /home/manuel/buggy_ws_beta.a/install/robot_localization/include/robot_localization/srv/detail/toggle_filter_processing__builder.hpp
[185.881s] -- Installing: /home/manuel/buggy_ws_beta.a/install/robot_localization/include/robot_localization/srv/detail/from_ll__traits.hpp
[185.881s] -- Installing: /home/manuel/buggy_ws_beta.a/install/robot_localization/include/robot_localization/srv/detail/toggle_filter_processing__traits.hpp
[185.881s] -- Installing: /home/manuel/buggy_ws_beta.a/install/robot_localization/include/robot_localization/srv/detail/set_datum__builder.hpp
[185.881s] -- Installing: /home/manuel/buggy_ws_beta.a/install/robot_localization/include/robot_localization/srv/detail/to_ll__builder.hpp
[185.881s] -- Installing: /home/manuel/buggy_ws_beta.a/install/robot_localization/include/robot_localization/srv/detail/set_datum__struct.hpp
[185.881s] -- Installing: /home/manuel/buggy_ws_beta.a/install/robot_localization/include/robot_localization/srv/detail/toggle_filter_processing__struct.hpp
[185.882s] -- Installing: /home/manuel/buggy_ws_beta.a/install/robot_localization/include/robot_localization/srv/detail/from_ll__struct.hpp
[185.882s] -- Installing: /home/manuel/buggy_ws_beta.a/install/robot_localization/include/robot_localization/srv/detail/get_state__traits.hpp
[185.883s] -- Installing: /home/manuel/buggy_ws_beta.a/install/robot_localization/include/robot_localization/srv/detail/get_state__struct.hpp
[185.883s] -- Installing: /home/manuel/buggy_ws_beta.a/install/robot_localization/include/robot_localization/srv/detail/set_pose__traits.hpp
[185.883s] -- Installing: /home/manuel/buggy_ws_beta.a/install/robot_localization/include/robot_localization/srv/detail/to_ll__struct.hpp
[185.883s] -- Installing: /home/manuel/buggy_ws_beta.a/install/robot_localization/include/robot_localization/srv/detail/set_pose__struct.hpp
[185.883s] -- Installing: /home/manuel/buggy_ws_beta.a/install/robot_localization/include/robot_localization/srv/detail/to_ll__traits.hpp
[185.883s] -- Installing: /home/manuel/buggy_ws_beta.a/install/robot_localization/include/robot_localization/srv/detail/get_state__builder.hpp
[185.883s] -- Installing: /home/manuel/buggy_ws_beta.a/install/robot_localization/include/robot_localization/srv/detail/set_pose__builder.hpp
[185.884s] -- Installing: /home/manuel/buggy_ws_beta.a/install/robot_localization/include/robot_localization/srv/set_pose.hpp
[185.884s] -- Installing: /home/manuel/buggy_ws_beta.a/install/robot_localization/include/robot_localization/srv/to_ll.hpp
[185.884s] -- Installing: /home/manuel/buggy_ws_beta.a/install/robot_localization/include/robot_localization/srv/set_datum.hpp
[185.884s] -- Installing: /home/manuel/buggy_ws_beta.a/install/robot_localization/include/robot_localization/srv/toggle_filter_processing.hpp
[185.884s] -- Installing: /home/manuel/buggy_ws_beta.a/install/robot_localization/include/robot_localization/srv/get_state.hpp
[185.884s] -- Installing: /home/manuel/buggy_ws_beta.a/install/robot_localization/include/robot_localization/srv/from_ll.hpp
[185.884s] -- Up-to-date: /home/manuel/buggy_ws_beta.a/install/robot_localization/include/robot_localization
[185.884s] -- Up-to-date: /home/manuel/buggy_ws_beta.a/install/robot_localization/include/robot_localization/srv
[185.884s] -- Up-to-date: /home/manuel/buggy_ws_beta.a/install/robot_localization/include/robot_localization/srv/detail
[185.885s] -- Installing: /home/manuel/buggy_ws_beta.a/install/robot_localization/include/robot_localization/srv/detail/from_ll__type_support.cpp
[185.885s] -- Installing: /home/manuel/buggy_ws_beta.a/install/robot_localization/include/robot_localization/srv/detail/get_state__type_support.cpp
[185.885s] -- Installing: /home/manuel/buggy_ws_beta.a/install/robot_localization/include/robot_localization/srv/detail/set_pose__type_support.cpp
[185.885s] -- Installing: /home/manuel/buggy_ws_beta.a/install/robot_localization/include/robot_localization/srv/detail/get_state__rosidl_typesupport_introspection_cpp.hpp
[185.885s] -- Installing: /home/manuel/buggy_ws_beta.a/install/robot_localization/include/robot_localization/srv/detail/set_pose__rosidl_typesupport_introspection_cpp.hpp
[185.885s] -- Installing: /home/manuel/buggy_ws_beta.a/install/robot_localization/include/robot_localization/srv/detail/to_ll__type_support.cpp
[185.885s] -- Installing: /home/manuel/buggy_ws_beta.a/install/robot_localization/include/robot_localization/srv/detail/set_datum__type_support.cpp
[185.885s] -- Installing: /home/manuel/buggy_ws_beta.a/install/robot_localization/include/robot_localization/srv/detail/set_datum__rosidl_typesupport_introspection_cpp.hpp
[185.885s] -- Installing: /home/manuel/buggy_ws_beta.a/install/robot_localization/include/robot_localization/srv/detail/toggle_filter_processing__rosidl_typesupport_introspection_cpp.hpp
[185.885s] -- Installing: /home/manuel/buggy_ws_beta.a/install/robot_localization/include/robot_localization/srv/detail/from_ll__rosidl_typesupport_introspection_cpp.hpp
[185.885s] -- Installing: /home/manuel/buggy_ws_beta.a/install/robot_localization/include/robot_localization/srv/detail/toggle_filter_processing__type_support.cpp
[185.885s] -- Installing: /home/manuel/buggy_ws_beta.a/install/robot_localization/include/robot_localization/srv/detail/to_ll__rosidl_typesupport_introspection_cpp.hpp
[185.886s] -- Installing: /home/manuel/buggy_ws_beta.a/install/robot_localization/lib/librobot_localization__rosidl_typesupport_introspection_cpp.so
[185.886s] -- Set runtime path of "/home/manuel/buggy_ws_beta.a/install/robot_localization/lib/librobot_localization__rosidl_typesupport_introspection_cpp.so" to ""
[185.886s] -- Installing: /home/manuel/buggy_ws_beta.a/install/robot_localization/lib/librobot_localization__rosidl_typesupport_cpp.so
[185.886s] -- Set runtime path of "/home/manuel/buggy_ws_beta.a/install/robot_localization/lib/librobot_localization__rosidl_typesupport_cpp.so" to ""
[185.887s] -- Installing: /home/manuel/buggy_ws_beta.a/install/robot_localization/share/robot_localization/environment/pythonpath.sh
[185.887s] -- Installing: /home/manuel/buggy_ws_beta.a/install/robot_localization/share/robot_localization/environment/pythonpath.dsv
[185.887s] -- Installing: /home/manuel/buggy_ws_beta.a/install/robot_localization/lib/python3.8/site-packages/robot_localization/__init__.py
[185.918s] Compiling '/home/manuel/buggy_ws_beta.a/install/robot_localization/lib/python3.8/site-packages/robot_localization/__init__.py'...
[185.922s] -- Installing: /home/manuel/buggy_ws_beta.a/install/robot_localization/lib/python3.8/site-packages/robot_localization/srv
[185.922s] -- Installing: /home/manuel/buggy_ws_beta.a/install/robot_localization/lib/python3.8/site-packages/robot_localization/srv/_from_ll_s.c
[185.922s] -- Installing: /home/manuel/buggy_ws_beta.a/install/robot_localization/lib/python3.8/site-packages/robot_localization/srv/_toggle_filter_processing.py
[185.922s] -- Installing: /home/manuel/buggy_ws_beta.a/install/robot_localization/lib/python3.8/site-packages/robot_localization/srv/_toggle_filter_processing_s.c
[185.922s] -- Installing: /home/manuel/buggy_ws_beta.a/install/robot_localization/lib/python3.8/site-packages/robot_localization/srv/_set_datum.py
[185.922s] -- Installing: /home/manuel/buggy_ws_beta.a/install/robot_localization/lib/python3.8/site-packages/robot_localization/srv/_set_pose_s.c
[185.922s] -- Installing: /home/manuel/buggy_ws_beta.a/install/robot_localization/lib/python3.8/site-packages/robot_localization/srv/_from_ll.py
[185.922s] -- Installing: /home/manuel/buggy_ws_beta.a/install/robot_localization/lib/python3.8/site-packages/robot_localization/srv/_set_datum_s.c
[185.923s] -- Installing: /home/manuel/buggy_ws_beta.a/install/robot_localization/lib/python3.8/site-packages/robot_localization/srv/_get_state_s.c
[185.923s] -- Installing: /home/manuel/buggy_ws_beta.a/install/robot_localization/lib/python3.8/site-packages/robot_localization/srv/_to_ll.py
[185.923s] -- Installing: /home/manuel/buggy_ws_beta.a/install/robot_localization/lib/python3.8/site-packages/robot_localization/srv/_to_ll_s.c
[185.923s] -- Installing: /home/manuel/buggy_ws_beta.a/install/robot_localization/lib/python3.8/site-packages/robot_localization/srv/_get_state.py
[185.923s] -- Installing: /home/manuel/buggy_ws_beta.a/install/robot_localization/lib/python3.8/site-packages/robot_localization/srv/__init__.py
[185.923s] -- Installing: /home/manuel/buggy_ws_beta.a/install/robot_localization/lib/python3.8/site-packages/robot_localization/srv/_set_pose.py
[185.923s] -- Installing: /home/manuel/buggy_ws_beta.a/install/robot_localization/lib/python3.8/site-packages/robot_localization/robot_localization_s__rosidl_typesupport_fastrtps_c.cpython-38-x86_64-linux-gnu.so
[185.923s] -- Set runtime path of "/home/manuel/buggy_ws_beta.a/install/robot_localization/lib/python3.8/site-packages/robot_localization/robot_localization_s__rosidl_typesupport_fastrtps_c.cpython-38-x86_64-linux-gnu.so" to ""
[185.923s] -- Installing: /home/manuel/buggy_ws_beta.a/install/robot_localization/lib/python3.8/site-packages/robot_localization/robot_localization_s__rosidl_typesupport_introspection_c.cpython-38-x86_64-linux-gnu.so
[185.924s] -- Set runtime path of "/home/manuel/buggy_ws_beta.a/install/robot_localization/lib/python3.8/site-packages/robot_localization/robot_localization_s__rosidl_typesupport_introspection_c.cpython-38-x86_64-linux-gnu.so" to ""
[185.924s] -- Installing: /home/manuel/buggy_ws_beta.a/install/robot_localization/lib/python3.8/site-packages/robot_localization/robot_localization_s__rosidl_typesupport_c.cpython-38-x86_64-linux-gnu.so
[185.925s] -- Set runtime path of "/home/manuel/buggy_ws_beta.a/install/robot_localization/lib/python3.8/site-packages/robot_localization/robot_localization_s__rosidl_typesupport_c.cpython-38-x86_64-linux-gnu.so" to ""
[185.925s] -- Installing: /home/manuel/buggy_ws_beta.a/install/robot_localization/lib/librobot_localization__python.so
[185.925s] -- Set runtime path of "/home/manuel/buggy_ws_beta.a/install/robot_localization/lib/librobot_localization__python.so" to ""
[185.925s] -- Installing: /home/manuel/buggy_ws_beta.a/install/robot_localization/share/robot_localization/srv/FromLL.idl
[185.925s] -- Installing: /home/manuel/buggy_ws_beta.a/install/robot_localization/share/robot_localization/srv/GetState.idl
[185.926s] -- Installing: /home/manuel/buggy_ws_beta.a/install/robot_localization/share/robot_localization/srv/SetDatum.idl
[185.926s] -- Installing: /home/manuel/buggy_ws_beta.a/install/robot_localization/share/robot_localization/srv/SetPose.idl
[185.926s] -- Installing: /home/manuel/buggy_ws_beta.a/install/robot_localization/share/robot_localization/srv/ToggleFilterProcessing.idl
[185.926s] -- Installing: /home/manuel/buggy_ws_beta.a/install/robot_localization/share/robot_localization/srv/ToLL.idl
[185.926s] -- Installing: /home/manuel/buggy_ws_beta.a/install/robot_localization/share/robot_localization/srv/FromLL.srv
[185.926s] -- Installing: /home/manuel/buggy_ws_beta.a/install/robot_localization/share/robot_localization/srv/FromLL_Request.msg
[185.926s] -- Installing: /home/manuel/buggy_ws_beta.a/install/robot_localization/share/robot_localization/srv/FromLL_Response.msg
[185.926s] -- Installing: /home/manuel/buggy_ws_beta.a/install/robot_localization/share/robot_localization/srv/GetState.srv
[185.926s] -- Installing: /home/manuel/buggy_ws_beta.a/install/robot_localization/share/robot_localization/srv/GetState_Request.msg
[185.926s] -- Installing: /home/manuel/buggy_ws_beta.a/install/robot_localization/share/robot_localization/srv/GetState_Response.msg
[185.926s] -- Installing: /home/manuel/buggy_ws_beta.a/install/robot_localization/share/robot_localization/srv/SetDatum.srv
[185.926s] -- Installing: /home/manuel/buggy_ws_beta.a/install/robot_localization/share/robot_localization/srv/SetDatum_Request.msg
[185.927s] -- Installing: /home/manuel/buggy_ws_beta.a/install/robot_localization/share/robot_localization/srv/SetDatum_Response.msg
[185.927s] -- Installing: /home/manuel/buggy_ws_beta.a/install/robot_localization/share/robot_localization/srv/SetPose.srv
[185.927s] -- Installing: /home/manuel/buggy_ws_beta.a/install/robot_localization/share/robot_localization/srv/SetPose_Request.msg
[185.927s] -- Installing: /home/manuel/buggy_ws_beta.a/install/robot_localization/share/robot_localization/srv/SetPose_Response.msg
[185.927s] -- Installing: /home/manuel/buggy_ws_beta.a/install/robot_localization/share/robot_localization/srv/ToggleFilterProcessing.srv
[185.927s] -- Installing: /home/manuel/buggy_ws_beta.a/install/robot_localization/share/robot_localization/srv/ToggleFilterProcessing_Request.msg
[185.927s] -- Installing: /home/manuel/buggy_ws_beta.a/install/robot_localization/share/robot_localization/srv/ToggleFilterProcessing_Response.msg
[185.927s] -- Installing: /home/manuel/buggy_ws_beta.a/install/robot_localization/share/robot_localization/srv/ToLL.srv
[185.927s] -- Installing: /home/manuel/buggy_ws_beta.a/install/robot_localization/share/robot_localization/srv/ToLL_Request.msg
[185.927s] -- Installing: /home/manuel/buggy_ws_beta.a/install/robot_localization/share/robot_localization/srv/ToLL_Response.msg
[185.928s] -- Installing: /home/manuel/buggy_ws_beta.a/install/robot_localization/lib/robot_localization/filter_base-test
[185.933s] -- Set runtime path of "/home/manuel/buggy_ws_beta.a/install/robot_localization/lib/robot_localization/filter_base-test" to ""
[185.934s] -- Installing: /home/manuel/buggy_ws_beta.a/install/robot_localization/lib/robot_localization/test_filter_base_diagnostics_timestamps
[185.946s] -- Set runtime path of "/home/manuel/buggy_ws_beta.a/install/robot_localization/lib/robot_localization/test_filter_base_diagnostics_timestamps" to ""
[185.946s] -- Installing: /home/manuel/buggy_ws_beta.a/install/robot_localization/lib/robot_localization/test_ekf
[185.952s] -- Set runtime path of "/home/manuel/buggy_ws_beta.a/install/robot_localization/lib/robot_localization/test_ekf" to ""
[185.952s] -- Installing: /home/manuel/buggy_ws_beta.a/install/robot_localization/lib/robot_localization/test_ekf_localization_node_interfaces
[185.964s] -- Set runtime path of "/home/manuel/buggy_ws_beta.a/install/robot_localization/lib/robot_localization/test_ekf_localization_node_interfaces" to ""
[185.964s] -- Installing: /home/manuel/buggy_ws_beta.a/install/robot_localization/lib/robot_localization/test_ukf
[185.972s] -- Set runtime path of "/home/manuel/buggy_ws_beta.a/install/robot_localization/lib/robot_localization/test_ukf" to ""
[185.972s] -- Installing: /home/manuel/buggy_ws_beta.a/install/robot_localization/lib/robot_localization/test_ukf_localization_node_interfaces
[185.985s] -- Set runtime path of "/home/manuel/buggy_ws_beta.a/install/robot_localization/lib/robot_localization/test_ukf_localization_node_interfaces" to ""
[185.985s] -- Installing: /home/manuel/buggy_ws_beta.a/install/robot_localization/lib/robot_localization/test_robot_localization_estimator
[185.990s] -- Set runtime path of "/home/manuel/buggy_ws_beta.a/install/robot_localization/lib/robot_localization/test_robot_localization_estimator" to ""
[185.991s] -- Installing: /home/manuel/buggy_ws_beta.a/install/robot_localization/lib/robot_localization/test_navsat_conversions
[185.995s] -- Set runtime path of "/home/manuel/buggy_ws_beta.a/install/robot_localization/lib/robot_localization/test_navsat_conversions" to ""
[185.995s] -- Installing: /home/manuel/buggy_ws_beta.a/install/robot_localization/lib/robot_localization/test_navsat_transform
[186.000s] -- Set runtime path of "/home/manuel/buggy_ws_beta.a/install/robot_localization/lib/robot_localization/test_navsat_transform" to ""
[186.001s] -- Installing: /home/manuel/buggy_ws_beta.a/install/robot_localization/lib/robot_localization/test_ros_robot_localization_listener
[186.006s] -- Set runtime path of "/home/manuel/buggy_ws_beta.a/install/robot_localization/lib/robot_localization/test_ros_robot_localization_listener" to ""
[186.006s] -- Installing: /home/manuel/buggy_ws_beta.a/install/robot_localization/lib/robot_localization/test_ros_robot_localization_listener_publisher
[186.009s] -- Set runtime path of "/home/manuel/buggy_ws_beta.a/install/robot_localization/lib/robot_localization/test_ros_robot_localization_listener_publisher" to ""
[186.009s] -- Installing: /home/manuel/buggy_ws_beta.a/install/robot_localization/share/robot_localization/test
[186.010s] -- Installing: /home/manuel/buggy_ws_beta.a/install/robot_localization/share/robot_localization/test/test_ekf_localization_node_bag3.yaml
[186.010s] -- Installing: /home/manuel/buggy_ws_beta.a/install/robot_localization/share/robot_localization/test/test_ukf.cpp
[186.010s] -- Installing: /home/manuel/buggy_ws_beta.a/install/robot_localization/share/robot_localization/test/test_ukf_localization_node_interfaces.cpp
[186.010s] -- Installing: /home/manuel/buggy_ws_beta.a/install/robot_localization/share/robot_localization/test/test_ekf_localization_node_bag1.launch.py
[186.010s] -- Installing: /home/manuel/buggy_ws_beta.a/install/robot_localization/share/robot_localization/test/test_filter_base_diagnostics_timestamps.launch.py
[186.010s] -- Installing: /home/manuel/buggy_ws_beta.a/install/robot_localization/share/robot_localization/test/test_navsat_transform.cpp
[186.011s] -- Installing: /home/manuel/buggy_ws_beta.a/install/robot_localization/share/robot_localization/test/test_filter_base_diagnostics_timestamps.yaml
[186.011s] -- Installing: /home/manuel/buggy_ws_beta.a/install/robot_localization/share/robot_localization/test/test_ekf_localization_node_interfaces.cpp
[186.011s] -- Installing: /home/manuel/buggy_ws_beta.a/install/robot_localization/share/robot_localization/test/test_robot_localization_estimator.cpp
[186.011s] -- Installing: /home/manuel/buggy_ws_beta.a/install/robot_localization/share/robot_localization/test/test_ekf_localization_node_interfaces.yaml
[186.011s] -- Installing: /home/manuel/buggy_ws_beta.a/install/robot_localization/share/robot_localization/test/test_ekf_localization_node_bag3.sh
[186.011s] -- Installing: /home/manuel/buggy_ws_beta.a/install/robot_localization/share/robot_localization/test/test_filter_base_diagnostics_timestamps.cpp
[186.011s] -- Installing: /home/manuel/buggy_ws_beta.a/install/robot_localization/share/robot_localization/test/test_ekf_localization_node_bag3.launch.py
[186.011s] -- Installing: /home/manuel/buggy_ws_beta.a/install/robot_localization/share/robot_localization/test/test_ekf_localization_node_bag1.sh
[186.011s] -- Installing: /home/manuel/buggy_ws_beta.a/install/robot_localization/share/robot_localization/test/test_robot_localization_estimator.launch.py
[186.011s] -- Installing: /home/manuel/buggy_ws_beta.a/install/robot_localization/share/robot_localization/test/test_filter_base.cpp
[186.011s] -- Installing: /home/manuel/buggy_ws_beta.a/install/robot_localization/share/robot_localization/test/test1.bag
[186.012s] -- Installing: /home/manuel/buggy_ws_beta.a/install/robot_localization/share/robot_localization/test/test_ekf_localization_node_interfaces.launch.py
[186.012s] -- Installing: /home/manuel/buggy_ws_beta.a/install/robot_localization/share/robot_localization/test/test_ukf_localization_node_bag3.sh
[186.012s] -- Installing: /home/manuel/buggy_ws_beta.a/install/robot_localization/share/robot_localization/test/test_ukf_localization_node_bag1.launch.py
[186.012s] -- Installing: /home/manuel/buggy_ws_beta.a/install/robot_localization/share/robot_localization/test/test_ukf_localization_node_bag2.yaml
[186.013s] -- Installing: /home/manuel/buggy_ws_beta.a/install/robot_localization/share/robot_localization/test/test_ros_robot_localization_listener.cpp
[186.013s] -- Installing: /home/manuel/buggy_ws_beta.a/install/robot_localization/share/robot_localization/test/test_ukf_localization_node_bag3.yaml
[186.013s] -- Installing: /home/manuel/buggy_ws_beta.a/install/robot_localization/share/robot_localization/test/test_ukf_localization_node_interfaces.yaml
[186.013s] -- Installing: /home/manuel/buggy_ws_beta.a/install/robot_localization/share/robot_localization/test/test_ukf_localization_node_interfaces.launch.py
[186.013s] -- Installing: /home/manuel/buggy_ws_beta.a/install/robot_localization/share/robot_localization/test/test_ekf_localization_node_bag2.yaml
[186.013s] -- Installing: /home/manuel/buggy_ws_beta.a/install/robot_localization/share/robot_localization/test/test_navsat_conversions.cpp
[186.013s] -- Installing: /home/manuel/buggy_ws_beta.a/install/robot_localization/share/robot_localization/test/test_ekf_localization_node_bag1.yaml
[186.013s] -- Installing: /home/manuel/buggy_ws_beta.a/install/robot_localization/share/robot_localization/test/test_ekf_localization_node_bag2.sh
[186.013s] -- Installing: /home/manuel/buggy_ws_beta.a/install/robot_localization/share/robot_localization/test/test_ukf_localization_node_bag3.launch.py
[186.013s] -- Installing: /home/manuel/buggy_ws_beta.a/install/robot_localization/share/robot_localization/test/test2.bag
[186.014s] -- Installing: /home/manuel/buggy_ws_beta.a/install/robot_localization/share/robot_localization/test/test_ukf_localization_node_bag1.yaml
[186.014s] -- Installing: /home/manuel/buggy_ws_beta.a/install/robot_localization/share/robot_localization/test/test_ros_robot_localization_listener.yaml
[186.014s] -- Installing: /home/manuel/buggy_ws_beta.a/install/robot_localization/share/robot_localization/test/test_ros_robot_localization_listener_publisher.cpp
[186.014s] -- Installing: /home/manuel/buggy_ws_beta.a/install/robot_localization/share/robot_localization/test/test3.bag
[186.030s] -- Installing: /home/manuel/buggy_ws_beta.a/install/robot_localization/share/robot_localization/test/test_ukf_localization_node_bag2.launch.py
[186.030s] -- Installing: /home/manuel/buggy_ws_beta.a/install/robot_localization/share/robot_localization/test/test_ukf_localization_node_bag1.sh
[186.030s] -- Installing: /home/manuel/buggy_ws_beta.a/install/robot_localization/share/robot_localization/test/test_ekf.cpp
[186.030s] -- Installing: /home/manuel/buggy_ws_beta.a/install/robot_localization/share/robot_localization/test/test_localization_node_bag_pose_tester.cpp
[186.030s] -- Installing: /home/manuel/buggy_ws_beta.a/install/robot_localization/share/robot_localization/test/test_ekf_localization_node_bag2.launch.py
[186.030s] -- Installing: /home/manuel/buggy_ws_beta.a/install/robot_localization/share/robot_localization/test/test_ukf_localization_node_bag2.sh
[186.031s] -- Installing: /home/manuel/buggy_ws_beta.a/install/robot_localization/share/robot_localization/test/test_navsat_transform.launch.py
[186.031s] -- Installing: /home/manuel/buggy_ws_beta.a/install/robot_localization/share/robot_localization/test/test_ros_robot_localization_listener.launch.py
[186.031s] -- Installing: /home/manuel/buggy_ws_beta.a/install/robot_localization/lib/robot_localization/navsat_transform_node
[186.031s] -- Set runtime path of "/home/manuel/buggy_ws_beta.a/install/robot_localization/lib/robot_localization/navsat_transform_node" to ""
[186.032s] -- Installing: /home/manuel/buggy_ws_beta.a/install/robot_localization/lib/robot_localization/ekf_node
[186.033s] -- Set runtime path of "/home/manuel/buggy_ws_beta.a/install/robot_localization/lib/robot_localization/ekf_node" to ""
[186.033s] -- Installing: /home/manuel/buggy_ws_beta.a/install/robot_localization/lib/robot_localization/ukf_node
[186.034s] -- Set runtime path of "/home/manuel/buggy_ws_beta.a/install/robot_localization/lib/robot_localization/ukf_node" to ""
[186.034s] -- Installing: /home/manuel/buggy_ws_beta.a/install/robot_localization/lib/robot_localization/robot_localization_listener_node
[186.036s] -- Set runtime path of "/home/manuel/buggy_ws_beta.a/install/robot_localization/lib/robot_localization/robot_localization_listener_node" to ""
[186.036s] -- Installing: /home/manuel/buggy_ws_beta.a/install/robot_localization/lib/librl_lib.so
[186.091s] -- Set runtime path of "/home/manuel/buggy_ws_beta.a/install/robot_localization/lib/librl_lib.so" to ""
[186.092s] -- Installing: /home/manuel/buggy_ws_beta.a/install/robot_localization/share/robot_localization/params
[186.092s] -- Installing: /home/manuel/buggy_ws_beta.a/install/robot_localization/share/robot_localization/params/navsat_transform.yaml
[186.092s] -- Installing: /home/manuel/buggy_ws_beta.a/install/robot_localization/share/robot_localization/params/ukf.yaml
[186.092s] -- Installing: /home/manuel/buggy_ws_beta.a/install/robot_localization/share/robot_localization/params/dual_ekf_navsat_example.yaml
[186.092s] -- Installing: /home/manuel/buggy_ws_beta.a/install/robot_localization/share/robot_localization/params/ekf.yaml
[186.092s] -- Installing: /home/manuel/buggy_ws_beta.a/install/robot_localization/share/robot_localization/launch
[186.092s] -- Installing: /home/manuel/buggy_ws_beta.a/install/robot_localization/share/robot_localization/launch/navsat_transform.launch.py
[186.093s] -- Installing: /home/manuel/buggy_ws_beta.a/install/robot_localization/share/robot_localization/launch/ukf.launch.py
[186.093s] -- Installing: /home/manuel/buggy_ws_beta.a/install/robot_localization/share/robot_localization/launch/dual_ekf_navsat_example.launch.py
[186.093s] -- Installing: /home/manuel/buggy_ws_beta.a/install/robot_localization/share/robot_localization/launch/ekf.launch.py
[186.093s] -- Installing: /home/manuel/buggy_ws_beta.a/install/robot_localization/share/ament_index/resource_index/package_run_dependencies/robot_localization
[186.093s] -- Installing: /home/manuel/buggy_ws_beta.a/install/robot_localization/share/ament_index/resource_index/parent_prefix_path/robot_localization
[186.093s] -- Installing: /home/manuel/buggy_ws_beta.a/install/robot_localization/share/robot_localization/environment/ament_prefix_path.sh
[186.094s] -- Installing: /home/manuel/buggy_ws_beta.a/install/robot_localization/share/robot_localization/environment/ament_prefix_path.dsv
[186.094s] -- Installing: /home/manuel/buggy_ws_beta.a/install/robot_localization/share/robot_localization/environment/path.sh
[186.094s] -- Installing: /home/manuel/buggy_ws_beta.a/install/robot_localization/share/robot_localization/environment/path.dsv
[186.094s] -- Installing: /home/manuel/buggy_ws_beta.a/install/robot_localization/share/robot_localization/local_setup.bash
[186.094s] -- Installing: /home/manuel/buggy_ws_beta.a/install/robot_localization/share/robot_localization/local_setup.sh
[186.094s] -- Installing: /home/manuel/buggy_ws_beta.a/install/robot_localization/share/robot_localization/local_setup.zsh
[186.094s] -- Installing: /home/manuel/buggy_ws_beta.a/install/robot_localization/share/robot_localization/local_setup.dsv
[186.094s] -- Installing: /home/manuel/buggy_ws_beta.a/install/robot_localization/share/robot_localization/package.dsv
[186.094s] -- Installing: /home/manuel/buggy_ws_beta.a/install/robot_localization/share/ament_index/resource_index/packages/robot_localization
[186.095s] -- Installing: /home/manuel/buggy_ws_beta.a/install/robot_localization/share/robot_localization/cmake/robot_localization__rosidl_generator_cExport.cmake
[186.095s] -- Installing: /home/manuel/buggy_ws_beta.a/install/robot_localization/share/robot_localization/cmake/robot_localization__rosidl_generator_cExport-relwithdebinfo.cmake
[186.095s] -- Installing: /home/manuel/buggy_ws_beta.a/install/robot_localization/share/robot_localization/cmake/robot_localization__rosidl_typesupport_introspection_cExport.cmake
[186.095s] -- Installing: /home/manuel/buggy_ws_beta.a/install/robot_localization/share/robot_localization/cmake/robot_localization__rosidl_typesupport_introspection_cExport-relwithdebinfo.cmake
[186.095s] -- Installing: /home/manuel/buggy_ws_beta.a/install/robot_localization/share/robot_localization/cmake/robot_localization__rosidl_typesupport_cExport.cmake
[186.095s] -- Installing: /home/manuel/buggy_ws_beta.a/install/robot_localization/share/robot_localization/cmake/robot_localization__rosidl_typesupport_cExport-relwithdebinfo.cmake
[186.095s] -- Installing: /home/manuel/buggy_ws_beta.a/install/robot_localization/share/robot_localization/cmake/robot_localization__rosidl_generator_cppExport.cmake
[186.096s] -- Installing: /home/manuel/buggy_ws_beta.a/install/robot_localization/share/robot_localization/cmake/robot_localization__rosidl_typesupport_introspection_cppExport.cmake
[186.096s] -- Installing: /home/manuel/buggy_ws_beta.a/install/robot_localization/share/robot_localization/cmake/robot_localization__rosidl_typesupport_introspection_cppExport-relwithdebinfo.cmake
[186.096s] -- Installing: /home/manuel/buggy_ws_beta.a/install/robot_localization/share/robot_localization/cmake/robot_localization__rosidl_typesupport_cppExport.cmake
[186.096s] -- Installing: /home/manuel/buggy_ws_beta.a/install/robot_localization/share/robot_localization/cmake/robot_localization__rosidl_typesupport_cppExport-relwithdebinfo.cmake
[186.096s] -- Installing: /home/manuel/buggy_ws_beta.a/install/robot_localization/share/robot_localization/cmake/rosidl_cmake-extras.cmake
[186.096s] -- Installing: /home/manuel/buggy_ws_beta.a/install/robot_localization/share/robot_localization/cmake/ament_cmake_export_dependencies-extras.cmake
[186.096s] -- Installing: /home/manuel/buggy_ws_beta.a/install/robot_localization/share/robot_localization/cmake/ament_cmake_export_libraries-extras.cmake
[186.096s] -- Installing: /home/manuel/buggy_ws_beta.a/install/robot_localization/share/robot_localization/cmake/ament_cmake_export_targets-extras.cmake
[186.097s] -- Installing: /home/manuel/buggy_ws_beta.a/install/robot_localization/share/robot_localization/cmake/ament_cmake_export_include_directories-extras.cmake
[186.097s] -- Installing: /home/manuel/buggy_ws_beta.a/install/robot_localization/share/robot_localization/cmake/rosidl_cmake_export_typesupport_libraries-extras.cmake
[186.097s] -- Installing: /home/manuel/buggy_ws_beta.a/install/robot_localization/share/robot_localization/cmake/rosidl_cmake_export_typesupport_targets-extras.cmake
[186.097s] -- Installing: /home/manuel/buggy_ws_beta.a/install/robot_localization/share/robot_localization/cmake/robot_localizationConfig.cmake
[186.097s] -- Installing: /home/manuel/buggy_ws_beta.a/install/robot_localization/share/robot_localization/cmake/robot_localizationConfig-version.cmake
[186.097s] -- Installing: /home/manuel/buggy_ws_beta.a/install/robot_localization/share/robot_localization/package.xml
[186.104s] Invoked command in '/home/manuel/buggy_ws_beta.a/build/robot_localization' returned '0': CMAKE_PREFIX_PATH=${CMAKE_PREFIX_PATH}:/home/manuel/buggy_space/install/joint_state_publisher_gui:/home/manuel/buggy_space/install/joint_state_publisher:/home/manuel/buggy_space/install/ackermann_odometry:/home/manuel/buggy_space/install/ackermann_controller:/opt/ros/foxy /usr/bin/cmake --install /home/manuel/buggy_ws_beta.a/build/robot_localization
