[0.146s] Invoking command in '/home/manuel/buggy_ws_beta.a/build/image_transport': CMAKE_PREFIX_PATH=${CMAKE_PREFIX_PATH}:/home/manuel/buggy_space/install/joint_state_publisher_gui:/home/manuel/buggy_space/install/joint_state_publisher:/home/manuel/buggy_space/install/ackermann_odometry:/home/manuel/buggy_space/install/ackermann_controller:/opt/ros/foxy /usr/bin/cmake /home/manuel/buggy_ws_beta.a/src/image_common/image_transport -DCMAKE_INSTALL_PREFIX=/home/manuel/buggy_ws_beta.a/install/image_transport
[0.668s] -- The C compiler identification is GNU 9.4.0
[0.668s] -- The CXX compiler identification is GNU 9.4.0
[0.668s] -- Check for working C compiler: /usr/bin/cc
[0.669s] -- Check for working C compiler: /usr/bin/cc -- works
[0.669s] -- Detecting C compiler ABI info
[0.669s] -- Detecting C compiler ABI info - done
[0.669s] -- Detecting C compile features
[0.669s] -- Detecting C compile features - done
[0.669s] -- Check for working CXX compiler: /usr/bin/c++
[0.672s] -- Check for working CXX compiler: /usr/bin/c++ -- works
[0.673s] -- Detecting CXX compiler ABI info
[0.827s] -- Detecting CXX compiler ABI info - done
[0.858s] -- Detecting CXX compile features
[0.861s] -- Detecting CXX compile features - done
[0.865s] -- Found ament_cmake_ros: 0.9.2 (/opt/ros/foxy/share/ament_cmake_ros/cmake)
[0.933s] -- Found PythonInterp: /usr/bin/python3 (found suitable version "3.8.10", minimum required is "3") 
[0.934s] -- Using PYTHON_EXECUTABLE: /usr/bin/python3
[1.488s] -- Found message_filters: 3.2.5 (/opt/ros/foxy/share/message_filters/cmake)
[1.497s] -- Found pluginlib: 2.5.4 (/opt/ros/foxy/share/pluginlib/cmake)
[1.596s] -- Found rclcpp: 2.4.2 (/opt/ros/foxy/share/rclcpp/cmake)
[1.674s] -- Using all available rosidl_typesupport_c: rosidl_typesupport_fastrtps_c;rosidl_typesupport_introspection_c
[1.688s] -- Found rosidl_adapter: 1.3.0 (/opt/ros/foxy/share/rosidl_adapter/cmake)
[1.870s] -- Found OpenSSL: /usr/lib/x86_64-linux-gnu/libcrypto.so (found version "1.1.1f")  
[1.933s] -- Found FastRTPS: /opt/ros/foxy/include  
[2.118s] -- Using all available rosidl_typesupport_cpp: rosidl_typesupport_fastrtps_cpp;rosidl_typesupport_introspection_cpp
[2.250s] -- Found rmw_implementation_cmake: 1.0.3 (/opt/ros/foxy/share/rmw_implementation_cmake/cmake)
[2.258s] -- Using RMW implementation 'rmw_fastrtps_cpp' as default
[2.259s] -- Looking for pthread.h
[2.390s] -- Looking for pthread.h - found
[2.391s] -- Performing Test CMAKE_HAVE_LIBC_PTHREAD
[2.509s] -- Performing Test CMAKE_HAVE_LIBC_PTHREAD - Failed
[2.509s] -- Looking for pthread_create in pthreads
[2.607s] -- Looking for pthread_create in pthreads - not found
[2.607s] -- Looking for pthread_create in pthread
[2.720s] -- Looking for pthread_create in pthread - found
[2.722s] -- Found Threads: TRUE  
[3.083s] -- Found sensor_msgs: 2.0.5 (/opt/ros/foxy/share/sensor_msgs/cmake)
[3.381s] -- Found gtest sources under '/opt/ros/foxy/src/gtest_vendor': C++ tests using 'Google Test' will be built
[3.385s] -- Check if compiler accepts -pthread
[3.524s] -- Check if compiler accepts -pthread - yes
[3.688s] -- Configuring done
[3.791s] -- Generating done
[3.796s] -- Build files have been written to: /home/manuel/buggy_ws_beta.a/build/image_transport
[3.820s] Invoked command in '/home/manuel/buggy_ws_beta.a/build/image_transport' returned '0': CMAKE_PREFIX_PATH=${CMAKE_PREFIX_PATH}:/home/manuel/buggy_space/install/joint_state_publisher_gui:/home/manuel/buggy_space/install/joint_state_publisher:/home/manuel/buggy_space/install/ackermann_odometry:/home/manuel/buggy_space/install/ackermann_controller:/opt/ros/foxy /usr/bin/cmake /home/manuel/buggy_ws_beta.a/src/image_common/image_transport -DCMAKE_INSTALL_PREFIX=/home/manuel/buggy_ws_beta.a/install/image_transport
[3.821s] Invoking command in '/home/manuel/buggy_ws_beta.a/build/image_transport': CMAKE_PREFIX_PATH=${CMAKE_PREFIX_PATH}:/home/manuel/buggy_space/install/joint_state_publisher_gui:/home/manuel/buggy_space/install/joint_state_publisher:/home/manuel/buggy_space/install/ackermann_odometry:/home/manuel/buggy_space/install/ackermann_controller:/opt/ros/foxy /usr/bin/cmake --build /home/manuel/buggy_ws_beta.a/build/image_transport -- -j16 -l16
[4.206s] [35m[1mScanning dependencies of target image_transport[0m
[4.206s] [35m[1mScanning dependencies of target gtest[0m
[4.206s] [35m[1mScanning dependencies of target gtest_main[0m
[4.206s] [  3%] [32mBuilding CXX object gtest/CMakeFiles/gtest.dir/src/gtest-all.cc.o[0m
[4.206s] [  6%] [32mBuilding CXX object gtest/CMakeFiles/gtest_main.dir/src/gtest_main.cc.o[0m
[4.207s] [ 10%] [32mBuilding CXX object CMakeFiles/image_transport.dir/src/publisher.cpp.o[0m
[4.207s] [ 13%] [32mBuilding CXX object CMakeFiles/image_transport.dir/src/camera_common.cpp.o[0m
[4.207s] [ 16%] [32mBuilding CXX object CMakeFiles/image_transport.dir/src/camera_publisher.cpp.o[0m
[4.207s] [ 20%] [32mBuilding CXX object CMakeFiles/image_transport.dir/src/subscriber.cpp.o[0m
[4.207s] [ 23%] [32mBuilding CXX object CMakeFiles/image_transport.dir/src/single_subscriber_publisher.cpp.o[0m
[4.207s] [ 26%] [32mBuilding CXX object CMakeFiles/image_transport.dir/src/image_transport.cpp.o[0m
[4.207s] [ 30%] [32mBuilding CXX object CMakeFiles/image_transport.dir/src/camera_subscriber.cpp.o[0m
[7.536s] [ 33%] [32m[1mLinking CXX static library libgtest_main.a[0m
[7.828s] [ 33%] Built target gtest_main
[19.669s] [ 36%] [32m[1mLinking CXX static library libgtest.a[0m
[20.109s] [ 36%] Built target gtest
[34.043s] [ 40%] [32m[1mLinking CXX shared library libimage_transport.so[0m
[35.220s] [ 40%] Built target image_transport
[35.240s] [35m[1mScanning dependencies of target image_transport-remapping[0m
[35.341s] [ 43%] [32mBuilding CXX object CMakeFiles/image_transport-remapping.dir/test/test_remapping.cpp.o[0m
[40.135s] [ 46%] [32m[1mLinking CXX executable image_transport-remapping[0m
[40.727s] [ 46%] Built target image_transport-remapping
[40.747s] [35m[1mScanning dependencies of target image_transport-single_subscriber_publisher[0m
[40.824s] [ 50%] [32mBuilding CXX object CMakeFiles/image_transport-single_subscriber_publisher.dir/test/test_single_subscriber_publisher.cpp.o[0m
[44.478s] [ 53%] [32m[1mLinking CXX executable image_transport-single_subscriber_publisher[0m
[44.888s] [ 53%] Built target image_transport-single_subscriber_publisher
[44.904s] [35m[1mScanning dependencies of target image_transport-publisher[0m
[44.959s] [ 56%] [32mBuilding CXX object CMakeFiles/image_transport-publisher.dir/test/test_publisher.cpp.o[0m
[48.010s] [ 60%] [32m[1mLinking CXX executable image_transport-publisher[0m
[48.336s] [ 60%] Built target image_transport-publisher
[48.348s] [35m[1mScanning dependencies of target image_transport-message_passing[0m
[48.397s] [ 63%] [32mBuilding CXX object CMakeFiles/image_transport-message_passing.dir/test/test_message_passing.cpp.o[0m
[51.423s] [ 66%] [32m[1mLinking CXX executable image_transport-message_passing[0m
[51.780s] [ 66%] Built target image_transport-message_passing
[51.792s] [35m[1mScanning dependencies of target image_transport-subscriber[0m
[51.840s] [ 70%] [32mBuilding CXX object CMakeFiles/image_transport-subscriber.dir/test/test_subscriber.cpp.o[0m
[54.683s] [ 73%] [32m[1mLinking CXX executable image_transport-subscriber[0m
[55.011s] [ 73%] Built target image_transport-subscriber
[55.023s] [35m[1mScanning dependencies of target image_transport-camera_common[0m
[55.039s] [ 76%] [32mBuilding CXX object CMakeFiles/image_transport-camera_common.dir/test/test_camera_common.cpp.o[0m
[55.947s] [ 80%] [32m[1mLinking CXX executable image_transport-camera_common[0m
[56.263s] [ 80%] Built target image_transport-camera_common
[56.275s] [35m[1mScanning dependencies of target republish[0m
[56.316s] [ 83%] [32mBuilding CXX object CMakeFiles/republish.dir/src/republish.cpp.o[0m
[62.092s] [ 86%] [32m[1mLinking CXX executable republish[0m
[62.568s] [ 86%] Built target republish
[62.586s] [35m[1mScanning dependencies of target image_transport_plugins[0m
[62.586s] [35m[1mScanning dependencies of target list_transports[0m
[62.642s] [ 90%] [32mBuilding CXX object CMakeFiles/image_transport_plugins.dir/src/manifest.cpp.o[0m
[62.647s] [ 93%] [32mBuilding CXX object CMakeFiles/list_transports.dir/src/list_transports.cpp.o[0m
[70.893s] [ 96%] [32m[1mLinking CXX shared library libimage_transport_plugins.so[0m
[71.313s] [100%] [32m[1mLinking CXX executable list_transports[0m
[71.462s] [100%] Built target image_transport_plugins
[71.837s] [100%] Built target list_transports
[71.858s] Invoked command in '/home/manuel/buggy_ws_beta.a/build/image_transport' returned '0': CMAKE_PREFIX_PATH=${CMAKE_PREFIX_PATH}:/home/manuel/buggy_space/install/joint_state_publisher_gui:/home/manuel/buggy_space/install/joint_state_publisher:/home/manuel/buggy_space/install/ackermann_odometry:/home/manuel/buggy_space/install/ackermann_controller:/opt/ros/foxy /usr/bin/cmake --build /home/manuel/buggy_ws_beta.a/build/image_transport -- -j16 -l16
[71.991s] Invoking command in '/home/manuel/buggy_ws_beta.a/build/image_transport': CMAKE_PREFIX_PATH=${CMAKE_PREFIX_PATH}:/home/manuel/buggy_space/install/joint_state_publisher_gui:/home/manuel/buggy_space/install/joint_state_publisher:/home/manuel/buggy_space/install/ackermann_odometry:/home/manuel/buggy_space/install/ackermann_controller:/opt/ros/foxy /usr/bin/cmake --install /home/manuel/buggy_ws_beta.a/build/image_transport
[72.010s] -- Install configuration: ""
[72.011s] -- Installing: /home/manuel/buggy_ws_beta.a/install/image_transport/share/image_transport/default_plugins.xml
[72.011s] -- Installing: /home/manuel/buggy_ws_beta.a/install/image_transport/lib/libimage_transport.so
[72.020s] -- Set runtime path of "/home/manuel/buggy_ws_beta.a/install/image_transport/lib/libimage_transport.so" to ""
[72.021s] -- Installing: /home/manuel/buggy_ws_beta.a/install/image_transport/lib/libimage_transport_plugins.so
[72.025s] -- Set runtime path of "/home/manuel/buggy_ws_beta.a/install/image_transport/lib/libimage_transport_plugins.so" to ""
[72.026s] -- Installing: /home/manuel/buggy_ws_beta.a/install/image_transport/lib/image_transport/list_transports
[72.029s] -- Set runtime path of "/home/manuel/buggy_ws_beta.a/install/image_transport/lib/image_transport/list_transports" to ""
[72.030s] -- Installing: /home/manuel/buggy_ws_beta.a/install/image_transport/lib/image_transport/republish
[72.032s] -- Set runtime path of "/home/manuel/buggy_ws_beta.a/install/image_transport/lib/image_transport/republish" to ""
[72.033s] -- Installing: /home/manuel/buggy_ws_beta.a/install/image_transport/include
[72.033s] -- Installing: /home/manuel/buggy_ws_beta.a/install/image_transport/include/image_transport
[72.033s] -- Installing: /home/manuel/buggy_ws_beta.a/install/image_transport/include/image_transport/publisher.hpp
[72.034s] -- Installing: /home/manuel/buggy_ws_beta.a/install/image_transport/include/image_transport/publisher.h
[72.034s] -- Installing: /home/manuel/buggy_ws_beta.a/install/image_transport/include/image_transport/subscriber_plugin.hpp
[72.034s] -- Installing: /home/manuel/buggy_ws_beta.a/install/image_transport/include/image_transport/simple_publisher_plugin.h
[72.035s] -- Installing: /home/manuel/buggy_ws_beta.a/install/image_transport/include/image_transport/image_transport.h
[72.035s] -- Installing: /home/manuel/buggy_ws_beta.a/install/image_transport/include/image_transport/camera_common.hpp
[72.036s] -- Installing: /home/manuel/buggy_ws_beta.a/install/image_transport/include/image_transport/raw_publisher.hpp
[72.036s] -- Installing: /home/manuel/buggy_ws_beta.a/install/image_transport/include/image_transport/single_subscriber_publisher.h
[72.036s] -- Installing: /home/manuel/buggy_ws_beta.a/install/image_transport/include/image_transport/subscriber_filter.h
[72.037s] -- Installing: /home/manuel/buggy_ws_beta.a/install/image_transport/include/image_transport/subscriber.hpp
[72.037s] -- Installing: /home/manuel/buggy_ws_beta.a/install/image_transport/include/image_transport/camera_publisher.hpp
[72.037s] -- Installing: /home/manuel/buggy_ws_beta.a/install/image_transport/include/image_transport/publisher_plugin.h
[72.037s] -- Installing: /home/manuel/buggy_ws_beta.a/install/image_transport/include/image_transport/raw_subscriber.hpp
[72.037s] -- Installing: /home/manuel/buggy_ws_beta.a/install/image_transport/include/image_transport/subscriber.h
[72.038s] -- Installing: /home/manuel/buggy_ws_beta.a/install/image_transport/include/image_transport/simple_subscriber_plugin.hpp
[72.038s] -- Installing: /home/manuel/buggy_ws_beta.a/install/image_transport/include/image_transport/subscriber_filter.hpp
[72.039s] -- Installing: /home/manuel/buggy_ws_beta.a/install/image_transport/include/image_transport/transport_hints.hpp
[72.039s] -- Installing: /home/manuel/buggy_ws_beta.a/install/image_transport/include/image_transport/exception.hpp
[72.040s] -- Installing: /home/manuel/buggy_ws_beta.a/install/image_transport/include/image_transport/camera_publisher.h
[72.040s] -- Installing: /home/manuel/buggy_ws_beta.a/install/image_transport/include/image_transport/camera_subscriber.h
[72.041s] -- Installing: /home/manuel/buggy_ws_beta.a/install/image_transport/include/image_transport/simple_subscriber_plugin.h
[72.041s] -- Installing: /home/manuel/buggy_ws_beta.a/install/image_transport/include/image_transport/loader_fwds.hpp
[72.041s] -- Installing: /home/manuel/buggy_ws_beta.a/install/image_transport/include/image_transport/subscriber_plugin.h
[72.042s] -- Installing: /home/manuel/buggy_ws_beta.a/install/image_transport/include/image_transport/loader_fwds.h
[72.042s] -- Installing: /home/manuel/buggy_ws_beta.a/install/image_transport/include/image_transport/visibility_control.hpp
[72.043s] -- Installing: /home/manuel/buggy_ws_beta.a/install/image_transport/include/image_transport/transport_hints.h
[72.043s] -- Installing: /home/manuel/buggy_ws_beta.a/install/image_transport/include/image_transport/publisher_plugin.hpp
[72.044s] -- Installing: /home/manuel/buggy_ws_beta.a/install/image_transport/include/image_transport/image_transport.hpp
[72.044s] -- Installing: /home/manuel/buggy_ws_beta.a/install/image_transport/include/image_transport/raw_publisher.h
[72.044s] -- Installing: /home/manuel/buggy_ws_beta.a/install/image_transport/include/image_transport/simple_publisher_plugin.hpp
[72.045s] -- Installing: /home/manuel/buggy_ws_beta.a/install/image_transport/include/image_transport/exception.h
[72.045s] -- Installing: /home/manuel/buggy_ws_beta.a/install/image_transport/include/image_transport/camera_common.h
[72.046s] -- Installing: /home/manuel/buggy_ws_beta.a/install/image_transport/include/image_transport/raw_subscriber.h
[72.046s] -- Installing: /home/manuel/buggy_ws_beta.a/install/image_transport/include/image_transport/single_subscriber_publisher.hpp
[72.047s] -- Installing: /home/manuel/buggy_ws_beta.a/install/image_transport/include/image_transport/camera_subscriber.hpp
[72.048s] -- Installing: /home/manuel/buggy_ws_beta.a/install/image_transport/share/image_transport/environment/library_path.sh
[72.048s] -- Installing: /home/manuel/buggy_ws_beta.a/install/image_transport/share/image_transport/environment/library_path.dsv
[72.049s] -- Installing: /home/manuel/buggy_ws_beta.a/install/image_transport/share/ament_index/resource_index/package_run_dependencies/image_transport
[72.049s] -- Installing: /home/manuel/buggy_ws_beta.a/install/image_transport/share/ament_index/resource_index/parent_prefix_path/image_transport
[72.050s] -- Installing: /home/manuel/buggy_ws_beta.a/install/image_transport/share/image_transport/environment/ament_prefix_path.sh
[72.051s] -- Installing: /home/manuel/buggy_ws_beta.a/install/image_transport/share/image_transport/environment/ament_prefix_path.dsv
[72.051s] -- Installing: /home/manuel/buggy_ws_beta.a/install/image_transport/share/image_transport/environment/path.sh
[72.052s] -- Installing: /home/manuel/buggy_ws_beta.a/install/image_transport/share/image_transport/environment/path.dsv
[72.052s] -- Installing: /home/manuel/buggy_ws_beta.a/install/image_transport/share/image_transport/local_setup.bash
[72.053s] -- Installing: /home/manuel/buggy_ws_beta.a/install/image_transport/share/image_transport/local_setup.sh
[72.054s] -- Installing: /home/manuel/buggy_ws_beta.a/install/image_transport/share/image_transport/local_setup.zsh
[72.054s] -- Installing: /home/manuel/buggy_ws_beta.a/install/image_transport/share/image_transport/local_setup.dsv
[72.055s] -- Installing: /home/manuel/buggy_ws_beta.a/install/image_transport/share/image_transport/package.dsv
[72.055s] -- Installing: /home/manuel/buggy_ws_beta.a/install/image_transport/share/ament_index/resource_index/packages/image_transport
[72.056s] -- Installing: /home/manuel/buggy_ws_beta.a/install/image_transport/share/ament_index/resource_index/image_transport__pluginlib__plugin/image_transport
[72.056s] -- Installing: /home/manuel/buggy_ws_beta.a/install/image_transport/share/image_transport/cmake/ament_cmake_export_include_directories-extras.cmake
[72.057s] -- Installing: /home/manuel/buggy_ws_beta.a/install/image_transport/share/image_transport/cmake/ament_cmake_export_libraries-extras.cmake
[72.057s] -- Installing: /home/manuel/buggy_ws_beta.a/install/image_transport/share/image_transport/cmake/ament_cmake_export_dependencies-extras.cmake
[72.058s] -- Installing: /home/manuel/buggy_ws_beta.a/install/image_transport/share/image_transport/cmake/image_transportConfig.cmake
[72.058s] -- Installing: /home/manuel/buggy_ws_beta.a/install/image_transport/share/image_transport/cmake/image_transportConfig-version.cmake
[72.059s] -- Installing: /home/manuel/buggy_ws_beta.a/install/image_transport/share/image_transport/package.xml
[72.076s] Invoked command in '/home/manuel/buggy_ws_beta.a/build/image_transport' returned '0': CMAKE_PREFIX_PATH=${CMAKE_PREFIX_PATH}:/home/manuel/buggy_space/install/joint_state_publisher_gui:/home/manuel/buggy_space/install/joint_state_publisher:/home/manuel/buggy_space/install/ackermann_odometry:/home/manuel/buggy_space/install/ackermann_controller:/opt/ros/foxy /usr/bin/cmake --install /home/manuel/buggy_ws_beta.a/build/image_transport
