[0.119s] Invoking command in '/home/manuel/buggy_ws_beta.a/build/can_msgs': CMAKE_PREFIX_PATH=${CMAKE_PREFIX_PATH}:/home/manuel/buggy_space/install/joint_state_publisher_gui:/home/manuel/buggy_space/install/joint_state_publisher:/home/manuel/buggy_space/install/ackermann_odometry:/home/manuel/buggy_space/install/ackermann_controller:/opt/ros/foxy /usr/bin/cmake /home/manuel/buggy_ws_beta.a/src/msgs/can_msgs -DCMAKE_INSTALL_PREFIX=/home/manuel/buggy_ws_beta.a/install/can_msgs
[0.626s] -- The C compiler identification is GNU 9.4.0
[0.626s] -- The CXX compiler identification is GNU 9.4.0
[0.627s] -- Check for working C compiler: /usr/bin/cc
[0.627s] -- Check for working C compiler: /usr/bin/cc -- works
[0.627s] -- Detecting C compiler ABI info
[0.627s] -- Detecting C compiler ABI info - done
[0.627s] -- Detecting C compile features
[0.627s] -- Detecting C compile features - done
[0.627s] -- Check for working CXX compiler: /usr/bin/c++
[0.628s] -- Check for working CXX compiler: /usr/bin/c++ -- works
[0.628s] -- Detecting CXX compiler ABI info
[0.769s] -- Detecting CXX compiler ABI info - done
[0.792s] -- Detecting CXX compile features
[0.793s] -- Detecting CXX compile features - done
[0.798s] -- Found ament_cmake: 0.9.11 (/opt/ros/foxy/share/ament_cmake/cmake)
[0.845s] -- Found PythonInterp: /usr/bin/python3 (found suitable version "3.8.10", minimum required is "3") 
[0.846s] -- Using PYTHON_EXECUTABLE: /usr/bin/python3
[1.399s] -- Found builtin_interfaces: 1.0.0 (/opt/ros/foxy/share/builtin_interfaces/cmake)
[1.463s] -- Using all available rosidl_typesupport_c: rosidl_typesupport_fastrtps_c;rosidl_typesupport_introspection_c
[1.476s] -- Found rosidl_adapter: 1.3.0 (/opt/ros/foxy/share/rosidl_adapter/cmake)
[1.641s] -- Found OpenSSL: /usr/lib/x86_64-linux-gnu/libcrypto.so (found version "1.1.1f")  
[1.731s] -- Found FastRTPS: /opt/ros/foxy/include  
[1.901s] -- Using all available rosidl_typesupport_cpp: rosidl_typesupport_fastrtps_cpp;rosidl_typesupport_introspection_cpp
[1.967s] -- Found rosidl_default_generators: 1.0.1 (/opt/ros/foxy/share/rosidl_default_generators/cmake)
[2.005s] -- Found geometry_msgs: 2.0.5 (/opt/ros/foxy/share/geometry_msgs/cmake)
[2.193s] -- Found PythonInterp: /usr/bin/python3 (found version "3.8.10") 
[2.546s] -- Found ament_cmake_ros: 0.9.2 (/opt/ros/foxy/share/ament_cmake_ros/cmake)
[3.120s] -- Using all available rosidl_typesupport_c: rosidl_typesupport_fastrtps_c;rosidl_typesupport_introspection_c
[3.371s] -- Using all available rosidl_typesupport_cpp: rosidl_typesupport_fastrtps_cpp;rosidl_typesupport_introspection_cpp
[3.430s] -- Found PythonInterp: /usr/bin/python3 (found suitable version "3.8.10", minimum required is "3.5") 
[3.432s] -- Found python_cmake_module: 0.8.1 (/opt/ros/foxy/share/python_cmake_module/cmake)
[3.489s] -- Found PythonLibs: /usr/lib/x86_64-linux-gnu/libpython3.8.so (found suitable version "3.8.10", minimum required is "3.5") 
[3.489s] -- Using PYTHON_EXECUTABLE: /usr/bin/python3
[3.489s] -- Using PYTHON_INCLUDE_DIRS: /usr/include/python3.8
[3.489s] -- Using PYTHON_LIBRARIES: /usr/lib/x86_64-linux-gnu/libpython3.8.so
[3.519s] -- Found PythonExtra: .so  
[3.739s] -- Configuring done
[3.848s] -- Generating done
[3.850s] -- Build files have been written to: /home/manuel/buggy_ws_beta.a/build/can_msgs
[3.998s] Invoked command in '/home/manuel/buggy_ws_beta.a/build/can_msgs' returned '0': CMAKE_PREFIX_PATH=${CMAKE_PREFIX_PATH}:/home/manuel/buggy_space/install/joint_state_publisher_gui:/home/manuel/buggy_space/install/joint_state_publisher:/home/manuel/buggy_space/install/ackermann_odometry:/home/manuel/buggy_space/install/ackermann_controller:/opt/ros/foxy /usr/bin/cmake /home/manuel/buggy_ws_beta.a/src/msgs/can_msgs -DCMAKE_INSTALL_PREFIX=/home/manuel/buggy_ws_beta.a/install/can_msgs
[4.000s] Invoking command in '/home/manuel/buggy_ws_beta.a/build/can_msgs': CMAKE_PREFIX_PATH=${CMAKE_PREFIX_PATH}:/home/manuel/buggy_space/install/joint_state_publisher_gui:/home/manuel/buggy_space/install/joint_state_publisher:/home/manuel/buggy_space/install/ackermann_odometry:/home/manuel/buggy_space/install/ackermann_controller:/opt/ros/foxy /usr/bin/cmake --build /home/manuel/buggy_ws_beta.a/build/can_msgs -- -j16 -l16
[4.279s] [35m[1mScanning dependencies of target can_msgs__cpp[0m
[4.293s] [  3%] [34m[1mGenerating C code for ROS interfaces[0m
[4.353s] [  6%] [34m[1mGenerating C++ code for ROS interfaces[0m
[5.526s] [35m[1mScanning dependencies of target can_msgs__rosidl_generator_c[0m
[5.657s] [  9%] [32mBuilding C object CMakeFiles/can_msgs__rosidl_generator_c.dir/rosidl_generator_c/can_msgs/msg/detail/frame__functions.c.o[0m
[5.746s] [  9%] Built target can_msgs__cpp
[5.815s] [ 12%] [34m[1mGenerating C++ type support dispatch for ROS interfaces[0m
[5.854s] [ 19%] [34m[1mGenerating C++ introspection for ROS interfaces[0m
[5.858s] [ 19%] [34m[1mGenerating C++ type support for eProsima Fast-RTPS[0m
[5.959s] [ 22%] [32m[1mLinking C shared library libcan_msgs__rosidl_generator_c.so[0m
[6.226s] [ 22%] Built target can_msgs__rosidl_generator_c
[6.325s] [ 25%] [34m[1mGenerating C type support dispatch for ROS interfaces[0m
[6.342s] [ 29%] [34m[1mGenerating C introspection for ROS interfaces[0m
[7.455s] [35m[1mScanning dependencies of target can_msgs__rosidl_typesupport_cpp[0m
[7.457s] [35m[1mScanning dependencies of target can_msgs__rosidl_typesupport_introspection_cpp[0m
[7.472s] [35m[1mScanning dependencies of target can_msgs__rosidl_typesupport_fastrtps_cpp[0m
[7.550s] [ 32%] [32mBuilding CXX object CMakeFiles/can_msgs__rosidl_typesupport_cpp.dir/rosidl_typesupport_cpp/can_msgs/msg/frame__type_support.cpp.o[0m
[7.557s] [ 35%] [32mBuilding CXX object CMakeFiles/can_msgs__rosidl_typesupport_introspection_cpp.dir/rosidl_typesupport_introspection_cpp/can_msgs/msg/detail/frame__type_support.cpp.o[0m
[7.575s] [ 38%] [32mBuilding CXX object CMakeFiles/can_msgs__rosidl_typesupport_fastrtps_cpp.dir/rosidl_typesupport_fastrtps_cpp/can_msgs/msg/detail/dds_fastrtps/frame__type_support.cpp.o[0m
[7.848s] [35m[1mScanning dependencies of target can_msgs__rosidl_typesupport_c[0m
[7.947s] [ 41%] [32mBuilding CXX object CMakeFiles/can_msgs__rosidl_typesupport_c.dir/rosidl_typesupport_c/can_msgs/msg/frame__type_support.cpp.o[0m
[8.176s] [35m[1mScanning dependencies of target can_msgs__rosidl_typesupport_introspection_c[0m
[8.203s] [ 45%] [32m[1mLinking CXX shared library libcan_msgs__rosidl_typesupport_c.so[0m
[8.337s] [ 48%] [32mBuilding C object CMakeFiles/can_msgs__rosidl_typesupport_introspection_c.dir/rosidl_typesupport_introspection_c/can_msgs/msg/detail/frame__type_support.c.o[0m
[8.569s] [ 48%] Built target can_msgs__rosidl_typesupport_c
[8.608s] [ 51%] [32m[1mLinking C shared library libcan_msgs__rosidl_typesupport_introspection_c.so[0m
[8.884s] [ 51%] Built target can_msgs__rosidl_typesupport_introspection_c
[9.663s] [ 54%] [32m[1mLinking CXX shared library libcan_msgs__rosidl_typesupport_cpp.so[0m
[9.733s] [ 58%] [32m[1mLinking CXX shared library libcan_msgs__rosidl_typesupport_introspection_cpp.so[0m
[9.983s] [ 58%] Built target can_msgs__rosidl_typesupport_cpp
[10.183s] [ 58%] Built target can_msgs__rosidl_typesupport_introspection_cpp
[10.655s] [ 61%] [32m[1mLinking CXX shared library libcan_msgs__rosidl_typesupport_fastrtps_cpp.so[0m
[11.018s] [ 61%] Built target can_msgs__rosidl_typesupport_fastrtps_cpp
[11.092s] [ 64%] [34m[1mGenerating C type support for eProsima Fast-RTPS[0m
[12.390s] [35m[1mScanning dependencies of target can_msgs__rosidl_typesupport_fastrtps_c[0m
[12.480s] [ 67%] [32mBuilding CXX object CMakeFiles/can_msgs__rosidl_typesupport_fastrtps_c.dir/rosidl_typesupport_fastrtps_c/can_msgs/msg/detail/frame__type_support_c.cpp.o[0m
[13.910s] [ 70%] [32m[1mLinking CXX shared library libcan_msgs__rosidl_typesupport_fastrtps_c.so[0m
[14.432s] [ 70%] Built target can_msgs__rosidl_typesupport_fastrtps_c
[14.522s] [35m[1mScanning dependencies of target can_msgs[0m
[14.614s] [ 70%] Built target can_msgs
[14.711s] [35m[1mScanning dependencies of target can_msgs__py[0m
[14.791s] [ 74%] [34m[1mGenerating Python code for ROS interfaces[0m
[16.922s] [ 74%] Built target can_msgs__py
[16.973s] [35m[1mScanning dependencies of target can_msgs__python[0m
[17.064s] [ 77%] [32mBuilding C object CMakeFiles/can_msgs__python.dir/rosidl_generator_py/can_msgs/msg/_frame_s.c.o[0m
[17.495s] [ 80%] [32m[1mLinking C shared library rosidl_generator_py/can_msgs/libcan_msgs__python.so[0m
[17.785s] [ 80%] Built target can_msgs__python
[17.867s] [35m[1mScanning dependencies of target can_msgs__rosidl_typesupport_fastrtps_c__pyext[0m
[17.891s] [35m[1mScanning dependencies of target can_msgs__rosidl_typesupport_c__pyext[0m
[17.915s] [35m[1mScanning dependencies of target can_msgs__rosidl_typesupport_introspection_c__pyext[0m
[18.094s] [ 83%] [32mBuilding C object CMakeFiles/can_msgs__rosidl_typesupport_c__pyext.dir/rosidl_generator_py/can_msgs/_can_msgs_s.ep.rosidl_typesupport_c.c.o[0m
[18.115s] [ 87%] [32mBuilding C object CMakeFiles/can_msgs__rosidl_typesupport_fastrtps_c__pyext.dir/rosidl_generator_py/can_msgs/_can_msgs_s.ep.rosidl_typesupport_fastrtps_c.c.o[0m
[18.133s] [ 90%] [32mBuilding C object CMakeFiles/can_msgs__rosidl_typesupport_introspection_c__pyext.dir/rosidl_generator_py/can_msgs/_can_msgs_s.ep.rosidl_typesupport_introspection_c.c.o[0m
[18.530s] [ 93%] [32m[1mLinking CXX shared library rosidl_generator_py/can_msgs/can_msgs_s__rosidl_typesupport_fastrtps_c.cpython-38-x86_64-linux-gnu.so[0m
[18.615s] [ 96%] [32m[1mLinking C shared library rosidl_generator_py/can_msgs/can_msgs_s__rosidl_typesupport_c.cpython-38-x86_64-linux-gnu.so[0m
[18.698s] [100%] [32m[1mLinking C shared library rosidl_generator_py/can_msgs/can_msgs_s__rosidl_typesupport_introspection_c.cpython-38-x86_64-linux-gnu.so[0m
[18.869s] [100%] Built target can_msgs__rosidl_typesupport_c__pyext
[18.972s] [100%] Built target can_msgs__rosidl_typesupport_introspection_c__pyext
[19.006s] [100%] Built target can_msgs__rosidl_typesupport_fastrtps_c__pyext
[19.077s] Invoked command in '/home/manuel/buggy_ws_beta.a/build/can_msgs' returned '0': CMAKE_PREFIX_PATH=${CMAKE_PREFIX_PATH}:/home/manuel/buggy_space/install/joint_state_publisher_gui:/home/manuel/buggy_space/install/joint_state_publisher:/home/manuel/buggy_space/install/ackermann_odometry:/home/manuel/buggy_space/install/ackermann_controller:/opt/ros/foxy /usr/bin/cmake --build /home/manuel/buggy_ws_beta.a/build/can_msgs -- -j16 -l16
[20.113s] Invoking command in '/home/manuel/buggy_ws_beta.a/build/can_msgs': CMAKE_PREFIX_PATH=${CMAKE_PREFIX_PATH}:/home/manuel/buggy_space/install/joint_state_publisher_gui:/home/manuel/buggy_space/install/joint_state_publisher:/home/manuel/buggy_space/install/ackermann_odometry:/home/manuel/buggy_space/install/ackermann_controller:/opt/ros/foxy /usr/bin/cmake --install /home/manuel/buggy_ws_beta.a/build/can_msgs
[30.365s] -- Install configuration: ""
[30.365s] -- Installing: /home/manuel/buggy_ws_beta.a/install/can_msgs/share/ament_index/resource_index/rosidl_interfaces/can_msgs
[30.366s] -- Installing: /home/manuel/buggy_ws_beta.a/install/can_msgs/include/can_msgs
[30.366s] -- Installing: /home/manuel/buggy_ws_beta.a/install/can_msgs/include/can_msgs/msg
[30.366s] -- Installing: /home/manuel/buggy_ws_beta.a/install/can_msgs/include/can_msgs/msg/detail
[30.366s] -- Installing: /home/manuel/buggy_ws_beta.a/install/can_msgs/include/can_msgs/msg/detail/frame__functions.c
[30.366s] -- Installing: /home/manuel/buggy_ws_beta.a/install/can_msgs/include/can_msgs/msg/detail/frame__struct.h
[30.367s] -- Installing: /home/manuel/buggy_ws_beta.a/install/can_msgs/include/can_msgs/msg/detail/frame__functions.h
[30.367s] -- Installing: /home/manuel/buggy_ws_beta.a/install/can_msgs/include/can_msgs/msg/detail/frame__type_support.h
[30.367s] -- Installing: /home/manuel/buggy_ws_beta.a/install/can_msgs/include/can_msgs/msg/rosidl_generator_c__visibility_control.h
[30.367s] -- Installing: /home/manuel/buggy_ws_beta.a/install/can_msgs/include/can_msgs/msg/frame.h
[30.367s] -- Installing: /home/manuel/buggy_ws_beta.a/install/can_msgs/share/can_msgs/environment/library_path.sh
[30.367s] -- Installing: /home/manuel/buggy_ws_beta.a/install/can_msgs/share/can_msgs/environment/library_path.dsv
[30.367s] -- Installing: /home/manuel/buggy_ws_beta.a/install/can_msgs/lib/libcan_msgs__rosidl_generator_c.so
[30.368s] -- Set runtime path of "/home/manuel/buggy_ws_beta.a/install/can_msgs/lib/libcan_msgs__rosidl_generator_c.so" to ""
[30.368s] -- Up-to-date: /home/manuel/buggy_ws_beta.a/install/can_msgs/include/can_msgs
[30.368s] -- Up-to-date: /home/manuel/buggy_ws_beta.a/install/can_msgs/include/can_msgs/msg
[30.368s] -- Up-to-date: /home/manuel/buggy_ws_beta.a/install/can_msgs/include/can_msgs/msg/detail
[30.368s] -- Installing: /home/manuel/buggy_ws_beta.a/install/can_msgs/include/can_msgs/msg/detail/frame__rosidl_typesupport_fastrtps_c.h
[30.369s] -- Installing: /home/manuel/buggy_ws_beta.a/install/can_msgs/include/can_msgs/msg/rosidl_typesupport_fastrtps_c__visibility_control.h
[30.369s] -- Installing: /home/manuel/buggy_ws_beta.a/install/can_msgs/lib/libcan_msgs__rosidl_typesupport_fastrtps_c.so
[30.369s] -- Set runtime path of "/home/manuel/buggy_ws_beta.a/install/can_msgs/lib/libcan_msgs__rosidl_typesupport_fastrtps_c.so" to ""
[30.369s] -- Up-to-date: /home/manuel/buggy_ws_beta.a/install/can_msgs/include/can_msgs
[30.370s] -- Up-to-date: /home/manuel/buggy_ws_beta.a/install/can_msgs/include/can_msgs/msg
[30.370s] -- Up-to-date: /home/manuel/buggy_ws_beta.a/install/can_msgs/include/can_msgs/msg/detail
[30.370s] -- Installing: /home/manuel/buggy_ws_beta.a/install/can_msgs/include/can_msgs/msg/detail/dds_fastrtps
[30.370s] -- Installing: /home/manuel/buggy_ws_beta.a/install/can_msgs/include/can_msgs/msg/detail/frame__rosidl_typesupport_fastrtps_cpp.hpp
[30.370s] -- Installing: /home/manuel/buggy_ws_beta.a/install/can_msgs/include/can_msgs/msg/rosidl_typesupport_fastrtps_cpp__visibility_control.h
[30.371s] -- Installing: /home/manuel/buggy_ws_beta.a/install/can_msgs/lib/libcan_msgs__rosidl_typesupport_fastrtps_cpp.so
[30.371s] -- Set runtime path of "/home/manuel/buggy_ws_beta.a/install/can_msgs/lib/libcan_msgs__rosidl_typesupport_fastrtps_cpp.so" to ""
[30.371s] -- Up-to-date: /home/manuel/buggy_ws_beta.a/install/can_msgs/include/can_msgs
[30.371s] -- Up-to-date: /home/manuel/buggy_ws_beta.a/install/can_msgs/include/can_msgs/msg
[30.371s] -- Up-to-date: /home/manuel/buggy_ws_beta.a/install/can_msgs/include/can_msgs/msg/detail
[30.371s] -- Installing: /home/manuel/buggy_ws_beta.a/install/can_msgs/include/can_msgs/msg/detail/frame__rosidl_typesupport_introspection_c.h
[30.371s] -- Installing: /home/manuel/buggy_ws_beta.a/install/can_msgs/include/can_msgs/msg/detail/frame__type_support.c
[30.372s] -- Installing: /home/manuel/buggy_ws_beta.a/install/can_msgs/include/can_msgs/msg/rosidl_typesupport_introspection_c__visibility_control.h
[30.372s] -- Installing: /home/manuel/buggy_ws_beta.a/install/can_msgs/lib/libcan_msgs__rosidl_typesupport_introspection_c.so
[30.372s] -- Set runtime path of "/home/manuel/buggy_ws_beta.a/install/can_msgs/lib/libcan_msgs__rosidl_typesupport_introspection_c.so" to ""
[30.372s] -- Installing: /home/manuel/buggy_ws_beta.a/install/can_msgs/lib/libcan_msgs__rosidl_typesupport_c.so
[30.372s] -- Set runtime path of "/home/manuel/buggy_ws_beta.a/install/can_msgs/lib/libcan_msgs__rosidl_typesupport_c.so" to ""
[30.372s] -- Up-to-date: /home/manuel/buggy_ws_beta.a/install/can_msgs/include/can_msgs
[30.372s] -- Up-to-date: /home/manuel/buggy_ws_beta.a/install/can_msgs/include/can_msgs/msg
[30.373s] -- Up-to-date: /home/manuel/buggy_ws_beta.a/install/can_msgs/include/can_msgs/msg/detail
[30.373s] -- Installing: /home/manuel/buggy_ws_beta.a/install/can_msgs/include/can_msgs/msg/detail/frame__traits.hpp
[30.373s] -- Installing: /home/manuel/buggy_ws_beta.a/install/can_msgs/include/can_msgs/msg/detail/frame__builder.hpp
[30.373s] -- Installing: /home/manuel/buggy_ws_beta.a/install/can_msgs/include/can_msgs/msg/detail/frame__struct.hpp
[30.373s] -- Installing: /home/manuel/buggy_ws_beta.a/install/can_msgs/include/can_msgs/msg/frame.hpp
[30.373s] -- Up-to-date: /home/manuel/buggy_ws_beta.a/install/can_msgs/include/can_msgs
[30.374s] -- Up-to-date: /home/manuel/buggy_ws_beta.a/install/can_msgs/include/can_msgs/msg
[30.374s] -- Up-to-date: /home/manuel/buggy_ws_beta.a/install/can_msgs/include/can_msgs/msg/detail
[30.374s] -- Installing: /home/manuel/buggy_ws_beta.a/install/can_msgs/include/can_msgs/msg/detail/frame__rosidl_typesupport_introspection_cpp.hpp
[30.374s] -- Installing: /home/manuel/buggy_ws_beta.a/install/can_msgs/include/can_msgs/msg/detail/frame__type_support.cpp
[30.374s] -- Installing: /home/manuel/buggy_ws_beta.a/install/can_msgs/lib/libcan_msgs__rosidl_typesupport_introspection_cpp.so
[30.374s] -- Set runtime path of "/home/manuel/buggy_ws_beta.a/install/can_msgs/lib/libcan_msgs__rosidl_typesupport_introspection_cpp.so" to ""
[30.374s] -- Installing: /home/manuel/buggy_ws_beta.a/install/can_msgs/lib/libcan_msgs__rosidl_typesupport_cpp.so
[30.375s] -- Set runtime path of "/home/manuel/buggy_ws_beta.a/install/can_msgs/lib/libcan_msgs__rosidl_typesupport_cpp.so" to ""
[30.375s] -- Installing: /home/manuel/buggy_ws_beta.a/install/can_msgs/share/can_msgs/environment/pythonpath.sh
[30.375s] -- Installing: /home/manuel/buggy_ws_beta.a/install/can_msgs/share/can_msgs/environment/pythonpath.dsv
[30.375s] -- Installing: /home/manuel/buggy_ws_beta.a/install/can_msgs/lib/python3.8/site-packages/can_msgs/__init__.py
[30.375s] Compiling '/home/manuel/buggy_ws_beta.a/install/can_msgs/lib/python3.8/site-packages/can_msgs/__init__.py'...
[30.375s] -- Installing: /home/manuel/buggy_ws_beta.a/install/can_msgs/lib/python3.8/site-packages/can_msgs/msg
[30.375s] -- Installing: /home/manuel/buggy_ws_beta.a/install/can_msgs/lib/python3.8/site-packages/can_msgs/msg/_frame.py
[30.375s] -- Installing: /home/manuel/buggy_ws_beta.a/install/can_msgs/lib/python3.8/site-packages/can_msgs/msg/_frame_s.c
[30.376s] -- Installing: /home/manuel/buggy_ws_beta.a/install/can_msgs/lib/python3.8/site-packages/can_msgs/msg/__init__.py
[30.376s] -- Installing: /home/manuel/buggy_ws_beta.a/install/can_msgs/lib/python3.8/site-packages/can_msgs/can_msgs_s__rosidl_typesupport_fastrtps_c.cpython-38-x86_64-linux-gnu.so
[30.376s] -- Set runtime path of "/home/manuel/buggy_ws_beta.a/install/can_msgs/lib/python3.8/site-packages/can_msgs/can_msgs_s__rosidl_typesupport_fastrtps_c.cpython-38-x86_64-linux-gnu.so" to ""
[30.376s] -- Installing: /home/manuel/buggy_ws_beta.a/install/can_msgs/lib/python3.8/site-packages/can_msgs/can_msgs_s__rosidl_typesupport_introspection_c.cpython-38-x86_64-linux-gnu.so
[30.376s] -- Set runtime path of "/home/manuel/buggy_ws_beta.a/install/can_msgs/lib/python3.8/site-packages/can_msgs/can_msgs_s__rosidl_typesupport_introspection_c.cpython-38-x86_64-linux-gnu.so" to ""
[30.376s] -- Installing: /home/manuel/buggy_ws_beta.a/install/can_msgs/lib/python3.8/site-packages/can_msgs/can_msgs_s__rosidl_typesupport_c.cpython-38-x86_64-linux-gnu.so
[30.376s] -- Set runtime path of "/home/manuel/buggy_ws_beta.a/install/can_msgs/lib/python3.8/site-packages/can_msgs/can_msgs_s__rosidl_typesupport_c.cpython-38-x86_64-linux-gnu.so" to ""
[30.377s] -- Installing: /home/manuel/buggy_ws_beta.a/install/can_msgs/lib/libcan_msgs__python.so
[30.377s] -- Set runtime path of "/home/manuel/buggy_ws_beta.a/install/can_msgs/lib/libcan_msgs__python.so" to ""
[30.377s] -- Installing: /home/manuel/buggy_ws_beta.a/install/can_msgs/share/can_msgs/msg/Frame.idl
[30.414s] -- Installing: /home/manuel/buggy_ws_beta.a/install/can_msgs/share/can_msgs/msg/Frame.msg
[30.414s] -- Installing: /home/manuel/buggy_ws_beta.a/install/can_msgs/share/ament_index/resource_index/package_run_dependencies/can_msgs
[30.414s] -- Installing: /home/manuel/buggy_ws_beta.a/install/can_msgs/share/ament_index/resource_index/parent_prefix_path/can_msgs
[30.415s] -- Installing: /home/manuel/buggy_ws_beta.a/install/can_msgs/share/can_msgs/environment/ament_prefix_path.sh
[30.415s] -- Installing: /home/manuel/buggy_ws_beta.a/install/can_msgs/share/can_msgs/environment/ament_prefix_path.dsv
[30.415s] -- Installing: /home/manuel/buggy_ws_beta.a/install/can_msgs/share/can_msgs/environment/path.sh
[30.415s] -- Installing: /home/manuel/buggy_ws_beta.a/install/can_msgs/share/can_msgs/environment/path.dsv
[30.415s] -- Installing: /home/manuel/buggy_ws_beta.a/install/can_msgs/share/can_msgs/local_setup.bash
[30.415s] -- Installing: /home/manuel/buggy_ws_beta.a/install/can_msgs/share/can_msgs/local_setup.sh
[30.415s] -- Installing: /home/manuel/buggy_ws_beta.a/install/can_msgs/share/can_msgs/local_setup.zsh
[30.416s] -- Installing: /home/manuel/buggy_ws_beta.a/install/can_msgs/share/can_msgs/local_setup.dsv
[30.416s] -- Installing: /home/manuel/buggy_ws_beta.a/install/can_msgs/share/can_msgs/package.dsv
[30.416s] -- Installing: /home/manuel/buggy_ws_beta.a/install/can_msgs/share/ament_index/resource_index/packages/can_msgs
[30.416s] -- Installing: /home/manuel/buggy_ws_beta.a/install/can_msgs/share/can_msgs/cmake/can_msgs__rosidl_generator_cExport.cmake
[30.416s] -- Installing: /home/manuel/buggy_ws_beta.a/install/can_msgs/share/can_msgs/cmake/can_msgs__rosidl_generator_cExport-noconfig.cmake
[30.416s] -- Installing: /home/manuel/buggy_ws_beta.a/install/can_msgs/share/can_msgs/cmake/can_msgs__rosidl_typesupport_introspection_cExport.cmake
[30.416s] -- Installing: /home/manuel/buggy_ws_beta.a/install/can_msgs/share/can_msgs/cmake/can_msgs__rosidl_typesupport_introspection_cExport-noconfig.cmake
[30.417s] -- Installing: /home/manuel/buggy_ws_beta.a/install/can_msgs/share/can_msgs/cmake/can_msgs__rosidl_typesupport_cExport.cmake
[30.417s] -- Installing: /home/manuel/buggy_ws_beta.a/install/can_msgs/share/can_msgs/cmake/can_msgs__rosidl_typesupport_cExport-noconfig.cmake
[30.417s] -- Installing: /home/manuel/buggy_ws_beta.a/install/can_msgs/share/can_msgs/cmake/can_msgs__rosidl_generator_cppExport.cmake
[30.417s] -- Installing: /home/manuel/buggy_ws_beta.a/install/can_msgs/share/can_msgs/cmake/can_msgs__rosidl_typesupport_introspection_cppExport.cmake
[30.417s] -- Installing: /home/manuel/buggy_ws_beta.a/install/can_msgs/share/can_msgs/cmake/can_msgs__rosidl_typesupport_introspection_cppExport-noconfig.cmake
[30.417s] -- Installing: /home/manuel/buggy_ws_beta.a/install/can_msgs/share/can_msgs/cmake/can_msgs__rosidl_typesupport_cppExport.cmake
[30.417s] -- Installing: /home/manuel/buggy_ws_beta.a/install/can_msgs/share/can_msgs/cmake/can_msgs__rosidl_typesupport_cppExport-noconfig.cmake
[30.418s] -- Installing: /home/manuel/buggy_ws_beta.a/install/can_msgs/share/can_msgs/cmake/rosidl_cmake-extras.cmake
[30.424s] -- Installing: /home/manuel/buggy_ws_beta.a/install/can_msgs/share/can_msgs/cmake/ament_cmake_export_dependencies-extras.cmake
[30.424s] -- Installing: /home/manuel/buggy_ws_beta.a/install/can_msgs/share/can_msgs/cmake/ament_cmake_export_libraries-extras.cmake
[30.425s] -- Installing: /home/manuel/buggy_ws_beta.a/install/can_msgs/share/can_msgs/cmake/ament_cmake_export_targets-extras.cmake
[30.425s] -- Installing: /home/manuel/buggy_ws_beta.a/install/can_msgs/share/can_msgs/cmake/ament_cmake_export_include_directories-extras.cmake
[30.425s] -- Installing: /home/manuel/buggy_ws_beta.a/install/can_msgs/share/can_msgs/cmake/rosidl_cmake_export_typesupport_libraries-extras.cmake
[30.425s] -- Installing: /home/manuel/buggy_ws_beta.a/install/can_msgs/share/can_msgs/cmake/rosidl_cmake_export_typesupport_targets-extras.cmake
[30.426s] -- Installing: /home/manuel/buggy_ws_beta.a/install/can_msgs/share/can_msgs/cmake/can_msgsConfig.cmake
[30.426s] -- Installing: /home/manuel/buggy_ws_beta.a/install/can_msgs/share/can_msgs/cmake/can_msgsConfig-version.cmake
[30.427s] -- Installing: /home/manuel/buggy_ws_beta.a/install/can_msgs/share/can_msgs/package.xml
[30.596s] Invoked command in '/home/manuel/buggy_ws_beta.a/build/can_msgs' returned '0': CMAKE_PREFIX_PATH=${CMAKE_PREFIX_PATH}:/home/manuel/buggy_space/install/joint_state_publisher_gui:/home/manuel/buggy_space/install/joint_state_publisher:/home/manuel/buggy_space/install/ackermann_odometry:/home/manuel/buggy_space/install/ackermann_controller:/opt/ros/foxy /usr/bin/cmake --install /home/manuel/buggy_ws_beta.a/build/can_msgs
