[  0%] Built target buggy_msgs__cpp
[ 12%] Built target buggy_msgs__rosidl_generator_c
[ 24%] Built target buggy_msgs__rosidl_typesupport_cpp
[ 36%] Built target buggy_msgs__rosidl_typesupport_fastrtps_cpp
[ 49%] Built target buggy_msgs__rosidl_typesupport_introspection_cpp
[ 62%] Built target buggy_msgs__rosidl_typesupport_introspection_c
[ 74%] Built target buggy_msgs__rosidl_typesupport_c
[ 86%] Built target buggy_msgs__rosidl_typesupport_fastrtps_c
[ 86%] Built target buggy_msgs
[ 86%] Built target buggy_msgs__py
[ 98%] Built target buggy_msgs__python
[ 99%] Built target buggy_msgs__rosidl_typesupport_introspection_c__pyext
[100%] Built target buggy_msgs__rosidl_typesupport_c__pyext
[100%] Built target buggy_msgs__rosidl_typesupport_fastrtps_c__pyext
-- Install configuration: ""
-- Up-to-date: /home/manuel/buggy_ws_beta.a/install/buggy_msgs/share/ament_index/resource_index/rosidl_interfaces/buggy_msgs
-- Up-to-date: /home/manuel/buggy_ws_beta.a/install/buggy_msgs/include/buggy_msgs
-- Up-to-date: /home/manuel/buggy_ws_beta.a/install/buggy_msgs/include/buggy_msgs/msg
-- Up-to-date: /home/manuel/buggy_ws_beta.a/install/buggy_msgs/include/buggy_msgs/msg/vehicle_state.h
-- Up-to-date: /home/manuel/buggy_ws_beta.a/install/buggy_msgs/include/buggy_msgs/msg/steering_cmd.h
-- Up-to-date: /home/manuel/buggy_ws_beta.a/install/buggy_msgs/include/buggy_msgs/msg/steering_wheel_state.h
-- Up-to-date: /home/manuel/buggy_ws_beta.a/install/buggy_msgs/include/buggy_msgs/msg/detail
-- Up-to-date: /home/manuel/buggy_ws_beta.a/install/buggy_msgs/include/buggy_msgs/msg/detail/current_cmd__struct.h
-- Up-to-date: /home/manuel/buggy_ws_beta.a/install/buggy_msgs/include/buggy_msgs/msg/detail/bus_parameter_stamped__functions.h
-- Up-to-date: /home/manuel/buggy_ws_beta.a/install/buggy_msgs/include/buggy_msgs/msg/detail/gnss_state__struct.h
-- Up-to-date: /home/manuel/buggy_ws_beta.a/install/buggy_msgs/include/buggy_msgs/msg/detail/steering_wheel_state_stamped__struct.h
-- Up-to-date: /home/manuel/buggy_ws_beta.a/install/buggy_msgs/include/buggy_msgs/msg/detail/platoon_state__type_support.h
-- Up-to-date: /home/manuel/buggy_ws_beta.a/install/buggy_msgs/include/buggy_msgs/msg/detail/hi_linit_cmd_stamped__type_support.h
-- Up-to-date: /home/manuel/buggy_ws_beta.a/install/buggy_msgs/include/buggy_msgs/msg/detail/hi_linit_cmd__functions.h
-- Up-to-date: /home/manuel/buggy_ws_beta.a/install/buggy_msgs/include/buggy_msgs/msg/detail/current_cmd__functions.c
-- Up-to-date: /home/manuel/buggy_ws_beta.a/install/buggy_msgs/include/buggy_msgs/msg/detail/fzg_vehicle_data_stamped__struct.h
-- Up-to-date: /home/manuel/buggy_ws_beta.a/install/buggy_msgs/include/buggy_msgs/msg/detail/rc_ctrl_state_stamped__functions.c
-- Up-to-date: /home/manuel/buggy_ws_beta.a/install/buggy_msgs/include/buggy_msgs/msg/detail/hi_linit_cmd__functions.c
-- Up-to-date: /home/manuel/buggy_ws_beta.a/install/buggy_msgs/include/buggy_msgs/msg/detail/drive_state_stamped__functions.h
-- Up-to-date: /home/manuel/buggy_ws_beta.a/install/buggy_msgs/include/buggy_msgs/msg/detail/steering_cmd_stamped__type_support.h
-- Up-to-date: /home/manuel/buggy_ws_beta.a/install/buggy_msgs/include/buggy_msgs/msg/detail/rc_ctrl_state__functions.h
-- Up-to-date: /home/manuel/buggy_ws_beta.a/install/buggy_msgs/include/buggy_msgs/msg/detail/vehicle_state_stamped__type_support.h
-- Up-to-date: /home/manuel/buggy_ws_beta.a/install/buggy_msgs/include/buggy_msgs/msg/detail/mapmatching_stamped__functions.h
-- Up-to-date: /home/manuel/buggy_ws_beta.a/install/buggy_msgs/include/buggy_msgs/msg/detail/current_cmd__type_support.h
-- Up-to-date: /home/manuel/buggy_ws_beta.a/install/buggy_msgs/include/buggy_msgs/msg/detail/wheels_state_stamped__struct.h
-- Up-to-date: /home/manuel/buggy_ws_beta.a/install/buggy_msgs/include/buggy_msgs/msg/detail/imu_state__functions.c
-- Up-to-date: /home/manuel/buggy_ws_beta.a/install/buggy_msgs/include/buggy_msgs/msg/detail/wheels_state__type_support.h
-- Up-to-date: /home/manuel/buggy_ws_beta.a/install/buggy_msgs/include/buggy_msgs/msg/detail/gnss_state_stamped__struct.h
-- Up-to-date: /home/manuel/buggy_ws_beta.a/install/buggy_msgs/include/buggy_msgs/msg/detail/bus_parameter__functions.h
-- Up-to-date: /home/manuel/buggy_ws_beta.a/install/buggy_msgs/include/buggy_msgs/msg/detail/gnss_state__functions.c
-- Up-to-date: /home/manuel/buggy_ws_beta.a/install/buggy_msgs/include/buggy_msgs/msg/detail/vehicle_state_stamped__functions.h
-- Up-to-date: /home/manuel/buggy_ws_beta.a/install/buggy_msgs/include/buggy_msgs/msg/detail/wheels_state_stamped__type_support.h
-- Up-to-date: /home/manuel/buggy_ws_beta.a/install/buggy_msgs/include/buggy_msgs/msg/detail/current_cmd_stamped__type_support.h
-- Up-to-date: /home/manuel/buggy_ws_beta.a/install/buggy_msgs/include/buggy_msgs/msg/detail/fzg_vehicle_data__struct.h
-- Up-to-date: /home/manuel/buggy_ws_beta.a/install/buggy_msgs/include/buggy_msgs/msg/detail/imu_state__functions.h
-- Up-to-date: /home/manuel/buggy_ws_beta.a/install/buggy_msgs/include/buggy_msgs/msg/detail/rc_ctrl_state__functions.c
-- Up-to-date: /home/manuel/buggy_ws_beta.a/install/buggy_msgs/include/buggy_msgs/msg/detail/imu_state_stamped__type_support.h
-- Up-to-date: /home/manuel/buggy_ws_beta.a/install/buggy_msgs/include/buggy_msgs/msg/detail/bus_parameter_stamped__type_support.h
-- Up-to-date: /home/manuel/buggy_ws_beta.a/install/buggy_msgs/include/buggy_msgs/msg/detail/steering_wheel_state__functions.h
-- Up-to-date: /home/manuel/buggy_ws_beta.a/install/buggy_msgs/include/buggy_msgs/msg/detail/vehicle_state_stamped__functions.c
-- Up-to-date: /home/manuel/buggy_ws_beta.a/install/buggy_msgs/include/buggy_msgs/msg/detail/current_cmd__functions.h
-- Up-to-date: /home/manuel/buggy_ws_beta.a/install/buggy_msgs/include/buggy_msgs/msg/detail/gnss_state__functions.h
-- Up-to-date: /home/manuel/buggy_ws_beta.a/install/buggy_msgs/include/buggy_msgs/msg/detail/steering_cmd__type_support.h
-- Up-to-date: /home/manuel/buggy_ws_beta.a/install/buggy_msgs/include/buggy_msgs/msg/detail/drive_state_stamped__functions.c
-- Up-to-date: /home/manuel/buggy_ws_beta.a/install/buggy_msgs/include/buggy_msgs/msg/detail/wheels_state__functions.h
-- Up-to-date: /home/manuel/buggy_ws_beta.a/install/buggy_msgs/include/buggy_msgs/msg/detail/rc_ctrl_state_stamped__struct.h
-- Up-to-date: /home/manuel/buggy_ws_beta.a/install/buggy_msgs/include/buggy_msgs/msg/detail/steering_wheel_state_stamped__functions.c
-- Up-to-date: /home/manuel/buggy_ws_beta.a/install/buggy_msgs/include/buggy_msgs/msg/detail/bus_parameter_stamped__struct.h
-- Up-to-date: /home/manuel/buggy_ws_beta.a/install/buggy_msgs/include/buggy_msgs/msg/detail/fzg_vehicle_data_stamped__functions.c
-- Up-to-date: /home/manuel/buggy_ws_beta.a/install/buggy_msgs/include/buggy_msgs/msg/detail/fzg_vehicle_data_stamped__functions.h
-- Up-to-date: /home/manuel/buggy_ws_beta.a/install/buggy_msgs/include/buggy_msgs/msg/detail/wheels_state_stamped__functions.c
-- Up-to-date: /home/manuel/buggy_ws_beta.a/install/buggy_msgs/include/buggy_msgs/msg/detail/steering_cmd__functions.h
-- Up-to-date: /home/manuel/buggy_ws_beta.a/install/buggy_msgs/include/buggy_msgs/msg/detail/imu_state_stamped__functions.c
-- Up-to-date: /home/manuel/buggy_ws_beta.a/install/buggy_msgs/include/buggy_msgs/msg/detail/rc_ctrl_state__struct.h
-- Up-to-date: /home/manuel/buggy_ws_beta.a/install/buggy_msgs/include/buggy_msgs/msg/detail/fzg_vehicle_data__functions.h
-- Up-to-date: /home/manuel/buggy_ws_beta.a/install/buggy_msgs/include/buggy_msgs/msg/detail/steering_wheel_state__type_support.h
-- Up-to-date: /home/manuel/buggy_ws_beta.a/install/buggy_msgs/include/buggy_msgs/msg/detail/imu_state_stamped__functions.h
-- Up-to-date: /home/manuel/buggy_ws_beta.a/install/buggy_msgs/include/buggy_msgs/msg/detail/gnss_state_stamped__functions.h
-- Up-to-date: /home/manuel/buggy_ws_beta.a/install/buggy_msgs/include/buggy_msgs/msg/detail/hi_linit_cmd_stamped__functions.c
-- Up-to-date: /home/manuel/buggy_ws_beta.a/install/buggy_msgs/include/buggy_msgs/msg/detail/hi_linit_cmd_stamped__functions.h
-- Up-to-date: /home/manuel/buggy_ws_beta.a/install/buggy_msgs/include/buggy_msgs/msg/detail/drive_state_stamped__type_support.h
-- Up-to-date: /home/manuel/buggy_ws_beta.a/install/buggy_msgs/include/buggy_msgs/msg/detail/vehicle_state__type_support.h
-- Up-to-date: /home/manuel/buggy_ws_beta.a/install/buggy_msgs/include/buggy_msgs/msg/detail/bus_parameter__struct.h
-- Up-to-date: /home/manuel/buggy_ws_beta.a/install/buggy_msgs/include/buggy_msgs/msg/detail/steering_wheel_state__functions.c
-- Up-to-date: /home/manuel/buggy_ws_beta.a/install/buggy_msgs/include/buggy_msgs/msg/detail/imu_state_stamped__struct.h
-- Up-to-date: /home/manuel/buggy_ws_beta.a/install/buggy_msgs/include/buggy_msgs/msg/detail/hi_linit_cmd__struct.h
-- Up-to-date: /home/manuel/buggy_ws_beta.a/install/buggy_msgs/include/buggy_msgs/msg/detail/hi_linit_cmd_stamped__struct.h
-- Up-to-date: /home/manuel/buggy_ws_beta.a/install/buggy_msgs/include/buggy_msgs/msg/detail/imu_state__type_support.h
-- Up-to-date: /home/manuel/buggy_ws_beta.a/install/buggy_msgs/include/buggy_msgs/msg/detail/steering_wheel_state__struct.h
-- Up-to-date: /home/manuel/buggy_ws_beta.a/install/buggy_msgs/include/buggy_msgs/msg/detail/steering_cmd__functions.c
-- Up-to-date: /home/manuel/buggy_ws_beta.a/install/buggy_msgs/include/buggy_msgs/msg/detail/gnss_state_stamped__type_support.h
-- Up-to-date: /home/manuel/buggy_ws_beta.a/install/buggy_msgs/include/buggy_msgs/msg/detail/mapmatching_stamped__type_support.h
-- Up-to-date: /home/manuel/buggy_ws_beta.a/install/buggy_msgs/include/buggy_msgs/msg/detail/steering_cmd_stamped__struct.h
-- Up-to-date: /home/manuel/buggy_ws_beta.a/install/buggy_msgs/include/buggy_msgs/msg/detail/rc_ctrl_state_stamped__functions.h
-- Up-to-date: /home/manuel/buggy_ws_beta.a/install/buggy_msgs/include/buggy_msgs/msg/detail/steering_cmd_stamped__functions.c
-- Up-to-date: /home/manuel/buggy_ws_beta.a/install/buggy_msgs/include/buggy_msgs/msg/detail/wheels_state__functions.c
-- Up-to-date: /home/manuel/buggy_ws_beta.a/install/buggy_msgs/include/buggy_msgs/msg/detail/vehicle_state__functions.c
-- Up-to-date: /home/manuel/buggy_ws_beta.a/install/buggy_msgs/include/buggy_msgs/msg/detail/mapmatching_stamped__functions.c
-- Up-to-date: /home/manuel/buggy_ws_beta.a/install/buggy_msgs/include/buggy_msgs/msg/detail/rc_ctrl_state__type_support.h
-- Up-to-date: /home/manuel/buggy_ws_beta.a/install/buggy_msgs/include/buggy_msgs/msg/detail/vehicle_state_stamped__struct.h
-- Up-to-date: /home/manuel/buggy_ws_beta.a/install/buggy_msgs/include/buggy_msgs/msg/detail/drive_state__type_support.h
-- Up-to-date: /home/manuel/buggy_ws_beta.a/install/buggy_msgs/include/buggy_msgs/msg/detail/drive_state__struct.h
-- Up-to-date: /home/manuel/buggy_ws_beta.a/install/buggy_msgs/include/buggy_msgs/msg/detail/platoon_state_stamped__functions.h
-- Up-to-date: /home/manuel/buggy_ws_beta.a/install/buggy_msgs/include/buggy_msgs/msg/detail/mapmatching_stamped__struct.h
-- Up-to-date: /home/manuel/buggy_ws_beta.a/install/buggy_msgs/include/buggy_msgs/msg/detail/current_cmd_stamped__struct.h
-- Up-to-date: /home/manuel/buggy_ws_beta.a/install/buggy_msgs/include/buggy_msgs/msg/detail/mapmatching__functions.h
-- Up-to-date: /home/manuel/buggy_ws_beta.a/install/buggy_msgs/include/buggy_msgs/msg/detail/platoon_state_stamped__type_support.h
-- Up-to-date: /home/manuel/buggy_ws_beta.a/install/buggy_msgs/include/buggy_msgs/msg/detail/platoon_state_stamped__struct.h
-- Up-to-date: /home/manuel/buggy_ws_beta.a/install/buggy_msgs/include/buggy_msgs/msg/detail/steering_cmd__struct.h
-- Up-to-date: /home/manuel/buggy_ws_beta.a/install/buggy_msgs/include/buggy_msgs/msg/detail/gnss_state_stamped__functions.c
-- Up-to-date: /home/manuel/buggy_ws_beta.a/install/buggy_msgs/include/buggy_msgs/msg/detail/vehicle_state__functions.h
-- Up-to-date: /home/manuel/buggy_ws_beta.a/install/buggy_msgs/include/buggy_msgs/msg/detail/steering_wheel_state_stamped__functions.h
-- Up-to-date: /home/manuel/buggy_ws_beta.a/install/buggy_msgs/include/buggy_msgs/msg/detail/bus_parameter__functions.c
-- Up-to-date: /home/manuel/buggy_ws_beta.a/install/buggy_msgs/include/buggy_msgs/msg/detail/gnss_state__type_support.h
-- Up-to-date: /home/manuel/buggy_ws_beta.a/install/buggy_msgs/include/buggy_msgs/msg/detail/platoon_state__struct.h
-- Up-to-date: /home/manuel/buggy_ws_beta.a/install/buggy_msgs/include/buggy_msgs/msg/detail/wheels_state__struct.h
-- Up-to-date: /home/manuel/buggy_ws_beta.a/install/buggy_msgs/include/buggy_msgs/msg/detail/platoon_state_stamped__functions.c
-- Up-to-date: /home/manuel/buggy_ws_beta.a/install/buggy_msgs/include/buggy_msgs/msg/detail/drive_state__functions.h
-- Up-to-date: /home/manuel/buggy_ws_beta.a/install/buggy_msgs/include/buggy_msgs/msg/detail/drive_state__functions.c
-- Up-to-date: /home/manuel/buggy_ws_beta.a/install/buggy_msgs/include/buggy_msgs/msg/detail/fzg_vehicle_data_stamped__type_support.h
-- Up-to-date: /home/manuel/buggy_ws_beta.a/install/buggy_msgs/include/buggy_msgs/msg/detail/current_cmd_stamped__functions.h
-- Up-to-date: /home/manuel/buggy_ws_beta.a/install/buggy_msgs/include/buggy_msgs/msg/detail/bus_parameter_stamped__functions.c
-- Up-to-date: /home/manuel/buggy_ws_beta.a/install/buggy_msgs/include/buggy_msgs/msg/detail/hi_linit_cmd__type_support.h
-- Up-to-date: /home/manuel/buggy_ws_beta.a/install/buggy_msgs/include/buggy_msgs/msg/detail/current_cmd_stamped__functions.c
-- Up-to-date: /home/manuel/buggy_ws_beta.a/install/buggy_msgs/include/buggy_msgs/msg/detail/steering_cmd_stamped__functions.h
-- Up-to-date: /home/manuel/buggy_ws_beta.a/install/buggy_msgs/include/buggy_msgs/msg/detail/fzg_vehicle_data__type_support.h
-- Up-to-date: /home/manuel/buggy_ws_beta.a/install/buggy_msgs/include/buggy_msgs/msg/detail/mapmatching__struct.h
-- Up-to-date: /home/manuel/buggy_ws_beta.a/install/buggy_msgs/include/buggy_msgs/msg/detail/vehicle_state__struct.h
-- Up-to-date: /home/manuel/buggy_ws_beta.a/install/buggy_msgs/include/buggy_msgs/msg/detail/platoon_state__functions.c
-- Up-to-date: /home/manuel/buggy_ws_beta.a/install/buggy_msgs/include/buggy_msgs/msg/detail/rc_ctrl_state_stamped__type_support.h
-- Up-to-date: /home/manuel/buggy_ws_beta.a/install/buggy_msgs/include/buggy_msgs/msg/detail/bus_parameter__type_support.h
-- Up-to-date: /home/manuel/buggy_ws_beta.a/install/buggy_msgs/include/buggy_msgs/msg/detail/platoon_state__functions.h
-- Up-to-date: /home/manuel/buggy_ws_beta.a/install/buggy_msgs/include/buggy_msgs/msg/detail/steering_wheel_state_stamped__type_support.h
-- Up-to-date: /home/manuel/buggy_ws_beta.a/install/buggy_msgs/include/buggy_msgs/msg/detail/mapmatching__type_support.h
-- Up-to-date: /home/manuel/buggy_ws_beta.a/install/buggy_msgs/include/buggy_msgs/msg/detail/mapmatching__functions.c
-- Up-to-date: /home/manuel/buggy_ws_beta.a/install/buggy_msgs/include/buggy_msgs/msg/detail/imu_state__struct.h
-- Up-to-date: /home/manuel/buggy_ws_beta.a/install/buggy_msgs/include/buggy_msgs/msg/detail/wheels_state_stamped__functions.h
-- Up-to-date: /home/manuel/buggy_ws_beta.a/install/buggy_msgs/include/buggy_msgs/msg/detail/fzg_vehicle_data__functions.c
-- Up-to-date: /home/manuel/buggy_ws_beta.a/install/buggy_msgs/include/buggy_msgs/msg/detail/drive_state_stamped__struct.h
-- Up-to-date: /home/manuel/buggy_ws_beta.a/install/buggy_msgs/include/buggy_msgs/msg/gnss_state.h
-- Up-to-date: /home/manuel/buggy_ws_beta.a/install/buggy_msgs/include/buggy_msgs/msg/mapmatching.h
-- Up-to-date: /home/manuel/buggy_ws_beta.a/install/buggy_msgs/include/buggy_msgs/msg/mapmatching_stamped.h
-- Up-to-date: /home/manuel/buggy_ws_beta.a/install/buggy_msgs/include/buggy_msgs/msg/rc_ctrl_state.h
-- Up-to-date: /home/manuel/buggy_ws_beta.a/install/buggy_msgs/include/buggy_msgs/msg/steering_cmd_stamped.h
-- Up-to-date: /home/manuel/buggy_ws_beta.a/install/buggy_msgs/include/buggy_msgs/msg/drive_state.h
-- Up-to-date: /home/manuel/buggy_ws_beta.a/install/buggy_msgs/include/buggy_msgs/msg/current_cmd_stamped.h
-- Up-to-date: /home/manuel/buggy_ws_beta.a/install/buggy_msgs/include/buggy_msgs/msg/wheels_state.h
-- Up-to-date: /home/manuel/buggy_ws_beta.a/install/buggy_msgs/include/buggy_msgs/msg/wheels_state_stamped.h
-- Up-to-date: /home/manuel/buggy_ws_beta.a/install/buggy_msgs/include/buggy_msgs/msg/current_cmd.h
-- Up-to-date: /home/manuel/buggy_ws_beta.a/install/buggy_msgs/include/buggy_msgs/msg/platoon_state.h
-- Up-to-date: /home/manuel/buggy_ws_beta.a/install/buggy_msgs/include/buggy_msgs/msg/bus_parameter.h
-- Up-to-date: /home/manuel/buggy_ws_beta.a/install/buggy_msgs/include/buggy_msgs/msg/fzg_vehicle_data.h
-- Up-to-date: /home/manuel/buggy_ws_beta.a/install/buggy_msgs/include/buggy_msgs/msg/vehicle_state_stamped.h
-- Up-to-date: /home/manuel/buggy_ws_beta.a/install/buggy_msgs/include/buggy_msgs/msg/rosidl_generator_c__visibility_control.h
-- Up-to-date: /home/manuel/buggy_ws_beta.a/install/buggy_msgs/include/buggy_msgs/msg/imu_state.h
-- Up-to-date: /home/manuel/buggy_ws_beta.a/install/buggy_msgs/include/buggy_msgs/msg/hi_linit_cmd.h
-- Up-to-date: /home/manuel/buggy_ws_beta.a/install/buggy_msgs/include/buggy_msgs/msg/platoon_state_stamped.h
-- Up-to-date: /home/manuel/buggy_ws_beta.a/install/buggy_msgs/include/buggy_msgs/msg/hi_linit_cmd_stamped.h
-- Up-to-date: /home/manuel/buggy_ws_beta.a/install/buggy_msgs/include/buggy_msgs/msg/drive_state_stamped.h
-- Up-to-date: /home/manuel/buggy_ws_beta.a/install/buggy_msgs/include/buggy_msgs/msg/bus_parameter_stamped.h
-- Up-to-date: /home/manuel/buggy_ws_beta.a/install/buggy_msgs/include/buggy_msgs/msg/gnss_state_stamped.h
-- Up-to-date: /home/manuel/buggy_ws_beta.a/install/buggy_msgs/include/buggy_msgs/msg/rc_ctrl_state_stamped.h
-- Up-to-date: /home/manuel/buggy_ws_beta.a/install/buggy_msgs/include/buggy_msgs/msg/imu_state_stamped.h
-- Up-to-date: /home/manuel/buggy_ws_beta.a/install/buggy_msgs/include/buggy_msgs/msg/fzg_vehicle_data_stamped.h
-- Up-to-date: /home/manuel/buggy_ws_beta.a/install/buggy_msgs/include/buggy_msgs/msg/steering_wheel_state_stamped.h
-- Up-to-date: /home/manuel/buggy_ws_beta.a/install/buggy_msgs/share/buggy_msgs/environment/library_path.sh
-- Up-to-date: /home/manuel/buggy_ws_beta.a/install/buggy_msgs/share/buggy_msgs/environment/library_path.dsv
-- Up-to-date: /home/manuel/buggy_ws_beta.a/install/buggy_msgs/lib/libbuggy_msgs__rosidl_generator_c.so
-- Up-to-date: /home/manuel/buggy_ws_beta.a/install/buggy_msgs/include/buggy_msgs
-- Up-to-date: /home/manuel/buggy_ws_beta.a/install/buggy_msgs/include/buggy_msgs/msg
-- Up-to-date: /home/manuel/buggy_ws_beta.a/install/buggy_msgs/include/buggy_msgs/msg/detail
-- Up-to-date: /home/manuel/buggy_ws_beta.a/install/buggy_msgs/include/buggy_msgs/msg/detail/bus_parameter_stamped__rosidl_typesupport_fastrtps_c.h
-- Up-to-date: /home/manuel/buggy_ws_beta.a/install/buggy_msgs/include/buggy_msgs/msg/detail/current_cmd_stamped__rosidl_typesupport_fastrtps_c.h
-- Up-to-date: /home/manuel/buggy_ws_beta.a/install/buggy_msgs/include/buggy_msgs/msg/detail/wheels_state__rosidl_typesupport_fastrtps_c.h
-- Up-to-date: /home/manuel/buggy_ws_beta.a/install/buggy_msgs/include/buggy_msgs/msg/detail/vehicle_state__rosidl_typesupport_fastrtps_c.h
-- Up-to-date: /home/manuel/buggy_ws_beta.a/install/buggy_msgs/include/buggy_msgs/msg/detail/current_cmd__rosidl_typesupport_fastrtps_c.h
-- Up-to-date: /home/manuel/buggy_ws_beta.a/install/buggy_msgs/include/buggy_msgs/msg/detail/fzg_vehicle_data_stamped__rosidl_typesupport_fastrtps_c.h
-- Up-to-date: /home/manuel/buggy_ws_beta.a/install/buggy_msgs/include/buggy_msgs/msg/detail/hi_linit_cmd_stamped__rosidl_typesupport_fastrtps_c.h
-- Up-to-date: /home/manuel/buggy_ws_beta.a/install/buggy_msgs/include/buggy_msgs/msg/detail/imu_state_stamped__rosidl_typesupport_fastrtps_c.h
-- Up-to-date: /home/manuel/buggy_ws_beta.a/install/buggy_msgs/include/buggy_msgs/msg/detail/steering_wheel_state_stamped__rosidl_typesupport_fastrtps_c.h
-- Up-to-date: /home/manuel/buggy_ws_beta.a/install/buggy_msgs/include/buggy_msgs/msg/detail/bus_parameter__rosidl_typesupport_fastrtps_c.h
-- Up-to-date: /home/manuel/buggy_ws_beta.a/install/buggy_msgs/include/buggy_msgs/msg/detail/gnss_state_stamped__rosidl_typesupport_fastrtps_c.h
-- Up-to-date: /home/manuel/buggy_ws_beta.a/install/buggy_msgs/include/buggy_msgs/msg/detail/drive_state__rosidl_typesupport_fastrtps_c.h
-- Up-to-date: /home/manuel/buggy_ws_beta.a/install/buggy_msgs/include/buggy_msgs/msg/detail/platoon_state__rosidl_typesupport_fastrtps_c.h
-- Up-to-date: /home/manuel/buggy_ws_beta.a/install/buggy_msgs/include/buggy_msgs/msg/detail/wheels_state_stamped__rosidl_typesupport_fastrtps_c.h
-- Up-to-date: /home/manuel/buggy_ws_beta.a/install/buggy_msgs/include/buggy_msgs/msg/detail/mapmatching__rosidl_typesupport_fastrtps_c.h
-- Up-to-date: /home/manuel/buggy_ws_beta.a/install/buggy_msgs/include/buggy_msgs/msg/detail/steering_cmd__rosidl_typesupport_fastrtps_c.h
-- Up-to-date: /home/manuel/buggy_ws_beta.a/install/buggy_msgs/include/buggy_msgs/msg/detail/vehicle_state_stamped__rosidl_typesupport_fastrtps_c.h
-- Up-to-date: /home/manuel/buggy_ws_beta.a/install/buggy_msgs/include/buggy_msgs/msg/detail/platoon_state_stamped__rosidl_typesupport_fastrtps_c.h
-- Up-to-date: /home/manuel/buggy_ws_beta.a/install/buggy_msgs/include/buggy_msgs/msg/detail/hi_linit_cmd__rosidl_typesupport_fastrtps_c.h
-- Up-to-date: /home/manuel/buggy_ws_beta.a/install/buggy_msgs/include/buggy_msgs/msg/detail/steering_cmd_stamped__rosidl_typesupport_fastrtps_c.h
-- Up-to-date: /home/manuel/buggy_ws_beta.a/install/buggy_msgs/include/buggy_msgs/msg/detail/rc_ctrl_state__rosidl_typesupport_fastrtps_c.h
-- Up-to-date: /home/manuel/buggy_ws_beta.a/install/buggy_msgs/include/buggy_msgs/msg/detail/imu_state__rosidl_typesupport_fastrtps_c.h
-- Up-to-date: /home/manuel/buggy_ws_beta.a/install/buggy_msgs/include/buggy_msgs/msg/detail/rc_ctrl_state_stamped__rosidl_typesupport_fastrtps_c.h
-- Up-to-date: /home/manuel/buggy_ws_beta.a/install/buggy_msgs/include/buggy_msgs/msg/detail/drive_state_stamped__rosidl_typesupport_fastrtps_c.h
-- Up-to-date: /home/manuel/buggy_ws_beta.a/install/buggy_msgs/include/buggy_msgs/msg/detail/fzg_vehicle_data__rosidl_typesupport_fastrtps_c.h
-- Up-to-date: /home/manuel/buggy_ws_beta.a/install/buggy_msgs/include/buggy_msgs/msg/detail/steering_wheel_state__rosidl_typesupport_fastrtps_c.h
-- Up-to-date: /home/manuel/buggy_ws_beta.a/install/buggy_msgs/include/buggy_msgs/msg/detail/mapmatching_stamped__rosidl_typesupport_fastrtps_c.h
-- Up-to-date: /home/manuel/buggy_ws_beta.a/install/buggy_msgs/include/buggy_msgs/msg/detail/gnss_state__rosidl_typesupport_fastrtps_c.h
-- Up-to-date: /home/manuel/buggy_ws_beta.a/install/buggy_msgs/include/buggy_msgs/msg/rosidl_typesupport_fastrtps_c__visibility_control.h
-- Up-to-date: /home/manuel/buggy_ws_beta.a/install/buggy_msgs/lib/libbuggy_msgs__rosidl_typesupport_fastrtps_c.so
-- Up-to-date: /home/manuel/buggy_ws_beta.a/install/buggy_msgs/include/buggy_msgs
-- Up-to-date: /home/manuel/buggy_ws_beta.a/install/buggy_msgs/include/buggy_msgs/msg
-- Up-to-date: /home/manuel/buggy_ws_beta.a/install/buggy_msgs/include/buggy_msgs/msg/detail
-- Up-to-date: /home/manuel/buggy_ws_beta.a/install/buggy_msgs/include/buggy_msgs/msg/detail/steering_cmd_stamped__rosidl_typesupport_fastrtps_cpp.hpp
-- Up-to-date: /home/manuel/buggy_ws_beta.a/install/buggy_msgs/include/buggy_msgs/msg/detail/dds_fastrtps
-- Up-to-date: /home/manuel/buggy_ws_beta.a/install/buggy_msgs/include/buggy_msgs/msg/detail/platoon_state__rosidl_typesupport_fastrtps_cpp.hpp
-- Up-to-date: /home/manuel/buggy_ws_beta.a/install/buggy_msgs/include/buggy_msgs/msg/detail/drive_state__rosidl_typesupport_fastrtps_cpp.hpp
-- Up-to-date: /home/manuel/buggy_ws_beta.a/install/buggy_msgs/include/buggy_msgs/msg/detail/current_cmd__rosidl_typesupport_fastrtps_cpp.hpp
-- Up-to-date: /home/manuel/buggy_ws_beta.a/install/buggy_msgs/include/buggy_msgs/msg/detail/steering_wheel_state_stamped__rosidl_typesupport_fastrtps_cpp.hpp
-- Up-to-date: /home/manuel/buggy_ws_beta.a/install/buggy_msgs/include/buggy_msgs/msg/detail/fzg_vehicle_data__rosidl_typesupport_fastrtps_cpp.hpp
-- Up-to-date: /home/manuel/buggy_ws_beta.a/install/buggy_msgs/include/buggy_msgs/msg/detail/bus_parameter__rosidl_typesupport_fastrtps_cpp.hpp
-- Up-to-date: /home/manuel/buggy_ws_beta.a/install/buggy_msgs/include/buggy_msgs/msg/detail/wheels_state_stamped__rosidl_typesupport_fastrtps_cpp.hpp
-- Up-to-date: /home/manuel/buggy_ws_beta.a/install/buggy_msgs/include/buggy_msgs/msg/detail/steering_cmd__rosidl_typesupport_fastrtps_cpp.hpp
-- Up-to-date: /home/manuel/buggy_ws_beta.a/install/buggy_msgs/include/buggy_msgs/msg/detail/wheels_state__rosidl_typesupport_fastrtps_cpp.hpp
-- Up-to-date: /home/manuel/buggy_ws_beta.a/install/buggy_msgs/include/buggy_msgs/msg/detail/gnss_state_stamped__rosidl_typesupport_fastrtps_cpp.hpp
-- Up-to-date: /home/manuel/buggy_ws_beta.a/install/buggy_msgs/include/buggy_msgs/msg/detail/steering_wheel_state__rosidl_typesupport_fastrtps_cpp.hpp
-- Up-to-date: /home/manuel/buggy_ws_beta.a/install/buggy_msgs/include/buggy_msgs/msg/detail/vehicle_state_stamped__rosidl_typesupport_fastrtps_cpp.hpp
-- Up-to-date: /home/manuel/buggy_ws_beta.a/install/buggy_msgs/include/buggy_msgs/msg/detail/vehicle_state__rosidl_typesupport_fastrtps_cpp.hpp
-- Up-to-date: /home/manuel/buggy_ws_beta.a/install/buggy_msgs/include/buggy_msgs/msg/detail/imu_state__rosidl_typesupport_fastrtps_cpp.hpp
-- Up-to-date: /home/manuel/buggy_ws_beta.a/install/buggy_msgs/include/buggy_msgs/msg/detail/mapmatching_stamped__rosidl_typesupport_fastrtps_cpp.hpp
-- Up-to-date: /home/manuel/buggy_ws_beta.a/install/buggy_msgs/include/buggy_msgs/msg/detail/hi_linit_cmd_stamped__rosidl_typesupport_fastrtps_cpp.hpp
-- Up-to-date: /home/manuel/buggy_ws_beta.a/install/buggy_msgs/include/buggy_msgs/msg/detail/imu_state_stamped__rosidl_typesupport_fastrtps_cpp.hpp
-- Up-to-date: /home/manuel/buggy_ws_beta.a/install/buggy_msgs/include/buggy_msgs/msg/detail/hi_linit_cmd__rosidl_typesupport_fastrtps_cpp.hpp
-- Up-to-date: /home/manuel/buggy_ws_beta.a/install/buggy_msgs/include/buggy_msgs/msg/detail/platoon_state_stamped__rosidl_typesupport_fastrtps_cpp.hpp
-- Up-to-date: /home/manuel/buggy_ws_beta.a/install/buggy_msgs/include/buggy_msgs/msg/detail/gnss_state__rosidl_typesupport_fastrtps_cpp.hpp
-- Up-to-date: /home/manuel/buggy_ws_beta.a/install/buggy_msgs/include/buggy_msgs/msg/detail/mapmatching__rosidl_typesupport_fastrtps_cpp.hpp
-- Up-to-date: /home/manuel/buggy_ws_beta.a/install/buggy_msgs/include/buggy_msgs/msg/detail/drive_state_stamped__rosidl_typesupport_fastrtps_cpp.hpp
-- Up-to-date: /home/manuel/buggy_ws_beta.a/install/buggy_msgs/include/buggy_msgs/msg/detail/rc_ctrl_state__rosidl_typesupport_fastrtps_cpp.hpp
-- Up-to-date: /home/manuel/buggy_ws_beta.a/install/buggy_msgs/include/buggy_msgs/msg/detail/rc_ctrl_state_stamped__rosidl_typesupport_fastrtps_cpp.hpp
-- Up-to-date: /home/manuel/buggy_ws_beta.a/install/buggy_msgs/include/buggy_msgs/msg/detail/fzg_vehicle_data_stamped__rosidl_typesupport_fastrtps_cpp.hpp
-- Up-to-date: /home/manuel/buggy_ws_beta.a/install/buggy_msgs/include/buggy_msgs/msg/detail/current_cmd_stamped__rosidl_typesupport_fastrtps_cpp.hpp
-- Up-to-date: /home/manuel/buggy_ws_beta.a/install/buggy_msgs/include/buggy_msgs/msg/detail/bus_parameter_stamped__rosidl_typesupport_fastrtps_cpp.hpp
-- Up-to-date: /home/manuel/buggy_ws_beta.a/install/buggy_msgs/include/buggy_msgs/msg/rosidl_typesupport_fastrtps_cpp__visibility_control.h
-- Up-to-date: /home/manuel/buggy_ws_beta.a/install/buggy_msgs/lib/libbuggy_msgs__rosidl_typesupport_fastrtps_cpp.so
-- Up-to-date: /home/manuel/buggy_ws_beta.a/install/buggy_msgs/include/buggy_msgs
-- Up-to-date: /home/manuel/buggy_ws_beta.a/install/buggy_msgs/include/buggy_msgs/msg
-- Up-to-date: /home/manuel/buggy_ws_beta.a/install/buggy_msgs/include/buggy_msgs/msg/detail
-- Up-to-date: /home/manuel/buggy_ws_beta.a/install/buggy_msgs/include/buggy_msgs/msg/detail/steering_wheel_state__rosidl_typesupport_introspection_c.h
-- Up-to-date: /home/manuel/buggy_ws_beta.a/install/buggy_msgs/include/buggy_msgs/msg/detail/gnss_state_stamped__type_support.c
-- Up-to-date: /home/manuel/buggy_ws_beta.a/install/buggy_msgs/include/buggy_msgs/msg/detail/mapmatching_stamped__type_support.c
-- Up-to-date: /home/manuel/buggy_ws_beta.a/install/buggy_msgs/include/buggy_msgs/msg/detail/mapmatching_stamped__rosidl_typesupport_introspection_c.h
-- Up-to-date: /home/manuel/buggy_ws_beta.a/install/buggy_msgs/include/buggy_msgs/msg/detail/steering_wheel_state_stamped__rosidl_typesupport_introspection_c.h
-- Up-to-date: /home/manuel/buggy_ws_beta.a/install/buggy_msgs/include/buggy_msgs/msg/detail/fzg_vehicle_data_stamped__type_support.c
-- Up-to-date: /home/manuel/buggy_ws_beta.a/install/buggy_msgs/include/buggy_msgs/msg/detail/fzg_vehicle_data_stamped__rosidl_typesupport_introspection_c.h
-- Up-to-date: /home/manuel/buggy_ws_beta.a/install/buggy_msgs/include/buggy_msgs/msg/detail/rc_ctrl_state__type_support.c
-- Up-to-date: /home/manuel/buggy_ws_beta.a/install/buggy_msgs/include/buggy_msgs/msg/detail/bus_parameter__type_support.c
-- Up-to-date: /home/manuel/buggy_ws_beta.a/install/buggy_msgs/include/buggy_msgs/msg/detail/drive_state__rosidl_typesupport_introspection_c.h
-- Up-to-date: /home/manuel/buggy_ws_beta.a/install/buggy_msgs/include/buggy_msgs/msg/detail/rc_ctrl_state_stamped__rosidl_typesupport_introspection_c.h
-- Up-to-date: /home/manuel/buggy_ws_beta.a/install/buggy_msgs/include/buggy_msgs/msg/detail/drive_state_stamped__type_support.c
-- Up-to-date: /home/manuel/buggy_ws_beta.a/install/buggy_msgs/include/buggy_msgs/msg/detail/current_cmd__rosidl_typesupport_introspection_c.h
-- Up-to-date: /home/manuel/buggy_ws_beta.a/install/buggy_msgs/include/buggy_msgs/msg/detail/gnss_state_stamped__rosidl_typesupport_introspection_c.h
-- Up-to-date: /home/manuel/buggy_ws_beta.a/install/buggy_msgs/include/buggy_msgs/msg/detail/drive_state_stamped__rosidl_typesupport_introspection_c.h
-- Up-to-date: /home/manuel/buggy_ws_beta.a/install/buggy_msgs/include/buggy_msgs/msg/detail/hi_linit_cmd__type_support.c
-- Up-to-date: /home/manuel/buggy_ws_beta.a/install/buggy_msgs/include/buggy_msgs/msg/detail/imu_state_stamped__rosidl_typesupport_introspection_c.h
-- Up-to-date: /home/manuel/buggy_ws_beta.a/install/buggy_msgs/include/buggy_msgs/msg/detail/vehicle_state_stamped__rosidl_typesupport_introspection_c.h
-- Up-to-date: /home/manuel/buggy_ws_beta.a/install/buggy_msgs/include/buggy_msgs/msg/detail/fzg_vehicle_data__rosidl_typesupport_introspection_c.h
-- Up-to-date: /home/manuel/buggy_ws_beta.a/install/buggy_msgs/include/buggy_msgs/msg/detail/fzg_vehicle_data__type_support.c
-- Up-to-date: /home/manuel/buggy_ws_beta.a/install/buggy_msgs/include/buggy_msgs/msg/detail/steering_cmd_stamped__rosidl_typesupport_introspection_c.h
-- Up-to-date: /home/manuel/buggy_ws_beta.a/install/buggy_msgs/include/buggy_msgs/msg/detail/current_cmd__type_support.c
-- Up-to-date: /home/manuel/buggy_ws_beta.a/install/buggy_msgs/include/buggy_msgs/msg/detail/steering_cmd_stamped__type_support.c
-- Up-to-date: /home/manuel/buggy_ws_beta.a/install/buggy_msgs/include/buggy_msgs/msg/detail/platoon_state_stamped__rosidl_typesupport_introspection_c.h
-- Up-to-date: /home/manuel/buggy_ws_beta.a/install/buggy_msgs/include/buggy_msgs/msg/detail/hi_linit_cmd__rosidl_typesupport_introspection_c.h
-- Up-to-date: /home/manuel/buggy_ws_beta.a/install/buggy_msgs/include/buggy_msgs/msg/detail/drive_state__type_support.c
-- Up-to-date: /home/manuel/buggy_ws_beta.a/install/buggy_msgs/include/buggy_msgs/msg/detail/gnss_state__type_support.c
-- Up-to-date: /home/manuel/buggy_ws_beta.a/install/buggy_msgs/include/buggy_msgs/msg/detail/wheels_state_stamped__rosidl_typesupport_introspection_c.h
-- Up-to-date: /home/manuel/buggy_ws_beta.a/install/buggy_msgs/include/buggy_msgs/msg/detail/hi_linit_cmd_stamped__rosidl_typesupport_introspection_c.h
-- Up-to-date: /home/manuel/buggy_ws_beta.a/install/buggy_msgs/include/buggy_msgs/msg/detail/steering_wheel_state_stamped__type_support.c
-- Up-to-date: /home/manuel/buggy_ws_beta.a/install/buggy_msgs/include/buggy_msgs/msg/detail/platoon_state__type_support.c
-- Up-to-date: /home/manuel/buggy_ws_beta.a/install/buggy_msgs/include/buggy_msgs/msg/detail/mapmatching__rosidl_typesupport_introspection_c.h
-- Up-to-date: /home/manuel/buggy_ws_beta.a/install/buggy_msgs/include/buggy_msgs/msg/detail/wheels_state__type_support.c
-- Up-to-date: /home/manuel/buggy_ws_beta.a/install/buggy_msgs/include/buggy_msgs/msg/detail/wheels_state__rosidl_typesupport_introspection_c.h
-- Up-to-date: /home/manuel/buggy_ws_beta.a/install/buggy_msgs/include/buggy_msgs/msg/detail/imu_state__type_support.c
-- Up-to-date: /home/manuel/buggy_ws_beta.a/install/buggy_msgs/include/buggy_msgs/msg/detail/rc_ctrl_state_stamped__type_support.c
-- Up-to-date: /home/manuel/buggy_ws_beta.a/install/buggy_msgs/include/buggy_msgs/msg/detail/vehicle_state__rosidl_typesupport_introspection_c.h
-- Up-to-date: /home/manuel/buggy_ws_beta.a/install/buggy_msgs/include/buggy_msgs/msg/detail/steering_cmd__type_support.c
-- Up-to-date: /home/manuel/buggy_ws_beta.a/install/buggy_msgs/include/buggy_msgs/msg/detail/steering_cmd__rosidl_typesupport_introspection_c.h
-- Up-to-date: /home/manuel/buggy_ws_beta.a/install/buggy_msgs/include/buggy_msgs/msg/detail/bus_parameter__rosidl_typesupport_introspection_c.h
-- Up-to-date: /home/manuel/buggy_ws_beta.a/install/buggy_msgs/include/buggy_msgs/msg/detail/imu_state_stamped__type_support.c
-- Up-to-date: /home/manuel/buggy_ws_beta.a/install/buggy_msgs/include/buggy_msgs/msg/detail/vehicle_state_stamped__type_support.c
-- Up-to-date: /home/manuel/buggy_ws_beta.a/install/buggy_msgs/include/buggy_msgs/msg/detail/imu_state__rosidl_typesupport_introspection_c.h
-- Up-to-date: /home/manuel/buggy_ws_beta.a/install/buggy_msgs/include/buggy_msgs/msg/detail/current_cmd_stamped__type_support.c
-- Up-to-date: /home/manuel/buggy_ws_beta.a/install/buggy_msgs/include/buggy_msgs/msg/detail/bus_parameter_stamped__rosidl_typesupport_introspection_c.h
-- Up-to-date: /home/manuel/buggy_ws_beta.a/install/buggy_msgs/include/buggy_msgs/msg/detail/rc_ctrl_state__rosidl_typesupport_introspection_c.h
-- Up-to-date: /home/manuel/buggy_ws_beta.a/install/buggy_msgs/include/buggy_msgs/msg/detail/current_cmd_stamped__rosidl_typesupport_introspection_c.h
-- Up-to-date: /home/manuel/buggy_ws_beta.a/install/buggy_msgs/include/buggy_msgs/msg/detail/mapmatching__type_support.c
-- Up-to-date: /home/manuel/buggy_ws_beta.a/install/buggy_msgs/include/buggy_msgs/msg/detail/vehicle_state__type_support.c
-- Up-to-date: /home/manuel/buggy_ws_beta.a/install/buggy_msgs/include/buggy_msgs/msg/detail/platoon_state__rosidl_typesupport_introspection_c.h
-- Up-to-date: /home/manuel/buggy_ws_beta.a/install/buggy_msgs/include/buggy_msgs/msg/detail/hi_linit_cmd_stamped__type_support.c
-- Up-to-date: /home/manuel/buggy_ws_beta.a/install/buggy_msgs/include/buggy_msgs/msg/detail/bus_parameter_stamped__type_support.c
-- Up-to-date: /home/manuel/buggy_ws_beta.a/install/buggy_msgs/include/buggy_msgs/msg/detail/steering_wheel_state__type_support.c
-- Up-to-date: /home/manuel/buggy_ws_beta.a/install/buggy_msgs/include/buggy_msgs/msg/detail/wheels_state_stamped__type_support.c
-- Up-to-date: /home/manuel/buggy_ws_beta.a/install/buggy_msgs/include/buggy_msgs/msg/detail/platoon_state_stamped__type_support.c
-- Up-to-date: /home/manuel/buggy_ws_beta.a/install/buggy_msgs/include/buggy_msgs/msg/detail/gnss_state__rosidl_typesupport_introspection_c.h
-- Up-to-date: /home/manuel/buggy_ws_beta.a/install/buggy_msgs/include/buggy_msgs/msg/rosidl_typesupport_introspection_c__visibility_control.h
-- Up-to-date: /home/manuel/buggy_ws_beta.a/install/buggy_msgs/lib/libbuggy_msgs__rosidl_typesupport_introspection_c.so
-- Up-to-date: /home/manuel/buggy_ws_beta.a/install/buggy_msgs/lib/libbuggy_msgs__rosidl_typesupport_c.so
-- Up-to-date: /home/manuel/buggy_ws_beta.a/install/buggy_msgs/include/buggy_msgs
-- Up-to-date: /home/manuel/buggy_ws_beta.a/install/buggy_msgs/include/buggy_msgs/msg
-- Up-to-date: /home/manuel/buggy_ws_beta.a/install/buggy_msgs/include/buggy_msgs/msg/imu_state_stamped.hpp
-- Up-to-date: /home/manuel/buggy_ws_beta.a/install/buggy_msgs/include/buggy_msgs/msg/detail
-- Up-to-date: /home/manuel/buggy_ws_beta.a/install/buggy_msgs/include/buggy_msgs/msg/detail/drive_state__struct.hpp
-- Up-to-date: /home/manuel/buggy_ws_beta.a/install/buggy_msgs/include/buggy_msgs/msg/detail/steering_wheel_state__traits.hpp
-- Up-to-date: /home/manuel/buggy_ws_beta.a/install/buggy_msgs/include/buggy_msgs/msg/detail/imu_state__traits.hpp
-- Up-to-date: /home/manuel/buggy_ws_beta.a/install/buggy_msgs/include/buggy_msgs/msg/detail/mapmatching__traits.hpp
-- Up-to-date: /home/manuel/buggy_ws_beta.a/install/buggy_msgs/include/buggy_msgs/msg/detail/drive_state_stamped__traits.hpp
-- Up-to-date: /home/manuel/buggy_ws_beta.a/install/buggy_msgs/include/buggy_msgs/msg/detail/mapmatching__builder.hpp
-- Up-to-date: /home/manuel/buggy_ws_beta.a/install/buggy_msgs/include/buggy_msgs/msg/detail/wheels_state__builder.hpp
-- Up-to-date: /home/manuel/buggy_ws_beta.a/install/buggy_msgs/include/buggy_msgs/msg/detail/current_cmd__traits.hpp
-- Up-to-date: /home/manuel/buggy_ws_beta.a/install/buggy_msgs/include/buggy_msgs/msg/detail/mapmatching__struct.hpp
-- Up-to-date: /home/manuel/buggy_ws_beta.a/install/buggy_msgs/include/buggy_msgs/msg/detail/wheels_state_stamped__builder.hpp
-- Up-to-date: /home/manuel/buggy_ws_beta.a/install/buggy_msgs/include/buggy_msgs/msg/detail/hi_linit_cmd__builder.hpp
-- Up-to-date: /home/manuel/buggy_ws_beta.a/install/buggy_msgs/include/buggy_msgs/msg/detail/fzg_vehicle_data_stamped__struct.hpp
-- Up-to-date: /home/manuel/buggy_ws_beta.a/install/buggy_msgs/include/buggy_msgs/msg/detail/current_cmd_stamped__traits.hpp
-- Up-to-date: /home/manuel/buggy_ws_beta.a/install/buggy_msgs/include/buggy_msgs/msg/detail/platoon_state_stamped__struct.hpp
-- Up-to-date: /home/manuel/buggy_ws_beta.a/install/buggy_msgs/include/buggy_msgs/msg/detail/hi_linit_cmd__struct.hpp
-- Up-to-date: /home/manuel/buggy_ws_beta.a/install/buggy_msgs/include/buggy_msgs/msg/detail/steering_wheel_state__struct.hpp
-- Up-to-date: /home/manuel/buggy_ws_beta.a/install/buggy_msgs/include/buggy_msgs/msg/detail/wheels_state__traits.hpp
-- Up-to-date: /home/manuel/buggy_ws_beta.a/install/buggy_msgs/include/buggy_msgs/msg/detail/drive_state_stamped__builder.hpp
-- Up-to-date: /home/manuel/buggy_ws_beta.a/install/buggy_msgs/include/buggy_msgs/msg/detail/fzg_vehicle_data__traits.hpp
-- Up-to-date: /home/manuel/buggy_ws_beta.a/install/buggy_msgs/include/buggy_msgs/msg/detail/fzg_vehicle_data__builder.hpp
-- Up-to-date: /home/manuel/buggy_ws_beta.a/install/buggy_msgs/include/buggy_msgs/msg/detail/fzg_vehicle_data_stamped__traits.hpp
-- Up-to-date: /home/manuel/buggy_ws_beta.a/install/buggy_msgs/include/buggy_msgs/msg/detail/imu_state_stamped__struct.hpp
-- Up-to-date: /home/manuel/buggy_ws_beta.a/install/buggy_msgs/include/buggy_msgs/msg/detail/wheels_state_stamped__struct.hpp
-- Up-to-date: /home/manuel/buggy_ws_beta.a/install/buggy_msgs/include/buggy_msgs/msg/detail/bus_parameter_stamped__traits.hpp
-- Up-to-date: /home/manuel/buggy_ws_beta.a/install/buggy_msgs/include/buggy_msgs/msg/detail/vehicle_state__traits.hpp
-- Up-to-date: /home/manuel/buggy_ws_beta.a/install/buggy_msgs/include/buggy_msgs/msg/detail/gnss_state_stamped__traits.hpp
-- Up-to-date: /home/manuel/buggy_ws_beta.a/install/buggy_msgs/include/buggy_msgs/msg/detail/platoon_state__builder.hpp
-- Up-to-date: /home/manuel/buggy_ws_beta.a/install/buggy_msgs/include/buggy_msgs/msg/detail/imu_state_stamped__traits.hpp
-- Up-to-date: /home/manuel/buggy_ws_beta.a/install/buggy_msgs/include/buggy_msgs/msg/detail/hi_linit_cmd__traits.hpp
-- Up-to-date: /home/manuel/buggy_ws_beta.a/install/buggy_msgs/include/buggy_msgs/msg/detail/wheels_state_stamped__traits.hpp
-- Up-to-date: /home/manuel/buggy_ws_beta.a/install/buggy_msgs/include/buggy_msgs/msg/detail/current_cmd__builder.hpp
-- Up-to-date: /home/manuel/buggy_ws_beta.a/install/buggy_msgs/include/buggy_msgs/msg/detail/bus_parameter_stamped__builder.hpp
-- Up-to-date: /home/manuel/buggy_ws_beta.a/install/buggy_msgs/include/buggy_msgs/msg/detail/gnss_state__struct.hpp
-- Up-to-date: /home/manuel/buggy_ws_beta.a/install/buggy_msgs/include/buggy_msgs/msg/detail/drive_state__traits.hpp
-- Up-to-date: /home/manuel/buggy_ws_beta.a/install/buggy_msgs/include/buggy_msgs/msg/detail/imu_state__builder.hpp
-- Up-to-date: /home/manuel/buggy_ws_beta.a/install/buggy_msgs/include/buggy_msgs/msg/detail/rc_ctrl_state_stamped__builder.hpp
-- Up-to-date: /home/manuel/buggy_ws_beta.a/install/buggy_msgs/include/buggy_msgs/msg/detail/fzg_vehicle_data_stamped__builder.hpp
-- Up-to-date: /home/manuel/buggy_ws_beta.a/install/buggy_msgs/include/buggy_msgs/msg/detail/platoon_state_stamped__builder.hpp
-- Up-to-date: /home/manuel/buggy_ws_beta.a/install/buggy_msgs/include/buggy_msgs/msg/detail/vehicle_state__builder.hpp
-- Up-to-date: /home/manuel/buggy_ws_beta.a/install/buggy_msgs/include/buggy_msgs/msg/detail/rc_ctrl_state__builder.hpp
-- Up-to-date: /home/manuel/buggy_ws_beta.a/install/buggy_msgs/include/buggy_msgs/msg/detail/platoon_state__traits.hpp
-- Up-to-date: /home/manuel/buggy_ws_beta.a/install/buggy_msgs/include/buggy_msgs/msg/detail/wheels_state__struct.hpp
-- Up-to-date: /home/manuel/buggy_ws_beta.a/install/buggy_msgs/include/buggy_msgs/msg/detail/mapmatching_stamped__traits.hpp
-- Up-to-date: /home/manuel/buggy_ws_beta.a/install/buggy_msgs/include/buggy_msgs/msg/detail/gnss_state__builder.hpp
-- Up-to-date: /home/manuel/buggy_ws_beta.a/install/buggy_msgs/include/buggy_msgs/msg/detail/imu_state_stamped__builder.hpp
-- Up-to-date: /home/manuel/buggy_ws_beta.a/install/buggy_msgs/include/buggy_msgs/msg/detail/current_cmd_stamped__struct.hpp
-- Up-to-date: /home/manuel/buggy_ws_beta.a/install/buggy_msgs/include/buggy_msgs/msg/detail/gnss_state__traits.hpp
-- Up-to-date: /home/manuel/buggy_ws_beta.a/install/buggy_msgs/include/buggy_msgs/msg/detail/steering_wheel_state_stamped__struct.hpp
-- Up-to-date: /home/manuel/buggy_ws_beta.a/install/buggy_msgs/include/buggy_msgs/msg/detail/steering_cmd_stamped__struct.hpp
-- Up-to-date: /home/manuel/buggy_ws_beta.a/install/buggy_msgs/include/buggy_msgs/msg/detail/vehicle_state_stamped__struct.hpp
-- Up-to-date: /home/manuel/buggy_ws_beta.a/install/buggy_msgs/include/buggy_msgs/msg/detail/gnss_state_stamped__struct.hpp
-- Up-to-date: /home/manuel/buggy_ws_beta.a/install/buggy_msgs/include/buggy_msgs/msg/detail/vehicle_state_stamped__traits.hpp
-- Up-to-date: /home/manuel/buggy_ws_beta.a/install/buggy_msgs/include/buggy_msgs/msg/detail/steering_wheel_state_stamped__builder.hpp
-- Up-to-date: /home/manuel/buggy_ws_beta.a/install/buggy_msgs/include/buggy_msgs/msg/detail/drive_state_stamped__struct.hpp
-- Up-to-date: /home/manuel/buggy_ws_beta.a/install/buggy_msgs/include/buggy_msgs/msg/detail/rc_ctrl_state_stamped__traits.hpp
-- Up-to-date: /home/manuel/buggy_ws_beta.a/install/buggy_msgs/include/buggy_msgs/msg/detail/vehicle_state__struct.hpp
-- Up-to-date: /home/manuel/buggy_ws_beta.a/install/buggy_msgs/include/buggy_msgs/msg/detail/imu_state__struct.hpp
-- Up-to-date: /home/manuel/buggy_ws_beta.a/install/buggy_msgs/include/buggy_msgs/msg/detail/steering_cmd__builder.hpp
-- Up-to-date: /home/manuel/buggy_ws_beta.a/install/buggy_msgs/include/buggy_msgs/msg/detail/steering_cmd__traits.hpp
-- Up-to-date: /home/manuel/buggy_ws_beta.a/install/buggy_msgs/include/buggy_msgs/msg/detail/hi_linit_cmd_stamped__traits.hpp
-- Up-to-date: /home/manuel/buggy_ws_beta.a/install/buggy_msgs/include/buggy_msgs/msg/detail/steering_wheel_state_stamped__traits.hpp
-- Up-to-date: /home/manuel/buggy_ws_beta.a/install/buggy_msgs/include/buggy_msgs/msg/detail/platoon_state__struct.hpp
-- Up-to-date: /home/manuel/buggy_ws_beta.a/install/buggy_msgs/include/buggy_msgs/msg/detail/fzg_vehicle_data__struct.hpp
-- Up-to-date: /home/manuel/buggy_ws_beta.a/install/buggy_msgs/include/buggy_msgs/msg/detail/hi_linit_cmd_stamped__struct.hpp
-- Up-to-date: /home/manuel/buggy_ws_beta.a/install/buggy_msgs/include/buggy_msgs/msg/detail/current_cmd_stamped__builder.hpp
-- Up-to-date: /home/manuel/buggy_ws_beta.a/install/buggy_msgs/include/buggy_msgs/msg/detail/vehicle_state_stamped__builder.hpp
-- Up-to-date: /home/manuel/buggy_ws_beta.a/install/buggy_msgs/include/buggy_msgs/msg/detail/platoon_state_stamped__traits.hpp
-- Up-to-date: /home/manuel/buggy_ws_beta.a/install/buggy_msgs/include/buggy_msgs/msg/detail/rc_ctrl_state__struct.hpp
-- Up-to-date: /home/manuel/buggy_ws_beta.a/install/buggy_msgs/include/buggy_msgs/msg/detail/drive_state__builder.hpp
-- Up-to-date: /home/manuel/buggy_ws_beta.a/install/buggy_msgs/include/buggy_msgs/msg/detail/bus_parameter_stamped__struct.hpp
-- Up-to-date: /home/manuel/buggy_ws_beta.a/install/buggy_msgs/include/buggy_msgs/msg/detail/steering_wheel_state__builder.hpp
-- Up-to-date: /home/manuel/buggy_ws_beta.a/install/buggy_msgs/include/buggy_msgs/msg/detail/hi_linit_cmd_stamped__builder.hpp
-- Up-to-date: /home/manuel/buggy_ws_beta.a/install/buggy_msgs/include/buggy_msgs/msg/detail/current_cmd__struct.hpp
-- Up-to-date: /home/manuel/buggy_ws_beta.a/install/buggy_msgs/include/buggy_msgs/msg/detail/steering_cmd_stamped__builder.hpp
-- Up-to-date: /home/manuel/buggy_ws_beta.a/install/buggy_msgs/include/buggy_msgs/msg/detail/steering_cmd_stamped__traits.hpp
-- Up-to-date: /home/manuel/buggy_ws_beta.a/install/buggy_msgs/include/buggy_msgs/msg/detail/mapmatching_stamped__struct.hpp
-- Up-to-date: /home/manuel/buggy_ws_beta.a/install/buggy_msgs/include/buggy_msgs/msg/detail/bus_parameter__builder.hpp
-- Up-to-date: /home/manuel/buggy_ws_beta.a/install/buggy_msgs/include/buggy_msgs/msg/detail/steering_cmd__struct.hpp
-- Up-to-date: /home/manuel/buggy_ws_beta.a/install/buggy_msgs/include/buggy_msgs/msg/detail/mapmatching_stamped__builder.hpp
-- Up-to-date: /home/manuel/buggy_ws_beta.a/install/buggy_msgs/include/buggy_msgs/msg/detail/bus_parameter__traits.hpp
-- Up-to-date: /home/manuel/buggy_ws_beta.a/install/buggy_msgs/include/buggy_msgs/msg/detail/rc_ctrl_state__traits.hpp
-- Up-to-date: /home/manuel/buggy_ws_beta.a/install/buggy_msgs/include/buggy_msgs/msg/detail/rc_ctrl_state_stamped__struct.hpp
-- Up-to-date: /home/manuel/buggy_ws_beta.a/install/buggy_msgs/include/buggy_msgs/msg/detail/gnss_state_stamped__builder.hpp
-- Up-to-date: /home/manuel/buggy_ws_beta.a/install/buggy_msgs/include/buggy_msgs/msg/detail/bus_parameter__struct.hpp
-- Up-to-date: /home/manuel/buggy_ws_beta.a/install/buggy_msgs/include/buggy_msgs/msg/hi_linit_cmd_stamped.hpp
-- Up-to-date: /home/manuel/buggy_ws_beta.a/install/buggy_msgs/include/buggy_msgs/msg/fzg_vehicle_data.hpp
-- Up-to-date: /home/manuel/buggy_ws_beta.a/install/buggy_msgs/include/buggy_msgs/msg/current_cmd_stamped.hpp
-- Up-to-date: /home/manuel/buggy_ws_beta.a/install/buggy_msgs/include/buggy_msgs/msg/steering_wheel_state_stamped.hpp
-- Up-to-date: /home/manuel/buggy_ws_beta.a/install/buggy_msgs/include/buggy_msgs/msg/gnss_state.hpp
-- Up-to-date: /home/manuel/buggy_ws_beta.a/install/buggy_msgs/include/buggy_msgs/msg/vehicle_state_stamped.hpp
-- Up-to-date: /home/manuel/buggy_ws_beta.a/install/buggy_msgs/include/buggy_msgs/msg/imu_state.hpp
-- Up-to-date: /home/manuel/buggy_ws_beta.a/install/buggy_msgs/include/buggy_msgs/msg/rc_ctrl_state_stamped.hpp
-- Up-to-date: /home/manuel/buggy_ws_beta.a/install/buggy_msgs/include/buggy_msgs/msg/vehicle_state.hpp
-- Up-to-date: /home/manuel/buggy_ws_beta.a/install/buggy_msgs/include/buggy_msgs/msg/fzg_vehicle_data_stamped.hpp
-- Up-to-date: /home/manuel/buggy_ws_beta.a/install/buggy_msgs/include/buggy_msgs/msg/current_cmd.hpp
-- Up-to-date: /home/manuel/buggy_ws_beta.a/install/buggy_msgs/include/buggy_msgs/msg/wheels_state_stamped.hpp
-- Up-to-date: /home/manuel/buggy_ws_beta.a/install/buggy_msgs/include/buggy_msgs/msg/platoon_state.hpp
-- Up-to-date: /home/manuel/buggy_ws_beta.a/install/buggy_msgs/include/buggy_msgs/msg/wheels_state.hpp
-- Up-to-date: /home/manuel/buggy_ws_beta.a/install/buggy_msgs/include/buggy_msgs/msg/drive_state.hpp
-- Up-to-date: /home/manuel/buggy_ws_beta.a/install/buggy_msgs/include/buggy_msgs/msg/mapmatching_stamped.hpp
-- Up-to-date: /home/manuel/buggy_ws_beta.a/install/buggy_msgs/include/buggy_msgs/msg/bus_parameter_stamped.hpp
-- Up-to-date: /home/manuel/buggy_ws_beta.a/install/buggy_msgs/include/buggy_msgs/msg/platoon_state_stamped.hpp
-- Up-to-date: /home/manuel/buggy_ws_beta.a/install/buggy_msgs/include/buggy_msgs/msg/bus_parameter.hpp
-- Up-to-date: /home/manuel/buggy_ws_beta.a/install/buggy_msgs/include/buggy_msgs/msg/steering_wheel_state.hpp
-- Up-to-date: /home/manuel/buggy_ws_beta.a/install/buggy_msgs/include/buggy_msgs/msg/drive_state_stamped.hpp
-- Up-to-date: /home/manuel/buggy_ws_beta.a/install/buggy_msgs/include/buggy_msgs/msg/steering_cmd_stamped.hpp
-- Up-to-date: /home/manuel/buggy_ws_beta.a/install/buggy_msgs/include/buggy_msgs/msg/gnss_state_stamped.hpp
-- Up-to-date: /home/manuel/buggy_ws_beta.a/install/buggy_msgs/include/buggy_msgs/msg/rc_ctrl_state.hpp
-- Up-to-date: /home/manuel/buggy_ws_beta.a/install/buggy_msgs/include/buggy_msgs/msg/hi_linit_cmd.hpp
-- Up-to-date: /home/manuel/buggy_ws_beta.a/install/buggy_msgs/include/buggy_msgs/msg/mapmatching.hpp
-- Up-to-date: /home/manuel/buggy_ws_beta.a/install/buggy_msgs/include/buggy_msgs/msg/steering_cmd.hpp
-- Up-to-date: /home/manuel/buggy_ws_beta.a/install/buggy_msgs/include/buggy_msgs
-- Up-to-date: /home/manuel/buggy_ws_beta.a/install/buggy_msgs/include/buggy_msgs/msg
-- Up-to-date: /home/manuel/buggy_ws_beta.a/install/buggy_msgs/include/buggy_msgs/msg/detail
-- Up-to-date: /home/manuel/buggy_ws_beta.a/install/buggy_msgs/include/buggy_msgs/msg/detail/wheels_state__type_support.cpp
-- Up-to-date: /home/manuel/buggy_ws_beta.a/install/buggy_msgs/include/buggy_msgs/msg/detail/fzg_vehicle_data__rosidl_typesupport_introspection_cpp.hpp
-- Up-to-date: /home/manuel/buggy_ws_beta.a/install/buggy_msgs/include/buggy_msgs/msg/detail/current_cmd_stamped__rosidl_typesupport_introspection_cpp.hpp
-- Up-to-date: /home/manuel/buggy_ws_beta.a/install/buggy_msgs/include/buggy_msgs/msg/detail/hi_linit_cmd__type_support.cpp
-- Up-to-date: /home/manuel/buggy_ws_beta.a/install/buggy_msgs/include/buggy_msgs/msg/detail/bus_parameter__rosidl_typesupport_introspection_cpp.hpp
-- Up-to-date: /home/manuel/buggy_ws_beta.a/install/buggy_msgs/include/buggy_msgs/msg/detail/steering_wheel_state__rosidl_typesupport_introspection_cpp.hpp
-- Up-to-date: /home/manuel/buggy_ws_beta.a/install/buggy_msgs/include/buggy_msgs/msg/detail/gnss_state__rosidl_typesupport_introspection_cpp.hpp
-- Up-to-date: /home/manuel/buggy_ws_beta.a/install/buggy_msgs/include/buggy_msgs/msg/detail/steering_wheel_state_stamped__type_support.cpp
-- Up-to-date: /home/manuel/buggy_ws_beta.a/install/buggy_msgs/include/buggy_msgs/msg/detail/rc_ctrl_state__type_support.cpp
-- Up-to-date: /home/manuel/buggy_ws_beta.a/install/buggy_msgs/include/buggy_msgs/msg/detail/fzg_vehicle_data__type_support.cpp
-- Up-to-date: /home/manuel/buggy_ws_beta.a/install/buggy_msgs/include/buggy_msgs/msg/detail/steering_cmd__rosidl_typesupport_introspection_cpp.hpp
-- Up-to-date: /home/manuel/buggy_ws_beta.a/install/buggy_msgs/include/buggy_msgs/msg/detail/mapmatching__type_support.cpp
-- Up-to-date: /home/manuel/buggy_ws_beta.a/install/buggy_msgs/include/buggy_msgs/msg/detail/steering_cmd__type_support.cpp
-- Up-to-date: /home/manuel/buggy_ws_beta.a/install/buggy_msgs/include/buggy_msgs/msg/detail/steering_cmd_stamped__type_support.cpp
-- Up-to-date: /home/manuel/buggy_ws_beta.a/install/buggy_msgs/include/buggy_msgs/msg/detail/bus_parameter__type_support.cpp
-- Up-to-date: /home/manuel/buggy_ws_beta.a/install/buggy_msgs/include/buggy_msgs/msg/detail/vehicle_state_stamped__rosidl_typesupport_introspection_cpp.hpp
-- Up-to-date: /home/manuel/buggy_ws_beta.a/install/buggy_msgs/include/buggy_msgs/msg/detail/mapmatching_stamped__type_support.cpp
-- Up-to-date: /home/manuel/buggy_ws_beta.a/install/buggy_msgs/include/buggy_msgs/msg/detail/vehicle_state__rosidl_typesupport_introspection_cpp.hpp
-- Up-to-date: /home/manuel/buggy_ws_beta.a/install/buggy_msgs/include/buggy_msgs/msg/detail/steering_wheel_state__type_support.cpp
-- Up-to-date: /home/manuel/buggy_ws_beta.a/install/buggy_msgs/include/buggy_msgs/msg/detail/fzg_vehicle_data_stamped__rosidl_typesupport_introspection_cpp.hpp
-- Up-to-date: /home/manuel/buggy_ws_beta.a/install/buggy_msgs/include/buggy_msgs/msg/detail/platoon_state__rosidl_typesupport_introspection_cpp.hpp
-- Up-to-date: /home/manuel/buggy_ws_beta.a/install/buggy_msgs/include/buggy_msgs/msg/detail/vehicle_state_stamped__type_support.cpp
-- Up-to-date: /home/manuel/buggy_ws_beta.a/install/buggy_msgs/include/buggy_msgs/msg/detail/gnss_state_stamped__type_support.cpp
-- Up-to-date: /home/manuel/buggy_ws_beta.a/install/buggy_msgs/include/buggy_msgs/msg/detail/rc_ctrl_state_stamped__type_support.cpp
-- Up-to-date: /home/manuel/buggy_ws_beta.a/install/buggy_msgs/include/buggy_msgs/msg/detail/platoon_state__type_support.cpp
-- Up-to-date: /home/manuel/buggy_ws_beta.a/install/buggy_msgs/include/buggy_msgs/msg/detail/hi_linit_cmd_stamped__rosidl_typesupport_introspection_cpp.hpp
-- Up-to-date: /home/manuel/buggy_ws_beta.a/install/buggy_msgs/include/buggy_msgs/msg/detail/drive_state__type_support.cpp
-- Up-to-date: /home/manuel/buggy_ws_beta.a/install/buggy_msgs/include/buggy_msgs/msg/detail/bus_parameter_stamped__type_support.cpp
-- Up-to-date: /home/manuel/buggy_ws_beta.a/install/buggy_msgs/include/buggy_msgs/msg/detail/current_cmd__rosidl_typesupport_introspection_cpp.hpp
-- Up-to-date: /home/manuel/buggy_ws_beta.a/install/buggy_msgs/include/buggy_msgs/msg/detail/hi_linit_cmd__rosidl_typesupport_introspection_cpp.hpp
-- Up-to-date: /home/manuel/buggy_ws_beta.a/install/buggy_msgs/include/buggy_msgs/msg/detail/gnss_state_stamped__rosidl_typesupport_introspection_cpp.hpp
-- Up-to-date: /home/manuel/buggy_ws_beta.a/install/buggy_msgs/include/buggy_msgs/msg/detail/imu_state_stamped__rosidl_typesupport_introspection_cpp.hpp
-- Up-to-date: /home/manuel/buggy_ws_beta.a/install/buggy_msgs/include/buggy_msgs/msg/detail/wheels_state_stamped__type_support.cpp
-- Up-to-date: /home/manuel/buggy_ws_beta.a/install/buggy_msgs/include/buggy_msgs/msg/detail/fzg_vehicle_data_stamped__type_support.cpp
-- Up-to-date: /home/manuel/buggy_ws_beta.a/install/buggy_msgs/include/buggy_msgs/msg/detail/mapmatching_stamped__rosidl_typesupport_introspection_cpp.hpp
-- Up-to-date: /home/manuel/buggy_ws_beta.a/install/buggy_msgs/include/buggy_msgs/msg/detail/current_cmd_stamped__type_support.cpp
-- Up-to-date: /home/manuel/buggy_ws_beta.a/install/buggy_msgs/include/buggy_msgs/msg/detail/mapmatching__rosidl_typesupport_introspection_cpp.hpp
-- Up-to-date: /home/manuel/buggy_ws_beta.a/install/buggy_msgs/include/buggy_msgs/msg/detail/platoon_state_stamped__rosidl_typesupport_introspection_cpp.hpp
-- Up-to-date: /home/manuel/buggy_ws_beta.a/install/buggy_msgs/include/buggy_msgs/msg/detail/current_cmd__type_support.cpp
-- Up-to-date: /home/manuel/buggy_ws_beta.a/install/buggy_msgs/include/buggy_msgs/msg/detail/imu_state_stamped__type_support.cpp
-- Up-to-date: /home/manuel/buggy_ws_beta.a/install/buggy_msgs/include/buggy_msgs/msg/detail/wheels_state_stamped__rosidl_typesupport_introspection_cpp.hpp
-- Up-to-date: /home/manuel/buggy_ws_beta.a/install/buggy_msgs/include/buggy_msgs/msg/detail/platoon_state_stamped__type_support.cpp
-- Up-to-date: /home/manuel/buggy_ws_beta.a/install/buggy_msgs/include/buggy_msgs/msg/detail/hi_linit_cmd_stamped__type_support.cpp
-- Up-to-date: /home/manuel/buggy_ws_beta.a/install/buggy_msgs/include/buggy_msgs/msg/detail/rc_ctrl_state__rosidl_typesupport_introspection_cpp.hpp
-- Up-to-date: /home/manuel/buggy_ws_beta.a/install/buggy_msgs/include/buggy_msgs/msg/detail/drive_state__rosidl_typesupport_introspection_cpp.hpp
-- Up-to-date: /home/manuel/buggy_ws_beta.a/install/buggy_msgs/include/buggy_msgs/msg/detail/bus_parameter_stamped__rosidl_typesupport_introspection_cpp.hpp
-- Up-to-date: /home/manuel/buggy_ws_beta.a/install/buggy_msgs/include/buggy_msgs/msg/detail/imu_state__rosidl_typesupport_introspection_cpp.hpp
-- Up-to-date: /home/manuel/buggy_ws_beta.a/install/buggy_msgs/include/buggy_msgs/msg/detail/vehicle_state__type_support.cpp
-- Up-to-date: /home/manuel/buggy_ws_beta.a/install/buggy_msgs/include/buggy_msgs/msg/detail/steering_cmd_stamped__rosidl_typesupport_introspection_cpp.hpp
-- Up-to-date: /home/manuel/buggy_ws_beta.a/install/buggy_msgs/include/buggy_msgs/msg/detail/drive_state_stamped__rosidl_typesupport_introspection_cpp.hpp
-- Up-to-date: /home/manuel/buggy_ws_beta.a/install/buggy_msgs/include/buggy_msgs/msg/detail/wheels_state__rosidl_typesupport_introspection_cpp.hpp
-- Up-to-date: /home/manuel/buggy_ws_beta.a/install/buggy_msgs/include/buggy_msgs/msg/detail/steering_wheel_state_stamped__rosidl_typesupport_introspection_cpp.hpp
-- Up-to-date: /home/manuel/buggy_ws_beta.a/install/buggy_msgs/include/buggy_msgs/msg/detail/rc_ctrl_state_stamped__rosidl_typesupport_introspection_cpp.hpp
-- Up-to-date: /home/manuel/buggy_ws_beta.a/install/buggy_msgs/include/buggy_msgs/msg/detail/imu_state__type_support.cpp
-- Up-to-date: /home/manuel/buggy_ws_beta.a/install/buggy_msgs/include/buggy_msgs/msg/detail/drive_state_stamped__type_support.cpp
-- Up-to-date: /home/manuel/buggy_ws_beta.a/install/buggy_msgs/include/buggy_msgs/msg/detail/gnss_state__type_support.cpp
-- Up-to-date: /home/manuel/buggy_ws_beta.a/install/buggy_msgs/lib/libbuggy_msgs__rosidl_typesupport_introspection_cpp.so
-- Up-to-date: /home/manuel/buggy_ws_beta.a/install/buggy_msgs/lib/libbuggy_msgs__rosidl_typesupport_cpp.so
-- Up-to-date: /home/manuel/buggy_ws_beta.a/install/buggy_msgs/share/buggy_msgs/environment/pythonpath.sh
-- Up-to-date: /home/manuel/buggy_ws_beta.a/install/buggy_msgs/share/buggy_msgs/environment/pythonpath.dsv
-- Up-to-date: /home/manuel/buggy_ws_beta.a/install/buggy_msgs/lib/python3.8/site-packages/buggy_msgs/__init__.py
-- Up-to-date: /home/manuel/buggy_ws_beta.a/install/buggy_msgs/lib/python3.8/site-packages/buggy_msgs/msg
-- Up-to-date: /home/manuel/buggy_ws_beta.a/install/buggy_msgs/lib/python3.8/site-packages/buggy_msgs/msg/_drive_state_stamped_s.c
-- Up-to-date: /home/manuel/buggy_ws_beta.a/install/buggy_msgs/lib/python3.8/site-packages/buggy_msgs/msg/_steering_cmd_stamped_s.c
-- Up-to-date: /home/manuel/buggy_ws_beta.a/install/buggy_msgs/lib/python3.8/site-packages/buggy_msgs/msg/_wheels_state.py
-- Up-to-date: /home/manuel/buggy_ws_beta.a/install/buggy_msgs/lib/python3.8/site-packages/buggy_msgs/msg/_imu_state_s.c
-- Up-to-date: /home/manuel/buggy_ws_beta.a/install/buggy_msgs/lib/python3.8/site-packages/buggy_msgs/msg/_bus_parameter_stamped.py
-- Up-to-date: /home/manuel/buggy_ws_beta.a/install/buggy_msgs/lib/python3.8/site-packages/buggy_msgs/msg/_mapmatching_stamped_s.c
-- Up-to-date: /home/manuel/buggy_ws_beta.a/install/buggy_msgs/lib/python3.8/site-packages/buggy_msgs/msg/_vehicle_state_stamped.py
-- Up-to-date: /home/manuel/buggy_ws_beta.a/install/buggy_msgs/lib/python3.8/site-packages/buggy_msgs/msg/_rc_ctrl_state_stamped.py
-- Up-to-date: /home/manuel/buggy_ws_beta.a/install/buggy_msgs/lib/python3.8/site-packages/buggy_msgs/msg/_fzg_vehicle_data_stamped_s.c
-- Up-to-date: /home/manuel/buggy_ws_beta.a/install/buggy_msgs/lib/python3.8/site-packages/buggy_msgs/msg/_hi_linit_cmd_stamped_s.c
-- Up-to-date: /home/manuel/buggy_ws_beta.a/install/buggy_msgs/lib/python3.8/site-packages/buggy_msgs/msg/_current_cmd_s.c
-- Up-to-date: /home/manuel/buggy_ws_beta.a/install/buggy_msgs/lib/python3.8/site-packages/buggy_msgs/msg/_wheels_state_stamped_s.c
-- Up-to-date: /home/manuel/buggy_ws_beta.a/install/buggy_msgs/lib/python3.8/site-packages/buggy_msgs/msg/_gnss_state_stamped.py
-- Up-to-date: /home/manuel/buggy_ws_beta.a/install/buggy_msgs/lib/python3.8/site-packages/buggy_msgs/msg/_vehicle_state_stamped_s.c
-- Up-to-date: /home/manuel/buggy_ws_beta.a/install/buggy_msgs/lib/python3.8/site-packages/buggy_msgs/msg/_mapmatching_stamped.py
-- Up-to-date: /home/manuel/buggy_ws_beta.a/install/buggy_msgs/lib/python3.8/site-packages/buggy_msgs/msg/_hi_linit_cmd_stamped.py
-- Up-to-date: /home/manuel/buggy_ws_beta.a/install/buggy_msgs/lib/python3.8/site-packages/buggy_msgs/msg/_fzg_vehicle_data.py
-- Up-to-date: /home/manuel/buggy_ws_beta.a/install/buggy_msgs/lib/python3.8/site-packages/buggy_msgs/msg/_steering_wheel_state_stamped.py
-- Up-to-date: /home/manuel/buggy_ws_beta.a/install/buggy_msgs/lib/python3.8/site-packages/buggy_msgs/msg/_current_cmd_stamped_s.c
-- Up-to-date: /home/manuel/buggy_ws_beta.a/install/buggy_msgs/lib/python3.8/site-packages/buggy_msgs/msg/_drive_state_stamped.py
-- Up-to-date: /home/manuel/buggy_ws_beta.a/install/buggy_msgs/lib/python3.8/site-packages/buggy_msgs/msg/_current_cmd_stamped.py
-- Up-to-date: /home/manuel/buggy_ws_beta.a/install/buggy_msgs/lib/python3.8/site-packages/buggy_msgs/msg/_vehicle_state.py
-- Up-to-date: /home/manuel/buggy_ws_beta.a/install/buggy_msgs/lib/python3.8/site-packages/buggy_msgs/msg/_mapmatching_s.c
-- Up-to-date: /home/manuel/buggy_ws_beta.a/install/buggy_msgs/lib/python3.8/site-packages/buggy_msgs/msg/_steering_cmd_s.c
-- Up-to-date: /home/manuel/buggy_ws_beta.a/install/buggy_msgs/lib/python3.8/site-packages/buggy_msgs/msg/_steering_cmd.py
-- Up-to-date: /home/manuel/buggy_ws_beta.a/install/buggy_msgs/lib/python3.8/site-packages/buggy_msgs/msg/_platoon_state.py
-- Up-to-date: /home/manuel/buggy_ws_beta.a/install/buggy_msgs/lib/python3.8/site-packages/buggy_msgs/msg/_platoon_state_stamped_s.c
-- Up-to-date: /home/manuel/buggy_ws_beta.a/install/buggy_msgs/lib/python3.8/site-packages/buggy_msgs/msg/_rc_ctrl_state.py
-- Up-to-date: /home/manuel/buggy_ws_beta.a/install/buggy_msgs/lib/python3.8/site-packages/buggy_msgs/msg/_rc_ctrl_state_stamped_s.c
-- Up-to-date: /home/manuel/buggy_ws_beta.a/install/buggy_msgs/lib/python3.8/site-packages/buggy_msgs/msg/_current_cmd.py
-- Up-to-date: /home/manuel/buggy_ws_beta.a/install/buggy_msgs/lib/python3.8/site-packages/buggy_msgs/msg/_fzg_vehicle_data_s.c
-- Up-to-date: /home/manuel/buggy_ws_beta.a/install/buggy_msgs/lib/python3.8/site-packages/buggy_msgs/msg/_bus_parameter_stamped_s.c
-- Up-to-date: /home/manuel/buggy_ws_beta.a/install/buggy_msgs/lib/python3.8/site-packages/buggy_msgs/msg/_wheels_state_stamped.py
-- Up-to-date: /home/manuel/buggy_ws_beta.a/install/buggy_msgs/lib/python3.8/site-packages/buggy_msgs/msg/_imu_state.py
-- Up-to-date: /home/manuel/buggy_ws_beta.a/install/buggy_msgs/lib/python3.8/site-packages/buggy_msgs/msg/_hi_linit_cmd.py
-- Up-to-date: /home/manuel/buggy_ws_beta.a/install/buggy_msgs/lib/python3.8/site-packages/buggy_msgs/msg/_steering_wheel_state.py
-- Up-to-date: /home/manuel/buggy_ws_beta.a/install/buggy_msgs/lib/python3.8/site-packages/buggy_msgs/msg/_imu_state_stamped.py
-- Up-to-date: /home/manuel/buggy_ws_beta.a/install/buggy_msgs/lib/python3.8/site-packages/buggy_msgs/msg/_wheels_state_s.c
-- Up-to-date: /home/manuel/buggy_ws_beta.a/install/buggy_msgs/lib/python3.8/site-packages/buggy_msgs/msg/_platoon_state_stamped.py
-- Up-to-date: /home/manuel/buggy_ws_beta.a/install/buggy_msgs/lib/python3.8/site-packages/buggy_msgs/msg/_drive_state.py
-- Up-to-date: /home/manuel/buggy_ws_beta.a/install/buggy_msgs/lib/python3.8/site-packages/buggy_msgs/msg/_drive_state_s.c
-- Up-to-date: /home/manuel/buggy_ws_beta.a/install/buggy_msgs/lib/python3.8/site-packages/buggy_msgs/msg/_gnss_state_stamped_s.c
-- Up-to-date: /home/manuel/buggy_ws_beta.a/install/buggy_msgs/lib/python3.8/site-packages/buggy_msgs/msg/_steering_wheel_state_stamped_s.c
-- Up-to-date: /home/manuel/buggy_ws_beta.a/install/buggy_msgs/lib/python3.8/site-packages/buggy_msgs/msg/_gnss_state_s.c
-- Up-to-date: /home/manuel/buggy_ws_beta.a/install/buggy_msgs/lib/python3.8/site-packages/buggy_msgs/msg/_steering_wheel_state_s.c
-- Up-to-date: /home/manuel/buggy_ws_beta.a/install/buggy_msgs/lib/python3.8/site-packages/buggy_msgs/msg/_platoon_state_s.c
-- Up-to-date: /home/manuel/buggy_ws_beta.a/install/buggy_msgs/lib/python3.8/site-packages/buggy_msgs/msg/_rc_ctrl_state_s.c
-- Up-to-date: /home/manuel/buggy_ws_beta.a/install/buggy_msgs/lib/python3.8/site-packages/buggy_msgs/msg/_imu_state_stamped_s.c
-- Up-to-date: /home/manuel/buggy_ws_beta.a/install/buggy_msgs/lib/python3.8/site-packages/buggy_msgs/msg/_vehicle_state_s.c
-- Up-to-date: /home/manuel/buggy_ws_beta.a/install/buggy_msgs/lib/python3.8/site-packages/buggy_msgs/msg/_gnss_state.py
-- Up-to-date: /home/manuel/buggy_ws_beta.a/install/buggy_msgs/lib/python3.8/site-packages/buggy_msgs/msg/__init__.py
-- Up-to-date: /home/manuel/buggy_ws_beta.a/install/buggy_msgs/lib/python3.8/site-packages/buggy_msgs/msg/_bus_parameter_s.c
-- Up-to-date: /home/manuel/buggy_ws_beta.a/install/buggy_msgs/lib/python3.8/site-packages/buggy_msgs/msg/_mapmatching.py
-- Up-to-date: /home/manuel/buggy_ws_beta.a/install/buggy_msgs/lib/python3.8/site-packages/buggy_msgs/msg/_bus_parameter.py
-- Up-to-date: /home/manuel/buggy_ws_beta.a/install/buggy_msgs/lib/python3.8/site-packages/buggy_msgs/msg/_steering_cmd_stamped.py
-- Up-to-date: /home/manuel/buggy_ws_beta.a/install/buggy_msgs/lib/python3.8/site-packages/buggy_msgs/msg/_fzg_vehicle_data_stamped.py
-- Up-to-date: /home/manuel/buggy_ws_beta.a/install/buggy_msgs/lib/python3.8/site-packages/buggy_msgs/msg/_hi_linit_cmd_s.c
-- Up-to-date: /home/manuel/buggy_ws_beta.a/install/buggy_msgs/lib/python3.8/site-packages/buggy_msgs/buggy_msgs_s__rosidl_typesupport_fastrtps_c.cpython-38-x86_64-linux-gnu.so
-- Up-to-date: /home/manuel/buggy_ws_beta.a/install/buggy_msgs/lib/python3.8/site-packages/buggy_msgs/buggy_msgs_s__rosidl_typesupport_introspection_c.cpython-38-x86_64-linux-gnu.so
-- Up-to-date: /home/manuel/buggy_ws_beta.a/install/buggy_msgs/lib/python3.8/site-packages/buggy_msgs/buggy_msgs_s__rosidl_typesupport_c.cpython-38-x86_64-linux-gnu.so
-- Up-to-date: /home/manuel/buggy_ws_beta.a/install/buggy_msgs/lib/libbuggy_msgs__python.so
-- Up-to-date: /home/manuel/buggy_ws_beta.a/install/buggy_msgs/share/buggy_msgs/msg/WheelsState.idl
-- Up-to-date: /home/manuel/buggy_ws_beta.a/install/buggy_msgs/share/buggy_msgs/msg/WheelsStateStamped.idl
-- Up-to-date: /home/manuel/buggy_ws_beta.a/install/buggy_msgs/share/buggy_msgs/msg/SteeringCMD.idl
-- Up-to-date: /home/manuel/buggy_ws_beta.a/install/buggy_msgs/share/buggy_msgs/msg/SteeringCMDStamped.idl
-- Up-to-date: /home/manuel/buggy_ws_beta.a/install/buggy_msgs/share/buggy_msgs/msg/SteeringWheelState.idl
-- Up-to-date: /home/manuel/buggy_ws_beta.a/install/buggy_msgs/share/buggy_msgs/msg/SteeringWheelStateStamped.idl
-- Up-to-date: /home/manuel/buggy_ws_beta.a/install/buggy_msgs/share/buggy_msgs/msg/VehicleState.idl
-- Up-to-date: /home/manuel/buggy_ws_beta.a/install/buggy_msgs/share/buggy_msgs/msg/VehicleStateStamped.idl
-- Up-to-date: /home/manuel/buggy_ws_beta.a/install/buggy_msgs/share/buggy_msgs/msg/CurrentCMD.idl
-- Up-to-date: /home/manuel/buggy_ws_beta.a/install/buggy_msgs/share/buggy_msgs/msg/CurrentCMDStamped.idl
-- Up-to-date: /home/manuel/buggy_ws_beta.a/install/buggy_msgs/share/buggy_msgs/msg/DriveState.idl
-- Up-to-date: /home/manuel/buggy_ws_beta.a/install/buggy_msgs/share/buggy_msgs/msg/DriveStateStamped.idl
-- Up-to-date: /home/manuel/buggy_ws_beta.a/install/buggy_msgs/share/buggy_msgs/msg/RCCtrlState.idl
-- Up-to-date: /home/manuel/buggy_ws_beta.a/install/buggy_msgs/share/buggy_msgs/msg/RCCtrlStateStamped.idl
-- Up-to-date: /home/manuel/buggy_ws_beta.a/install/buggy_msgs/share/buggy_msgs/msg/BUSParameter.idl
-- Up-to-date: /home/manuel/buggy_ws_beta.a/install/buggy_msgs/share/buggy_msgs/msg/BUSParameterStamped.idl
-- Up-to-date: /home/manuel/buggy_ws_beta.a/install/buggy_msgs/share/buggy_msgs/msg/GNSSState.idl
-- Up-to-date: /home/manuel/buggy_ws_beta.a/install/buggy_msgs/share/buggy_msgs/msg/GNSSStateStamped.idl
-- Up-to-date: /home/manuel/buggy_ws_beta.a/install/buggy_msgs/share/buggy_msgs/msg/IMUState.idl
-- Up-to-date: /home/manuel/buggy_ws_beta.a/install/buggy_msgs/share/buggy_msgs/msg/IMUStateStamped.idl
-- Up-to-date: /home/manuel/buggy_ws_beta.a/install/buggy_msgs/share/buggy_msgs/msg/HILinitCMD.idl
-- Up-to-date: /home/manuel/buggy_ws_beta.a/install/buggy_msgs/share/buggy_msgs/msg/HILinitCMDStamped.idl
-- Up-to-date: /home/manuel/buggy_ws_beta.a/install/buggy_msgs/share/buggy_msgs/msg/PlatoonState.idl
-- Up-to-date: /home/manuel/buggy_ws_beta.a/install/buggy_msgs/share/buggy_msgs/msg/PlatoonStateStamped.idl
-- Up-to-date: /home/manuel/buggy_ws_beta.a/install/buggy_msgs/share/buggy_msgs/msg/Mapmatching.idl
-- Up-to-date: /home/manuel/buggy_ws_beta.a/install/buggy_msgs/share/buggy_msgs/msg/MapmatchingStamped.idl
-- Up-to-date: /home/manuel/buggy_ws_beta.a/install/buggy_msgs/share/buggy_msgs/msg/FzgVehicleData.idl
-- Up-to-date: /home/manuel/buggy_ws_beta.a/install/buggy_msgs/share/buggy_msgs/msg/FzgVehicleDataStamped.idl
-- Up-to-date: /home/manuel/buggy_ws_beta.a/install/buggy_msgs/share/buggy_msgs/msg/WheelsState.msg
-- Up-to-date: /home/manuel/buggy_ws_beta.a/install/buggy_msgs/share/buggy_msgs/msg/WheelsStateStamped.msg
-- Up-to-date: /home/manuel/buggy_ws_beta.a/install/buggy_msgs/share/buggy_msgs/msg/SteeringCMD.msg
-- Up-to-date: /home/manuel/buggy_ws_beta.a/install/buggy_msgs/share/buggy_msgs/msg/SteeringCMDStamped.msg
-- Up-to-date: /home/manuel/buggy_ws_beta.a/install/buggy_msgs/share/buggy_msgs/msg/SteeringWheelState.msg
-- Up-to-date: /home/manuel/buggy_ws_beta.a/install/buggy_msgs/share/buggy_msgs/msg/SteeringWheelStateStamped.msg
-- Up-to-date: /home/manuel/buggy_ws_beta.a/install/buggy_msgs/share/buggy_msgs/msg/VehicleState.msg
-- Up-to-date: /home/manuel/buggy_ws_beta.a/install/buggy_msgs/share/buggy_msgs/msg/VehicleStateStamped.msg
-- Up-to-date: /home/manuel/buggy_ws_beta.a/install/buggy_msgs/share/buggy_msgs/msg/CurrentCMD.msg
-- Up-to-date: /home/manuel/buggy_ws_beta.a/install/buggy_msgs/share/buggy_msgs/msg/CurrentCMDStamped.msg
-- Up-to-date: /home/manuel/buggy_ws_beta.a/install/buggy_msgs/share/buggy_msgs/msg/DriveState.msg
-- Up-to-date: /home/manuel/buggy_ws_beta.a/install/buggy_msgs/share/buggy_msgs/msg/DriveStateStamped.msg
-- Up-to-date: /home/manuel/buggy_ws_beta.a/install/buggy_msgs/share/buggy_msgs/msg/RCCtrlState.msg
-- Up-to-date: /home/manuel/buggy_ws_beta.a/install/buggy_msgs/share/buggy_msgs/msg/RCCtrlStateStamped.msg
-- Up-to-date: /home/manuel/buggy_ws_beta.a/install/buggy_msgs/share/buggy_msgs/msg/BUSParameter.msg
-- Up-to-date: /home/manuel/buggy_ws_beta.a/install/buggy_msgs/share/buggy_msgs/msg/BUSParameterStamped.msg
-- Up-to-date: /home/manuel/buggy_ws_beta.a/install/buggy_msgs/share/buggy_msgs/msg/GNSSState.msg
-- Up-to-date: /home/manuel/buggy_ws_beta.a/install/buggy_msgs/share/buggy_msgs/msg/GNSSStateStamped.msg
-- Up-to-date: /home/manuel/buggy_ws_beta.a/install/buggy_msgs/share/buggy_msgs/msg/IMUState.msg
-- Up-to-date: /home/manuel/buggy_ws_beta.a/install/buggy_msgs/share/buggy_msgs/msg/IMUStateStamped.msg
-- Up-to-date: /home/manuel/buggy_ws_beta.a/install/buggy_msgs/share/buggy_msgs/msg/HILinitCMD.msg
-- Up-to-date: /home/manuel/buggy_ws_beta.a/install/buggy_msgs/share/buggy_msgs/msg/HILinitCMDStamped.msg
-- Up-to-date: /home/manuel/buggy_ws_beta.a/install/buggy_msgs/share/buggy_msgs/msg/PlatoonState.msg
-- Up-to-date: /home/manuel/buggy_ws_beta.a/install/buggy_msgs/share/buggy_msgs/msg/PlatoonStateStamped.msg
-- Up-to-date: /home/manuel/buggy_ws_beta.a/install/buggy_msgs/share/buggy_msgs/msg/Mapmatching.msg
-- Up-to-date: /home/manuel/buggy_ws_beta.a/install/buggy_msgs/share/buggy_msgs/msg/MapmatchingStamped.msg
-- Up-to-date: /home/manuel/buggy_ws_beta.a/install/buggy_msgs/share/buggy_msgs/msg/FzgVehicleData.msg
-- Up-to-date: /home/manuel/buggy_ws_beta.a/install/buggy_msgs/share/buggy_msgs/msg/FzgVehicleDataStamped.msg
-- Up-to-date: /home/manuel/buggy_ws_beta.a/install/buggy_msgs/share/ament_index/resource_index/package_run_dependencies/buggy_msgs
-- Up-to-date: /home/manuel/buggy_ws_beta.a/install/buggy_msgs/share/ament_index/resource_index/parent_prefix_path/buggy_msgs
-- Up-to-date: /home/manuel/buggy_ws_beta.a/install/buggy_msgs/share/buggy_msgs/environment/ament_prefix_path.sh
-- Up-to-date: /home/manuel/buggy_ws_beta.a/install/buggy_msgs/share/buggy_msgs/environment/ament_prefix_path.dsv
-- Up-to-date: /home/manuel/buggy_ws_beta.a/install/buggy_msgs/share/buggy_msgs/environment/path.sh
-- Up-to-date: /home/manuel/buggy_ws_beta.a/install/buggy_msgs/share/buggy_msgs/environment/path.dsv
-- Up-to-date: /home/manuel/buggy_ws_beta.a/install/buggy_msgs/share/buggy_msgs/local_setup.bash
-- Up-to-date: /home/manuel/buggy_ws_beta.a/install/buggy_msgs/share/buggy_msgs/local_setup.sh
-- Up-to-date: /home/manuel/buggy_ws_beta.a/install/buggy_msgs/share/buggy_msgs/local_setup.zsh
-- Up-to-date: /home/manuel/buggy_ws_beta.a/install/buggy_msgs/share/buggy_msgs/local_setup.dsv
-- Installing: /home/manuel/buggy_ws_beta.a/install/buggy_msgs/share/buggy_msgs/package.dsv
-- Up-to-date: /home/manuel/buggy_ws_beta.a/install/buggy_msgs/share/ament_index/resource_index/packages/buggy_msgs
-- Up-to-date: /home/manuel/buggy_ws_beta.a/install/buggy_msgs/share/buggy_msgs/cmake/buggy_msgs__rosidl_generator_cExport.cmake
-- Up-to-date: /home/manuel/buggy_ws_beta.a/install/buggy_msgs/share/buggy_msgs/cmake/buggy_msgs__rosidl_generator_cExport-noconfig.cmake
-- Up-to-date: /home/manuel/buggy_ws_beta.a/install/buggy_msgs/share/buggy_msgs/cmake/buggy_msgs__rosidl_typesupport_introspection_cExport.cmake
-- Up-to-date: /home/manuel/buggy_ws_beta.a/install/buggy_msgs/share/buggy_msgs/cmake/buggy_msgs__rosidl_typesupport_introspection_cExport-noconfig.cmake
-- Up-to-date: /home/manuel/buggy_ws_beta.a/install/buggy_msgs/share/buggy_msgs/cmake/buggy_msgs__rosidl_typesupport_cExport.cmake
-- Up-to-date: /home/manuel/buggy_ws_beta.a/install/buggy_msgs/share/buggy_msgs/cmake/buggy_msgs__rosidl_typesupport_cExport-noconfig.cmake
-- Up-to-date: /home/manuel/buggy_ws_beta.a/install/buggy_msgs/share/buggy_msgs/cmake/buggy_msgs__rosidl_generator_cppExport.cmake
-- Up-to-date: /home/manuel/buggy_ws_beta.a/install/buggy_msgs/share/buggy_msgs/cmake/buggy_msgs__rosidl_typesupport_introspection_cppExport.cmake
-- Up-to-date: /home/manuel/buggy_ws_beta.a/install/buggy_msgs/share/buggy_msgs/cmake/buggy_msgs__rosidl_typesupport_introspection_cppExport-noconfig.cmake
-- Up-to-date: /home/manuel/buggy_ws_beta.a/install/buggy_msgs/share/buggy_msgs/cmake/buggy_msgs__rosidl_typesupport_cppExport.cmake
-- Up-to-date: /home/manuel/buggy_ws_beta.a/install/buggy_msgs/share/buggy_msgs/cmake/buggy_msgs__rosidl_typesupport_cppExport-noconfig.cmake
-- Up-to-date: /home/manuel/buggy_ws_beta.a/install/buggy_msgs/share/buggy_msgs/cmake/rosidl_cmake-extras.cmake
-- Up-to-date: /home/manuel/buggy_ws_beta.a/install/buggy_msgs/share/buggy_msgs/cmake/ament_cmake_export_dependencies-extras.cmake
-- Up-to-date: /home/manuel/buggy_ws_beta.a/install/buggy_msgs/share/buggy_msgs/cmake/ament_cmake_export_libraries-extras.cmake
-- Up-to-date: /home/manuel/buggy_ws_beta.a/install/buggy_msgs/share/buggy_msgs/cmake/ament_cmake_export_targets-extras.cmake
-- Up-to-date: /home/manuel/buggy_ws_beta.a/install/buggy_msgs/share/buggy_msgs/cmake/ament_cmake_export_include_directories-extras.cmake
-- Up-to-date: /home/manuel/buggy_ws_beta.a/install/buggy_msgs/share/buggy_msgs/cmake/rosidl_cmake_export_typesupport_libraries-extras.cmake
-- Up-to-date: /home/manuel/buggy_ws_beta.a/install/buggy_msgs/share/buggy_msgs/cmake/rosidl_cmake_export_typesupport_targets-extras.cmake
-- Up-to-date: /home/manuel/buggy_ws_beta.a/install/buggy_msgs/share/buggy_msgs/cmake/buggy_msgsConfig.cmake
-- Up-to-date: /home/manuel/buggy_ws_beta.a/install/buggy_msgs/share/buggy_msgs/cmake/buggy_msgsConfig-version.cmake
-- Up-to-date: /home/manuel/buggy_ws_beta.a/install/buggy_msgs/share/buggy_msgs/package.xml
