[0.135s] Invoking command in '/home/manuel/buggy_ws_beta.a/build/buggy_msgs': CMAKE_PREFIX_PATH=${CMAKE_PREFIX_PATH}:/home/manuel/buggy_ws_beta.a/install/joint_state_publisher_gui:/home/manuel/buggy_ws_beta.a/install/joint_state_publisher:/home/manuel/buggy_ws_beta.a/install/ackermann_odometry:/home/manuel/buggy_ws_beta.a/install/ackermann_controller:/home/manuel/buggy_space/install/joint_state_publisher_gui:/home/manuel/buggy_space/install/joint_state_publisher:/home/manuel/buggy_space/install/ackermann_odometry:/home/manuel/buggy_space/install/ackermann_controller:/opt/ros/foxy /usr/bin/cmake --build /home/manuel/buggy_ws_beta.a/build/buggy_msgs -- -j16 -l16
[0.592s] [  0%] Built target buggy_msgs__cpp
[0.592s] [ 12%] Built target buggy_msgs__rosidl_generator_c
[0.592s] [ 24%] Built target buggy_msgs__rosidl_typesupport_cpp
[0.592s] [ 36%] Built target buggy_msgs__rosidl_typesupport_fastrtps_cpp
[0.592s] [ 49%] Built target buggy_msgs__rosidl_typesupport_introspection_cpp
[0.592s] [ 62%] Built target buggy_msgs__rosidl_typesupport_introspection_c
[0.592s] [ 74%] Built target buggy_msgs__rosidl_typesupport_c
[0.592s] [ 86%] Built target buggy_msgs__rosidl_typesupport_fastrtps_c
[0.593s] [ 86%] Built target buggy_msgs
[0.593s] [ 86%] Built target buggy_msgs__py
[0.593s] [ 98%] Built target buggy_msgs__python
[0.593s] [ 99%] Built target buggy_msgs__rosidl_typesupport_introspection_c__pyext
[0.593s] [100%] Built target buggy_msgs__rosidl_typesupport_c__pyext
[0.593s] [100%] Built target buggy_msgs__rosidl_typesupport_fastrtps_c__pyext
[0.601s] Invoked command in '/home/manuel/buggy_ws_beta.a/build/buggy_msgs' returned '0': CMAKE_PREFIX_PATH=${CMAKE_PREFIX_PATH}:/home/manuel/buggy_ws_beta.a/install/joint_state_publisher_gui:/home/manuel/buggy_ws_beta.a/install/joint_state_publisher:/home/manuel/buggy_ws_beta.a/install/ackermann_odometry:/home/manuel/buggy_ws_beta.a/install/ackermann_controller:/home/manuel/buggy_space/install/joint_state_publisher_gui:/home/manuel/buggy_space/install/joint_state_publisher:/home/manuel/buggy_space/install/ackermann_odometry:/home/manuel/buggy_space/install/ackermann_controller:/opt/ros/foxy /usr/bin/cmake --build /home/manuel/buggy_ws_beta.a/build/buggy_msgs -- -j16 -l16
[1.596s] Invoking command in '/home/manuel/buggy_ws_beta.a/build/buggy_msgs': CMAKE_PREFIX_PATH=${CMAKE_PREFIX_PATH}:/home/manuel/buggy_ws_beta.a/install/joint_state_publisher_gui:/home/manuel/buggy_ws_beta.a/install/joint_state_publisher:/home/manuel/buggy_ws_beta.a/install/ackermann_odometry:/home/manuel/buggy_ws_beta.a/install/ackermann_controller:/home/manuel/buggy_space/install/joint_state_publisher_gui:/home/manuel/buggy_space/install/joint_state_publisher:/home/manuel/buggy_space/install/ackermann_odometry:/home/manuel/buggy_space/install/ackermann_controller:/opt/ros/foxy /usr/bin/cmake --install /home/manuel/buggy_ws_beta.a/build/buggy_msgs
[1.664s] -- Install configuration: ""
[1.665s] -- Up-to-date: /home/manuel/buggy_ws_beta.a/install/buggy_msgs/share/ament_index/resource_index/rosidl_interfaces/buggy_msgs
[1.665s] -- Up-to-date: /home/manuel/buggy_ws_beta.a/install/buggy_msgs/include/buggy_msgs
[1.665s] -- Up-to-date: /home/manuel/buggy_ws_beta.a/install/buggy_msgs/include/buggy_msgs/msg
[1.665s] -- Up-to-date: /home/manuel/buggy_ws_beta.a/install/buggy_msgs/include/buggy_msgs/msg/vehicle_state.h
[1.666s] -- Up-to-date: /home/manuel/buggy_ws_beta.a/install/buggy_msgs/include/buggy_msgs/msg/steering_cmd.h
[1.666s] -- Up-to-date: /home/manuel/buggy_ws_beta.a/install/buggy_msgs/include/buggy_msgs/msg/steering_wheel_state.h
[1.666s] -- Up-to-date: /home/manuel/buggy_ws_beta.a/install/buggy_msgs/include/buggy_msgs/msg/detail
[1.666s] -- Up-to-date: /home/manuel/buggy_ws_beta.a/install/buggy_msgs/include/buggy_msgs/msg/detail/current_cmd__struct.h
[1.667s] -- Up-to-date: /home/manuel/buggy_ws_beta.a/install/buggy_msgs/include/buggy_msgs/msg/detail/bus_parameter_stamped__functions.h
[1.667s] -- Up-to-date: /home/manuel/buggy_ws_beta.a/install/buggy_msgs/include/buggy_msgs/msg/detail/gnss_state__struct.h
[1.667s] -- Up-to-date: /home/manuel/buggy_ws_beta.a/install/buggy_msgs/include/buggy_msgs/msg/detail/steering_wheel_state_stamped__struct.h
[1.667s] -- Up-to-date: /home/manuel/buggy_ws_beta.a/install/buggy_msgs/include/buggy_msgs/msg/detail/platoon_state__type_support.h
[1.667s] -- Up-to-date: /home/manuel/buggy_ws_beta.a/install/buggy_msgs/include/buggy_msgs/msg/detail/hi_linit_cmd_stamped__type_support.h
[1.668s] -- Up-to-date: /home/manuel/buggy_ws_beta.a/install/buggy_msgs/include/buggy_msgs/msg/detail/hi_linit_cmd__functions.h
[1.668s] -- Up-to-date: /home/manuel/buggy_ws_beta.a/install/buggy_msgs/include/buggy_msgs/msg/detail/current_cmd__functions.c
[1.668s] -- Up-to-date: /home/manuel/buggy_ws_beta.a/install/buggy_msgs/include/buggy_msgs/msg/detail/fzg_vehicle_data_stamped__struct.h
[1.668s] -- Up-to-date: /home/manuel/buggy_ws_beta.a/install/buggy_msgs/include/buggy_msgs/msg/detail/rc_ctrl_state_stamped__functions.c
[1.668s] -- Up-to-date: /home/manuel/buggy_ws_beta.a/install/buggy_msgs/include/buggy_msgs/msg/detail/hi_linit_cmd__functions.c
[1.668s] -- Up-to-date: /home/manuel/buggy_ws_beta.a/install/buggy_msgs/include/buggy_msgs/msg/detail/drive_state_stamped__functions.h
[1.671s] -- Up-to-date: /home/manuel/buggy_ws_beta.a/install/buggy_msgs/include/buggy_msgs/msg/detail/steering_cmd_stamped__type_support.h
[1.671s] -- Up-to-date: /home/manuel/buggy_ws_beta.a/install/buggy_msgs/include/buggy_msgs/msg/detail/rc_ctrl_state__functions.h
[1.672s] -- Up-to-date: /home/manuel/buggy_ws_beta.a/install/buggy_msgs/include/buggy_msgs/msg/detail/vehicle_state_stamped__type_support.h
[1.672s] -- Up-to-date: /home/manuel/buggy_ws_beta.a/install/buggy_msgs/include/buggy_msgs/msg/detail/mapmatching_stamped__functions.h
[1.672s] -- Up-to-date: /home/manuel/buggy_ws_beta.a/install/buggy_msgs/include/buggy_msgs/msg/detail/current_cmd__type_support.h
[1.672s] -- Up-to-date: /home/manuel/buggy_ws_beta.a/install/buggy_msgs/include/buggy_msgs/msg/detail/wheels_state_stamped__struct.h
[1.673s] -- Up-to-date: /home/manuel/buggy_ws_beta.a/install/buggy_msgs/include/buggy_msgs/msg/detail/imu_state__functions.c
[1.673s] -- Up-to-date: /home/manuel/buggy_ws_beta.a/install/buggy_msgs/include/buggy_msgs/msg/detail/wheels_state__type_support.h
[1.675s] -- Up-to-date: /home/manuel/buggy_ws_beta.a/install/buggy_msgs/include/buggy_msgs/msg/detail/gnss_state_stamped__struct.h
[1.675s] -- Up-to-date: /home/manuel/buggy_ws_beta.a/install/buggy_msgs/include/buggy_msgs/msg/detail/bus_parameter__functions.h
[1.676s] -- Up-to-date: /home/manuel/buggy_ws_beta.a/install/buggy_msgs/include/buggy_msgs/msg/detail/gnss_state__functions.c
[1.676s] -- Up-to-date: /home/manuel/buggy_ws_beta.a/install/buggy_msgs/include/buggy_msgs/msg/detail/vehicle_state_stamped__functions.h
[1.676s] -- Up-to-date: /home/manuel/buggy_ws_beta.a/install/buggy_msgs/include/buggy_msgs/msg/detail/wheels_state_stamped__type_support.h
[1.676s] -- Up-to-date: /home/manuel/buggy_ws_beta.a/install/buggy_msgs/include/buggy_msgs/msg/detail/current_cmd_stamped__type_support.h
[1.677s] -- Up-to-date: /home/manuel/buggy_ws_beta.a/install/buggy_msgs/include/buggy_msgs/msg/detail/fzg_vehicle_data__struct.h
[1.680s] -- Up-to-date: /home/manuel/buggy_ws_beta.a/install/buggy_msgs/include/buggy_msgs/msg/detail/imu_state__functions.h
[1.681s] -- Up-to-date: /home/manuel/buggy_ws_beta.a/install/buggy_msgs/include/buggy_msgs/msg/detail/rc_ctrl_state__functions.c
[1.681s] -- Up-to-date: /home/manuel/buggy_ws_beta.a/install/buggy_msgs/include/buggy_msgs/msg/detail/imu_state_stamped__type_support.h
[1.681s] -- Up-to-date: /home/manuel/buggy_ws_beta.a/install/buggy_msgs/include/buggy_msgs/msg/detail/bus_parameter_stamped__type_support.h
[1.681s] -- Up-to-date: /home/manuel/buggy_ws_beta.a/install/buggy_msgs/include/buggy_msgs/msg/detail/steering_wheel_state__functions.h
[1.681s] -- Up-to-date: /home/manuel/buggy_ws_beta.a/install/buggy_msgs/include/buggy_msgs/msg/detail/vehicle_state_stamped__functions.c
[1.685s] -- Up-to-date: /home/manuel/buggy_ws_beta.a/install/buggy_msgs/include/buggy_msgs/msg/detail/current_cmd__functions.h
[1.685s] -- Up-to-date: /home/manuel/buggy_ws_beta.a/install/buggy_msgs/include/buggy_msgs/msg/detail/gnss_state__functions.h
[1.685s] -- Up-to-date: /home/manuel/buggy_ws_beta.a/install/buggy_msgs/include/buggy_msgs/msg/detail/steering_cmd__type_support.h
[1.685s] -- Up-to-date: /home/manuel/buggy_ws_beta.a/install/buggy_msgs/include/buggy_msgs/msg/detail/drive_state_stamped__functions.c
[1.686s] -- Up-to-date: /home/manuel/buggy_ws_beta.a/install/buggy_msgs/include/buggy_msgs/msg/detail/wheels_state__functions.h
[1.686s] -- Up-to-date: /home/manuel/buggy_ws_beta.a/install/buggy_msgs/include/buggy_msgs/msg/detail/rc_ctrl_state_stamped__struct.h
[1.686s] -- Up-to-date: /home/manuel/buggy_ws_beta.a/install/buggy_msgs/include/buggy_msgs/msg/detail/steering_wheel_state_stamped__functions.c
[1.686s] -- Up-to-date: /home/manuel/buggy_ws_beta.a/install/buggy_msgs/include/buggy_msgs/msg/detail/bus_parameter_stamped__struct.h
[1.686s] -- Up-to-date: /home/manuel/buggy_ws_beta.a/install/buggy_msgs/include/buggy_msgs/msg/detail/fzg_vehicle_data_stamped__functions.c
[1.687s] -- Up-to-date: /home/manuel/buggy_ws_beta.a/install/buggy_msgs/include/buggy_msgs/msg/detail/fzg_vehicle_data_stamped__functions.h
[1.687s] -- Up-to-date: /home/manuel/buggy_ws_beta.a/install/buggy_msgs/include/buggy_msgs/msg/detail/wheels_state_stamped__functions.c
[1.687s] -- Up-to-date: /home/manuel/buggy_ws_beta.a/install/buggy_msgs/include/buggy_msgs/msg/detail/steering_cmd__functions.h
[1.688s] -- Up-to-date: /home/manuel/buggy_ws_beta.a/install/buggy_msgs/include/buggy_msgs/msg/detail/imu_state_stamped__functions.c
[1.689s] -- Up-to-date: /home/manuel/buggy_ws_beta.a/install/buggy_msgs/include/buggy_msgs/msg/detail/rc_ctrl_state__struct.h
[1.689s] -- Up-to-date: /home/manuel/buggy_ws_beta.a/install/buggy_msgs/include/buggy_msgs/msg/detail/fzg_vehicle_data__functions.h
[1.689s] -- Up-to-date: /home/manuel/buggy_ws_beta.a/install/buggy_msgs/include/buggy_msgs/msg/detail/steering_wheel_state__type_support.h
[1.690s] -- Up-to-date: /home/manuel/buggy_ws_beta.a/install/buggy_msgs/include/buggy_msgs/msg/detail/imu_state_stamped__functions.h
[1.690s] -- Up-to-date: /home/manuel/buggy_ws_beta.a/install/buggy_msgs/include/buggy_msgs/msg/detail/gnss_state_stamped__functions.h
[1.690s] -- Up-to-date: /home/manuel/buggy_ws_beta.a/install/buggy_msgs/include/buggy_msgs/msg/detail/hi_linit_cmd_stamped__functions.c
[1.692s] -- Up-to-date: /home/manuel/buggy_ws_beta.a/install/buggy_msgs/include/buggy_msgs/msg/detail/hi_linit_cmd_stamped__functions.h
[1.692s] -- Up-to-date: /home/manuel/buggy_ws_beta.a/install/buggy_msgs/include/buggy_msgs/msg/detail/drive_state_stamped__type_support.h
[1.692s] -- Up-to-date: /home/manuel/buggy_ws_beta.a/install/buggy_msgs/include/buggy_msgs/msg/detail/vehicle_state__type_support.h
[1.692s] -- Up-to-date: /home/manuel/buggy_ws_beta.a/install/buggy_msgs/include/buggy_msgs/msg/detail/bus_parameter__struct.h
[1.693s] -- Up-to-date: /home/manuel/buggy_ws_beta.a/install/buggy_msgs/include/buggy_msgs/msg/detail/steering_wheel_state__functions.c
[1.694s] -- Up-to-date: /home/manuel/buggy_ws_beta.a/install/buggy_msgs/include/buggy_msgs/msg/detail/imu_state_stamped__struct.h
[1.694s] -- Up-to-date: /home/manuel/buggy_ws_beta.a/install/buggy_msgs/include/buggy_msgs/msg/detail/hi_linit_cmd__struct.h
[1.694s] -- Up-to-date: /home/manuel/buggy_ws_beta.a/install/buggy_msgs/include/buggy_msgs/msg/detail/hi_linit_cmd_stamped__struct.h
[1.694s] -- Up-to-date: /home/manuel/buggy_ws_beta.a/install/buggy_msgs/include/buggy_msgs/msg/detail/imu_state__type_support.h
[1.695s] -- Up-to-date: /home/manuel/buggy_ws_beta.a/install/buggy_msgs/include/buggy_msgs/msg/detail/steering_wheel_state__struct.h
[1.695s] -- Up-to-date: /home/manuel/buggy_ws_beta.a/install/buggy_msgs/include/buggy_msgs/msg/detail/steering_cmd__functions.c
[1.695s] -- Up-to-date: /home/manuel/buggy_ws_beta.a/install/buggy_msgs/include/buggy_msgs/msg/detail/gnss_state_stamped__type_support.h
[1.697s] -- Up-to-date: /home/manuel/buggy_ws_beta.a/install/buggy_msgs/include/buggy_msgs/msg/detail/mapmatching_stamped__type_support.h
[1.697s] -- Up-to-date: /home/manuel/buggy_ws_beta.a/install/buggy_msgs/include/buggy_msgs/msg/detail/steering_cmd_stamped__struct.h
[1.697s] -- Up-to-date: /home/manuel/buggy_ws_beta.a/install/buggy_msgs/include/buggy_msgs/msg/detail/rc_ctrl_state_stamped__functions.h
[1.697s] -- Up-to-date: /home/manuel/buggy_ws_beta.a/install/buggy_msgs/include/buggy_msgs/msg/detail/steering_cmd_stamped__functions.c
[1.698s] -- Up-to-date: /home/manuel/buggy_ws_beta.a/install/buggy_msgs/include/buggy_msgs/msg/detail/wheels_state__functions.c
[1.698s] -- Up-to-date: /home/manuel/buggy_ws_beta.a/install/buggy_msgs/include/buggy_msgs/msg/detail/vehicle_state__functions.c
[1.698s] -- Up-to-date: /home/manuel/buggy_ws_beta.a/install/buggy_msgs/include/buggy_msgs/msg/detail/mapmatching_stamped__functions.c
[1.698s] -- Up-to-date: /home/manuel/buggy_ws_beta.a/install/buggy_msgs/include/buggy_msgs/msg/detail/rc_ctrl_state__type_support.h
[1.698s] -- Up-to-date: /home/manuel/buggy_ws_beta.a/install/buggy_msgs/include/buggy_msgs/msg/detail/vehicle_state_stamped__struct.h
[1.699s] -- Up-to-date: /home/manuel/buggy_ws_beta.a/install/buggy_msgs/include/buggy_msgs/msg/detail/drive_state__type_support.h
[1.699s] -- Up-to-date: /home/manuel/buggy_ws_beta.a/install/buggy_msgs/include/buggy_msgs/msg/detail/drive_state__struct.h
[1.699s] -- Up-to-date: /home/manuel/buggy_ws_beta.a/install/buggy_msgs/include/buggy_msgs/msg/detail/platoon_state_stamped__functions.h
[1.701s] -- Up-to-date: /home/manuel/buggy_ws_beta.a/install/buggy_msgs/include/buggy_msgs/msg/detail/mapmatching_stamped__struct.h
[1.702s] -- Up-to-date: /home/manuel/buggy_ws_beta.a/install/buggy_msgs/include/buggy_msgs/msg/detail/current_cmd_stamped__struct.h
[1.702s] -- Up-to-date: /home/manuel/buggy_ws_beta.a/install/buggy_msgs/include/buggy_msgs/msg/detail/mapmatching__functions.h
[1.702s] -- Up-to-date: /home/manuel/buggy_ws_beta.a/install/buggy_msgs/include/buggy_msgs/msg/detail/platoon_state_stamped__type_support.h
[1.702s] -- Up-to-date: /home/manuel/buggy_ws_beta.a/install/buggy_msgs/include/buggy_msgs/msg/detail/platoon_state_stamped__struct.h
[1.702s] -- Up-to-date: /home/manuel/buggy_ws_beta.a/install/buggy_msgs/include/buggy_msgs/msg/detail/steering_cmd__struct.h
[1.702s] -- Up-to-date: /home/manuel/buggy_ws_beta.a/install/buggy_msgs/include/buggy_msgs/msg/detail/gnss_state_stamped__functions.c
[1.703s] -- Up-to-date: /home/manuel/buggy_ws_beta.a/install/buggy_msgs/include/buggy_msgs/msg/detail/vehicle_state__functions.h
[1.703s] -- Up-to-date: /home/manuel/buggy_ws_beta.a/install/buggy_msgs/include/buggy_msgs/msg/detail/steering_wheel_state_stamped__functions.h
[1.704s] -- Up-to-date: /home/manuel/buggy_ws_beta.a/install/buggy_msgs/include/buggy_msgs/msg/detail/bus_parameter__functions.c
[1.704s] -- Up-to-date: /home/manuel/buggy_ws_beta.a/install/buggy_msgs/include/buggy_msgs/msg/detail/gnss_state__type_support.h
[1.705s] -- Up-to-date: /home/manuel/buggy_ws_beta.a/install/buggy_msgs/include/buggy_msgs/msg/detail/platoon_state__struct.h
[1.706s] -- Up-to-date: /home/manuel/buggy_ws_beta.a/install/buggy_msgs/include/buggy_msgs/msg/detail/wheels_state__struct.h
[1.707s] -- Up-to-date: /home/manuel/buggy_ws_beta.a/install/buggy_msgs/include/buggy_msgs/msg/detail/platoon_state_stamped__functions.c
[1.707s] -- Up-to-date: /home/manuel/buggy_ws_beta.a/install/buggy_msgs/include/buggy_msgs/msg/detail/drive_state__functions.h
[1.707s] -- Up-to-date: /home/manuel/buggy_ws_beta.a/install/buggy_msgs/include/buggy_msgs/msg/detail/drive_state__functions.c
[1.708s] -- Up-to-date: /home/manuel/buggy_ws_beta.a/install/buggy_msgs/include/buggy_msgs/msg/detail/fzg_vehicle_data_stamped__type_support.h
[1.713s] -- Up-to-date: /home/manuel/buggy_ws_beta.a/install/buggy_msgs/include/buggy_msgs/msg/detail/current_cmd_stamped__functions.h
[1.714s] -- Up-to-date: /home/manuel/buggy_ws_beta.a/install/buggy_msgs/include/buggy_msgs/msg/detail/bus_parameter_stamped__functions.c
[1.714s] -- Up-to-date: /home/manuel/buggy_ws_beta.a/install/buggy_msgs/include/buggy_msgs/msg/detail/hi_linit_cmd__type_support.h
[1.714s] -- Up-to-date: /home/manuel/buggy_ws_beta.a/install/buggy_msgs/include/buggy_msgs/msg/detail/current_cmd_stamped__functions.c
[1.714s] -- Up-to-date: /home/manuel/buggy_ws_beta.a/install/buggy_msgs/include/buggy_msgs/msg/detail/steering_cmd_stamped__functions.h
[1.714s] -- Up-to-date: /home/manuel/buggy_ws_beta.a/install/buggy_msgs/include/buggy_msgs/msg/detail/fzg_vehicle_data__type_support.h
[1.715s] -- Up-to-date: /home/manuel/buggy_ws_beta.a/install/buggy_msgs/include/buggy_msgs/msg/detail/mapmatching__struct.h
[1.715s] -- Up-to-date: /home/manuel/buggy_ws_beta.a/install/buggy_msgs/include/buggy_msgs/msg/detail/vehicle_state__struct.h
[1.715s] -- Up-to-date: /home/manuel/buggy_ws_beta.a/install/buggy_msgs/include/buggy_msgs/msg/detail/platoon_state__functions.c
[1.715s] -- Up-to-date: /home/manuel/buggy_ws_beta.a/install/buggy_msgs/include/buggy_msgs/msg/detail/rc_ctrl_state_stamped__type_support.h
[1.715s] -- Up-to-date: /home/manuel/buggy_ws_beta.a/install/buggy_msgs/include/buggy_msgs/msg/detail/bus_parameter__type_support.h
[1.715s] -- Up-to-date: /home/manuel/buggy_ws_beta.a/install/buggy_msgs/include/buggy_msgs/msg/detail/platoon_state__functions.h
[1.715s] -- Up-to-date: /home/manuel/buggy_ws_beta.a/install/buggy_msgs/include/buggy_msgs/msg/detail/steering_wheel_state_stamped__type_support.h
[1.716s] -- Up-to-date: /home/manuel/buggy_ws_beta.a/install/buggy_msgs/include/buggy_msgs/msg/detail/mapmatching__type_support.h
[1.716s] -- Up-to-date: /home/manuel/buggy_ws_beta.a/install/buggy_msgs/include/buggy_msgs/msg/detail/mapmatching__functions.c
[1.716s] -- Up-to-date: /home/manuel/buggy_ws_beta.a/install/buggy_msgs/include/buggy_msgs/msg/detail/imu_state__struct.h
[1.719s] -- Up-to-date: /home/manuel/buggy_ws_beta.a/install/buggy_msgs/include/buggy_msgs/msg/detail/wheels_state_stamped__functions.h
[1.720s] -- Up-to-date: /home/manuel/buggy_ws_beta.a/install/buggy_msgs/include/buggy_msgs/msg/detail/fzg_vehicle_data__functions.c
[1.720s] -- Up-to-date: /home/manuel/buggy_ws_beta.a/install/buggy_msgs/include/buggy_msgs/msg/detail/drive_state_stamped__struct.h
[1.720s] -- Up-to-date: /home/manuel/buggy_ws_beta.a/install/buggy_msgs/include/buggy_msgs/msg/gnss_state.h
[1.720s] -- Up-to-date: /home/manuel/buggy_ws_beta.a/install/buggy_msgs/include/buggy_msgs/msg/mapmatching.h
[1.721s] -- Up-to-date: /home/manuel/buggy_ws_beta.a/install/buggy_msgs/include/buggy_msgs/msg/mapmatching_stamped.h
[1.724s] -- Up-to-date: /home/manuel/buggy_ws_beta.a/install/buggy_msgs/include/buggy_msgs/msg/rc_ctrl_state.h
[1.724s] -- Up-to-date: /home/manuel/buggy_ws_beta.a/install/buggy_msgs/include/buggy_msgs/msg/steering_cmd_stamped.h
[1.725s] -- Up-to-date: /home/manuel/buggy_ws_beta.a/install/buggy_msgs/include/buggy_msgs/msg/drive_state.h
[1.725s] -- Up-to-date: /home/manuel/buggy_ws_beta.a/install/buggy_msgs/include/buggy_msgs/msg/current_cmd_stamped.h
[1.725s] -- Up-to-date: /home/manuel/buggy_ws_beta.a/install/buggy_msgs/include/buggy_msgs/msg/wheels_state.h
[1.725s] -- Up-to-date: /home/manuel/buggy_ws_beta.a/install/buggy_msgs/include/buggy_msgs/msg/wheels_state_stamped.h
[1.726s] -- Up-to-date: /home/manuel/buggy_ws_beta.a/install/buggy_msgs/include/buggy_msgs/msg/current_cmd.h
[1.726s] -- Up-to-date: /home/manuel/buggy_ws_beta.a/install/buggy_msgs/include/buggy_msgs/msg/platoon_state.h
[1.726s] -- Up-to-date: /home/manuel/buggy_ws_beta.a/install/buggy_msgs/include/buggy_msgs/msg/bus_parameter.h
[1.727s] -- Up-to-date: /home/manuel/buggy_ws_beta.a/install/buggy_msgs/include/buggy_msgs/msg/fzg_vehicle_data.h
[1.727s] -- Up-to-date: /home/manuel/buggy_ws_beta.a/install/buggy_msgs/include/buggy_msgs/msg/vehicle_state_stamped.h
[1.727s] -- Up-to-date: /home/manuel/buggy_ws_beta.a/install/buggy_msgs/include/buggy_msgs/msg/rosidl_generator_c__visibility_control.h
[1.727s] -- Up-to-date: /home/manuel/buggy_ws_beta.a/install/buggy_msgs/include/buggy_msgs/msg/imu_state.h
[1.737s] -- Up-to-date: /home/manuel/buggy_ws_beta.a/install/buggy_msgs/include/buggy_msgs/msg/hi_linit_cmd.h
[1.737s] -- Up-to-date: /home/manuel/buggy_ws_beta.a/install/buggy_msgs/include/buggy_msgs/msg/platoon_state_stamped.h
[1.737s] -- Up-to-date: /home/manuel/buggy_ws_beta.a/install/buggy_msgs/include/buggy_msgs/msg/hi_linit_cmd_stamped.h
[1.737s] -- Up-to-date: /home/manuel/buggy_ws_beta.a/install/buggy_msgs/include/buggy_msgs/msg/drive_state_stamped.h
[1.737s] -- Up-to-date: /home/manuel/buggy_ws_beta.a/install/buggy_msgs/include/buggy_msgs/msg/bus_parameter_stamped.h
[1.738s] -- Up-to-date: /home/manuel/buggy_ws_beta.a/install/buggy_msgs/include/buggy_msgs/msg/gnss_state_stamped.h
[1.738s] -- Up-to-date: /home/manuel/buggy_ws_beta.a/install/buggy_msgs/include/buggy_msgs/msg/rc_ctrl_state_stamped.h
[1.738s] -- Up-to-date: /home/manuel/buggy_ws_beta.a/install/buggy_msgs/include/buggy_msgs/msg/imu_state_stamped.h
[1.738s] -- Up-to-date: /home/manuel/buggy_ws_beta.a/install/buggy_msgs/include/buggy_msgs/msg/fzg_vehicle_data_stamped.h
[1.738s] -- Up-to-date: /home/manuel/buggy_ws_beta.a/install/buggy_msgs/include/buggy_msgs/msg/steering_wheel_state_stamped.h
[1.738s] -- Up-to-date: /home/manuel/buggy_ws_beta.a/install/buggy_msgs/share/buggy_msgs/environment/library_path.sh
[1.738s] -- Up-to-date: /home/manuel/buggy_ws_beta.a/install/buggy_msgs/share/buggy_msgs/environment/library_path.dsv
[1.738s] -- Up-to-date: /home/manuel/buggy_ws_beta.a/install/buggy_msgs/lib/libbuggy_msgs__rosidl_generator_c.so
[1.738s] -- Up-to-date: /home/manuel/buggy_ws_beta.a/install/buggy_msgs/include/buggy_msgs
[1.739s] -- Up-to-date: /home/manuel/buggy_ws_beta.a/install/buggy_msgs/include/buggy_msgs/msg
[1.739s] -- Up-to-date: /home/manuel/buggy_ws_beta.a/install/buggy_msgs/include/buggy_msgs/msg/detail
[1.739s] -- Up-to-date: /home/manuel/buggy_ws_beta.a/install/buggy_msgs/include/buggy_msgs/msg/detail/bus_parameter_stamped__rosidl_typesupport_fastrtps_c.h
[1.739s] -- Up-to-date: /home/manuel/buggy_ws_beta.a/install/buggy_msgs/include/buggy_msgs/msg/detail/current_cmd_stamped__rosidl_typesupport_fastrtps_c.h
[1.739s] -- Up-to-date: /home/manuel/buggy_ws_beta.a/install/buggy_msgs/include/buggy_msgs/msg/detail/wheels_state__rosidl_typesupport_fastrtps_c.h
[1.739s] -- Up-to-date: /home/manuel/buggy_ws_beta.a/install/buggy_msgs/include/buggy_msgs/msg/detail/vehicle_state__rosidl_typesupport_fastrtps_c.h
[1.739s] -- Up-to-date: /home/manuel/buggy_ws_beta.a/install/buggy_msgs/include/buggy_msgs/msg/detail/current_cmd__rosidl_typesupport_fastrtps_c.h
[1.740s] -- Up-to-date: /home/manuel/buggy_ws_beta.a/install/buggy_msgs/include/buggy_msgs/msg/detail/fzg_vehicle_data_stamped__rosidl_typesupport_fastrtps_c.h
[1.740s] -- Up-to-date: /home/manuel/buggy_ws_beta.a/install/buggy_msgs/include/buggy_msgs/msg/detail/hi_linit_cmd_stamped__rosidl_typesupport_fastrtps_c.h
[1.740s] -- Up-to-date: /home/manuel/buggy_ws_beta.a/install/buggy_msgs/include/buggy_msgs/msg/detail/imu_state_stamped__rosidl_typesupport_fastrtps_c.h
[1.740s] -- Up-to-date: /home/manuel/buggy_ws_beta.a/install/buggy_msgs/include/buggy_msgs/msg/detail/steering_wheel_state_stamped__rosidl_typesupport_fastrtps_c.h
[1.740s] -- Up-to-date: /home/manuel/buggy_ws_beta.a/install/buggy_msgs/include/buggy_msgs/msg/detail/bus_parameter__rosidl_typesupport_fastrtps_c.h
[1.740s] -- Up-to-date: /home/manuel/buggy_ws_beta.a/install/buggy_msgs/include/buggy_msgs/msg/detail/gnss_state_stamped__rosidl_typesupport_fastrtps_c.h
[1.740s] -- Up-to-date: /home/manuel/buggy_ws_beta.a/install/buggy_msgs/include/buggy_msgs/msg/detail/drive_state__rosidl_typesupport_fastrtps_c.h
[1.740s] -- Up-to-date: /home/manuel/buggy_ws_beta.a/install/buggy_msgs/include/buggy_msgs/msg/detail/platoon_state__rosidl_typesupport_fastrtps_c.h
[1.740s] -- Up-to-date: /home/manuel/buggy_ws_beta.a/install/buggy_msgs/include/buggy_msgs/msg/detail/wheels_state_stamped__rosidl_typesupport_fastrtps_c.h
[1.741s] -- Up-to-date: /home/manuel/buggy_ws_beta.a/install/buggy_msgs/include/buggy_msgs/msg/detail/mapmatching__rosidl_typesupport_fastrtps_c.h
[1.741s] -- Up-to-date: /home/manuel/buggy_ws_beta.a/install/buggy_msgs/include/buggy_msgs/msg/detail/steering_cmd__rosidl_typesupport_fastrtps_c.h
[1.745s] -- Up-to-date: /home/manuel/buggy_ws_beta.a/install/buggy_msgs/include/buggy_msgs/msg/detail/vehicle_state_stamped__rosidl_typesupport_fastrtps_c.h
[1.745s] -- Up-to-date: /home/manuel/buggy_ws_beta.a/install/buggy_msgs/include/buggy_msgs/msg/detail/platoon_state_stamped__rosidl_typesupport_fastrtps_c.h
[1.746s] -- Up-to-date: /home/manuel/buggy_ws_beta.a/install/buggy_msgs/include/buggy_msgs/msg/detail/hi_linit_cmd__rosidl_typesupport_fastrtps_c.h
[1.746s] -- Up-to-date: /home/manuel/buggy_ws_beta.a/install/buggy_msgs/include/buggy_msgs/msg/detail/steering_cmd_stamped__rosidl_typesupport_fastrtps_c.h
[1.746s] -- Up-to-date: /home/manuel/buggy_ws_beta.a/install/buggy_msgs/include/buggy_msgs/msg/detail/rc_ctrl_state__rosidl_typesupport_fastrtps_c.h
[1.747s] -- Up-to-date: /home/manuel/buggy_ws_beta.a/install/buggy_msgs/include/buggy_msgs/msg/detail/imu_state__rosidl_typesupport_fastrtps_c.h
[1.747s] -- Up-to-date: /home/manuel/buggy_ws_beta.a/install/buggy_msgs/include/buggy_msgs/msg/detail/rc_ctrl_state_stamped__rosidl_typesupport_fastrtps_c.h
[1.748s] -- Up-to-date: /home/manuel/buggy_ws_beta.a/install/buggy_msgs/include/buggy_msgs/msg/detail/drive_state_stamped__rosidl_typesupport_fastrtps_c.h
[1.748s] -- Up-to-date: /home/manuel/buggy_ws_beta.a/install/buggy_msgs/include/buggy_msgs/msg/detail/fzg_vehicle_data__rosidl_typesupport_fastrtps_c.h
[1.748s] -- Up-to-date: /home/manuel/buggy_ws_beta.a/install/buggy_msgs/include/buggy_msgs/msg/detail/steering_wheel_state__rosidl_typesupport_fastrtps_c.h
[1.753s] -- Up-to-date: /home/manuel/buggy_ws_beta.a/install/buggy_msgs/include/buggy_msgs/msg/detail/mapmatching_stamped__rosidl_typesupport_fastrtps_c.h
[1.754s] -- Up-to-date: /home/manuel/buggy_ws_beta.a/install/buggy_msgs/include/buggy_msgs/msg/detail/gnss_state__rosidl_typesupport_fastrtps_c.h
[1.754s] -- Up-to-date: /home/manuel/buggy_ws_beta.a/install/buggy_msgs/include/buggy_msgs/msg/rosidl_typesupport_fastrtps_c__visibility_control.h
[1.754s] -- Up-to-date: /home/manuel/buggy_ws_beta.a/install/buggy_msgs/lib/libbuggy_msgs__rosidl_typesupport_fastrtps_c.so
[1.755s] -- Up-to-date: /home/manuel/buggy_ws_beta.a/install/buggy_msgs/include/buggy_msgs
[1.755s] -- Up-to-date: /home/manuel/buggy_ws_beta.a/install/buggy_msgs/include/buggy_msgs/msg
[1.755s] -- Up-to-date: /home/manuel/buggy_ws_beta.a/install/buggy_msgs/include/buggy_msgs/msg/detail
[1.759s] -- Up-to-date: /home/manuel/buggy_ws_beta.a/install/buggy_msgs/include/buggy_msgs/msg/detail/steering_cmd_stamped__rosidl_typesupport_fastrtps_cpp.hpp
[1.760s] -- Up-to-date: /home/manuel/buggy_ws_beta.a/install/buggy_msgs/include/buggy_msgs/msg/detail/dds_fastrtps
[1.760s] -- Up-to-date: /home/manuel/buggy_ws_beta.a/install/buggy_msgs/include/buggy_msgs/msg/detail/platoon_state__rosidl_typesupport_fastrtps_cpp.hpp
[1.761s] -- Up-to-date: /home/manuel/buggy_ws_beta.a/install/buggy_msgs/include/buggy_msgs/msg/detail/drive_state__rosidl_typesupport_fastrtps_cpp.hpp
[1.761s] -- Up-to-date: /home/manuel/buggy_ws_beta.a/install/buggy_msgs/include/buggy_msgs/msg/detail/current_cmd__rosidl_typesupport_fastrtps_cpp.hpp
[1.761s] -- Up-to-date: /home/manuel/buggy_ws_beta.a/install/buggy_msgs/include/buggy_msgs/msg/detail/steering_wheel_state_stamped__rosidl_typesupport_fastrtps_cpp.hpp
[1.761s] -- Up-to-date: /home/manuel/buggy_ws_beta.a/install/buggy_msgs/include/buggy_msgs/msg/detail/fzg_vehicle_data__rosidl_typesupport_fastrtps_cpp.hpp
[1.761s] -- Up-to-date: /home/manuel/buggy_ws_beta.a/install/buggy_msgs/include/buggy_msgs/msg/detail/bus_parameter__rosidl_typesupport_fastrtps_cpp.hpp
[1.762s] -- Up-to-date: /home/manuel/buggy_ws_beta.a/install/buggy_msgs/include/buggy_msgs/msg/detail/wheels_state_stamped__rosidl_typesupport_fastrtps_cpp.hpp
[1.765s] -- Up-to-date: /home/manuel/buggy_ws_beta.a/install/buggy_msgs/include/buggy_msgs/msg/detail/steering_cmd__rosidl_typesupport_fastrtps_cpp.hpp
[1.766s] -- Up-to-date: /home/manuel/buggy_ws_beta.a/install/buggy_msgs/include/buggy_msgs/msg/detail/wheels_state__rosidl_typesupport_fastrtps_cpp.hpp
[1.766s] -- Up-to-date: /home/manuel/buggy_ws_beta.a/install/buggy_msgs/include/buggy_msgs/msg/detail/gnss_state_stamped__rosidl_typesupport_fastrtps_cpp.hpp
[1.766s] -- Up-to-date: /home/manuel/buggy_ws_beta.a/install/buggy_msgs/include/buggy_msgs/msg/detail/steering_wheel_state__rosidl_typesupport_fastrtps_cpp.hpp
[1.767s] -- Up-to-date: /home/manuel/buggy_ws_beta.a/install/buggy_msgs/include/buggy_msgs/msg/detail/vehicle_state_stamped__rosidl_typesupport_fastrtps_cpp.hpp
[1.767s] -- Up-to-date: /home/manuel/buggy_ws_beta.a/install/buggy_msgs/include/buggy_msgs/msg/detail/vehicle_state__rosidl_typesupport_fastrtps_cpp.hpp
[1.767s] -- Up-to-date: /home/manuel/buggy_ws_beta.a/install/buggy_msgs/include/buggy_msgs/msg/detail/imu_state__rosidl_typesupport_fastrtps_cpp.hpp
[1.767s] -- Up-to-date: /home/manuel/buggy_ws_beta.a/install/buggy_msgs/include/buggy_msgs/msg/detail/mapmatching_stamped__rosidl_typesupport_fastrtps_cpp.hpp
[1.767s] -- Up-to-date: /home/manuel/buggy_ws_beta.a/install/buggy_msgs/include/buggy_msgs/msg/detail/hi_linit_cmd_stamped__rosidl_typesupport_fastrtps_cpp.hpp
[1.767s] -- Up-to-date: /home/manuel/buggy_ws_beta.a/install/buggy_msgs/include/buggy_msgs/msg/detail/imu_state_stamped__rosidl_typesupport_fastrtps_cpp.hpp
[1.767s] -- Up-to-date: /home/manuel/buggy_ws_beta.a/install/buggy_msgs/include/buggy_msgs/msg/detail/hi_linit_cmd__rosidl_typesupport_fastrtps_cpp.hpp
[1.767s] -- Up-to-date: /home/manuel/buggy_ws_beta.a/install/buggy_msgs/include/buggy_msgs/msg/detail/platoon_state_stamped__rosidl_typesupport_fastrtps_cpp.hpp
[1.767s] -- Up-to-date: /home/manuel/buggy_ws_beta.a/install/buggy_msgs/include/buggy_msgs/msg/detail/gnss_state__rosidl_typesupport_fastrtps_cpp.hpp
[1.768s] -- Up-to-date: /home/manuel/buggy_ws_beta.a/install/buggy_msgs/include/buggy_msgs/msg/detail/mapmatching__rosidl_typesupport_fastrtps_cpp.hpp
[1.768s] -- Up-to-date: /home/manuel/buggy_ws_beta.a/install/buggy_msgs/include/buggy_msgs/msg/detail/drive_state_stamped__rosidl_typesupport_fastrtps_cpp.hpp
[1.768s] -- Up-to-date: /home/manuel/buggy_ws_beta.a/install/buggy_msgs/include/buggy_msgs/msg/detail/rc_ctrl_state__rosidl_typesupport_fastrtps_cpp.hpp
[1.769s] -- Up-to-date: /home/manuel/buggy_ws_beta.a/install/buggy_msgs/include/buggy_msgs/msg/detail/rc_ctrl_state_stamped__rosidl_typesupport_fastrtps_cpp.hpp
[1.769s] -- Up-to-date: /home/manuel/buggy_ws_beta.a/install/buggy_msgs/include/buggy_msgs/msg/detail/fzg_vehicle_data_stamped__rosidl_typesupport_fastrtps_cpp.hpp
[1.769s] -- Up-to-date: /home/manuel/buggy_ws_beta.a/install/buggy_msgs/include/buggy_msgs/msg/detail/current_cmd_stamped__rosidl_typesupport_fastrtps_cpp.hpp
[1.770s] -- Up-to-date: /home/manuel/buggy_ws_beta.a/install/buggy_msgs/include/buggy_msgs/msg/detail/bus_parameter_stamped__rosidl_typesupport_fastrtps_cpp.hpp
[1.770s] -- Up-to-date: /home/manuel/buggy_ws_beta.a/install/buggy_msgs/include/buggy_msgs/msg/rosidl_typesupport_fastrtps_cpp__visibility_control.h
[1.770s] -- Up-to-date: /home/manuel/buggy_ws_beta.a/install/buggy_msgs/lib/libbuggy_msgs__rosidl_typesupport_fastrtps_cpp.so
[1.771s] -- Up-to-date: /home/manuel/buggy_ws_beta.a/install/buggy_msgs/include/buggy_msgs
[1.777s] -- Up-to-date: /home/manuel/buggy_ws_beta.a/install/buggy_msgs/include/buggy_msgs/msg
[1.777s] -- Up-to-date: /home/manuel/buggy_ws_beta.a/install/buggy_msgs/include/buggy_msgs/msg/detail
[1.777s] -- Up-to-date: /home/manuel/buggy_ws_beta.a/install/buggy_msgs/include/buggy_msgs/msg/detail/steering_wheel_state__rosidl_typesupport_introspection_c.h
[1.778s] -- Up-to-date: /home/manuel/buggy_ws_beta.a/install/buggy_msgs/include/buggy_msgs/msg/detail/gnss_state_stamped__type_support.c
[1.778s] -- Up-to-date: /home/manuel/buggy_ws_beta.a/install/buggy_msgs/include/buggy_msgs/msg/detail/mapmatching_stamped__type_support.c
[1.782s] -- Up-to-date: /home/manuel/buggy_ws_beta.a/install/buggy_msgs/include/buggy_msgs/msg/detail/mapmatching_stamped__rosidl_typesupport_introspection_c.h
[1.782s] -- Up-to-date: /home/manuel/buggy_ws_beta.a/install/buggy_msgs/include/buggy_msgs/msg/detail/steering_wheel_state_stamped__rosidl_typesupport_introspection_c.h
[1.782s] -- Up-to-date: /home/manuel/buggy_ws_beta.a/install/buggy_msgs/include/buggy_msgs/msg/detail/fzg_vehicle_data_stamped__type_support.c
[1.782s] -- Up-to-date: /home/manuel/buggy_ws_beta.a/install/buggy_msgs/include/buggy_msgs/msg/detail/fzg_vehicle_data_stamped__rosidl_typesupport_introspection_c.h
[1.783s] -- Up-to-date: /home/manuel/buggy_ws_beta.a/install/buggy_msgs/include/buggy_msgs/msg/detail/rc_ctrl_state__type_support.c
[1.783s] -- Up-to-date: /home/manuel/buggy_ws_beta.a/install/buggy_msgs/include/buggy_msgs/msg/detail/bus_parameter__type_support.c
[1.783s] -- Up-to-date: /home/manuel/buggy_ws_beta.a/install/buggy_msgs/include/buggy_msgs/msg/detail/drive_state__rosidl_typesupport_introspection_c.h
[1.783s] -- Up-to-date: /home/manuel/buggy_ws_beta.a/install/buggy_msgs/include/buggy_msgs/msg/detail/rc_ctrl_state_stamped__rosidl_typesupport_introspection_c.h
[1.783s] -- Up-to-date: /home/manuel/buggy_ws_beta.a/install/buggy_msgs/include/buggy_msgs/msg/detail/drive_state_stamped__type_support.c
[1.783s] -- Up-to-date: /home/manuel/buggy_ws_beta.a/install/buggy_msgs/include/buggy_msgs/msg/detail/current_cmd__rosidl_typesupport_introspection_c.h
[1.783s] -- Up-to-date: /home/manuel/buggy_ws_beta.a/install/buggy_msgs/include/buggy_msgs/msg/detail/gnss_state_stamped__rosidl_typesupport_introspection_c.h
[1.783s] -- Up-to-date: /home/manuel/buggy_ws_beta.a/install/buggy_msgs/include/buggy_msgs/msg/detail/drive_state_stamped__rosidl_typesupport_introspection_c.h
[1.783s] -- Up-to-date: /home/manuel/buggy_ws_beta.a/install/buggy_msgs/include/buggy_msgs/msg/detail/hi_linit_cmd__type_support.c
[1.784s] -- Up-to-date: /home/manuel/buggy_ws_beta.a/install/buggy_msgs/include/buggy_msgs/msg/detail/imu_state_stamped__rosidl_typesupport_introspection_c.h
[1.784s] -- Up-to-date: /home/manuel/buggy_ws_beta.a/install/buggy_msgs/include/buggy_msgs/msg/detail/vehicle_state_stamped__rosidl_typesupport_introspection_c.h
[1.784s] -- Up-to-date: /home/manuel/buggy_ws_beta.a/install/buggy_msgs/include/buggy_msgs/msg/detail/fzg_vehicle_data__rosidl_typesupport_introspection_c.h
[1.784s] -- Up-to-date: /home/manuel/buggy_ws_beta.a/install/buggy_msgs/include/buggy_msgs/msg/detail/fzg_vehicle_data__type_support.c
[1.784s] -- Up-to-date: /home/manuel/buggy_ws_beta.a/install/buggy_msgs/include/buggy_msgs/msg/detail/steering_cmd_stamped__rosidl_typesupport_introspection_c.h
[1.784s] -- Up-to-date: /home/manuel/buggy_ws_beta.a/install/buggy_msgs/include/buggy_msgs/msg/detail/current_cmd__type_support.c
[1.784s] -- Up-to-date: /home/manuel/buggy_ws_beta.a/install/buggy_msgs/include/buggy_msgs/msg/detail/steering_cmd_stamped__type_support.c
[1.784s] -- Up-to-date: /home/manuel/buggy_ws_beta.a/install/buggy_msgs/include/buggy_msgs/msg/detail/platoon_state_stamped__rosidl_typesupport_introspection_c.h
[1.784s] -- Up-to-date: /home/manuel/buggy_ws_beta.a/install/buggy_msgs/include/buggy_msgs/msg/detail/hi_linit_cmd__rosidl_typesupport_introspection_c.h
[1.785s] -- Up-to-date: /home/manuel/buggy_ws_beta.a/install/buggy_msgs/include/buggy_msgs/msg/detail/drive_state__type_support.c
[1.785s] -- Up-to-date: /home/manuel/buggy_ws_beta.a/install/buggy_msgs/include/buggy_msgs/msg/detail/gnss_state__type_support.c
[1.785s] -- Up-to-date: /home/manuel/buggy_ws_beta.a/install/buggy_msgs/include/buggy_msgs/msg/detail/wheels_state_stamped__rosidl_typesupport_introspection_c.h
[1.785s] -- Up-to-date: /home/manuel/buggy_ws_beta.a/install/buggy_msgs/include/buggy_msgs/msg/detail/hi_linit_cmd_stamped__rosidl_typesupport_introspection_c.h
[1.785s] -- Up-to-date: /home/manuel/buggy_ws_beta.a/install/buggy_msgs/include/buggy_msgs/msg/detail/steering_wheel_state_stamped__type_support.c
[1.785s] -- Up-to-date: /home/manuel/buggy_ws_beta.a/install/buggy_msgs/include/buggy_msgs/msg/detail/platoon_state__type_support.c
[1.785s] -- Up-to-date: /home/manuel/buggy_ws_beta.a/install/buggy_msgs/include/buggy_msgs/msg/detail/mapmatching__rosidl_typesupport_introspection_c.h
[1.785s] -- Up-to-date: /home/manuel/buggy_ws_beta.a/install/buggy_msgs/include/buggy_msgs/msg/detail/wheels_state__type_support.c
[1.785s] -- Up-to-date: /home/manuel/buggy_ws_beta.a/install/buggy_msgs/include/buggy_msgs/msg/detail/wheels_state__rosidl_typesupport_introspection_c.h
[1.786s] -- Up-to-date: /home/manuel/buggy_ws_beta.a/install/buggy_msgs/include/buggy_msgs/msg/detail/imu_state__type_support.c
[1.786s] -- Up-to-date: /home/manuel/buggy_ws_beta.a/install/buggy_msgs/include/buggy_msgs/msg/detail/rc_ctrl_state_stamped__type_support.c
[1.786s] -- Up-to-date: /home/manuel/buggy_ws_beta.a/install/buggy_msgs/include/buggy_msgs/msg/detail/vehicle_state__rosidl_typesupport_introspection_c.h
[1.786s] -- Up-to-date: /home/manuel/buggy_ws_beta.a/install/buggy_msgs/include/buggy_msgs/msg/detail/steering_cmd__type_support.c
[1.786s] -- Up-to-date: /home/manuel/buggy_ws_beta.a/install/buggy_msgs/include/buggy_msgs/msg/detail/steering_cmd__rosidl_typesupport_introspection_c.h
[1.786s] -- Up-to-date: /home/manuel/buggy_ws_beta.a/install/buggy_msgs/include/buggy_msgs/msg/detail/bus_parameter__rosidl_typesupport_introspection_c.h
[1.786s] -- Up-to-date: /home/manuel/buggy_ws_beta.a/install/buggy_msgs/include/buggy_msgs/msg/detail/imu_state_stamped__type_support.c
[1.786s] -- Up-to-date: /home/manuel/buggy_ws_beta.a/install/buggy_msgs/include/buggy_msgs/msg/detail/vehicle_state_stamped__type_support.c
[1.787s] -- Up-to-date: /home/manuel/buggy_ws_beta.a/install/buggy_msgs/include/buggy_msgs/msg/detail/imu_state__rosidl_typesupport_introspection_c.h
[1.787s] -- Up-to-date: /home/manuel/buggy_ws_beta.a/install/buggy_msgs/include/buggy_msgs/msg/detail/current_cmd_stamped__type_support.c
[1.787s] -- Up-to-date: /home/manuel/buggy_ws_beta.a/install/buggy_msgs/include/buggy_msgs/msg/detail/bus_parameter_stamped__rosidl_typesupport_introspection_c.h
[1.787s] -- Up-to-date: /home/manuel/buggy_ws_beta.a/install/buggy_msgs/include/buggy_msgs/msg/detail/rc_ctrl_state__rosidl_typesupport_introspection_c.h
[1.787s] -- Up-to-date: /home/manuel/buggy_ws_beta.a/install/buggy_msgs/include/buggy_msgs/msg/detail/current_cmd_stamped__rosidl_typesupport_introspection_c.h
[1.787s] -- Up-to-date: /home/manuel/buggy_ws_beta.a/install/buggy_msgs/include/buggy_msgs/msg/detail/mapmatching__type_support.c
[1.787s] -- Up-to-date: /home/manuel/buggy_ws_beta.a/install/buggy_msgs/include/buggy_msgs/msg/detail/vehicle_state__type_support.c
[1.787s] -- Up-to-date: /home/manuel/buggy_ws_beta.a/install/buggy_msgs/include/buggy_msgs/msg/detail/platoon_state__rosidl_typesupport_introspection_c.h
[1.787s] -- Up-to-date: /home/manuel/buggy_ws_beta.a/install/buggy_msgs/include/buggy_msgs/msg/detail/hi_linit_cmd_stamped__type_support.c
[1.787s] -- Up-to-date: /home/manuel/buggy_ws_beta.a/install/buggy_msgs/include/buggy_msgs/msg/detail/bus_parameter_stamped__type_support.c
[1.788s] -- Up-to-date: /home/manuel/buggy_ws_beta.a/install/buggy_msgs/include/buggy_msgs/msg/detail/steering_wheel_state__type_support.c
[1.788s] -- Up-to-date: /home/manuel/buggy_ws_beta.a/install/buggy_msgs/include/buggy_msgs/msg/detail/wheels_state_stamped__type_support.c
[1.788s] -- Up-to-date: /home/manuel/buggy_ws_beta.a/install/buggy_msgs/include/buggy_msgs/msg/detail/platoon_state_stamped__type_support.c
[1.788s] -- Up-to-date: /home/manuel/buggy_ws_beta.a/install/buggy_msgs/include/buggy_msgs/msg/detail/gnss_state__rosidl_typesupport_introspection_c.h
[1.788s] -- Up-to-date: /home/manuel/buggy_ws_beta.a/install/buggy_msgs/include/buggy_msgs/msg/rosidl_typesupport_introspection_c__visibility_control.h
[1.788s] -- Up-to-date: /home/manuel/buggy_ws_beta.a/install/buggy_msgs/lib/libbuggy_msgs__rosidl_typesupport_introspection_c.so
[1.788s] -- Up-to-date: /home/manuel/buggy_ws_beta.a/install/buggy_msgs/lib/libbuggy_msgs__rosidl_typesupport_c.so
[1.788s] -- Up-to-date: /home/manuel/buggy_ws_beta.a/install/buggy_msgs/include/buggy_msgs
[1.788s] -- Up-to-date: /home/manuel/buggy_ws_beta.a/install/buggy_msgs/include/buggy_msgs/msg
[1.789s] -- Up-to-date: /home/manuel/buggy_ws_beta.a/install/buggy_msgs/include/buggy_msgs/msg/imu_state_stamped.hpp
[1.789s] -- Up-to-date: /home/manuel/buggy_ws_beta.a/install/buggy_msgs/include/buggy_msgs/msg/detail
[1.789s] -- Up-to-date: /home/manuel/buggy_ws_beta.a/install/buggy_msgs/include/buggy_msgs/msg/detail/drive_state__struct.hpp
[1.789s] -- Up-to-date: /home/manuel/buggy_ws_beta.a/install/buggy_msgs/include/buggy_msgs/msg/detail/steering_wheel_state__traits.hpp
[1.789s] -- Up-to-date: /home/manuel/buggy_ws_beta.a/install/buggy_msgs/include/buggy_msgs/msg/detail/imu_state__traits.hpp
[1.789s] -- Up-to-date: /home/manuel/buggy_ws_beta.a/install/buggy_msgs/include/buggy_msgs/msg/detail/mapmatching__traits.hpp
[1.789s] -- Up-to-date: /home/manuel/buggy_ws_beta.a/install/buggy_msgs/include/buggy_msgs/msg/detail/drive_state_stamped__traits.hpp
[1.789s] -- Up-to-date: /home/manuel/buggy_ws_beta.a/install/buggy_msgs/include/buggy_msgs/msg/detail/mapmatching__builder.hpp
[1.789s] -- Up-to-date: /home/manuel/buggy_ws_beta.a/install/buggy_msgs/include/buggy_msgs/msg/detail/wheels_state__builder.hpp
[1.789s] -- Up-to-date: /home/manuel/buggy_ws_beta.a/install/buggy_msgs/include/buggy_msgs/msg/detail/current_cmd__traits.hpp
[1.789s] -- Up-to-date: /home/manuel/buggy_ws_beta.a/install/buggy_msgs/include/buggy_msgs/msg/detail/mapmatching__struct.hpp
[1.789s] -- Up-to-date: /home/manuel/buggy_ws_beta.a/install/buggy_msgs/include/buggy_msgs/msg/detail/wheels_state_stamped__builder.hpp
[1.790s] -- Up-to-date: /home/manuel/buggy_ws_beta.a/install/buggy_msgs/include/buggy_msgs/msg/detail/hi_linit_cmd__builder.hpp
[1.790s] -- Up-to-date: /home/manuel/buggy_ws_beta.a/install/buggy_msgs/include/buggy_msgs/msg/detail/fzg_vehicle_data_stamped__struct.hpp
[1.790s] -- Up-to-date: /home/manuel/buggy_ws_beta.a/install/buggy_msgs/include/buggy_msgs/msg/detail/current_cmd_stamped__traits.hpp
[1.790s] -- Up-to-date: /home/manuel/buggy_ws_beta.a/install/buggy_msgs/include/buggy_msgs/msg/detail/platoon_state_stamped__struct.hpp
[1.790s] -- Up-to-date: /home/manuel/buggy_ws_beta.a/install/buggy_msgs/include/buggy_msgs/msg/detail/hi_linit_cmd__struct.hpp
[1.790s] -- Up-to-date: /home/manuel/buggy_ws_beta.a/install/buggy_msgs/include/buggy_msgs/msg/detail/steering_wheel_state__struct.hpp
[1.790s] -- Up-to-date: /home/manuel/buggy_ws_beta.a/install/buggy_msgs/include/buggy_msgs/msg/detail/wheels_state__traits.hpp
[1.790s] -- Up-to-date: /home/manuel/buggy_ws_beta.a/install/buggy_msgs/include/buggy_msgs/msg/detail/drive_state_stamped__builder.hpp
[1.790s] -- Up-to-date: /home/manuel/buggy_ws_beta.a/install/buggy_msgs/include/buggy_msgs/msg/detail/fzg_vehicle_data__traits.hpp
[1.790s] -- Up-to-date: /home/manuel/buggy_ws_beta.a/install/buggy_msgs/include/buggy_msgs/msg/detail/fzg_vehicle_data__builder.hpp
[1.790s] -- Up-to-date: /home/manuel/buggy_ws_beta.a/install/buggy_msgs/include/buggy_msgs/msg/detail/fzg_vehicle_data_stamped__traits.hpp
[1.790s] -- Up-to-date: /home/manuel/buggy_ws_beta.a/install/buggy_msgs/include/buggy_msgs/msg/detail/imu_state_stamped__struct.hpp
[1.790s] -- Up-to-date: /home/manuel/buggy_ws_beta.a/install/buggy_msgs/include/buggy_msgs/msg/detail/wheels_state_stamped__struct.hpp
[1.790s] -- Up-to-date: /home/manuel/buggy_ws_beta.a/install/buggy_msgs/include/buggy_msgs/msg/detail/bus_parameter_stamped__traits.hpp
[1.790s] -- Up-to-date: /home/manuel/buggy_ws_beta.a/install/buggy_msgs/include/buggy_msgs/msg/detail/vehicle_state__traits.hpp
[1.791s] -- Up-to-date: /home/manuel/buggy_ws_beta.a/install/buggy_msgs/include/buggy_msgs/msg/detail/gnss_state_stamped__traits.hpp
[1.791s] -- Up-to-date: /home/manuel/buggy_ws_beta.a/install/buggy_msgs/include/buggy_msgs/msg/detail/platoon_state__builder.hpp
[1.791s] -- Up-to-date: /home/manuel/buggy_ws_beta.a/install/buggy_msgs/include/buggy_msgs/msg/detail/imu_state_stamped__traits.hpp
[1.791s] -- Up-to-date: /home/manuel/buggy_ws_beta.a/install/buggy_msgs/include/buggy_msgs/msg/detail/hi_linit_cmd__traits.hpp
[1.791s] -- Up-to-date: /home/manuel/buggy_ws_beta.a/install/buggy_msgs/include/buggy_msgs/msg/detail/wheels_state_stamped__traits.hpp
[1.791s] -- Up-to-date: /home/manuel/buggy_ws_beta.a/install/buggy_msgs/include/buggy_msgs/msg/detail/current_cmd__builder.hpp
[1.791s] -- Up-to-date: /home/manuel/buggy_ws_beta.a/install/buggy_msgs/include/buggy_msgs/msg/detail/bus_parameter_stamped__builder.hpp
[1.791s] -- Up-to-date: /home/manuel/buggy_ws_beta.a/install/buggy_msgs/include/buggy_msgs/msg/detail/gnss_state__struct.hpp
[1.791s] -- Up-to-date: /home/manuel/buggy_ws_beta.a/install/buggy_msgs/include/buggy_msgs/msg/detail/drive_state__traits.hpp
[1.791s] -- Up-to-date: /home/manuel/buggy_ws_beta.a/install/buggy_msgs/include/buggy_msgs/msg/detail/imu_state__builder.hpp
[1.791s] -- Up-to-date: /home/manuel/buggy_ws_beta.a/install/buggy_msgs/include/buggy_msgs/msg/detail/rc_ctrl_state_stamped__builder.hpp
[1.791s] -- Up-to-date: /home/manuel/buggy_ws_beta.a/install/buggy_msgs/include/buggy_msgs/msg/detail/fzg_vehicle_data_stamped__builder.hpp
[1.791s] -- Up-to-date: /home/manuel/buggy_ws_beta.a/install/buggy_msgs/include/buggy_msgs/msg/detail/platoon_state_stamped__builder.hpp
[1.791s] -- Up-to-date: /home/manuel/buggy_ws_beta.a/install/buggy_msgs/include/buggy_msgs/msg/detail/vehicle_state__builder.hpp
[1.791s] -- Up-to-date: /home/manuel/buggy_ws_beta.a/install/buggy_msgs/include/buggy_msgs/msg/detail/rc_ctrl_state__builder.hpp
[1.791s] -- Up-to-date: /home/manuel/buggy_ws_beta.a/install/buggy_msgs/include/buggy_msgs/msg/detail/platoon_state__traits.hpp
[1.792s] -- Up-to-date: /home/manuel/buggy_ws_beta.a/install/buggy_msgs/include/buggy_msgs/msg/detail/wheels_state__struct.hpp
[1.792s] -- Up-to-date: /home/manuel/buggy_ws_beta.a/install/buggy_msgs/include/buggy_msgs/msg/detail/mapmatching_stamped__traits.hpp
[1.792s] -- Up-to-date: /home/manuel/buggy_ws_beta.a/install/buggy_msgs/include/buggy_msgs/msg/detail/gnss_state__builder.hpp
[1.792s] -- Up-to-date: /home/manuel/buggy_ws_beta.a/install/buggy_msgs/include/buggy_msgs/msg/detail/imu_state_stamped__builder.hpp
[1.792s] -- Up-to-date: /home/manuel/buggy_ws_beta.a/install/buggy_msgs/include/buggy_msgs/msg/detail/current_cmd_stamped__struct.hpp
[1.792s] -- Up-to-date: /home/manuel/buggy_ws_beta.a/install/buggy_msgs/include/buggy_msgs/msg/detail/gnss_state__traits.hpp
[1.792s] -- Up-to-date: /home/manuel/buggy_ws_beta.a/install/buggy_msgs/include/buggy_msgs/msg/detail/steering_wheel_state_stamped__struct.hpp
[1.792s] -- Up-to-date: /home/manuel/buggy_ws_beta.a/install/buggy_msgs/include/buggy_msgs/msg/detail/steering_cmd_stamped__struct.hpp
[1.792s] -- Up-to-date: /home/manuel/buggy_ws_beta.a/install/buggy_msgs/include/buggy_msgs/msg/detail/vehicle_state_stamped__struct.hpp
[1.792s] -- Up-to-date: /home/manuel/buggy_ws_beta.a/install/buggy_msgs/include/buggy_msgs/msg/detail/gnss_state_stamped__struct.hpp
[1.792s] -- Up-to-date: /home/manuel/buggy_ws_beta.a/install/buggy_msgs/include/buggy_msgs/msg/detail/vehicle_state_stamped__traits.hpp
[1.792s] -- Up-to-date: /home/manuel/buggy_ws_beta.a/install/buggy_msgs/include/buggy_msgs/msg/detail/steering_wheel_state_stamped__builder.hpp
[1.792s] -- Up-to-date: /home/manuel/buggy_ws_beta.a/install/buggy_msgs/include/buggy_msgs/msg/detail/drive_state_stamped__struct.hpp
[1.792s] -- Up-to-date: /home/manuel/buggy_ws_beta.a/install/buggy_msgs/include/buggy_msgs/msg/detail/rc_ctrl_state_stamped__traits.hpp
[1.792s] -- Up-to-date: /home/manuel/buggy_ws_beta.a/install/buggy_msgs/include/buggy_msgs/msg/detail/vehicle_state__struct.hpp
[1.792s] -- Up-to-date: /home/manuel/buggy_ws_beta.a/install/buggy_msgs/include/buggy_msgs/msg/detail/imu_state__struct.hpp
[1.793s] -- Up-to-date: /home/manuel/buggy_ws_beta.a/install/buggy_msgs/include/buggy_msgs/msg/detail/steering_cmd__builder.hpp
[1.793s] -- Up-to-date: /home/manuel/buggy_ws_beta.a/install/buggy_msgs/include/buggy_msgs/msg/detail/steering_cmd__traits.hpp
[1.793s] -- Up-to-date: /home/manuel/buggy_ws_beta.a/install/buggy_msgs/include/buggy_msgs/msg/detail/hi_linit_cmd_stamped__traits.hpp
[1.793s] -- Up-to-date: /home/manuel/buggy_ws_beta.a/install/buggy_msgs/include/buggy_msgs/msg/detail/steering_wheel_state_stamped__traits.hpp
[1.793s] -- Up-to-date: /home/manuel/buggy_ws_beta.a/install/buggy_msgs/include/buggy_msgs/msg/detail/platoon_state__struct.hpp
[1.793s] -- Up-to-date: /home/manuel/buggy_ws_beta.a/install/buggy_msgs/include/buggy_msgs/msg/detail/fzg_vehicle_data__struct.hpp
[1.793s] -- Up-to-date: /home/manuel/buggy_ws_beta.a/install/buggy_msgs/include/buggy_msgs/msg/detail/hi_linit_cmd_stamped__struct.hpp
[1.793s] -- Up-to-date: /home/manuel/buggy_ws_beta.a/install/buggy_msgs/include/buggy_msgs/msg/detail/current_cmd_stamped__builder.hpp
[1.793s] -- Up-to-date: /home/manuel/buggy_ws_beta.a/install/buggy_msgs/include/buggy_msgs/msg/detail/vehicle_state_stamped__builder.hpp
[1.793s] -- Up-to-date: /home/manuel/buggy_ws_beta.a/install/buggy_msgs/include/buggy_msgs/msg/detail/platoon_state_stamped__traits.hpp
[1.793s] -- Up-to-date: /home/manuel/buggy_ws_beta.a/install/buggy_msgs/include/buggy_msgs/msg/detail/rc_ctrl_state__struct.hpp
[1.793s] -- Up-to-date: /home/manuel/buggy_ws_beta.a/install/buggy_msgs/include/buggy_msgs/msg/detail/drive_state__builder.hpp
[1.793s] -- Up-to-date: /home/manuel/buggy_ws_beta.a/install/buggy_msgs/include/buggy_msgs/msg/detail/bus_parameter_stamped__struct.hpp
[1.793s] -- Up-to-date: /home/manuel/buggy_ws_beta.a/install/buggy_msgs/include/buggy_msgs/msg/detail/steering_wheel_state__builder.hpp
[1.793s] -- Up-to-date: /home/manuel/buggy_ws_beta.a/install/buggy_msgs/include/buggy_msgs/msg/detail/hi_linit_cmd_stamped__builder.hpp
[1.794s] -- Up-to-date: /home/manuel/buggy_ws_beta.a/install/buggy_msgs/include/buggy_msgs/msg/detail/current_cmd__struct.hpp
[1.794s] -- Up-to-date: /home/manuel/buggy_ws_beta.a/install/buggy_msgs/include/buggy_msgs/msg/detail/steering_cmd_stamped__builder.hpp
[1.794s] -- Up-to-date: /home/manuel/buggy_ws_beta.a/install/buggy_msgs/include/buggy_msgs/msg/detail/steering_cmd_stamped__traits.hpp
[1.794s] -- Up-to-date: /home/manuel/buggy_ws_beta.a/install/buggy_msgs/include/buggy_msgs/msg/detail/mapmatching_stamped__struct.hpp
[1.794s] -- Up-to-date: /home/manuel/buggy_ws_beta.a/install/buggy_msgs/include/buggy_msgs/msg/detail/bus_parameter__builder.hpp
[1.794s] -- Up-to-date: /home/manuel/buggy_ws_beta.a/install/buggy_msgs/include/buggy_msgs/msg/detail/steering_cmd__struct.hpp
[1.794s] -- Up-to-date: /home/manuel/buggy_ws_beta.a/install/buggy_msgs/include/buggy_msgs/msg/detail/mapmatching_stamped__builder.hpp
[1.794s] -- Up-to-date: /home/manuel/buggy_ws_beta.a/install/buggy_msgs/include/buggy_msgs/msg/detail/bus_parameter__traits.hpp
[1.794s] -- Up-to-date: /home/manuel/buggy_ws_beta.a/install/buggy_msgs/include/buggy_msgs/msg/detail/rc_ctrl_state__traits.hpp
[1.794s] -- Up-to-date: /home/manuel/buggy_ws_beta.a/install/buggy_msgs/include/buggy_msgs/msg/detail/rc_ctrl_state_stamped__struct.hpp
[1.794s] -- Up-to-date: /home/manuel/buggy_ws_beta.a/install/buggy_msgs/include/buggy_msgs/msg/detail/gnss_state_stamped__builder.hpp
[1.794s] -- Up-to-date: /home/manuel/buggy_ws_beta.a/install/buggy_msgs/include/buggy_msgs/msg/detail/bus_parameter__struct.hpp
[1.794s] -- Up-to-date: /home/manuel/buggy_ws_beta.a/install/buggy_msgs/include/buggy_msgs/msg/hi_linit_cmd_stamped.hpp
[1.794s] -- Up-to-date: /home/manuel/buggy_ws_beta.a/install/buggy_msgs/include/buggy_msgs/msg/fzg_vehicle_data.hpp
[1.794s] -- Up-to-date: /home/manuel/buggy_ws_beta.a/install/buggy_msgs/include/buggy_msgs/msg/current_cmd_stamped.hpp
[1.795s] -- Up-to-date: /home/manuel/buggy_ws_beta.a/install/buggy_msgs/include/buggy_msgs/msg/steering_wheel_state_stamped.hpp
[1.795s] -- Up-to-date: /home/manuel/buggy_ws_beta.a/install/buggy_msgs/include/buggy_msgs/msg/gnss_state.hpp
[1.795s] -- Up-to-date: /home/manuel/buggy_ws_beta.a/install/buggy_msgs/include/buggy_msgs/msg/vehicle_state_stamped.hpp
[1.795s] -- Up-to-date: /home/manuel/buggy_ws_beta.a/install/buggy_msgs/include/buggy_msgs/msg/imu_state.hpp
[1.795s] -- Up-to-date: /home/manuel/buggy_ws_beta.a/install/buggy_msgs/include/buggy_msgs/msg/rc_ctrl_state_stamped.hpp
[1.795s] -- Up-to-date: /home/manuel/buggy_ws_beta.a/install/buggy_msgs/include/buggy_msgs/msg/vehicle_state.hpp
[1.795s] -- Up-to-date: /home/manuel/buggy_ws_beta.a/install/buggy_msgs/include/buggy_msgs/msg/fzg_vehicle_data_stamped.hpp
[1.795s] -- Up-to-date: /home/manuel/buggy_ws_beta.a/install/buggy_msgs/include/buggy_msgs/msg/current_cmd.hpp
[1.795s] -- Up-to-date: /home/manuel/buggy_ws_beta.a/install/buggy_msgs/include/buggy_msgs/msg/wheels_state_stamped.hpp
[1.795s] -- Up-to-date: /home/manuel/buggy_ws_beta.a/install/buggy_msgs/include/buggy_msgs/msg/platoon_state.hpp
[1.795s] -- Up-to-date: /home/manuel/buggy_ws_beta.a/install/buggy_msgs/include/buggy_msgs/msg/wheels_state.hpp
[1.795s] -- Up-to-date: /home/manuel/buggy_ws_beta.a/install/buggy_msgs/include/buggy_msgs/msg/drive_state.hpp
[1.795s] -- Up-to-date: /home/manuel/buggy_ws_beta.a/install/buggy_msgs/include/buggy_msgs/msg/mapmatching_stamped.hpp
[1.796s] -- Up-to-date: /home/manuel/buggy_ws_beta.a/install/buggy_msgs/include/buggy_msgs/msg/bus_parameter_stamped.hpp
[1.796s] -- Up-to-date: /home/manuel/buggy_ws_beta.a/install/buggy_msgs/include/buggy_msgs/msg/platoon_state_stamped.hpp
[1.796s] -- Up-to-date: /home/manuel/buggy_ws_beta.a/install/buggy_msgs/include/buggy_msgs/msg/bus_parameter.hpp
[1.796s] -- Up-to-date: /home/manuel/buggy_ws_beta.a/install/buggy_msgs/include/buggy_msgs/msg/steering_wheel_state.hpp
[1.796s] -- Up-to-date: /home/manuel/buggy_ws_beta.a/install/buggy_msgs/include/buggy_msgs/msg/drive_state_stamped.hpp
[1.796s] -- Up-to-date: /home/manuel/buggy_ws_beta.a/install/buggy_msgs/include/buggy_msgs/msg/steering_cmd_stamped.hpp
[1.796s] -- Up-to-date: /home/manuel/buggy_ws_beta.a/install/buggy_msgs/include/buggy_msgs/msg/gnss_state_stamped.hpp
[1.796s] -- Up-to-date: /home/manuel/buggy_ws_beta.a/install/buggy_msgs/include/buggy_msgs/msg/rc_ctrl_state.hpp
[1.796s] -- Up-to-date: /home/manuel/buggy_ws_beta.a/install/buggy_msgs/include/buggy_msgs/msg/hi_linit_cmd.hpp
[1.796s] -- Up-to-date: /home/manuel/buggy_ws_beta.a/install/buggy_msgs/include/buggy_msgs/msg/mapmatching.hpp
[1.796s] -- Up-to-date: /home/manuel/buggy_ws_beta.a/install/buggy_msgs/include/buggy_msgs/msg/steering_cmd.hpp
[1.797s] -- Up-to-date: /home/manuel/buggy_ws_beta.a/install/buggy_msgs/include/buggy_msgs
[1.797s] -- Up-to-date: /home/manuel/buggy_ws_beta.a/install/buggy_msgs/include/buggy_msgs/msg
[1.797s] -- Up-to-date: /home/manuel/buggy_ws_beta.a/install/buggy_msgs/include/buggy_msgs/msg/detail
[1.797s] -- Up-to-date: /home/manuel/buggy_ws_beta.a/install/buggy_msgs/include/buggy_msgs/msg/detail/wheels_state__type_support.cpp
[1.797s] -- Up-to-date: /home/manuel/buggy_ws_beta.a/install/buggy_msgs/include/buggy_msgs/msg/detail/fzg_vehicle_data__rosidl_typesupport_introspection_cpp.hpp
[1.797s] -- Up-to-date: /home/manuel/buggy_ws_beta.a/install/buggy_msgs/include/buggy_msgs/msg/detail/current_cmd_stamped__rosidl_typesupport_introspection_cpp.hpp
[1.797s] -- Up-to-date: /home/manuel/buggy_ws_beta.a/install/buggy_msgs/include/buggy_msgs/msg/detail/hi_linit_cmd__type_support.cpp
[1.797s] -- Up-to-date: /home/manuel/buggy_ws_beta.a/install/buggy_msgs/include/buggy_msgs/msg/detail/bus_parameter__rosidl_typesupport_introspection_cpp.hpp
[1.797s] -- Up-to-date: /home/manuel/buggy_ws_beta.a/install/buggy_msgs/include/buggy_msgs/msg/detail/steering_wheel_state__rosidl_typesupport_introspection_cpp.hpp
[1.798s] -- Up-to-date: /home/manuel/buggy_ws_beta.a/install/buggy_msgs/include/buggy_msgs/msg/detail/gnss_state__rosidl_typesupport_introspection_cpp.hpp
[1.798s] -- Up-to-date: /home/manuel/buggy_ws_beta.a/install/buggy_msgs/include/buggy_msgs/msg/detail/steering_wheel_state_stamped__type_support.cpp
[1.799s] -- Up-to-date: /home/manuel/buggy_ws_beta.a/install/buggy_msgs/include/buggy_msgs/msg/detail/rc_ctrl_state__type_support.cpp
[1.799s] -- Up-to-date: /home/manuel/buggy_ws_beta.a/install/buggy_msgs/include/buggy_msgs/msg/detail/fzg_vehicle_data__type_support.cpp
[1.799s] -- Up-to-date: /home/manuel/buggy_ws_beta.a/install/buggy_msgs/include/buggy_msgs/msg/detail/steering_cmd__rosidl_typesupport_introspection_cpp.hpp
[1.800s] -- Up-to-date: /home/manuel/buggy_ws_beta.a/install/buggy_msgs/include/buggy_msgs/msg/detail/mapmatching__type_support.cpp
[1.800s] -- Up-to-date: /home/manuel/buggy_ws_beta.a/install/buggy_msgs/include/buggy_msgs/msg/detail/steering_cmd__type_support.cpp
[1.800s] -- Up-to-date: /home/manuel/buggy_ws_beta.a/install/buggy_msgs/include/buggy_msgs/msg/detail/steering_cmd_stamped__type_support.cpp
[1.800s] -- Up-to-date: /home/manuel/buggy_ws_beta.a/install/buggy_msgs/include/buggy_msgs/msg/detail/bus_parameter__type_support.cpp
[1.800s] -- Up-to-date: /home/manuel/buggy_ws_beta.a/install/buggy_msgs/include/buggy_msgs/msg/detail/vehicle_state_stamped__rosidl_typesupport_introspection_cpp.hpp
[1.800s] -- Up-to-date: /home/manuel/buggy_ws_beta.a/install/buggy_msgs/include/buggy_msgs/msg/detail/mapmatching_stamped__type_support.cpp
[1.800s] -- Up-to-date: /home/manuel/buggy_ws_beta.a/install/buggy_msgs/include/buggy_msgs/msg/detail/vehicle_state__rosidl_typesupport_introspection_cpp.hpp
[1.800s] -- Up-to-date: /home/manuel/buggy_ws_beta.a/install/buggy_msgs/include/buggy_msgs/msg/detail/steering_wheel_state__type_support.cpp
[1.800s] -- Up-to-date: /home/manuel/buggy_ws_beta.a/install/buggy_msgs/include/buggy_msgs/msg/detail/fzg_vehicle_data_stamped__rosidl_typesupport_introspection_cpp.hpp
[1.801s] -- Up-to-date: /home/manuel/buggy_ws_beta.a/install/buggy_msgs/include/buggy_msgs/msg/detail/platoon_state__rosidl_typesupport_introspection_cpp.hpp
[1.801s] -- Up-to-date: /home/manuel/buggy_ws_beta.a/install/buggy_msgs/include/buggy_msgs/msg/detail/vehicle_state_stamped__type_support.cpp
[1.801s] -- Up-to-date: /home/manuel/buggy_ws_beta.a/install/buggy_msgs/include/buggy_msgs/msg/detail/gnss_state_stamped__type_support.cpp
[1.801s] -- Up-to-date: /home/manuel/buggy_ws_beta.a/install/buggy_msgs/include/buggy_msgs/msg/detail/rc_ctrl_state_stamped__type_support.cpp
[1.801s] -- Up-to-date: /home/manuel/buggy_ws_beta.a/install/buggy_msgs/include/buggy_msgs/msg/detail/platoon_state__type_support.cpp
[1.801s] -- Up-to-date: /home/manuel/buggy_ws_beta.a/install/buggy_msgs/include/buggy_msgs/msg/detail/hi_linit_cmd_stamped__rosidl_typesupport_introspection_cpp.hpp
[1.803s] -- Up-to-date: /home/manuel/buggy_ws_beta.a/install/buggy_msgs/include/buggy_msgs/msg/detail/drive_state__type_support.cpp
[1.803s] -- Up-to-date: /home/manuel/buggy_ws_beta.a/install/buggy_msgs/include/buggy_msgs/msg/detail/bus_parameter_stamped__type_support.cpp
[1.803s] -- Up-to-date: /home/manuel/buggy_ws_beta.a/install/buggy_msgs/include/buggy_msgs/msg/detail/current_cmd__rosidl_typesupport_introspection_cpp.hpp
[1.803s] -- Up-to-date: /home/manuel/buggy_ws_beta.a/install/buggy_msgs/include/buggy_msgs/msg/detail/hi_linit_cmd__rosidl_typesupport_introspection_cpp.hpp
[1.803s] -- Up-to-date: /home/manuel/buggy_ws_beta.a/install/buggy_msgs/include/buggy_msgs/msg/detail/gnss_state_stamped__rosidl_typesupport_introspection_cpp.hpp
[1.803s] -- Up-to-date: /home/manuel/buggy_ws_beta.a/install/buggy_msgs/include/buggy_msgs/msg/detail/imu_state_stamped__rosidl_typesupport_introspection_cpp.hpp
[1.803s] -- Up-to-date: /home/manuel/buggy_ws_beta.a/install/buggy_msgs/include/buggy_msgs/msg/detail/wheels_state_stamped__type_support.cpp
[1.803s] -- Up-to-date: /home/manuel/buggy_ws_beta.a/install/buggy_msgs/include/buggy_msgs/msg/detail/fzg_vehicle_data_stamped__type_support.cpp
[1.803s] -- Up-to-date: /home/manuel/buggy_ws_beta.a/install/buggy_msgs/include/buggy_msgs/msg/detail/mapmatching_stamped__rosidl_typesupport_introspection_cpp.hpp
[1.803s] -- Up-to-date: /home/manuel/buggy_ws_beta.a/install/buggy_msgs/include/buggy_msgs/msg/detail/current_cmd_stamped__type_support.cpp
[1.803s] -- Up-to-date: /home/manuel/buggy_ws_beta.a/install/buggy_msgs/include/buggy_msgs/msg/detail/mapmatching__rosidl_typesupport_introspection_cpp.hpp
[1.803s] -- Up-to-date: /home/manuel/buggy_ws_beta.a/install/buggy_msgs/include/buggy_msgs/msg/detail/platoon_state_stamped__rosidl_typesupport_introspection_cpp.hpp
[1.803s] -- Up-to-date: /home/manuel/buggy_ws_beta.a/install/buggy_msgs/include/buggy_msgs/msg/detail/current_cmd__type_support.cpp
[1.803s] -- Up-to-date: /home/manuel/buggy_ws_beta.a/install/buggy_msgs/include/buggy_msgs/msg/detail/imu_state_stamped__type_support.cpp
[1.804s] -- Up-to-date: /home/manuel/buggy_ws_beta.a/install/buggy_msgs/include/buggy_msgs/msg/detail/wheels_state_stamped__rosidl_typesupport_introspection_cpp.hpp
[1.804s] -- Up-to-date: /home/manuel/buggy_ws_beta.a/install/buggy_msgs/include/buggy_msgs/msg/detail/platoon_state_stamped__type_support.cpp
[1.804s] -- Up-to-date: /home/manuel/buggy_ws_beta.a/install/buggy_msgs/include/buggy_msgs/msg/detail/hi_linit_cmd_stamped__type_support.cpp
[1.804s] -- Up-to-date: /home/manuel/buggy_ws_beta.a/install/buggy_msgs/include/buggy_msgs/msg/detail/rc_ctrl_state__rosidl_typesupport_introspection_cpp.hpp
[1.804s] -- Up-to-date: /home/manuel/buggy_ws_beta.a/install/buggy_msgs/include/buggy_msgs/msg/detail/drive_state__rosidl_typesupport_introspection_cpp.hpp
[1.804s] -- Up-to-date: /home/manuel/buggy_ws_beta.a/install/buggy_msgs/include/buggy_msgs/msg/detail/bus_parameter_stamped__rosidl_typesupport_introspection_cpp.hpp
[1.804s] -- Up-to-date: /home/manuel/buggy_ws_beta.a/install/buggy_msgs/include/buggy_msgs/msg/detail/imu_state__rosidl_typesupport_introspection_cpp.hpp
[1.804s] -- Up-to-date: /home/manuel/buggy_ws_beta.a/install/buggy_msgs/include/buggy_msgs/msg/detail/vehicle_state__type_support.cpp
[1.804s] -- Up-to-date: /home/manuel/buggy_ws_beta.a/install/buggy_msgs/include/buggy_msgs/msg/detail/steering_cmd_stamped__rosidl_typesupport_introspection_cpp.hpp
[1.804s] -- Up-to-date: /home/manuel/buggy_ws_beta.a/install/buggy_msgs/include/buggy_msgs/msg/detail/drive_state_stamped__rosidl_typesupport_introspection_cpp.hpp
[1.804s] -- Up-to-date: /home/manuel/buggy_ws_beta.a/install/buggy_msgs/include/buggy_msgs/msg/detail/wheels_state__rosidl_typesupport_introspection_cpp.hpp
[1.804s] -- Up-to-date: /home/manuel/buggy_ws_beta.a/install/buggy_msgs/include/buggy_msgs/msg/detail/steering_wheel_state_stamped__rosidl_typesupport_introspection_cpp.hpp
[1.804s] -- Up-to-date: /home/manuel/buggy_ws_beta.a/install/buggy_msgs/include/buggy_msgs/msg/detail/rc_ctrl_state_stamped__rosidl_typesupport_introspection_cpp.hpp
[1.805s] -- Up-to-date: /home/manuel/buggy_ws_beta.a/install/buggy_msgs/include/buggy_msgs/msg/detail/imu_state__type_support.cpp
[1.805s] -- Up-to-date: /home/manuel/buggy_ws_beta.a/install/buggy_msgs/include/buggy_msgs/msg/detail/drive_state_stamped__type_support.cpp
[1.805s] -- Up-to-date: /home/manuel/buggy_ws_beta.a/install/buggy_msgs/include/buggy_msgs/msg/detail/gnss_state__type_support.cpp
[1.805s] -- Up-to-date: /home/manuel/buggy_ws_beta.a/install/buggy_msgs/lib/libbuggy_msgs__rosidl_typesupport_introspection_cpp.so
[1.805s] -- Up-to-date: /home/manuel/buggy_ws_beta.a/install/buggy_msgs/lib/libbuggy_msgs__rosidl_typesupport_cpp.so
[1.805s] -- Up-to-date: /home/manuel/buggy_ws_beta.a/install/buggy_msgs/share/buggy_msgs/environment/pythonpath.sh
[1.806s] -- Up-to-date: /home/manuel/buggy_ws_beta.a/install/buggy_msgs/share/buggy_msgs/environment/pythonpath.dsv
[1.806s] -- Up-to-date: /home/manuel/buggy_ws_beta.a/install/buggy_msgs/lib/python3.8/site-packages/buggy_msgs/__init__.py
[1.808s] -- Up-to-date: /home/manuel/buggy_ws_beta.a/install/buggy_msgs/lib/python3.8/site-packages/buggy_msgs/msg
[1.808s] -- Up-to-date: /home/manuel/buggy_ws_beta.a/install/buggy_msgs/lib/python3.8/site-packages/buggy_msgs/msg/_drive_state_stamped_s.c
[1.808s] -- Up-to-date: /home/manuel/buggy_ws_beta.a/install/buggy_msgs/lib/python3.8/site-packages/buggy_msgs/msg/_steering_cmd_stamped_s.c
[1.808s] -- Up-to-date: /home/manuel/buggy_ws_beta.a/install/buggy_msgs/lib/python3.8/site-packages/buggy_msgs/msg/_wheels_state.py
[1.808s] -- Up-to-date: /home/manuel/buggy_ws_beta.a/install/buggy_msgs/lib/python3.8/site-packages/buggy_msgs/msg/_imu_state_s.c
[1.808s] -- Up-to-date: /home/manuel/buggy_ws_beta.a/install/buggy_msgs/lib/python3.8/site-packages/buggy_msgs/msg/_bus_parameter_stamped.py
[1.808s] -- Up-to-date: /home/manuel/buggy_ws_beta.a/install/buggy_msgs/lib/python3.8/site-packages/buggy_msgs/msg/_mapmatching_stamped_s.c
[1.809s] -- Up-to-date: /home/manuel/buggy_ws_beta.a/install/buggy_msgs/lib/python3.8/site-packages/buggy_msgs/msg/_vehicle_state_stamped.py
[1.810s] -- Up-to-date: /home/manuel/buggy_ws_beta.a/install/buggy_msgs/lib/python3.8/site-packages/buggy_msgs/msg/_rc_ctrl_state_stamped.py
[1.810s] -- Up-to-date: /home/manuel/buggy_ws_beta.a/install/buggy_msgs/lib/python3.8/site-packages/buggy_msgs/msg/_fzg_vehicle_data_stamped_s.c
[1.810s] -- Up-to-date: /home/manuel/buggy_ws_beta.a/install/buggy_msgs/lib/python3.8/site-packages/buggy_msgs/msg/_hi_linit_cmd_stamped_s.c
[1.810s] -- Up-to-date: /home/manuel/buggy_ws_beta.a/install/buggy_msgs/lib/python3.8/site-packages/buggy_msgs/msg/_current_cmd_s.c
[1.810s] -- Up-to-date: /home/manuel/buggy_ws_beta.a/install/buggy_msgs/lib/python3.8/site-packages/buggy_msgs/msg/_wheels_state_stamped_s.c
[1.810s] -- Up-to-date: /home/manuel/buggy_ws_beta.a/install/buggy_msgs/lib/python3.8/site-packages/buggy_msgs/msg/_gnss_state_stamped.py
[1.810s] -- Up-to-date: /home/manuel/buggy_ws_beta.a/install/buggy_msgs/lib/python3.8/site-packages/buggy_msgs/msg/_vehicle_state_stamped_s.c
[1.811s] -- Up-to-date: /home/manuel/buggy_ws_beta.a/install/buggy_msgs/lib/python3.8/site-packages/buggy_msgs/msg/_mapmatching_stamped.py
[1.811s] -- Up-to-date: /home/manuel/buggy_ws_beta.a/install/buggy_msgs/lib/python3.8/site-packages/buggy_msgs/msg/_hi_linit_cmd_stamped.py
[1.811s] -- Up-to-date: /home/manuel/buggy_ws_beta.a/install/buggy_msgs/lib/python3.8/site-packages/buggy_msgs/msg/_fzg_vehicle_data.py
[1.811s] -- Up-to-date: /home/manuel/buggy_ws_beta.a/install/buggy_msgs/lib/python3.8/site-packages/buggy_msgs/msg/_steering_wheel_state_stamped.py
[1.811s] -- Up-to-date: /home/manuel/buggy_ws_beta.a/install/buggy_msgs/lib/python3.8/site-packages/buggy_msgs/msg/_current_cmd_stamped_s.c
[1.811s] -- Up-to-date: /home/manuel/buggy_ws_beta.a/install/buggy_msgs/lib/python3.8/site-packages/buggy_msgs/msg/_drive_state_stamped.py
[1.813s] -- Up-to-date: /home/manuel/buggy_ws_beta.a/install/buggy_msgs/lib/python3.8/site-packages/buggy_msgs/msg/_current_cmd_stamped.py
[1.813s] -- Up-to-date: /home/manuel/buggy_ws_beta.a/install/buggy_msgs/lib/python3.8/site-packages/buggy_msgs/msg/_vehicle_state.py
[1.813s] -- Up-to-date: /home/manuel/buggy_ws_beta.a/install/buggy_msgs/lib/python3.8/site-packages/buggy_msgs/msg/_mapmatching_s.c
[1.814s] -- Up-to-date: /home/manuel/buggy_ws_beta.a/install/buggy_msgs/lib/python3.8/site-packages/buggy_msgs/msg/_steering_cmd_s.c
[1.815s] -- Up-to-date: /home/manuel/buggy_ws_beta.a/install/buggy_msgs/lib/python3.8/site-packages/buggy_msgs/msg/_steering_cmd.py
[1.815s] -- Up-to-date: /home/manuel/buggy_ws_beta.a/install/buggy_msgs/lib/python3.8/site-packages/buggy_msgs/msg/_platoon_state.py
[1.815s] -- Up-to-date: /home/manuel/buggy_ws_beta.a/install/buggy_msgs/lib/python3.8/site-packages/buggy_msgs/msg/_platoon_state_stamped_s.c
[1.817s] -- Up-to-date: /home/manuel/buggy_ws_beta.a/install/buggy_msgs/lib/python3.8/site-packages/buggy_msgs/msg/_rc_ctrl_state.py
[1.817s] -- Up-to-date: /home/manuel/buggy_ws_beta.a/install/buggy_msgs/lib/python3.8/site-packages/buggy_msgs/msg/_rc_ctrl_state_stamped_s.c
[1.817s] -- Up-to-date: /home/manuel/buggy_ws_beta.a/install/buggy_msgs/lib/python3.8/site-packages/buggy_msgs/msg/_current_cmd.py
[1.817s] -- Up-to-date: /home/manuel/buggy_ws_beta.a/install/buggy_msgs/lib/python3.8/site-packages/buggy_msgs/msg/_fzg_vehicle_data_s.c
[1.817s] -- Up-to-date: /home/manuel/buggy_ws_beta.a/install/buggy_msgs/lib/python3.8/site-packages/buggy_msgs/msg/_bus_parameter_stamped_s.c
[1.817s] -- Up-to-date: /home/manuel/buggy_ws_beta.a/install/buggy_msgs/lib/python3.8/site-packages/buggy_msgs/msg/_wheels_state_stamped.py
[1.817s] -- Up-to-date: /home/manuel/buggy_ws_beta.a/install/buggy_msgs/lib/python3.8/site-packages/buggy_msgs/msg/_imu_state.py
[1.817s] -- Up-to-date: /home/manuel/buggy_ws_beta.a/install/buggy_msgs/lib/python3.8/site-packages/buggy_msgs/msg/_hi_linit_cmd.py
[1.817s] -- Up-to-date: /home/manuel/buggy_ws_beta.a/install/buggy_msgs/lib/python3.8/site-packages/buggy_msgs/msg/_steering_wheel_state.py
[1.818s] -- Up-to-date: /home/manuel/buggy_ws_beta.a/install/buggy_msgs/lib/python3.8/site-packages/buggy_msgs/msg/_imu_state_stamped.py
[1.818s] -- Up-to-date: /home/manuel/buggy_ws_beta.a/install/buggy_msgs/lib/python3.8/site-packages/buggy_msgs/msg/_wheels_state_s.c
[1.819s] -- Up-to-date: /home/manuel/buggy_ws_beta.a/install/buggy_msgs/lib/python3.8/site-packages/buggy_msgs/msg/_platoon_state_stamped.py
[1.819s] -- Up-to-date: /home/manuel/buggy_ws_beta.a/install/buggy_msgs/lib/python3.8/site-packages/buggy_msgs/msg/_drive_state.py
[1.819s] -- Up-to-date: /home/manuel/buggy_ws_beta.a/install/buggy_msgs/lib/python3.8/site-packages/buggy_msgs/msg/_drive_state_s.c
[1.819s] -- Up-to-date: /home/manuel/buggy_ws_beta.a/install/buggy_msgs/lib/python3.8/site-packages/buggy_msgs/msg/_gnss_state_stamped_s.c
[1.820s] -- Up-to-date: /home/manuel/buggy_ws_beta.a/install/buggy_msgs/lib/python3.8/site-packages/buggy_msgs/msg/_steering_wheel_state_stamped_s.c
[1.822s] -- Up-to-date: /home/manuel/buggy_ws_beta.a/install/buggy_msgs/lib/python3.8/site-packages/buggy_msgs/msg/_gnss_state_s.c
[1.822s] -- Up-to-date: /home/manuel/buggy_ws_beta.a/install/buggy_msgs/lib/python3.8/site-packages/buggy_msgs/msg/_steering_wheel_state_s.c
[1.823s] -- Up-to-date: /home/manuel/buggy_ws_beta.a/install/buggy_msgs/lib/python3.8/site-packages/buggy_msgs/msg/_platoon_state_s.c
[1.823s] -- Up-to-date: /home/manuel/buggy_ws_beta.a/install/buggy_msgs/lib/python3.8/site-packages/buggy_msgs/msg/_rc_ctrl_state_s.c
[1.823s] -- Up-to-date: /home/manuel/buggy_ws_beta.a/install/buggy_msgs/lib/python3.8/site-packages/buggy_msgs/msg/_imu_state_stamped_s.c
[1.823s] -- Up-to-date: /home/manuel/buggy_ws_beta.a/install/buggy_msgs/lib/python3.8/site-packages/buggy_msgs/msg/_vehicle_state_s.c
[1.825s] -- Up-to-date: /home/manuel/buggy_ws_beta.a/install/buggy_msgs/lib/python3.8/site-packages/buggy_msgs/msg/_gnss_state.py
[1.827s] -- Up-to-date: /home/manuel/buggy_ws_beta.a/install/buggy_msgs/lib/python3.8/site-packages/buggy_msgs/msg/__init__.py
[1.827s] -- Up-to-date: /home/manuel/buggy_ws_beta.a/install/buggy_msgs/lib/python3.8/site-packages/buggy_msgs/msg/_bus_parameter_s.c
[1.828s] -- Up-to-date: /home/manuel/buggy_ws_beta.a/install/buggy_msgs/lib/python3.8/site-packages/buggy_msgs/msg/_mapmatching.py
[1.828s] -- Up-to-date: /home/manuel/buggy_ws_beta.a/install/buggy_msgs/lib/python3.8/site-packages/buggy_msgs/msg/_bus_parameter.py
[1.830s] -- Up-to-date: /home/manuel/buggy_ws_beta.a/install/buggy_msgs/lib/python3.8/site-packages/buggy_msgs/msg/_steering_cmd_stamped.py
[1.831s] -- Up-to-date: /home/manuel/buggy_ws_beta.a/install/buggy_msgs/lib/python3.8/site-packages/buggy_msgs/msg/_fzg_vehicle_data_stamped.py
[1.831s] -- Up-to-date: /home/manuel/buggy_ws_beta.a/install/buggy_msgs/lib/python3.8/site-packages/buggy_msgs/msg/_hi_linit_cmd_s.c
[1.831s] -- Up-to-date: /home/manuel/buggy_ws_beta.a/install/buggy_msgs/lib/python3.8/site-packages/buggy_msgs/buggy_msgs_s__rosidl_typesupport_fastrtps_c.cpython-38-x86_64-linux-gnu.so
[1.831s] -- Up-to-date: /home/manuel/buggy_ws_beta.a/install/buggy_msgs/lib/python3.8/site-packages/buggy_msgs/buggy_msgs_s__rosidl_typesupport_introspection_c.cpython-38-x86_64-linux-gnu.so
[1.831s] -- Up-to-date: /home/manuel/buggy_ws_beta.a/install/buggy_msgs/lib/python3.8/site-packages/buggy_msgs/buggy_msgs_s__rosidl_typesupport_c.cpython-38-x86_64-linux-gnu.so
[1.832s] -- Up-to-date: /home/manuel/buggy_ws_beta.a/install/buggy_msgs/lib/libbuggy_msgs__python.so
[1.834s] -- Up-to-date: /home/manuel/buggy_ws_beta.a/install/buggy_msgs/share/buggy_msgs/msg/WheelsState.idl
[1.835s] -- Up-to-date: /home/manuel/buggy_ws_beta.a/install/buggy_msgs/share/buggy_msgs/msg/WheelsStateStamped.idl
[1.835s] -- Up-to-date: /home/manuel/buggy_ws_beta.a/install/buggy_msgs/share/buggy_msgs/msg/SteeringCMD.idl
[1.835s] -- Up-to-date: /home/manuel/buggy_ws_beta.a/install/buggy_msgs/share/buggy_msgs/msg/SteeringCMDStamped.idl
[1.835s] -- Up-to-date: /home/manuel/buggy_ws_beta.a/install/buggy_msgs/share/buggy_msgs/msg/SteeringWheelState.idl
[1.835s] -- Up-to-date: /home/manuel/buggy_ws_beta.a/install/buggy_msgs/share/buggy_msgs/msg/SteeringWheelStateStamped.idl
[1.835s] -- Up-to-date: /home/manuel/buggy_ws_beta.a/install/buggy_msgs/share/buggy_msgs/msg/VehicleState.idl
[1.844s] -- Up-to-date: /home/manuel/buggy_ws_beta.a/install/buggy_msgs/share/buggy_msgs/msg/VehicleStateStamped.idl
[1.844s] -- Up-to-date: /home/manuel/buggy_ws_beta.a/install/buggy_msgs/share/buggy_msgs/msg/CurrentCMD.idl
[1.844s] -- Up-to-date: /home/manuel/buggy_ws_beta.a/install/buggy_msgs/share/buggy_msgs/msg/CurrentCMDStamped.idl
[1.844s] -- Up-to-date: /home/manuel/buggy_ws_beta.a/install/buggy_msgs/share/buggy_msgs/msg/DriveState.idl
[1.844s] -- Up-to-date: /home/manuel/buggy_ws_beta.a/install/buggy_msgs/share/buggy_msgs/msg/DriveStateStamped.idl
[1.844s] -- Up-to-date: /home/manuel/buggy_ws_beta.a/install/buggy_msgs/share/buggy_msgs/msg/RCCtrlState.idl
[1.844s] -- Up-to-date: /home/manuel/buggy_ws_beta.a/install/buggy_msgs/share/buggy_msgs/msg/RCCtrlStateStamped.idl
[1.845s] -- Up-to-date: /home/manuel/buggy_ws_beta.a/install/buggy_msgs/share/buggy_msgs/msg/BUSParameter.idl
[1.845s] -- Up-to-date: /home/manuel/buggy_ws_beta.a/install/buggy_msgs/share/buggy_msgs/msg/BUSParameterStamped.idl
[1.845s] -- Up-to-date: /home/manuel/buggy_ws_beta.a/install/buggy_msgs/share/buggy_msgs/msg/GNSSState.idl
[1.845s] -- Up-to-date: /home/manuel/buggy_ws_beta.a/install/buggy_msgs/share/buggy_msgs/msg/GNSSStateStamped.idl
[1.845s] -- Up-to-date: /home/manuel/buggy_ws_beta.a/install/buggy_msgs/share/buggy_msgs/msg/IMUState.idl
[1.845s] -- Up-to-date: /home/manuel/buggy_ws_beta.a/install/buggy_msgs/share/buggy_msgs/msg/IMUStateStamped.idl
[1.845s] -- Up-to-date: /home/manuel/buggy_ws_beta.a/install/buggy_msgs/share/buggy_msgs/msg/HILinitCMD.idl
[1.845s] -- Up-to-date: /home/manuel/buggy_ws_beta.a/install/buggy_msgs/share/buggy_msgs/msg/HILinitCMDStamped.idl
[1.845s] -- Up-to-date: /home/manuel/buggy_ws_beta.a/install/buggy_msgs/share/buggy_msgs/msg/PlatoonState.idl
[1.845s] -- Up-to-date: /home/manuel/buggy_ws_beta.a/install/buggy_msgs/share/buggy_msgs/msg/PlatoonStateStamped.idl
[1.846s] -- Up-to-date: /home/manuel/buggy_ws_beta.a/install/buggy_msgs/share/buggy_msgs/msg/Mapmatching.idl
[1.846s] -- Up-to-date: /home/manuel/buggy_ws_beta.a/install/buggy_msgs/share/buggy_msgs/msg/MapmatchingStamped.idl
[1.846s] -- Up-to-date: /home/manuel/buggy_ws_beta.a/install/buggy_msgs/share/buggy_msgs/msg/FzgVehicleData.idl
[1.846s] -- Up-to-date: /home/manuel/buggy_ws_beta.a/install/buggy_msgs/share/buggy_msgs/msg/FzgVehicleDataStamped.idl
[1.846s] -- Up-to-date: /home/manuel/buggy_ws_beta.a/install/buggy_msgs/share/buggy_msgs/msg/WheelsState.msg
[1.846s] -- Up-to-date: /home/manuel/buggy_ws_beta.a/install/buggy_msgs/share/buggy_msgs/msg/WheelsStateStamped.msg
[1.846s] -- Up-to-date: /home/manuel/buggy_ws_beta.a/install/buggy_msgs/share/buggy_msgs/msg/SteeringCMD.msg
[1.846s] -- Up-to-date: /home/manuel/buggy_ws_beta.a/install/buggy_msgs/share/buggy_msgs/msg/SteeringCMDStamped.msg
[1.846s] -- Up-to-date: /home/manuel/buggy_ws_beta.a/install/buggy_msgs/share/buggy_msgs/msg/SteeringWheelState.msg
[1.846s] -- Up-to-date: /home/manuel/buggy_ws_beta.a/install/buggy_msgs/share/buggy_msgs/msg/SteeringWheelStateStamped.msg
[1.846s] -- Up-to-date: /home/manuel/buggy_ws_beta.a/install/buggy_msgs/share/buggy_msgs/msg/VehicleState.msg
[1.846s] -- Up-to-date: /home/manuel/buggy_ws_beta.a/install/buggy_msgs/share/buggy_msgs/msg/VehicleStateStamped.msg
[1.846s] -- Up-to-date: /home/manuel/buggy_ws_beta.a/install/buggy_msgs/share/buggy_msgs/msg/CurrentCMD.msg
[1.846s] -- Up-to-date: /home/manuel/buggy_ws_beta.a/install/buggy_msgs/share/buggy_msgs/msg/CurrentCMDStamped.msg
[1.846s] -- Up-to-date: /home/manuel/buggy_ws_beta.a/install/buggy_msgs/share/buggy_msgs/msg/DriveState.msg
[1.847s] -- Up-to-date: /home/manuel/buggy_ws_beta.a/install/buggy_msgs/share/buggy_msgs/msg/DriveStateStamped.msg
[1.847s] -- Up-to-date: /home/manuel/buggy_ws_beta.a/install/buggy_msgs/share/buggy_msgs/msg/RCCtrlState.msg
[1.847s] -- Up-to-date: /home/manuel/buggy_ws_beta.a/install/buggy_msgs/share/buggy_msgs/msg/RCCtrlStateStamped.msg
[1.847s] -- Up-to-date: /home/manuel/buggy_ws_beta.a/install/buggy_msgs/share/buggy_msgs/msg/BUSParameter.msg
[1.847s] -- Up-to-date: /home/manuel/buggy_ws_beta.a/install/buggy_msgs/share/buggy_msgs/msg/BUSParameterStamped.msg
[1.847s] -- Up-to-date: /home/manuel/buggy_ws_beta.a/install/buggy_msgs/share/buggy_msgs/msg/GNSSState.msg
[1.847s] -- Up-to-date: /home/manuel/buggy_ws_beta.a/install/buggy_msgs/share/buggy_msgs/msg/GNSSStateStamped.msg
[1.847s] -- Up-to-date: /home/manuel/buggy_ws_beta.a/install/buggy_msgs/share/buggy_msgs/msg/IMUState.msg
[1.847s] -- Up-to-date: /home/manuel/buggy_ws_beta.a/install/buggy_msgs/share/buggy_msgs/msg/IMUStateStamped.msg
[1.847s] -- Up-to-date: /home/manuel/buggy_ws_beta.a/install/buggy_msgs/share/buggy_msgs/msg/HILinitCMD.msg
[1.847s] -- Up-to-date: /home/manuel/buggy_ws_beta.a/install/buggy_msgs/share/buggy_msgs/msg/HILinitCMDStamped.msg
[1.847s] -- Up-to-date: /home/manuel/buggy_ws_beta.a/install/buggy_msgs/share/buggy_msgs/msg/PlatoonState.msg
[1.847s] -- Up-to-date: /home/manuel/buggy_ws_beta.a/install/buggy_msgs/share/buggy_msgs/msg/PlatoonStateStamped.msg
[1.848s] -- Up-to-date: /home/manuel/buggy_ws_beta.a/install/buggy_msgs/share/buggy_msgs/msg/Mapmatching.msg
[1.848s] -- Up-to-date: /home/manuel/buggy_ws_beta.a/install/buggy_msgs/share/buggy_msgs/msg/MapmatchingStamped.msg
[1.848s] -- Up-to-date: /home/manuel/buggy_ws_beta.a/install/buggy_msgs/share/buggy_msgs/msg/FzgVehicleData.msg
[1.848s] -- Up-to-date: /home/manuel/buggy_ws_beta.a/install/buggy_msgs/share/buggy_msgs/msg/FzgVehicleDataStamped.msg
[1.848s] -- Up-to-date: /home/manuel/buggy_ws_beta.a/install/buggy_msgs/share/ament_index/resource_index/package_run_dependencies/buggy_msgs
[1.848s] -- Up-to-date: /home/manuel/buggy_ws_beta.a/install/buggy_msgs/share/ament_index/resource_index/parent_prefix_path/buggy_msgs
[1.848s] -- Up-to-date: /home/manuel/buggy_ws_beta.a/install/buggy_msgs/share/buggy_msgs/environment/ament_prefix_path.sh
[1.848s] -- Up-to-date: /home/manuel/buggy_ws_beta.a/install/buggy_msgs/share/buggy_msgs/environment/ament_prefix_path.dsv
[1.851s] -- Up-to-date: /home/manuel/buggy_ws_beta.a/install/buggy_msgs/share/buggy_msgs/environment/path.sh
[1.852s] -- Up-to-date: /home/manuel/buggy_ws_beta.a/install/buggy_msgs/share/buggy_msgs/environment/path.dsv
[1.852s] -- Up-to-date: /home/manuel/buggy_ws_beta.a/install/buggy_msgs/share/buggy_msgs/local_setup.bash
[1.853s] -- Up-to-date: /home/manuel/buggy_ws_beta.a/install/buggy_msgs/share/buggy_msgs/local_setup.sh
[1.853s] -- Up-to-date: /home/manuel/buggy_ws_beta.a/install/buggy_msgs/share/buggy_msgs/local_setup.zsh
[1.853s] -- Up-to-date: /home/manuel/buggy_ws_beta.a/install/buggy_msgs/share/buggy_msgs/local_setup.dsv
[1.853s] -- Installing: /home/manuel/buggy_ws_beta.a/install/buggy_msgs/share/buggy_msgs/package.dsv
[1.853s] -- Up-to-date: /home/manuel/buggy_ws_beta.a/install/buggy_msgs/share/ament_index/resource_index/packages/buggy_msgs
[1.853s] -- Up-to-date: /home/manuel/buggy_ws_beta.a/install/buggy_msgs/share/buggy_msgs/cmake/buggy_msgs__rosidl_generator_cExport.cmake
[1.853s] -- Up-to-date: /home/manuel/buggy_ws_beta.a/install/buggy_msgs/share/buggy_msgs/cmake/buggy_msgs__rosidl_generator_cExport-noconfig.cmake
[1.853s] -- Up-to-date: /home/manuel/buggy_ws_beta.a/install/buggy_msgs/share/buggy_msgs/cmake/buggy_msgs__rosidl_typesupport_introspection_cExport.cmake
[1.853s] -- Up-to-date: /home/manuel/buggy_ws_beta.a/install/buggy_msgs/share/buggy_msgs/cmake/buggy_msgs__rosidl_typesupport_introspection_cExport-noconfig.cmake
[1.853s] -- Up-to-date: /home/manuel/buggy_ws_beta.a/install/buggy_msgs/share/buggy_msgs/cmake/buggy_msgs__rosidl_typesupport_cExport.cmake
[1.853s] -- Up-to-date: /home/manuel/buggy_ws_beta.a/install/buggy_msgs/share/buggy_msgs/cmake/buggy_msgs__rosidl_typesupport_cExport-noconfig.cmake
[1.853s] -- Up-to-date: /home/manuel/buggy_ws_beta.a/install/buggy_msgs/share/buggy_msgs/cmake/buggy_msgs__rosidl_generator_cppExport.cmake
[1.854s] -- Up-to-date: /home/manuel/buggy_ws_beta.a/install/buggy_msgs/share/buggy_msgs/cmake/buggy_msgs__rosidl_typesupport_introspection_cppExport.cmake
[1.854s] -- Up-to-date: /home/manuel/buggy_ws_beta.a/install/buggy_msgs/share/buggy_msgs/cmake/buggy_msgs__rosidl_typesupport_introspection_cppExport-noconfig.cmake
[1.854s] -- Up-to-date: /home/manuel/buggy_ws_beta.a/install/buggy_msgs/share/buggy_msgs/cmake/buggy_msgs__rosidl_typesupport_cppExport.cmake
[1.854s] -- Up-to-date: /home/manuel/buggy_ws_beta.a/install/buggy_msgs/share/buggy_msgs/cmake/buggy_msgs__rosidl_typesupport_cppExport-noconfig.cmake
[1.854s] -- Up-to-date: /home/manuel/buggy_ws_beta.a/install/buggy_msgs/share/buggy_msgs/cmake/rosidl_cmake-extras.cmake
[1.854s] -- Up-to-date: /home/manuel/buggy_ws_beta.a/install/buggy_msgs/share/buggy_msgs/cmake/ament_cmake_export_dependencies-extras.cmake
[1.854s] -- Up-to-date: /home/manuel/buggy_ws_beta.a/install/buggy_msgs/share/buggy_msgs/cmake/ament_cmake_export_libraries-extras.cmake
[1.854s] -- Up-to-date: /home/manuel/buggy_ws_beta.a/install/buggy_msgs/share/buggy_msgs/cmake/ament_cmake_export_targets-extras.cmake
[1.854s] -- Up-to-date: /home/manuel/buggy_ws_beta.a/install/buggy_msgs/share/buggy_msgs/cmake/ament_cmake_export_include_directories-extras.cmake
[1.854s] -- Up-to-date: /home/manuel/buggy_ws_beta.a/install/buggy_msgs/share/buggy_msgs/cmake/rosidl_cmake_export_typesupport_libraries-extras.cmake
[1.854s] -- Up-to-date: /home/manuel/buggy_ws_beta.a/install/buggy_msgs/share/buggy_msgs/cmake/rosidl_cmake_export_typesupport_targets-extras.cmake
[1.854s] -- Up-to-date: /home/manuel/buggy_ws_beta.a/install/buggy_msgs/share/buggy_msgs/cmake/buggy_msgsConfig.cmake
[1.854s] -- Up-to-date: /home/manuel/buggy_ws_beta.a/install/buggy_msgs/share/buggy_msgs/cmake/buggy_msgsConfig-version.cmake
[1.855s] -- Up-to-date: /home/manuel/buggy_ws_beta.a/install/buggy_msgs/share/buggy_msgs/package.xml
[1.907s] Invoked command in '/home/manuel/buggy_ws_beta.a/build/buggy_msgs' returned '0': CMAKE_PREFIX_PATH=${CMAKE_PREFIX_PATH}:/home/manuel/buggy_ws_beta.a/install/joint_state_publisher_gui:/home/manuel/buggy_ws_beta.a/install/joint_state_publisher:/home/manuel/buggy_ws_beta.a/install/ackermann_odometry:/home/manuel/buggy_ws_beta.a/install/ackermann_controller:/home/manuel/buggy_space/install/joint_state_publisher_gui:/home/manuel/buggy_space/install/joint_state_publisher:/home/manuel/buggy_space/install/ackermann_odometry:/home/manuel/buggy_space/install/ackermann_controller:/opt/ros/foxy /usr/bin/cmake --install /home/manuel/buggy_ws_beta.a/build/buggy_msgs
