[0.134s] Invoking command in '/home/manuel/buggy_ws_beta.a/build/zed_components': AMENT_PREFIX_PATH=/home/manuel/buggy_ws_beta.a/install/zed_interfaces:/home/manuel/buggy_ws_beta.a/install/image_transport:${AMENT_PREFIX_PATH} CMAKE_PREFIX_PATH=/home/manuel/buggy_ws_beta.a/install/zed_interfaces:/home/manuel/buggy_ws_beta.a/install/image_transport:/home/manuel/buggy_space/install/zed_ros2:/home/manuel/buggy_space/install/zed_display_rviz2:/home/manuel/buggy_space/install/zed_wrapper:/home/manuel/buggy_space/install/zed_tutorial_video:/home/manuel/buggy_space/install/zed_tutorial_pos_tracking:/home/manuel/buggy_space/install/zed_tutorial_depth:/home/manuel/buggy_space/install/zed_rgb_convert:/home/manuel/buggy_space/install/zed_components:/home/manuel/buggy_space/install/rviz_plugin_zed_od:/home/manuel/buggy_space/install/zed_interfaces:/home/manuel/buggy_space/install/buggy_mobile_robot:/home/manuel/buggy_space/install/vox_nav_msgs:/home/manuel/buggy_space/install/velodyne:/home/manuel/buggy_space/install/velodyne_pointcloud:/home/manuel/buggy_space/install/velodyne_driver:/home/manuel/buggy_space/install/velodyne_msgs:/home/manuel/buggy_space/install/velodyne_laserscan:/home/manuel/buggy_space/install/teb_local_planner:/home/manuel/buggy_space/install/teb_msgs:/home/manuel/buggy_space/install/sick_scan2:/home/manuel/buggy_space/install/ros_sensors:/home/manuel/buggy_space/install/ros2socketcan_lib:/home/manuel/buggy_space/install/ros2car_buggy:/home/manuel/buggy_space/install/robot_localization:/home/manuel/buggy_space/install/image_common:/home/manuel/buggy_space/install/image_transport:/home/manuel/buggy_space/install/costmap_converter:/home/manuel/buggy_space/install/costmap_converter_msgs:/home/manuel/buggy_space/install/can_msgs:/home/manuel/buggy_space/install/camera_info_manager:/home/manuel/buggy_space/install/camera_calibration_parsers:/home/manuel/buggy_space/install/buggy_msgs:/home/manuel/buggy_space/install/buggy_mobile_navigation:/home/manuel/buggy_space/install/ackermann_msgs:/home/manuel/buggy_space/install/ackermann_interfaces:/home/manuel/buggy_space/install/joint_state_publisher_gui:/home/manuel/buggy_space/install/joint_state_publisher:/home/manuel/buggy_space/install/ackermann_odometry:/home/manuel/buggy_space/install/ackermann_controller:/opt/ros/foxy LD_LIBRARY_PATH=/home/manuel/buggy_ws_beta.a/install/zed_interfaces/lib:/home/manuel/buggy_ws_beta.a/install/image_transport/lib:${LD_LIBRARY_PATH} PYTHONPATH=/home/manuel/buggy_ws_beta.a/install/zed_interfaces/lib/python3.8/site-packages:${PYTHONPATH} /usr/bin/cmake /home/manuel/buggy_ws_beta.a/src/zed-ros2-wrapper/zed_components -DCMAKE_INSTALL_PREFIX=/home/manuel/buggy_ws_beta.a/install/zed_components
[0.323s] -- The C compiler identification is GNU 9.4.0
[0.461s] -- The CXX compiler identification is GNU 9.4.0
[0.474s] -- Check for working C compiler: /usr/bin/cc
[0.657s] -- Check for working C compiler: /usr/bin/cc -- works
[0.659s] -- Detecting C compiler ABI info
[1.061s] -- Detecting C compiler ABI info - done
[1.107s] -- Detecting C compile features
[1.108s] -- Detecting C compile features - done
[1.114s] -- Check for working CXX compiler: /usr/bin/c++
[1.314s] -- Check for working CXX compiler: /usr/bin/c++ -- works
[1.316s] -- Detecting CXX compiler ABI info
[1.470s] -- Detecting CXX compiler ABI info - done
[1.500s] -- Detecting CXX compile features
[1.502s] -- Detecting CXX compile features - done
[1.510s] -- Looking for sgemm_
[1.644s] -- Looking for sgemm_ - not found
[1.647s] -- Looking for pthread.h
[1.783s] -- Looking for pthread.h - found
[1.784s] -- Performing Test CMAKE_HAVE_LIBC_PTHREAD
[1.923s] -- Performing Test CMAKE_HAVE_LIBC_PTHREAD - Failed
[1.933s] -- Looking for pthread_create in pthreads
[2.032s] -- Looking for pthread_create in pthreads - not found
[2.033s] -- Looking for pthread_create in pthread
[2.165s] -- Looking for pthread_create in pthread - found
[2.168s] -- Found Threads: TRUE  
[2.234s] -- Looking for sgemm_
[2.444s] -- Looking for sgemm_ - found
[2.445s] -- Found BLAS: /usr/lib/x86_64-linux-gnu/libopenblas.so  
[2.489s] -- Found CUDA: /usr/local/cuda (found suitable version "11.7", minimum required is "11") 
[2.726s] -- Found CUDA: /usr/local/cuda (found version "11.7") 
[2.726s] -- Found ament_cmake: 0.9.11 (/opt/ros/foxy/share/ament_cmake/cmake)
[2.767s] -- Found PythonInterp: /usr/bin/python3 (found suitable version "3.8.10", minimum required is "3") 
[2.768s] -- Using PYTHON_EXECUTABLE: /usr/bin/python3
[3.327s] -- Found rcutils: 1.1.4 (/opt/ros/foxy/share/rcutils/cmake)
[3.337s] -- Found zed_interfaces: 0.3.0 (/home/manuel/buggy_ws_beta.a/install/zed_interfaces/share/zed_interfaces/cmake)
[3.387s] -- Using all available rosidl_typesupport_c: rosidl_typesupport_fastrtps_c;rosidl_typesupport_introspection_c
[3.402s] -- Found rosidl_adapter: 1.3.0 (/opt/ros/foxy/share/rosidl_adapter/cmake)
[3.568s] -- Found OpenSSL: /usr/lib/x86_64-linux-gnu/libcrypto.so (found version "1.1.1f")  
[3.625s] -- Found FastRTPS: /opt/ros/foxy/include  
[3.790s] -- Using all available rosidl_typesupport_cpp: rosidl_typesupport_fastrtps_cpp;rosidl_typesupport_introspection_cpp
[4.505s] -- Found rclcpp: 2.4.2 (/opt/ros/foxy/share/rclcpp/cmake)
[4.611s] -- Found rmw_implementation_cmake: 1.0.3 (/opt/ros/foxy/share/rmw_implementation_cmake/cmake)
[4.619s] -- Using RMW implementation 'rmw_fastrtps_cpp' as default
[4.997s] -- Found rclcpp_components: 2.4.2 (/opt/ros/foxy/share/rclcpp_components/cmake)
[5.140s] -- Found tf2: 0.13.13 (/opt/ros/foxy/share/tf2/cmake)
[5.154s] -- Found tf2_ros: 0.13.13 (/opt/ros/foxy/share/tf2_ros/cmake)
[5.741s] -- Found tf2_geometry_msgs: 0.13.13 (/opt/ros/foxy/share/tf2_geometry_msgs/cmake)
[5.759s] -- Found eigen3_cmake_module: 0.1.1 (/opt/ros/foxy/share/eigen3_cmake_module/cmake)
[5.765s] -- Found Eigen3: TRUE (found version "3.3.7") 
[5.823s] -- Found nav_msgs: 2.0.5 (/opt/ros/foxy/share/nav_msgs/cmake)
[5.965s] -- Found sensor_msgs: 2.0.5 (/opt/ros/foxy/share/sensor_msgs/cmake)
[6.090s] -- Found stereo_msgs: 2.0.5 (/opt/ros/foxy/share/stereo_msgs/cmake)
[6.303s] -- Found image_transport: 3.0.0 (/home/manuel/buggy_ws_beta.a/install/image_transport/share/image_transport/cmake)
[6.353s] -- Found std_srvs: 2.0.5 (/opt/ros/foxy/share/std_srvs/cmake)
[6.368s] -- Found diagnostic_msgs: 2.0.5 (/opt/ros/foxy/share/diagnostic_msgs/cmake)
[6.423s] -- Found diagnostic_updater: 2.0.8 (/opt/ros/foxy/share/diagnostic_updater/cmake)
[6.456s] -- Found visualization_msgs: 2.0.5 (/opt/ros/foxy/share/visualization_msgs/cmake)
[6.654s] -- Found ament_lint_auto: 0.9.7 (/opt/ros/foxy/share/ament_lint_auto/cmake)
[6.851s] -- Found python_cmake_module: 0.8.1 (/opt/ros/foxy/share/python_cmake_module/cmake)
[6.897s] -- Found PythonInterp: /usr/bin/python3 (found suitable version "3.8.10", minimum required is "3.5") 
[6.912s] -- Found PythonLibs: /usr/lib/x86_64-linux-gnu/libpython3.8.so (found suitable version "3.8.10", minimum required is "3.5") 
[6.912s] -- Using PYTHON_EXECUTABLE: /usr/bin/python3
[6.912s] -- Using PYTHON_INCLUDE_DIRS: /usr/include/python3.8
[6.912s] -- Using PYTHON_LIBRARIES: /usr/lib/x86_64-linux-gnu/libpython3.8.so
[6.956s] -- Found PythonExtra: .so  
[6.966s] -- Added test 'copyright' to check source files copyright and LICENSE
[6.969s] -- Added test 'cppcheck' to perform static code analysis on C / C++ code
[6.970s] -- Configured cppcheck include dirs: /home/manuel/buggy_ws_beta.a/src/zed-ros2-wrapper/zed_components/src/include;/home/manuel/buggy_ws_beta.a/src/zed-ros2-wrapper/zed_components/src/zed_camera/include;/home/manuel/buggy_ws_beta.a/src/zed-ros2-wrapper/zed_components/src/tools/include
[6.970s] -- Configured cppcheck exclude dirs and/or files: 
[6.973s] -- Added test 'cpplint' to check C / C++ code against the Google style
[6.973s] -- Configured cpplint exclude dirs and/or files: 
[6.976s] -- Added test 'lint_cmake' to check CMake code style
[6.979s] -- Added test 'uncrustify' to check C / C++ code style
[6.979s] -- Configured uncrustify additional arguments: 
[6.981s] -- Added test 'xmllint' to check XML markup files
[6.992s] -- Configuring done
[7.055s] -- Generating done
[7.059s] -- Build files have been written to: /home/manuel/buggy_ws_beta.a/build/zed_components
[7.080s] Invoked command in '/home/manuel/buggy_ws_beta.a/build/zed_components' returned '0': AMENT_PREFIX_PATH=/home/manuel/buggy_ws_beta.a/install/zed_interfaces:/home/manuel/buggy_ws_beta.a/install/image_transport:${AMENT_PREFIX_PATH} CMAKE_PREFIX_PATH=/home/manuel/buggy_ws_beta.a/install/zed_interfaces:/home/manuel/buggy_ws_beta.a/install/image_transport:/home/manuel/buggy_space/install/zed_ros2:/home/manuel/buggy_space/install/zed_display_rviz2:/home/manuel/buggy_space/install/zed_wrapper:/home/manuel/buggy_space/install/zed_tutorial_video:/home/manuel/buggy_space/install/zed_tutorial_pos_tracking:/home/manuel/buggy_space/install/zed_tutorial_depth:/home/manuel/buggy_space/install/zed_rgb_convert:/home/manuel/buggy_space/install/zed_components:/home/manuel/buggy_space/install/rviz_plugin_zed_od:/home/manuel/buggy_space/install/zed_interfaces:/home/manuel/buggy_space/install/buggy_mobile_robot:/home/manuel/buggy_space/install/vox_nav_msgs:/home/manuel/buggy_space/install/velodyne:/home/manuel/buggy_space/install/velodyne_pointcloud:/home/manuel/buggy_space/install/velodyne_driver:/home/manuel/buggy_space/install/velodyne_msgs:/home/manuel/buggy_space/install/velodyne_laserscan:/home/manuel/buggy_space/install/teb_local_planner:/home/manuel/buggy_space/install/teb_msgs:/home/manuel/buggy_space/install/sick_scan2:/home/manuel/buggy_space/install/ros_sensors:/home/manuel/buggy_space/install/ros2socketcan_lib:/home/manuel/buggy_space/install/ros2car_buggy:/home/manuel/buggy_space/install/robot_localization:/home/manuel/buggy_space/install/image_common:/home/manuel/buggy_space/install/image_transport:/home/manuel/buggy_space/install/costmap_converter:/home/manuel/buggy_space/install/costmap_converter_msgs:/home/manuel/buggy_space/install/can_msgs:/home/manuel/buggy_space/install/camera_info_manager:/home/manuel/buggy_space/install/camera_calibration_parsers:/home/manuel/buggy_space/install/buggy_msgs:/home/manuel/buggy_space/install/buggy_mobile_navigation:/home/manuel/buggy_space/install/ackermann_msgs:/home/manuel/buggy_space/install/ackermann_interfaces:/home/manuel/buggy_space/install/joint_state_publisher_gui:/home/manuel/buggy_space/install/joint_state_publisher:/home/manuel/buggy_space/install/ackermann_odometry:/home/manuel/buggy_space/install/ackermann_controller:/opt/ros/foxy LD_LIBRARY_PATH=/home/manuel/buggy_ws_beta.a/install/zed_interfaces/lib:/home/manuel/buggy_ws_beta.a/install/image_transport/lib:${LD_LIBRARY_PATH} PYTHONPATH=/home/manuel/buggy_ws_beta.a/install/zed_interfaces/lib/python3.8/site-packages:${PYTHONPATH} /usr/bin/cmake /home/manuel/buggy_ws_beta.a/src/zed-ros2-wrapper/zed_components -DCMAKE_INSTALL_PREFIX=/home/manuel/buggy_ws_beta.a/install/zed_components
[7.086s] Invoking command in '/home/manuel/buggy_ws_beta.a/build/zed_components': AMENT_PREFIX_PATH=/home/manuel/buggy_ws_beta.a/install/zed_interfaces:/home/manuel/buggy_ws_beta.a/install/image_transport:${AMENT_PREFIX_PATH} CMAKE_PREFIX_PATH=/home/manuel/buggy_ws_beta.a/install/zed_interfaces:/home/manuel/buggy_ws_beta.a/install/image_transport:/home/manuel/buggy_space/install/zed_ros2:/home/manuel/buggy_space/install/zed_display_rviz2:/home/manuel/buggy_space/install/zed_wrapper:/home/manuel/buggy_space/install/zed_tutorial_video:/home/manuel/buggy_space/install/zed_tutorial_pos_tracking:/home/manuel/buggy_space/install/zed_tutorial_depth:/home/manuel/buggy_space/install/zed_rgb_convert:/home/manuel/buggy_space/install/zed_components:/home/manuel/buggy_space/install/rviz_plugin_zed_od:/home/manuel/buggy_space/install/zed_interfaces:/home/manuel/buggy_space/install/buggy_mobile_robot:/home/manuel/buggy_space/install/vox_nav_msgs:/home/manuel/buggy_space/install/velodyne:/home/manuel/buggy_space/install/velodyne_pointcloud:/home/manuel/buggy_space/install/velodyne_driver:/home/manuel/buggy_space/install/velodyne_msgs:/home/manuel/buggy_space/install/velodyne_laserscan:/home/manuel/buggy_space/install/teb_local_planner:/home/manuel/buggy_space/install/teb_msgs:/home/manuel/buggy_space/install/sick_scan2:/home/manuel/buggy_space/install/ros_sensors:/home/manuel/buggy_space/install/ros2socketcan_lib:/home/manuel/buggy_space/install/ros2car_buggy:/home/manuel/buggy_space/install/robot_localization:/home/manuel/buggy_space/install/image_common:/home/manuel/buggy_space/install/image_transport:/home/manuel/buggy_space/install/costmap_converter:/home/manuel/buggy_space/install/costmap_converter_msgs:/home/manuel/buggy_space/install/can_msgs:/home/manuel/buggy_space/install/camera_info_manager:/home/manuel/buggy_space/install/camera_calibration_parsers:/home/manuel/buggy_space/install/buggy_msgs:/home/manuel/buggy_space/install/buggy_mobile_navigation:/home/manuel/buggy_space/install/ackermann_msgs:/home/manuel/buggy_space/install/ackermann_interfaces:/home/manuel/buggy_space/install/joint_state_publisher_gui:/home/manuel/buggy_space/install/joint_state_publisher:/home/manuel/buggy_space/install/ackermann_odometry:/home/manuel/buggy_space/install/ackermann_controller:/opt/ros/foxy LD_LIBRARY_PATH=/home/manuel/buggy_ws_beta.a/install/zed_interfaces/lib:/home/manuel/buggy_ws_beta.a/install/image_transport/lib:${LD_LIBRARY_PATH} PYTHONPATH=/home/manuel/buggy_ws_beta.a/install/zed_interfaces/lib/python3.8/site-packages:${PYTHONPATH} /usr/bin/cmake --build /home/manuel/buggy_ws_beta.a/build/zed_components -- -j16 -l16
[7.165s] [35m[1mScanning dependencies of target zed_camera_component[0m
[7.316s] [ 33%] [32mBuilding CXX object CMakeFiles/zed_camera_component.dir/src/tools/src/sl_tools.cpp.o[0m
[7.329s] [ 66%] [32mBuilding CXX object CMakeFiles/zed_camera_component.dir/src/zed_camera/src/zed_camera_component.cpp.o[0m
[57.028s] [100%] [32m[1mLinking CXX shared library libzed_camera_component.so[0m
[57.542s] [100%] Built target zed_camera_component
[57.554s] Invoked command in '/home/manuel/buggy_ws_beta.a/build/zed_components' returned '0': AMENT_PREFIX_PATH=/home/manuel/buggy_ws_beta.a/install/zed_interfaces:/home/manuel/buggy_ws_beta.a/install/image_transport:${AMENT_PREFIX_PATH} CMAKE_PREFIX_PATH=/home/manuel/buggy_ws_beta.a/install/zed_interfaces:/home/manuel/buggy_ws_beta.a/install/image_transport:/home/manuel/buggy_space/install/zed_ros2:/home/manuel/buggy_space/install/zed_display_rviz2:/home/manuel/buggy_space/install/zed_wrapper:/home/manuel/buggy_space/install/zed_tutorial_video:/home/manuel/buggy_space/install/zed_tutorial_pos_tracking:/home/manuel/buggy_space/install/zed_tutorial_depth:/home/manuel/buggy_space/install/zed_rgb_convert:/home/manuel/buggy_space/install/zed_components:/home/manuel/buggy_space/install/rviz_plugin_zed_od:/home/manuel/buggy_space/install/zed_interfaces:/home/manuel/buggy_space/install/buggy_mobile_robot:/home/manuel/buggy_space/install/vox_nav_msgs:/home/manuel/buggy_space/install/velodyne:/home/manuel/buggy_space/install/velodyne_pointcloud:/home/manuel/buggy_space/install/velodyne_driver:/home/manuel/buggy_space/install/velodyne_msgs:/home/manuel/buggy_space/install/velodyne_laserscan:/home/manuel/buggy_space/install/teb_local_planner:/home/manuel/buggy_space/install/teb_msgs:/home/manuel/buggy_space/install/sick_scan2:/home/manuel/buggy_space/install/ros_sensors:/home/manuel/buggy_space/install/ros2socketcan_lib:/home/manuel/buggy_space/install/ros2car_buggy:/home/manuel/buggy_space/install/robot_localization:/home/manuel/buggy_space/install/image_common:/home/manuel/buggy_space/install/image_transport:/home/manuel/buggy_space/install/costmap_converter:/home/manuel/buggy_space/install/costmap_converter_msgs:/home/manuel/buggy_space/install/can_msgs:/home/manuel/buggy_space/install/camera_info_manager:/home/manuel/buggy_space/install/camera_calibration_parsers:/home/manuel/buggy_space/install/buggy_msgs:/home/manuel/buggy_space/install/buggy_mobile_navigation:/home/manuel/buggy_space/install/ackermann_msgs:/home/manuel/buggy_space/install/ackermann_interfaces:/home/manuel/buggy_space/install/joint_state_publisher_gui:/home/manuel/buggy_space/install/joint_state_publisher:/home/manuel/buggy_space/install/ackermann_odometry:/home/manuel/buggy_space/install/ackermann_controller:/opt/ros/foxy LD_LIBRARY_PATH=/home/manuel/buggy_ws_beta.a/install/zed_interfaces/lib:/home/manuel/buggy_ws_beta.a/install/image_transport/lib:${LD_LIBRARY_PATH} PYTHONPATH=/home/manuel/buggy_ws_beta.a/install/zed_interfaces/lib/python3.8/site-packages:${PYTHONPATH} /usr/bin/cmake --build /home/manuel/buggy_ws_beta.a/build/zed_components -- -j16 -l16
[57.589s] Invoking command in '/home/manuel/buggy_ws_beta.a/build/zed_components': AMENT_PREFIX_PATH=/home/manuel/buggy_ws_beta.a/install/zed_interfaces:/home/manuel/buggy_ws_beta.a/install/image_transport:${AMENT_PREFIX_PATH} CMAKE_PREFIX_PATH=/home/manuel/buggy_ws_beta.a/install/zed_interfaces:/home/manuel/buggy_ws_beta.a/install/image_transport:/home/manuel/buggy_space/install/zed_ros2:/home/manuel/buggy_space/install/zed_display_rviz2:/home/manuel/buggy_space/install/zed_wrapper:/home/manuel/buggy_space/install/zed_tutorial_video:/home/manuel/buggy_space/install/zed_tutorial_pos_tracking:/home/manuel/buggy_space/install/zed_tutorial_depth:/home/manuel/buggy_space/install/zed_rgb_convert:/home/manuel/buggy_space/install/zed_components:/home/manuel/buggy_space/install/rviz_plugin_zed_od:/home/manuel/buggy_space/install/zed_interfaces:/home/manuel/buggy_space/install/buggy_mobile_robot:/home/manuel/buggy_space/install/vox_nav_msgs:/home/manuel/buggy_space/install/velodyne:/home/manuel/buggy_space/install/velodyne_pointcloud:/home/manuel/buggy_space/install/velodyne_driver:/home/manuel/buggy_space/install/velodyne_msgs:/home/manuel/buggy_space/install/velodyne_laserscan:/home/manuel/buggy_space/install/teb_local_planner:/home/manuel/buggy_space/install/teb_msgs:/home/manuel/buggy_space/install/sick_scan2:/home/manuel/buggy_space/install/ros_sensors:/home/manuel/buggy_space/install/ros2socketcan_lib:/home/manuel/buggy_space/install/ros2car_buggy:/home/manuel/buggy_space/install/robot_localization:/home/manuel/buggy_space/install/image_common:/home/manuel/buggy_space/install/image_transport:/home/manuel/buggy_space/install/costmap_converter:/home/manuel/buggy_space/install/costmap_converter_msgs:/home/manuel/buggy_space/install/can_msgs:/home/manuel/buggy_space/install/camera_info_manager:/home/manuel/buggy_space/install/camera_calibration_parsers:/home/manuel/buggy_space/install/buggy_msgs:/home/manuel/buggy_space/install/buggy_mobile_navigation:/home/manuel/buggy_space/install/ackermann_msgs:/home/manuel/buggy_space/install/ackermann_interfaces:/home/manuel/buggy_space/install/joint_state_publisher_gui:/home/manuel/buggy_space/install/joint_state_publisher:/home/manuel/buggy_space/install/ackermann_odometry:/home/manuel/buggy_space/install/ackermann_controller:/opt/ros/foxy LD_LIBRARY_PATH=/home/manuel/buggy_ws_beta.a/install/zed_interfaces/lib:/home/manuel/buggy_ws_beta.a/install/image_transport/lib:${LD_LIBRARY_PATH} PYTHONPATH=/home/manuel/buggy_ws_beta.a/install/zed_interfaces/lib/python3.8/site-packages:${PYTHONPATH} /usr/bin/cmake --install /home/manuel/buggy_ws_beta.a/build/zed_components
[57.597s] -- Install configuration: "Release"
[57.598s] -- Installing: /home/manuel/buggy_ws_beta.a/install/zed_components/lib/libzed_camera_component.so
[57.601s] -- Set runtime path of "/home/manuel/buggy_ws_beta.a/install/zed_components/lib/libzed_camera_component.so" to ""
[57.601s] -- Installing: /home/manuel/buggy_ws_beta.a/install/zed_components/include/zed_components/
[57.601s] -- Installing: /home/manuel/buggy_ws_beta.a/install/zed_components/include/zed_components//zed_camera_component.hpp
[57.601s] -- Up-to-date: /home/manuel/buggy_ws_beta.a/install/zed_components/include/zed_components/
[57.601s] -- Installing: /home/manuel/buggy_ws_beta.a/install/zed_components/include/zed_components//sl_tools.h
[57.601s] -- Up-to-date: /home/manuel/buggy_ws_beta.a/install/zed_components/include/zed_components/
[57.602s] -- Installing: /home/manuel/buggy_ws_beta.a/install/zed_components/include/zed_components//visibility_control.h
[57.602s] -- Installing: /home/manuel/buggy_ws_beta.a/install/zed_components/share/zed_components/environment/library_path.sh
[57.602s] -- Installing: /home/manuel/buggy_ws_beta.a/install/zed_components/share/zed_components/environment/library_path.dsv
[57.602s] -- Installing: /home/manuel/buggy_ws_beta.a/install/zed_components/share/ament_index/resource_index/package_run_dependencies/zed_components
[57.602s] -- Installing: /home/manuel/buggy_ws_beta.a/install/zed_components/share/ament_index/resource_index/parent_prefix_path/zed_components
[57.602s] -- Installing: /home/manuel/buggy_ws_beta.a/install/zed_components/share/zed_components/environment/ament_prefix_path.sh
[57.602s] -- Installing: /home/manuel/buggy_ws_beta.a/install/zed_components/share/zed_components/environment/ament_prefix_path.dsv
[57.602s] -- Installing: /home/manuel/buggy_ws_beta.a/install/zed_components/share/zed_components/environment/path.sh
[57.603s] -- Installing: /home/manuel/buggy_ws_beta.a/install/zed_components/share/zed_components/environment/path.dsv
[57.603s] -- Installing: /home/manuel/buggy_ws_beta.a/install/zed_components/share/zed_components/local_setup.bash
[57.603s] -- Installing: /home/manuel/buggy_ws_beta.a/install/zed_components/share/zed_components/local_setup.sh
[57.603s] -- Installing: /home/manuel/buggy_ws_beta.a/install/zed_components/share/zed_components/local_setup.zsh
[57.603s] -- Installing: /home/manuel/buggy_ws_beta.a/install/zed_components/share/zed_components/local_setup.dsv
[57.603s] -- Installing: /home/manuel/buggy_ws_beta.a/install/zed_components/share/zed_components/package.dsv
[57.603s] -- Installing: /home/manuel/buggy_ws_beta.a/install/zed_components/share/ament_index/resource_index/packages/zed_components
[57.603s] -- Installing: /home/manuel/buggy_ws_beta.a/install/zed_components/share/ament_index/resource_index/rclcpp_components/zed_components
[57.603s] -- Installing: /home/manuel/buggy_ws_beta.a/install/zed_components/share/zed_components/cmake/ament_cmake_export_include_directories-extras.cmake
[57.604s] -- Installing: /home/manuel/buggy_ws_beta.a/install/zed_components/share/zed_components/cmake/ament_cmake_export_libraries-extras.cmake
[57.604s] -- Installing: /home/manuel/buggy_ws_beta.a/install/zed_components/share/zed_components/cmake/ament_cmake_export_dependencies-extras.cmake
[57.604s] -- Installing: /home/manuel/buggy_ws_beta.a/install/zed_components/share/zed_components/cmake/zed_componentsConfig.cmake
[57.604s] -- Installing: /home/manuel/buggy_ws_beta.a/install/zed_components/share/zed_components/cmake/zed_componentsConfig-version.cmake
[57.604s] -- Installing: /home/manuel/buggy_ws_beta.a/install/zed_components/share/zed_components/package.xml
[57.606s] Invoked command in '/home/manuel/buggy_ws_beta.a/build/zed_components' returned '0': AMENT_PREFIX_PATH=/home/manuel/buggy_ws_beta.a/install/zed_interfaces:/home/manuel/buggy_ws_beta.a/install/image_transport:${AMENT_PREFIX_PATH} CMAKE_PREFIX_PATH=/home/manuel/buggy_ws_beta.a/install/zed_interfaces:/home/manuel/buggy_ws_beta.a/install/image_transport:/home/manuel/buggy_space/install/zed_ros2:/home/manuel/buggy_space/install/zed_display_rviz2:/home/manuel/buggy_space/install/zed_wrapper:/home/manuel/buggy_space/install/zed_tutorial_video:/home/manuel/buggy_space/install/zed_tutorial_pos_tracking:/home/manuel/buggy_space/install/zed_tutorial_depth:/home/manuel/buggy_space/install/zed_rgb_convert:/home/manuel/buggy_space/install/zed_components:/home/manuel/buggy_space/install/rviz_plugin_zed_od:/home/manuel/buggy_space/install/zed_interfaces:/home/manuel/buggy_space/install/buggy_mobile_robot:/home/manuel/buggy_space/install/vox_nav_msgs:/home/manuel/buggy_space/install/velodyne:/home/manuel/buggy_space/install/velodyne_pointcloud:/home/manuel/buggy_space/install/velodyne_driver:/home/manuel/buggy_space/install/velodyne_msgs:/home/manuel/buggy_space/install/velodyne_laserscan:/home/manuel/buggy_space/install/teb_local_planner:/home/manuel/buggy_space/install/teb_msgs:/home/manuel/buggy_space/install/sick_scan2:/home/manuel/buggy_space/install/ros_sensors:/home/manuel/buggy_space/install/ros2socketcan_lib:/home/manuel/buggy_space/install/ros2car_buggy:/home/manuel/buggy_space/install/robot_localization:/home/manuel/buggy_space/install/image_common:/home/manuel/buggy_space/install/image_transport:/home/manuel/buggy_space/install/costmap_converter:/home/manuel/buggy_space/install/costmap_converter_msgs:/home/manuel/buggy_space/install/can_msgs:/home/manuel/buggy_space/install/camera_info_manager:/home/manuel/buggy_space/install/camera_calibration_parsers:/home/manuel/buggy_space/install/buggy_msgs:/home/manuel/buggy_space/install/buggy_mobile_navigation:/home/manuel/buggy_space/install/ackermann_msgs:/home/manuel/buggy_space/install/ackermann_interfaces:/home/manuel/buggy_space/install/joint_state_publisher_gui:/home/manuel/buggy_space/install/joint_state_publisher:/home/manuel/buggy_space/install/ackermann_odometry:/home/manuel/buggy_space/install/ackermann_controller:/opt/ros/foxy LD_LIBRARY_PATH=/home/manuel/buggy_ws_beta.a/install/zed_interfaces/lib:/home/manuel/buggy_ws_beta.a/install/image_transport/lib:${LD_LIBRARY_PATH} PYTHONPATH=/home/manuel/buggy_ws_beta.a/install/zed_interfaces/lib/python3.8/site-packages:${PYTHONPATH} /usr/bin/cmake --install /home/manuel/buggy_ws_beta.a/build/zed_components
