-- The C compiler identification is GNU 9.4.0
-- The CXX compiler identification is GNU 9.4.0
-- Check for working C compiler: /usr/bin/cc
-- Check for working C compiler: /usr/bin/cc -- works
-- Detecting C compiler ABI info
-- Detecting C compiler ABI info - done
-- Detecting C compile features
-- Detecting C compile features - done
-- Check for working CXX compiler: /usr/bin/c++
-- Check for working CXX compiler: /usr/bin/c++ -- works
-- Detecting CXX compiler ABI info
-- Detecting CXX compiler ABI info - done
-- Detecting CXX compile features
-- Detecting CXX compile features - done
-- Looking for sgemm_
-- Looking for sgemm_ - not found
-- Looking for pthread.h
-- Looking for pthread.h - found
-- Performing Test CMAKE_HAVE_LIBC_PTHREAD
-- Performing Test CMAKE_HAVE_LIBC_PTHREAD - Failed
-- Looking for pthread_create in pthreads
-- Looking for pthread_create in pthreads - not found
-- Looking for pthread_create in pthread
-- Looking for pthread_create in pthread - found
-- Found Threads: TRUE  
-- Looking for sgemm_
-- Looking for sgemm_ - found
-- Found BLAS: /usr/lib/x86_64-linux-gnu/libopenblas.so  
-- Found CUDA: /usr/local/cuda (found suitable version "11.7", minimum required is "11") 
-- Found CUDA: /usr/local/cuda (found version "11.7") 
-- Found ament_cmake: 0.9.11 (/opt/ros/foxy/share/ament_cmake/cmake)
-- Found PythonInterp: /usr/bin/python3 (found suitable version "3.8.10", minimum required is "3") 
-- Using PYTHON_EXECUTABLE: /usr/bin/python3
-- Found rclcpp: 2.4.2 (/opt/ros/foxy/share/rclcpp/cmake)
-- Using all available rosidl_typesupport_c: rosidl_typesupport_fastrtps_c;rosidl_typesupport_introspection_c
-- Found rosidl_adapter: 1.3.0 (/opt/ros/foxy/share/rosidl_adapter/cmake)
-- Found OpenSSL: /usr/lib/x86_64-linux-gnu/libcrypto.so (found version "1.1.1f")  
-- Found FastRTPS: /opt/ros/foxy/include  
-- Using all available rosidl_typesupport_cpp: rosidl_typesupport_fastrtps_cpp;rosidl_typesupport_introspection_cpp
-- Found rmw_implementation_cmake: 1.0.3 (/opt/ros/foxy/share/rmw_implementation_cmake/cmake)
-- Using RMW implementation 'rmw_fastrtps_cpp' as default
-- Found rclcpp_components: 2.4.2 (/opt/ros/foxy/share/rclcpp_components/cmake)
-- Found zed_components: 0.2.0 (/home/manuel/buggy_ws_beta.a/install/zed_components/share/zed_components/cmake)
-- Found eigen3_cmake_module: 0.1.1 (/opt/ros/foxy/share/eigen3_cmake_module/cmake)
-- Found Eigen3: TRUE (found version "3.3.7") 
-- Configuring done
-- Generating done
-- Build files have been written to: /home/manuel/buggy_ws_beta.a/build/zed_wrapper
[35m[1mScanning dependencies of target zed_wrapper[0m
[ 50%] [32mBuilding CXX object CMakeFiles/zed_wrapper.dir/src/zed_wrapper.cpp.o[0m
In file included from [01m[K/home/manuel/buggy_ws_beta.a/install/zed_components/include/zed_components/sl_tools.h:50[m[K,
                 from [01m[K/home/manuel/buggy_ws_beta.a/install/zed_components/include/zed_components/zed_camera_component.hpp:28[m[K,
                 from [01m[K/home/manuel/buggy_ws_beta.a/src/zed-ros2-wrapper/zed_wrapper/src/zed_wrapper.cpp:26[m[K:
[01m[K/usr/local/zed/include/sl/Camera.hpp:820:13:[m[K [01;35m[Kwarning: [m[KISO C++ prohibits anonymous structs [[01;35m[K-Wpedantic[m[K]
  820 |             [01;35m[K}[m[K;
      |             [01;35m[K^[m[K
[01m[K/usr/local/zed/include/sl/Camera.hpp:973:13:[m[K [01;35m[Kwarning: [m[KISO C++ prohibits anonymous structs [[01;35m[K-Wpedantic[m[K]
  973 |             [01;35m[K}[m[K;
      |             [01;35m[K^[m[K
[01m[K/usr/local/zed/include/sl/Camera.hpp:1150:13:[m[K [01;35m[Kwarning: [m[KISO C++ prohibits anonymous structs [[01;35m[K-Wpedantic[m[K]
 1150 |             [01;35m[K}[m[K;
      |             [01;35m[K^[m[K
[01m[K/usr/local/zed/include/sl/Camera.hpp:1314:13:[m[K [01;35m[Kwarning: [m[KISO C++ prohibits anonymous structs [[01;35m[K-Wpedantic[m[K]
 1314 |             [01;35m[K}[m[K;
      |             [01;35m[K^[m[K
[01m[K/usr/local/zed/include/sl/Camera.hpp:1318:13:[m[K [01;35m[Kwarning: [m[KISO C++ prohibits anonymous structs [[01;35m[K-Wpedantic[m[K]
 1318 |             [01;35m[K}[m[K;
      |             [01;35m[K^[m[K
[01m[K/usr/local/zed/include/sl/Camera.hpp:1322:13:[m[K [01;35m[Kwarning: [m[KISO C++ prohibits anonymous structs [[01;35m[K-Wpedantic[m[K]
 1322 |             [01;35m[K}[m[K;
      |             [01;35m[K^[m[K
[01m[K/usr/local/zed/include/sl/Camera.hpp:1562:13:[m[K [01;35m[Kwarning: [m[KISO C++ prohibits anonymous structs [[01;35m[K-Wpedantic[m[K]
 1562 |             [01;35m[K}[m[K;
      |             [01;35m[K^[m[K
[01m[K/usr/local/zed/include/sl/Camera.hpp:1566:13:[m[K [01;35m[Kwarning: [m[KISO C++ prohibits anonymous structs [[01;35m[K-Wpedantic[m[K]
 1566 |             [01;35m[K}[m[K;
      |             [01;35m[K^[m[K
[01m[K/usr/local/zed/include/sl/Camera.hpp:1570:13:[m[K [01;35m[Kwarning: [m[KISO C++ prohibits anonymous structs [[01;35m[K-Wpedantic[m[K]
 1570 |             [01;35m[K}[m[K;
      |             [01;35m[K^[m[K
[01m[K/usr/local/zed/include/sl/Camera.hpp:[m[K In function ‘[01m[Ksl::Timestamp sl::operator+(sl::Timestamp, const sl::Timestamp&)[m[K’:
[01m[K/usr/local/zed/include/sl/Camera.hpp:2024:16:[m[K [01;35m[Kwarning: [m[Kimplicitly-declared ‘[01m[Kconstexpr sl::Timestamp::Timestamp(const sl::Timestamp&)[m[K’ is deprecated [[01;35m[K-Wdeprecated-copy[m[K]
 2024 |         return [01;35m[Klhs[m[K;
      |                [01;35m[K^~~[m[K
[01m[K/usr/local/zed/include/sl/Camera.hpp:1963:20:[m[K [01;36m[Knote: [m[Kbecause ‘[01m[Ksl::Timestamp[m[K’ has user-provided ‘[01m[Ksl::Timestamp& sl::Timestamp::operator=(sl::Timestamp)[m[K’
 1963 |         Timestamp& [01;36m[Koperator[m[K=(Timestamp other) {
      |                    [01;36m[K^~~~~~~~[m[K
[01m[K/usr/local/zed/include/sl/Camera.hpp:[m[K In function ‘[01m[Ksl::Timestamp sl::operator-(sl::Timestamp, const sl::Timestamp&)[m[K’:
[01m[K/usr/local/zed/include/sl/Camera.hpp:2029:16:[m[K [01;35m[Kwarning: [m[Kimplicitly-declared ‘[01m[Kconstexpr sl::Timestamp::Timestamp(const sl::Timestamp&)[m[K’ is deprecated [[01;35m[K-Wdeprecated-copy[m[K]
 2029 |         return [01;35m[Klhs[m[K;
      |                [01;35m[K^~~[m[K
[01m[K/usr/local/zed/include/sl/Camera.hpp:1963:20:[m[K [01;36m[Knote: [m[Kbecause ‘[01m[Ksl::Timestamp[m[K’ has user-provided ‘[01m[Ksl::Timestamp& sl::Timestamp::operator=(sl::Timestamp)[m[K’
 1963 |         Timestamp& [01;36m[Koperator[m[K=(Timestamp other) {
      |                    [01;36m[K^~~~~~~~[m[K
[01m[K/usr/local/zed/include/sl/Camera.hpp:[m[K In function ‘[01m[Ksl::Timestamp sl::operator/(sl::Timestamp, const sl::Timestamp&)[m[K’:
[01m[K/usr/local/zed/include/sl/Camera.hpp:2034:16:[m[K [01;35m[Kwarning: [m[Kimplicitly-declared ‘[01m[Kconstexpr sl::Timestamp::Timestamp(const sl::Timestamp&)[m[K’ is deprecated [[01;35m[K-Wdeprecated-copy[m[K]
 2034 |         return [01;35m[Klhs[m[K;
      |                [01;35m[K^~~[m[K
[01m[K/usr/local/zed/include/sl/Camera.hpp:1963:20:[m[K [01;36m[Knote: [m[Kbecause ‘[01m[Ksl::Timestamp[m[K’ has user-provided ‘[01m[Ksl::Timestamp& sl::Timestamp::operator=(sl::Timestamp)[m[K’
 1963 |         Timestamp& [01;36m[Koperator[m[K=(Timestamp other) {
      |                    [01;36m[K^~~~~~~~[m[K
[01m[K/usr/local/zed/include/sl/Camera.hpp:[m[K In function ‘[01m[Ksl::Timestamp sl::operator*(sl::Timestamp, const sl::Timestamp&)[m[K’:
[01m[K/usr/local/zed/include/sl/Camera.hpp:2039:16:[m[K [01;35m[Kwarning: [m[Kimplicitly-declared ‘[01m[Kconstexpr sl::Timestamp::Timestamp(const sl::Timestamp&)[m[K’ is deprecated [[01;35m[K-Wdeprecated-copy[m[K]
 2039 |         return [01;35m[Klhs[m[K;
      |                [01;35m[K^~~[m[K
[01m[K/usr/local/zed/include/sl/Camera.hpp:1963:20:[m[K [01;36m[Knote: [m[Kbecause ‘[01m[Ksl::Timestamp[m[K’ has user-provided ‘[01m[Ksl::Timestamp& sl::Timestamp::operator=(sl::Timestamp)[m[K’
 1963 |         Timestamp& [01;36m[Koperator[m[K=(Timestamp other) {
      |                    [01;36m[K^~~~~~~~[m[K
[01m[K/usr/local/zed/include/sl/Camera.hpp:[m[K In function ‘[01m[Ksl::Timestamp sl::getCurrentTimeStamp()[m[K’:
[01m[K/usr/local/zed/include/sl/Camera.hpp:2073:16:[m[K [01;35m[Kwarning: [m[Kimplicitly-declared ‘[01m[Kconstexpr sl::Timestamp::Timestamp(const sl::Timestamp&)[m[K’ is deprecated [[01;35m[K-Wdeprecated-copy[m[K]
 2073 |         return [01;35m[Kcurrent_ts[m[K;
      |                [01;35m[K^~~~~~~~~~[m[K
[01m[K/usr/local/zed/include/sl/Camera.hpp:1963:20:[m[K [01;36m[Knote: [m[Kbecause ‘[01m[Ksl::Timestamp[m[K’ has user-provided ‘[01m[Ksl::Timestamp& sl::Timestamp::operator=(sl::Timestamp)[m[K’
 1963 |         Timestamp& [01;36m[Koperator[m[K=(Timestamp other) {
      |                    [01;36m[K^~~~~~~~[m[K
[01m[K/usr/local/zed/include/sl/Camera.hpp:[m[K In function ‘[01m[KcudaError sl::__cudaSafeCall(cudaError, const char*, const char*, int)[m[K’:
[01m[K/usr/local/zed/include/sl/Camera.hpp:2079:89:[m[K [01;35m[Kwarning: [m[Kunused parameter ‘[01m[Kfile[m[K’ [[01;35m[K-Wunused-parameter[m[K]
 2079 |  __cudaSafeCall(cudaError err, const char *func, [01;35m[Kconst char *file[m[K, const int line) {
      |                                                  [01;35m[K~~~~~~~~~~~~^~~~[m[K

[01m[K/usr/local/zed/include/sl/Camera.hpp:2079:105:[m[K [01;35m[Kwarning: [m[Kunused parameter ‘[01m[Kline[m[K’ [[01;35m[K-Wunused-parameter[m[K]
 2079 | cudaError err, const char *func, const char *file, [01;35m[Kconst int line[m[K) {
      |                                                    [01;35m[K~~~~~~~~~~^~~~[m[K

In file included from [01m[K/home/manuel/buggy_ws_beta.a/install/zed_components/include/zed_components/sl_tools.h:50[m[K,
                 from [01m[K/home/manuel/buggy_ws_beta.a/install/zed_components/include/zed_components/zed_camera_component.hpp:28[m[K,
                 from [01m[K/home/manuel/buggy_ws_beta.a/src/zed-ros2-wrapper/zed_wrapper/src/zed_wrapper.cpp:26[m[K:
[01m[K/usr/local/zed/include/sl/Camera.hpp:[m[K At global scope:
[01m[K/usr/local/zed/include/sl/Camera.hpp:5399:12:[m[K [01;35m[Kwarning: [m[Ktype qualifiers ignored on function return type [[01;35m[K-Wignored-qualifiers[m[K]
 5399 |     inline [01;35m[Kconst[m[K void /*@cond SHOWHIDDEN*/SL_SDK_EXPORT/*@endcond*/ getZEDSDKBuildVersion(int &major, int& minor, int& patch) {
      |            [01;35m[K^~~~~[m[K
[01m[K/usr/local/zed/include/sl/Camera.hpp:5791:2:[m[K [01;35m[Kwarning: [m[Kextra ‘[01m[K;[m[K’ [[01;35m[K-Wpedantic[m[K]
 5791 | }[01;35m[K;[m[K
      |  [01;35m[K^[m[K
[100%] [32m[1mLinking CXX executable zed_wrapper[0m
[100%] Built target zed_wrapper
-- Install configuration: "Release"
-- Installing: /home/manuel/buggy_ws_beta.a/install/zed_wrapper/lib/zed_wrapper/zed_wrapper
-- Set runtime path of "/home/manuel/buggy_ws_beta.a/install/zed_wrapper/lib/zed_wrapper/zed_wrapper" to ""
-- Installing: /home/manuel/buggy_ws_beta.a/install/zed_wrapper/share/zed_wrapper/config
-- Installing: /home/manuel/buggy_ws_beta.a/install/zed_wrapper/share/zed_wrapper/config/zed.yaml
-- Installing: /home/manuel/buggy_ws_beta.a/install/zed_wrapper/share/zed_wrapper/config/common.yaml
-- Installing: /home/manuel/buggy_ws_beta.a/install/zed_wrapper/share/zed_wrapper/config/zed2.yaml
-- Installing: /home/manuel/buggy_ws_beta.a/install/zed_wrapper/share/zed_wrapper/config/zed2i.yaml
-- Installing: /home/manuel/buggy_ws_beta.a/install/zed_wrapper/share/zed_wrapper/config/zedm.yaml
-- Installing: /home/manuel/buggy_ws_beta.a/install/zed_wrapper/share/zed_wrapper/urdf
-- Installing: /home/manuel/buggy_ws_beta.a/install/zed_wrapper/share/zed_wrapper/urdf/zed_macro.urdf.xacro
-- Installing: /home/manuel/buggy_ws_beta.a/install/zed_wrapper/share/zed_wrapper/urdf/zed_descr.urdf.xacro
-- Installing: /home/manuel/buggy_ws_beta.a/install/zed_wrapper/share/zed_wrapper/urdf/include
-- Installing: /home/manuel/buggy_ws_beta.a/install/zed_wrapper/share/zed_wrapper/urdf/include/materials.urdf.xacro
-- Installing: /home/manuel/buggy_ws_beta.a/install/zed_wrapper/share/zed_wrapper/launch
-- Installing: /home/manuel/buggy_ws_beta.a/install/zed_wrapper/share/zed_wrapper/launch/zedm.launch.py
-- Installing: /home/manuel/buggy_ws_beta.a/install/zed_wrapper/share/zed_wrapper/launch/zed2.launch.py
-- Installing: /home/manuel/buggy_ws_beta.a/install/zed_wrapper/share/zed_wrapper/launch/zed2i.launch.py
-- Installing: /home/manuel/buggy_ws_beta.a/install/zed_wrapper/share/zed_wrapper/launch/include
-- Installing: /home/manuel/buggy_ws_beta.a/install/zed_wrapper/share/zed_wrapper/launch/include/zed_camera.launch.py
-- Installing: /home/manuel/buggy_ws_beta.a/install/zed_wrapper/share/zed_wrapper/launch/zed.launch.py
-- Installing: /home/manuel/buggy_ws_beta.a/install/zed_wrapper/share/ament_index/resource_index/package_run_dependencies/zed_wrapper
-- Installing: /home/manuel/buggy_ws_beta.a/install/zed_wrapper/share/ament_index/resource_index/parent_prefix_path/zed_wrapper
-- Installing: /home/manuel/buggy_ws_beta.a/install/zed_wrapper/share/zed_wrapper/environment/ament_prefix_path.sh
-- Installing: /home/manuel/buggy_ws_beta.a/install/zed_wrapper/share/zed_wrapper/environment/ament_prefix_path.dsv
-- Installing: /home/manuel/buggy_ws_beta.a/install/zed_wrapper/share/zed_wrapper/environment/path.sh
-- Installing: /home/manuel/buggy_ws_beta.a/install/zed_wrapper/share/zed_wrapper/environment/path.dsv
-- Installing: /home/manuel/buggy_ws_beta.a/install/zed_wrapper/share/zed_wrapper/local_setup.bash
-- Installing: /home/manuel/buggy_ws_beta.a/install/zed_wrapper/share/zed_wrapper/local_setup.sh
-- Installing: /home/manuel/buggy_ws_beta.a/install/zed_wrapper/share/zed_wrapper/local_setup.zsh
-- Installing: /home/manuel/buggy_ws_beta.a/install/zed_wrapper/share/zed_wrapper/local_setup.dsv
-- Installing: /home/manuel/buggy_ws_beta.a/install/zed_wrapper/share/zed_wrapper/package.dsv
-- Installing: /home/manuel/buggy_ws_beta.a/install/zed_wrapper/share/ament_index/resource_index/packages/zed_wrapper
-- Installing: /home/manuel/buggy_ws_beta.a/install/zed_wrapper/share/zed_wrapper/cmake/zed_wrapperConfig.cmake
-- Installing: /home/manuel/buggy_ws_beta.a/install/zed_wrapper/share/zed_wrapper/cmake/zed_wrapperConfig-version.cmake
-- Installing: /home/manuel/buggy_ws_beta.a/install/zed_wrapper/share/zed_wrapper/package.xml
