[ 50%] Built target botanbot_ackermann_drive
[100%] Built target gazebo_world_to_pointcloud
-- Install configuration: ""
-- Up-to-date: /home/manuel/buggy_ws_beta.a/install/buggy_mobile_robot/share/buggy_mobile_robot/config
-- Up-to-date: /home/manuel/buggy_ws_beta.a/install/buggy_mobile_robot/share/buggy_mobile_robot/launch
-- Up-to-date: /home/manuel/buggy_ws_beta.a/install/buggy_mobile_robot/share/buggy_mobile_robot/launch/buggy_simulated_mapping.launch.py
-- Up-to-date: /home/manuel/buggy_ws_beta.a/install/buggy_mobile_robot/share/buggy_mobile_robot/launch/buggy_simulated_gazebo.launch.py
-- Up-to-date: /home/manuel/buggy_ws_beta.a/install/buggy_mobile_robot/share/buggy_mobile_robot/launch/buggy_simulated_description.launch.py
-- Up-to-date: /home/manuel/buggy_ws_beta.a/install/buggy_mobile_robot/share/buggy_mobile_robot/launch/buggy_simulated_mapping_VLP16.launch.py
-- Up-to-date: /home/manuel/buggy_ws_beta.a/install/buggy_mobile_robot/share/buggy_mobile_robot/meshes
-- Up-to-date: /home/manuel/buggy_ws_beta.a/install/buggy_mobile_robot/share/buggy_mobile_robot/meshes/VLP16_scan.dae
-- Up-to-date: /home/manuel/buggy_ws_beta.a/install/buggy_mobile_robot/share/buggy_mobile_robot/meshes/VLP16_scan.stl
-- Up-to-date: /home/manuel/buggy_ws_beta.a/install/buggy_mobile_robot/share/buggy_mobile_robot/meshes/zed2.stl
-- Up-to-date: /home/manuel/buggy_ws_beta.a/install/buggy_mobile_robot/share/buggy_mobile_robot/meshes/wheel_a.stl
-- Up-to-date: /home/manuel/buggy_ws_beta.a/install/buggy_mobile_robot/share/buggy_mobile_robot/meshes/LMS1xx_small.dae
-- Up-to-date: /home/manuel/buggy_ws_beta.a/install/buggy_mobile_robot/share/buggy_mobile_robot/meshes/LMS1xx_collision.stl
-- Up-to-date: /home/manuel/buggy_ws_beta.a/install/buggy_mobile_robot/share/buggy_mobile_robot/meshes/velodyne-vlp16.stl
-- Up-to-date: /home/manuel/buggy_ws_beta.a/install/buggy_mobile_robot/share/buggy_mobile_robot/models
-- Up-to-date: /home/manuel/buggy_ws_beta.a/install/buggy_mobile_robot/share/buggy_mobile_robot/models/new_eupen_track
-- Up-to-date: /home/manuel/buggy_ws_beta.a/install/buggy_mobile_robot/share/buggy_mobile_robot/models/new_eupen_track/model.config
-- Up-to-date: /home/manuel/buggy_ws_beta.a/install/buggy_mobile_robot/share/buggy_mobile_robot/models/new_eupen_track/model.sdf
-- Up-to-date: /home/manuel/buggy_ws_beta.a/install/buggy_mobile_robot/share/buggy_mobile_robot/models/buggy_simulated_description
-- Up-to-date: /home/manuel/buggy_ws_beta.a/install/buggy_mobile_robot/share/buggy_mobile_robot/models/buggy_simulated_description/model.config
-- Up-to-date: /home/manuel/buggy_ws_beta.a/install/buggy_mobile_robot/share/buggy_mobile_robot/models/buggy_simulated_description/model.sdf
-- Up-to-date: /home/manuel/buggy_ws_beta.a/install/buggy_mobile_robot/share/buggy_mobile_robot/models/eupen_race.stl
-- Up-to-date: /home/manuel/buggy_ws_beta.a/install/buggy_mobile_robot/share/buggy_mobile_robot/models/buggy_mobile_description
-- Up-to-date: /home/manuel/buggy_ws_beta.a/install/buggy_mobile_robot/share/buggy_mobile_robot/models/buggy_mobile_description/meshes
-- Up-to-date: /home/manuel/buggy_ws_beta.a/install/buggy_mobile_robot/share/buggy_mobile_robot/models/buggy_mobile_description/meshes/zed2.stl
-- Up-to-date: /home/manuel/buggy_ws_beta.a/install/buggy_mobile_robot/share/buggy_mobile_robot/models/buggy_mobile_description/meshes/wheel_a.stl
-- Up-to-date: /home/manuel/buggy_ws_beta.a/install/buggy_mobile_robot/share/buggy_mobile_robot/models/buggy_mobile_description/meshes/LMS1xx_small.dae
-- Up-to-date: /home/manuel/buggy_ws_beta.a/install/buggy_mobile_robot/share/buggy_mobile_robot/models/buggy_mobile_description/meshes/LMS1xx_collision.stl
-- Up-to-date: /home/manuel/buggy_ws_beta.a/install/buggy_mobile_robot/share/buggy_mobile_robot/models/buggy_mobile_description/meshes/velodyne-vlp16.stl
-- Up-to-date: /home/manuel/buggy_ws_beta.a/install/buggy_mobile_robot/share/buggy_mobile_robot/models/buggy_mobile_description/model.config
-- Up-to-date: /home/manuel/buggy_ws_beta.a/install/buggy_mobile_robot/share/buggy_mobile_robot/models/buggy_mobile_description/model.sdf
-- Up-to-date: /home/manuel/buggy_ws_beta.a/install/buggy_mobile_robot/share/buggy_mobile_robot/models/eupen_race_Track
-- Up-to-date: /home/manuel/buggy_ws_beta.a/install/buggy_mobile_robot/share/buggy_mobile_robot/models/eupen_race_Track/model.config
-- Up-to-date: /home/manuel/buggy_ws_beta.a/install/buggy_mobile_robot/share/buggy_mobile_robot/models/eupen_race_Track/model.sdf
-- Up-to-date: /home/manuel/buggy_ws_beta.a/install/buggy_mobile_robot/share/buggy_mobile_robot/models/buggy.urdf
-- Up-to-date: /home/manuel/buggy_ws_beta.a/install/buggy_mobile_robot/share/buggy_mobile_robot/params
-- Up-to-date: /home/manuel/buggy_ws_beta.a/install/buggy_mobile_robot/share/buggy_mobile_robot/params/ekf_simulated.yaml
-- Up-to-date: /home/manuel/buggy_ws_beta.a/install/buggy_mobile_robot/share/buggy_mobile_robot/params/ekf.yaml
-- Up-to-date: /home/manuel/buggy_ws_beta.a/install/buggy_mobile_robot/share/buggy_mobile_robot/rviz
-- Up-to-date: /home/manuel/buggy_ws_beta.a/install/buggy_mobile_robot/share/buggy_mobile_robot/rviz/buggy_mapping_sick.rviz
-- Up-to-date: /home/manuel/buggy_ws_beta.a/install/buggy_mobile_robot/share/buggy_mobile_robot/rviz/buggy_mapping_slam.rviz
-- Up-to-date: /home/manuel/buggy_ws_beta.a/install/buggy_mobile_robot/share/buggy_mobile_robot/rviz/buggy_view_final.rviz
-- Up-to-date: /home/manuel/buggy_ws_beta.a/install/buggy_mobile_robot/share/buggy_mobile_robot/rviz/buggy_view_gazebo.rviz
-- Up-to-date: /home/manuel/buggy_ws_beta.a/install/buggy_mobile_robot/share/buggy_mobile_robot/rviz/buggy_mapping_3d.rviz
-- Up-to-date: /home/manuel/buggy_ws_beta.a/install/buggy_mobile_robot/share/buggy_mobile_robot/src
-- Up-to-date: /home/manuel/buggy_ws_beta.a/install/buggy_mobile_robot/share/buggy_mobile_robot/src/gazebo_to_pointcloud.cpp
-- Up-to-date: /home/manuel/buggy_ws_beta.a/install/buggy_mobile_robot/share/buggy_mobile_robot/src/gazebo_to_octomap.cpp
-- Up-to-date: /home/manuel/buggy_ws_beta.a/install/buggy_mobile_robot/share/buggy_mobile_robot/src/botanbot_ackermann_drive.cpp
-- Up-to-date: /home/manuel/buggy_ws_beta.a/install/buggy_mobile_robot/share/buggy_mobile_robot/worlds
-- Up-to-date: /home/manuel/buggy_ws_beta.a/install/buggy_mobile_robot/share/buggy_mobile_robot/worlds/empty.world
-- Installing: /home/manuel/buggy_ws_beta.a/install/buggy_mobile_robot/share/buggy_mobile_robot/worlds/new_eupen_race.world
-- Up-to-date: /home/manuel/buggy_ws_beta.a/install/buggy_mobile_robot/share/buggy_mobile_robot/worlds/empty_world.world
-- Up-to-date: /home/manuel/buggy_ws_beta.a/install/buggy_mobile_robot/share/buggy_mobile_robot/environment/library_path.sh
-- Up-to-date: /home/manuel/buggy_ws_beta.a/install/buggy_mobile_robot/share/buggy_mobile_robot/environment/library_path.dsv
-- Up-to-date: /home/manuel/buggy_ws_beta.a/install/buggy_mobile_robot/lib/libbotanbot_ackermann_drive.so
-- Up-to-date: /home/manuel/buggy_ws_beta.a/install/buggy_mobile_robot/lib/libgazebo_world_to_pointcloud.so
-- Up-to-date: /home/manuel/buggy_ws_beta.a/install/buggy_mobile_robot/include/
-- Up-to-date: /home/manuel/buggy_ws_beta.a/install/buggy_mobile_robot/include//buggy_mobile_robot
-- Up-to-date: /home/manuel/buggy_ws_beta.a/install/buggy_mobile_robot/include//buggy_mobile_robot/gazebo_to_octomap.hpp
-- Up-to-date: /home/manuel/buggy_ws_beta.a/install/buggy_mobile_robot/include//buggy_mobile_robot/botanbot_ackermann_drive.hpp
-- Up-to-date: /home/manuel/buggy_ws_beta.a/install/buggy_mobile_robot/include//buggy_mobile_robot/gazebo_to_octomap_common.hpp
-- Up-to-date: /home/manuel/buggy_ws_beta.a/install/buggy_mobile_robot/include//buggy_mobile_robot/gazebo_to_pointcloud.hpp
-- Up-to-date: /home/manuel/buggy_ws_beta.a/install/buggy_mobile_robot/share/ament_index/resource_index/package_run_dependencies/buggy_mobile_robot
-- Up-to-date: /home/manuel/buggy_ws_beta.a/install/buggy_mobile_robot/share/ament_index/resource_index/parent_prefix_path/buggy_mobile_robot
-- Up-to-date: /home/manuel/buggy_ws_beta.a/install/buggy_mobile_robot/share/buggy_mobile_robot/environment/ament_prefix_path.sh
-- Up-to-date: /home/manuel/buggy_ws_beta.a/install/buggy_mobile_robot/share/buggy_mobile_robot/environment/ament_prefix_path.dsv
-- Up-to-date: /home/manuel/buggy_ws_beta.a/install/buggy_mobile_robot/share/buggy_mobile_robot/environment/path.sh
-- Up-to-date: /home/manuel/buggy_ws_beta.a/install/buggy_mobile_robot/share/buggy_mobile_robot/environment/path.dsv
-- Up-to-date: /home/manuel/buggy_ws_beta.a/install/buggy_mobile_robot/share/buggy_mobile_robot/local_setup.bash
-- Up-to-date: /home/manuel/buggy_ws_beta.a/install/buggy_mobile_robot/share/buggy_mobile_robot/local_setup.sh
-- Up-to-date: /home/manuel/buggy_ws_beta.a/install/buggy_mobile_robot/share/buggy_mobile_robot/local_setup.zsh
-- Up-to-date: /home/manuel/buggy_ws_beta.a/install/buggy_mobile_robot/share/buggy_mobile_robot/local_setup.dsv
-- Installing: /home/manuel/buggy_ws_beta.a/install/buggy_mobile_robot/share/buggy_mobile_robot/package.dsv
-- Up-to-date: /home/manuel/buggy_ws_beta.a/install/buggy_mobile_robot/share/ament_index/resource_index/packages/buggy_mobile_robot
-- Up-to-date: /home/manuel/buggy_ws_beta.a/install/buggy_mobile_robot/share/buggy_mobile_robot/cmake/ament_cmake_export_libraries-extras.cmake
-- Up-to-date: /home/manuel/buggy_ws_beta.a/install/buggy_mobile_robot/share/buggy_mobile_robot/cmake/ament_cmake_export_include_directories-extras.cmake
-- Up-to-date: /home/manuel/buggy_ws_beta.a/install/buggy_mobile_robot/share/buggy_mobile_robot/cmake/ament_cmake_export_dependencies-extras.cmake
-- Up-to-date: /home/manuel/buggy_ws_beta.a/install/buggy_mobile_robot/share/buggy_mobile_robot/cmake/buggy_mobile_robotConfig.cmake
-- Up-to-date: /home/manuel/buggy_ws_beta.a/install/buggy_mobile_robot/share/buggy_mobile_robot/cmake/buggy_mobile_robotConfig-version.cmake
-- Up-to-date: /home/manuel/buggy_ws_beta.a/install/buggy_mobile_robot/share/buggy_mobile_robot/package.xml
