[0.176s] Invoking command in '/home/manuel/buggy_ws_beta.a/build/velodyne_driver': AMENT_PREFIX_PATH=/home/manuel/buggy_ws_beta.a/install/velodyne_msgs:${AMENT_PREFIX_PATH} CMAKE_PREFIX_PATH=/home/manuel/buggy_ws_beta.a/install/velodyne_msgs:/home/manuel/buggy_space/install/zed_ros2:/home/manuel/buggy_space/install/zed_display_rviz2:/home/manuel/buggy_space/install/zed_wrapper:/home/manuel/buggy_space/install/zed_tutorial_video:/home/manuel/buggy_space/install/zed_tutorial_pos_tracking:/home/manuel/buggy_space/install/zed_tutorial_depth:/home/manuel/buggy_space/install/zed_rgb_convert:/home/manuel/buggy_space/install/zed_components:/home/manuel/buggy_space/install/rviz_plugin_zed_od:/home/manuel/buggy_space/install/zed_interfaces:/home/manuel/buggy_space/install/buggy_mobile_robot:/home/manuel/buggy_space/install/vox_nav_msgs:/home/manuel/buggy_space/install/velodyne:/home/manuel/buggy_space/install/velodyne_pointcloud:/home/manuel/buggy_space/install/velodyne_driver:/home/manuel/buggy_space/install/velodyne_msgs:/home/manuel/buggy_space/install/velodyne_laserscan:/home/manuel/buggy_space/install/teb_local_planner:/home/manuel/buggy_space/install/teb_msgs:/home/manuel/buggy_space/install/sick_scan2:/home/manuel/buggy_space/install/ros_sensors:/home/manuel/buggy_space/install/ros2socketcan_lib:/home/manuel/buggy_space/install/ros2car_buggy:/home/manuel/buggy_space/install/robot_localization:/home/manuel/buggy_space/install/image_common:/home/manuel/buggy_space/install/image_transport:/home/manuel/buggy_space/install/costmap_converter:/home/manuel/buggy_space/install/costmap_converter_msgs:/home/manuel/buggy_space/install/can_msgs:/home/manuel/buggy_space/install/camera_info_manager:/home/manuel/buggy_space/install/camera_calibration_parsers:/home/manuel/buggy_space/install/buggy_msgs:/home/manuel/buggy_space/install/buggy_mobile_navigation:/home/manuel/buggy_space/install/ackermann_msgs:/home/manuel/buggy_space/install/ackermann_interfaces:/home/manuel/buggy_space/install/joint_state_publisher_gui:/home/manuel/buggy_space/install/joint_state_publisher:/home/manuel/buggy_space/install/ackermann_odometry:/home/manuel/buggy_space/install/ackermann_controller:/opt/ros/foxy LD_LIBRARY_PATH=/home/manuel/buggy_ws_beta.a/install/velodyne_msgs/lib:${LD_LIBRARY_PATH} PYTHONPATH=/home/manuel/buggy_ws_beta.a/install/velodyne_msgs/lib/python3.8/site-packages:${PYTHONPATH} /usr/bin/cmake /home/manuel/buggy_ws_beta.a/src/velodyne/velodyne_driver -DCMAKE_INSTALL_PREFIX=/home/manuel/buggy_ws_beta.a/install/velodyne_driver
[5.174s] -- The C compiler identification is GNU 9.4.0
[5.174s] -- The CXX compiler identification is GNU 9.4.0
[5.174s] -- Check for working C compiler: /usr/bin/cc
[5.174s] -- Check for working C compiler: /usr/bin/cc -- works
[5.174s] -- Detecting C compiler ABI info
[5.175s] -- Detecting C compiler ABI info - done
[5.175s] -- Detecting C compile features
[5.175s] -- Detecting C compile features - done
[5.175s] -- Check for working CXX compiler: /usr/bin/c++
[5.175s] -- Check for working CXX compiler: /usr/bin/c++ -- works
[5.175s] -- Detecting CXX compiler ABI info
[5.176s] -- Detecting CXX compiler ABI info - done
[5.176s] -- Detecting CXX compile features
[5.176s] -- Detecting CXX compile features - done
[5.176s] -- Found ament_cmake_ros: 0.9.2 (/opt/ros/foxy/share/ament_cmake_ros/cmake)
[5.176s] -- Found PythonInterp: /usr/bin/python3 (found suitable version "3.8.10", minimum required is "3") 
[5.176s] -- Using PYTHON_EXECUTABLE: /usr/bin/python3
[5.176s] -- Found diagnostic_msgs: 2.0.5 (/opt/ros/foxy/share/diagnostic_msgs/cmake)
[5.176s] -- Using all available rosidl_typesupport_c: rosidl_typesupport_fastrtps_c;rosidl_typesupport_introspection_c
[5.177s] -- Found rosidl_adapter: 1.3.0 (/opt/ros/foxy/share/rosidl_adapter/cmake)
[5.177s] -- Found OpenSSL: /usr/lib/x86_64-linux-gnu/libcrypto.so (found version "1.1.1f")  
[5.177s] -- Found FastRTPS: /opt/ros/foxy/include  
[5.177s] -- Using all available rosidl_typesupport_cpp: rosidl_typesupport_fastrtps_cpp;rosidl_typesupport_introspection_cpp
[5.177s] -- Found diagnostic_updater: 2.0.8 (/opt/ros/foxy/share/diagnostic_updater/cmake)
[5.177s] -- Found rmw_implementation_cmake: 1.0.3 (/opt/ros/foxy/share/rmw_implementation_cmake/cmake)
[5.177s] -- Using RMW implementation 'rmw_fastrtps_cpp' as default
[5.178s] -- Looking for pthread.h
[5.178s] -- Looking for pthread.h - found
[5.178s] -- Performing Test CMAKE_HAVE_LIBC_PTHREAD
[5.178s] -- Performing Test CMAKE_HAVE_LIBC_PTHREAD - Failed
[5.178s] -- Looking for pthread_create in pthreads
[5.178s] -- Looking for pthread_create in pthreads - not found
[5.178s] -- Looking for pthread_create in pthread
[5.178s] -- Looking for pthread_create in pthread - found
[5.179s] -- Found Threads: TRUE  
[5.179s] -- Found rclcpp_components: 2.4.2 (/opt/ros/foxy/share/rclcpp_components/cmake)
[5.179s] -- Found tf2_ros: 0.13.13 (/opt/ros/foxy/share/tf2_ros/cmake)
[5.202s] -- Found velodyne_msgs: 2.1.1 (/home/manuel/buggy_ws_beta.a/install/velodyne_msgs/share/velodyne_msgs/cmake)
[5.358s] -- Found ament_lint_auto: 0.9.7 (/opt/ros/foxy/share/ament_lint_auto/cmake)
[5.522s] -- Found gtest sources under '/opt/ros/foxy/src/gtest_vendor': C++ tests using 'Google Test' will be built
[5.528s] -- Check if compiler accepts -pthread
[5.672s] -- Check if compiler accepts -pthread - yes
[5.681s] -- Added test 'copyright' to check source files copyright and LICENSE
[5.685s] -- Added test 'cppcheck' to perform static code analysis on C / C++ code
[5.685s] -- Configured cppcheck include dirs: /home/manuel/buggy_ws_beta.a/src/velodyne/velodyne_driver/include
[5.686s] -- Configured cppcheck exclude dirs and/or files: 
[5.689s] -- Added test 'cpplint' to check C / C++ code against the Google style
[5.689s] -- Configured cpplint exclude dirs and/or files: 
[5.691s] -- Added test 'flake8' to check Python code syntax and style conventions
[5.693s] -- Added test 'lint_cmake' to check CMake code style
[5.695s] -- Added test 'pep257' to check Python code against some of the style conventions in PEP 257
[5.698s] -- Added test 'uncrustify' to check C / C++ code style
[5.699s] -- Configured uncrustify additional arguments: 
[5.701s] -- Added test 'xmllint' to check XML markup files
[5.709s] -- Configuring done
[5.790s] -- Generating done
[5.794s] -- Build files have been written to: /home/manuel/buggy_ws_beta.a/build/velodyne_driver
[5.813s] Invoked command in '/home/manuel/buggy_ws_beta.a/build/velodyne_driver' returned '0': AMENT_PREFIX_PATH=/home/manuel/buggy_ws_beta.a/install/velodyne_msgs:${AMENT_PREFIX_PATH} CMAKE_PREFIX_PATH=/home/manuel/buggy_ws_beta.a/install/velodyne_msgs:/home/manuel/buggy_space/install/zed_ros2:/home/manuel/buggy_space/install/zed_display_rviz2:/home/manuel/buggy_space/install/zed_wrapper:/home/manuel/buggy_space/install/zed_tutorial_video:/home/manuel/buggy_space/install/zed_tutorial_pos_tracking:/home/manuel/buggy_space/install/zed_tutorial_depth:/home/manuel/buggy_space/install/zed_rgb_convert:/home/manuel/buggy_space/install/zed_components:/home/manuel/buggy_space/install/rviz_plugin_zed_od:/home/manuel/buggy_space/install/zed_interfaces:/home/manuel/buggy_space/install/buggy_mobile_robot:/home/manuel/buggy_space/install/vox_nav_msgs:/home/manuel/buggy_space/install/velodyne:/home/manuel/buggy_space/install/velodyne_pointcloud:/home/manuel/buggy_space/install/velodyne_driver:/home/manuel/buggy_space/install/velodyne_msgs:/home/manuel/buggy_space/install/velodyne_laserscan:/home/manuel/buggy_space/install/teb_local_planner:/home/manuel/buggy_space/install/teb_msgs:/home/manuel/buggy_space/install/sick_scan2:/home/manuel/buggy_space/install/ros_sensors:/home/manuel/buggy_space/install/ros2socketcan_lib:/home/manuel/buggy_space/install/ros2car_buggy:/home/manuel/buggy_space/install/robot_localization:/home/manuel/buggy_space/install/image_common:/home/manuel/buggy_space/install/image_transport:/home/manuel/buggy_space/install/costmap_converter:/home/manuel/buggy_space/install/costmap_converter_msgs:/home/manuel/buggy_space/install/can_msgs:/home/manuel/buggy_space/install/camera_info_manager:/home/manuel/buggy_space/install/camera_calibration_parsers:/home/manuel/buggy_space/install/buggy_msgs:/home/manuel/buggy_space/install/buggy_mobile_navigation:/home/manuel/buggy_space/install/ackermann_msgs:/home/manuel/buggy_space/install/ackermann_interfaces:/home/manuel/buggy_space/install/joint_state_publisher_gui:/home/manuel/buggy_space/install/joint_state_publisher:/home/manuel/buggy_space/install/ackermann_odometry:/home/manuel/buggy_space/install/ackermann_controller:/opt/ros/foxy LD_LIBRARY_PATH=/home/manuel/buggy_ws_beta.a/install/velodyne_msgs/lib:${LD_LIBRARY_PATH} PYTHONPATH=/home/manuel/buggy_ws_beta.a/install/velodyne_msgs/lib/python3.8/site-packages:${PYTHONPATH} /usr/bin/cmake /home/manuel/buggy_ws_beta.a/src/velodyne/velodyne_driver -DCMAKE_INSTALL_PREFIX=/home/manuel/buggy_ws_beta.a/install/velodyne_driver
[5.848s] Invoking command in '/home/manuel/buggy_ws_beta.a/build/velodyne_driver': AMENT_PREFIX_PATH=/home/manuel/buggy_ws_beta.a/install/velodyne_msgs:${AMENT_PREFIX_PATH} CMAKE_PREFIX_PATH=/home/manuel/buggy_ws_beta.a/install/velodyne_msgs:/home/manuel/buggy_space/install/zed_ros2:/home/manuel/buggy_space/install/zed_display_rviz2:/home/manuel/buggy_space/install/zed_wrapper:/home/manuel/buggy_space/install/zed_tutorial_video:/home/manuel/buggy_space/install/zed_tutorial_pos_tracking:/home/manuel/buggy_space/install/zed_tutorial_depth:/home/manuel/buggy_space/install/zed_rgb_convert:/home/manuel/buggy_space/install/zed_components:/home/manuel/buggy_space/install/rviz_plugin_zed_od:/home/manuel/buggy_space/install/zed_interfaces:/home/manuel/buggy_space/install/buggy_mobile_robot:/home/manuel/buggy_space/install/vox_nav_msgs:/home/manuel/buggy_space/install/velodyne:/home/manuel/buggy_space/install/velodyne_pointcloud:/home/manuel/buggy_space/install/velodyne_driver:/home/manuel/buggy_space/install/velodyne_msgs:/home/manuel/buggy_space/install/velodyne_laserscan:/home/manuel/buggy_space/install/teb_local_planner:/home/manuel/buggy_space/install/teb_msgs:/home/manuel/buggy_space/install/sick_scan2:/home/manuel/buggy_space/install/ros_sensors:/home/manuel/buggy_space/install/ros2socketcan_lib:/home/manuel/buggy_space/install/ros2car_buggy:/home/manuel/buggy_space/install/robot_localization:/home/manuel/buggy_space/install/image_common:/home/manuel/buggy_space/install/image_transport:/home/manuel/buggy_space/install/costmap_converter:/home/manuel/buggy_space/install/costmap_converter_msgs:/home/manuel/buggy_space/install/can_msgs:/home/manuel/buggy_space/install/camera_info_manager:/home/manuel/buggy_space/install/camera_calibration_parsers:/home/manuel/buggy_space/install/buggy_msgs:/home/manuel/buggy_space/install/buggy_mobile_navigation:/home/manuel/buggy_space/install/ackermann_msgs:/home/manuel/buggy_space/install/ackermann_interfaces:/home/manuel/buggy_space/install/joint_state_publisher_gui:/home/manuel/buggy_space/install/joint_state_publisher:/home/manuel/buggy_space/install/ackermann_odometry:/home/manuel/buggy_space/install/ackermann_controller:/opt/ros/foxy LD_LIBRARY_PATH=/home/manuel/buggy_ws_beta.a/install/velodyne_msgs/lib:${LD_LIBRARY_PATH} PYTHONPATH=/home/manuel/buggy_ws_beta.a/install/velodyne_msgs/lib/python3.8/site-packages:${PYTHONPATH} /usr/bin/cmake --build /home/manuel/buggy_ws_beta.a/build/velodyne_driver -- -j16 -l16
[8.825s] [35m[1mScanning dependencies of target gtest[0m
[8.826s] [  8%] [32mBuilding CXX object gtest/CMakeFiles/gtest.dir/src/gtest-all.cc.o[0m
[11.241s] [ 16%] [32m[1mLinking CXX static library libgtest.a[0m
[11.305s] [ 16%] Built target gtest
[11.318s] [35m[1mScanning dependencies of target gtest_main[0m
[11.335s] [ 25%] [32mBuilding CXX object gtest/CMakeFiles/gtest_main.dir/src/gtest_main.cc.o[0m
[12.417s] [ 33%] [32m[1mLinking CXX static library libgtest_main.a[0m
[12.478s] [ 33%] Built target gtest_main
[12.499s] [35m[1mScanning dependencies of target velodyne_input[0m
[12.573s] [ 41%] [32mBuilding CXX object src/lib/CMakeFiles/velodyne_input.dir/input.cpp.o[0m
[14.936s] [ 50%] [32m[1mLinking CXX shared library libvelodyne_input.so[0m
[15.117s] [ 50%] Built target velodyne_input
[15.135s] [35m[1mScanning dependencies of target time_test[0m
[15.204s] [ 58%] [32mBuilding CXX object CMakeFiles/time_test.dir/tests/timeconversiontest.cpp.o[0m
[19.391s] [ 66%] [32m[1mLinking CXX executable time_test[0m
[19.625s] [ 66%] Built target time_test
[19.638s] [35m[1mScanning dependencies of target velodyne_driver[0m
[19.688s] [ 75%] [32mBuilding CXX object CMakeFiles/velodyne_driver.dir/src/driver/driver.cpp.o[0m
[25.384s] [ 83%] [32m[1mLinking CXX shared library libvelodyne_driver.so[0m
[25.694s] [ 83%] Built target velodyne_driver
[25.706s] [35m[1mScanning dependencies of target velodyne_driver_node[0m
[25.751s] [ 91%] [32mBuilding CXX object CMakeFiles/velodyne_driver_node.dir/src/driver/velodyne_node.cpp.o[0m
[28.567s] [100%] [32m[1mLinking CXX executable velodyne_driver_node[0m
[28.800s] [100%] Built target velodyne_driver_node
[28.814s] Invoked command in '/home/manuel/buggy_ws_beta.a/build/velodyne_driver' returned '0': AMENT_PREFIX_PATH=/home/manuel/buggy_ws_beta.a/install/velodyne_msgs:${AMENT_PREFIX_PATH} CMAKE_PREFIX_PATH=/home/manuel/buggy_ws_beta.a/install/velodyne_msgs:/home/manuel/buggy_space/install/zed_ros2:/home/manuel/buggy_space/install/zed_display_rviz2:/home/manuel/buggy_space/install/zed_wrapper:/home/manuel/buggy_space/install/zed_tutorial_video:/home/manuel/buggy_space/install/zed_tutorial_pos_tracking:/home/manuel/buggy_space/install/zed_tutorial_depth:/home/manuel/buggy_space/install/zed_rgb_convert:/home/manuel/buggy_space/install/zed_components:/home/manuel/buggy_space/install/rviz_plugin_zed_od:/home/manuel/buggy_space/install/zed_interfaces:/home/manuel/buggy_space/install/buggy_mobile_robot:/home/manuel/buggy_space/install/vox_nav_msgs:/home/manuel/buggy_space/install/velodyne:/home/manuel/buggy_space/install/velodyne_pointcloud:/home/manuel/buggy_space/install/velodyne_driver:/home/manuel/buggy_space/install/velodyne_msgs:/home/manuel/buggy_space/install/velodyne_laserscan:/home/manuel/buggy_space/install/teb_local_planner:/home/manuel/buggy_space/install/teb_msgs:/home/manuel/buggy_space/install/sick_scan2:/home/manuel/buggy_space/install/ros_sensors:/home/manuel/buggy_space/install/ros2socketcan_lib:/home/manuel/buggy_space/install/ros2car_buggy:/home/manuel/buggy_space/install/robot_localization:/home/manuel/buggy_space/install/image_common:/home/manuel/buggy_space/install/image_transport:/home/manuel/buggy_space/install/costmap_converter:/home/manuel/buggy_space/install/costmap_converter_msgs:/home/manuel/buggy_space/install/can_msgs:/home/manuel/buggy_space/install/camera_info_manager:/home/manuel/buggy_space/install/camera_calibration_parsers:/home/manuel/buggy_space/install/buggy_msgs:/home/manuel/buggy_space/install/buggy_mobile_navigation:/home/manuel/buggy_space/install/ackermann_msgs:/home/manuel/buggy_space/install/ackermann_interfaces:/home/manuel/buggy_space/install/joint_state_publisher_gui:/home/manuel/buggy_space/install/joint_state_publisher:/home/manuel/buggy_space/install/ackermann_odometry:/home/manuel/buggy_space/install/ackermann_controller:/opt/ros/foxy LD_LIBRARY_PATH=/home/manuel/buggy_ws_beta.a/install/velodyne_msgs/lib:${LD_LIBRARY_PATH} PYTHONPATH=/home/manuel/buggy_ws_beta.a/install/velodyne_msgs/lib/python3.8/site-packages:${PYTHONPATH} /usr/bin/cmake --build /home/manuel/buggy_ws_beta.a/build/velodyne_driver -- -j16 -l16
[28.859s] Invoking command in '/home/manuel/buggy_ws_beta.a/build/velodyne_driver': AMENT_PREFIX_PATH=/home/manuel/buggy_ws_beta.a/install/velodyne_msgs:${AMENT_PREFIX_PATH} CMAKE_PREFIX_PATH=/home/manuel/buggy_ws_beta.a/install/velodyne_msgs:/home/manuel/buggy_space/install/zed_ros2:/home/manuel/buggy_space/install/zed_display_rviz2:/home/manuel/buggy_space/install/zed_wrapper:/home/manuel/buggy_space/install/zed_tutorial_video:/home/manuel/buggy_space/install/zed_tutorial_pos_tracking:/home/manuel/buggy_space/install/zed_tutorial_depth:/home/manuel/buggy_space/install/zed_rgb_convert:/home/manuel/buggy_space/install/zed_components:/home/manuel/buggy_space/install/rviz_plugin_zed_od:/home/manuel/buggy_space/install/zed_interfaces:/home/manuel/buggy_space/install/buggy_mobile_robot:/home/manuel/buggy_space/install/vox_nav_msgs:/home/manuel/buggy_space/install/velodyne:/home/manuel/buggy_space/install/velodyne_pointcloud:/home/manuel/buggy_space/install/velodyne_driver:/home/manuel/buggy_space/install/velodyne_msgs:/home/manuel/buggy_space/install/velodyne_laserscan:/home/manuel/buggy_space/install/teb_local_planner:/home/manuel/buggy_space/install/teb_msgs:/home/manuel/buggy_space/install/sick_scan2:/home/manuel/buggy_space/install/ros_sensors:/home/manuel/buggy_space/install/ros2socketcan_lib:/home/manuel/buggy_space/install/ros2car_buggy:/home/manuel/buggy_space/install/robot_localization:/home/manuel/buggy_space/install/image_common:/home/manuel/buggy_space/install/image_transport:/home/manuel/buggy_space/install/costmap_converter:/home/manuel/buggy_space/install/costmap_converter_msgs:/home/manuel/buggy_space/install/can_msgs:/home/manuel/buggy_space/install/camera_info_manager:/home/manuel/buggy_space/install/camera_calibration_parsers:/home/manuel/buggy_space/install/buggy_msgs:/home/manuel/buggy_space/install/buggy_mobile_navigation:/home/manuel/buggy_space/install/ackermann_msgs:/home/manuel/buggy_space/install/ackermann_interfaces:/home/manuel/buggy_space/install/joint_state_publisher_gui:/home/manuel/buggy_space/install/joint_state_publisher:/home/manuel/buggy_space/install/ackermann_odometry:/home/manuel/buggy_space/install/ackermann_controller:/opt/ros/foxy LD_LIBRARY_PATH=/home/manuel/buggy_ws_beta.a/install/velodyne_msgs/lib:${LD_LIBRARY_PATH} PYTHONPATH=/home/manuel/buggy_ws_beta.a/install/velodyne_msgs/lib/python3.8/site-packages:${PYTHONPATH} /usr/bin/cmake --install /home/manuel/buggy_ws_beta.a/build/velodyne_driver
[28.869s] -- Install configuration: ""
[28.870s] -- Installing: /home/manuel/buggy_ws_beta.a/install/velodyne_driver/lib/libvelodyne_driver.so
[28.872s] -- Set runtime path of "/home/manuel/buggy_ws_beta.a/install/velodyne_driver/lib/libvelodyne_driver.so" to ""
[28.872s] -- Installing: /home/manuel/buggy_ws_beta.a/install/velodyne_driver/lib/velodyne_driver/velodyne_driver_node
[28.872s] -- Set runtime path of "/home/manuel/buggy_ws_beta.a/install/velodyne_driver/lib/velodyne_driver/velodyne_driver_node" to ""
[28.873s] -- Installing: /home/manuel/buggy_ws_beta.a/install/velodyne_driver/include/velodyne_driver
[28.873s] -- Installing: /home/manuel/buggy_ws_beta.a/install/velodyne_driver/include/velodyne_driver/time_conversion.hpp
[28.873s] -- Installing: /home/manuel/buggy_ws_beta.a/install/velodyne_driver/include/velodyne_driver/driver.hpp
[28.873s] -- Installing: /home/manuel/buggy_ws_beta.a/install/velodyne_driver/include/velodyne_driver/input.hpp
[28.873s] -- Installing: /home/manuel/buggy_ws_beta.a/install/velodyne_driver/share/velodyne_driver/config
[28.874s] -- Installing: /home/manuel/buggy_ws_beta.a/install/velodyne_driver/share/velodyne_driver/config/VLP16-velodyne_driver_node-params.yaml
[28.874s] -- Installing: /home/manuel/buggy_ws_beta.a/install/velodyne_driver/share/velodyne_driver/config/VLP32C-velodyne_driver_node-params.yaml
[28.874s] -- Installing: /home/manuel/buggy_ws_beta.a/install/velodyne_driver/share/velodyne_driver/launch
[28.874s] -- Installing: /home/manuel/buggy_ws_beta.a/install/velodyne_driver/share/velodyne_driver/launch/velodyne_driver_node-VLP32C-launch.py
[28.874s] -- Installing: /home/manuel/buggy_ws_beta.a/install/velodyne_driver/share/velodyne_driver/launch/velodyne_driver_node-VLP16-composed-launch.py
[28.875s] -- Installing: /home/manuel/buggy_ws_beta.a/install/velodyne_driver/share/velodyne_driver/launch/velodyne_driver_node-VLP32C-composed-launch.py
[28.875s] -- Installing: /home/manuel/buggy_ws_beta.a/install/velodyne_driver/share/velodyne_driver/launch/velodyne_driver_node-VLP16-launch.py
[28.875s] -- Installing: /home/manuel/buggy_ws_beta.a/install/velodyne_driver/lib/velodyne_driver/vdump
[28.875s] -- Installing: /home/manuel/buggy_ws_beta.a/install/velodyne_driver/share/ament_index/resource_index/package_run_dependencies/velodyne_driver
[28.876s] -- Installing: /home/manuel/buggy_ws_beta.a/install/velodyne_driver/share/ament_index/resource_index/parent_prefix_path/velodyne_driver
[28.876s] -- Installing: /home/manuel/buggy_ws_beta.a/install/velodyne_driver/share/velodyne_driver/environment/ament_prefix_path.sh
[28.876s] -- Installing: /home/manuel/buggy_ws_beta.a/install/velodyne_driver/share/velodyne_driver/environment/ament_prefix_path.dsv
[28.876s] -- Installing: /home/manuel/buggy_ws_beta.a/install/velodyne_driver/share/velodyne_driver/environment/path.sh
[28.877s] -- Installing: /home/manuel/buggy_ws_beta.a/install/velodyne_driver/share/velodyne_driver/environment/path.dsv
[28.877s] -- Installing: /home/manuel/buggy_ws_beta.a/install/velodyne_driver/share/velodyne_driver/local_setup.bash
[28.877s] -- Installing: /home/manuel/buggy_ws_beta.a/install/velodyne_driver/share/velodyne_driver/local_setup.sh
[28.877s] -- Installing: /home/manuel/buggy_ws_beta.a/install/velodyne_driver/share/velodyne_driver/local_setup.zsh
[28.877s] -- Installing: /home/manuel/buggy_ws_beta.a/install/velodyne_driver/share/velodyne_driver/local_setup.dsv
[28.877s] -- Installing: /home/manuel/buggy_ws_beta.a/install/velodyne_driver/share/velodyne_driver/package.dsv
[28.878s] -- Installing: /home/manuel/buggy_ws_beta.a/install/velodyne_driver/share/ament_index/resource_index/packages/velodyne_driver
[28.878s] -- Installing: /home/manuel/buggy_ws_beta.a/install/velodyne_driver/share/ament_index/resource_index/rclcpp_components/velodyne_driver
[28.878s] -- Installing: /home/manuel/buggy_ws_beta.a/install/velodyne_driver/share/velodyne_driver/cmake/velodyne_driverConfig.cmake
[28.878s] -- Installing: /home/manuel/buggy_ws_beta.a/install/velodyne_driver/share/velodyne_driver/cmake/velodyne_driverConfig-version.cmake
[28.878s] -- Installing: /home/manuel/buggy_ws_beta.a/install/velodyne_driver/share/velodyne_driver/package.xml
[28.878s] -- Installing: /home/manuel/buggy_ws_beta.a/install/velodyne_driver/lib/libvelodyne_input.so
[28.878s] -- Set runtime path of "/home/manuel/buggy_ws_beta.a/install/velodyne_driver/lib/libvelodyne_input.so" to ""
[28.885s] Invoked command in '/home/manuel/buggy_ws_beta.a/build/velodyne_driver' returned '0': AMENT_PREFIX_PATH=/home/manuel/buggy_ws_beta.a/install/velodyne_msgs:${AMENT_PREFIX_PATH} CMAKE_PREFIX_PATH=/home/manuel/buggy_ws_beta.a/install/velodyne_msgs:/home/manuel/buggy_space/install/zed_ros2:/home/manuel/buggy_space/install/zed_display_rviz2:/home/manuel/buggy_space/install/zed_wrapper:/home/manuel/buggy_space/install/zed_tutorial_video:/home/manuel/buggy_space/install/zed_tutorial_pos_tracking:/home/manuel/buggy_space/install/zed_tutorial_depth:/home/manuel/buggy_space/install/zed_rgb_convert:/home/manuel/buggy_space/install/zed_components:/home/manuel/buggy_space/install/rviz_plugin_zed_od:/home/manuel/buggy_space/install/zed_interfaces:/home/manuel/buggy_space/install/buggy_mobile_robot:/home/manuel/buggy_space/install/vox_nav_msgs:/home/manuel/buggy_space/install/velodyne:/home/manuel/buggy_space/install/velodyne_pointcloud:/home/manuel/buggy_space/install/velodyne_driver:/home/manuel/buggy_space/install/velodyne_msgs:/home/manuel/buggy_space/install/velodyne_laserscan:/home/manuel/buggy_space/install/teb_local_planner:/home/manuel/buggy_space/install/teb_msgs:/home/manuel/buggy_space/install/sick_scan2:/home/manuel/buggy_space/install/ros_sensors:/home/manuel/buggy_space/install/ros2socketcan_lib:/home/manuel/buggy_space/install/ros2car_buggy:/home/manuel/buggy_space/install/robot_localization:/home/manuel/buggy_space/install/image_common:/home/manuel/buggy_space/install/image_transport:/home/manuel/buggy_space/install/costmap_converter:/home/manuel/buggy_space/install/costmap_converter_msgs:/home/manuel/buggy_space/install/can_msgs:/home/manuel/buggy_space/install/camera_info_manager:/home/manuel/buggy_space/install/camera_calibration_parsers:/home/manuel/buggy_space/install/buggy_msgs:/home/manuel/buggy_space/install/buggy_mobile_navigation:/home/manuel/buggy_space/install/ackermann_msgs:/home/manuel/buggy_space/install/ackermann_interfaces:/home/manuel/buggy_space/install/joint_state_publisher_gui:/home/manuel/buggy_space/install/joint_state_publisher:/home/manuel/buggy_space/install/ackermann_odometry:/home/manuel/buggy_space/install/ackermann_controller:/opt/ros/foxy LD_LIBRARY_PATH=/home/manuel/buggy_ws_beta.a/install/velodyne_msgs/lib:${LD_LIBRARY_PATH} PYTHONPATH=/home/manuel/buggy_ws_beta.a/install/velodyne_msgs/lib/python3.8/site-packages:${PYTHONPATH} /usr/bin/cmake --install /home/manuel/buggy_ws_beta.a/build/velodyne_driver
