[0.129s] Invoking command in '/home/manuel/buggy_ws_beta.a/build/can_msgs': CMAKE_PREFIX_PATH=${CMAKE_PREFIX_PATH}:/home/manuel/buggy_ws_beta.a/install/joint_state_publisher_gui:/home/manuel/buggy_ws_beta.a/install/joint_state_publisher:/home/manuel/buggy_ws_beta.a/install/ackermann_odometry:/home/manuel/buggy_ws_beta.a/install/ackermann_controller:/home/manuel/buggy_space/install/joint_state_publisher_gui:/home/manuel/buggy_space/install/joint_state_publisher:/home/manuel/buggy_space/install/ackermann_odometry:/home/manuel/buggy_space/install/ackermann_controller:/opt/ros/foxy /usr/bin/cmake --build /home/manuel/buggy_ws_beta.a/build/can_msgs -- -j16 -l16
[0.580s] [  3%] Built target can_msgs__cpp
[0.580s] [ 12%] Built target can_msgs__rosidl_generator_c
[0.581s] [ 22%] Built target can_msgs__rosidl_typesupport_cpp
[0.581s] [ 32%] Built target can_msgs__rosidl_typesupport_fastrtps_cpp
[0.581s] [ 41%] Built target can_msgs__rosidl_typesupport_introspection_cpp
[0.581s] [ 51%] Built target can_msgs__rosidl_typesupport_introspection_c
[0.581s] [ 61%] Built target can_msgs__rosidl_typesupport_c
[0.581s] [ 70%] Built target can_msgs__rosidl_typesupport_fastrtps_c
[0.581s] [ 70%] Built target can_msgs
[0.581s] [ 74%] Built target can_msgs__py
[0.581s] [ 80%] Built target can_msgs__python
[0.582s] [ 87%] Built target can_msgs__rosidl_typesupport_introspection_c__pyext
[0.582s] [ 93%] Built target can_msgs__rosidl_typesupport_fastrtps_c__pyext
[0.582s] [100%] Built target can_msgs__rosidl_typesupport_c__pyext
[0.606s] Invoked command in '/home/manuel/buggy_ws_beta.a/build/can_msgs' returned '0': CMAKE_PREFIX_PATH=${CMAKE_PREFIX_PATH}:/home/manuel/buggy_ws_beta.a/install/joint_state_publisher_gui:/home/manuel/buggy_ws_beta.a/install/joint_state_publisher:/home/manuel/buggy_ws_beta.a/install/ackermann_odometry:/home/manuel/buggy_ws_beta.a/install/ackermann_controller:/home/manuel/buggy_space/install/joint_state_publisher_gui:/home/manuel/buggy_space/install/joint_state_publisher:/home/manuel/buggy_space/install/ackermann_odometry:/home/manuel/buggy_space/install/ackermann_controller:/opt/ros/foxy /usr/bin/cmake --build /home/manuel/buggy_ws_beta.a/build/can_msgs -- -j16 -l16
[0.900s] Invoking command in '/home/manuel/buggy_ws_beta.a/build/can_msgs': CMAKE_PREFIX_PATH=${CMAKE_PREFIX_PATH}:/home/manuel/buggy_ws_beta.a/install/joint_state_publisher_gui:/home/manuel/buggy_ws_beta.a/install/joint_state_publisher:/home/manuel/buggy_ws_beta.a/install/ackermann_odometry:/home/manuel/buggy_ws_beta.a/install/ackermann_controller:/home/manuel/buggy_space/install/joint_state_publisher_gui:/home/manuel/buggy_space/install/joint_state_publisher:/home/manuel/buggy_space/install/ackermann_odometry:/home/manuel/buggy_space/install/ackermann_controller:/opt/ros/foxy /usr/bin/cmake --install /home/manuel/buggy_ws_beta.a/build/can_msgs
[1.031s] -- Install configuration: ""
[1.031s] -- Up-to-date: /home/manuel/buggy_ws_beta.a/install/can_msgs/share/ament_index/resource_index/rosidl_interfaces/can_msgs
[1.031s] -- Up-to-date: /home/manuel/buggy_ws_beta.a/install/can_msgs/include/can_msgs
[1.031s] -- Up-to-date: /home/manuel/buggy_ws_beta.a/install/can_msgs/include/can_msgs/msg
[1.031s] -- Up-to-date: /home/manuel/buggy_ws_beta.a/install/can_msgs/include/can_msgs/msg/detail
[1.031s] -- Up-to-date: /home/manuel/buggy_ws_beta.a/install/can_msgs/include/can_msgs/msg/detail/frame__functions.c
[1.031s] -- Up-to-date: /home/manuel/buggy_ws_beta.a/install/can_msgs/include/can_msgs/msg/detail/frame__struct.h
[1.031s] -- Up-to-date: /home/manuel/buggy_ws_beta.a/install/can_msgs/include/can_msgs/msg/detail/frame__functions.h
[1.032s] -- Up-to-date: /home/manuel/buggy_ws_beta.a/install/can_msgs/include/can_msgs/msg/detail/frame__type_support.h
[1.032s] -- Up-to-date: /home/manuel/buggy_ws_beta.a/install/can_msgs/include/can_msgs/msg/rosidl_generator_c__visibility_control.h
[1.032s] -- Up-to-date: /home/manuel/buggy_ws_beta.a/install/can_msgs/include/can_msgs/msg/frame.h
[1.032s] -- Up-to-date: /home/manuel/buggy_ws_beta.a/install/can_msgs/share/can_msgs/environment/library_path.sh
[1.032s] -- Up-to-date: /home/manuel/buggy_ws_beta.a/install/can_msgs/share/can_msgs/environment/library_path.dsv
[1.032s] -- Up-to-date: /home/manuel/buggy_ws_beta.a/install/can_msgs/lib/libcan_msgs__rosidl_generator_c.so
[1.032s] -- Up-to-date: /home/manuel/buggy_ws_beta.a/install/can_msgs/include/can_msgs
[1.032s] -- Up-to-date: /home/manuel/buggy_ws_beta.a/install/can_msgs/include/can_msgs/msg
[1.032s] -- Up-to-date: /home/manuel/buggy_ws_beta.a/install/can_msgs/include/can_msgs/msg/detail
[1.032s] -- Up-to-date: /home/manuel/buggy_ws_beta.a/install/can_msgs/include/can_msgs/msg/detail/frame__rosidl_typesupport_fastrtps_c.h
[1.032s] -- Up-to-date: /home/manuel/buggy_ws_beta.a/install/can_msgs/include/can_msgs/msg/rosidl_typesupport_fastrtps_c__visibility_control.h
[1.033s] -- Up-to-date: /home/manuel/buggy_ws_beta.a/install/can_msgs/lib/libcan_msgs__rosidl_typesupport_fastrtps_c.so
[1.033s] -- Up-to-date: /home/manuel/buggy_ws_beta.a/install/can_msgs/include/can_msgs
[1.036s] -- Up-to-date: /home/manuel/buggy_ws_beta.a/install/can_msgs/include/can_msgs/msg
[1.036s] -- Up-to-date: /home/manuel/buggy_ws_beta.a/install/can_msgs/include/can_msgs/msg/detail
[1.036s] -- Up-to-date: /home/manuel/buggy_ws_beta.a/install/can_msgs/include/can_msgs/msg/detail/dds_fastrtps
[1.036s] -- Up-to-date: /home/manuel/buggy_ws_beta.a/install/can_msgs/include/can_msgs/msg/detail/frame__rosidl_typesupport_fastrtps_cpp.hpp
[1.036s] -- Up-to-date: /home/manuel/buggy_ws_beta.a/install/can_msgs/include/can_msgs/msg/rosidl_typesupport_fastrtps_cpp__visibility_control.h
[1.037s] -- Up-to-date: /home/manuel/buggy_ws_beta.a/install/can_msgs/lib/libcan_msgs__rosidl_typesupport_fastrtps_cpp.so
[1.037s] -- Up-to-date: /home/manuel/buggy_ws_beta.a/install/can_msgs/include/can_msgs
[1.037s] -- Up-to-date: /home/manuel/buggy_ws_beta.a/install/can_msgs/include/can_msgs/msg
[1.040s] -- Up-to-date: /home/manuel/buggy_ws_beta.a/install/can_msgs/include/can_msgs/msg/detail
[1.041s] -- Up-to-date: /home/manuel/buggy_ws_beta.a/install/can_msgs/include/can_msgs/msg/detail/frame__rosidl_typesupport_introspection_c.h
[1.041s] -- Up-to-date: /home/manuel/buggy_ws_beta.a/install/can_msgs/include/can_msgs/msg/detail/frame__type_support.c
[1.041s] -- Up-to-date: /home/manuel/buggy_ws_beta.a/install/can_msgs/include/can_msgs/msg/rosidl_typesupport_introspection_c__visibility_control.h
[1.041s] -- Up-to-date: /home/manuel/buggy_ws_beta.a/install/can_msgs/lib/libcan_msgs__rosidl_typesupport_introspection_c.so
[1.041s] -- Up-to-date: /home/manuel/buggy_ws_beta.a/install/can_msgs/lib/libcan_msgs__rosidl_typesupport_c.so
[1.041s] -- Up-to-date: /home/manuel/buggy_ws_beta.a/install/can_msgs/include/can_msgs
[1.042s] -- Up-to-date: /home/manuel/buggy_ws_beta.a/install/can_msgs/include/can_msgs/msg
[1.042s] -- Up-to-date: /home/manuel/buggy_ws_beta.a/install/can_msgs/include/can_msgs/msg/detail
[1.046s] -- Up-to-date: /home/manuel/buggy_ws_beta.a/install/can_msgs/include/can_msgs/msg/detail/frame__traits.hpp
[1.046s] -- Up-to-date: /home/manuel/buggy_ws_beta.a/install/can_msgs/include/can_msgs/msg/detail/frame__builder.hpp
[1.047s] -- Up-to-date: /home/manuel/buggy_ws_beta.a/install/can_msgs/include/can_msgs/msg/detail/frame__struct.hpp
[1.047s] -- Up-to-date: /home/manuel/buggy_ws_beta.a/install/can_msgs/include/can_msgs/msg/frame.hpp
[1.047s] -- Up-to-date: /home/manuel/buggy_ws_beta.a/install/can_msgs/include/can_msgs
[1.047s] -- Up-to-date: /home/manuel/buggy_ws_beta.a/install/can_msgs/include/can_msgs/msg
[1.048s] -- Up-to-date: /home/manuel/buggy_ws_beta.a/install/can_msgs/include/can_msgs/msg/detail
[1.048s] -- Up-to-date: /home/manuel/buggy_ws_beta.a/install/can_msgs/include/can_msgs/msg/detail/frame__rosidl_typesupport_introspection_cpp.hpp
[1.048s] -- Up-to-date: /home/manuel/buggy_ws_beta.a/install/can_msgs/include/can_msgs/msg/detail/frame__type_support.cpp
[1.048s] -- Up-to-date: /home/manuel/buggy_ws_beta.a/install/can_msgs/lib/libcan_msgs__rosidl_typesupport_introspection_cpp.so
[1.049s] -- Up-to-date: /home/manuel/buggy_ws_beta.a/install/can_msgs/lib/libcan_msgs__rosidl_typesupport_cpp.so
[1.049s] -- Up-to-date: /home/manuel/buggy_ws_beta.a/install/can_msgs/share/can_msgs/environment/pythonpath.sh
[1.049s] -- Up-to-date: /home/manuel/buggy_ws_beta.a/install/can_msgs/share/can_msgs/environment/pythonpath.dsv
[1.049s] -- Up-to-date: /home/manuel/buggy_ws_beta.a/install/can_msgs/lib/python3.8/site-packages/can_msgs/__init__.py
[1.049s] -- Up-to-date: /home/manuel/buggy_ws_beta.a/install/can_msgs/lib/python3.8/site-packages/can_msgs/msg
[1.050s] -- Up-to-date: /home/manuel/buggy_ws_beta.a/install/can_msgs/lib/python3.8/site-packages/can_msgs/msg/_frame.py
[1.051s] -- Up-to-date: /home/manuel/buggy_ws_beta.a/install/can_msgs/lib/python3.8/site-packages/can_msgs/msg/_frame_s.c
[1.051s] -- Up-to-date: /home/manuel/buggy_ws_beta.a/install/can_msgs/lib/python3.8/site-packages/can_msgs/msg/__init__.py
[1.051s] -- Up-to-date: /home/manuel/buggy_ws_beta.a/install/can_msgs/lib/python3.8/site-packages/can_msgs/can_msgs_s__rosidl_typesupport_fastrtps_c.cpython-38-x86_64-linux-gnu.so
[1.051s] -- Up-to-date: /home/manuel/buggy_ws_beta.a/install/can_msgs/lib/python3.8/site-packages/can_msgs/can_msgs_s__rosidl_typesupport_introspection_c.cpython-38-x86_64-linux-gnu.so
[1.051s] -- Up-to-date: /home/manuel/buggy_ws_beta.a/install/can_msgs/lib/python3.8/site-packages/can_msgs/can_msgs_s__rosidl_typesupport_c.cpython-38-x86_64-linux-gnu.so
[1.051s] -- Up-to-date: /home/manuel/buggy_ws_beta.a/install/can_msgs/lib/libcan_msgs__python.so
[1.051s] -- Up-to-date: /home/manuel/buggy_ws_beta.a/install/can_msgs/share/can_msgs/msg/Frame.idl
[1.051s] -- Up-to-date: /home/manuel/buggy_ws_beta.a/install/can_msgs/share/can_msgs/msg/Frame.msg
[1.051s] -- Up-to-date: /home/manuel/buggy_ws_beta.a/install/can_msgs/share/ament_index/resource_index/package_run_dependencies/can_msgs
[1.051s] -- Up-to-date: /home/manuel/buggy_ws_beta.a/install/can_msgs/share/ament_index/resource_index/parent_prefix_path/can_msgs
[1.052s] -- Up-to-date: /home/manuel/buggy_ws_beta.a/install/can_msgs/share/can_msgs/environment/ament_prefix_path.sh
[1.052s] -- Up-to-date: /home/manuel/buggy_ws_beta.a/install/can_msgs/share/can_msgs/environment/ament_prefix_path.dsv
[1.052s] -- Up-to-date: /home/manuel/buggy_ws_beta.a/install/can_msgs/share/can_msgs/environment/path.sh
[1.053s] -- Up-to-date: /home/manuel/buggy_ws_beta.a/install/can_msgs/share/can_msgs/environment/path.dsv
[1.053s] -- Up-to-date: /home/manuel/buggy_ws_beta.a/install/can_msgs/share/can_msgs/local_setup.bash
[1.053s] -- Up-to-date: /home/manuel/buggy_ws_beta.a/install/can_msgs/share/can_msgs/local_setup.sh
[1.055s] -- Up-to-date: /home/manuel/buggy_ws_beta.a/install/can_msgs/share/can_msgs/local_setup.zsh
[1.055s] -- Up-to-date: /home/manuel/buggy_ws_beta.a/install/can_msgs/share/can_msgs/local_setup.dsv
[1.056s] -- Installing: /home/manuel/buggy_ws_beta.a/install/can_msgs/share/can_msgs/package.dsv
[1.056s] -- Up-to-date: /home/manuel/buggy_ws_beta.a/install/can_msgs/share/ament_index/resource_index/packages/can_msgs
[1.057s] -- Up-to-date: /home/manuel/buggy_ws_beta.a/install/can_msgs/share/can_msgs/cmake/can_msgs__rosidl_generator_cExport.cmake
[1.061s] -- Up-to-date: /home/manuel/buggy_ws_beta.a/install/can_msgs/share/can_msgs/cmake/can_msgs__rosidl_generator_cExport-noconfig.cmake
[1.061s] -- Up-to-date: /home/manuel/buggy_ws_beta.a/install/can_msgs/share/can_msgs/cmake/can_msgs__rosidl_typesupport_introspection_cExport.cmake
[1.086s] -- Up-to-date: /home/manuel/buggy_ws_beta.a/install/can_msgs/share/can_msgs/cmake/can_msgs__rosidl_typesupport_introspection_cExport-noconfig.cmake
[1.086s] -- Up-to-date: /home/manuel/buggy_ws_beta.a/install/can_msgs/share/can_msgs/cmake/can_msgs__rosidl_typesupport_cExport.cmake
[1.086s] -- Up-to-date: /home/manuel/buggy_ws_beta.a/install/can_msgs/share/can_msgs/cmake/can_msgs__rosidl_typesupport_cExport-noconfig.cmake
[1.086s] -- Up-to-date: /home/manuel/buggy_ws_beta.a/install/can_msgs/share/can_msgs/cmake/can_msgs__rosidl_generator_cppExport.cmake
[1.086s] -- Up-to-date: /home/manuel/buggy_ws_beta.a/install/can_msgs/share/can_msgs/cmake/can_msgs__rosidl_typesupport_introspection_cppExport.cmake
[1.086s] -- Up-to-date: /home/manuel/buggy_ws_beta.a/install/can_msgs/share/can_msgs/cmake/can_msgs__rosidl_typesupport_introspection_cppExport-noconfig.cmake
[1.086s] -- Up-to-date: /home/manuel/buggy_ws_beta.a/install/can_msgs/share/can_msgs/cmake/can_msgs__rosidl_typesupport_cppExport.cmake
[1.086s] -- Up-to-date: /home/manuel/buggy_ws_beta.a/install/can_msgs/share/can_msgs/cmake/can_msgs__rosidl_typesupport_cppExport-noconfig.cmake
[1.086s] -- Up-to-date: /home/manuel/buggy_ws_beta.a/install/can_msgs/share/can_msgs/cmake/rosidl_cmake-extras.cmake
[1.087s] -- Up-to-date: /home/manuel/buggy_ws_beta.a/install/can_msgs/share/can_msgs/cmake/ament_cmake_export_dependencies-extras.cmake
[1.087s] -- Up-to-date: /home/manuel/buggy_ws_beta.a/install/can_msgs/share/can_msgs/cmake/ament_cmake_export_libraries-extras.cmake
[1.087s] -- Up-to-date: /home/manuel/buggy_ws_beta.a/install/can_msgs/share/can_msgs/cmake/ament_cmake_export_targets-extras.cmake
[1.088s] -- Up-to-date: /home/manuel/buggy_ws_beta.a/install/can_msgs/share/can_msgs/cmake/ament_cmake_export_include_directories-extras.cmake
[1.088s] -- Up-to-date: /home/manuel/buggy_ws_beta.a/install/can_msgs/share/can_msgs/cmake/rosidl_cmake_export_typesupport_libraries-extras.cmake
[1.088s] -- Up-to-date: /home/manuel/buggy_ws_beta.a/install/can_msgs/share/can_msgs/cmake/rosidl_cmake_export_typesupport_targets-extras.cmake
[1.088s] -- Up-to-date: /home/manuel/buggy_ws_beta.a/install/can_msgs/share/can_msgs/cmake/can_msgsConfig.cmake
[1.088s] -- Up-to-date: /home/manuel/buggy_ws_beta.a/install/can_msgs/share/can_msgs/cmake/can_msgsConfig-version.cmake
[1.088s] -- Up-to-date: /home/manuel/buggy_ws_beta.a/install/can_msgs/share/can_msgs/package.xml
[1.130s] Invoked command in '/home/manuel/buggy_ws_beta.a/build/can_msgs' returned '0': CMAKE_PREFIX_PATH=${CMAKE_PREFIX_PATH}:/home/manuel/buggy_ws_beta.a/install/joint_state_publisher_gui:/home/manuel/buggy_ws_beta.a/install/joint_state_publisher:/home/manuel/buggy_ws_beta.a/install/ackermann_odometry:/home/manuel/buggy_ws_beta.a/install/ackermann_controller:/home/manuel/buggy_space/install/joint_state_publisher_gui:/home/manuel/buggy_space/install/joint_state_publisher:/home/manuel/buggy_space/install/ackermann_odometry:/home/manuel/buggy_space/install/ackermann_controller:/opt/ros/foxy /usr/bin/cmake --install /home/manuel/buggy_ws_beta.a/build/can_msgs
