running egg_info
creating ../../../build/joint_state_publisher_gui/joint_state_publisher_gui.egg-info
writing ../../../build/joint_state_publisher_gui/joint_state_publisher_gui.egg-info/PKG-INFO
writing dependency_links to ../../../build/joint_state_publisher_gui/joint_state_publisher_gui.egg-info/dependency_links.txt
writing entry points to ../../../build/joint_state_publisher_gui/joint_state_publisher_gui.egg-info/entry_points.txt
writing requirements to ../../../build/joint_state_publisher_gui/joint_state_publisher_gui.egg-info/requires.txt
writing top-level names to ../../../build/joint_state_publisher_gui/joint_state_publisher_gui.egg-info/top_level.txt
writing manifest file '../../../build/joint_state_publisher_gui/joint_state_publisher_gui.egg-info/SOURCES.txt'
reading manifest file '../../../build/joint_state_publisher_gui/joint_state_publisher_gui.egg-info/SOURCES.txt'
adding license file 'LICENSE'
writing manifest file '../../../build/joint_state_publisher_gui/joint_state_publisher_gui.egg-info/SOURCES.txt'
running build
running build_py
creating /home/manuel/buggy_ws_beta.a/build/joint_state_publisher_gui/build
creating /home/manuel/buggy_ws_beta.a/build/joint_state_publisher_gui/build/lib
creating /home/manuel/buggy_ws_beta.a/build/joint_state_publisher_gui/build/lib/joint_state_publisher_gui
copying joint_state_publisher_gui/joint_state_publisher_gui.py -> /home/manuel/buggy_ws_beta.a/build/joint_state_publisher_gui/build/lib/joint_state_publisher_gui
copying joint_state_publisher_gui/flow_layout.py -> /home/manuel/buggy_ws_beta.a/build/joint_state_publisher_gui/build/lib/joint_state_publisher_gui
copying joint_state_publisher_gui/__init__.py -> /home/manuel/buggy_ws_beta.a/build/joint_state_publisher_gui/build/lib/joint_state_publisher_gui
running install
running install_lib
creating /home/manuel/buggy_ws_beta.a/install/joint_state_publisher_gui/lib/python3.8/site-packages/joint_state_publisher_gui
copying /home/manuel/buggy_ws_beta.a/build/joint_state_publisher_gui/build/lib/joint_state_publisher_gui/joint_state_publisher_gui.py -> /home/manuel/buggy_ws_beta.a/install/joint_state_publisher_gui/lib/python3.8/site-packages/joint_state_publisher_gui
copying /home/manuel/buggy_ws_beta.a/build/joint_state_publisher_gui/build/lib/joint_state_publisher_gui/flow_layout.py -> /home/manuel/buggy_ws_beta.a/install/joint_state_publisher_gui/lib/python3.8/site-packages/joint_state_publisher_gui
copying /home/manuel/buggy_ws_beta.a/build/joint_state_publisher_gui/build/lib/joint_state_publisher_gui/__init__.py -> /home/manuel/buggy_ws_beta.a/install/joint_state_publisher_gui/lib/python3.8/site-packages/joint_state_publisher_gui
byte-compiling /home/manuel/buggy_ws_beta.a/install/joint_state_publisher_gui/lib/python3.8/site-packages/joint_state_publisher_gui/joint_state_publisher_gui.py to joint_state_publisher_gui.cpython-38.pyc
byte-compiling /home/manuel/buggy_ws_beta.a/install/joint_state_publisher_gui/lib/python3.8/site-packages/joint_state_publisher_gui/flow_layout.py to flow_layout.cpython-38.pyc
byte-compiling /home/manuel/buggy_ws_beta.a/install/joint_state_publisher_gui/lib/python3.8/site-packages/joint_state_publisher_gui/__init__.py to __init__.cpython-38.pyc
running install_data
creating /home/manuel/buggy_ws_beta.a/install/joint_state_publisher_gui/share/ament_index
creating /home/manuel/buggy_ws_beta.a/install/joint_state_publisher_gui/share/ament_index/resource_index
creating /home/manuel/buggy_ws_beta.a/install/joint_state_publisher_gui/share/ament_index/resource_index/packages
copying resource/joint_state_publisher_gui -> /home/manuel/buggy_ws_beta.a/install/joint_state_publisher_gui/share/ament_index/resource_index/packages
copying package.xml -> /home/manuel/buggy_ws_beta.a/install/joint_state_publisher_gui/share/joint_state_publisher_gui
running install_egg_info
Copying ../../../build/joint_state_publisher_gui/joint_state_publisher_gui.egg-info to /home/manuel/buggy_ws_beta.a/install/joint_state_publisher_gui/lib/python3.8/site-packages/joint_state_publisher_gui-2.2.0-py3.8.egg-info
running install_scripts
Installing joint_state_publisher_gui script to /home/manuel/buggy_ws_beta.a/install/joint_state_publisher_gui/lib/joint_state_publisher_gui
writing list of installed files to '/home/manuel/buggy_ws_beta.a/build/joint_state_publisher_gui/install.log'
/home/manuel/.local/lib/python3.8/site-packages/setuptools/command/install.py:34: SetuptoolsDeprecationWarning: setup.py install is deprecated. Use build and pip and other standards-based tools.
  warnings.warn(
