-- The C compiler identification is GNU 9.4.0
-- The CXX compiler identification is GNU 9.4.0
-- Check for working C compiler: /usr/bin/cc
-- Check for working C compiler: /usr/bin/cc -- works
-- Detecting C compiler ABI info
-- Detecting C compiler ABI info - done
-- Detecting C compile features
-- Detecting C compile features - done
-- Check for working CXX compiler: /usr/bin/c++
-- Check for working CXX compiler: /usr/bin/c++ -- works
-- Detecting CXX compiler ABI info
-- Detecting CXX compiler ABI info - done
-- Detecting CXX compile features
-- Detecting CXX compile features - done
-- Found ament_cmake: 0.9.11 (/opt/ros/foxy/share/ament_cmake/cmake)
-- Found PythonInterp: /usr/bin/python3 (found suitable version "3.8.10", minimum required is "3") 
-- Using PYTHON_EXECUTABLE: /usr/bin/python3
-- Found ament_lint_auto: 0.9.7 (/opt/ros/foxy/share/ament_lint_auto/cmake)
-- Added test 'copyright' to check source files copyright and LICENSE
-- Added test 'flake8' to check Python code syntax and style conventions
-- Added test 'lint_cmake' to check CMake code style
-- Added test 'pep257' to check Python code against some of the style conventions in PEP 257
-- Added test 'xmllint' to check XML markup files
-- Configuring done
-- Generating done
-- Build files have been written to: /home/manuel/buggy_ws_beta.a/build/buggy_mobile_navigation
-- Install configuration: ""
-- Installing: /home/manuel/buggy_ws_beta.a/install/buggy_mobile_navigation/share/buggy_mobile_navigation/launch
-- Installing: /home/manuel/buggy_ws_beta.a/install/buggy_mobile_navigation/share/buggy_mobile_navigation/launch/buggy_mapping_VLP16.launch.py
-- Installing: /home/manuel/buggy_ws_beta.a/install/buggy_mobile_navigation/share/buggy_mobile_navigation/launch/dual_ekf.launch.py
-- Installing: /home/manuel/buggy_ws_beta.a/install/buggy_mobile_navigation/share/buggy_mobile_navigation/launch/rviz.launch.py
-- Installing: /home/manuel/buggy_ws_beta.a/install/buggy_mobile_navigation/share/buggy_mobile_navigation/launch/buggy_simulated_navigation.launch.py
-- Installing: /home/manuel/buggy_ws_beta.a/install/buggy_mobile_navigation/share/buggy_mobile_navigation/launch/buggy_navigation.launch.py
-- Installing: /home/manuel/buggy_ws_beta.a/install/buggy_mobile_navigation/share/buggy_mobile_navigation/launch/navigation.launch.py
-- Installing: /home/manuel/buggy_ws_beta.a/install/buggy_mobile_navigation/share/buggy_mobile_navigation/launch/bringup.launch.py
-- Installing: /home/manuel/buggy_ws_beta.a/install/buggy_mobile_navigation/share/buggy_mobile_navigation/launch/buggy_mapping_sick.launch.py
-- Installing: /home/manuel/buggy_ws_beta.a/install/buggy_mobile_navigation/share/buggy_mobile_navigation/maps
-- Installing: /home/manuel/buggy_ws_beta.a/install/buggy_mobile_navigation/share/buggy_mobile_navigation/maps/map_building_b.yaml
-- Installing: /home/manuel/buggy_ws_beta.a/install/buggy_mobile_navigation/share/buggy_mobile_navigation/maps/map_underground.pgm
-- Installing: /home/manuel/buggy_ws_beta.a/install/buggy_mobile_navigation/share/buggy_mobile_navigation/maps/map_building_b.pgm
-- Installing: /home/manuel/buggy_ws_beta.a/install/buggy_mobile_navigation/share/buggy_mobile_navigation/maps/map_final.pgm
-- Installing: /home/manuel/buggy_ws_beta.a/install/buggy_mobile_navigation/share/buggy_mobile_navigation/maps/map_newbuilding.yaml
-- Installing: /home/manuel/buggy_ws_beta.a/install/buggy_mobile_navigation/share/buggy_mobile_navigation/maps/map_final.yaml
-- Installing: /home/manuel/buggy_ws_beta.a/install/buggy_mobile_navigation/share/buggy_mobile_navigation/maps/map_underground.yaml
-- Installing: /home/manuel/buggy_ws_beta.a/install/buggy_mobile_navigation/share/buggy_mobile_navigation/maps/map_newbuilding.pgm
-- Installing: /home/manuel/buggy_ws_beta.a/install/buggy_mobile_navigation/share/buggy_mobile_navigation/params
-- Installing: /home/manuel/buggy_ws_beta.a/install/buggy_mobile_navigation/share/buggy_mobile_navigation/params/nav2_params_real.yaml
-- Installing: /home/manuel/buggy_ws_beta.a/install/buggy_mobile_navigation/share/buggy_mobile_navigation/params/nav2_params.yaml
-- Installing: /home/manuel/buggy_ws_beta.a/install/buggy_mobile_navigation/share/buggy_mobile_navigation/params/navigate_w_replanning_distance.xml
-- Installing: /home/manuel/buggy_ws_beta.a/install/buggy_mobile_navigation/share/buggy_mobile_navigation/params/navigate_w_replanning_and_recovery.xml
-- Installing: /home/manuel/buggy_ws_beta.a/install/buggy_mobile_navigation/share/buggy_mobile_navigation/params/dual_ekf.yaml
-- Installing: /home/manuel/buggy_ws_beta.a/install/buggy_mobile_navigation/share/buggy_mobile_navigation/rviz
-- Installing: /home/manuel/buggy_ws_beta.a/install/buggy_mobile_navigation/share/buggy_mobile_navigation/rviz/buggy_mapping_slam.rviz
-- Installing: /home/manuel/buggy_ws_beta.a/install/buggy_mobile_navigation/share/buggy_mobile_navigation/rviz/nav2_buggy_real.rviz
-- Installing: /home/manuel/buggy_ws_beta.a/install/buggy_mobile_navigation/share/buggy_mobile_navigation/rviz/nav2_buggy.rviz
-- Installing: /home/manuel/buggy_ws_beta.a/install/buggy_mobile_navigation/share/ament_index/resource_index/package_run_dependencies/buggy_mobile_navigation
-- Installing: /home/manuel/buggy_ws_beta.a/install/buggy_mobile_navigation/share/ament_index/resource_index/parent_prefix_path/buggy_mobile_navigation
-- Installing: /home/manuel/buggy_ws_beta.a/install/buggy_mobile_navigation/share/buggy_mobile_navigation/environment/ament_prefix_path.sh
-- Installing: /home/manuel/buggy_ws_beta.a/install/buggy_mobile_navigation/share/buggy_mobile_navigation/environment/ament_prefix_path.dsv
-- Installing: /home/manuel/buggy_ws_beta.a/install/buggy_mobile_navigation/share/buggy_mobile_navigation/environment/path.sh
-- Installing: /home/manuel/buggy_ws_beta.a/install/buggy_mobile_navigation/share/buggy_mobile_navigation/environment/path.dsv
-- Installing: /home/manuel/buggy_ws_beta.a/install/buggy_mobile_navigation/share/buggy_mobile_navigation/local_setup.bash
-- Installing: /home/manuel/buggy_ws_beta.a/install/buggy_mobile_navigation/share/buggy_mobile_navigation/local_setup.sh
-- Installing: /home/manuel/buggy_ws_beta.a/install/buggy_mobile_navigation/share/buggy_mobile_navigation/local_setup.zsh
-- Installing: /home/manuel/buggy_ws_beta.a/install/buggy_mobile_navigation/share/buggy_mobile_navigation/local_setup.dsv
-- Installing: /home/manuel/buggy_ws_beta.a/install/buggy_mobile_navigation/share/buggy_mobile_navigation/package.dsv
-- Installing: /home/manuel/buggy_ws_beta.a/install/buggy_mobile_navigation/share/ament_index/resource_index/packages/buggy_mobile_navigation
-- Installing: /home/manuel/buggy_ws_beta.a/install/buggy_mobile_navigation/share/buggy_mobile_navigation/cmake/buggy_mobile_navigationConfig.cmake
-- Installing: /home/manuel/buggy_ws_beta.a/install/buggy_mobile_navigation/share/buggy_mobile_navigation/cmake/buggy_mobile_navigationConfig-version.cmake
-- Installing: /home/manuel/buggy_ws_beta.a/install/buggy_mobile_navigation/share/buggy_mobile_navigation/package.xml
