[0.527s] Invoking command in '/home/manuel/buggy_ws_beta.a/build/buggy_mobile_navigation': CMAKE_PREFIX_PATH=${CMAKE_PREFIX_PATH}:/home/manuel/buggy_space/install/joint_state_publisher_gui:/home/manuel/buggy_space/install/joint_state_publisher:/home/manuel/buggy_space/install/ackermann_odometry:/home/manuel/buggy_space/install/ackermann_controller:/opt/ros/foxy /usr/bin/cmake /home/manuel/buggy_ws_beta.a/src/buggy_mobile_navigation -DCMAKE_INSTALL_PREFIX=/home/manuel/buggy_ws_beta.a/install/buggy_mobile_navigation
[3.312s] -- The C compiler identification is GNU 9.4.0
[3.312s] -- The CXX compiler identification is GNU 9.4.0
[3.312s] -- Check for working C compiler: /usr/bin/cc
[3.313s] -- Check for working C compiler: /usr/bin/cc -- works
[3.313s] -- Detecting C compiler ABI info
[3.313s] -- Detecting C compiler ABI info - done
[3.313s] -- Detecting C compile features
[3.313s] -- Detecting C compile features - done
[3.314s] -- Check for working CXX compiler: /usr/bin/c++
[3.314s] -- Check for working CXX compiler: /usr/bin/c++ -- works
[3.314s] -- Detecting CXX compiler ABI info
[3.314s] -- Detecting CXX compiler ABI info - done
[3.315s] -- Detecting CXX compile features
[3.315s] -- Detecting CXX compile features - done
[3.315s] -- Found ament_cmake: 0.9.11 (/opt/ros/foxy/share/ament_cmake/cmake)
[3.315s] -- Found PythonInterp: /usr/bin/python3 (found suitable version "3.8.10", minimum required is "3") 
[3.315s] -- Using PYTHON_EXECUTABLE: /usr/bin/python3
[3.315s] -- Found ament_lint_auto: 0.9.7 (/opt/ros/foxy/share/ament_lint_auto/cmake)
[3.316s] -- Added test 'copyright' to check source files copyright and LICENSE
[3.316s] -- Added test 'flake8' to check Python code syntax and style conventions
[3.316s] -- Added test 'lint_cmake' to check CMake code style
[3.316s] -- Added test 'pep257' to check Python code against some of the style conventions in PEP 257
[3.316s] -- Added test 'xmllint' to check XML markup files
[3.316s] -- Configuring done
[3.317s] -- Generating done
[3.317s] -- Build files have been written to: /home/manuel/buggy_ws_beta.a/build/buggy_mobile_navigation
[3.329s] Invoked command in '/home/manuel/buggy_ws_beta.a/build/buggy_mobile_navigation' returned '0': CMAKE_PREFIX_PATH=${CMAKE_PREFIX_PATH}:/home/manuel/buggy_space/install/joint_state_publisher_gui:/home/manuel/buggy_space/install/joint_state_publisher:/home/manuel/buggy_space/install/ackermann_odometry:/home/manuel/buggy_space/install/ackermann_controller:/opt/ros/foxy /usr/bin/cmake /home/manuel/buggy_ws_beta.a/src/buggy_mobile_navigation -DCMAKE_INSTALL_PREFIX=/home/manuel/buggy_ws_beta.a/install/buggy_mobile_navigation
[3.331s] Invoking command in '/home/manuel/buggy_ws_beta.a/build/buggy_mobile_navigation': CMAKE_PREFIX_PATH=${CMAKE_PREFIX_PATH}:/home/manuel/buggy_space/install/joint_state_publisher_gui:/home/manuel/buggy_space/install/joint_state_publisher:/home/manuel/buggy_space/install/ackermann_odometry:/home/manuel/buggy_space/install/ackermann_controller:/opt/ros/foxy /usr/bin/cmake --build /home/manuel/buggy_ws_beta.a/build/buggy_mobile_navigation -- -j16 -l16
[4.007s] Invoked command in '/home/manuel/buggy_ws_beta.a/build/buggy_mobile_navigation' returned '0': CMAKE_PREFIX_PATH=${CMAKE_PREFIX_PATH}:/home/manuel/buggy_space/install/joint_state_publisher_gui:/home/manuel/buggy_space/install/joint_state_publisher:/home/manuel/buggy_space/install/ackermann_odometry:/home/manuel/buggy_space/install/ackermann_controller:/opt/ros/foxy /usr/bin/cmake --build /home/manuel/buggy_ws_beta.a/build/buggy_mobile_navigation -- -j16 -l16
[4.369s] Invoking command in '/home/manuel/buggy_ws_beta.a/build/buggy_mobile_navigation': CMAKE_PREFIX_PATH=${CMAKE_PREFIX_PATH}:/home/manuel/buggy_space/install/joint_state_publisher_gui:/home/manuel/buggy_space/install/joint_state_publisher:/home/manuel/buggy_space/install/ackermann_odometry:/home/manuel/buggy_space/install/ackermann_controller:/opt/ros/foxy /usr/bin/cmake --install /home/manuel/buggy_ws_beta.a/build/buggy_mobile_navigation
[17.403s] -- Install configuration: ""
[17.403s] -- Installing: /home/manuel/buggy_ws_beta.a/install/buggy_mobile_navigation/share/buggy_mobile_navigation/launch
[17.403s] -- Installing: /home/manuel/buggy_ws_beta.a/install/buggy_mobile_navigation/share/buggy_mobile_navigation/launch/buggy_mapping_VLP16.launch.py
[17.405s] -- Installing: /home/manuel/buggy_ws_beta.a/install/buggy_mobile_navigation/share/buggy_mobile_navigation/launch/dual_ekf.launch.py
[17.405s] -- Installing: /home/manuel/buggy_ws_beta.a/install/buggy_mobile_navigation/share/buggy_mobile_navigation/launch/rviz.launch.py
[17.405s] -- Installing: /home/manuel/buggy_ws_beta.a/install/buggy_mobile_navigation/share/buggy_mobile_navigation/launch/buggy_simulated_navigation.launch.py
[17.406s] -- Installing: /home/manuel/buggy_ws_beta.a/install/buggy_mobile_navigation/share/buggy_mobile_navigation/launch/buggy_navigation.launch.py
[17.406s] -- Installing: /home/manuel/buggy_ws_beta.a/install/buggy_mobile_navigation/share/buggy_mobile_navigation/launch/navigation.launch.py
[17.406s] -- Installing: /home/manuel/buggy_ws_beta.a/install/buggy_mobile_navigation/share/buggy_mobile_navigation/launch/bringup.launch.py
[17.406s] -- Installing: /home/manuel/buggy_ws_beta.a/install/buggy_mobile_navigation/share/buggy_mobile_navigation/launch/buggy_mapping_sick.launch.py
[17.406s] -- Installing: /home/manuel/buggy_ws_beta.a/install/buggy_mobile_navigation/share/buggy_mobile_navigation/maps
[17.406s] -- Installing: /home/manuel/buggy_ws_beta.a/install/buggy_mobile_navigation/share/buggy_mobile_navigation/maps/map_building_b.yaml
[17.407s] -- Installing: /home/manuel/buggy_ws_beta.a/install/buggy_mobile_navigation/share/buggy_mobile_navigation/maps/map_underground.pgm
[17.407s] -- Installing: /home/manuel/buggy_ws_beta.a/install/buggy_mobile_navigation/share/buggy_mobile_navigation/maps/map_building_b.pgm
[17.407s] -- Installing: /home/manuel/buggy_ws_beta.a/install/buggy_mobile_navigation/share/buggy_mobile_navigation/maps/map_final.pgm
[17.407s] -- Installing: /home/manuel/buggy_ws_beta.a/install/buggy_mobile_navigation/share/buggy_mobile_navigation/maps/map_newbuilding.yaml
[17.407s] -- Installing: /home/manuel/buggy_ws_beta.a/install/buggy_mobile_navigation/share/buggy_mobile_navigation/maps/map_final.yaml
[17.407s] -- Installing: /home/manuel/buggy_ws_beta.a/install/buggy_mobile_navigation/share/buggy_mobile_navigation/maps/map_underground.yaml
[17.408s] -- Installing: /home/manuel/buggy_ws_beta.a/install/buggy_mobile_navigation/share/buggy_mobile_navigation/maps/map_newbuilding.pgm
[17.408s] -- Installing: /home/manuel/buggy_ws_beta.a/install/buggy_mobile_navigation/share/buggy_mobile_navigation/params
[17.408s] -- Installing: /home/manuel/buggy_ws_beta.a/install/buggy_mobile_navigation/share/buggy_mobile_navigation/params/nav2_params_real.yaml
[17.408s] -- Installing: /home/manuel/buggy_ws_beta.a/install/buggy_mobile_navigation/share/buggy_mobile_navigation/params/nav2_params.yaml
[17.408s] -- Installing: /home/manuel/buggy_ws_beta.a/install/buggy_mobile_navigation/share/buggy_mobile_navigation/params/navigate_w_replanning_distance.xml
[17.409s] -- Installing: /home/manuel/buggy_ws_beta.a/install/buggy_mobile_navigation/share/buggy_mobile_navigation/params/navigate_w_replanning_and_recovery.xml
[17.409s] -- Installing: /home/manuel/buggy_ws_beta.a/install/buggy_mobile_navigation/share/buggy_mobile_navigation/params/dual_ekf.yaml
[17.409s] -- Installing: /home/manuel/buggy_ws_beta.a/install/buggy_mobile_navigation/share/buggy_mobile_navigation/rviz
[17.409s] -- Installing: /home/manuel/buggy_ws_beta.a/install/buggy_mobile_navigation/share/buggy_mobile_navigation/rviz/buggy_mapping_slam.rviz
[17.409s] -- Installing: /home/manuel/buggy_ws_beta.a/install/buggy_mobile_navigation/share/buggy_mobile_navigation/rviz/nav2_buggy_real.rviz
[17.410s] -- Installing: /home/manuel/buggy_ws_beta.a/install/buggy_mobile_navigation/share/buggy_mobile_navigation/rviz/nav2_buggy.rviz
[17.410s] -- Installing: /home/manuel/buggy_ws_beta.a/install/buggy_mobile_navigation/share/ament_index/resource_index/package_run_dependencies/buggy_mobile_navigation
[17.410s] -- Installing: /home/manuel/buggy_ws_beta.a/install/buggy_mobile_navigation/share/ament_index/resource_index/parent_prefix_path/buggy_mobile_navigation
[17.410s] -- Installing: /home/manuel/buggy_ws_beta.a/install/buggy_mobile_navigation/share/buggy_mobile_navigation/environment/ament_prefix_path.sh
[17.410s] -- Installing: /home/manuel/buggy_ws_beta.a/install/buggy_mobile_navigation/share/buggy_mobile_navigation/environment/ament_prefix_path.dsv
[17.410s] -- Installing: /home/manuel/buggy_ws_beta.a/install/buggy_mobile_navigation/share/buggy_mobile_navigation/environment/path.sh
[17.411s] -- Installing: /home/manuel/buggy_ws_beta.a/install/buggy_mobile_navigation/share/buggy_mobile_navigation/environment/path.dsv
[17.411s] -- Installing: /home/manuel/buggy_ws_beta.a/install/buggy_mobile_navigation/share/buggy_mobile_navigation/local_setup.bash
[17.411s] -- Installing: /home/manuel/buggy_ws_beta.a/install/buggy_mobile_navigation/share/buggy_mobile_navigation/local_setup.sh
[17.411s] -- Installing: /home/manuel/buggy_ws_beta.a/install/buggy_mobile_navigation/share/buggy_mobile_navigation/local_setup.zsh
[17.411s] -- Installing: /home/manuel/buggy_ws_beta.a/install/buggy_mobile_navigation/share/buggy_mobile_navigation/local_setup.dsv
[17.411s] -- Installing: /home/manuel/buggy_ws_beta.a/install/buggy_mobile_navigation/share/buggy_mobile_navigation/package.dsv
[17.411s] -- Installing: /home/manuel/buggy_ws_beta.a/install/buggy_mobile_navigation/share/ament_index/resource_index/packages/buggy_mobile_navigation
[17.412s] -- Installing: /home/manuel/buggy_ws_beta.a/install/buggy_mobile_navigation/share/buggy_mobile_navigation/cmake/buggy_mobile_navigationConfig.cmake
[17.412s] -- Installing: /home/manuel/buggy_ws_beta.a/install/buggy_mobile_navigation/share/buggy_mobile_navigation/cmake/buggy_mobile_navigationConfig-version.cmake
[17.412s] -- Installing: /home/manuel/buggy_ws_beta.a/install/buggy_mobile_navigation/share/buggy_mobile_navigation/package.xml
[17.503s] Invoked command in '/home/manuel/buggy_ws_beta.a/build/buggy_mobile_navigation' returned '0': CMAKE_PREFIX_PATH=${CMAKE_PREFIX_PATH}:/home/manuel/buggy_space/install/joint_state_publisher_gui:/home/manuel/buggy_space/install/joint_state_publisher:/home/manuel/buggy_space/install/ackermann_odometry:/home/manuel/buggy_space/install/ackermann_controller:/opt/ros/foxy /usr/bin/cmake --install /home/manuel/buggy_ws_beta.a/build/buggy_mobile_navigation
