[0.107s] Invoking command in '/home/manuel/buggy_ws_beta.a/build/zed_tutorial_video': CMAKE_PREFIX_PATH=${CMAKE_PREFIX_PATH}:/home/manuel/buggy_space/install/joint_state_publisher_gui:/home/manuel/buggy_space/install/joint_state_publisher:/home/manuel/buggy_space/install/ackermann_odometry:/home/manuel/buggy_space/install/ackermann_controller:/opt/ros/foxy /usr/bin/cmake /home/manuel/buggy_ws_beta.a/src/zed-ros2-examples/tutorials/zed_video_tutorial -DCMAKE_INSTALL_PREFIX=/home/manuel/buggy_ws_beta.a/install/zed_tutorial_video
[10.426s] -- The C compiler identification is GNU 9.4.0
[10.426s] -- The CXX compiler identification is GNU 9.4.0
[10.426s] -- Check for working C compiler: /usr/bin/cc
[10.426s] -- Check for working C compiler: /usr/bin/cc -- works
[10.426s] -- Detecting C compiler ABI info
[10.426s] -- Detecting C compiler ABI info - done
[10.427s] -- Detecting C compile features
[10.427s] -- Detecting C compile features - done
[10.427s] -- Check for working CXX compiler: /usr/bin/c++
[10.427s] -- Check for working CXX compiler: /usr/bin/c++ -- works
[10.427s] -- Detecting CXX compiler ABI info
[10.427s] -- Detecting CXX compiler ABI info - done
[10.427s] -- Detecting CXX compile features
[10.428s] -- Detecting CXX compile features - done
[10.428s] -- Found ament_cmake: 0.9.11 (/opt/ros/foxy/share/ament_cmake/cmake)
[10.428s] -- Found PythonInterp: /usr/bin/python3 (found suitable version "3.8.10", minimum required is "3") 
[10.428s] -- Using PYTHON_EXECUTABLE: /usr/bin/python3
[10.428s] -- Found rclcpp: 2.4.2 (/opt/ros/foxy/share/rclcpp/cmake)
[10.428s] -- Using all available rosidl_typesupport_c: rosidl_typesupport_fastrtps_c;rosidl_typesupport_introspection_c
[10.429s] -- Found rosidl_adapter: 1.3.0 (/opt/ros/foxy/share/rosidl_adapter/cmake)
[10.429s] -- Found OpenSSL: /usr/lib/x86_64-linux-gnu/libcrypto.so (found version "1.1.1f")  
[10.429s] -- Found FastRTPS: /opt/ros/foxy/include  
[10.429s] -- Using all available rosidl_typesupport_cpp: rosidl_typesupport_fastrtps_cpp;rosidl_typesupport_introspection_cpp
[10.429s] -- Found rmw_implementation_cmake: 1.0.3 (/opt/ros/foxy/share/rmw_implementation_cmake/cmake)
[10.430s] -- Using RMW implementation 'rmw_fastrtps_cpp' as default
[10.430s] -- Looking for pthread.h
[10.430s] -- Looking for pthread.h - found
[10.430s] -- Performing Test CMAKE_HAVE_LIBC_PTHREAD
[10.430s] -- Performing Test CMAKE_HAVE_LIBC_PTHREAD - Failed
[10.430s] -- Looking for pthread_create in pthreads
[10.430s] -- Looking for pthread_create in pthreads - not found
[10.431s] -- Looking for pthread_create in pthread
[10.704s] -- Looking for pthread_create in pthread - found
[10.707s] -- Found Threads: TRUE  
[11.318s] -- Found sensor_msgs: 2.0.5 (/opt/ros/foxy/share/sensor_msgs/cmake)
[12.112s] -- Configuring done
[12.151s] -- Generating done
[12.154s] -- Build files have been written to: /home/manuel/buggy_ws_beta.a/build/zed_tutorial_video
[12.187s] Invoked command in '/home/manuel/buggy_ws_beta.a/build/zed_tutorial_video' returned '0': CMAKE_PREFIX_PATH=${CMAKE_PREFIX_PATH}:/home/manuel/buggy_space/install/joint_state_publisher_gui:/home/manuel/buggy_space/install/joint_state_publisher:/home/manuel/buggy_space/install/ackermann_odometry:/home/manuel/buggy_space/install/ackermann_controller:/opt/ros/foxy /usr/bin/cmake /home/manuel/buggy_ws_beta.a/src/zed-ros2-examples/tutorials/zed_video_tutorial -DCMAKE_INSTALL_PREFIX=/home/manuel/buggy_ws_beta.a/install/zed_tutorial_video
[12.262s] Invoking command in '/home/manuel/buggy_ws_beta.a/build/zed_tutorial_video': CMAKE_PREFIX_PATH=${CMAKE_PREFIX_PATH}:/home/manuel/buggy_space/install/joint_state_publisher_gui:/home/manuel/buggy_space/install/joint_state_publisher:/home/manuel/buggy_space/install/ackermann_odometry:/home/manuel/buggy_space/install/ackermann_controller:/opt/ros/foxy /usr/bin/cmake --build /home/manuel/buggy_ws_beta.a/build/zed_tutorial_video -- -j16 -l16
[12.430s] [35m[1mScanning dependencies of target zed_tutorial_video[0m
[12.558s] [ 50%] [32mBuilding CXX object CMakeFiles/zed_tutorial_video.dir/src/zed_video_sub_tutorial.cpp.o[0m
[24.338s] [100%] [32m[1mLinking CXX executable zed_tutorial_video[0m
[24.498s] [100%] Built target zed_tutorial_video
[24.534s] Invoked command in '/home/manuel/buggy_ws_beta.a/build/zed_tutorial_video' returned '0': CMAKE_PREFIX_PATH=${CMAKE_PREFIX_PATH}:/home/manuel/buggy_space/install/joint_state_publisher_gui:/home/manuel/buggy_space/install/joint_state_publisher:/home/manuel/buggy_space/install/ackermann_odometry:/home/manuel/buggy_space/install/ackermann_controller:/opt/ros/foxy /usr/bin/cmake --build /home/manuel/buggy_ws_beta.a/build/zed_tutorial_video -- -j16 -l16
[24.581s] Invoking command in '/home/manuel/buggy_ws_beta.a/build/zed_tutorial_video': CMAKE_PREFIX_PATH=${CMAKE_PREFIX_PATH}:/home/manuel/buggy_space/install/joint_state_publisher_gui:/home/manuel/buggy_space/install/joint_state_publisher:/home/manuel/buggy_space/install/ackermann_odometry:/home/manuel/buggy_space/install/ackermann_controller:/opt/ros/foxy /usr/bin/cmake --install /home/manuel/buggy_ws_beta.a/build/zed_tutorial_video
[25.437s] -- Install configuration: "Release"
[25.438s] -- Installing: /home/manuel/buggy_ws_beta.a/install/zed_tutorial_video/lib/zed_tutorial_video/zed_tutorial_video
[25.438s] -- Set runtime path of "/home/manuel/buggy_ws_beta.a/install/zed_tutorial_video/lib/zed_tutorial_video/zed_tutorial_video" to ""
[25.438s] -- Installing: /home/manuel/buggy_ws_beta.a/install/zed_tutorial_video/share/ament_index/resource_index/package_run_dependencies/zed_tutorial_video
[25.439s] -- Installing: /home/manuel/buggy_ws_beta.a/install/zed_tutorial_video/share/ament_index/resource_index/parent_prefix_path/zed_tutorial_video
[25.439s] -- Installing: /home/manuel/buggy_ws_beta.a/install/zed_tutorial_video/share/zed_tutorial_video/environment/ament_prefix_path.sh
[25.440s] -- Installing: /home/manuel/buggy_ws_beta.a/install/zed_tutorial_video/share/zed_tutorial_video/environment/ament_prefix_path.dsv
[25.440s] -- Installing: /home/manuel/buggy_ws_beta.a/install/zed_tutorial_video/share/zed_tutorial_video/environment/path.sh
[25.440s] -- Installing: /home/manuel/buggy_ws_beta.a/install/zed_tutorial_video/share/zed_tutorial_video/environment/path.dsv
[25.452s] -- Installing: /home/manuel/buggy_ws_beta.a/install/zed_tutorial_video/share/zed_tutorial_video/local_setup.bash
[25.453s] -- Installing: /home/manuel/buggy_ws_beta.a/install/zed_tutorial_video/share/zed_tutorial_video/local_setup.sh
[25.453s] -- Installing: /home/manuel/buggy_ws_beta.a/install/zed_tutorial_video/share/zed_tutorial_video/local_setup.zsh
[25.453s] -- Installing: /home/manuel/buggy_ws_beta.a/install/zed_tutorial_video/share/zed_tutorial_video/local_setup.dsv
[25.454s] -- Installing: /home/manuel/buggy_ws_beta.a/install/zed_tutorial_video/share/zed_tutorial_video/package.dsv
[25.454s] -- Installing: /home/manuel/buggy_ws_beta.a/install/zed_tutorial_video/share/ament_index/resource_index/packages/zed_tutorial_video
[25.454s] -- Installing: /home/manuel/buggy_ws_beta.a/install/zed_tutorial_video/share/zed_tutorial_video/cmake/zed_tutorial_videoConfig.cmake
[25.454s] -- Installing: /home/manuel/buggy_ws_beta.a/install/zed_tutorial_video/share/zed_tutorial_video/cmake/zed_tutorial_videoConfig-version.cmake
[25.455s] -- Installing: /home/manuel/buggy_ws_beta.a/install/zed_tutorial_video/share/zed_tutorial_video/package.xml
[25.554s] Invoked command in '/home/manuel/buggy_ws_beta.a/build/zed_tutorial_video' returned '0': CMAKE_PREFIX_PATH=${CMAKE_PREFIX_PATH}:/home/manuel/buggy_space/install/joint_state_publisher_gui:/home/manuel/buggy_space/install/joint_state_publisher:/home/manuel/buggy_space/install/ackermann_odometry:/home/manuel/buggy_space/install/ackermann_controller:/opt/ros/foxy /usr/bin/cmake --install /home/manuel/buggy_ws_beta.a/build/zed_tutorial_video
