[0.168s] Invoking command in '/home/manuel/buggy_ws_beta.a/build/costmap_converter': AMENT_PREFIX_PATH=/home/manuel/buggy_ws_beta.a/install/costmap_converter_msgs:${AMENT_PREFIX_PATH} CMAKE_PREFIX_PATH=/home/manuel/buggy_ws_beta.a/install/costmap_converter_msgs:/home/manuel/buggy_space/install/zed_ros2:/home/manuel/buggy_space/install/zed_display_rviz2:/home/manuel/buggy_space/install/zed_wrapper:/home/manuel/buggy_space/install/zed_tutorial_video:/home/manuel/buggy_space/install/zed_tutorial_pos_tracking:/home/manuel/buggy_space/install/zed_tutorial_depth:/home/manuel/buggy_space/install/zed_rgb_convert:/home/manuel/buggy_space/install/zed_components:/home/manuel/buggy_space/install/rviz_plugin_zed_od:/home/manuel/buggy_space/install/zed_interfaces:/home/manuel/buggy_space/install/buggy_mobile_robot:/home/manuel/buggy_space/install/vox_nav_msgs:/home/manuel/buggy_space/install/velodyne:/home/manuel/buggy_space/install/velodyne_pointcloud:/home/manuel/buggy_space/install/velodyne_driver:/home/manuel/buggy_space/install/velodyne_msgs:/home/manuel/buggy_space/install/velodyne_laserscan:/home/manuel/buggy_space/install/teb_local_planner:/home/manuel/buggy_space/install/teb_msgs:/home/manuel/buggy_space/install/sick_scan2:/home/manuel/buggy_space/install/ros_sensors:/home/manuel/buggy_space/install/ros2socketcan_lib:/home/manuel/buggy_space/install/ros2car_buggy:/home/manuel/buggy_space/install/robot_localization:/home/manuel/buggy_space/install/image_common:/home/manuel/buggy_space/install/image_transport:/home/manuel/buggy_space/install/costmap_converter:/home/manuel/buggy_space/install/costmap_converter_msgs:/home/manuel/buggy_space/install/can_msgs:/home/manuel/buggy_space/install/camera_info_manager:/home/manuel/buggy_space/install/camera_calibration_parsers:/home/manuel/buggy_space/install/buggy_msgs:/home/manuel/buggy_space/install/buggy_mobile_navigation:/home/manuel/buggy_space/install/ackermann_msgs:/home/manuel/buggy_space/install/ackermann_interfaces:/home/manuel/buggy_space/install/joint_state_publisher_gui:/home/manuel/buggy_space/install/joint_state_publisher:/home/manuel/buggy_space/install/ackermann_odometry:/home/manuel/buggy_space/install/ackermann_controller:/opt/ros/foxy LD_LIBRARY_PATH=/home/manuel/buggy_ws_beta.a/install/costmap_converter_msgs/lib:${LD_LIBRARY_PATH} PYTHONPATH=/home/manuel/buggy_ws_beta.a/install/costmap_converter_msgs/lib/python3.8/site-packages:${PYTHONPATH} /usr/bin/cmake /home/manuel/buggy_ws_beta.a/src/costmap_converter/costmap_converter -DCMAKE_INSTALL_PREFIX=/home/manuel/buggy_ws_beta.a/install/costmap_converter
[4.277s] -- The C compiler identification is GNU 9.4.0
[4.280s] -- The CXX compiler identification is GNU 9.4.0
[4.280s] -- Check for working C compiler: /usr/bin/cc
[4.281s] -- Check for working C compiler: /usr/bin/cc -- works
[4.281s] -- Detecting C compiler ABI info
[4.281s] -- Detecting C compiler ABI info - done
[4.281s] -- Detecting C compile features
[4.281s] -- Detecting C compile features - done
[4.281s] -- Check for working CXX compiler: /usr/bin/c++
[4.281s] -- Check for working CXX compiler: /usr/bin/c++ -- works
[4.282s] -- Detecting CXX compiler ABI info
[4.282s] -- Detecting CXX compiler ABI info - done
[4.282s] -- Detecting CXX compile features
[4.282s] -- Detecting CXX compile features - done
[4.282s] -- Found ament_cmake: 0.9.11 (/opt/ros/foxy/share/ament_cmake/cmake)
[4.282s] -- Found PythonInterp: /usr/bin/python3 (found suitable version "3.8.10", minimum required is "3") 
[4.282s] -- Using PYTHON_EXECUTABLE: /usr/bin/python3
[4.283s] -- Found class_loader: 2.0.3 (/opt/ros/foxy/share/class_loader/cmake)
[4.283s] -- Found costmap_converter_msgs: 0.1.2 (/home/manuel/buggy_ws_beta.a/install/costmap_converter_msgs/share/costmap_converter_msgs/cmake)
[4.283s] -- Using all available rosidl_typesupport_c: rosidl_typesupport_fastrtps_c;rosidl_typesupport_introspection_c
[4.283s] -- Found rosidl_adapter: 1.3.0 (/opt/ros/foxy/share/rosidl_adapter/cmake)
[4.283s] -- Found OpenSSL: /usr/lib/x86_64-linux-gnu/libcrypto.so (found version "1.1.1f")  
[4.283s] -- Found FastRTPS: /opt/ros/foxy/include  
[4.284s] -- Using all available rosidl_typesupport_cpp: rosidl_typesupport_fastrtps_cpp;rosidl_typesupport_introspection_cpp
[4.284s] -- Found cv_bridge: 3.0.7 (/opt/ros/foxy/share/cv_bridge/cmake)
[4.284s] -- Found nav2_costmap_2d: 0.4.7 (/opt/ros/foxy/share/nav2_costmap_2d/cmake)
[4.866s] -- Found rmw_implementation_cmake: 1.0.3 (/opt/ros/foxy/share/rmw_implementation_cmake/cmake)
[4.873s] -- Using RMW implementation 'rmw_fastrtps_cpp' as default
[4.875s] -- Looking for pthread.h
[4.989s] -- Looking for pthread.h - found
[4.989s] -- Performing Test CMAKE_HAVE_LIBC_PTHREAD
[5.117s] -- Performing Test CMAKE_HAVE_LIBC_PTHREAD - Failed
[5.117s] -- Looking for pthread_create in pthreads
[5.220s] -- Looking for pthread_create in pthreads - not found
[5.220s] -- Looking for pthread_create in pthread
[5.340s] -- Looking for pthread_create in pthread - found
[5.342s] -- Found Threads: TRUE  
[6.501s] -- Found Eigen3: TRUE (found version "3.3.7") 
[7.699s] -- Found OpenCV: /usr (found version "4.2.0") 
[9.276s] -- Found ament_cmake_gtest: 0.9.11 (/opt/ros/foxy/share/ament_cmake_gtest/cmake)
[9.278s] -- Found gtest sources under '/opt/ros/foxy/src/gtest_vendor': C++ tests using 'Google Test' will be built
[9.282s] -- Check if compiler accepts -pthread
[9.374s] -- Check if compiler accepts -pthread - yes
[10.456s] -- Configuring done
[10.765s] -- Generating done
[10.770s] -- Build files have been written to: /home/manuel/buggy_ws_beta.a/build/costmap_converter
[10.798s] Invoked command in '/home/manuel/buggy_ws_beta.a/build/costmap_converter' returned '0': AMENT_PREFIX_PATH=/home/manuel/buggy_ws_beta.a/install/costmap_converter_msgs:${AMENT_PREFIX_PATH} CMAKE_PREFIX_PATH=/home/manuel/buggy_ws_beta.a/install/costmap_converter_msgs:/home/manuel/buggy_space/install/zed_ros2:/home/manuel/buggy_space/install/zed_display_rviz2:/home/manuel/buggy_space/install/zed_wrapper:/home/manuel/buggy_space/install/zed_tutorial_video:/home/manuel/buggy_space/install/zed_tutorial_pos_tracking:/home/manuel/buggy_space/install/zed_tutorial_depth:/home/manuel/buggy_space/install/zed_rgb_convert:/home/manuel/buggy_space/install/zed_components:/home/manuel/buggy_space/install/rviz_plugin_zed_od:/home/manuel/buggy_space/install/zed_interfaces:/home/manuel/buggy_space/install/buggy_mobile_robot:/home/manuel/buggy_space/install/vox_nav_msgs:/home/manuel/buggy_space/install/velodyne:/home/manuel/buggy_space/install/velodyne_pointcloud:/home/manuel/buggy_space/install/velodyne_driver:/home/manuel/buggy_space/install/velodyne_msgs:/home/manuel/buggy_space/install/velodyne_laserscan:/home/manuel/buggy_space/install/teb_local_planner:/home/manuel/buggy_space/install/teb_msgs:/home/manuel/buggy_space/install/sick_scan2:/home/manuel/buggy_space/install/ros_sensors:/home/manuel/buggy_space/install/ros2socketcan_lib:/home/manuel/buggy_space/install/ros2car_buggy:/home/manuel/buggy_space/install/robot_localization:/home/manuel/buggy_space/install/image_common:/home/manuel/buggy_space/install/image_transport:/home/manuel/buggy_space/install/costmap_converter:/home/manuel/buggy_space/install/costmap_converter_msgs:/home/manuel/buggy_space/install/can_msgs:/home/manuel/buggy_space/install/camera_info_manager:/home/manuel/buggy_space/install/camera_calibration_parsers:/home/manuel/buggy_space/install/buggy_msgs:/home/manuel/buggy_space/install/buggy_mobile_navigation:/home/manuel/buggy_space/install/ackermann_msgs:/home/manuel/buggy_space/install/ackermann_interfaces:/home/manuel/buggy_space/install/joint_state_publisher_gui:/home/manuel/buggy_space/install/joint_state_publisher:/home/manuel/buggy_space/install/ackermann_odometry:/home/manuel/buggy_space/install/ackermann_controller:/opt/ros/foxy LD_LIBRARY_PATH=/home/manuel/buggy_ws_beta.a/install/costmap_converter_msgs/lib:${LD_LIBRARY_PATH} PYTHONPATH=/home/manuel/buggy_ws_beta.a/install/costmap_converter_msgs/lib/python3.8/site-packages:${PYTHONPATH} /usr/bin/cmake /home/manuel/buggy_ws_beta.a/src/costmap_converter/costmap_converter -DCMAKE_INSTALL_PREFIX=/home/manuel/buggy_ws_beta.a/install/costmap_converter
[10.853s] Invoking command in '/home/manuel/buggy_ws_beta.a/build/costmap_converter': AMENT_PREFIX_PATH=/home/manuel/buggy_ws_beta.a/install/costmap_converter_msgs:${AMENT_PREFIX_PATH} CMAKE_PREFIX_PATH=/home/manuel/buggy_ws_beta.a/install/costmap_converter_msgs:/home/manuel/buggy_space/install/zed_ros2:/home/manuel/buggy_space/install/zed_display_rviz2:/home/manuel/buggy_space/install/zed_wrapper:/home/manuel/buggy_space/install/zed_tutorial_video:/home/manuel/buggy_space/install/zed_tutorial_pos_tracking:/home/manuel/buggy_space/install/zed_tutorial_depth:/home/manuel/buggy_space/install/zed_rgb_convert:/home/manuel/buggy_space/install/zed_components:/home/manuel/buggy_space/install/rviz_plugin_zed_od:/home/manuel/buggy_space/install/zed_interfaces:/home/manuel/buggy_space/install/buggy_mobile_robot:/home/manuel/buggy_space/install/vox_nav_msgs:/home/manuel/buggy_space/install/velodyne:/home/manuel/buggy_space/install/velodyne_pointcloud:/home/manuel/buggy_space/install/velodyne_driver:/home/manuel/buggy_space/install/velodyne_msgs:/home/manuel/buggy_space/install/velodyne_laserscan:/home/manuel/buggy_space/install/teb_local_planner:/home/manuel/buggy_space/install/teb_msgs:/home/manuel/buggy_space/install/sick_scan2:/home/manuel/buggy_space/install/ros_sensors:/home/manuel/buggy_space/install/ros2socketcan_lib:/home/manuel/buggy_space/install/ros2car_buggy:/home/manuel/buggy_space/install/robot_localization:/home/manuel/buggy_space/install/image_common:/home/manuel/buggy_space/install/image_transport:/home/manuel/buggy_space/install/costmap_converter:/home/manuel/buggy_space/install/costmap_converter_msgs:/home/manuel/buggy_space/install/can_msgs:/home/manuel/buggy_space/install/camera_info_manager:/home/manuel/buggy_space/install/camera_calibration_parsers:/home/manuel/buggy_space/install/buggy_msgs:/home/manuel/buggy_space/install/buggy_mobile_navigation:/home/manuel/buggy_space/install/ackermann_msgs:/home/manuel/buggy_space/install/ackermann_interfaces:/home/manuel/buggy_space/install/joint_state_publisher_gui:/home/manuel/buggy_space/install/joint_state_publisher:/home/manuel/buggy_space/install/ackermann_odometry:/home/manuel/buggy_space/install/ackermann_controller:/opt/ros/foxy LD_LIBRARY_PATH=/home/manuel/buggy_ws_beta.a/install/costmap_converter_msgs/lib:${LD_LIBRARY_PATH} PYTHONPATH=/home/manuel/buggy_ws_beta.a/install/costmap_converter_msgs/lib/python3.8/site-packages:${PYTHONPATH} /usr/bin/cmake --build /home/manuel/buggy_ws_beta.a/build/costmap_converter -- -j16 -l16
[10.883s] [35m[1mScanning dependencies of target costmap_converter[0m
[11.145s] [  5%] [32mBuilding CXX object CMakeFiles/costmap_converter.dir/src/costmap_to_polygons.cpp.o[0m
[19.677s] [ 10%] [32mBuilding CXX object CMakeFiles/costmap_converter.dir/src/costmap_to_dynamic_obstacles/multitarget_tracker/HungarianAlg.cpp.o[0m
[22.554s] [ 15%] [32mBuilding CXX object CMakeFiles/costmap_converter.dir/src/costmap_to_dynamic_obstacles/multitarget_tracker/Kalman.cpp.o[0m
[25.723s] [ 21%] [32mBuilding CXX object CMakeFiles/costmap_converter.dir/src/costmap_to_dynamic_obstacles/multitarget_tracker/Ctracker.cpp.o[0m
[25.723s] [ 26%] [32mBuilding CXX object CMakeFiles/costmap_converter.dir/src/costmap_to_dynamic_obstacles/blob_detector.cpp.o[0m
[28.617s] [ 31%] [32mBuilding CXX object CMakeFiles/costmap_converter.dir/src/costmap_to_dynamic_obstacles/background_subtractor.cpp.o[0m
[29.270s] [ 36%] [32mBuilding CXX object CMakeFiles/costmap_converter.dir/src/costmap_to_dynamic_obstacles/costmap_to_dynamic_obstacles.cpp.o[0m
[30.185s] [ 52%] [32mBuilding CXX object CMakeFiles/costmap_converter.dir/src/costmap_to_lines_ransac.cpp.o[0m
[30.185s] [ 52%] [32mBuilding CXX object CMakeFiles/costmap_converter.dir/src/costmap_to_lines_convex_hull.cpp.o[0m
[30.185s] [ 52%] [32mBuilding CXX object CMakeFiles/costmap_converter.dir/src/costmap_to_polygons_concave.cpp.o[0m
[58.868s] [ 57%] [32m[1mLinking CXX shared library libcostmap_converter.so[0m
[59.556s] [ 57%] Built target costmap_converter
[59.578s] [35m[1mScanning dependencies of target gtest_main[0m
[59.578s] [35m[1mScanning dependencies of target standalone_converter[0m
[59.578s] [35m[1mScanning dependencies of target gtest[0m
[59.606s] [ 63%] [32mBuilding CXX object gtest/CMakeFiles/gtest_main.dir/src/gtest_main.cc.o[0m
[59.614s] [ 68%] [32mBuilding CXX object gtest/CMakeFiles/gtest.dir/src/gtest-all.cc.o[0m
[59.686s] [ 73%] [32mBuilding CXX object CMakeFiles/standalone_converter.dir/src/costmap_converter_node.cpp.o[0m
[61.091s] [ 78%] [32m[1mLinking CXX static library libgtest_main.a[0m
[61.155s] [ 78%] Built target gtest_main
[69.673s] [ 84%] [32m[1mLinking CXX static library libgtest.a[0m
[69.715s] [ 84%] Built target gtest
[69.729s] [35m[1mScanning dependencies of target test_costmap_polygons[0m
[69.815s] [ 89%] [32mBuilding CXX object CMakeFiles/test_costmap_polygons.dir/test/costmap_polygons.cpp.o[0m
[73.730s] In file included from [01m[K/home/manuel/buggy_ws_beta.a/src/costmap_converter/costmap_converter/test/costmap_polygons.cpp:3[m[K:
[73.730s] /opt/ros/foxy/src/gtest_vendor/include/gtest/gtest.h: In instantiation of ‘[01m[Ktesting::AssertionResult testing::internal::CmpHelperEQ(const char*, const char*, const T1&, const T2&) [with T1 = int; T2 = long unsigned int][m[K’:
[73.730s] [01m[K/opt/ros/foxy/src/gtest_vendor/include/gtest/gtest.h:1495:23:[m[K   required from ‘[01m[Kstatic testing::AssertionResult testing::internal::EqHelper<lhs_is_null_literal>::Compare(const char*, const char*, const T1&, const T2&) [with T1 = int; T2 = long unsigned int; bool lhs_is_null_literal = false][m[K’
[73.731s] [01m[K/home/manuel/buggy_ws_beta.a/src/costmap_converter/costmap_converter/test/costmap_polygons.cpp:125:3:[m[K   required from here
[73.731s] [01m[K/opt/ros/foxy/src/gtest_vendor/include/gtest/gtest.h:1467:11:[m[K [01;35m[Kwarning: [m[Kcomparison of integer expressions of different signedness: ‘[01m[Kconst int[m[K’ and ‘[01m[Kconst long unsigned int[m[K’ [[01;35m[K-Wsign-compare[m[K]
[73.731s]  1467 |   if ([01;35m[Klhs == rhs[m[K) {
[73.731s]       |       [01;35m[K~~~~^~~~~~[m[K
[76.671s] [ 94%] [32m[1mLinking CXX executable test_costmap_polygons[0m
[77.350s] [ 94%] Built target test_costmap_polygons
[77.927s] [100%] [32m[1mLinking CXX executable standalone_converter[0m
[78.227s] [100%] Built target standalone_converter
[78.239s] Invoked command in '/home/manuel/buggy_ws_beta.a/build/costmap_converter' returned '0': AMENT_PREFIX_PATH=/home/manuel/buggy_ws_beta.a/install/costmap_converter_msgs:${AMENT_PREFIX_PATH} CMAKE_PREFIX_PATH=/home/manuel/buggy_ws_beta.a/install/costmap_converter_msgs:/home/manuel/buggy_space/install/zed_ros2:/home/manuel/buggy_space/install/zed_display_rviz2:/home/manuel/buggy_space/install/zed_wrapper:/home/manuel/buggy_space/install/zed_tutorial_video:/home/manuel/buggy_space/install/zed_tutorial_pos_tracking:/home/manuel/buggy_space/install/zed_tutorial_depth:/home/manuel/buggy_space/install/zed_rgb_convert:/home/manuel/buggy_space/install/zed_components:/home/manuel/buggy_space/install/rviz_plugin_zed_od:/home/manuel/buggy_space/install/zed_interfaces:/home/manuel/buggy_space/install/buggy_mobile_robot:/home/manuel/buggy_space/install/vox_nav_msgs:/home/manuel/buggy_space/install/velodyne:/home/manuel/buggy_space/install/velodyne_pointcloud:/home/manuel/buggy_space/install/velodyne_driver:/home/manuel/buggy_space/install/velodyne_msgs:/home/manuel/buggy_space/install/velodyne_laserscan:/home/manuel/buggy_space/install/teb_local_planner:/home/manuel/buggy_space/install/teb_msgs:/home/manuel/buggy_space/install/sick_scan2:/home/manuel/buggy_space/install/ros_sensors:/home/manuel/buggy_space/install/ros2socketcan_lib:/home/manuel/buggy_space/install/ros2car_buggy:/home/manuel/buggy_space/install/robot_localization:/home/manuel/buggy_space/install/image_common:/home/manuel/buggy_space/install/image_transport:/home/manuel/buggy_space/install/costmap_converter:/home/manuel/buggy_space/install/costmap_converter_msgs:/home/manuel/buggy_space/install/can_msgs:/home/manuel/buggy_space/install/camera_info_manager:/home/manuel/buggy_space/install/camera_calibration_parsers:/home/manuel/buggy_space/install/buggy_msgs:/home/manuel/buggy_space/install/buggy_mobile_navigation:/home/manuel/buggy_space/install/ackermann_msgs:/home/manuel/buggy_space/install/ackermann_interfaces:/home/manuel/buggy_space/install/joint_state_publisher_gui:/home/manuel/buggy_space/install/joint_state_publisher:/home/manuel/buggy_space/install/ackermann_odometry:/home/manuel/buggy_space/install/ackermann_controller:/opt/ros/foxy LD_LIBRARY_PATH=/home/manuel/buggy_ws_beta.a/install/costmap_converter_msgs/lib:${LD_LIBRARY_PATH} PYTHONPATH=/home/manuel/buggy_ws_beta.a/install/costmap_converter_msgs/lib/python3.8/site-packages:${PYTHONPATH} /usr/bin/cmake --build /home/manuel/buggy_ws_beta.a/build/costmap_converter -- -j16 -l16
[78.302s] Invoking command in '/home/manuel/buggy_ws_beta.a/build/costmap_converter': AMENT_PREFIX_PATH=/home/manuel/buggy_ws_beta.a/install/costmap_converter_msgs:${AMENT_PREFIX_PATH} CMAKE_PREFIX_PATH=/home/manuel/buggy_ws_beta.a/install/costmap_converter_msgs:/home/manuel/buggy_space/install/zed_ros2:/home/manuel/buggy_space/install/zed_display_rviz2:/home/manuel/buggy_space/install/zed_wrapper:/home/manuel/buggy_space/install/zed_tutorial_video:/home/manuel/buggy_space/install/zed_tutorial_pos_tracking:/home/manuel/buggy_space/install/zed_tutorial_depth:/home/manuel/buggy_space/install/zed_rgb_convert:/home/manuel/buggy_space/install/zed_components:/home/manuel/buggy_space/install/rviz_plugin_zed_od:/home/manuel/buggy_space/install/zed_interfaces:/home/manuel/buggy_space/install/buggy_mobile_robot:/home/manuel/buggy_space/install/vox_nav_msgs:/home/manuel/buggy_space/install/velodyne:/home/manuel/buggy_space/install/velodyne_pointcloud:/home/manuel/buggy_space/install/velodyne_driver:/home/manuel/buggy_space/install/velodyne_msgs:/home/manuel/buggy_space/install/velodyne_laserscan:/home/manuel/buggy_space/install/teb_local_planner:/home/manuel/buggy_space/install/teb_msgs:/home/manuel/buggy_space/install/sick_scan2:/home/manuel/buggy_space/install/ros_sensors:/home/manuel/buggy_space/install/ros2socketcan_lib:/home/manuel/buggy_space/install/ros2car_buggy:/home/manuel/buggy_space/install/robot_localization:/home/manuel/buggy_space/install/image_common:/home/manuel/buggy_space/install/image_transport:/home/manuel/buggy_space/install/costmap_converter:/home/manuel/buggy_space/install/costmap_converter_msgs:/home/manuel/buggy_space/install/can_msgs:/home/manuel/buggy_space/install/camera_info_manager:/home/manuel/buggy_space/install/camera_calibration_parsers:/home/manuel/buggy_space/install/buggy_msgs:/home/manuel/buggy_space/install/buggy_mobile_navigation:/home/manuel/buggy_space/install/ackermann_msgs:/home/manuel/buggy_space/install/ackermann_interfaces:/home/manuel/buggy_space/install/joint_state_publisher_gui:/home/manuel/buggy_space/install/joint_state_publisher:/home/manuel/buggy_space/install/ackermann_odometry:/home/manuel/buggy_space/install/ackermann_controller:/opt/ros/foxy LD_LIBRARY_PATH=/home/manuel/buggy_ws_beta.a/install/costmap_converter_msgs/lib:${LD_LIBRARY_PATH} PYTHONPATH=/home/manuel/buggy_ws_beta.a/install/costmap_converter_msgs/lib/python3.8/site-packages:${PYTHONPATH} /usr/bin/cmake --install /home/manuel/buggy_ws_beta.a/build/costmap_converter
[78.310s] -- Install configuration: "Release"
[78.311s] -- Installing: /home/manuel/buggy_ws_beta.a/install/costmap_converter/lib/libcostmap_converter.so
[78.312s] -- Set runtime path of "/home/manuel/buggy_ws_beta.a/install/costmap_converter/lib/libcostmap_converter.so" to ""
[78.312s] -- Installing: /home/manuel/buggy_ws_beta.a/install/costmap_converter/bin/standalone_converter
[78.313s] -- Set runtime path of "/home/manuel/buggy_ws_beta.a/install/costmap_converter/bin/standalone_converter" to ""
[78.313s] -- Installing: /home/manuel/buggy_ws_beta.a/install/costmap_converter/include/
[78.313s] -- Installing: /home/manuel/buggy_ws_beta.a/install/costmap_converter/include//costmap_converter
[78.313s] -- Installing: /home/manuel/buggy_ws_beta.a/install/costmap_converter/include//costmap_converter/costmap_to_lines_ransac.h
[78.314s] -- Installing: /home/manuel/buggy_ws_beta.a/install/costmap_converter/include//costmap_converter/costmap_to_polygons_concave.h
[78.314s] -- Installing: /home/manuel/buggy_ws_beta.a/install/costmap_converter/include//costmap_converter/costmap_to_polygons.h
[78.314s] -- Installing: /home/manuel/buggy_ws_beta.a/install/costmap_converter/include//costmap_converter/costmap_converter_interface.h
[78.314s] -- Installing: /home/manuel/buggy_ws_beta.a/install/costmap_converter/include//costmap_converter/costmap_to_dynamic_obstacles
[78.314s] -- Installing: /home/manuel/buggy_ws_beta.a/install/costmap_converter/include//costmap_converter/costmap_to_dynamic_obstacles/multitarget_tracker
[78.314s] -- Installing: /home/manuel/buggy_ws_beta.a/install/costmap_converter/include//costmap_converter/costmap_to_dynamic_obstacles/multitarget_tracker/Kalman.h
[78.314s] -- Installing: /home/manuel/buggy_ws_beta.a/install/costmap_converter/include//costmap_converter/costmap_to_dynamic_obstacles/multitarget_tracker/README.md
[78.314s] -- Installing: /home/manuel/buggy_ws_beta.a/install/costmap_converter/include//costmap_converter/costmap_to_dynamic_obstacles/multitarget_tracker/HungarianAlg.h
[78.315s] -- Installing: /home/manuel/buggy_ws_beta.a/install/costmap_converter/include//costmap_converter/costmap_to_dynamic_obstacles/multitarget_tracker/defines.h
[78.315s] -- Installing: /home/manuel/buggy_ws_beta.a/install/costmap_converter/include//costmap_converter/costmap_to_dynamic_obstacles/multitarget_tracker/Ctracker.h
[78.315s] -- Installing: /home/manuel/buggy_ws_beta.a/install/costmap_converter/include//costmap_converter/costmap_to_dynamic_obstacles/costmap_to_dynamic_obstacles.h
[78.315s] -- Installing: /home/manuel/buggy_ws_beta.a/install/costmap_converter/include//costmap_converter/costmap_to_dynamic_obstacles/background_subtractor.h
[78.315s] -- Installing: /home/manuel/buggy_ws_beta.a/install/costmap_converter/include//costmap_converter/costmap_to_dynamic_obstacles/blob_detector.h
[78.315s] -- Installing: /home/manuel/buggy_ws_beta.a/install/costmap_converter/include//costmap_converter/costmap_to_lines_convex_hull.h
[78.315s] -- Installing: /home/manuel/buggy_ws_beta.a/install/costmap_converter/include//costmap_converter/misc.h
[78.315s] -- Installing: /home/manuel/buggy_ws_beta.a/install/costmap_converter/share/costmap_converter/environment/library_path.sh
[78.315s] -- Installing: /home/manuel/buggy_ws_beta.a/install/costmap_converter/share/costmap_converter/environment/library_path.dsv
[78.316s] -- Installing: /home/manuel/buggy_ws_beta.a/install/costmap_converter/share/costmap_converter/costmap_converter_plugins.xml
[78.316s] -- Installing: /home/manuel/buggy_ws_beta.a/install/costmap_converter/share/ament_index/resource_index/package_run_dependencies/costmap_converter
[78.316s] -- Installing: /home/manuel/buggy_ws_beta.a/install/costmap_converter/share/ament_index/resource_index/parent_prefix_path/costmap_converter
[78.316s] -- Installing: /home/manuel/buggy_ws_beta.a/install/costmap_converter/share/costmap_converter/environment/ament_prefix_path.sh
[78.316s] -- Installing: /home/manuel/buggy_ws_beta.a/install/costmap_converter/share/costmap_converter/environment/ament_prefix_path.dsv
[78.316s] -- Installing: /home/manuel/buggy_ws_beta.a/install/costmap_converter/share/costmap_converter/environment/path.sh
[78.317s] -- Installing: /home/manuel/buggy_ws_beta.a/install/costmap_converter/share/costmap_converter/environment/path.dsv
[78.317s] -- Installing: /home/manuel/buggy_ws_beta.a/install/costmap_converter/share/costmap_converter/local_setup.bash
[78.317s] -- Installing: /home/manuel/buggy_ws_beta.a/install/costmap_converter/share/costmap_converter/local_setup.sh
[78.317s] -- Installing: /home/manuel/buggy_ws_beta.a/install/costmap_converter/share/costmap_converter/local_setup.zsh
[78.317s] -- Installing: /home/manuel/buggy_ws_beta.a/install/costmap_converter/share/costmap_converter/local_setup.dsv
[78.317s] -- Installing: /home/manuel/buggy_ws_beta.a/install/costmap_converter/share/costmap_converter/package.dsv
[78.317s] -- Installing: /home/manuel/buggy_ws_beta.a/install/costmap_converter/share/ament_index/resource_index/packages/costmap_converter
[78.317s] -- Installing: /home/manuel/buggy_ws_beta.a/install/costmap_converter/share/ament_index/resource_index/costmap_converter__pluginlib__plugin/costmap_converter
[78.317s] -- Installing: /home/manuel/buggy_ws_beta.a/install/costmap_converter/share/costmap_converter/cmake/ament_cmake_export_include_directories-extras.cmake
[78.318s] -- Installing: /home/manuel/buggy_ws_beta.a/install/costmap_converter/share/costmap_converter/cmake/ament_cmake_export_libraries-extras.cmake
[78.318s] -- Installing: /home/manuel/buggy_ws_beta.a/install/costmap_converter/share/costmap_converter/cmake/ament_cmake_export_dependencies-extras.cmake
[78.318s] -- Installing: /home/manuel/buggy_ws_beta.a/install/costmap_converter/share/costmap_converter/cmake/costmap_converterConfig.cmake
[78.318s] -- Installing: /home/manuel/buggy_ws_beta.a/install/costmap_converter/share/costmap_converter/cmake/costmap_converterConfig-version.cmake
[78.318s] -- Installing: /home/manuel/buggy_ws_beta.a/install/costmap_converter/share/costmap_converter/package.xml
[78.320s] Invoked command in '/home/manuel/buggy_ws_beta.a/build/costmap_converter' returned '0': AMENT_PREFIX_PATH=/home/manuel/buggy_ws_beta.a/install/costmap_converter_msgs:${AMENT_PREFIX_PATH} CMAKE_PREFIX_PATH=/home/manuel/buggy_ws_beta.a/install/costmap_converter_msgs:/home/manuel/buggy_space/install/zed_ros2:/home/manuel/buggy_space/install/zed_display_rviz2:/home/manuel/buggy_space/install/zed_wrapper:/home/manuel/buggy_space/install/zed_tutorial_video:/home/manuel/buggy_space/install/zed_tutorial_pos_tracking:/home/manuel/buggy_space/install/zed_tutorial_depth:/home/manuel/buggy_space/install/zed_rgb_convert:/home/manuel/buggy_space/install/zed_components:/home/manuel/buggy_space/install/rviz_plugin_zed_od:/home/manuel/buggy_space/install/zed_interfaces:/home/manuel/buggy_space/install/buggy_mobile_robot:/home/manuel/buggy_space/install/vox_nav_msgs:/home/manuel/buggy_space/install/velodyne:/home/manuel/buggy_space/install/velodyne_pointcloud:/home/manuel/buggy_space/install/velodyne_driver:/home/manuel/buggy_space/install/velodyne_msgs:/home/manuel/buggy_space/install/velodyne_laserscan:/home/manuel/buggy_space/install/teb_local_planner:/home/manuel/buggy_space/install/teb_msgs:/home/manuel/buggy_space/install/sick_scan2:/home/manuel/buggy_space/install/ros_sensors:/home/manuel/buggy_space/install/ros2socketcan_lib:/home/manuel/buggy_space/install/ros2car_buggy:/home/manuel/buggy_space/install/robot_localization:/home/manuel/buggy_space/install/image_common:/home/manuel/buggy_space/install/image_transport:/home/manuel/buggy_space/install/costmap_converter:/home/manuel/buggy_space/install/costmap_converter_msgs:/home/manuel/buggy_space/install/can_msgs:/home/manuel/buggy_space/install/camera_info_manager:/home/manuel/buggy_space/install/camera_calibration_parsers:/home/manuel/buggy_space/install/buggy_msgs:/home/manuel/buggy_space/install/buggy_mobile_navigation:/home/manuel/buggy_space/install/ackermann_msgs:/home/manuel/buggy_space/install/ackermann_interfaces:/home/manuel/buggy_space/install/joint_state_publisher_gui:/home/manuel/buggy_space/install/joint_state_publisher:/home/manuel/buggy_space/install/ackermann_odometry:/home/manuel/buggy_space/install/ackermann_controller:/opt/ros/foxy LD_LIBRARY_PATH=/home/manuel/buggy_ws_beta.a/install/costmap_converter_msgs/lib:${LD_LIBRARY_PATH} PYTHONPATH=/home/manuel/buggy_ws_beta.a/install/costmap_converter_msgs/lib/python3.8/site-packages:${PYTHONPATH} /usr/bin/cmake --install /home/manuel/buggy_ws_beta.a/build/costmap_converter
