[0.263s] Invoking command in '/home/manuel/buggy_ws_beta.a/build/zed_tutorial_video': CMAKE_PREFIX_PATH=${CMAKE_PREFIX_PATH}:/home/manuel/buggy_ws_beta.a/install/joint_state_publisher_gui:/home/manuel/buggy_ws_beta.a/install/joint_state_publisher:/home/manuel/buggy_ws_beta.a/install/ackermann_odometry:/home/manuel/buggy_ws_beta.a/install/ackermann_controller:/home/manuel/buggy_space/install/joint_state_publisher_gui:/home/manuel/buggy_space/install/joint_state_publisher:/home/manuel/buggy_space/install/ackermann_odometry:/home/manuel/buggy_space/install/ackermann_controller:/opt/ros/foxy /usr/bin/cmake --build /home/manuel/buggy_ws_beta.a/build/zed_tutorial_video -- -j16 -l16
[0.317s] [100%] Built target zed_tutorial_video
[0.578s] Invoked command in '/home/manuel/buggy_ws_beta.a/build/zed_tutorial_video' returned '0': CMAKE_PREFIX_PATH=${CMAKE_PREFIX_PATH}:/home/manuel/buggy_ws_beta.a/install/joint_state_publisher_gui:/home/manuel/buggy_ws_beta.a/install/joint_state_publisher:/home/manuel/buggy_ws_beta.a/install/ackermann_odometry:/home/manuel/buggy_ws_beta.a/install/ackermann_controller:/home/manuel/buggy_space/install/joint_state_publisher_gui:/home/manuel/buggy_space/install/joint_state_publisher:/home/manuel/buggy_space/install/ackermann_odometry:/home/manuel/buggy_space/install/ackermann_controller:/opt/ros/foxy /usr/bin/cmake --build /home/manuel/buggy_ws_beta.a/build/zed_tutorial_video -- -j16 -l16
[0.894s] Invoking command in '/home/manuel/buggy_ws_beta.a/build/zed_tutorial_video': CMAKE_PREFIX_PATH=${CMAKE_PREFIX_PATH}:/home/manuel/buggy_ws_beta.a/install/joint_state_publisher_gui:/home/manuel/buggy_ws_beta.a/install/joint_state_publisher:/home/manuel/buggy_ws_beta.a/install/ackermann_odometry:/home/manuel/buggy_ws_beta.a/install/ackermann_controller:/home/manuel/buggy_space/install/joint_state_publisher_gui:/home/manuel/buggy_space/install/joint_state_publisher:/home/manuel/buggy_space/install/ackermann_odometry:/home/manuel/buggy_space/install/ackermann_controller:/opt/ros/foxy /usr/bin/cmake --install /home/manuel/buggy_ws_beta.a/build/zed_tutorial_video
[1.250s] -- Install configuration: "Release"
[1.251s] -- Up-to-date: /home/manuel/buggy_ws_beta.a/install/zed_tutorial_video/lib/zed_tutorial_video/zed_tutorial_video
[1.252s] -- Up-to-date: /home/manuel/buggy_ws_beta.a/install/zed_tutorial_video/share/ament_index/resource_index/package_run_dependencies/zed_tutorial_video
[1.253s] -- Up-to-date: /home/manuel/buggy_ws_beta.a/install/zed_tutorial_video/share/ament_index/resource_index/parent_prefix_path/zed_tutorial_video
[1.254s] -- Up-to-date: /home/manuel/buggy_ws_beta.a/install/zed_tutorial_video/share/zed_tutorial_video/environment/ament_prefix_path.sh
[1.254s] -- Up-to-date: /home/manuel/buggy_ws_beta.a/install/zed_tutorial_video/share/zed_tutorial_video/environment/ament_prefix_path.dsv
[1.256s] -- Up-to-date: /home/manuel/buggy_ws_beta.a/install/zed_tutorial_video/share/zed_tutorial_video/environment/path.sh
[1.256s] -- Up-to-date: /home/manuel/buggy_ws_beta.a/install/zed_tutorial_video/share/zed_tutorial_video/environment/path.dsv
[1.256s] -- Up-to-date: /home/manuel/buggy_ws_beta.a/install/zed_tutorial_video/share/zed_tutorial_video/local_setup.bash
[1.260s] -- Up-to-date: /home/manuel/buggy_ws_beta.a/install/zed_tutorial_video/share/zed_tutorial_video/local_setup.sh
[1.261s] -- Up-to-date: /home/manuel/buggy_ws_beta.a/install/zed_tutorial_video/share/zed_tutorial_video/local_setup.zsh
[1.261s] -- Up-to-date: /home/manuel/buggy_ws_beta.a/install/zed_tutorial_video/share/zed_tutorial_video/local_setup.dsv
[1.262s] -- Installing: /home/manuel/buggy_ws_beta.a/install/zed_tutorial_video/share/zed_tutorial_video/package.dsv
[1.262s] -- Up-to-date: /home/manuel/buggy_ws_beta.a/install/zed_tutorial_video/share/ament_index/resource_index/packages/zed_tutorial_video
[1.262s] -- Up-to-date: /home/manuel/buggy_ws_beta.a/install/zed_tutorial_video/share/zed_tutorial_video/cmake/zed_tutorial_videoConfig.cmake
[1.262s] -- Up-to-date: /home/manuel/buggy_ws_beta.a/install/zed_tutorial_video/share/zed_tutorial_video/cmake/zed_tutorial_videoConfig-version.cmake
[1.262s] -- Up-to-date: /home/manuel/buggy_ws_beta.a/install/zed_tutorial_video/share/zed_tutorial_video/package.xml
[1.288s] Invoked command in '/home/manuel/buggy_ws_beta.a/build/zed_tutorial_video' returned '0': CMAKE_PREFIX_PATH=${CMAKE_PREFIX_PATH}:/home/manuel/buggy_ws_beta.a/install/joint_state_publisher_gui:/home/manuel/buggy_ws_beta.a/install/joint_state_publisher:/home/manuel/buggy_ws_beta.a/install/ackermann_odometry:/home/manuel/buggy_ws_beta.a/install/ackermann_controller:/home/manuel/buggy_space/install/joint_state_publisher_gui:/home/manuel/buggy_space/install/joint_state_publisher:/home/manuel/buggy_space/install/ackermann_odometry:/home/manuel/buggy_space/install/ackermann_controller:/opt/ros/foxy /usr/bin/cmake --install /home/manuel/buggy_ws_beta.a/build/zed_tutorial_video
