[ 18%] Built target gazebo_ros_imu
[ 36%] Built target gazebo_ros_velodyne_laser
[ 54%] Built target sensor_base_attacher_plugin
[ 81%] Built target gazebo_ros_realsense_camera_plugin
[100%] Built target gazebo_ros_gps
-- Install configuration: ""
-- Up-to-date: /home/manuel/buggy_ws_beta.a/install/ros_sensors/share/ros_sensors/environment/library_path.sh
-- Up-to-date: /home/manuel/buggy_ws_beta.a/install/ros_sensors/share/ros_sensors/environment/library_path.dsv
-- Up-to-date: /home/manuel/buggy_ws_beta.a/install/ros_sensors/lib/libgazebo_ros_realsense_camera_plugin.so
-- Up-to-date: /home/manuel/buggy_ws_beta.a/install/ros_sensors/lib/libgazebo_ros_velodyne_laser.so
-- Up-to-date: /home/manuel/buggy_ws_beta.a/install/ros_sensors/lib/libgazebo_ros_gps.so
-- Up-to-date: /home/manuel/buggy_ws_beta.a/install/ros_sensors/lib/libgazebo_ros_imu.so
-- Up-to-date: /home/manuel/buggy_ws_beta.a/install/ros_sensors/lib/libsensor_base_attacher_plugin.so
-- Up-to-date: /home/manuel/buggy_ws_beta.a/install/ros_sensors/share/ros_sensors/
-- Up-to-date: /home/manuel/buggy_ws_beta.a/install/ros_sensors/include/
-- Up-to-date: /home/manuel/buggy_ws_beta.a/install/ros_sensors/include//ros_sensors
-- Up-to-date: /home/manuel/buggy_ws_beta.a/install/ros_sensors/include//ros_sensors/gazebo_ros_realsense_camera.hpp
-- Up-to-date: /home/manuel/buggy_ws_beta.a/install/ros_sensors/include//ros_sensors/gazebo_ros_imu.hpp
-- Up-to-date: /home/manuel/buggy_ws_beta.a/install/ros_sensors/include//ros_sensors/gazebo_ros_gps.hpp
-- Up-to-date: /home/manuel/buggy_ws_beta.a/install/ros_sensors/include//ros_sensors/gazebo_ros_velodyne_laser.hpp
-- Up-to-date: /home/manuel/buggy_ws_beta.a/install/ros_sensors/include//ros_sensors/sensor_base_attacher_plugin.hpp
-- Up-to-date: /home/manuel/buggy_ws_beta.a/install/ros_sensors/include//ros_sensors/realsense_ros_plugin.hpp
-- Up-to-date: /home/manuel/buggy_ws_beta.a/install/ros_sensors/include//ros_sensors/sensor_model.hpp
-- Up-to-date: /home/manuel/buggy_ws_beta.a/install/ros_sensors/share/ament_index/resource_index/package_run_dependencies/ros_sensors
-- Up-to-date: /home/manuel/buggy_ws_beta.a/install/ros_sensors/share/ament_index/resource_index/parent_prefix_path/ros_sensors
-- Up-to-date: /home/manuel/buggy_ws_beta.a/install/ros_sensors/share/ros_sensors/environment/ament_prefix_path.sh
-- Up-to-date: /home/manuel/buggy_ws_beta.a/install/ros_sensors/share/ros_sensors/environment/ament_prefix_path.dsv
-- Up-to-date: /home/manuel/buggy_ws_beta.a/install/ros_sensors/share/ros_sensors/environment/path.sh
-- Up-to-date: /home/manuel/buggy_ws_beta.a/install/ros_sensors/share/ros_sensors/environment/path.dsv
-- Up-to-date: /home/manuel/buggy_ws_beta.a/install/ros_sensors/share/ros_sensors/local_setup.bash
-- Up-to-date: /home/manuel/buggy_ws_beta.a/install/ros_sensors/share/ros_sensors/local_setup.sh
-- Up-to-date: /home/manuel/buggy_ws_beta.a/install/ros_sensors/share/ros_sensors/local_setup.zsh
-- Up-to-date: /home/manuel/buggy_ws_beta.a/install/ros_sensors/share/ros_sensors/local_setup.dsv
-- Installing: /home/manuel/buggy_ws_beta.a/install/ros_sensors/share/ros_sensors/package.dsv
-- Up-to-date: /home/manuel/buggy_ws_beta.a/install/ros_sensors/share/ament_index/resource_index/packages/ros_sensors
-- Up-to-date: /home/manuel/buggy_ws_beta.a/install/ros_sensors/share/ros_sensors/cmake/ament_cmake_export_libraries-extras.cmake
-- Up-to-date: /home/manuel/buggy_ws_beta.a/install/ros_sensors/share/ros_sensors/cmake/ament_cmake_export_include_directories-extras.cmake
-- Up-to-date: /home/manuel/buggy_ws_beta.a/install/ros_sensors/share/ros_sensors/cmake/ament_cmake_export_dependencies-extras.cmake
-- Up-to-date: /home/manuel/buggy_ws_beta.a/install/ros_sensors/share/ros_sensors/cmake/ros_sensorsConfig.cmake
-- Up-to-date: /home/manuel/buggy_ws_beta.a/install/ros_sensors/share/ros_sensors/cmake/ros_sensorsConfig-version.cmake
-- Up-to-date: /home/manuel/buggy_ws_beta.a/install/ros_sensors/share/ros_sensors/package.xml
