[0.163s] Invoking command in '/home/manuel/buggy_ws_beta.a/build/teb_msgs': AMENT_PREFIX_PATH=/home/manuel/buggy_ws_beta.a/install/costmap_converter_msgs:${AMENT_PREFIX_PATH} CMAKE_PREFIX_PATH=/home/manuel/buggy_ws_beta.a/install/costmap_converter_msgs:/home/manuel/buggy_space/install/zed_ros2:/home/manuel/buggy_space/install/zed_display_rviz2:/home/manuel/buggy_space/install/zed_wrapper:/home/manuel/buggy_space/install/zed_tutorial_video:/home/manuel/buggy_space/install/zed_tutorial_pos_tracking:/home/manuel/buggy_space/install/zed_tutorial_depth:/home/manuel/buggy_space/install/zed_rgb_convert:/home/manuel/buggy_space/install/zed_components:/home/manuel/buggy_space/install/rviz_plugin_zed_od:/home/manuel/buggy_space/install/zed_interfaces:/home/manuel/buggy_space/install/buggy_mobile_robot:/home/manuel/buggy_space/install/vox_nav_msgs:/home/manuel/buggy_space/install/velodyne:/home/manuel/buggy_space/install/velodyne_pointcloud:/home/manuel/buggy_space/install/velodyne_driver:/home/manuel/buggy_space/install/velodyne_msgs:/home/manuel/buggy_space/install/velodyne_laserscan:/home/manuel/buggy_space/install/teb_local_planner:/home/manuel/buggy_space/install/teb_msgs:/home/manuel/buggy_space/install/sick_scan2:/home/manuel/buggy_space/install/ros_sensors:/home/manuel/buggy_space/install/ros2socketcan_lib:/home/manuel/buggy_space/install/ros2car_buggy:/home/manuel/buggy_space/install/robot_localization:/home/manuel/buggy_space/install/image_common:/home/manuel/buggy_space/install/image_transport:/home/manuel/buggy_space/install/costmap_converter:/home/manuel/buggy_space/install/costmap_converter_msgs:/home/manuel/buggy_space/install/can_msgs:/home/manuel/buggy_space/install/camera_info_manager:/home/manuel/buggy_space/install/camera_calibration_parsers:/home/manuel/buggy_space/install/buggy_msgs:/home/manuel/buggy_space/install/buggy_mobile_navigation:/home/manuel/buggy_space/install/ackermann_msgs:/home/manuel/buggy_space/install/ackermann_interfaces:/home/manuel/buggy_space/install/joint_state_publisher_gui:/home/manuel/buggy_space/install/joint_state_publisher:/home/manuel/buggy_space/install/ackermann_odometry:/home/manuel/buggy_space/install/ackermann_controller:/opt/ros/foxy LD_LIBRARY_PATH=/home/manuel/buggy_ws_beta.a/install/costmap_converter_msgs/lib:${LD_LIBRARY_PATH} PYTHONPATH=/home/manuel/buggy_ws_beta.a/install/costmap_converter_msgs/lib/python3.8/site-packages:${PYTHONPATH} /usr/bin/cmake /home/manuel/buggy_ws_beta.a/src/teb_local_planner/teb_msgs -DCMAKE_INSTALL_PREFIX=/home/manuel/buggy_ws_beta.a/install/teb_msgs
[4.729s] -- The C compiler identification is GNU 9.4.0
[4.729s] -- The CXX compiler identification is GNU 9.4.0
[4.730s] -- Check for working C compiler: /usr/bin/cc
[4.730s] -- Check for working C compiler: /usr/bin/cc -- works
[4.730s] -- Detecting C compiler ABI info
[4.730s] -- Detecting C compiler ABI info - done
[4.730s] -- Detecting C compile features
[4.730s] -- Detecting C compile features - done
[4.730s] -- Check for working CXX compiler: /usr/bin/c++
[4.730s] -- Check for working CXX compiler: /usr/bin/c++ -- works
[4.730s] -- Detecting CXX compiler ABI info
[4.730s] -- Detecting CXX compiler ABI info - done
[4.731s] -- Detecting CXX compile features
[4.731s] -- Detecting CXX compile features - done
[4.731s] -- Found ament_cmake: 0.9.11 (/opt/ros/foxy/share/ament_cmake/cmake)
[4.731s] -- Found PythonInterp: /usr/bin/python3 (found suitable version "3.8.10", minimum required is "3") 
[4.731s] -- Using PYTHON_EXECUTABLE: /usr/bin/python3
[4.731s] -- Found builtin_interfaces: 1.0.0 (/opt/ros/foxy/share/builtin_interfaces/cmake)
[4.731s] -- Using all available rosidl_typesupport_c: rosidl_typesupport_fastrtps_c;rosidl_typesupport_introspection_c
[4.731s] -- Found rosidl_adapter: 1.3.0 (/opt/ros/foxy/share/rosidl_adapter/cmake)
[4.731s] -- Found OpenSSL: /usr/lib/x86_64-linux-gnu/libcrypto.so (found version "1.1.1f")  
[4.731s] -- Found FastRTPS: /opt/ros/foxy/include  
[4.732s] -- Using all available rosidl_typesupport_cpp: rosidl_typesupport_fastrtps_cpp;rosidl_typesupport_introspection_cpp
[4.732s] -- Found costmap_converter_msgs: 0.1.2 (/home/manuel/buggy_ws_beta.a/install/costmap_converter_msgs/share/costmap_converter_msgs/cmake)
[4.732s] -- Found rosidl_default_generators: 1.0.1 (/opt/ros/foxy/share/rosidl_default_generators/cmake)
[4.732s] -- Found PythonInterp: /usr/bin/python3 (found version "3.8.10") 
[4.732s] -- Found ament_cmake_ros: 0.9.2 (/opt/ros/foxy/share/ament_cmake_ros/cmake)
[4.732s] -- Using all available rosidl_typesupport_c: rosidl_typesupport_fastrtps_c;rosidl_typesupport_introspection_c
[4.732s] -- Using all available rosidl_typesupport_cpp: rosidl_typesupport_fastrtps_cpp;rosidl_typesupport_introspection_cpp
[4.732s] -- Found PythonInterp: /usr/bin/python3 (found suitable version "3.8.10", minimum required is "3.5") 
[4.732s] -- Found python_cmake_module: 0.8.1 (/opt/ros/foxy/share/python_cmake_module/cmake)
[4.739s] -- Found PythonLibs: /usr/lib/x86_64-linux-gnu/libpython3.8.so (found suitable version "3.8.10", minimum required is "3.5") 
[4.739s] -- Using PYTHON_EXECUTABLE: /usr/bin/python3
[4.739s] -- Using PYTHON_INCLUDE_DIRS: /usr/include/python3.8
[4.739s] -- Using PYTHON_LIBRARIES: /usr/lib/x86_64-linux-gnu/libpython3.8.so
[4.779s] -- Found PythonExtra: .so  
[5.050s] -- Configuring done
[5.182s] -- Generating done
[5.188s] -- Build files have been written to: /home/manuel/buggy_ws_beta.a/build/teb_msgs
[5.209s] Invoked command in '/home/manuel/buggy_ws_beta.a/build/teb_msgs' returned '0': AMENT_PREFIX_PATH=/home/manuel/buggy_ws_beta.a/install/costmap_converter_msgs:${AMENT_PREFIX_PATH} CMAKE_PREFIX_PATH=/home/manuel/buggy_ws_beta.a/install/costmap_converter_msgs:/home/manuel/buggy_space/install/zed_ros2:/home/manuel/buggy_space/install/zed_display_rviz2:/home/manuel/buggy_space/install/zed_wrapper:/home/manuel/buggy_space/install/zed_tutorial_video:/home/manuel/buggy_space/install/zed_tutorial_pos_tracking:/home/manuel/buggy_space/install/zed_tutorial_depth:/home/manuel/buggy_space/install/zed_rgb_convert:/home/manuel/buggy_space/install/zed_components:/home/manuel/buggy_space/install/rviz_plugin_zed_od:/home/manuel/buggy_space/install/zed_interfaces:/home/manuel/buggy_space/install/buggy_mobile_robot:/home/manuel/buggy_space/install/vox_nav_msgs:/home/manuel/buggy_space/install/velodyne:/home/manuel/buggy_space/install/velodyne_pointcloud:/home/manuel/buggy_space/install/velodyne_driver:/home/manuel/buggy_space/install/velodyne_msgs:/home/manuel/buggy_space/install/velodyne_laserscan:/home/manuel/buggy_space/install/teb_local_planner:/home/manuel/buggy_space/install/teb_msgs:/home/manuel/buggy_space/install/sick_scan2:/home/manuel/buggy_space/install/ros_sensors:/home/manuel/buggy_space/install/ros2socketcan_lib:/home/manuel/buggy_space/install/ros2car_buggy:/home/manuel/buggy_space/install/robot_localization:/home/manuel/buggy_space/install/image_common:/home/manuel/buggy_space/install/image_transport:/home/manuel/buggy_space/install/costmap_converter:/home/manuel/buggy_space/install/costmap_converter_msgs:/home/manuel/buggy_space/install/can_msgs:/home/manuel/buggy_space/install/camera_info_manager:/home/manuel/buggy_space/install/camera_calibration_parsers:/home/manuel/buggy_space/install/buggy_msgs:/home/manuel/buggy_space/install/buggy_mobile_navigation:/home/manuel/buggy_space/install/ackermann_msgs:/home/manuel/buggy_space/install/ackermann_interfaces:/home/manuel/buggy_space/install/joint_state_publisher_gui:/home/manuel/buggy_space/install/joint_state_publisher:/home/manuel/buggy_space/install/ackermann_odometry:/home/manuel/buggy_space/install/ackermann_controller:/opt/ros/foxy LD_LIBRARY_PATH=/home/manuel/buggy_ws_beta.a/install/costmap_converter_msgs/lib:${LD_LIBRARY_PATH} PYTHONPATH=/home/manuel/buggy_ws_beta.a/install/costmap_converter_msgs/lib/python3.8/site-packages:${PYTHONPATH} /usr/bin/cmake /home/manuel/buggy_ws_beta.a/src/teb_local_planner/teb_msgs -DCMAKE_INSTALL_PREFIX=/home/manuel/buggy_ws_beta.a/install/teb_msgs
[5.215s] Invoking command in '/home/manuel/buggy_ws_beta.a/build/teb_msgs': AMENT_PREFIX_PATH=/home/manuel/buggy_ws_beta.a/install/costmap_converter_msgs:${AMENT_PREFIX_PATH} CMAKE_PREFIX_PATH=/home/manuel/buggy_ws_beta.a/install/costmap_converter_msgs:/home/manuel/buggy_space/install/zed_ros2:/home/manuel/buggy_space/install/zed_display_rviz2:/home/manuel/buggy_space/install/zed_wrapper:/home/manuel/buggy_space/install/zed_tutorial_video:/home/manuel/buggy_space/install/zed_tutorial_pos_tracking:/home/manuel/buggy_space/install/zed_tutorial_depth:/home/manuel/buggy_space/install/zed_rgb_convert:/home/manuel/buggy_space/install/zed_components:/home/manuel/buggy_space/install/rviz_plugin_zed_od:/home/manuel/buggy_space/install/zed_interfaces:/home/manuel/buggy_space/install/buggy_mobile_robot:/home/manuel/buggy_space/install/vox_nav_msgs:/home/manuel/buggy_space/install/velodyne:/home/manuel/buggy_space/install/velodyne_pointcloud:/home/manuel/buggy_space/install/velodyne_driver:/home/manuel/buggy_space/install/velodyne_msgs:/home/manuel/buggy_space/install/velodyne_laserscan:/home/manuel/buggy_space/install/teb_local_planner:/home/manuel/buggy_space/install/teb_msgs:/home/manuel/buggy_space/install/sick_scan2:/home/manuel/buggy_space/install/ros_sensors:/home/manuel/buggy_space/install/ros2socketcan_lib:/home/manuel/buggy_space/install/ros2car_buggy:/home/manuel/buggy_space/install/robot_localization:/home/manuel/buggy_space/install/image_common:/home/manuel/buggy_space/install/image_transport:/home/manuel/buggy_space/install/costmap_converter:/home/manuel/buggy_space/install/costmap_converter_msgs:/home/manuel/buggy_space/install/can_msgs:/home/manuel/buggy_space/install/camera_info_manager:/home/manuel/buggy_space/install/camera_calibration_parsers:/home/manuel/buggy_space/install/buggy_msgs:/home/manuel/buggy_space/install/buggy_mobile_navigation:/home/manuel/buggy_space/install/ackermann_msgs:/home/manuel/buggy_space/install/ackermann_interfaces:/home/manuel/buggy_space/install/joint_state_publisher_gui:/home/manuel/buggy_space/install/joint_state_publisher:/home/manuel/buggy_space/install/ackermann_odometry:/home/manuel/buggy_space/install/ackermann_controller:/opt/ros/foxy LD_LIBRARY_PATH=/home/manuel/buggy_ws_beta.a/install/costmap_converter_msgs/lib:${LD_LIBRARY_PATH} PYTHONPATH=/home/manuel/buggy_ws_beta.a/install/costmap_converter_msgs/lib/python3.8/site-packages:${PYTHONPATH} /usr/bin/cmake --build /home/manuel/buggy_ws_beta.a/build/teb_msgs -- -j16 -l16
[8.347s] [35m[1mScanning dependencies of target teb_msgs__cpp[0m
[8.347s] [  2%] [34m[1mGenerating C++ code for ROS interfaces[0m
[8.348s] [  2%] Built target teb_msgs__cpp
[8.348s] [  4%] [34m[1mGenerating C code for ROS interfaces[0m
[8.348s] [35m[1mScanning dependencies of target teb_msgs__rosidl_generator_c[0m
[8.348s] [  6%] [32mBuilding C object CMakeFiles/teb_msgs__rosidl_generator_c.dir/rosidl_generator_c/teb_msgs/msg/detail/feedback_msg__functions.c.o[0m
[8.348s] [  8%] [32mBuilding C object CMakeFiles/teb_msgs__rosidl_generator_c.dir/rosidl_generator_c/teb_msgs/msg/detail/trajectory_point_msg__functions.c.o[0m
[8.348s] [ 10%] [32mBuilding C object CMakeFiles/teb_msgs__rosidl_generator_c.dir/rosidl_generator_c/teb_msgs/msg/detail/trajectory_msg__functions.c.o[0m
[8.349s] [ 12%] [32m[1mLinking C shared library libteb_msgs__rosidl_generator_c.so[0m
[8.349s] [ 12%] Built target teb_msgs__rosidl_generator_c
[8.349s] [ 14%] [34m[1mGenerating C++ type support for eProsima Fast-RTPS[0m
[8.751s] [35m[1mScanning dependencies of target teb_msgs__rosidl_typesupport_fastrtps_cpp[0m
[8.776s] [ 17%] [32mBuilding CXX object CMakeFiles/teb_msgs__rosidl_typesupport_fastrtps_cpp.dir/rosidl_typesupport_fastrtps_cpp/teb_msgs/msg/detail/dds_fastrtps/feedback_msg__type_support.cpp.o[0m
[9.514s] [ 19%] [32mBuilding CXX object CMakeFiles/teb_msgs__rosidl_typesupport_fastrtps_cpp.dir/rosidl_typesupport_fastrtps_cpp/teb_msgs/msg/detail/dds_fastrtps/trajectory_point_msg__type_support.cpp.o[0m
[10.387s] [ 21%] [32mBuilding CXX object CMakeFiles/teb_msgs__rosidl_typesupport_fastrtps_cpp.dir/rosidl_typesupport_fastrtps_cpp/teb_msgs/msg/detail/dds_fastrtps/trajectory_msg__type_support.cpp.o[0m
[11.245s] [ 23%] [32m[1mLinking CXX shared library libteb_msgs__rosidl_typesupport_fastrtps_cpp.so[0m
[11.367s] [ 23%] Built target teb_msgs__rosidl_typesupport_fastrtps_cpp
[11.381s] [ 25%] [34m[1mGenerating C type support dispatch for ROS interfaces[0m
[11.854s] [35m[1mScanning dependencies of target teb_msgs__rosidl_typesupport_c[0m
[11.878s] [ 27%] [32mBuilding CXX object CMakeFiles/teb_msgs__rosidl_typesupport_c.dir/rosidl_typesupport_c/teb_msgs/msg/feedback_msg__type_support.cpp.o[0m
[11.935s] [ 29%] [32mBuilding CXX object CMakeFiles/teb_msgs__rosidl_typesupport_c.dir/rosidl_typesupport_c/teb_msgs/msg/trajectory_point_msg__type_support.cpp.o[0m
[11.998s] [ 31%] [32mBuilding CXX object CMakeFiles/teb_msgs__rosidl_typesupport_c.dir/rosidl_typesupport_c/teb_msgs/msg/trajectory_msg__type_support.cpp.o[0m
[12.063s] [ 34%] [32m[1mLinking CXX shared library libteb_msgs__rosidl_typesupport_c.so[0m
[12.149s] [ 34%] Built target teb_msgs__rosidl_typesupport_c
[12.170s] [ 36%] [34m[1mGenerating C type support for eProsima Fast-RTPS[0m
[12.884s] [35m[1mScanning dependencies of target teb_msgs__rosidl_typesupport_fastrtps_c[0m
[12.913s] [ 38%] [32mBuilding CXX object CMakeFiles/teb_msgs__rosidl_typesupport_fastrtps_c.dir/rosidl_typesupport_fastrtps_c/teb_msgs/msg/detail/feedback_msg__type_support_c.cpp.o[0m
[13.386s] [ 40%] [32mBuilding CXX object CMakeFiles/teb_msgs__rosidl_typesupport_fastrtps_c.dir/rosidl_typesupport_fastrtps_c/teb_msgs/msg/detail/trajectory_point_msg__type_support_c.cpp.o[0m
[13.826s] [ 42%] [32mBuilding CXX object CMakeFiles/teb_msgs__rosidl_typesupport_fastrtps_c.dir/rosidl_typesupport_fastrtps_c/teb_msgs/msg/detail/trajectory_msg__type_support_c.cpp.o[0m
[14.254s] [ 44%] [32m[1mLinking CXX shared library libteb_msgs__rosidl_typesupport_fastrtps_c.so[0m
[14.359s] [ 44%] Built target teb_msgs__rosidl_typesupport_fastrtps_c
[14.372s] [ 46%] [34m[1mGenerating C introspection for ROS interfaces[0m
[14.852s] [35m[1mScanning dependencies of target teb_msgs__rosidl_typesupport_introspection_c[0m
[14.876s] [ 48%] [32mBuilding C object CMakeFiles/teb_msgs__rosidl_typesupport_introspection_c.dir/rosidl_typesupport_introspection_c/teb_msgs/msg/detail/feedback_msg__type_support.c.o[0m
[14.923s] [ 51%] [32mBuilding C object CMakeFiles/teb_msgs__rosidl_typesupport_introspection_c.dir/rosidl_typesupport_introspection_c/teb_msgs/msg/detail/trajectory_point_msg__type_support.c.o[0m
[14.979s] [ 53%] [32mBuilding C object CMakeFiles/teb_msgs__rosidl_typesupport_introspection_c.dir/rosidl_typesupport_introspection_c/teb_msgs/msg/detail/trajectory_msg__type_support.c.o[0m
[15.060s] [ 55%] [32m[1mLinking C shared library libteb_msgs__rosidl_typesupport_introspection_c.so[0m
[15.102s] [ 55%] Built target teb_msgs__rosidl_typesupport_introspection_c
[15.114s] [ 57%] [34m[1mGenerating C++ type support dispatch for ROS interfaces[0m
[15.530s] [35m[1mScanning dependencies of target teb_msgs__rosidl_typesupport_cpp[0m
[15.552s] [ 59%] [32mBuilding CXX object CMakeFiles/teb_msgs__rosidl_typesupport_cpp.dir/rosidl_typesupport_cpp/teb_msgs/msg/feedback_msg__type_support.cpp.o[0m
[15.904s] [ 61%] [32mBuilding CXX object CMakeFiles/teb_msgs__rosidl_typesupport_cpp.dir/rosidl_typesupport_cpp/teb_msgs/msg/trajectory_point_msg__type_support.cpp.o[0m
[16.245s] [ 63%] [32mBuilding CXX object CMakeFiles/teb_msgs__rosidl_typesupport_cpp.dir/rosidl_typesupport_cpp/teb_msgs/msg/trajectory_msg__type_support.cpp.o[0m
[16.586s] [ 65%] [32m[1mLinking CXX shared library libteb_msgs__rosidl_typesupport_cpp.so[0m
[16.634s] [ 65%] Built target teb_msgs__rosidl_typesupport_cpp
[16.648s] [ 68%] [34m[1mGenerating C++ introspection for ROS interfaces[0m
[17.107s] [35m[1mScanning dependencies of target teb_msgs__rosidl_typesupport_introspection_cpp[0m
[17.129s] [ 70%] [32mBuilding CXX object CMakeFiles/teb_msgs__rosidl_typesupport_introspection_cpp.dir/rosidl_typesupport_introspection_cpp/teb_msgs/msg/detail/feedback_msg__type_support.cpp.o[0m
[17.616s] [ 72%] [32mBuilding CXX object CMakeFiles/teb_msgs__rosidl_typesupport_introspection_cpp.dir/rosidl_typesupport_introspection_cpp/teb_msgs/msg/detail/trajectory_point_msg__type_support.cpp.o[0m
[17.962s] [ 74%] [32mBuilding CXX object CMakeFiles/teb_msgs__rosidl_typesupport_introspection_cpp.dir/rosidl_typesupport_introspection_cpp/teb_msgs/msg/detail/trajectory_msg__type_support.cpp.o[0m
[18.368s] [ 76%] [32m[1mLinking CXX shared library libteb_msgs__rosidl_typesupport_introspection_cpp.so[0m
[18.458s] [ 76%] Built target teb_msgs__rosidl_typesupport_introspection_cpp
[18.470s] [35m[1mScanning dependencies of target teb_msgs[0m
[18.483s] [ 76%] Built target teb_msgs
[18.495s] [35m[1mScanning dependencies of target teb_msgs__py[0m
[18.508s] [ 78%] [34m[1mGenerating Python code for ROS interfaces[0m
[19.482s] [ 78%] Built target teb_msgs__py
[19.501s] [35m[1mScanning dependencies of target teb_msgs__python[0m
[19.542s] [ 80%] [32mBuilding C object CMakeFiles/teb_msgs__python.dir/rosidl_generator_py/teb_msgs/msg/_feedback_msg_s.c.o[0m
[19.718s] [ 82%] [32mBuilding C object CMakeFiles/teb_msgs__python.dir/rosidl_generator_py/teb_msgs/msg/_trajectory_point_msg_s.c.o[0m
[19.888s] [ 85%] [32mBuilding C object CMakeFiles/teb_msgs__python.dir/rosidl_generator_py/teb_msgs/msg/_trajectory_msg_s.c.o[0m
[20.046s] [ 87%] [32m[1mLinking C shared library rosidl_generator_py/teb_msgs/libteb_msgs__python.so[0m
[20.126s] [ 87%] Built target teb_msgs__python
[20.144s] [35m[1mScanning dependencies of target teb_msgs__rosidl_typesupport_fastrtps_c__pyext[0m
[20.183s] [ 89%] [32mBuilding C object CMakeFiles/teb_msgs__rosidl_typesupport_fastrtps_c__pyext.dir/rosidl_generator_py/teb_msgs/_teb_msgs_s.ep.rosidl_typesupport_fastrtps_c.c.o[0m
[20.298s] [ 91%] [32m[1mLinking CXX shared library rosidl_generator_py/teb_msgs/teb_msgs_s__rosidl_typesupport_fastrtps_c.cpython-38-x86_64-linux-gnu.so[0m
[20.396s] [ 91%] Built target teb_msgs__rosidl_typesupport_fastrtps_c__pyext
[20.408s] [35m[1mScanning dependencies of target teb_msgs__rosidl_typesupport_introspection_c__pyext[0m
[20.434s] [ 93%] [32mBuilding C object CMakeFiles/teb_msgs__rosidl_typesupport_introspection_c__pyext.dir/rosidl_generator_py/teb_msgs/_teb_msgs_s.ep.rosidl_typesupport_introspection_c.c.o[0m
[20.602s] [ 95%] [32m[1mLinking C shared library rosidl_generator_py/teb_msgs/teb_msgs_s__rosidl_typesupport_introspection_c.cpython-38-x86_64-linux-gnu.so[0m
[20.650s] [ 95%] Built target teb_msgs__rosidl_typesupport_introspection_c__pyext
[20.662s] [35m[1mScanning dependencies of target teb_msgs__rosidl_typesupport_c__pyext[0m
[20.687s] [ 97%] [32mBuilding C object CMakeFiles/teb_msgs__rosidl_typesupport_c__pyext.dir/rosidl_generator_py/teb_msgs/_teb_msgs_s.ep.rosidl_typesupport_c.c.o[0m
[20.854s] [100%] [32m[1mLinking C shared library rosidl_generator_py/teb_msgs/teb_msgs_s__rosidl_typesupport_c.cpython-38-x86_64-linux-gnu.so[0m
[20.924s] [100%] Built target teb_msgs__rosidl_typesupport_c__pyext
[20.942s] Invoked command in '/home/manuel/buggy_ws_beta.a/build/teb_msgs' returned '0': AMENT_PREFIX_PATH=/home/manuel/buggy_ws_beta.a/install/costmap_converter_msgs:${AMENT_PREFIX_PATH} CMAKE_PREFIX_PATH=/home/manuel/buggy_ws_beta.a/install/costmap_converter_msgs:/home/manuel/buggy_space/install/zed_ros2:/home/manuel/buggy_space/install/zed_display_rviz2:/home/manuel/buggy_space/install/zed_wrapper:/home/manuel/buggy_space/install/zed_tutorial_video:/home/manuel/buggy_space/install/zed_tutorial_pos_tracking:/home/manuel/buggy_space/install/zed_tutorial_depth:/home/manuel/buggy_space/install/zed_rgb_convert:/home/manuel/buggy_space/install/zed_components:/home/manuel/buggy_space/install/rviz_plugin_zed_od:/home/manuel/buggy_space/install/zed_interfaces:/home/manuel/buggy_space/install/buggy_mobile_robot:/home/manuel/buggy_space/install/vox_nav_msgs:/home/manuel/buggy_space/install/velodyne:/home/manuel/buggy_space/install/velodyne_pointcloud:/home/manuel/buggy_space/install/velodyne_driver:/home/manuel/buggy_space/install/velodyne_msgs:/home/manuel/buggy_space/install/velodyne_laserscan:/home/manuel/buggy_space/install/teb_local_planner:/home/manuel/buggy_space/install/teb_msgs:/home/manuel/buggy_space/install/sick_scan2:/home/manuel/buggy_space/install/ros_sensors:/home/manuel/buggy_space/install/ros2socketcan_lib:/home/manuel/buggy_space/install/ros2car_buggy:/home/manuel/buggy_space/install/robot_localization:/home/manuel/buggy_space/install/image_common:/home/manuel/buggy_space/install/image_transport:/home/manuel/buggy_space/install/costmap_converter:/home/manuel/buggy_space/install/costmap_converter_msgs:/home/manuel/buggy_space/install/can_msgs:/home/manuel/buggy_space/install/camera_info_manager:/home/manuel/buggy_space/install/camera_calibration_parsers:/home/manuel/buggy_space/install/buggy_msgs:/home/manuel/buggy_space/install/buggy_mobile_navigation:/home/manuel/buggy_space/install/ackermann_msgs:/home/manuel/buggy_space/install/ackermann_interfaces:/home/manuel/buggy_space/install/joint_state_publisher_gui:/home/manuel/buggy_space/install/joint_state_publisher:/home/manuel/buggy_space/install/ackermann_odometry:/home/manuel/buggy_space/install/ackermann_controller:/opt/ros/foxy LD_LIBRARY_PATH=/home/manuel/buggy_ws_beta.a/install/costmap_converter_msgs/lib:${LD_LIBRARY_PATH} PYTHONPATH=/home/manuel/buggy_ws_beta.a/install/costmap_converter_msgs/lib/python3.8/site-packages:${PYTHONPATH} /usr/bin/cmake --build /home/manuel/buggy_ws_beta.a/build/teb_msgs -- -j16 -l16
[21.090s] Invoking command in '/home/manuel/buggy_ws_beta.a/build/teb_msgs': AMENT_PREFIX_PATH=/home/manuel/buggy_ws_beta.a/install/costmap_converter_msgs:${AMENT_PREFIX_PATH} CMAKE_PREFIX_PATH=/home/manuel/buggy_ws_beta.a/install/costmap_converter_msgs:/home/manuel/buggy_space/install/zed_ros2:/home/manuel/buggy_space/install/zed_display_rviz2:/home/manuel/buggy_space/install/zed_wrapper:/home/manuel/buggy_space/install/zed_tutorial_video:/home/manuel/buggy_space/install/zed_tutorial_pos_tracking:/home/manuel/buggy_space/install/zed_tutorial_depth:/home/manuel/buggy_space/install/zed_rgb_convert:/home/manuel/buggy_space/install/zed_components:/home/manuel/buggy_space/install/rviz_plugin_zed_od:/home/manuel/buggy_space/install/zed_interfaces:/home/manuel/buggy_space/install/buggy_mobile_robot:/home/manuel/buggy_space/install/vox_nav_msgs:/home/manuel/buggy_space/install/velodyne:/home/manuel/buggy_space/install/velodyne_pointcloud:/home/manuel/buggy_space/install/velodyne_driver:/home/manuel/buggy_space/install/velodyne_msgs:/home/manuel/buggy_space/install/velodyne_laserscan:/home/manuel/buggy_space/install/teb_local_planner:/home/manuel/buggy_space/install/teb_msgs:/home/manuel/buggy_space/install/sick_scan2:/home/manuel/buggy_space/install/ros_sensors:/home/manuel/buggy_space/install/ros2socketcan_lib:/home/manuel/buggy_space/install/ros2car_buggy:/home/manuel/buggy_space/install/robot_localization:/home/manuel/buggy_space/install/image_common:/home/manuel/buggy_space/install/image_transport:/home/manuel/buggy_space/install/costmap_converter:/home/manuel/buggy_space/install/costmap_converter_msgs:/home/manuel/buggy_space/install/can_msgs:/home/manuel/buggy_space/install/camera_info_manager:/home/manuel/buggy_space/install/camera_calibration_parsers:/home/manuel/buggy_space/install/buggy_msgs:/home/manuel/buggy_space/install/buggy_mobile_navigation:/home/manuel/buggy_space/install/ackermann_msgs:/home/manuel/buggy_space/install/ackermann_interfaces:/home/manuel/buggy_space/install/joint_state_publisher_gui:/home/manuel/buggy_space/install/joint_state_publisher:/home/manuel/buggy_space/install/ackermann_odometry:/home/manuel/buggy_space/install/ackermann_controller:/opt/ros/foxy LD_LIBRARY_PATH=/home/manuel/buggy_ws_beta.a/install/costmap_converter_msgs/lib:${LD_LIBRARY_PATH} PYTHONPATH=/home/manuel/buggy_ws_beta.a/install/costmap_converter_msgs/lib/python3.8/site-packages:${PYTHONPATH} /usr/bin/cmake --install /home/manuel/buggy_ws_beta.a/build/teb_msgs
[21.106s] -- Install configuration: ""
[21.106s] -- Installing: /home/manuel/buggy_ws_beta.a/install/teb_msgs/share/ament_index/resource_index/rosidl_interfaces/teb_msgs
[21.106s] -- Installing: /home/manuel/buggy_ws_beta.a/install/teb_msgs/include/teb_msgs
[21.106s] -- Installing: /home/manuel/buggy_ws_beta.a/install/teb_msgs/include/teb_msgs/msg
[21.107s] -- Installing: /home/manuel/buggy_ws_beta.a/install/teb_msgs/include/teb_msgs/msg/trajectory_msg.h
[21.107s] -- Installing: /home/manuel/buggy_ws_beta.a/install/teb_msgs/include/teb_msgs/msg/detail
[21.107s] -- Installing: /home/manuel/buggy_ws_beta.a/install/teb_msgs/include/teb_msgs/msg/detail/feedback_msg__type_support.h
[21.107s] -- Installing: /home/manuel/buggy_ws_beta.a/install/teb_msgs/include/teb_msgs/msg/detail/trajectory_msg__type_support.h
[21.107s] -- Installing: /home/manuel/buggy_ws_beta.a/install/teb_msgs/include/teb_msgs/msg/detail/feedback_msg__functions.h
[21.108s] -- Installing: /home/manuel/buggy_ws_beta.a/install/teb_msgs/include/teb_msgs/msg/detail/feedback_msg__functions.c
[21.108s] -- Installing: /home/manuel/buggy_ws_beta.a/install/teb_msgs/include/teb_msgs/msg/detail/trajectory_msg__functions.h
[21.108s] -- Installing: /home/manuel/buggy_ws_beta.a/install/teb_msgs/include/teb_msgs/msg/detail/trajectory_msg__struct.h
[21.108s] -- Installing: /home/manuel/buggy_ws_beta.a/install/teb_msgs/include/teb_msgs/msg/detail/trajectory_point_msg__type_support.h
[21.108s] -- Installing: /home/manuel/buggy_ws_beta.a/install/teb_msgs/include/teb_msgs/msg/detail/trajectory_point_msg__struct.h
[21.108s] -- Installing: /home/manuel/buggy_ws_beta.a/install/teb_msgs/include/teb_msgs/msg/detail/trajectory_msg__functions.c
[21.109s] -- Installing: /home/manuel/buggy_ws_beta.a/install/teb_msgs/include/teb_msgs/msg/detail/trajectory_point_msg__functions.c
[21.109s] -- Installing: /home/manuel/buggy_ws_beta.a/install/teb_msgs/include/teb_msgs/msg/detail/feedback_msg__struct.h
[21.109s] -- Installing: /home/manuel/buggy_ws_beta.a/install/teb_msgs/include/teb_msgs/msg/detail/trajectory_point_msg__functions.h
[21.109s] -- Installing: /home/manuel/buggy_ws_beta.a/install/teb_msgs/include/teb_msgs/msg/feedback_msg.h
[21.109s] -- Installing: /home/manuel/buggy_ws_beta.a/install/teb_msgs/include/teb_msgs/msg/rosidl_generator_c__visibility_control.h
[21.110s] -- Installing: /home/manuel/buggy_ws_beta.a/install/teb_msgs/include/teb_msgs/msg/trajectory_point_msg.h
[21.110s] -- Installing: /home/manuel/buggy_ws_beta.a/install/teb_msgs/share/teb_msgs/environment/library_path.sh
[21.110s] -- Installing: /home/manuel/buggy_ws_beta.a/install/teb_msgs/share/teb_msgs/environment/library_path.dsv
[21.110s] -- Installing: /home/manuel/buggy_ws_beta.a/install/teb_msgs/lib/libteb_msgs__rosidl_generator_c.so
[21.110s] -- Set runtime path of "/home/manuel/buggy_ws_beta.a/install/teb_msgs/lib/libteb_msgs__rosidl_generator_c.so" to ""
[21.110s] -- Up-to-date: /home/manuel/buggy_ws_beta.a/install/teb_msgs/include/teb_msgs
[21.111s] -- Up-to-date: /home/manuel/buggy_ws_beta.a/install/teb_msgs/include/teb_msgs/msg
[21.111s] -- Up-to-date: /home/manuel/buggy_ws_beta.a/install/teb_msgs/include/teb_msgs/msg/detail
[21.111s] -- Installing: /home/manuel/buggy_ws_beta.a/install/teb_msgs/include/teb_msgs/msg/detail/feedback_msg__rosidl_typesupport_fastrtps_c.h
[21.111s] -- Installing: /home/manuel/buggy_ws_beta.a/install/teb_msgs/include/teb_msgs/msg/detail/trajectory_msg__rosidl_typesupport_fastrtps_c.h
[21.111s] -- Installing: /home/manuel/buggy_ws_beta.a/install/teb_msgs/include/teb_msgs/msg/detail/trajectory_point_msg__rosidl_typesupport_fastrtps_c.h
[21.111s] -- Installing: /home/manuel/buggy_ws_beta.a/install/teb_msgs/include/teb_msgs/msg/rosidl_typesupport_fastrtps_c__visibility_control.h
[21.112s] -- Installing: /home/manuel/buggy_ws_beta.a/install/teb_msgs/lib/libteb_msgs__rosidl_typesupport_fastrtps_c.so
[21.112s] -- Set runtime path of "/home/manuel/buggy_ws_beta.a/install/teb_msgs/lib/libteb_msgs__rosidl_typesupport_fastrtps_c.so" to ""
[21.112s] -- Up-to-date: /home/manuel/buggy_ws_beta.a/install/teb_msgs/include/teb_msgs
[21.112s] -- Up-to-date: /home/manuel/buggy_ws_beta.a/install/teb_msgs/include/teb_msgs/msg
[21.113s] -- Up-to-date: /home/manuel/buggy_ws_beta.a/install/teb_msgs/include/teb_msgs/msg/detail
[21.113s] -- Installing: /home/manuel/buggy_ws_beta.a/install/teb_msgs/include/teb_msgs/msg/detail/dds_fastrtps
[21.113s] -- Installing: /home/manuel/buggy_ws_beta.a/install/teb_msgs/include/teb_msgs/msg/detail/feedback_msg__rosidl_typesupport_fastrtps_cpp.hpp
[21.113s] -- Installing: /home/manuel/buggy_ws_beta.a/install/teb_msgs/include/teb_msgs/msg/detail/trajectory_point_msg__rosidl_typesupport_fastrtps_cpp.hpp
[21.113s] -- Installing: /home/manuel/buggy_ws_beta.a/install/teb_msgs/include/teb_msgs/msg/detail/trajectory_msg__rosidl_typesupport_fastrtps_cpp.hpp
[21.113s] -- Installing: /home/manuel/buggy_ws_beta.a/install/teb_msgs/include/teb_msgs/msg/rosidl_typesupport_fastrtps_cpp__visibility_control.h
[21.114s] -- Installing: /home/manuel/buggy_ws_beta.a/install/teb_msgs/lib/libteb_msgs__rosidl_typesupport_fastrtps_cpp.so
[21.114s] -- Set runtime path of "/home/manuel/buggy_ws_beta.a/install/teb_msgs/lib/libteb_msgs__rosidl_typesupport_fastrtps_cpp.so" to ""
[21.114s] -- Up-to-date: /home/manuel/buggy_ws_beta.a/install/teb_msgs/include/teb_msgs
[21.114s] -- Up-to-date: /home/manuel/buggy_ws_beta.a/install/teb_msgs/include/teb_msgs/msg
[21.114s] -- Up-to-date: /home/manuel/buggy_ws_beta.a/install/teb_msgs/include/teb_msgs/msg/detail
[21.115s] -- Installing: /home/manuel/buggy_ws_beta.a/install/teb_msgs/include/teb_msgs/msg/detail/feedback_msg__rosidl_typesupport_introspection_c.h
[21.115s] -- Installing: /home/manuel/buggy_ws_beta.a/install/teb_msgs/include/teb_msgs/msg/detail/feedback_msg__type_support.c
[21.115s] -- Installing: /home/manuel/buggy_ws_beta.a/install/teb_msgs/include/teb_msgs/msg/detail/trajectory_msg__type_support.c
[21.115s] -- Installing: /home/manuel/buggy_ws_beta.a/install/teb_msgs/include/teb_msgs/msg/detail/trajectory_point_msg__type_support.c
[21.115s] -- Installing: /home/manuel/buggy_ws_beta.a/install/teb_msgs/include/teb_msgs/msg/detail/trajectory_msg__rosidl_typesupport_introspection_c.h
[21.115s] -- Installing: /home/manuel/buggy_ws_beta.a/install/teb_msgs/include/teb_msgs/msg/detail/trajectory_point_msg__rosidl_typesupport_introspection_c.h
[21.116s] -- Installing: /home/manuel/buggy_ws_beta.a/install/teb_msgs/include/teb_msgs/msg/rosidl_typesupport_introspection_c__visibility_control.h
[21.116s] -- Installing: /home/manuel/buggy_ws_beta.a/install/teb_msgs/lib/libteb_msgs__rosidl_typesupport_introspection_c.so
[21.116s] -- Set runtime path of "/home/manuel/buggy_ws_beta.a/install/teb_msgs/lib/libteb_msgs__rosidl_typesupport_introspection_c.so" to ""
[21.116s] -- Installing: /home/manuel/buggy_ws_beta.a/install/teb_msgs/lib/libteb_msgs__rosidl_typesupport_c.so
[21.116s] -- Set runtime path of "/home/manuel/buggy_ws_beta.a/install/teb_msgs/lib/libteb_msgs__rosidl_typesupport_c.so" to ""
[21.117s] -- Up-to-date: /home/manuel/buggy_ws_beta.a/install/teb_msgs/include/teb_msgs
[21.117s] -- Up-to-date: /home/manuel/buggy_ws_beta.a/install/teb_msgs/include/teb_msgs/msg
[21.117s] -- Up-to-date: /home/manuel/buggy_ws_beta.a/install/teb_msgs/include/teb_msgs/msg/detail
[21.117s] -- Installing: /home/manuel/buggy_ws_beta.a/install/teb_msgs/include/teb_msgs/msg/detail/trajectory_point_msg__builder.hpp
[21.117s] -- Installing: /home/manuel/buggy_ws_beta.a/install/teb_msgs/include/teb_msgs/msg/detail/trajectory_point_msg__traits.hpp
[21.118s] -- Installing: /home/manuel/buggy_ws_beta.a/install/teb_msgs/include/teb_msgs/msg/detail/trajectory_msg__traits.hpp
[21.118s] -- Installing: /home/manuel/buggy_ws_beta.a/install/teb_msgs/include/teb_msgs/msg/detail/feedback_msg__builder.hpp
[21.118s] -- Installing: /home/manuel/buggy_ws_beta.a/install/teb_msgs/include/teb_msgs/msg/detail/trajectory_point_msg__struct.hpp
[21.118s] -- Installing: /home/manuel/buggy_ws_beta.a/install/teb_msgs/include/teb_msgs/msg/detail/trajectory_msg__struct.hpp
[21.118s] -- Installing: /home/manuel/buggy_ws_beta.a/install/teb_msgs/include/teb_msgs/msg/detail/feedback_msg__traits.hpp
[21.119s] -- Installing: /home/manuel/buggy_ws_beta.a/install/teb_msgs/include/teb_msgs/msg/detail/feedback_msg__struct.hpp
[21.119s] -- Installing: /home/manuel/buggy_ws_beta.a/install/teb_msgs/include/teb_msgs/msg/detail/trajectory_msg__builder.hpp
[21.119s] -- Installing: /home/manuel/buggy_ws_beta.a/install/teb_msgs/include/teb_msgs/msg/trajectory_msg.hpp
[21.119s] -- Installing: /home/manuel/buggy_ws_beta.a/install/teb_msgs/include/teb_msgs/msg/trajectory_point_msg.hpp
[21.119s] -- Installing: /home/manuel/buggy_ws_beta.a/install/teb_msgs/include/teb_msgs/msg/feedback_msg.hpp
[21.120s] -- Up-to-date: /home/manuel/buggy_ws_beta.a/install/teb_msgs/include/teb_msgs
[21.120s] -- Up-to-date: /home/manuel/buggy_ws_beta.a/install/teb_msgs/include/teb_msgs/msg
[21.120s] -- Up-to-date: /home/manuel/buggy_ws_beta.a/install/teb_msgs/include/teb_msgs/msg/detail
[21.120s] -- Installing: /home/manuel/buggy_ws_beta.a/install/teb_msgs/include/teb_msgs/msg/detail/feedback_msg__rosidl_typesupport_introspection_cpp.hpp
[21.120s] -- Installing: /home/manuel/buggy_ws_beta.a/install/teb_msgs/include/teb_msgs/msg/detail/trajectory_point_msg__rosidl_typesupport_introspection_cpp.hpp
[21.120s] -- Installing: /home/manuel/buggy_ws_beta.a/install/teb_msgs/include/teb_msgs/msg/detail/trajectory_msg__rosidl_typesupport_introspection_cpp.hpp
[21.121s] -- Installing: /home/manuel/buggy_ws_beta.a/install/teb_msgs/include/teb_msgs/msg/detail/trajectory_msg__type_support.cpp
[21.121s] -- Installing: /home/manuel/buggy_ws_beta.a/install/teb_msgs/include/teb_msgs/msg/detail/feedback_msg__type_support.cpp
[21.121s] -- Installing: /home/manuel/buggy_ws_beta.a/install/teb_msgs/include/teb_msgs/msg/detail/trajectory_point_msg__type_support.cpp
[21.121s] -- Installing: /home/manuel/buggy_ws_beta.a/install/teb_msgs/lib/libteb_msgs__rosidl_typesupport_introspection_cpp.so
[21.121s] -- Set runtime path of "/home/manuel/buggy_ws_beta.a/install/teb_msgs/lib/libteb_msgs__rosidl_typesupport_introspection_cpp.so" to ""
[21.122s] -- Installing: /home/manuel/buggy_ws_beta.a/install/teb_msgs/lib/libteb_msgs__rosidl_typesupport_cpp.so
[21.122s] -- Set runtime path of "/home/manuel/buggy_ws_beta.a/install/teb_msgs/lib/libteb_msgs__rosidl_typesupport_cpp.so" to ""
[21.122s] -- Installing: /home/manuel/buggy_ws_beta.a/install/teb_msgs/share/teb_msgs/environment/pythonpath.sh
[21.122s] -- Installing: /home/manuel/buggy_ws_beta.a/install/teb_msgs/share/teb_msgs/environment/pythonpath.dsv
[21.122s] -- Installing: /home/manuel/buggy_ws_beta.a/install/teb_msgs/lib/python3.8/site-packages/teb_msgs/__init__.py
[21.181s] Compiling '/home/manuel/buggy_ws_beta.a/install/teb_msgs/lib/python3.8/site-packages/teb_msgs/__init__.py'...
[21.187s] -- Installing: /home/manuel/buggy_ws_beta.a/install/teb_msgs/lib/python3.8/site-packages/teb_msgs/msg
[21.188s] -- Installing: /home/manuel/buggy_ws_beta.a/install/teb_msgs/lib/python3.8/site-packages/teb_msgs/msg/_trajectory_point_msg_s.c
[21.188s] -- Installing: /home/manuel/buggy_ws_beta.a/install/teb_msgs/lib/python3.8/site-packages/teb_msgs/msg/_feedback_msg_s.c
[21.188s] -- Installing: /home/manuel/buggy_ws_beta.a/install/teb_msgs/lib/python3.8/site-packages/teb_msgs/msg/_feedback_msg.py
[21.188s] -- Installing: /home/manuel/buggy_ws_beta.a/install/teb_msgs/lib/python3.8/site-packages/teb_msgs/msg/_trajectory_msg_s.c
[21.188s] -- Installing: /home/manuel/buggy_ws_beta.a/install/teb_msgs/lib/python3.8/site-packages/teb_msgs/msg/_trajectory_point_msg.py
[21.189s] -- Installing: /home/manuel/buggy_ws_beta.a/install/teb_msgs/lib/python3.8/site-packages/teb_msgs/msg/_trajectory_msg.py
[21.189s] -- Installing: /home/manuel/buggy_ws_beta.a/install/teb_msgs/lib/python3.8/site-packages/teb_msgs/msg/__init__.py
[21.189s] -- Installing: /home/manuel/buggy_ws_beta.a/install/teb_msgs/lib/python3.8/site-packages/teb_msgs/teb_msgs_s__rosidl_typesupport_fastrtps_c.cpython-38-x86_64-linux-gnu.so
[21.189s] -- Set runtime path of "/home/manuel/buggy_ws_beta.a/install/teb_msgs/lib/python3.8/site-packages/teb_msgs/teb_msgs_s__rosidl_typesupport_fastrtps_c.cpython-38-x86_64-linux-gnu.so" to ""
[21.190s] -- Installing: /home/manuel/buggy_ws_beta.a/install/teb_msgs/lib/python3.8/site-packages/teb_msgs/teb_msgs_s__rosidl_typesupport_introspection_c.cpython-38-x86_64-linux-gnu.so
[21.190s] -- Set runtime path of "/home/manuel/buggy_ws_beta.a/install/teb_msgs/lib/python3.8/site-packages/teb_msgs/teb_msgs_s__rosidl_typesupport_introspection_c.cpython-38-x86_64-linux-gnu.so" to ""
[21.191s] -- Installing: /home/manuel/buggy_ws_beta.a/install/teb_msgs/lib/python3.8/site-packages/teb_msgs/teb_msgs_s__rosidl_typesupport_c.cpython-38-x86_64-linux-gnu.so
[21.191s] -- Set runtime path of "/home/manuel/buggy_ws_beta.a/install/teb_msgs/lib/python3.8/site-packages/teb_msgs/teb_msgs_s__rosidl_typesupport_c.cpython-38-x86_64-linux-gnu.so" to ""
[21.191s] -- Installing: /home/manuel/buggy_ws_beta.a/install/teb_msgs/lib/libteb_msgs__python.so
[21.192s] -- Set runtime path of "/home/manuel/buggy_ws_beta.a/install/teb_msgs/lib/libteb_msgs__python.so" to ""
[21.192s] -- Installing: /home/manuel/buggy_ws_beta.a/install/teb_msgs/share/teb_msgs/msg/FeedbackMsg.idl
[21.192s] -- Installing: /home/manuel/buggy_ws_beta.a/install/teb_msgs/share/teb_msgs/msg/TrajectoryMsg.idl
[21.193s] -- Installing: /home/manuel/buggy_ws_beta.a/install/teb_msgs/share/teb_msgs/msg/TrajectoryPointMsg.idl
[21.193s] -- Installing: /home/manuel/buggy_ws_beta.a/install/teb_msgs/share/teb_msgs/msg/FeedbackMsg.msg
[21.193s] -- Installing: /home/manuel/buggy_ws_beta.a/install/teb_msgs/share/teb_msgs/msg/TrajectoryMsg.msg
[21.193s] -- Installing: /home/manuel/buggy_ws_beta.a/install/teb_msgs/share/teb_msgs/msg/TrajectoryPointMsg.msg
[21.193s] -- Installing: /home/manuel/buggy_ws_beta.a/install/teb_msgs/share/ament_index/resource_index/package_run_dependencies/teb_msgs
[21.194s] -- Installing: /home/manuel/buggy_ws_beta.a/install/teb_msgs/share/ament_index/resource_index/parent_prefix_path/teb_msgs
[21.194s] -- Installing: /home/manuel/buggy_ws_beta.a/install/teb_msgs/share/teb_msgs/environment/ament_prefix_path.sh
[21.194s] -- Installing: /home/manuel/buggy_ws_beta.a/install/teb_msgs/share/teb_msgs/environment/ament_prefix_path.dsv
[21.194s] -- Installing: /home/manuel/buggy_ws_beta.a/install/teb_msgs/share/teb_msgs/environment/path.sh
[21.194s] -- Installing: /home/manuel/buggy_ws_beta.a/install/teb_msgs/share/teb_msgs/environment/path.dsv
[21.195s] -- Installing: /home/manuel/buggy_ws_beta.a/install/teb_msgs/share/teb_msgs/local_setup.bash
[21.195s] -- Installing: /home/manuel/buggy_ws_beta.a/install/teb_msgs/share/teb_msgs/local_setup.sh
[21.195s] -- Installing: /home/manuel/buggy_ws_beta.a/install/teb_msgs/share/teb_msgs/local_setup.zsh
[21.195s] -- Installing: /home/manuel/buggy_ws_beta.a/install/teb_msgs/share/teb_msgs/local_setup.dsv
[21.195s] -- Installing: /home/manuel/buggy_ws_beta.a/install/teb_msgs/share/teb_msgs/package.dsv
[21.196s] -- Installing: /home/manuel/buggy_ws_beta.a/install/teb_msgs/share/ament_index/resource_index/packages/teb_msgs
[21.196s] -- Installing: /home/manuel/buggy_ws_beta.a/install/teb_msgs/share/teb_msgs/cmake/teb_msgs__rosidl_generator_cExport.cmake
[21.196s] -- Installing: /home/manuel/buggy_ws_beta.a/install/teb_msgs/share/teb_msgs/cmake/teb_msgs__rosidl_generator_cExport-noconfig.cmake
[21.197s] -- Installing: /home/manuel/buggy_ws_beta.a/install/teb_msgs/share/teb_msgs/cmake/teb_msgs__rosidl_typesupport_introspection_cExport.cmake
[21.197s] -- Installing: /home/manuel/buggy_ws_beta.a/install/teb_msgs/share/teb_msgs/cmake/teb_msgs__rosidl_typesupport_introspection_cExport-noconfig.cmake
[21.197s] -- Installing: /home/manuel/buggy_ws_beta.a/install/teb_msgs/share/teb_msgs/cmake/teb_msgs__rosidl_typesupport_cExport.cmake
[21.197s] -- Installing: /home/manuel/buggy_ws_beta.a/install/teb_msgs/share/teb_msgs/cmake/teb_msgs__rosidl_typesupport_cExport-noconfig.cmake
[21.198s] -- Installing: /home/manuel/buggy_ws_beta.a/install/teb_msgs/share/teb_msgs/cmake/teb_msgs__rosidl_generator_cppExport.cmake
[21.198s] -- Installing: /home/manuel/buggy_ws_beta.a/install/teb_msgs/share/teb_msgs/cmake/teb_msgs__rosidl_typesupport_introspection_cppExport.cmake
[21.198s] -- Installing: /home/manuel/buggy_ws_beta.a/install/teb_msgs/share/teb_msgs/cmake/teb_msgs__rosidl_typesupport_introspection_cppExport-noconfig.cmake
[21.198s] -- Installing: /home/manuel/buggy_ws_beta.a/install/teb_msgs/share/teb_msgs/cmake/teb_msgs__rosidl_typesupport_cppExport.cmake
[21.199s] -- Installing: /home/manuel/buggy_ws_beta.a/install/teb_msgs/share/teb_msgs/cmake/teb_msgs__rosidl_typesupport_cppExport-noconfig.cmake
[21.199s] -- Installing: /home/manuel/buggy_ws_beta.a/install/teb_msgs/share/teb_msgs/cmake/rosidl_cmake-extras.cmake
[21.199s] -- Installing: /home/manuel/buggy_ws_beta.a/install/teb_msgs/share/teb_msgs/cmake/ament_cmake_export_dependencies-extras.cmake
[21.199s] -- Installing: /home/manuel/buggy_ws_beta.a/install/teb_msgs/share/teb_msgs/cmake/ament_cmake_export_libraries-extras.cmake
[21.199s] -- Installing: /home/manuel/buggy_ws_beta.a/install/teb_msgs/share/teb_msgs/cmake/ament_cmake_export_targets-extras.cmake
[21.200s] -- Installing: /home/manuel/buggy_ws_beta.a/install/teb_msgs/share/teb_msgs/cmake/ament_cmake_export_include_directories-extras.cmake
[21.200s] -- Installing: /home/manuel/buggy_ws_beta.a/install/teb_msgs/share/teb_msgs/cmake/rosidl_cmake_export_typesupport_libraries-extras.cmake
[21.200s] -- Installing: /home/manuel/buggy_ws_beta.a/install/teb_msgs/share/teb_msgs/cmake/rosidl_cmake_export_typesupport_targets-extras.cmake
[21.200s] -- Installing: /home/manuel/buggy_ws_beta.a/install/teb_msgs/share/teb_msgs/cmake/teb_msgsConfig.cmake
[21.201s] -- Installing: /home/manuel/buggy_ws_beta.a/install/teb_msgs/share/teb_msgs/cmake/teb_msgsConfig-version.cmake
[21.201s] -- Installing: /home/manuel/buggy_ws_beta.a/install/teb_msgs/share/teb_msgs/package.xml
[21.214s] Invoked command in '/home/manuel/buggy_ws_beta.a/build/teb_msgs' returned '0': AMENT_PREFIX_PATH=/home/manuel/buggy_ws_beta.a/install/costmap_converter_msgs:${AMENT_PREFIX_PATH} CMAKE_PREFIX_PATH=/home/manuel/buggy_ws_beta.a/install/costmap_converter_msgs:/home/manuel/buggy_space/install/zed_ros2:/home/manuel/buggy_space/install/zed_display_rviz2:/home/manuel/buggy_space/install/zed_wrapper:/home/manuel/buggy_space/install/zed_tutorial_video:/home/manuel/buggy_space/install/zed_tutorial_pos_tracking:/home/manuel/buggy_space/install/zed_tutorial_depth:/home/manuel/buggy_space/install/zed_rgb_convert:/home/manuel/buggy_space/install/zed_components:/home/manuel/buggy_space/install/rviz_plugin_zed_od:/home/manuel/buggy_space/install/zed_interfaces:/home/manuel/buggy_space/install/buggy_mobile_robot:/home/manuel/buggy_space/install/vox_nav_msgs:/home/manuel/buggy_space/install/velodyne:/home/manuel/buggy_space/install/velodyne_pointcloud:/home/manuel/buggy_space/install/velodyne_driver:/home/manuel/buggy_space/install/velodyne_msgs:/home/manuel/buggy_space/install/velodyne_laserscan:/home/manuel/buggy_space/install/teb_local_planner:/home/manuel/buggy_space/install/teb_msgs:/home/manuel/buggy_space/install/sick_scan2:/home/manuel/buggy_space/install/ros_sensors:/home/manuel/buggy_space/install/ros2socketcan_lib:/home/manuel/buggy_space/install/ros2car_buggy:/home/manuel/buggy_space/install/robot_localization:/home/manuel/buggy_space/install/image_common:/home/manuel/buggy_space/install/image_transport:/home/manuel/buggy_space/install/costmap_converter:/home/manuel/buggy_space/install/costmap_converter_msgs:/home/manuel/buggy_space/install/can_msgs:/home/manuel/buggy_space/install/camera_info_manager:/home/manuel/buggy_space/install/camera_calibration_parsers:/home/manuel/buggy_space/install/buggy_msgs:/home/manuel/buggy_space/install/buggy_mobile_navigation:/home/manuel/buggy_space/install/ackermann_msgs:/home/manuel/buggy_space/install/ackermann_interfaces:/home/manuel/buggy_space/install/joint_state_publisher_gui:/home/manuel/buggy_space/install/joint_state_publisher:/home/manuel/buggy_space/install/ackermann_odometry:/home/manuel/buggy_space/install/ackermann_controller:/opt/ros/foxy LD_LIBRARY_PATH=/home/manuel/buggy_ws_beta.a/install/costmap_converter_msgs/lib:${LD_LIBRARY_PATH} PYTHONPATH=/home/manuel/buggy_ws_beta.a/install/costmap_converter_msgs/lib/python3.8/site-packages:${PYTHONPATH} /usr/bin/cmake --install /home/manuel/buggy_ws_beta.a/build/teb_msgs
