-- The C compiler identification is GNU 9.4.0
-- The CXX compiler identification is GNU 9.4.0
-- Check for working C compiler: /usr/bin/cc
-- Check for working C compiler: /usr/bin/cc -- works
-- Detecting C compiler ABI info
-- Detecting C compiler ABI info - done
-- Detecting C compile features
-- Detecting C compile features - done
-- Check for working CXX compiler: /usr/bin/c++
-- Check for working CXX compiler: /usr/bin/c++ -- works
-- Detecting CXX compiler ABI info
-- Detecting CXX compiler ABI info - done
-- Detecting CXX compile features
-- Detecting CXX compile features - done
-- Found ament_cmake: 0.9.11 (/opt/ros/foxy/share/ament_cmake/cmake)
-- Found PythonInterp: /usr/bin/python3 (found suitable version "3.8.10", minimum required is "3") 
-- Using PYTHON_EXECUTABLE: /usr/bin/python3
-- Found angles: 1.12.6 (/opt/ros/foxy/share/angles/cmake)
-- Found diagnostic_updater: 2.0.8 (/opt/ros/foxy/share/diagnostic_updater/cmake)
-- Using all available rosidl_typesupport_c: rosidl_typesupport_fastrtps_c;rosidl_typesupport_introspection_c
-- Found rosidl_adapter: 1.3.0 (/opt/ros/foxy/share/rosidl_adapter/cmake)
-- Found OpenSSL: /usr/lib/x86_64-linux-gnu/libcrypto.so (found version "1.1.1f")  
-- Found FastRTPS: /opt/ros/foxy/include  
-- Using all available rosidl_typesupport_cpp: rosidl_typesupport_fastrtps_cpp;rosidl_typesupport_introspection_cpp
-- Found rmw_implementation_cmake: 1.0.3 (/opt/ros/foxy/share/rmw_implementation_cmake/cmake)
-- Using RMW implementation 'rmw_fastrtps_cpp' as default
-- Looking for pthread.h
-- Looking for pthread.h - found
-- Performing Test CMAKE_HAVE_LIBC_PTHREAD
-- Performing Test CMAKE_HAVE_LIBC_PTHREAD - Failed
-- Looking for pthread_create in pthreads
-- Looking for pthread_create in pthreads - not found
-- Looking for pthread_create in pthread
-- Looking for pthread_create in pthread - found
-- Found Threads: TRUE  
-- Found geometry_msgs: 2.0.5 (/opt/ros/foxy/share/geometry_msgs/cmake)
-- Found message_filters: 3.2.5 (/opt/ros/foxy/share/message_filters/cmake)
-- Checking for module 'eigen3'
--   Found eigen3, version 3.3.7
-- Found Eigen: /usr/include/eigen3 (Required is at least version "3.1") 
-- Eigen found (include: /usr/include/eigen3, version: 3.3.7)
-- Found Boost: /usr/include (found suitable version "1.71.0", minimum required is "1.55.0") found components: system filesystem date_time iostreams regex 
-- looking for PCL_COMMON
-- Found PCL_COMMON: /usr/lib/x86_64-linux-gnu/libpcl_common.so  
-- Found PCL: pcl_common;/usr/lib/x86_64-linux-gnu/libboost_system.so;/usr/lib/x86_64-linux-gnu/libboost_filesystem.so;/usr/lib/x86_64-linux-gnu/libboost_date_time.so;/usr/lib/x86_64-linux-gnu/libboost_iostreams.so;/usr/lib/x86_64-linux-gnu/libboost_regex.so  
-- Found rclcpp_components: 2.4.2 (/opt/ros/foxy/share/rclcpp_components/cmake)
-- Found sensor_msgs: 2.0.5 (/opt/ros/foxy/share/sensor_msgs/cmake)
-- Found tf2: 0.13.13 (/opt/ros/foxy/share/tf2/cmake)
-- Found tf2_ros: 0.13.13 (/opt/ros/foxy/share/tf2_ros/cmake)
-- Found velodyne_msgs: 2.1.1 (/home/manuel/buggy_ws_beta.a/install/velodyne_msgs/share/velodyne_msgs/cmake)
-- Found PkgConfig: /usr/bin/pkg-config (found version "0.29.1") 
-- Checking for module 'yaml-cpp'
--   Found yaml-cpp, version 0.6.2
-- Found ament_lint_auto: 0.9.7 (/opt/ros/foxy/share/ament_lint_auto/cmake)
-- Found gtest sources under '/opt/ros/foxy/src/gtest_vendor': C++ tests using 'Google Test' will be built
-- Check if compiler accepts -pthread
-- Check if compiler accepts -pthread - yes
-- Added test 'copyright' to check source files copyright and LICENSE
-- Added test 'cppcheck' to perform static code analysis on C / C++ code
-- Configured cppcheck include dirs: /home/manuel/buggy_ws_beta.a/src/velodyne/velodyne_pointcloud/include
-- Configured cppcheck exclude dirs and/or files: 
-- Added test 'cpplint' to check C / C++ code against the Google style
-- Configured cpplint exclude dirs and/or files: 
-- Added test 'flake8' to check Python code syntax and style conventions
-- Added test 'lint_cmake' to check CMake code style
-- Added test 'pep257' to check Python code against some of the style conventions in PEP 257
-- Added test 'uncrustify' to check C / C++ code style
-- Configured uncrustify additional arguments: 
-- Configuring done
-- Generating done
-- Build files have been written to: /home/manuel/buggy_ws_beta.a/build/velodyne_pointcloud
[35m[1mScanning dependencies of target velodyne_rawdata[0m
[  5%] [32mBuilding CXX object src/lib/CMakeFiles/velodyne_rawdata.dir/rawdata.cpp.o[0m
[ 10%] [32mBuilding CXX object src/lib/CMakeFiles/velodyne_rawdata.dir/calibration.cpp.o[0m
[ 15%] [32m[1mLinking CXX shared library libvelodyne_rawdata.so[0m
[ 15%] Built target velodyne_rawdata
[35m[1mScanning dependencies of target gtest_main[0m
[ 20%] [32mBuilding CXX object gtest/CMakeFiles/gtest_main.dir/src/gtest_main.cc.o[0m
[ 25%] [32m[1mLinking CXX static library libgtest_main.a[0m
[ 25%] Built target gtest_main
[35m[1mScanning dependencies of target gtest[0m
[ 30%] [32mBuilding CXX object gtest/CMakeFiles/gtest.dir/src/gtest-all.cc.o[0m
[ 35%] [32m[1mLinking CXX static library libgtest.a[0m
[ 35%] Built target gtest
[35m[1mScanning dependencies of target velodyne_cloud_types[0m
[ 40%] [32mBuilding CXX object src/lib/CMakeFiles/velodyne_cloud_types.dir/pointcloudXYZIR.cpp.o[0m
[ 45%] [32mBuilding CXX object src/lib/CMakeFiles/velodyne_cloud_types.dir/organized_cloudXYZIR.cpp.o[0m
[ 50%] [32m[1mLinking CXX shared library libvelodyne_cloud_types.so[0m
[ 50%] Built target velodyne_cloud_types
[35m[1mScanning dependencies of target test_row_step[0m
[35m[1mScanning dependencies of target transform[0m
[ 55%] [32mBuilding CXX object tests/CMakeFiles/test_row_step.dir/test_row_step.cpp.o[0m
[ 60%] [32mBuilding CXX object CMakeFiles/transform.dir/src/conversions/transform.cpp.o[0m
[ 65%] [32m[1mLinking CXX executable test_row_step[0m
[ 65%] Built target test_row_step
[35m[1mScanning dependencies of target convert[0m
[ 70%] [32mBuilding CXX object CMakeFiles/convert.dir/src/conversions/convert.cpp.o[0m
[ 75%] [32m[1mLinking CXX shared library libtransform.so[0m
[ 75%] Built target transform
[35m[1mScanning dependencies of target velodyne_transform_node[0m
[ 80%] [32mBuilding CXX object CMakeFiles/velodyne_transform_node.dir/src/conversions/transform_node.cpp.o[0m
[ 85%] [32m[1mLinking CXX shared library libconvert.so[0m
[ 85%] Built target convert
[35m[1mScanning dependencies of target velodyne_convert_node[0m
[ 90%] [32mBuilding CXX object CMakeFiles/velodyne_convert_node.dir/src/conversions/convert_node.cpp.o[0m
[ 95%] [32m[1mLinking CXX executable velodyne_transform_node[0m
[ 95%] Built target velodyne_transform_node
[100%] [32m[1mLinking CXX executable velodyne_convert_node[0m
[100%] Built target velodyne_convert_node
-- Install configuration: ""
-- Installing: /home/manuel/buggy_ws_beta.a/install/velodyne_pointcloud/lib/libconvert.so
-- Set runtime path of "/home/manuel/buggy_ws_beta.a/install/velodyne_pointcloud/lib/libconvert.so" to ""
-- Installing: /home/manuel/buggy_ws_beta.a/install/velodyne_pointcloud/lib/velodyne_pointcloud/velodyne_convert_node
-- Set runtime path of "/home/manuel/buggy_ws_beta.a/install/velodyne_pointcloud/lib/velodyne_pointcloud/velodyne_convert_node" to ""
-- Installing: /home/manuel/buggy_ws_beta.a/install/velodyne_pointcloud/lib/libtransform.so
-- Set runtime path of "/home/manuel/buggy_ws_beta.a/install/velodyne_pointcloud/lib/libtransform.so" to ""
-- Installing: /home/manuel/buggy_ws_beta.a/install/velodyne_pointcloud/lib/velodyne_pointcloud/velodyne_transform_node
-- Set runtime path of "/home/manuel/buggy_ws_beta.a/install/velodyne_pointcloud/lib/velodyne_pointcloud/velodyne_transform_node" to ""
-- Installing: /home/manuel/buggy_ws_beta.a/install/velodyne_pointcloud/include/velodyne_pointcloud
-- Installing: /home/manuel/buggy_ws_beta.a/install/velodyne_pointcloud/include/velodyne_pointcloud/pointcloudXYZIR.hpp
-- Installing: /home/manuel/buggy_ws_beta.a/install/velodyne_pointcloud/include/velodyne_pointcloud/calibration.hpp
-- Installing: /home/manuel/buggy_ws_beta.a/install/velodyne_pointcloud/include/velodyne_pointcloud/organized_cloudXYZIR.hpp
-- Installing: /home/manuel/buggy_ws_beta.a/install/velodyne_pointcloud/include/velodyne_pointcloud/datacontainerbase.hpp
-- Installing: /home/manuel/buggy_ws_beta.a/install/velodyne_pointcloud/include/velodyne_pointcloud/transform.hpp
-- Installing: /home/manuel/buggy_ws_beta.a/install/velodyne_pointcloud/include/velodyne_pointcloud/rawdata.hpp
-- Installing: /home/manuel/buggy_ws_beta.a/install/velodyne_pointcloud/include/velodyne_pointcloud/convert.hpp
-- Installing: /home/manuel/buggy_ws_beta.a/install/velodyne_pointcloud/share/velodyne_pointcloud/config
-- Installing: /home/manuel/buggy_ws_beta.a/install/velodyne_pointcloud/share/velodyne_pointcloud/config/VLP32C-velodyne_transform_node-params.yaml
-- Installing: /home/manuel/buggy_ws_beta.a/install/velodyne_pointcloud/share/velodyne_pointcloud/config/VLP32C-velodyne_convert_node-params.yaml
-- Installing: /home/manuel/buggy_ws_beta.a/install/velodyne_pointcloud/share/velodyne_pointcloud/config/VLP16-velodyne_transform_node-params.yaml
-- Installing: /home/manuel/buggy_ws_beta.a/install/velodyne_pointcloud/share/velodyne_pointcloud/config/VLP16-velodyne_convert_node-params.yaml
-- Installing: /home/manuel/buggy_ws_beta.a/install/velodyne_pointcloud/share/velodyne_pointcloud/launch
-- Installing: /home/manuel/buggy_ws_beta.a/install/velodyne_pointcloud/share/velodyne_pointcloud/launch/velodyne_convert_node-VLP32C-launch.py
-- Installing: /home/manuel/buggy_ws_beta.a/install/velodyne_pointcloud/share/velodyne_pointcloud/launch/velodyne_transform_node-VLP32C-composed-launch.py
-- Installing: /home/manuel/buggy_ws_beta.a/install/velodyne_pointcloud/share/velodyne_pointcloud/launch/velodyne_transform_node-VLP32C-launch.py
-- Installing: /home/manuel/buggy_ws_beta.a/install/velodyne_pointcloud/share/velodyne_pointcloud/launch/velodyne_convert_node-VLP16-launch.py
-- Installing: /home/manuel/buggy_ws_beta.a/install/velodyne_pointcloud/share/velodyne_pointcloud/launch/velodyne_transform_node-VLP16-launch.py
-- Installing: /home/manuel/buggy_ws_beta.a/install/velodyne_pointcloud/share/velodyne_pointcloud/launch/velodyne_convert_node-VLP16-composed-launch.py
-- Installing: /home/manuel/buggy_ws_beta.a/install/velodyne_pointcloud/share/velodyne_pointcloud/launch/velodyne_convert_node-VLP32C-composed-launch.py
-- Installing: /home/manuel/buggy_ws_beta.a/install/velodyne_pointcloud/share/velodyne_pointcloud/launch/velodyne_transform_node-VLP16-composed-launch.py
-- Installing: /home/manuel/buggy_ws_beta.a/install/velodyne_pointcloud/share/velodyne_pointcloud/params
-- Installing: /home/manuel/buggy_ws_beta.a/install/velodyne_pointcloud/share/velodyne_pointcloud/params/rviz_points.vcg
-- Installing: /home/manuel/buggy_ws_beta.a/install/velodyne_pointcloud/share/velodyne_pointcloud/params/VeloView-VLP-32C.yaml
-- Installing: /home/manuel/buggy_ws_beta.a/install/velodyne_pointcloud/share/velodyne_pointcloud/params/VLP16_hires_db.yaml
-- Installing: /home/manuel/buggy_ws_beta.a/install/velodyne_pointcloud/share/velodyne_pointcloud/params/32db.yaml
-- Installing: /home/manuel/buggy_ws_beta.a/install/velodyne_pointcloud/share/velodyne_pointcloud/params/64e_s3-xiesc.yaml
-- Installing: /home/manuel/buggy_ws_beta.a/install/velodyne_pointcloud/share/velodyne_pointcloud/params/VLP16db.yaml
-- Installing: /home/manuel/buggy_ws_beta.a/install/velodyne_pointcloud/share/velodyne_pointcloud/params/64e_s2.1-sztaki.yaml
-- Installing: /home/manuel/buggy_ws_beta.a/install/velodyne_pointcloud/share/velodyne_pointcloud/params/64e_utexas.yaml
-- Installing: /home/manuel/buggy_ws_beta.a/install/velodyne_pointcloud/share/ament_index/resource_index/package_run_dependencies/velodyne_pointcloud
-- Installing: /home/manuel/buggy_ws_beta.a/install/velodyne_pointcloud/share/ament_index/resource_index/parent_prefix_path/velodyne_pointcloud
-- Installing: /home/manuel/buggy_ws_beta.a/install/velodyne_pointcloud/share/velodyne_pointcloud/environment/ament_prefix_path.sh
-- Installing: /home/manuel/buggy_ws_beta.a/install/velodyne_pointcloud/share/velodyne_pointcloud/environment/ament_prefix_path.dsv
-- Installing: /home/manuel/buggy_ws_beta.a/install/velodyne_pointcloud/share/velodyne_pointcloud/environment/path.sh
-- Installing: /home/manuel/buggy_ws_beta.a/install/velodyne_pointcloud/share/velodyne_pointcloud/environment/path.dsv
-- Installing: /home/manuel/buggy_ws_beta.a/install/velodyne_pointcloud/share/velodyne_pointcloud/local_setup.bash
-- Installing: /home/manuel/buggy_ws_beta.a/install/velodyne_pointcloud/share/velodyne_pointcloud/local_setup.sh
-- Installing: /home/manuel/buggy_ws_beta.a/install/velodyne_pointcloud/share/velodyne_pointcloud/local_setup.zsh
-- Installing: /home/manuel/buggy_ws_beta.a/install/velodyne_pointcloud/share/velodyne_pointcloud/local_setup.dsv
-- Installing: /home/manuel/buggy_ws_beta.a/install/velodyne_pointcloud/share/velodyne_pointcloud/package.dsv
-- Installing: /home/manuel/buggy_ws_beta.a/install/velodyne_pointcloud/share/ament_index/resource_index/packages/velodyne_pointcloud
-- Installing: /home/manuel/buggy_ws_beta.a/install/velodyne_pointcloud/share/ament_index/resource_index/rclcpp_components/velodyne_pointcloud
-- Installing: /home/manuel/buggy_ws_beta.a/install/velodyne_pointcloud/share/velodyne_pointcloud/cmake/velodyne_pointcloudConfig.cmake
-- Installing: /home/manuel/buggy_ws_beta.a/install/velodyne_pointcloud/share/velodyne_pointcloud/cmake/velodyne_pointcloudConfig-version.cmake
-- Installing: /home/manuel/buggy_ws_beta.a/install/velodyne_pointcloud/share/velodyne_pointcloud/package.xml
-- Installing: /home/manuel/buggy_ws_beta.a/install/velodyne_pointcloud/lib/libvelodyne_cloud_types.so
-- Set runtime path of "/home/manuel/buggy_ws_beta.a/install/velodyne_pointcloud/lib/libvelodyne_cloud_types.so" to ""
-- Installing: /home/manuel/buggy_ws_beta.a/install/velodyne_pointcloud/lib/libvelodyne_rawdata.so
-- Set runtime path of "/home/manuel/buggy_ws_beta.a/install/velodyne_pointcloud/lib/libvelodyne_rawdata.so" to ""
