[0.139s] Invoking command in '/home/manuel/buggy_ws_beta.a/build/zed_interfaces': CMAKE_PREFIX_PATH=${CMAKE_PREFIX_PATH}:/home/manuel/buggy_space/install/joint_state_publisher_gui:/home/manuel/buggy_space/install/joint_state_publisher:/home/manuel/buggy_space/install/ackermann_odometry:/home/manuel/buggy_space/install/ackermann_controller:/opt/ros/foxy /usr/bin/cmake /home/manuel/buggy_ws_beta.a/src/zed-ros2-wrapper/zed-ros2-interfaces -DCMAKE_INSTALL_PREFIX=/home/manuel/buggy_ws_beta.a/install/zed_interfaces
[0.659s] -- The C compiler identification is GNU 9.4.0
[0.659s] -- The CXX compiler identification is GNU 9.4.0
[0.659s] -- Check for working C compiler: /usr/bin/cc
[0.659s] -- Check for working C compiler: /usr/bin/cc -- works
[0.659s] -- Detecting C compiler ABI info
[0.659s] -- Detecting C compiler ABI info - done
[0.659s] -- Detecting C compile features
[0.660s] -- Detecting C compile features - done
[0.660s] -- Check for working CXX compiler: /usr/bin/c++
[0.660s] -- Check for working CXX compiler: /usr/bin/c++ -- works
[0.660s] -- Detecting CXX compiler ABI info
[0.770s] -- Detecting CXX compiler ABI info - done
[0.802s] -- Detecting CXX compile features
[0.809s] -- Detecting CXX compile features - done
[0.809s] -- Found ament_cmake: 0.9.11 (/opt/ros/foxy/share/ament_cmake/cmake)
[0.857s] -- Found PythonInterp: /usr/bin/python3 (found suitable version "3.8.10", minimum required is "3") 
[0.857s] -- Using PYTHON_EXECUTABLE: /usr/bin/python3
[1.385s] -- Found builtin_interfaces: 1.0.0 (/opt/ros/foxy/share/builtin_interfaces/cmake)
[1.455s] -- Using all available rosidl_typesupport_c: rosidl_typesupport_fastrtps_c;rosidl_typesupport_introspection_c
[1.475s] -- Found rosidl_adapter: 1.3.0 (/opt/ros/foxy/share/rosidl_adapter/cmake)
[1.638s] -- Found OpenSSL: /usr/lib/x86_64-linux-gnu/libcrypto.so (found version "1.1.1f")  
[1.702s] -- Found FastRTPS: /opt/ros/foxy/include  
[1.883s] -- Using all available rosidl_typesupport_cpp: rosidl_typesupport_fastrtps_cpp;rosidl_typesupport_introspection_cpp
[1.948s] -- Found rosidl_default_generators: 1.0.1 (/opt/ros/foxy/share/rosidl_default_generators/cmake)
[1.984s] -- Found std_msgs: 2.0.5 (/opt/ros/foxy/share/std_msgs/cmake)
[2.028s] -- Found geometry_msgs: 2.0.5 (/opt/ros/foxy/share/geometry_msgs/cmake)
[2.116s] -- Found shape_msgs: 2.0.5 (/opt/ros/foxy/share/shape_msgs/cmake)
[2.321s] -- Found PythonInterp: /usr/bin/python3 (found version "3.8.10") 
[2.915s] -- Found ament_cmake_ros: 0.9.2 (/opt/ros/foxy/share/ament_cmake_ros/cmake)
[3.534s] -- Using all available rosidl_typesupport_c: rosidl_typesupport_fastrtps_c;rosidl_typesupport_introspection_c
[3.862s] -- Using all available rosidl_typesupport_cpp: rosidl_typesupport_fastrtps_cpp;rosidl_typesupport_introspection_cpp
[3.987s] -- Found PythonInterp: /usr/bin/python3 (found suitable version "3.8.10", minimum required is "3.5") 
[3.988s] -- Found python_cmake_module: 0.8.1 (/opt/ros/foxy/share/python_cmake_module/cmake)
[4.112s] -- Found PythonLibs: /usr/lib/x86_64-linux-gnu/libpython3.8.so (found suitable version "3.8.10", minimum required is "3.5") 
[4.112s] -- Using PYTHON_EXECUTABLE: /usr/bin/python3
[4.112s] -- Using PYTHON_INCLUDE_DIRS: /usr/include/python3.8
[4.113s] -- Using PYTHON_LIBRARIES: /usr/lib/x86_64-linux-gnu/libpython3.8.so
[4.211s] -- Found PythonExtra: .so  
[4.911s] -- Configuring done
[5.399s] -- Generating done
[5.420s] -- Build files have been written to: /home/manuel/buggy_ws_beta.a/build/zed_interfaces
[5.438s] Invoked command in '/home/manuel/buggy_ws_beta.a/build/zed_interfaces' returned '0': CMAKE_PREFIX_PATH=${CMAKE_PREFIX_PATH}:/home/manuel/buggy_space/install/joint_state_publisher_gui:/home/manuel/buggy_space/install/joint_state_publisher:/home/manuel/buggy_space/install/ackermann_odometry:/home/manuel/buggy_space/install/ackermann_controller:/opt/ros/foxy /usr/bin/cmake /home/manuel/buggy_ws_beta.a/src/zed-ros2-wrapper/zed-ros2-interfaces -DCMAKE_INSTALL_PREFIX=/home/manuel/buggy_ws_beta.a/install/zed_interfaces
[5.443s] Invoking command in '/home/manuel/buggy_ws_beta.a/build/zed_interfaces': CMAKE_PREFIX_PATH=${CMAKE_PREFIX_PATH}:/home/manuel/buggy_space/install/joint_state_publisher_gui:/home/manuel/buggy_space/install/joint_state_publisher:/home/manuel/buggy_space/install/ackermann_odometry:/home/manuel/buggy_space/install/ackermann_controller:/opt/ros/foxy /usr/bin/cmake --build /home/manuel/buggy_ws_beta.a/build/zed_interfaces -- -j16 -l16
[17.510s] [  1%] [34m[1mGenerating C code for ROS interfaces[0m
[17.510s] [35m[1mScanning dependencies of target zed_interfaces__cpp[0m
[17.510s] [  1%] [34m[1mGenerating C++ code for ROS interfaces[0m
[17.510s] [  1%] Built target zed_interfaces__cpp
[17.510s] [  1%] [34m[1mGenerating C++ introspection for ROS interfaces[0m
[17.511s] [  2%] [34m[1mGenerating C++ type support for eProsima Fast-RTPS[0m
[17.511s] [  3%] [34m[1mGenerating C++ type support dispatch for ROS interfaces[0m
[17.511s] [35m[1mScanning dependencies of target zed_interfaces__rosidl_generator_c[0m
[17.511s] [  4%] [32mBuilding C object CMakeFiles/zed_interfaces__rosidl_generator_c.dir/rosidl_generator_c/zed_interfaces/msg/detail/object__functions.c.o[0m
[17.511s] [  4%] [32mBuilding C object CMakeFiles/zed_interfaces__rosidl_generator_c.dir/rosidl_generator_c/zed_interfaces/msg/detail/objects_stamped__functions.c.o[0m
[17.519s] [  6%] [32mBuilding C object CMakeFiles/zed_interfaces__rosidl_generator_c.dir/rosidl_generator_c/zed_interfaces/msg/detail/depth_info_stamped__functions.c.o[0m
[17.519s] [  8%] [32mBuilding C object CMakeFiles/zed_interfaces__rosidl_generator_c.dir/rosidl_generator_c/zed_interfaces/msg/detail/keypoint2_di__functions.c.o[0m
[17.519s] [  8%] [32mBuilding C object CMakeFiles/zed_interfaces__rosidl_generator_c.dir/rosidl_generator_c/zed_interfaces/msg/detail/keypoint2_df__functions.c.o[0m
[17.519s] [  5%] [32mBuilding C object CMakeFiles/zed_interfaces__rosidl_generator_c.dir/rosidl_generator_c/zed_interfaces/msg/detail/keypoint3_d__functions.c.o[0m
[17.519s] [  9%] [32mBuilding C object CMakeFiles/zed_interfaces__rosidl_generator_c.dir/rosidl_generator_c/zed_interfaces/msg/detail/bounding_box3_d__functions.c.o[0m
[17.520s] [  9%] [32mBuilding C object CMakeFiles/zed_interfaces__rosidl_generator_c.dir/rosidl_generator_c/zed_interfaces/msg/detail/bounding_box2_di__functions.c.o[0m
[17.520s] [ 10%] [32mBuilding C object CMakeFiles/zed_interfaces__rosidl_generator_c.dir/rosidl_generator_c/zed_interfaces/msg/detail/skeleton2_d__functions.c.o[0m
[17.520s] [ 10%] [32mBuilding C object CMakeFiles/zed_interfaces__rosidl_generator_c.dir/rosidl_generator_c/zed_interfaces/msg/detail/skeleton3_d__functions.c.o[0m
[17.520s] [ 10%] [32mBuilding C object CMakeFiles/zed_interfaces__rosidl_generator_c.dir/rosidl_generator_c/zed_interfaces/srv/detail/set_pose__functions.c.o[0m
[17.520s] [ 11%] [32mBuilding C object CMakeFiles/zed_interfaces__rosidl_generator_c.dir/rosidl_generator_c/zed_interfaces/msg/detail/bounding_box2_df__functions.c.o[0m
[17.521s] [ 12%] [32mBuilding C object CMakeFiles/zed_interfaces__rosidl_generator_c.dir/rosidl_generator_c/zed_interfaces/msg/detail/plane_stamped__functions.c.o[0m
[17.521s] [ 13%] [32mBuilding C object CMakeFiles/zed_interfaces__rosidl_generator_c.dir/rosidl_generator_c/zed_interfaces/srv/detail/start_svo_rec__functions.c.o[0m
[17.521s] [ 14%] [32m[1mLinking C shared library libzed_interfaces__rosidl_generator_c.so[0m
[17.521s] [ 14%] Built target zed_interfaces__rosidl_generator_c
[17.521s] [ 15%] [34m[1mGenerating C introspection for ROS interfaces[0m
[17.532s] [ 16%] [34m[1mGenerating C type support dispatch for ROS interfaces[0m
[22.077s] [35m[1mScanning dependencies of target zed_interfaces__rosidl_typesupport_cpp[0m
[22.202s] [ 17%] [32mBuilding CXX object CMakeFiles/zed_interfaces__rosidl_typesupport_cpp.dir/rosidl_typesupport_cpp/zed_interfaces/msg/objects_stamped__type_support.cpp.o[0m
[22.214s] [ 18%] [32mBuilding CXX object CMakeFiles/zed_interfaces__rosidl_typesupport_cpp.dir/rosidl_typesupport_cpp/zed_interfaces/msg/object__type_support.cpp.o[0m
[22.253s] [ 19%] [32mBuilding CXX object CMakeFiles/zed_interfaces__rosidl_typesupport_cpp.dir/rosidl_typesupport_cpp/zed_interfaces/msg/keypoint2_df__type_support.cpp.o[0m
[22.253s] [ 19%] [32mBuilding CXX object CMakeFiles/zed_interfaces__rosidl_typesupport_cpp.dir/rosidl_typesupport_cpp/zed_interfaces/msg/keypoint2_di__type_support.cpp.o[0m
[22.326s] [ 20%] [32mBuilding CXX object CMakeFiles/zed_interfaces__rosidl_typesupport_cpp.dir/rosidl_typesupport_cpp/zed_interfaces/msg/keypoint3_d__type_support.cpp.o[0m
[22.361s] [ 20%] [32mBuilding CXX object CMakeFiles/zed_interfaces__rosidl_typesupport_cpp.dir/rosidl_typesupport_cpp/zed_interfaces/msg/bounding_box2_di__type_support.cpp.o[0m
[22.411s] [ 21%] [32mBuilding CXX object CMakeFiles/zed_interfaces__rosidl_typesupport_cpp.dir/rosidl_typesupport_cpp/zed_interfaces/msg/bounding_box2_df__type_support.cpp.o[0m
[23.513s] [ 22%] [32mBuilding CXX object CMakeFiles/zed_interfaces__rosidl_typesupport_cpp.dir/rosidl_typesupport_cpp/zed_interfaces/msg/plane_stamped__type_support.cpp.o[0m
[23.514s] [ 23%] [32mBuilding CXX object CMakeFiles/zed_interfaces__rosidl_typesupport_cpp.dir/rosidl_typesupport_cpp/zed_interfaces/msg/depth_info_stamped__type_support.cpp.o[0m
[23.553s] [ 23%] [32mBuilding CXX object CMakeFiles/zed_interfaces__rosidl_typesupport_cpp.dir/rosidl_typesupport_cpp/zed_interfaces/msg/skeleton3_d__type_support.cpp.o[0m
[23.557s] [ 24%] [32mBuilding CXX object CMakeFiles/zed_interfaces__rosidl_typesupport_cpp.dir/rosidl_typesupport_cpp/zed_interfaces/msg/skeleton2_d__type_support.cpp.o[0m
[23.578s] [ 25%] [32mBuilding CXX object CMakeFiles/zed_interfaces__rosidl_typesupport_cpp.dir/rosidl_typesupport_cpp/zed_interfaces/msg/bounding_box3_d__type_support.cpp.o[0m
[24.058s] [35m[1mScanning dependencies of target zed_interfaces__rosidl_typesupport_introspection_cpp[0m
[24.065s] [ 26%] [32mBuilding CXX object CMakeFiles/zed_interfaces__rosidl_typesupport_cpp.dir/rosidl_typesupport_cpp/zed_interfaces/srv/set_pose__type_support.cpp.o[0m
[24.076s] [ 26%] [32mBuilding CXX object CMakeFiles/zed_interfaces__rosidl_typesupport_cpp.dir/rosidl_typesupport_cpp/zed_interfaces/srv/start_svo_rec__type_support.cpp.o[0m
[24.199s] [35m[1mScanning dependencies of target zed_interfaces__rosidl_typesupport_fastrtps_cpp[0m
[24.239s] [ 27%] [32mBuilding CXX object CMakeFiles/zed_interfaces__rosidl_typesupport_introspection_cpp.dir/rosidl_typesupport_introspection_cpp/zed_interfaces/msg/detail/object__type_support.cpp.o[0m
[24.259s] [ 28%] [32mBuilding CXX object CMakeFiles/zed_interfaces__rosidl_typesupport_introspection_cpp.dir/rosidl_typesupport_introspection_cpp/zed_interfaces/msg/detail/objects_stamped__type_support.cpp.o[0m
[24.297s] [ 29%] [32mBuilding CXX object CMakeFiles/zed_interfaces__rosidl_typesupport_introspection_cpp.dir/rosidl_typesupport_introspection_cpp/zed_interfaces/msg/detail/keypoint2_di__type_support.cpp.o[0m
[24.405s] [ 29%] [32mBuilding CXX object CMakeFiles/zed_interfaces__rosidl_typesupport_introspection_cpp.dir/rosidl_typesupport_introspection_cpp/zed_interfaces/msg/detail/keypoint2_df__type_support.cpp.o[0m
[24.429s] [ 30%] [32mBuilding CXX object CMakeFiles/zed_interfaces__rosidl_typesupport_fastrtps_cpp.dir/rosidl_typesupport_fastrtps_cpp/zed_interfaces/msg/detail/dds_fastrtps/object__type_support.cpp.o[0m
[24.460s] [ 31%] [32mBuilding CXX object CMakeFiles/zed_interfaces__rosidl_typesupport_fastrtps_cpp.dir/rosidl_typesupport_fastrtps_cpp/zed_interfaces/msg/detail/dds_fastrtps/objects_stamped__type_support.cpp.o[0m
[24.601s] [ 31%] [32mBuilding CXX object CMakeFiles/zed_interfaces__rosidl_typesupport_fastrtps_cpp.dir/rosidl_typesupport_fastrtps_cpp/zed_interfaces/msg/detail/dds_fastrtps/keypoint2_di__type_support.cpp.o[0m
[24.721s] [35m[1mScanning dependencies of target zed_interfaces__rosidl_typesupport_c[0m
[24.863s] [ 31%] [32mBuilding CXX object CMakeFiles/zed_interfaces__rosidl_typesupport_c.dir/rosidl_typesupport_c/zed_interfaces/msg/object__type_support.cpp.o[0m
[25.119s] [ 32%] [32mBuilding CXX object CMakeFiles/zed_interfaces__rosidl_typesupport_c.dir/rosidl_typesupport_c/zed_interfaces/msg/objects_stamped__type_support.cpp.o[0m
[25.433s] [ 33%] [32mBuilding CXX object CMakeFiles/zed_interfaces__rosidl_typesupport_c.dir/rosidl_typesupport_c/zed_interfaces/msg/keypoint2_di__type_support.cpp.o[0m
[25.748s] [ 34%] [32mBuilding CXX object CMakeFiles/zed_interfaces__rosidl_typesupport_introspection_cpp.dir/rosidl_typesupport_introspection_cpp/zed_interfaces/msg/detail/keypoint3_d__type_support.cpp.o[0m
[25.772s] [ 35%] [32mBuilding CXX object CMakeFiles/zed_interfaces__rosidl_typesupport_fastrtps_cpp.dir/rosidl_typesupport_fastrtps_cpp/zed_interfaces/msg/detail/dds_fastrtps/keypoint2_df__type_support.cpp.o[0m
[25.814s] [ 36%] [32mBuilding CXX object CMakeFiles/zed_interfaces__rosidl_typesupport_c.dir/rosidl_typesupport_c/zed_interfaces/msg/keypoint2_df__type_support.cpp.o[0m
[25.881s] [ 36%] [32mBuilding CXX object CMakeFiles/zed_interfaces__rosidl_typesupport_c.dir/rosidl_typesupport_c/zed_interfaces/msg/keypoint3_d__type_support.cpp.o[0m
[25.893s] [ 37%] [32mBuilding CXX object CMakeFiles/zed_interfaces__rosidl_typesupport_fastrtps_cpp.dir/rosidl_typesupport_fastrtps_cpp/zed_interfaces/msg/detail/dds_fastrtps/keypoint3_d__type_support.cpp.o[0m
[26.017s] [ 38%] [32mBuilding CXX object CMakeFiles/zed_interfaces__rosidl_typesupport_introspection_cpp.dir/rosidl_typesupport_introspection_cpp/zed_interfaces/msg/detail/bounding_box2_di__type_support.cpp.o[0m
[26.195s] [ 39%] [32mBuilding CXX object CMakeFiles/zed_interfaces__rosidl_typesupport_c.dir/rosidl_typesupport_c/zed_interfaces/msg/bounding_box2_di__type_support.cpp.o[0m
[26.234s] [ 40%] [32mBuilding CXX object CMakeFiles/zed_interfaces__rosidl_typesupport_c.dir/rosidl_typesupport_c/zed_interfaces/msg/bounding_box2_df__type_support.cpp.o[0m
[26.498s] [ 41%] [32mBuilding CXX object CMakeFiles/zed_interfaces__rosidl_typesupport_c.dir/rosidl_typesupport_c/zed_interfaces/msg/bounding_box3_d__type_support.cpp.o[0m
[26.557s] [ 41%] [32mBuilding CXX object CMakeFiles/zed_interfaces__rosidl_typesupport_c.dir/rosidl_typesupport_c/zed_interfaces/msg/skeleton2_d__type_support.cpp.o[0m
[26.570s] [ 42%] [32mBuilding CXX object CMakeFiles/zed_interfaces__rosidl_typesupport_introspection_cpp.dir/rosidl_typesupport_introspection_cpp/zed_interfaces/msg/detail/bounding_box2_df__type_support.cpp.o[0m
[26.691s] [ 43%] [32m[1mLinking CXX shared library libzed_interfaces__rosidl_typesupport_cpp.so[0m
[26.814s] [ 43%] [32mBuilding CXX object CMakeFiles/zed_interfaces__rosidl_typesupport_introspection_cpp.dir/rosidl_typesupport_introspection_cpp/zed_interfaces/msg/detail/bounding_box3_d__type_support.cpp.o[0m
[26.841s] [35m[1mScanning dependencies of target zed_interfaces__rosidl_typesupport_introspection_c[0m
[26.897s] [ 44%] [32mBuilding CXX object CMakeFiles/zed_interfaces__rosidl_typesupport_c.dir/rosidl_typesupport_c/zed_interfaces/msg/skeleton3_d__type_support.cpp.o[0m
[27.018s] [ 45%] [32mBuilding CXX object CMakeFiles/zed_interfaces__rosidl_typesupport_introspection_cpp.dir/rosidl_typesupport_introspection_cpp/zed_interfaces/msg/detail/skeleton2_d__type_support.cpp.o[0m
[27.101s] [ 46%] [32mBuilding C object CMakeFiles/zed_interfaces__rosidl_typesupport_introspection_c.dir/rosidl_typesupport_introspection_c/zed_interfaces/msg/detail/object__type_support.c.o[0m
[27.161s] [ 46%] Built target zed_interfaces__rosidl_typesupport_cpp
[27.235s] [ 47%] [32mBuilding CXX object CMakeFiles/zed_interfaces__rosidl_typesupport_c.dir/rosidl_typesupport_c/zed_interfaces/msg/depth_info_stamped__type_support.cpp.o[0m
[27.265s] [ 48%] [32mBuilding C object CMakeFiles/zed_interfaces__rosidl_typesupport_introspection_c.dir/rosidl_typesupport_introspection_c/zed_interfaces/msg/detail/objects_stamped__type_support.c.o[0m
[27.283s] [ 49%] [32mBuilding CXX object CMakeFiles/zed_interfaces__rosidl_typesupport_introspection_cpp.dir/rosidl_typesupport_introspection_cpp/zed_interfaces/msg/detail/skeleton3_d__type_support.cpp.o[0m
[27.580s] [ 50%] [32mBuilding CXX object CMakeFiles/zed_interfaces__rosidl_typesupport_c.dir/rosidl_typesupport_c/zed_interfaces/msg/plane_stamped__type_support.cpp.o[0m
[27.644s] [ 50%] [32mBuilding C object CMakeFiles/zed_interfaces__rosidl_typesupport_introspection_c.dir/rosidl_typesupport_introspection_c/zed_interfaces/msg/detail/keypoint2_di__type_support.c.o[0m
[27.854s] [ 50%] [32mBuilding CXX object CMakeFiles/zed_interfaces__rosidl_typesupport_c.dir/rosidl_typesupport_c/zed_interfaces/srv/set_pose__type_support.cpp.o[0m
[27.976s] [ 51%] [32mBuilding C object CMakeFiles/zed_interfaces__rosidl_typesupport_introspection_c.dir/rosidl_typesupport_introspection_c/zed_interfaces/msg/detail/keypoint2_df__type_support.c.o[0m
[28.133s] [ 52%] [32mBuilding CXX object CMakeFiles/zed_interfaces__rosidl_typesupport_c.dir/rosidl_typesupport_c/zed_interfaces/srv/start_svo_rec__type_support.cpp.o[0m
[28.245s] [ 53%] [32mBuilding C object CMakeFiles/zed_interfaces__rosidl_typesupport_introspection_c.dir/rosidl_typesupport_introspection_c/zed_interfaces/msg/detail/keypoint3_d__type_support.c.o[0m
[28.398s] [ 54%] [32m[1mLinking CXX shared library libzed_interfaces__rosidl_typesupport_c.so[0m
[28.530s] [ 55%] [32mBuilding C object CMakeFiles/zed_interfaces__rosidl_typesupport_introspection_c.dir/rosidl_typesupport_introspection_c/zed_interfaces/msg/detail/bounding_box2_di__type_support.c.o[0m
[28.691s] [ 55%] Built target zed_interfaces__rosidl_typesupport_c
[28.750s] [ 55%] [32mBuilding C object CMakeFiles/zed_interfaces__rosidl_typesupport_introspection_c.dir/rosidl_typesupport_introspection_c/zed_interfaces/msg/detail/bounding_box2_df__type_support.c.o[0m
[28.924s] [ 56%] [32mBuilding C object CMakeFiles/zed_interfaces__rosidl_typesupport_introspection_c.dir/rosidl_typesupport_introspection_c/zed_interfaces/msg/detail/bounding_box3_d__type_support.c.o[0m
[29.125s] [ 57%] [32mBuilding C object CMakeFiles/zed_interfaces__rosidl_typesupport_introspection_c.dir/rosidl_typesupport_introspection_c/zed_interfaces/msg/detail/skeleton2_d__type_support.c.o[0m
[29.258s] [ 58%] [32mBuilding CXX object CMakeFiles/zed_interfaces__rosidl_typesupport_introspection_cpp.dir/rosidl_typesupport_introspection_cpp/zed_interfaces/srv/detail/start_svo_rec__type_support.cpp.o[0m
[29.278s] [ 58%] [32mBuilding C object CMakeFiles/zed_interfaces__rosidl_typesupport_introspection_c.dir/rosidl_typesupport_introspection_c/zed_interfaces/msg/detail/skeleton3_d__type_support.c.o[0m
[29.471s] [ 59%] [32mBuilding C object CMakeFiles/zed_interfaces__rosidl_typesupport_introspection_c.dir/rosidl_typesupport_introspection_c/zed_interfaces/msg/detail/depth_info_stamped__type_support.c.o[0m
[29.508s] [ 60%] [32mBuilding CXX object CMakeFiles/zed_interfaces__rosidl_typesupport_fastrtps_cpp.dir/rosidl_typesupport_fastrtps_cpp/zed_interfaces/srv/detail/dds_fastrtps/start_svo_rec__type_support.cpp.o[0m
[29.664s] [ 61%] [32mBuilding C object CMakeFiles/zed_interfaces__rosidl_typesupport_introspection_c.dir/rosidl_typesupport_introspection_c/zed_interfaces/srv/detail/set_pose__type_support.c.o[0m
[29.829s] [ 61%] [32mBuilding C object CMakeFiles/zed_interfaces__rosidl_typesupport_introspection_c.dir/rosidl_typesupport_introspection_c/zed_interfaces/srv/detail/start_svo_rec__type_support.c.o[0m
[29.975s] [ 62%] [32mBuilding C object CMakeFiles/zed_interfaces__rosidl_typesupport_introspection_c.dir/rosidl_typesupport_introspection_c/zed_interfaces/msg/detail/plane_stamped__type_support.c.o[0m
[30.126s] [ 63%] [32m[1mLinking C shared library libzed_interfaces__rosidl_typesupport_introspection_c.so[0m
[30.519s] [ 63%] Built target zed_interfaces__rosidl_typesupport_introspection_c
[30.519s] [ 64%] [32mBuilding CXX object CMakeFiles/zed_interfaces__rosidl_typesupport_introspection_cpp.dir/rosidl_typesupport_introspection_cpp/zed_interfaces/srv/detail/set_pose__type_support.cpp.o[0m
[30.883s] [ 65%] [32mBuilding CXX object CMakeFiles/zed_interfaces__rosidl_typesupport_fastrtps_cpp.dir/rosidl_typesupport_fastrtps_cpp/zed_interfaces/srv/detail/dds_fastrtps/set_pose__type_support.cpp.o[0m
[31.072s] [ 65%] [32mBuilding CXX object CMakeFiles/zed_interfaces__rosidl_typesupport_introspection_cpp.dir/rosidl_typesupport_introspection_cpp/zed_interfaces/msg/detail/plane_stamped__type_support.cpp.o[0m
[31.921s] [ 66%] [32mBuilding CXX object CMakeFiles/zed_interfaces__rosidl_typesupport_introspection_cpp.dir/rosidl_typesupport_introspection_cpp/zed_interfaces/msg/detail/depth_info_stamped__type_support.cpp.o[0m
[32.051s] [ 67%] [32mBuilding CXX object CMakeFiles/zed_interfaces__rosidl_typesupport_fastrtps_cpp.dir/rosidl_typesupport_fastrtps_cpp/zed_interfaces/msg/detail/dds_fastrtps/plane_stamped__type_support.cpp.o[0m
[32.630s] [ 68%] [32m[1mLinking CXX shared library libzed_interfaces__rosidl_typesupport_introspection_cpp.so[0m
[32.896s] [ 68%] Built target zed_interfaces__rosidl_typesupport_introspection_cpp
[33.155s] [ 68%] [32mBuilding CXX object CMakeFiles/zed_interfaces__rosidl_typesupport_fastrtps_cpp.dir/rosidl_typesupport_fastrtps_cpp/zed_interfaces/msg/detail/dds_fastrtps/depth_info_stamped__type_support.cpp.o[0m
[34.095s] [ 69%] [32mBuilding CXX object CMakeFiles/zed_interfaces__rosidl_typesupport_fastrtps_cpp.dir/rosidl_typesupport_fastrtps_cpp/zed_interfaces/msg/detail/dds_fastrtps/skeleton3_d__type_support.cpp.o[0m
[34.996s] [ 70%] [32mBuilding CXX object CMakeFiles/zed_interfaces__rosidl_typesupport_fastrtps_cpp.dir/rosidl_typesupport_fastrtps_cpp/zed_interfaces/msg/detail/dds_fastrtps/skeleton2_d__type_support.cpp.o[0m
[35.826s] [ 71%] [32mBuilding CXX object CMakeFiles/zed_interfaces__rosidl_typesupport_fastrtps_cpp.dir/rosidl_typesupport_fastrtps_cpp/zed_interfaces/msg/detail/dds_fastrtps/bounding_box3_d__type_support.cpp.o[0m
[36.687s] [ 71%] [32mBuilding CXX object CMakeFiles/zed_interfaces__rosidl_typesupport_fastrtps_cpp.dir/rosidl_typesupport_fastrtps_cpp/zed_interfaces/msg/detail/dds_fastrtps/bounding_box2_df__type_support.cpp.o[0m
[37.258s] [ 72%] [32mBuilding CXX object CMakeFiles/zed_interfaces__rosidl_typesupport_fastrtps_cpp.dir/rosidl_typesupport_fastrtps_cpp/zed_interfaces/msg/detail/dds_fastrtps/bounding_box2_di__type_support.cpp.o[0m
[37.957s] [ 72%] [32m[1mLinking CXX shared library libzed_interfaces__rosidl_typesupport_fastrtps_cpp.so[0m
[38.145s] [ 72%] Built target zed_interfaces__rosidl_typesupport_fastrtps_cpp
[38.167s] [ 73%] [34m[1mGenerating C type support for eProsima Fast-RTPS[0m
[41.383s] [35m[1mScanning dependencies of target zed_interfaces__rosidl_typesupport_fastrtps_c[0m
[41.445s] [ 74%] [32mBuilding CXX object CMakeFiles/zed_interfaces__rosidl_typesupport_fastrtps_c.dir/rosidl_typesupport_fastrtps_c/zed_interfaces/msg/detail/object__type_support_c.cpp.o[0m
[42.229s] [ 74%] [32mBuilding CXX object CMakeFiles/zed_interfaces__rosidl_typesupport_fastrtps_c.dir/rosidl_typesupport_fastrtps_c/zed_interfaces/srv/detail/start_svo_rec__type_support_c.cpp.o[0m
[42.861s] [ 75%] [32mBuilding CXX object CMakeFiles/zed_interfaces__rosidl_typesupport_fastrtps_c.dir/rosidl_typesupport_fastrtps_c/zed_interfaces/srv/detail/set_pose__type_support_c.cpp.o[0m
[43.391s] [ 76%] [32mBuilding CXX object CMakeFiles/zed_interfaces__rosidl_typesupport_fastrtps_c.dir/rosidl_typesupport_fastrtps_c/zed_interfaces/msg/detail/plane_stamped__type_support_c.cpp.o[0m
[43.905s] [ 77%] [32mBuilding CXX object CMakeFiles/zed_interfaces__rosidl_typesupport_fastrtps_c.dir/rosidl_typesupport_fastrtps_c/zed_interfaces/msg/detail/depth_info_stamped__type_support_c.cpp.o[0m
[44.447s] [ 77%] [32mBuilding CXX object CMakeFiles/zed_interfaces__rosidl_typesupport_fastrtps_c.dir/rosidl_typesupport_fastrtps_c/zed_interfaces/msg/detail/skeleton3_d__type_support_c.cpp.o[0m
[44.980s] [ 78%] [32mBuilding CXX object CMakeFiles/zed_interfaces__rosidl_typesupport_fastrtps_c.dir/rosidl_typesupport_fastrtps_c/zed_interfaces/msg/detail/skeleton2_d__type_support_c.cpp.o[0m
[45.591s] [ 79%] [32mBuilding CXX object CMakeFiles/zed_interfaces__rosidl_typesupport_fastrtps_c.dir/rosidl_typesupport_fastrtps_c/zed_interfaces/msg/detail/bounding_box3_d__type_support_c.cpp.o[0m
[46.284s] [ 80%] [32mBuilding CXX object CMakeFiles/zed_interfaces__rosidl_typesupport_fastrtps_c.dir/rosidl_typesupport_fastrtps_c/zed_interfaces/msg/detail/bounding_box2_df__type_support_c.cpp.o[0m
[46.970s] [ 80%] [32mBuilding CXX object CMakeFiles/zed_interfaces__rosidl_typesupport_fastrtps_c.dir/rosidl_typesupport_fastrtps_c/zed_interfaces/msg/detail/bounding_box2_di__type_support_c.cpp.o[0m
[47.625s] [ 81%] [32mBuilding CXX object CMakeFiles/zed_interfaces__rosidl_typesupport_fastrtps_c.dir/rosidl_typesupport_fastrtps_c/zed_interfaces/msg/detail/keypoint3_d__type_support_c.cpp.o[0m
[48.110s] [ 82%] [32mBuilding CXX object CMakeFiles/zed_interfaces__rosidl_typesupport_fastrtps_c.dir/rosidl_typesupport_fastrtps_c/zed_interfaces/msg/detail/keypoint2_df__type_support_c.cpp.o[0m
[48.534s] [ 83%] [32mBuilding CXX object CMakeFiles/zed_interfaces__rosidl_typesupport_fastrtps_c.dir/rosidl_typesupport_fastrtps_c/zed_interfaces/msg/detail/keypoint2_di__type_support_c.cpp.o[0m
[48.944s] [ 83%] [32mBuilding CXX object CMakeFiles/zed_interfaces__rosidl_typesupport_fastrtps_c.dir/rosidl_typesupport_fastrtps_c/zed_interfaces/msg/detail/objects_stamped__type_support_c.cpp.o[0m
[49.359s] [ 84%] [32m[1mLinking CXX shared library libzed_interfaces__rosidl_typesupport_fastrtps_c.so[0m
[49.467s] [ 84%] Built target zed_interfaces__rosidl_typesupport_fastrtps_c
[49.478s] [35m[1mScanning dependencies of target zed_interfaces[0m
[49.491s] [ 84%] Built target zed_interfaces
[49.508s] [35m[1mScanning dependencies of target zed_interfaces__py[0m
[49.522s] [ 85%] [34m[1mGenerating Python code for ROS interfaces[0m
[53.305s] [ 85%] Built target zed_interfaces__py
[53.323s] [35m[1mScanning dependencies of target zed_interfaces__python[0m
[53.400s] [ 86%] [32mBuilding C object CMakeFiles/zed_interfaces__python.dir/rosidl_generator_py/zed_interfaces/msg/_object_s.c.o[0m
[53.534s] [ 86%] [32mBuilding C object CMakeFiles/zed_interfaces__python.dir/rosidl_generator_py/zed_interfaces/srv/_start_svo_rec_s.c.o[0m
[53.659s] [ 87%] [32mBuilding C object CMakeFiles/zed_interfaces__python.dir/rosidl_generator_py/zed_interfaces/srv/_set_pose_s.c.o[0m
[53.802s] [ 88%] [32mBuilding C object CMakeFiles/zed_interfaces__python.dir/rosidl_generator_py/zed_interfaces/msg/_plane_stamped_s.c.o[0m
[53.946s] [ 89%] [32mBuilding C object CMakeFiles/zed_interfaces__python.dir/rosidl_generator_py/zed_interfaces/msg/_depth_info_stamped_s.c.o[0m
[54.047s] [ 89%] [32mBuilding C object CMakeFiles/zed_interfaces__python.dir/rosidl_generator_py/zed_interfaces/msg/_skeleton3_d_s.c.o[0m
[54.200s] [ 90%] [32mBuilding C object CMakeFiles/zed_interfaces__python.dir/rosidl_generator_py/zed_interfaces/msg/_skeleton2_d_s.c.o[0m
[54.308s] [ 91%] [32mBuilding C object CMakeFiles/zed_interfaces__python.dir/rosidl_generator_py/zed_interfaces/msg/_bounding_box3_d_s.c.o[0m
[54.427s] [ 92%] [32mBuilding C object CMakeFiles/zed_interfaces__python.dir/rosidl_generator_py/zed_interfaces/msg/_bounding_box2_df_s.c.o[0m
[54.516s] [ 92%] [32mBuilding C object CMakeFiles/zed_interfaces__python.dir/rosidl_generator_py/zed_interfaces/msg/_bounding_box2_di_s.c.o[0m
[54.618s] [ 93%] [32mBuilding C object CMakeFiles/zed_interfaces__python.dir/rosidl_generator_py/zed_interfaces/msg/_keypoint3_d_s.c.o[0m
[54.721s] [ 94%] [32mBuilding C object CMakeFiles/zed_interfaces__python.dir/rosidl_generator_py/zed_interfaces/msg/_keypoint2_df_s.c.o[0m
[54.829s] [ 95%] [32mBuilding C object CMakeFiles/zed_interfaces__python.dir/rosidl_generator_py/zed_interfaces/msg/_keypoint2_di_s.c.o[0m
[54.936s] [ 95%] [32mBuilding C object CMakeFiles/zed_interfaces__python.dir/rosidl_generator_py/zed_interfaces/msg/_objects_stamped_s.c.o[0m
[55.039s] [ 96%] [32m[1mLinking C shared library rosidl_generator_py/zed_interfaces/libzed_interfaces__python.so[0m
[55.096s] [ 96%] Built target zed_interfaces__python
[55.107s] [35m[1mScanning dependencies of target zed_interfaces__rosidl_typesupport_introspection_c__pyext[0m
[55.130s] [ 97%] [32mBuilding C object CMakeFiles/zed_interfaces__rosidl_typesupport_introspection_c__pyext.dir/rosidl_generator_py/zed_interfaces/_zed_interfaces_s.ep.rosidl_typesupport_introspection_c.c.o[0m
[55.276s] [ 98%] [32m[1mLinking C shared library rosidl_generator_py/zed_interfaces/zed_interfaces_s__rosidl_typesupport_introspection_c.cpython-38-x86_64-linux-gnu.so[0m
[55.322s] [ 98%] Built target zed_interfaces__rosidl_typesupport_introspection_c__pyext
[55.334s] [35m[1mScanning dependencies of target zed_interfaces__rosidl_typesupport_c__pyext[0m
[55.356s] [ 99%] [32mBuilding C object CMakeFiles/zed_interfaces__rosidl_typesupport_c__pyext.dir/rosidl_generator_py/zed_interfaces/_zed_interfaces_s.ep.rosidl_typesupport_c.c.o[0m
[55.500s] [ 99%] [32m[1mLinking C shared library rosidl_generator_py/zed_interfaces/zed_interfaces_s__rosidl_typesupport_c.cpython-38-x86_64-linux-gnu.so[0m
[55.547s] [ 99%] Built target zed_interfaces__rosidl_typesupport_c__pyext
[55.560s] [35m[1mScanning dependencies of target zed_interfaces__rosidl_typesupport_fastrtps_c__pyext[0m
[55.585s] [100%] [32mBuilding C object CMakeFiles/zed_interfaces__rosidl_typesupport_fastrtps_c__pyext.dir/rosidl_generator_py/zed_interfaces/_zed_interfaces_s.ep.rosidl_typesupport_fastrtps_c.c.o[0m
[55.734s] [100%] [32m[1mLinking CXX shared library rosidl_generator_py/zed_interfaces/zed_interfaces_s__rosidl_typesupport_fastrtps_c.cpython-38-x86_64-linux-gnu.so[0m
[55.816s] [100%] Built target zed_interfaces__rosidl_typesupport_fastrtps_c__pyext
[55.830s] Invoked command in '/home/manuel/buggy_ws_beta.a/build/zed_interfaces' returned '0': CMAKE_PREFIX_PATH=${CMAKE_PREFIX_PATH}:/home/manuel/buggy_space/install/joint_state_publisher_gui:/home/manuel/buggy_space/install/joint_state_publisher:/home/manuel/buggy_space/install/ackermann_odometry:/home/manuel/buggy_space/install/ackermann_controller:/opt/ros/foxy /usr/bin/cmake --build /home/manuel/buggy_ws_beta.a/build/zed_interfaces -- -j16 -l16
[56.167s] Invoking command in '/home/manuel/buggy_ws_beta.a/build/zed_interfaces': CMAKE_PREFIX_PATH=${CMAKE_PREFIX_PATH}:/home/manuel/buggy_space/install/joint_state_publisher_gui:/home/manuel/buggy_space/install/joint_state_publisher:/home/manuel/buggy_space/install/ackermann_odometry:/home/manuel/buggy_space/install/ackermann_controller:/opt/ros/foxy /usr/bin/cmake --install /home/manuel/buggy_ws_beta.a/build/zed_interfaces
[56.177s] -- Install configuration: ""
[56.177s] -- Installing: /home/manuel/buggy_ws_beta.a/install/zed_interfaces/share/ament_index/resource_index/rosidl_interfaces/zed_interfaces
[56.177s] -- Installing: /home/manuel/buggy_ws_beta.a/install/zed_interfaces/include/zed_interfaces
[56.178s] -- Installing: /home/manuel/buggy_ws_beta.a/install/zed_interfaces/include/zed_interfaces/srv
[56.178s] -- Installing: /home/manuel/buggy_ws_beta.a/install/zed_interfaces/include/zed_interfaces/srv/detail
[56.178s] -- Installing: /home/manuel/buggy_ws_beta.a/install/zed_interfaces/include/zed_interfaces/srv/detail/set_pose__functions.c
[56.178s] -- Installing: /home/manuel/buggy_ws_beta.a/install/zed_interfaces/include/zed_interfaces/srv/detail/start_svo_rec__type_support.h
[56.178s] -- Installing: /home/manuel/buggy_ws_beta.a/install/zed_interfaces/include/zed_interfaces/srv/detail/set_pose__type_support.h
[56.178s] -- Installing: /home/manuel/buggy_ws_beta.a/install/zed_interfaces/include/zed_interfaces/srv/detail/start_svo_rec__functions.h
[56.179s] -- Installing: /home/manuel/buggy_ws_beta.a/install/zed_interfaces/include/zed_interfaces/srv/detail/start_svo_rec__struct.h
[56.179s] -- Installing: /home/manuel/buggy_ws_beta.a/install/zed_interfaces/include/zed_interfaces/srv/detail/start_svo_rec__functions.c
[56.179s] -- Installing: /home/manuel/buggy_ws_beta.a/install/zed_interfaces/include/zed_interfaces/srv/detail/set_pose__functions.h
[56.179s] -- Installing: /home/manuel/buggy_ws_beta.a/install/zed_interfaces/include/zed_interfaces/srv/detail/set_pose__struct.h
[56.179s] -- Installing: /home/manuel/buggy_ws_beta.a/install/zed_interfaces/include/zed_interfaces/srv/start_svo_rec.h
[56.179s] -- Installing: /home/manuel/buggy_ws_beta.a/install/zed_interfaces/include/zed_interfaces/srv/set_pose.h
[56.180s] -- Installing: /home/manuel/buggy_ws_beta.a/install/zed_interfaces/include/zed_interfaces/msg
[56.180s] -- Installing: /home/manuel/buggy_ws_beta.a/install/zed_interfaces/include/zed_interfaces/msg/detail
[56.180s] -- Installing: /home/manuel/buggy_ws_beta.a/install/zed_interfaces/include/zed_interfaces/msg/detail/skeleton3_d__functions.h
[56.180s] -- Installing: /home/manuel/buggy_ws_beta.a/install/zed_interfaces/include/zed_interfaces/msg/detail/bounding_box3_d__struct.h
[56.180s] -- Installing: /home/manuel/buggy_ws_beta.a/install/zed_interfaces/include/zed_interfaces/msg/detail/keypoint2_di__struct.h
[56.181s] -- Installing: /home/manuel/buggy_ws_beta.a/install/zed_interfaces/include/zed_interfaces/msg/detail/keypoint2_di__functions.h
[56.181s] -- Installing: /home/manuel/buggy_ws_beta.a/install/zed_interfaces/include/zed_interfaces/msg/detail/depth_info_stamped__functions.c
[56.181s] -- Installing: /home/manuel/buggy_ws_beta.a/install/zed_interfaces/include/zed_interfaces/msg/detail/objects_stamped__type_support.h
[56.181s] -- Installing: /home/manuel/buggy_ws_beta.a/install/zed_interfaces/include/zed_interfaces/msg/detail/depth_info_stamped__functions.h
[56.181s] -- Installing: /home/manuel/buggy_ws_beta.a/install/zed_interfaces/include/zed_interfaces/msg/detail/skeleton3_d__functions.c
[56.182s] -- Installing: /home/manuel/buggy_ws_beta.a/install/zed_interfaces/include/zed_interfaces/msg/detail/keypoint2_di__functions.c
[56.182s] -- Installing: /home/manuel/buggy_ws_beta.a/install/zed_interfaces/include/zed_interfaces/msg/detail/skeleton2_d__type_support.h
[56.182s] -- Installing: /home/manuel/buggy_ws_beta.a/install/zed_interfaces/include/zed_interfaces/msg/detail/bounding_box3_d__functions.h
[56.182s] -- Installing: /home/manuel/buggy_ws_beta.a/install/zed_interfaces/include/zed_interfaces/msg/detail/bounding_box2_df__struct.h
[56.182s] -- Installing: /home/manuel/buggy_ws_beta.a/install/zed_interfaces/include/zed_interfaces/msg/detail/bounding_box2_df__type_support.h
[56.182s] -- Installing: /home/manuel/buggy_ws_beta.a/install/zed_interfaces/include/zed_interfaces/msg/detail/bounding_box2_di__struct.h
[56.183s] -- Installing: /home/manuel/buggy_ws_beta.a/install/zed_interfaces/include/zed_interfaces/msg/detail/skeleton2_d__functions.c
[56.183s] -- Installing: /home/manuel/buggy_ws_beta.a/install/zed_interfaces/include/zed_interfaces/msg/detail/bounding_box2_di__functions.h
[56.183s] -- Installing: /home/manuel/buggy_ws_beta.a/install/zed_interfaces/include/zed_interfaces/msg/detail/bounding_box3_d__type_support.h
[56.183s] -- Installing: /home/manuel/buggy_ws_beta.a/install/zed_interfaces/include/zed_interfaces/msg/detail/bounding_box2_df__functions.c
[56.183s] -- Installing: /home/manuel/buggy_ws_beta.a/install/zed_interfaces/include/zed_interfaces/msg/detail/keypoint3_d__functions.c
[56.184s] -- Installing: /home/manuel/buggy_ws_beta.a/install/zed_interfaces/include/zed_interfaces/msg/detail/skeleton3_d__struct.h
[56.184s] -- Installing: /home/manuel/buggy_ws_beta.a/install/zed_interfaces/include/zed_interfaces/msg/detail/skeleton3_d__type_support.h
[56.184s] -- Installing: /home/manuel/buggy_ws_beta.a/install/zed_interfaces/include/zed_interfaces/msg/detail/keypoint2_df__functions.c
[56.184s] -- Installing: /home/manuel/buggy_ws_beta.a/install/zed_interfaces/include/zed_interfaces/msg/detail/keypoint2_df__type_support.h
[56.184s] -- Installing: /home/manuel/buggy_ws_beta.a/install/zed_interfaces/include/zed_interfaces/msg/detail/skeleton2_d__functions.h
[56.184s] -- Installing: /home/manuel/buggy_ws_beta.a/install/zed_interfaces/include/zed_interfaces/msg/detail/object__functions.h
[56.185s] -- Installing: /home/manuel/buggy_ws_beta.a/install/zed_interfaces/include/zed_interfaces/msg/detail/depth_info_stamped__type_support.h
[56.185s] -- Installing: /home/manuel/buggy_ws_beta.a/install/zed_interfaces/include/zed_interfaces/msg/detail/keypoint3_d__type_support.h
[56.185s] -- Installing: /home/manuel/buggy_ws_beta.a/install/zed_interfaces/include/zed_interfaces/msg/detail/object__struct.h
[56.185s] -- Installing: /home/manuel/buggy_ws_beta.a/install/zed_interfaces/include/zed_interfaces/msg/detail/object__functions.c
[56.185s] -- Installing: /home/manuel/buggy_ws_beta.a/install/zed_interfaces/include/zed_interfaces/msg/detail/plane_stamped__struct.h
[56.186s] -- Installing: /home/manuel/buggy_ws_beta.a/install/zed_interfaces/include/zed_interfaces/msg/detail/keypoint3_d__functions.h
[56.186s] -- Installing: /home/manuel/buggy_ws_beta.a/install/zed_interfaces/include/zed_interfaces/msg/detail/objects_stamped__functions.h
[56.186s] -- Installing: /home/manuel/buggy_ws_beta.a/install/zed_interfaces/include/zed_interfaces/msg/detail/skeleton2_d__struct.h
[56.186s] -- Installing: /home/manuel/buggy_ws_beta.a/install/zed_interfaces/include/zed_interfaces/msg/detail/plane_stamped__type_support.h
[56.186s] -- Installing: /home/manuel/buggy_ws_beta.a/install/zed_interfaces/include/zed_interfaces/msg/detail/keypoint2_df__functions.h
[56.186s] -- Installing: /home/manuel/buggy_ws_beta.a/install/zed_interfaces/include/zed_interfaces/msg/detail/keypoint3_d__struct.h
[56.187s] -- Installing: /home/manuel/buggy_ws_beta.a/install/zed_interfaces/include/zed_interfaces/msg/detail/depth_info_stamped__struct.h
[56.187s] -- Installing: /home/manuel/buggy_ws_beta.a/install/zed_interfaces/include/zed_interfaces/msg/detail/objects_stamped__functions.c
[56.187s] -- Installing: /home/manuel/buggy_ws_beta.a/install/zed_interfaces/include/zed_interfaces/msg/detail/bounding_box2_di__type_support.h
[56.187s] -- Installing: /home/manuel/buggy_ws_beta.a/install/zed_interfaces/include/zed_interfaces/msg/detail/keypoint2_df__struct.h
[56.187s] -- Installing: /home/manuel/buggy_ws_beta.a/install/zed_interfaces/include/zed_interfaces/msg/detail/bounding_box2_df__functions.h
[56.187s] -- Installing: /home/manuel/buggy_ws_beta.a/install/zed_interfaces/include/zed_interfaces/msg/detail/keypoint2_di__type_support.h
[56.188s] -- Installing: /home/manuel/buggy_ws_beta.a/install/zed_interfaces/include/zed_interfaces/msg/detail/plane_stamped__functions.c
[56.188s] -- Installing: /home/manuel/buggy_ws_beta.a/install/zed_interfaces/include/zed_interfaces/msg/detail/bounding_box2_di__functions.c
[56.188s] -- Installing: /home/manuel/buggy_ws_beta.a/install/zed_interfaces/include/zed_interfaces/msg/detail/objects_stamped__struct.h
[56.188s] -- Installing: /home/manuel/buggy_ws_beta.a/install/zed_interfaces/include/zed_interfaces/msg/detail/object__type_support.h
[56.188s] -- Installing: /home/manuel/buggy_ws_beta.a/install/zed_interfaces/include/zed_interfaces/msg/detail/plane_stamped__functions.h
[56.189s] -- Installing: /home/manuel/buggy_ws_beta.a/install/zed_interfaces/include/zed_interfaces/msg/detail/bounding_box3_d__functions.c
[56.189s] -- Installing: /home/manuel/buggy_ws_beta.a/install/zed_interfaces/include/zed_interfaces/msg/bounding_box2_df.h
[56.189s] -- Installing: /home/manuel/buggy_ws_beta.a/install/zed_interfaces/include/zed_interfaces/msg/skeleton2_d.h
[56.189s] -- Installing: /home/manuel/buggy_ws_beta.a/install/zed_interfaces/include/zed_interfaces/msg/depth_info_stamped.h
[56.189s] -- Installing: /home/manuel/buggy_ws_beta.a/install/zed_interfaces/include/zed_interfaces/msg/objects_stamped.h
[56.189s] -- Installing: /home/manuel/buggy_ws_beta.a/install/zed_interfaces/include/zed_interfaces/msg/bounding_box3_d.h
[56.190s] -- Installing: /home/manuel/buggy_ws_beta.a/install/zed_interfaces/include/zed_interfaces/msg/keypoint2_df.h
[56.190s] -- Installing: /home/manuel/buggy_ws_beta.a/install/zed_interfaces/include/zed_interfaces/msg/plane_stamped.h
[56.190s] -- Installing: /home/manuel/buggy_ws_beta.a/install/zed_interfaces/include/zed_interfaces/msg/bounding_box2_di.h
[56.190s] -- Installing: /home/manuel/buggy_ws_beta.a/install/zed_interfaces/include/zed_interfaces/msg/rosidl_generator_c__visibility_control.h
[56.190s] -- Installing: /home/manuel/buggy_ws_beta.a/install/zed_interfaces/include/zed_interfaces/msg/object.h
[56.190s] -- Installing: /home/manuel/buggy_ws_beta.a/install/zed_interfaces/include/zed_interfaces/msg/keypoint2_di.h
[56.191s] -- Installing: /home/manuel/buggy_ws_beta.a/install/zed_interfaces/include/zed_interfaces/msg/skeleton3_d.h
[56.191s] -- Installing: /home/manuel/buggy_ws_beta.a/install/zed_interfaces/include/zed_interfaces/msg/keypoint3_d.h
[56.191s] -- Installing: /home/manuel/buggy_ws_beta.a/install/zed_interfaces/share/zed_interfaces/environment/library_path.sh
[56.191s] -- Installing: /home/manuel/buggy_ws_beta.a/install/zed_interfaces/share/zed_interfaces/environment/library_path.dsv
[56.191s] -- Installing: /home/manuel/buggy_ws_beta.a/install/zed_interfaces/lib/libzed_interfaces__rosidl_generator_c.so
[56.191s] -- Set runtime path of "/home/manuel/buggy_ws_beta.a/install/zed_interfaces/lib/libzed_interfaces__rosidl_generator_c.so" to ""
[56.192s] -- Up-to-date: /home/manuel/buggy_ws_beta.a/install/zed_interfaces/include/zed_interfaces
[56.192s] -- Up-to-date: /home/manuel/buggy_ws_beta.a/install/zed_interfaces/include/zed_interfaces/srv
[56.192s] -- Up-to-date: /home/manuel/buggy_ws_beta.a/install/zed_interfaces/include/zed_interfaces/srv/detail
[56.192s] -- Installing: /home/manuel/buggy_ws_beta.a/install/zed_interfaces/include/zed_interfaces/srv/detail/set_pose__rosidl_typesupport_fastrtps_c.h
[56.192s] -- Installing: /home/manuel/buggy_ws_beta.a/install/zed_interfaces/include/zed_interfaces/srv/detail/start_svo_rec__rosidl_typesupport_fastrtps_c.h
[56.192s] -- Up-to-date: /home/manuel/buggy_ws_beta.a/install/zed_interfaces/include/zed_interfaces/msg
[56.193s] -- Up-to-date: /home/manuel/buggy_ws_beta.a/install/zed_interfaces/include/zed_interfaces/msg/detail
[56.193s] -- Installing: /home/manuel/buggy_ws_beta.a/install/zed_interfaces/include/zed_interfaces/msg/detail/bounding_box2_df__rosidl_typesupport_fastrtps_c.h
[56.193s] -- Installing: /home/manuel/buggy_ws_beta.a/install/zed_interfaces/include/zed_interfaces/msg/detail/objects_stamped__rosidl_typesupport_fastrtps_c.h
[56.193s] -- Installing: /home/manuel/buggy_ws_beta.a/install/zed_interfaces/include/zed_interfaces/msg/detail/object__rosidl_typesupport_fastrtps_c.h
[56.193s] -- Installing: /home/manuel/buggy_ws_beta.a/install/zed_interfaces/include/zed_interfaces/msg/detail/keypoint2_di__rosidl_typesupport_fastrtps_c.h
[56.193s] -- Installing: /home/manuel/buggy_ws_beta.a/install/zed_interfaces/include/zed_interfaces/msg/detail/skeleton2_d__rosidl_typesupport_fastrtps_c.h
[56.194s] -- Installing: /home/manuel/buggy_ws_beta.a/install/zed_interfaces/include/zed_interfaces/msg/detail/depth_info_stamped__rosidl_typesupport_fastrtps_c.h
[56.194s] -- Installing: /home/manuel/buggy_ws_beta.a/install/zed_interfaces/include/zed_interfaces/msg/detail/plane_stamped__rosidl_typesupport_fastrtps_c.h
[56.194s] -- Installing: /home/manuel/buggy_ws_beta.a/install/zed_interfaces/include/zed_interfaces/msg/detail/keypoint2_df__rosidl_typesupport_fastrtps_c.h
[56.194s] -- Installing: /home/manuel/buggy_ws_beta.a/install/zed_interfaces/include/zed_interfaces/msg/detail/skeleton3_d__rosidl_typesupport_fastrtps_c.h
[56.194s] -- Installing: /home/manuel/buggy_ws_beta.a/install/zed_interfaces/include/zed_interfaces/msg/detail/keypoint3_d__rosidl_typesupport_fastrtps_c.h
[56.194s] -- Installing: /home/manuel/buggy_ws_beta.a/install/zed_interfaces/include/zed_interfaces/msg/detail/bounding_box2_di__rosidl_typesupport_fastrtps_c.h
[56.195s] -- Installing: /home/manuel/buggy_ws_beta.a/install/zed_interfaces/include/zed_interfaces/msg/detail/bounding_box3_d__rosidl_typesupport_fastrtps_c.h
[56.195s] -- Installing: /home/manuel/buggy_ws_beta.a/install/zed_interfaces/include/zed_interfaces/msg/rosidl_typesupport_fastrtps_c__visibility_control.h
[56.195s] -- Installing: /home/manuel/buggy_ws_beta.a/install/zed_interfaces/lib/libzed_interfaces__rosidl_typesupport_fastrtps_c.so
[56.195s] -- Set runtime path of "/home/manuel/buggy_ws_beta.a/install/zed_interfaces/lib/libzed_interfaces__rosidl_typesupport_fastrtps_c.so" to ""
[56.195s] -- Up-to-date: /home/manuel/buggy_ws_beta.a/install/zed_interfaces/include/zed_interfaces
[56.195s] -- Up-to-date: /home/manuel/buggy_ws_beta.a/install/zed_interfaces/include/zed_interfaces/srv
[56.195s] -- Up-to-date: /home/manuel/buggy_ws_beta.a/install/zed_interfaces/include/zed_interfaces/srv/detail
[56.195s] -- Installing: /home/manuel/buggy_ws_beta.a/install/zed_interfaces/include/zed_interfaces/srv/detail/dds_fastrtps
[56.196s] -- Installing: /home/manuel/buggy_ws_beta.a/install/zed_interfaces/include/zed_interfaces/srv/detail/start_svo_rec__rosidl_typesupport_fastrtps_cpp.hpp
[56.196s] -- Installing: /home/manuel/buggy_ws_beta.a/install/zed_interfaces/include/zed_interfaces/srv/detail/set_pose__rosidl_typesupport_fastrtps_cpp.hpp
[56.196s] -- Up-to-date: /home/manuel/buggy_ws_beta.a/install/zed_interfaces/include/zed_interfaces/msg
[56.196s] -- Up-to-date: /home/manuel/buggy_ws_beta.a/install/zed_interfaces/include/zed_interfaces/msg/detail
[56.196s] -- Installing: /home/manuel/buggy_ws_beta.a/install/zed_interfaces/include/zed_interfaces/msg/detail/keypoint3_d__rosidl_typesupport_fastrtps_cpp.hpp
[56.196s] -- Installing: /home/manuel/buggy_ws_beta.a/install/zed_interfaces/include/zed_interfaces/msg/detail/dds_fastrtps
[56.197s] -- Installing: /home/manuel/buggy_ws_beta.a/install/zed_interfaces/include/zed_interfaces/msg/detail/objects_stamped__rosidl_typesupport_fastrtps_cpp.hpp
[56.197s] -- Installing: /home/manuel/buggy_ws_beta.a/install/zed_interfaces/include/zed_interfaces/msg/detail/skeleton2_d__rosidl_typesupport_fastrtps_cpp.hpp
[56.197s] -- Installing: /home/manuel/buggy_ws_beta.a/install/zed_interfaces/include/zed_interfaces/msg/detail/plane_stamped__rosidl_typesupport_fastrtps_cpp.hpp
[56.197s] -- Installing: /home/manuel/buggy_ws_beta.a/install/zed_interfaces/include/zed_interfaces/msg/detail/skeleton3_d__rosidl_typesupport_fastrtps_cpp.hpp
[56.197s] -- Installing: /home/manuel/buggy_ws_beta.a/install/zed_interfaces/include/zed_interfaces/msg/detail/bounding_box3_d__rosidl_typesupport_fastrtps_cpp.hpp
[56.198s] -- Installing: /home/manuel/buggy_ws_beta.a/install/zed_interfaces/include/zed_interfaces/msg/detail/keypoint2_df__rosidl_typesupport_fastrtps_cpp.hpp
[56.198s] -- Installing: /home/manuel/buggy_ws_beta.a/install/zed_interfaces/include/zed_interfaces/msg/detail/bounding_box2_df__rosidl_typesupport_fastrtps_cpp.hpp
[56.198s] -- Installing: /home/manuel/buggy_ws_beta.a/install/zed_interfaces/include/zed_interfaces/msg/detail/bounding_box2_di__rosidl_typesupport_fastrtps_cpp.hpp
[56.198s] -- Installing: /home/manuel/buggy_ws_beta.a/install/zed_interfaces/include/zed_interfaces/msg/detail/depth_info_stamped__rosidl_typesupport_fastrtps_cpp.hpp
[56.198s] -- Installing: /home/manuel/buggy_ws_beta.a/install/zed_interfaces/include/zed_interfaces/msg/detail/keypoint2_di__rosidl_typesupport_fastrtps_cpp.hpp
[56.199s] -- Installing: /home/manuel/buggy_ws_beta.a/install/zed_interfaces/include/zed_interfaces/msg/detail/object__rosidl_typesupport_fastrtps_cpp.hpp
[56.199s] -- Installing: /home/manuel/buggy_ws_beta.a/install/zed_interfaces/include/zed_interfaces/msg/rosidl_typesupport_fastrtps_cpp__visibility_control.h
[56.199s] -- Installing: /home/manuel/buggy_ws_beta.a/install/zed_interfaces/lib/libzed_interfaces__rosidl_typesupport_fastrtps_cpp.so
[56.199s] -- Set runtime path of "/home/manuel/buggy_ws_beta.a/install/zed_interfaces/lib/libzed_interfaces__rosidl_typesupport_fastrtps_cpp.so" to ""
[56.199s] -- Up-to-date: /home/manuel/buggy_ws_beta.a/install/zed_interfaces/include/zed_interfaces
[56.199s] -- Up-to-date: /home/manuel/buggy_ws_beta.a/install/zed_interfaces/include/zed_interfaces/srv
[56.200s] -- Up-to-date: /home/manuel/buggy_ws_beta.a/install/zed_interfaces/include/zed_interfaces/srv/detail
[56.200s] -- Installing: /home/manuel/buggy_ws_beta.a/install/zed_interfaces/include/zed_interfaces/srv/detail/start_svo_rec__rosidl_typesupport_introspection_c.h
[56.200s] -- Installing: /home/manuel/buggy_ws_beta.a/install/zed_interfaces/include/zed_interfaces/srv/detail/set_pose__type_support.c
[56.200s] -- Installing: /home/manuel/buggy_ws_beta.a/install/zed_interfaces/include/zed_interfaces/srv/detail/start_svo_rec__type_support.c
[56.200s] -- Installing: /home/manuel/buggy_ws_beta.a/install/zed_interfaces/include/zed_interfaces/srv/detail/set_pose__rosidl_typesupport_introspection_c.h
[56.201s] -- Up-to-date: /home/manuel/buggy_ws_beta.a/install/zed_interfaces/include/zed_interfaces/msg
[56.201s] -- Up-to-date: /home/manuel/buggy_ws_beta.a/install/zed_interfaces/include/zed_interfaces/msg/detail
[56.201s] -- Installing: /home/manuel/buggy_ws_beta.a/install/zed_interfaces/include/zed_interfaces/msg/detail/bounding_box3_d__rosidl_typesupport_introspection_c.h
[56.201s] -- Installing: /home/manuel/buggy_ws_beta.a/install/zed_interfaces/include/zed_interfaces/msg/detail/keypoint2_di__type_support.c
[56.201s] -- Installing: /home/manuel/buggy_ws_beta.a/install/zed_interfaces/include/zed_interfaces/msg/detail/skeleton3_d__rosidl_typesupport_introspection_c.h
[56.201s] -- Installing: /home/manuel/buggy_ws_beta.a/install/zed_interfaces/include/zed_interfaces/msg/detail/depth_info_stamped__type_support.c
[56.201s] -- Installing: /home/manuel/buggy_ws_beta.a/install/zed_interfaces/include/zed_interfaces/msg/detail/plane_stamped__rosidl_typesupport_introspection_c.h
[56.202s] -- Installing: /home/manuel/buggy_ws_beta.a/install/zed_interfaces/include/zed_interfaces/msg/detail/bounding_box2_df__rosidl_typesupport_introspection_c.h
[56.202s] -- Installing: /home/manuel/buggy_ws_beta.a/install/zed_interfaces/include/zed_interfaces/msg/detail/plane_stamped__type_support.c
[56.202s] -- Installing: /home/manuel/buggy_ws_beta.a/install/zed_interfaces/include/zed_interfaces/msg/detail/object__rosidl_typesupport_introspection_c.h
[56.202s] -- Installing: /home/manuel/buggy_ws_beta.a/install/zed_interfaces/include/zed_interfaces/msg/detail/keypoint2_df__type_support.c
[56.202s] -- Installing: /home/manuel/buggy_ws_beta.a/install/zed_interfaces/include/zed_interfaces/msg/detail/objects_stamped__rosidl_typesupport_introspection_c.h
[56.202s] -- Installing: /home/manuel/buggy_ws_beta.a/install/zed_interfaces/include/zed_interfaces/msg/detail/objects_stamped__type_support.c
[56.203s] -- Installing: /home/manuel/buggy_ws_beta.a/install/zed_interfaces/include/zed_interfaces/msg/detail/bounding_box2_di__rosidl_typesupport_introspection_c.h
[56.203s] -- Installing: /home/manuel/buggy_ws_beta.a/install/zed_interfaces/include/zed_interfaces/msg/detail/skeleton3_d__type_support.c
[56.203s] -- Installing: /home/manuel/buggy_ws_beta.a/install/zed_interfaces/include/zed_interfaces/msg/detail/keypoint2_df__rosidl_typesupport_introspection_c.h
[56.203s] -- Installing: /home/manuel/buggy_ws_beta.a/install/zed_interfaces/include/zed_interfaces/msg/detail/skeleton2_d__type_support.c
[56.203s] -- Installing: /home/manuel/buggy_ws_beta.a/install/zed_interfaces/include/zed_interfaces/msg/detail/bounding_box3_d__type_support.c
[56.203s] -- Installing: /home/manuel/buggy_ws_beta.a/install/zed_interfaces/include/zed_interfaces/msg/detail/bounding_box2_df__type_support.c
[56.203s] -- Installing: /home/manuel/buggy_ws_beta.a/install/zed_interfaces/include/zed_interfaces/msg/detail/keypoint3_d__type_support.c
[56.203s] -- Installing: /home/manuel/buggy_ws_beta.a/install/zed_interfaces/include/zed_interfaces/msg/detail/object__type_support.c
[56.204s] -- Installing: /home/manuel/buggy_ws_beta.a/install/zed_interfaces/include/zed_interfaces/msg/detail/keypoint2_di__rosidl_typesupport_introspection_c.h
[56.204s] -- Installing: /home/manuel/buggy_ws_beta.a/install/zed_interfaces/include/zed_interfaces/msg/detail/bounding_box2_di__type_support.c
[56.204s] -- Installing: /home/manuel/buggy_ws_beta.a/install/zed_interfaces/include/zed_interfaces/msg/detail/depth_info_stamped__rosidl_typesupport_introspection_c.h
[56.204s] -- Installing: /home/manuel/buggy_ws_beta.a/install/zed_interfaces/include/zed_interfaces/msg/detail/skeleton2_d__rosidl_typesupport_introspection_c.h
[56.204s] -- Installing: /home/manuel/buggy_ws_beta.a/install/zed_interfaces/include/zed_interfaces/msg/detail/keypoint3_d__rosidl_typesupport_introspection_c.h
[56.204s] -- Installing: /home/manuel/buggy_ws_beta.a/install/zed_interfaces/include/zed_interfaces/msg/rosidl_typesupport_introspection_c__visibility_control.h
[56.204s] -- Installing: /home/manuel/buggy_ws_beta.a/install/zed_interfaces/lib/libzed_interfaces__rosidl_typesupport_introspection_c.so
[56.205s] -- Set runtime path of "/home/manuel/buggy_ws_beta.a/install/zed_interfaces/lib/libzed_interfaces__rosidl_typesupport_introspection_c.so" to ""
[56.205s] -- Installing: /home/manuel/buggy_ws_beta.a/install/zed_interfaces/lib/libzed_interfaces__rosidl_typesupport_c.so
[56.205s] -- Set runtime path of "/home/manuel/buggy_ws_beta.a/install/zed_interfaces/lib/libzed_interfaces__rosidl_typesupport_c.so" to ""
[56.205s] -- Up-to-date: /home/manuel/buggy_ws_beta.a/install/zed_interfaces/include/zed_interfaces
[56.205s] -- Up-to-date: /home/manuel/buggy_ws_beta.a/install/zed_interfaces/include/zed_interfaces/srv
[56.205s] -- Up-to-date: /home/manuel/buggy_ws_beta.a/install/zed_interfaces/include/zed_interfaces/srv/detail
[56.205s] -- Installing: /home/manuel/buggy_ws_beta.a/install/zed_interfaces/include/zed_interfaces/srv/detail/start_svo_rec__builder.hpp
[56.205s] -- Installing: /home/manuel/buggy_ws_beta.a/install/zed_interfaces/include/zed_interfaces/srv/detail/start_svo_rec__struct.hpp
[56.206s] -- Installing: /home/manuel/buggy_ws_beta.a/install/zed_interfaces/include/zed_interfaces/srv/detail/set_pose__traits.hpp
[56.206s] -- Installing: /home/manuel/buggy_ws_beta.a/install/zed_interfaces/include/zed_interfaces/srv/detail/set_pose__struct.hpp
[56.206s] -- Installing: /home/manuel/buggy_ws_beta.a/install/zed_interfaces/include/zed_interfaces/srv/detail/start_svo_rec__traits.hpp
[56.206s] -- Installing: /home/manuel/buggy_ws_beta.a/install/zed_interfaces/include/zed_interfaces/srv/detail/set_pose__builder.hpp
[56.206s] -- Installing: /home/manuel/buggy_ws_beta.a/install/zed_interfaces/include/zed_interfaces/srv/start_svo_rec.hpp
[56.206s] -- Installing: /home/manuel/buggy_ws_beta.a/install/zed_interfaces/include/zed_interfaces/srv/set_pose.hpp
[56.206s] -- Up-to-date: /home/manuel/buggy_ws_beta.a/install/zed_interfaces/include/zed_interfaces/msg
[56.207s] -- Up-to-date: /home/manuel/buggy_ws_beta.a/install/zed_interfaces/include/zed_interfaces/msg/detail
[56.207s] -- Installing: /home/manuel/buggy_ws_beta.a/install/zed_interfaces/include/zed_interfaces/msg/detail/bounding_box2_df__struct.hpp
[56.207s] -- Installing: /home/manuel/buggy_ws_beta.a/install/zed_interfaces/include/zed_interfaces/msg/detail/object__traits.hpp
[56.207s] -- Installing: /home/manuel/buggy_ws_beta.a/install/zed_interfaces/include/zed_interfaces/msg/detail/objects_stamped__traits.hpp
[56.207s] -- Installing: /home/manuel/buggy_ws_beta.a/install/zed_interfaces/include/zed_interfaces/msg/detail/bounding_box2_di__traits.hpp
[56.207s] -- Installing: /home/manuel/buggy_ws_beta.a/install/zed_interfaces/include/zed_interfaces/msg/detail/keypoint2_di__traits.hpp
[56.207s] -- Installing: /home/manuel/buggy_ws_beta.a/install/zed_interfaces/include/zed_interfaces/msg/detail/plane_stamped__struct.hpp
[56.207s] -- Installing: /home/manuel/buggy_ws_beta.a/install/zed_interfaces/include/zed_interfaces/msg/detail/objects_stamped__builder.hpp
[56.208s] -- Installing: /home/manuel/buggy_ws_beta.a/install/zed_interfaces/include/zed_interfaces/msg/detail/depth_info_stamped__traits.hpp
[56.208s] -- Installing: /home/manuel/buggy_ws_beta.a/install/zed_interfaces/include/zed_interfaces/msg/detail/keypoint3_d__builder.hpp
[56.208s] -- Installing: /home/manuel/buggy_ws_beta.a/install/zed_interfaces/include/zed_interfaces/msg/detail/object__struct.hpp
[56.208s] -- Installing: /home/manuel/buggy_ws_beta.a/install/zed_interfaces/include/zed_interfaces/msg/detail/keypoint2_di__builder.hpp
[56.208s] -- Installing: /home/manuel/buggy_ws_beta.a/install/zed_interfaces/include/zed_interfaces/msg/detail/plane_stamped__builder.hpp
[56.208s] -- Installing: /home/manuel/buggy_ws_beta.a/install/zed_interfaces/include/zed_interfaces/msg/detail/keypoint3_d__struct.hpp
[56.208s] -- Installing: /home/manuel/buggy_ws_beta.a/install/zed_interfaces/include/zed_interfaces/msg/detail/skeleton3_d__struct.hpp
[56.209s] -- Installing: /home/manuel/buggy_ws_beta.a/install/zed_interfaces/include/zed_interfaces/msg/detail/depth_info_stamped__struct.hpp
[56.209s] -- Installing: /home/manuel/buggy_ws_beta.a/install/zed_interfaces/include/zed_interfaces/msg/detail/bounding_box2_df__builder.hpp
[56.209s] -- Installing: /home/manuel/buggy_ws_beta.a/install/zed_interfaces/include/zed_interfaces/msg/detail/skeleton3_d__builder.hpp
[56.209s] -- Installing: /home/manuel/buggy_ws_beta.a/install/zed_interfaces/include/zed_interfaces/msg/detail/keypoint2_di__struct.hpp
[56.209s] -- Installing: /home/manuel/buggy_ws_beta.a/install/zed_interfaces/include/zed_interfaces/msg/detail/skeleton2_d__builder.hpp
[56.209s] -- Installing: /home/manuel/buggy_ws_beta.a/install/zed_interfaces/include/zed_interfaces/msg/detail/depth_info_stamped__builder.hpp
[56.209s] -- Installing: /home/manuel/buggy_ws_beta.a/install/zed_interfaces/include/zed_interfaces/msg/detail/keypoint2_df__traits.hpp
[56.209s] -- Installing: /home/manuel/buggy_ws_beta.a/install/zed_interfaces/include/zed_interfaces/msg/detail/bounding_box3_d__traits.hpp
[56.210s] -- Installing: /home/manuel/buggy_ws_beta.a/install/zed_interfaces/include/zed_interfaces/msg/detail/bounding_box2_df__traits.hpp
[56.210s] -- Installing: /home/manuel/buggy_ws_beta.a/install/zed_interfaces/include/zed_interfaces/msg/detail/object__builder.hpp
[56.210s] -- Installing: /home/manuel/buggy_ws_beta.a/install/zed_interfaces/include/zed_interfaces/msg/detail/keypoint2_df__builder.hpp
[56.210s] -- Installing: /home/manuel/buggy_ws_beta.a/install/zed_interfaces/include/zed_interfaces/msg/detail/skeleton2_d__traits.hpp
[56.210s] -- Installing: /home/manuel/buggy_ws_beta.a/install/zed_interfaces/include/zed_interfaces/msg/detail/bounding_box2_di__struct.hpp
[56.210s] -- Installing: /home/manuel/buggy_ws_beta.a/install/zed_interfaces/include/zed_interfaces/msg/detail/plane_stamped__traits.hpp
[56.210s] -- Installing: /home/manuel/buggy_ws_beta.a/install/zed_interfaces/include/zed_interfaces/msg/detail/keypoint3_d__traits.hpp
[56.211s] -- Installing: /home/manuel/buggy_ws_beta.a/install/zed_interfaces/include/zed_interfaces/msg/detail/keypoint2_df__struct.hpp
[56.211s] -- Installing: /home/manuel/buggy_ws_beta.a/install/zed_interfaces/include/zed_interfaces/msg/detail/bounding_box3_d__builder.hpp
[56.211s] -- Installing: /home/manuel/buggy_ws_beta.a/install/zed_interfaces/include/zed_interfaces/msg/detail/bounding_box2_di__builder.hpp
[56.211s] -- Installing: /home/manuel/buggy_ws_beta.a/install/zed_interfaces/include/zed_interfaces/msg/detail/skeleton3_d__traits.hpp
[56.211s] -- Installing: /home/manuel/buggy_ws_beta.a/install/zed_interfaces/include/zed_interfaces/msg/detail/bounding_box3_d__struct.hpp
[56.211s] -- Installing: /home/manuel/buggy_ws_beta.a/install/zed_interfaces/include/zed_interfaces/msg/detail/objects_stamped__struct.hpp
[56.211s] -- Installing: /home/manuel/buggy_ws_beta.a/install/zed_interfaces/include/zed_interfaces/msg/detail/skeleton2_d__struct.hpp
[56.211s] -- Installing: /home/manuel/buggy_ws_beta.a/install/zed_interfaces/include/zed_interfaces/msg/keypoint2_di.hpp
[56.212s] -- Installing: /home/manuel/buggy_ws_beta.a/install/zed_interfaces/include/zed_interfaces/msg/objects_stamped.hpp
[56.212s] -- Installing: /home/manuel/buggy_ws_beta.a/install/zed_interfaces/include/zed_interfaces/msg/keypoint3_d.hpp
[56.212s] -- Installing: /home/manuel/buggy_ws_beta.a/install/zed_interfaces/include/zed_interfaces/msg/object.hpp
[56.212s] -- Installing: /home/manuel/buggy_ws_beta.a/install/zed_interfaces/include/zed_interfaces/msg/bounding_box3_d.hpp
[56.212s] -- Installing: /home/manuel/buggy_ws_beta.a/install/zed_interfaces/include/zed_interfaces/msg/depth_info_stamped.hpp
[56.212s] -- Installing: /home/manuel/buggy_ws_beta.a/install/zed_interfaces/include/zed_interfaces/msg/skeleton2_d.hpp
[56.212s] -- Installing: /home/manuel/buggy_ws_beta.a/install/zed_interfaces/include/zed_interfaces/msg/bounding_box2_di.hpp
[56.212s] -- Installing: /home/manuel/buggy_ws_beta.a/install/zed_interfaces/include/zed_interfaces/msg/skeleton3_d.hpp
[56.213s] -- Installing: /home/manuel/buggy_ws_beta.a/install/zed_interfaces/include/zed_interfaces/msg/plane_stamped.hpp
[56.213s] -- Installing: /home/manuel/buggy_ws_beta.a/install/zed_interfaces/include/zed_interfaces/msg/keypoint2_df.hpp
[56.213s] -- Installing: /home/manuel/buggy_ws_beta.a/install/zed_interfaces/include/zed_interfaces/msg/bounding_box2_df.hpp
[56.213s] -- Up-to-date: /home/manuel/buggy_ws_beta.a/install/zed_interfaces/include/zed_interfaces
[56.213s] -- Up-to-date: /home/manuel/buggy_ws_beta.a/install/zed_interfaces/include/zed_interfaces/srv
[56.213s] -- Up-to-date: /home/manuel/buggy_ws_beta.a/install/zed_interfaces/include/zed_interfaces/srv/detail
[56.213s] -- Installing: /home/manuel/buggy_ws_beta.a/install/zed_interfaces/include/zed_interfaces/srv/detail/set_pose__type_support.cpp
[56.214s] -- Installing: /home/manuel/buggy_ws_beta.a/install/zed_interfaces/include/zed_interfaces/srv/detail/start_svo_rec__rosidl_typesupport_introspection_cpp.hpp
[56.214s] -- Installing: /home/manuel/buggy_ws_beta.a/install/zed_interfaces/include/zed_interfaces/srv/detail/set_pose__rosidl_typesupport_introspection_cpp.hpp
[56.214s] -- Installing: /home/manuel/buggy_ws_beta.a/install/zed_interfaces/include/zed_interfaces/srv/detail/start_svo_rec__type_support.cpp
[56.214s] -- Up-to-date: /home/manuel/buggy_ws_beta.a/install/zed_interfaces/include/zed_interfaces/msg
[56.214s] -- Up-to-date: /home/manuel/buggy_ws_beta.a/install/zed_interfaces/include/zed_interfaces/msg/detail
[56.214s] -- Installing: /home/manuel/buggy_ws_beta.a/install/zed_interfaces/include/zed_interfaces/msg/detail/bounding_box3_d__rosidl_typesupport_introspection_cpp.hpp
[56.214s] -- Installing: /home/manuel/buggy_ws_beta.a/install/zed_interfaces/include/zed_interfaces/msg/detail/keypoint2_df__type_support.cpp
[56.214s] -- Installing: /home/manuel/buggy_ws_beta.a/install/zed_interfaces/include/zed_interfaces/msg/detail/keypoint3_d__type_support.cpp
[56.215s] -- Installing: /home/manuel/buggy_ws_beta.a/install/zed_interfaces/include/zed_interfaces/msg/detail/object__type_support.cpp
[56.215s] -- Installing: /home/manuel/buggy_ws_beta.a/install/zed_interfaces/include/zed_interfaces/msg/detail/object__rosidl_typesupport_introspection_cpp.hpp
[56.215s] -- Installing: /home/manuel/buggy_ws_beta.a/install/zed_interfaces/include/zed_interfaces/msg/detail/plane_stamped__rosidl_typesupport_introspection_cpp.hpp
[56.215s] -- Installing: /home/manuel/buggy_ws_beta.a/install/zed_interfaces/include/zed_interfaces/msg/detail/skeleton2_d__type_support.cpp
[56.215s] -- Installing: /home/manuel/buggy_ws_beta.a/install/zed_interfaces/include/zed_interfaces/msg/detail/bounding_box2_df__type_support.cpp
[56.215s] -- Installing: /home/manuel/buggy_ws_beta.a/install/zed_interfaces/include/zed_interfaces/msg/detail/depth_info_stamped__type_support.cpp
[56.215s] -- Installing: /home/manuel/buggy_ws_beta.a/install/zed_interfaces/include/zed_interfaces/msg/detail/bounding_box3_d__type_support.cpp
[56.215s] -- Installing: /home/manuel/buggy_ws_beta.a/install/zed_interfaces/include/zed_interfaces/msg/detail/keypoint3_d__rosidl_typesupport_introspection_cpp.hpp
[56.216s] -- Installing: /home/manuel/buggy_ws_beta.a/install/zed_interfaces/include/zed_interfaces/msg/detail/depth_info_stamped__rosidl_typesupport_introspection_cpp.hpp
[56.216s] -- Installing: /home/manuel/buggy_ws_beta.a/install/zed_interfaces/include/zed_interfaces/msg/detail/bounding_box2_di__type_support.cpp
[56.216s] -- Installing: /home/manuel/buggy_ws_beta.a/install/zed_interfaces/include/zed_interfaces/msg/detail/keypoint2_di__rosidl_typesupport_introspection_cpp.hpp
[56.216s] -- Installing: /home/manuel/buggy_ws_beta.a/install/zed_interfaces/include/zed_interfaces/msg/detail/skeleton3_d__type_support.cpp
[56.216s] -- Installing: /home/manuel/buggy_ws_beta.a/install/zed_interfaces/include/zed_interfaces/msg/detail/skeleton2_d__rosidl_typesupport_introspection_cpp.hpp
[56.216s] -- Installing: /home/manuel/buggy_ws_beta.a/install/zed_interfaces/include/zed_interfaces/msg/detail/plane_stamped__type_support.cpp
[56.216s] -- Installing: /home/manuel/buggy_ws_beta.a/install/zed_interfaces/include/zed_interfaces/msg/detail/objects_stamped__type_support.cpp
[56.216s] -- Installing: /home/manuel/buggy_ws_beta.a/install/zed_interfaces/include/zed_interfaces/msg/detail/keypoint2_di__type_support.cpp
[56.217s] -- Installing: /home/manuel/buggy_ws_beta.a/install/zed_interfaces/include/zed_interfaces/msg/detail/skeleton3_d__rosidl_typesupport_introspection_cpp.hpp
[56.217s] -- Installing: /home/manuel/buggy_ws_beta.a/install/zed_interfaces/include/zed_interfaces/msg/detail/bounding_box2_df__rosidl_typesupport_introspection_cpp.hpp
[56.217s] -- Installing: /home/manuel/buggy_ws_beta.a/install/zed_interfaces/include/zed_interfaces/msg/detail/keypoint2_df__rosidl_typesupport_introspection_cpp.hpp
[56.217s] -- Installing: /home/manuel/buggy_ws_beta.a/install/zed_interfaces/include/zed_interfaces/msg/detail/bounding_box2_di__rosidl_typesupport_introspection_cpp.hpp
[56.217s] -- Installing: /home/manuel/buggy_ws_beta.a/install/zed_interfaces/include/zed_interfaces/msg/detail/objects_stamped__rosidl_typesupport_introspection_cpp.hpp
[56.217s] -- Installing: /home/manuel/buggy_ws_beta.a/install/zed_interfaces/lib/libzed_interfaces__rosidl_typesupport_introspection_cpp.so
[56.217s] -- Set runtime path of "/home/manuel/buggy_ws_beta.a/install/zed_interfaces/lib/libzed_interfaces__rosidl_typesupport_introspection_cpp.so" to ""
[56.218s] -- Installing: /home/manuel/buggy_ws_beta.a/install/zed_interfaces/lib/libzed_interfaces__rosidl_typesupport_cpp.so
[56.218s] -- Set runtime path of "/home/manuel/buggy_ws_beta.a/install/zed_interfaces/lib/libzed_interfaces__rosidl_typesupport_cpp.so" to ""
[56.218s] -- Installing: /home/manuel/buggy_ws_beta.a/install/zed_interfaces/share/zed_interfaces/environment/pythonpath.sh
[56.218s] -- Installing: /home/manuel/buggy_ws_beta.a/install/zed_interfaces/share/zed_interfaces/environment/pythonpath.dsv
[56.218s] -- Installing: /home/manuel/buggy_ws_beta.a/install/zed_interfaces/lib/python3.8/site-packages/zed_interfaces/__init__.py
[56.239s] Compiling '/home/manuel/buggy_ws_beta.a/install/zed_interfaces/lib/python3.8/site-packages/zed_interfaces/__init__.py'...
[56.243s] -- Installing: /home/manuel/buggy_ws_beta.a/install/zed_interfaces/lib/python3.8/site-packages/zed_interfaces/msg
[56.244s] -- Installing: /home/manuel/buggy_ws_beta.a/install/zed_interfaces/lib/python3.8/site-packages/zed_interfaces/msg/_bounding_box2_di.py
[56.244s] -- Installing: /home/manuel/buggy_ws_beta.a/install/zed_interfaces/lib/python3.8/site-packages/zed_interfaces/msg/_bounding_box2_df_s.c
[56.244s] -- Installing: /home/manuel/buggy_ws_beta.a/install/zed_interfaces/lib/python3.8/site-packages/zed_interfaces/msg/_skeleton3_d.py
[56.244s] -- Installing: /home/manuel/buggy_ws_beta.a/install/zed_interfaces/lib/python3.8/site-packages/zed_interfaces/msg/_bounding_box3_d_s.c
[56.245s] -- Installing: /home/manuel/buggy_ws_beta.a/install/zed_interfaces/lib/python3.8/site-packages/zed_interfaces/msg/_object_s.c
[56.245s] -- Installing: /home/manuel/buggy_ws_beta.a/install/zed_interfaces/lib/python3.8/site-packages/zed_interfaces/msg/_skeleton2_d_s.c
[56.245s] -- Installing: /home/manuel/buggy_ws_beta.a/install/zed_interfaces/lib/python3.8/site-packages/zed_interfaces/msg/_keypoint3_d_s.c
[56.245s] -- Installing: /home/manuel/buggy_ws_beta.a/install/zed_interfaces/lib/python3.8/site-packages/zed_interfaces/msg/_objects_stamped.py
[56.245s] -- Installing: /home/manuel/buggy_ws_beta.a/install/zed_interfaces/lib/python3.8/site-packages/zed_interfaces/msg/_object.py
[56.245s] -- Installing: /home/manuel/buggy_ws_beta.a/install/zed_interfaces/lib/python3.8/site-packages/zed_interfaces/msg/_skeleton3_d_s.c
[56.246s] -- Installing: /home/manuel/buggy_ws_beta.a/install/zed_interfaces/lib/python3.8/site-packages/zed_interfaces/msg/_keypoint2_df.py
[56.246s] -- Installing: /home/manuel/buggy_ws_beta.a/install/zed_interfaces/lib/python3.8/site-packages/zed_interfaces/msg/_keypoint3_d.py
[56.246s] -- Installing: /home/manuel/buggy_ws_beta.a/install/zed_interfaces/lib/python3.8/site-packages/zed_interfaces/msg/_plane_stamped.py
[56.246s] -- Installing: /home/manuel/buggy_ws_beta.a/install/zed_interfaces/lib/python3.8/site-packages/zed_interfaces/msg/_keypoint2_di_s.c
[56.246s] -- Installing: /home/manuel/buggy_ws_beta.a/install/zed_interfaces/lib/python3.8/site-packages/zed_interfaces/msg/_bounding_box3_d.py
[56.247s] -- Installing: /home/manuel/buggy_ws_beta.a/install/zed_interfaces/lib/python3.8/site-packages/zed_interfaces/msg/_plane_stamped_s.c
[56.247s] -- Installing: /home/manuel/buggy_ws_beta.a/install/zed_interfaces/lib/python3.8/site-packages/zed_interfaces/msg/_bounding_box2_di_s.c
[56.247s] -- Installing: /home/manuel/buggy_ws_beta.a/install/zed_interfaces/lib/python3.8/site-packages/zed_interfaces/msg/_depth_info_stamped_s.c
[56.247s] -- Installing: /home/manuel/buggy_ws_beta.a/install/zed_interfaces/lib/python3.8/site-packages/zed_interfaces/msg/_objects_stamped_s.c
[56.247s] -- Installing: /home/manuel/buggy_ws_beta.a/install/zed_interfaces/lib/python3.8/site-packages/zed_interfaces/msg/__init__.py
[56.247s] -- Installing: /home/manuel/buggy_ws_beta.a/install/zed_interfaces/lib/python3.8/site-packages/zed_interfaces/msg/_keypoint2_df_s.c
[56.248s] -- Installing: /home/manuel/buggy_ws_beta.a/install/zed_interfaces/lib/python3.8/site-packages/zed_interfaces/msg/_depth_info_stamped.py
[56.248s] -- Installing: /home/manuel/buggy_ws_beta.a/install/zed_interfaces/lib/python3.8/site-packages/zed_interfaces/msg/_keypoint2_di.py
[56.248s] -- Installing: /home/manuel/buggy_ws_beta.a/install/zed_interfaces/lib/python3.8/site-packages/zed_interfaces/msg/_skeleton2_d.py
[56.248s] -- Installing: /home/manuel/buggy_ws_beta.a/install/zed_interfaces/lib/python3.8/site-packages/zed_interfaces/msg/_bounding_box2_df.py
[56.248s] -- Installing: /home/manuel/buggy_ws_beta.a/install/zed_interfaces/lib/python3.8/site-packages/zed_interfaces/srv
[56.248s] -- Installing: /home/manuel/buggy_ws_beta.a/install/zed_interfaces/lib/python3.8/site-packages/zed_interfaces/srv/_start_svo_rec.py
[56.249s] -- Installing: /home/manuel/buggy_ws_beta.a/install/zed_interfaces/lib/python3.8/site-packages/zed_interfaces/srv/_set_pose_s.c
[56.249s] -- Installing: /home/manuel/buggy_ws_beta.a/install/zed_interfaces/lib/python3.8/site-packages/zed_interfaces/srv/_start_svo_rec_s.c
[56.249s] -- Installing: /home/manuel/buggy_ws_beta.a/install/zed_interfaces/lib/python3.8/site-packages/zed_interfaces/srv/__init__.py
[56.249s] -- Installing: /home/manuel/buggy_ws_beta.a/install/zed_interfaces/lib/python3.8/site-packages/zed_interfaces/srv/_set_pose.py
[56.249s] -- Installing: /home/manuel/buggy_ws_beta.a/install/zed_interfaces/lib/python3.8/site-packages/zed_interfaces/zed_interfaces_s__rosidl_typesupport_fastrtps_c.cpython-38-x86_64-linux-gnu.so
[56.249s] -- Set runtime path of "/home/manuel/buggy_ws_beta.a/install/zed_interfaces/lib/python3.8/site-packages/zed_interfaces/zed_interfaces_s__rosidl_typesupport_fastrtps_c.cpython-38-x86_64-linux-gnu.so" to ""
[56.249s] -- Installing: /home/manuel/buggy_ws_beta.a/install/zed_interfaces/lib/python3.8/site-packages/zed_interfaces/zed_interfaces_s__rosidl_typesupport_introspection_c.cpython-38-x86_64-linux-gnu.so
[56.250s] -- Set runtime path of "/home/manuel/buggy_ws_beta.a/install/zed_interfaces/lib/python3.8/site-packages/zed_interfaces/zed_interfaces_s__rosidl_typesupport_introspection_c.cpython-38-x86_64-linux-gnu.so" to ""
[56.250s] -- Installing: /home/manuel/buggy_ws_beta.a/install/zed_interfaces/lib/python3.8/site-packages/zed_interfaces/zed_interfaces_s__rosidl_typesupport_c.cpython-38-x86_64-linux-gnu.so
[56.251s] -- Set runtime path of "/home/manuel/buggy_ws_beta.a/install/zed_interfaces/lib/python3.8/site-packages/zed_interfaces/zed_interfaces_s__rosidl_typesupport_c.cpython-38-x86_64-linux-gnu.so" to ""
[56.251s] -- Installing: /home/manuel/buggy_ws_beta.a/install/zed_interfaces/lib/libzed_interfaces__python.so
[56.252s] -- Set runtime path of "/home/manuel/buggy_ws_beta.a/install/zed_interfaces/lib/libzed_interfaces__python.so" to ""
[56.252s] -- Installing: /home/manuel/buggy_ws_beta.a/install/zed_interfaces/share/zed_interfaces/msg/Object.idl
[56.253s] -- Installing: /home/manuel/buggy_ws_beta.a/install/zed_interfaces/share/zed_interfaces/msg/ObjectsStamped.idl
[56.253s] -- Installing: /home/manuel/buggy_ws_beta.a/install/zed_interfaces/share/zed_interfaces/msg/Keypoint2Di.idl
[56.254s] -- Installing: /home/manuel/buggy_ws_beta.a/install/zed_interfaces/share/zed_interfaces/msg/Keypoint2Df.idl
[56.254s] -- Installing: /home/manuel/buggy_ws_beta.a/install/zed_interfaces/share/zed_interfaces/msg/Keypoint3D.idl
[56.254s] -- Installing: /home/manuel/buggy_ws_beta.a/install/zed_interfaces/share/zed_interfaces/msg/BoundingBox2Di.idl
[56.254s] -- Installing: /home/manuel/buggy_ws_beta.a/install/zed_interfaces/share/zed_interfaces/msg/BoundingBox2Df.idl
[56.254s] -- Installing: /home/manuel/buggy_ws_beta.a/install/zed_interfaces/share/zed_interfaces/msg/BoundingBox3D.idl
[56.255s] -- Installing: /home/manuel/buggy_ws_beta.a/install/zed_interfaces/share/zed_interfaces/msg/Skeleton2D.idl
[56.255s] -- Installing: /home/manuel/buggy_ws_beta.a/install/zed_interfaces/share/zed_interfaces/msg/Skeleton3D.idl
[56.255s] -- Installing: /home/manuel/buggy_ws_beta.a/install/zed_interfaces/share/zed_interfaces/msg/DepthInfoStamped.idl
[56.255s] -- Installing: /home/manuel/buggy_ws_beta.a/install/zed_interfaces/share/zed_interfaces/msg/PlaneStamped.idl
[56.255s] -- Installing: /home/manuel/buggy_ws_beta.a/install/zed_interfaces/share/zed_interfaces/srv/SetPose.idl
[56.256s] -- Installing: /home/manuel/buggy_ws_beta.a/install/zed_interfaces/share/zed_interfaces/srv/StartSvoRec.idl
[56.256s] -- Installing: /home/manuel/buggy_ws_beta.a/install/zed_interfaces/share/zed_interfaces/msg/Object.msg
[56.256s] -- Installing: /home/manuel/buggy_ws_beta.a/install/zed_interfaces/share/zed_interfaces/msg/ObjectsStamped.msg
[56.256s] -- Installing: /home/manuel/buggy_ws_beta.a/install/zed_interfaces/share/zed_interfaces/msg/Keypoint2Di.msg
[56.256s] -- Installing: /home/manuel/buggy_ws_beta.a/install/zed_interfaces/share/zed_interfaces/msg/Keypoint2Df.msg
[56.257s] -- Installing: /home/manuel/buggy_ws_beta.a/install/zed_interfaces/share/zed_interfaces/msg/Keypoint3D.msg
[56.257s] -- Installing: /home/manuel/buggy_ws_beta.a/install/zed_interfaces/share/zed_interfaces/msg/BoundingBox2Di.msg
[56.257s] -- Installing: /home/manuel/buggy_ws_beta.a/install/zed_interfaces/share/zed_interfaces/msg/BoundingBox2Df.msg
[56.257s] -- Installing: /home/manuel/buggy_ws_beta.a/install/zed_interfaces/share/zed_interfaces/msg/BoundingBox3D.msg
[56.257s] -- Installing: /home/manuel/buggy_ws_beta.a/install/zed_interfaces/share/zed_interfaces/msg/Skeleton2D.msg
[56.257s] -- Installing: /home/manuel/buggy_ws_beta.a/install/zed_interfaces/share/zed_interfaces/msg/Skeleton3D.msg
[56.258s] -- Installing: /home/manuel/buggy_ws_beta.a/install/zed_interfaces/share/zed_interfaces/msg/DepthInfoStamped.msg
[56.258s] -- Installing: /home/manuel/buggy_ws_beta.a/install/zed_interfaces/share/zed_interfaces/msg/PlaneStamped.msg
[56.258s] -- Installing: /home/manuel/buggy_ws_beta.a/install/zed_interfaces/share/zed_interfaces/srv/SetPose.srv
[56.258s] -- Installing: /home/manuel/buggy_ws_beta.a/install/zed_interfaces/share/zed_interfaces/srv/SetPose_Request.msg
[56.258s] -- Installing: /home/manuel/buggy_ws_beta.a/install/zed_interfaces/share/zed_interfaces/srv/SetPose_Response.msg
[56.258s] -- Installing: /home/manuel/buggy_ws_beta.a/install/zed_interfaces/share/zed_interfaces/srv/StartSvoRec.srv
[56.259s] -- Installing: /home/manuel/buggy_ws_beta.a/install/zed_interfaces/share/zed_interfaces/srv/StartSvoRec_Request.msg
[56.259s] -- Installing: /home/manuel/buggy_ws_beta.a/install/zed_interfaces/share/zed_interfaces/srv/StartSvoRec_Response.msg
[56.259s] -- Installing: /home/manuel/buggy_ws_beta.a/install/zed_interfaces/share/zed_interfaces/meshes
[56.259s] -- Installing: /home/manuel/buggy_ws_beta.a/install/zed_interfaces/share/zed_interfaces/meshes/zedm.stl
[56.259s] -- Installing: /home/manuel/buggy_ws_beta.a/install/zed_interfaces/share/zed_interfaces/meshes/zed.stl
[56.259s] -- Installing: /home/manuel/buggy_ws_beta.a/install/zed_interfaces/share/zed_interfaces/meshes/zed2.stl
[56.260s] -- Installing: /home/manuel/buggy_ws_beta.a/install/zed_interfaces/share/zed_interfaces/meshes/zed2i.stl
[56.260s] -- Installing: /home/manuel/buggy_ws_beta.a/install/zed_interfaces/share/ament_index/resource_index/package_run_dependencies/zed_interfaces
[56.260s] -- Installing: /home/manuel/buggy_ws_beta.a/install/zed_interfaces/share/ament_index/resource_index/parent_prefix_path/zed_interfaces
[56.260s] -- Installing: /home/manuel/buggy_ws_beta.a/install/zed_interfaces/share/zed_interfaces/environment/ament_prefix_path.sh
[56.260s] -- Installing: /home/manuel/buggy_ws_beta.a/install/zed_interfaces/share/zed_interfaces/environment/ament_prefix_path.dsv
[56.261s] -- Installing: /home/manuel/buggy_ws_beta.a/install/zed_interfaces/share/zed_interfaces/environment/path.sh
[56.261s] -- Installing: /home/manuel/buggy_ws_beta.a/install/zed_interfaces/share/zed_interfaces/environment/path.dsv
[56.261s] -- Installing: /home/manuel/buggy_ws_beta.a/install/zed_interfaces/share/zed_interfaces/local_setup.bash
[56.261s] -- Installing: /home/manuel/buggy_ws_beta.a/install/zed_interfaces/share/zed_interfaces/local_setup.sh
[56.261s] -- Installing: /home/manuel/buggy_ws_beta.a/install/zed_interfaces/share/zed_interfaces/local_setup.zsh
[56.261s] -- Installing: /home/manuel/buggy_ws_beta.a/install/zed_interfaces/share/zed_interfaces/local_setup.dsv
[56.262s] -- Installing: /home/manuel/buggy_ws_beta.a/install/zed_interfaces/share/zed_interfaces/package.dsv
[56.262s] -- Installing: /home/manuel/buggy_ws_beta.a/install/zed_interfaces/share/ament_index/resource_index/packages/zed_interfaces
[56.262s] -- Installing: /home/manuel/buggy_ws_beta.a/install/zed_interfaces/share/zed_interfaces/cmake/zed_interfaces__rosidl_generator_cExport.cmake
[56.262s] -- Installing: /home/manuel/buggy_ws_beta.a/install/zed_interfaces/share/zed_interfaces/cmake/zed_interfaces__rosidl_generator_cExport-noconfig.cmake
[56.262s] -- Installing: /home/manuel/buggy_ws_beta.a/install/zed_interfaces/share/zed_interfaces/cmake/zed_interfaces__rosidl_typesupport_introspection_cExport.cmake
[56.262s] -- Installing: /home/manuel/buggy_ws_beta.a/install/zed_interfaces/share/zed_interfaces/cmake/zed_interfaces__rosidl_typesupport_introspection_cExport-noconfig.cmake
[56.263s] -- Installing: /home/manuel/buggy_ws_beta.a/install/zed_interfaces/share/zed_interfaces/cmake/zed_interfaces__rosidl_typesupport_cExport.cmake
[56.263s] -- Installing: /home/manuel/buggy_ws_beta.a/install/zed_interfaces/share/zed_interfaces/cmake/zed_interfaces__rosidl_typesupport_cExport-noconfig.cmake
[56.263s] -- Installing: /home/manuel/buggy_ws_beta.a/install/zed_interfaces/share/zed_interfaces/cmake/zed_interfaces__rosidl_generator_cppExport.cmake
[56.263s] -- Installing: /home/manuel/buggy_ws_beta.a/install/zed_interfaces/share/zed_interfaces/cmake/zed_interfaces__rosidl_typesupport_introspection_cppExport.cmake
[56.264s] -- Installing: /home/manuel/buggy_ws_beta.a/install/zed_interfaces/share/zed_interfaces/cmake/zed_interfaces__rosidl_typesupport_introspection_cppExport-noconfig.cmake
[56.264s] -- Installing: /home/manuel/buggy_ws_beta.a/install/zed_interfaces/share/zed_interfaces/cmake/zed_interfaces__rosidl_typesupport_cppExport.cmake
[56.264s] -- Installing: /home/manuel/buggy_ws_beta.a/install/zed_interfaces/share/zed_interfaces/cmake/zed_interfaces__rosidl_typesupport_cppExport-noconfig.cmake
[56.264s] -- Installing: /home/manuel/buggy_ws_beta.a/install/zed_interfaces/share/zed_interfaces/cmake/rosidl_cmake-extras.cmake
[56.264s] -- Installing: /home/manuel/buggy_ws_beta.a/install/zed_interfaces/share/zed_interfaces/cmake/ament_cmake_export_dependencies-extras.cmake
[56.265s] -- Installing: /home/manuel/buggy_ws_beta.a/install/zed_interfaces/share/zed_interfaces/cmake/ament_cmake_export_libraries-extras.cmake
[56.265s] -- Installing: /home/manuel/buggy_ws_beta.a/install/zed_interfaces/share/zed_interfaces/cmake/ament_cmake_export_targets-extras.cmake
[56.265s] -- Installing: /home/manuel/buggy_ws_beta.a/install/zed_interfaces/share/zed_interfaces/cmake/ament_cmake_export_include_directories-extras.cmake
[56.265s] -- Installing: /home/manuel/buggy_ws_beta.a/install/zed_interfaces/share/zed_interfaces/cmake/rosidl_cmake_export_typesupport_libraries-extras.cmake
[56.266s] -- Installing: /home/manuel/buggy_ws_beta.a/install/zed_interfaces/share/zed_interfaces/cmake/rosidl_cmake_export_typesupport_targets-extras.cmake
[56.266s] -- Installing: /home/manuel/buggy_ws_beta.a/install/zed_interfaces/share/zed_interfaces/cmake/zed_interfacesConfig.cmake
[56.266s] -- Installing: /home/manuel/buggy_ws_beta.a/install/zed_interfaces/share/zed_interfaces/cmake/zed_interfacesConfig-version.cmake
[56.266s] -- Installing: /home/manuel/buggy_ws_beta.a/install/zed_interfaces/share/zed_interfaces/package.xml
[56.279s] Invoked command in '/home/manuel/buggy_ws_beta.a/build/zed_interfaces' returned '0': CMAKE_PREFIX_PATH=${CMAKE_PREFIX_PATH}:/home/manuel/buggy_space/install/joint_state_publisher_gui:/home/manuel/buggy_space/install/joint_state_publisher:/home/manuel/buggy_space/install/ackermann_odometry:/home/manuel/buggy_space/install/ackermann_controller:/opt/ros/foxy /usr/bin/cmake --install /home/manuel/buggy_ws_beta.a/build/zed_interfaces
