[0.172s] Invoking command in '/home/manuel/buggy_ws_beta.a/build/camera_info_manager': AMENT_PREFIX_PATH=/home/manuel/buggy_ws_beta.a/install/camera_calibration_parsers:${AMENT_PREFIX_PATH} CMAKE_PREFIX_PATH=/home/manuel/buggy_ws_beta.a/install/camera_calibration_parsers:/home/manuel/buggy_space/install/zed_ros2:/home/manuel/buggy_space/install/zed_display_rviz2:/home/manuel/buggy_space/install/zed_wrapper:/home/manuel/buggy_space/install/zed_tutorial_video:/home/manuel/buggy_space/install/zed_tutorial_pos_tracking:/home/manuel/buggy_space/install/zed_tutorial_depth:/home/manuel/buggy_space/install/zed_rgb_convert:/home/manuel/buggy_space/install/zed_components:/home/manuel/buggy_space/install/rviz_plugin_zed_od:/home/manuel/buggy_space/install/zed_interfaces:/home/manuel/buggy_space/install/buggy_mobile_robot:/home/manuel/buggy_space/install/vox_nav_msgs:/home/manuel/buggy_space/install/velodyne:/home/manuel/buggy_space/install/velodyne_pointcloud:/home/manuel/buggy_space/install/velodyne_driver:/home/manuel/buggy_space/install/velodyne_msgs:/home/manuel/buggy_space/install/velodyne_laserscan:/home/manuel/buggy_space/install/teb_local_planner:/home/manuel/buggy_space/install/teb_msgs:/home/manuel/buggy_space/install/sick_scan2:/home/manuel/buggy_space/install/ros_sensors:/home/manuel/buggy_space/install/ros2socketcan_lib:/home/manuel/buggy_space/install/ros2car_buggy:/home/manuel/buggy_space/install/robot_localization:/home/manuel/buggy_space/install/image_common:/home/manuel/buggy_space/install/image_transport:/home/manuel/buggy_space/install/costmap_converter:/home/manuel/buggy_space/install/costmap_converter_msgs:/home/manuel/buggy_space/install/can_msgs:/home/manuel/buggy_space/install/camera_info_manager:/home/manuel/buggy_space/install/camera_calibration_parsers:/home/manuel/buggy_space/install/buggy_msgs:/home/manuel/buggy_space/install/buggy_mobile_navigation:/home/manuel/buggy_space/install/ackermann_msgs:/home/manuel/buggy_space/install/ackermann_interfaces:/home/manuel/buggy_space/install/joint_state_publisher_gui:/home/manuel/buggy_space/install/joint_state_publisher:/home/manuel/buggy_space/install/ackermann_odometry:/home/manuel/buggy_space/install/ackermann_controller:/opt/ros/foxy LD_LIBRARY_PATH=/home/manuel/buggy_ws_beta.a/install/camera_calibration_parsers/lib:${LD_LIBRARY_PATH} /usr/bin/cmake /home/manuel/buggy_ws_beta.a/src/image_common/camera_info_manager -DCMAKE_INSTALL_PREFIX=/home/manuel/buggy_ws_beta.a/install/camera_info_manager
[4.080s] -- The C compiler identification is GNU 9.4.0
[4.080s] -- The CXX compiler identification is GNU 9.4.0
[4.080s] -- Check for working C compiler: /usr/bin/cc
[4.080s] -- Check for working C compiler: /usr/bin/cc -- works
[4.080s] -- Detecting C compiler ABI info
[4.081s] -- Detecting C compiler ABI info - done
[4.081s] -- Detecting C compile features
[4.081s] -- Detecting C compile features - done
[4.081s] -- Check for working CXX compiler: /usr/bin/c++
[4.081s] -- Check for working CXX compiler: /usr/bin/c++ -- works
[4.081s] -- Detecting CXX compiler ABI info
[4.081s] -- Detecting CXX compiler ABI info - done
[4.082s] -- Detecting CXX compile features
[4.082s] -- Detecting CXX compile features - done
[4.082s] -- Found ament_cmake_ros: 0.9.2 (/opt/ros/foxy/share/ament_cmake_ros/cmake)
[4.082s] -- Found PythonInterp: /usr/bin/python3 (found suitable version "3.8.10", minimum required is "3") 
[4.082s] -- Using PYTHON_EXECUTABLE: /usr/bin/python3
[4.082s] -- Found ament_index_cpp: 1.1.0 (/opt/ros/foxy/share/ament_index_cpp/cmake)
[4.082s] -- Found camera_calibration_parsers: 3.0.0 (/home/manuel/buggy_ws_beta.a/install/camera_calibration_parsers/share/camera_calibration_parsers/cmake)
[4.083s] -- Using all available rosidl_typesupport_c: rosidl_typesupport_fastrtps_c;rosidl_typesupport_introspection_c
[4.083s] -- Found rosidl_adapter: 1.3.0 (/opt/ros/foxy/share/rosidl_adapter/cmake)
[4.083s] -- Found OpenSSL: /usr/lib/x86_64-linux-gnu/libcrypto.so (found version "1.1.1f")  
[4.083s] -- Found FastRTPS: /opt/ros/foxy/include  
[4.083s] -- Using all available rosidl_typesupport_cpp: rosidl_typesupport_fastrtps_cpp;rosidl_typesupport_introspection_cpp
[4.083s] -- Found rmw_implementation_cmake: 1.0.3 (/opt/ros/foxy/share/rmw_implementation_cmake/cmake)
[4.083s] -- Using RMW implementation 'rmw_fastrtps_cpp' as default
[4.084s] -- Looking for pthread.h
[4.084s] -- Looking for pthread.h - found
[4.084s] -- Performing Test CMAKE_HAVE_LIBC_PTHREAD
[4.084s] -- Performing Test CMAKE_HAVE_LIBC_PTHREAD - Failed
[4.084s] -- Looking for pthread_create in pthreads
[4.084s] -- Looking for pthread_create in pthreads - not found
[4.084s] -- Looking for pthread_create in pthread
[4.085s] -- Looking for pthread_create in pthread - found
[4.085s] -- Found Threads: TRUE  
[4.528s] -- Setting yaml-cpp_DIR to: '/opt/ros/foxy/share/yaml_cpp_vendor/cmake/../../../opt/yaml_cpp_vendor/lib/cmake/yaml-cpp'
[4.611s] -- Found ament_cmake_cpplint: 0.9.7 (/opt/ros/foxy/share/ament_cmake_cpplint/cmake)
[4.614s] -- Found ament_cmake_lint_cmake: 0.9.7 (/opt/ros/foxy/share/ament_cmake_lint_cmake/cmake)
[4.618s] -- Found ament_cmake_uncrustify: 0.9.7 (/opt/ros/foxy/share/ament_cmake_uncrustify/cmake)
[4.747s] -- Configuring done
[4.778s] -- Generating done
[4.781s] -- Build files have been written to: /home/manuel/buggy_ws_beta.a/build/camera_info_manager
[4.795s] Invoked command in '/home/manuel/buggy_ws_beta.a/build/camera_info_manager' returned '0': AMENT_PREFIX_PATH=/home/manuel/buggy_ws_beta.a/install/camera_calibration_parsers:${AMENT_PREFIX_PATH} CMAKE_PREFIX_PATH=/home/manuel/buggy_ws_beta.a/install/camera_calibration_parsers:/home/manuel/buggy_space/install/zed_ros2:/home/manuel/buggy_space/install/zed_display_rviz2:/home/manuel/buggy_space/install/zed_wrapper:/home/manuel/buggy_space/install/zed_tutorial_video:/home/manuel/buggy_space/install/zed_tutorial_pos_tracking:/home/manuel/buggy_space/install/zed_tutorial_depth:/home/manuel/buggy_space/install/zed_rgb_convert:/home/manuel/buggy_space/install/zed_components:/home/manuel/buggy_space/install/rviz_plugin_zed_od:/home/manuel/buggy_space/install/zed_interfaces:/home/manuel/buggy_space/install/buggy_mobile_robot:/home/manuel/buggy_space/install/vox_nav_msgs:/home/manuel/buggy_space/install/velodyne:/home/manuel/buggy_space/install/velodyne_pointcloud:/home/manuel/buggy_space/install/velodyne_driver:/home/manuel/buggy_space/install/velodyne_msgs:/home/manuel/buggy_space/install/velodyne_laserscan:/home/manuel/buggy_space/install/teb_local_planner:/home/manuel/buggy_space/install/teb_msgs:/home/manuel/buggy_space/install/sick_scan2:/home/manuel/buggy_space/install/ros_sensors:/home/manuel/buggy_space/install/ros2socketcan_lib:/home/manuel/buggy_space/install/ros2car_buggy:/home/manuel/buggy_space/install/robot_localization:/home/manuel/buggy_space/install/image_common:/home/manuel/buggy_space/install/image_transport:/home/manuel/buggy_space/install/costmap_converter:/home/manuel/buggy_space/install/costmap_converter_msgs:/home/manuel/buggy_space/install/can_msgs:/home/manuel/buggy_space/install/camera_info_manager:/home/manuel/buggy_space/install/camera_calibration_parsers:/home/manuel/buggy_space/install/buggy_msgs:/home/manuel/buggy_space/install/buggy_mobile_navigation:/home/manuel/buggy_space/install/ackermann_msgs:/home/manuel/buggy_space/install/ackermann_interfaces:/home/manuel/buggy_space/install/joint_state_publisher_gui:/home/manuel/buggy_space/install/joint_state_publisher:/home/manuel/buggy_space/install/ackermann_odometry:/home/manuel/buggy_space/install/ackermann_controller:/opt/ros/foxy LD_LIBRARY_PATH=/home/manuel/buggy_ws_beta.a/install/camera_calibration_parsers/lib:${LD_LIBRARY_PATH} /usr/bin/cmake /home/manuel/buggy_ws_beta.a/src/image_common/camera_info_manager -DCMAKE_INSTALL_PREFIX=/home/manuel/buggy_ws_beta.a/install/camera_info_manager
[4.803s] Invoking command in '/home/manuel/buggy_ws_beta.a/build/camera_info_manager': AMENT_PREFIX_PATH=/home/manuel/buggy_ws_beta.a/install/camera_calibration_parsers:${AMENT_PREFIX_PATH} CMAKE_PREFIX_PATH=/home/manuel/buggy_ws_beta.a/install/camera_calibration_parsers:/home/manuel/buggy_space/install/zed_ros2:/home/manuel/buggy_space/install/zed_display_rviz2:/home/manuel/buggy_space/install/zed_wrapper:/home/manuel/buggy_space/install/zed_tutorial_video:/home/manuel/buggy_space/install/zed_tutorial_pos_tracking:/home/manuel/buggy_space/install/zed_tutorial_depth:/home/manuel/buggy_space/install/zed_rgb_convert:/home/manuel/buggy_space/install/zed_components:/home/manuel/buggy_space/install/rviz_plugin_zed_od:/home/manuel/buggy_space/install/zed_interfaces:/home/manuel/buggy_space/install/buggy_mobile_robot:/home/manuel/buggy_space/install/vox_nav_msgs:/home/manuel/buggy_space/install/velodyne:/home/manuel/buggy_space/install/velodyne_pointcloud:/home/manuel/buggy_space/install/velodyne_driver:/home/manuel/buggy_space/install/velodyne_msgs:/home/manuel/buggy_space/install/velodyne_laserscan:/home/manuel/buggy_space/install/teb_local_planner:/home/manuel/buggy_space/install/teb_msgs:/home/manuel/buggy_space/install/sick_scan2:/home/manuel/buggy_space/install/ros_sensors:/home/manuel/buggy_space/install/ros2socketcan_lib:/home/manuel/buggy_space/install/ros2car_buggy:/home/manuel/buggy_space/install/robot_localization:/home/manuel/buggy_space/install/image_common:/home/manuel/buggy_space/install/image_transport:/home/manuel/buggy_space/install/costmap_converter:/home/manuel/buggy_space/install/costmap_converter_msgs:/home/manuel/buggy_space/install/can_msgs:/home/manuel/buggy_space/install/camera_info_manager:/home/manuel/buggy_space/install/camera_calibration_parsers:/home/manuel/buggy_space/install/buggy_msgs:/home/manuel/buggy_space/install/buggy_mobile_navigation:/home/manuel/buggy_space/install/ackermann_msgs:/home/manuel/buggy_space/install/ackermann_interfaces:/home/manuel/buggy_space/install/joint_state_publisher_gui:/home/manuel/buggy_space/install/joint_state_publisher:/home/manuel/buggy_space/install/ackermann_odometry:/home/manuel/buggy_space/install/ackermann_controller:/opt/ros/foxy LD_LIBRARY_PATH=/home/manuel/buggy_ws_beta.a/install/camera_calibration_parsers/lib:${LD_LIBRARY_PATH} /usr/bin/cmake --build /home/manuel/buggy_ws_beta.a/build/camera_info_manager -- -j16 -l16
[5.944s] [35m[1mScanning dependencies of target camera_info_manager[0m
[5.944s] [ 50%] [32mBuilding CXX object CMakeFiles/camera_info_manager.dir/src/camera_info_manager.cpp.o[0m
[8.107s] [100%] [32m[1mLinking CXX shared library libcamera_info_manager.so[0m
[8.395s] [100%] Built target camera_info_manager
[8.419s] Invoked command in '/home/manuel/buggy_ws_beta.a/build/camera_info_manager' returned '0': AMENT_PREFIX_PATH=/home/manuel/buggy_ws_beta.a/install/camera_calibration_parsers:${AMENT_PREFIX_PATH} CMAKE_PREFIX_PATH=/home/manuel/buggy_ws_beta.a/install/camera_calibration_parsers:/home/manuel/buggy_space/install/zed_ros2:/home/manuel/buggy_space/install/zed_display_rviz2:/home/manuel/buggy_space/install/zed_wrapper:/home/manuel/buggy_space/install/zed_tutorial_video:/home/manuel/buggy_space/install/zed_tutorial_pos_tracking:/home/manuel/buggy_space/install/zed_tutorial_depth:/home/manuel/buggy_space/install/zed_rgb_convert:/home/manuel/buggy_space/install/zed_components:/home/manuel/buggy_space/install/rviz_plugin_zed_od:/home/manuel/buggy_space/install/zed_interfaces:/home/manuel/buggy_space/install/buggy_mobile_robot:/home/manuel/buggy_space/install/vox_nav_msgs:/home/manuel/buggy_space/install/velodyne:/home/manuel/buggy_space/install/velodyne_pointcloud:/home/manuel/buggy_space/install/velodyne_driver:/home/manuel/buggy_space/install/velodyne_msgs:/home/manuel/buggy_space/install/velodyne_laserscan:/home/manuel/buggy_space/install/teb_local_planner:/home/manuel/buggy_space/install/teb_msgs:/home/manuel/buggy_space/install/sick_scan2:/home/manuel/buggy_space/install/ros_sensors:/home/manuel/buggy_space/install/ros2socketcan_lib:/home/manuel/buggy_space/install/ros2car_buggy:/home/manuel/buggy_space/install/robot_localization:/home/manuel/buggy_space/install/image_common:/home/manuel/buggy_space/install/image_transport:/home/manuel/buggy_space/install/costmap_converter:/home/manuel/buggy_space/install/costmap_converter_msgs:/home/manuel/buggy_space/install/can_msgs:/home/manuel/buggy_space/install/camera_info_manager:/home/manuel/buggy_space/install/camera_calibration_parsers:/home/manuel/buggy_space/install/buggy_msgs:/home/manuel/buggy_space/install/buggy_mobile_navigation:/home/manuel/buggy_space/install/ackermann_msgs:/home/manuel/buggy_space/install/ackermann_interfaces:/home/manuel/buggy_space/install/joint_state_publisher_gui:/home/manuel/buggy_space/install/joint_state_publisher:/home/manuel/buggy_space/install/ackermann_odometry:/home/manuel/buggy_space/install/ackermann_controller:/opt/ros/foxy LD_LIBRARY_PATH=/home/manuel/buggy_ws_beta.a/install/camera_calibration_parsers/lib:${LD_LIBRARY_PATH} /usr/bin/cmake --build /home/manuel/buggy_ws_beta.a/build/camera_info_manager -- -j16 -l16
[8.466s] Invoking command in '/home/manuel/buggy_ws_beta.a/build/camera_info_manager': AMENT_PREFIX_PATH=/home/manuel/buggy_ws_beta.a/install/camera_calibration_parsers:${AMENT_PREFIX_PATH} CMAKE_PREFIX_PATH=/home/manuel/buggy_ws_beta.a/install/camera_calibration_parsers:/home/manuel/buggy_space/install/zed_ros2:/home/manuel/buggy_space/install/zed_display_rviz2:/home/manuel/buggy_space/install/zed_wrapper:/home/manuel/buggy_space/install/zed_tutorial_video:/home/manuel/buggy_space/install/zed_tutorial_pos_tracking:/home/manuel/buggy_space/install/zed_tutorial_depth:/home/manuel/buggy_space/install/zed_rgb_convert:/home/manuel/buggy_space/install/zed_components:/home/manuel/buggy_space/install/rviz_plugin_zed_od:/home/manuel/buggy_space/install/zed_interfaces:/home/manuel/buggy_space/install/buggy_mobile_robot:/home/manuel/buggy_space/install/vox_nav_msgs:/home/manuel/buggy_space/install/velodyne:/home/manuel/buggy_space/install/velodyne_pointcloud:/home/manuel/buggy_space/install/velodyne_driver:/home/manuel/buggy_space/install/velodyne_msgs:/home/manuel/buggy_space/install/velodyne_laserscan:/home/manuel/buggy_space/install/teb_local_planner:/home/manuel/buggy_space/install/teb_msgs:/home/manuel/buggy_space/install/sick_scan2:/home/manuel/buggy_space/install/ros_sensors:/home/manuel/buggy_space/install/ros2socketcan_lib:/home/manuel/buggy_space/install/ros2car_buggy:/home/manuel/buggy_space/install/robot_localization:/home/manuel/buggy_space/install/image_common:/home/manuel/buggy_space/install/image_transport:/home/manuel/buggy_space/install/costmap_converter:/home/manuel/buggy_space/install/costmap_converter_msgs:/home/manuel/buggy_space/install/can_msgs:/home/manuel/buggy_space/install/camera_info_manager:/home/manuel/buggy_space/install/camera_calibration_parsers:/home/manuel/buggy_space/install/buggy_msgs:/home/manuel/buggy_space/install/buggy_mobile_navigation:/home/manuel/buggy_space/install/ackermann_msgs:/home/manuel/buggy_space/install/ackermann_interfaces:/home/manuel/buggy_space/install/joint_state_publisher_gui:/home/manuel/buggy_space/install/joint_state_publisher:/home/manuel/buggy_space/install/ackermann_odometry:/home/manuel/buggy_space/install/ackermann_controller:/opt/ros/foxy LD_LIBRARY_PATH=/home/manuel/buggy_ws_beta.a/install/camera_calibration_parsers/lib:${LD_LIBRARY_PATH} /usr/bin/cmake --install /home/manuel/buggy_ws_beta.a/build/camera_info_manager
[10.848s] -- Install configuration: ""
[10.849s] -- Installing: /home/manuel/buggy_ws_beta.a/install/camera_info_manager/lib/libcamera_info_manager.so
[10.849s] -- Set runtime path of "/home/manuel/buggy_ws_beta.a/install/camera_info_manager/lib/libcamera_info_manager.so" to ""
[10.849s] -- Installing: /home/manuel/buggy_ws_beta.a/install/camera_info_manager/include
[10.849s] -- Installing: /home/manuel/buggy_ws_beta.a/install/camera_info_manager/include/camera_info_manager
[10.850s] -- Installing: /home/manuel/buggy_ws_beta.a/install/camera_info_manager/include/camera_info_manager/visibility_control.h
[10.850s] -- Installing: /home/manuel/buggy_ws_beta.a/install/camera_info_manager/include/camera_info_manager/camera_info_manager.hpp
[10.850s] -- Installing: /home/manuel/buggy_ws_beta.a/install/camera_info_manager/include/camera_info_manager/camera_info_manager.h
[10.851s] -- Installing: /home/manuel/buggy_ws_beta.a/install/camera_info_manager/share/camera_info_manager/environment/library_path.sh
[10.851s] -- Installing: /home/manuel/buggy_ws_beta.a/install/camera_info_manager/share/camera_info_manager/environment/library_path.dsv
[10.851s] -- Installing: /home/manuel/buggy_ws_beta.a/install/camera_info_manager/share/ament_index/resource_index/package_run_dependencies/camera_info_manager
[10.857s] -- Installing: /home/manuel/buggy_ws_beta.a/install/camera_info_manager/share/ament_index/resource_index/parent_prefix_path/camera_info_manager
[10.861s] -- Installing: /home/manuel/buggy_ws_beta.a/install/camera_info_manager/share/camera_info_manager/environment/ament_prefix_path.sh
[10.861s] -- Installing: /home/manuel/buggy_ws_beta.a/install/camera_info_manager/share/camera_info_manager/environment/ament_prefix_path.dsv
[10.862s] -- Installing: /home/manuel/buggy_ws_beta.a/install/camera_info_manager/share/camera_info_manager/environment/path.sh
[10.862s] -- Installing: /home/manuel/buggy_ws_beta.a/install/camera_info_manager/share/camera_info_manager/environment/path.dsv
[10.862s] -- Installing: /home/manuel/buggy_ws_beta.a/install/camera_info_manager/share/camera_info_manager/local_setup.bash
[10.862s] -- Installing: /home/manuel/buggy_ws_beta.a/install/camera_info_manager/share/camera_info_manager/local_setup.sh
[10.863s] -- Installing: /home/manuel/buggy_ws_beta.a/install/camera_info_manager/share/camera_info_manager/local_setup.zsh
[10.863s] -- Installing: /home/manuel/buggy_ws_beta.a/install/camera_info_manager/share/camera_info_manager/local_setup.dsv
[10.863s] -- Installing: /home/manuel/buggy_ws_beta.a/install/camera_info_manager/share/camera_info_manager/package.dsv
[10.864s] -- Installing: /home/manuel/buggy_ws_beta.a/install/camera_info_manager/share/ament_index/resource_index/packages/camera_info_manager
[10.864s] -- Installing: /home/manuel/buggy_ws_beta.a/install/camera_info_manager/share/camera_info_manager/cmake/ament_cmake_export_include_directories-extras.cmake
[10.864s] -- Installing: /home/manuel/buggy_ws_beta.a/install/camera_info_manager/share/camera_info_manager/cmake/ament_cmake_export_dependencies-extras.cmake
[10.864s] -- Installing: /home/manuel/buggy_ws_beta.a/install/camera_info_manager/share/camera_info_manager/cmake/ament_cmake_export_libraries-extras.cmake
[10.865s] -- Installing: /home/manuel/buggy_ws_beta.a/install/camera_info_manager/share/camera_info_manager/cmake/camera_info_managerConfig.cmake
[10.865s] -- Installing: /home/manuel/buggy_ws_beta.a/install/camera_info_manager/share/camera_info_manager/cmake/camera_info_managerConfig-version.cmake
[10.865s] -- Installing: /home/manuel/buggy_ws_beta.a/install/camera_info_manager/share/camera_info_manager/package.xml
[10.902s] Invoked command in '/home/manuel/buggy_ws_beta.a/build/camera_info_manager' returned '0': AMENT_PREFIX_PATH=/home/manuel/buggy_ws_beta.a/install/camera_calibration_parsers:${AMENT_PREFIX_PATH} CMAKE_PREFIX_PATH=/home/manuel/buggy_ws_beta.a/install/camera_calibration_parsers:/home/manuel/buggy_space/install/zed_ros2:/home/manuel/buggy_space/install/zed_display_rviz2:/home/manuel/buggy_space/install/zed_wrapper:/home/manuel/buggy_space/install/zed_tutorial_video:/home/manuel/buggy_space/install/zed_tutorial_pos_tracking:/home/manuel/buggy_space/install/zed_tutorial_depth:/home/manuel/buggy_space/install/zed_rgb_convert:/home/manuel/buggy_space/install/zed_components:/home/manuel/buggy_space/install/rviz_plugin_zed_od:/home/manuel/buggy_space/install/zed_interfaces:/home/manuel/buggy_space/install/buggy_mobile_robot:/home/manuel/buggy_space/install/vox_nav_msgs:/home/manuel/buggy_space/install/velodyne:/home/manuel/buggy_space/install/velodyne_pointcloud:/home/manuel/buggy_space/install/velodyne_driver:/home/manuel/buggy_space/install/velodyne_msgs:/home/manuel/buggy_space/install/velodyne_laserscan:/home/manuel/buggy_space/install/teb_local_planner:/home/manuel/buggy_space/install/teb_msgs:/home/manuel/buggy_space/install/sick_scan2:/home/manuel/buggy_space/install/ros_sensors:/home/manuel/buggy_space/install/ros2socketcan_lib:/home/manuel/buggy_space/install/ros2car_buggy:/home/manuel/buggy_space/install/robot_localization:/home/manuel/buggy_space/install/image_common:/home/manuel/buggy_space/install/image_transport:/home/manuel/buggy_space/install/costmap_converter:/home/manuel/buggy_space/install/costmap_converter_msgs:/home/manuel/buggy_space/install/can_msgs:/home/manuel/buggy_space/install/camera_info_manager:/home/manuel/buggy_space/install/camera_calibration_parsers:/home/manuel/buggy_space/install/buggy_msgs:/home/manuel/buggy_space/install/buggy_mobile_navigation:/home/manuel/buggy_space/install/ackermann_msgs:/home/manuel/buggy_space/install/ackermann_interfaces:/home/manuel/buggy_space/install/joint_state_publisher_gui:/home/manuel/buggy_space/install/joint_state_publisher:/home/manuel/buggy_space/install/ackermann_odometry:/home/manuel/buggy_space/install/ackermann_controller:/opt/ros/foxy LD_LIBRARY_PATH=/home/manuel/buggy_ws_beta.a/install/camera_calibration_parsers/lib:${LD_LIBRARY_PATH} /usr/bin/cmake --install /home/manuel/buggy_ws_beta.a/build/camera_info_manager
