-- The C compiler identification is GNU 9.4.0
-- The CXX compiler identification is GNU 9.4.0
-- Check for working C compiler: /usr/bin/cc
-- Check for working C compiler: /usr/bin/cc -- works
-- Detecting C compiler ABI info
-- Detecting C compiler ABI info - done
-- Detecting C compile features
-- Detecting C compile features - done
-- Check for working CXX compiler: /usr/bin/c++
-- Check for working CXX compiler: /usr/bin/c++ -- works
-- Detecting CXX compiler ABI info
-- Detecting CXX compiler ABI info - done
-- Detecting CXX compile features
-- Detecting CXX compile features - done
-- Found ament_cmake: 0.9.11 (/opt/ros/foxy/share/ament_cmake/cmake)
-- Found PythonInterp: /usr/bin/python3 (found suitable version "3.8.10", minimum required is "3") 
-- Using PYTHON_EXECUTABLE: /usr/bin/python3
-- Configuring done
-- Generating done
-- Build files have been written to: /home/manuel/buggy_ws_beta.a/build/zed_display_rviz2
-- Install configuration: ""
-- Installing: /home/manuel/buggy_ws_beta.a/install/zed_display_rviz2/share/zed_display_rviz2/launch
-- Installing: /home/manuel/buggy_ws_beta.a/install/zed_display_rviz2/share/zed_display_rviz2/launch/display_zed2i.launch.py
-- Installing: /home/manuel/buggy_ws_beta.a/install/zed_display_rviz2/share/zed_display_rviz2/launch/display_zed2.launch.py
-- Installing: /home/manuel/buggy_ws_beta.a/install/zed_display_rviz2/share/zed_display_rviz2/launch/display_zed.launch.py
-- Installing: /home/manuel/buggy_ws_beta.a/install/zed_display_rviz2/share/zed_display_rviz2/launch/display_zedm.launch.py
-- Installing: /home/manuel/buggy_ws_beta.a/install/zed_display_rviz2/share/zed_display_rviz2/rviz2
-- Installing: /home/manuel/buggy_ws_beta.a/install/zed_display_rviz2/share/zed_display_rviz2/rviz2/zed.rviz
-- Installing: /home/manuel/buggy_ws_beta.a/install/zed_display_rviz2/share/zed_display_rviz2/rviz2/zedm.rviz
-- Installing: /home/manuel/buggy_ws_beta.a/install/zed_display_rviz2/share/zed_display_rviz2/rviz2/zed2.rviz
-- Installing: /home/manuel/buggy_ws_beta.a/install/zed_display_rviz2/share/zed_display_rviz2/rviz2/zed2i.rviz
-- Installing: /home/manuel/buggy_ws_beta.a/install/zed_display_rviz2/share/ament_index/resource_index/package_run_dependencies/zed_display_rviz2
-- Installing: /home/manuel/buggy_ws_beta.a/install/zed_display_rviz2/share/ament_index/resource_index/parent_prefix_path/zed_display_rviz2
-- Installing: /home/manuel/buggy_ws_beta.a/install/zed_display_rviz2/share/zed_display_rviz2/environment/ament_prefix_path.sh
-- Installing: /home/manuel/buggy_ws_beta.a/install/zed_display_rviz2/share/zed_display_rviz2/environment/ament_prefix_path.dsv
-- Installing: /home/manuel/buggy_ws_beta.a/install/zed_display_rviz2/share/zed_display_rviz2/environment/path.sh
-- Installing: /home/manuel/buggy_ws_beta.a/install/zed_display_rviz2/share/zed_display_rviz2/environment/path.dsv
-- Installing: /home/manuel/buggy_ws_beta.a/install/zed_display_rviz2/share/zed_display_rviz2/local_setup.bash
-- Installing: /home/manuel/buggy_ws_beta.a/install/zed_display_rviz2/share/zed_display_rviz2/local_setup.sh
-- Installing: /home/manuel/buggy_ws_beta.a/install/zed_display_rviz2/share/zed_display_rviz2/local_setup.zsh
-- Installing: /home/manuel/buggy_ws_beta.a/install/zed_display_rviz2/share/zed_display_rviz2/local_setup.dsv
-- Installing: /home/manuel/buggy_ws_beta.a/install/zed_display_rviz2/share/zed_display_rviz2/package.dsv
-- Installing: /home/manuel/buggy_ws_beta.a/install/zed_display_rviz2/share/ament_index/resource_index/packages/zed_display_rviz2
-- Installing: /home/manuel/buggy_ws_beta.a/install/zed_display_rviz2/share/zed_display_rviz2/cmake/zed_display_rviz2Config.cmake
-- Installing: /home/manuel/buggy_ws_beta.a/install/zed_display_rviz2/share/zed_display_rviz2/cmake/zed_display_rviz2Config-version.cmake
-- Installing: /home/manuel/buggy_ws_beta.a/install/zed_display_rviz2/share/zed_display_rviz2/package.xml
