[0.169s] Invoking command in '/home/manuel/buggy_ws_beta.a/build/image_transport': CMAKE_PREFIX_PATH=${CMAKE_PREFIX_PATH}:/home/manuel/buggy_ws_beta.a/install/joint_state_publisher_gui:/home/manuel/buggy_ws_beta.a/install/joint_state_publisher:/home/manuel/buggy_ws_beta.a/install/ackermann_odometry:/home/manuel/buggy_ws_beta.a/install/ackermann_controller:/home/manuel/buggy_space/install/joint_state_publisher_gui:/home/manuel/buggy_space/install/joint_state_publisher:/home/manuel/buggy_space/install/ackermann_odometry:/home/manuel/buggy_space/install/ackermann_controller:/opt/ros/foxy /usr/bin/cmake --build /home/manuel/buggy_ws_beta.a/build/image_transport -- -j16 -l16
[0.612s] [  6%] Built target gtest_main
[0.612s] [ 13%] Built target gtest
[0.613s] [ 40%] Built target image_transport
[0.614s] [ 46%] Built target image_transport-subscriber
[0.615s] [ 53%] Built target image_transport_plugins
[0.616s] [ 60%] Built target image_transport-remapping
[0.617s] [ 66%] Built target list_transports
[0.618s] [ 73%] Built target republish
[0.619s] [ 80%] Built target image_transport-message_passing
[0.619s] [ 86%] Built target image_transport-camera_common
[0.621s] [ 93%] Built target image_transport-publisher
[0.621s] [100%] Built target image_transport-single_subscriber_publisher
[0.648s] Invoked command in '/home/manuel/buggy_ws_beta.a/build/image_transport' returned '0': CMAKE_PREFIX_PATH=${CMAKE_PREFIX_PATH}:/home/manuel/buggy_ws_beta.a/install/joint_state_publisher_gui:/home/manuel/buggy_ws_beta.a/install/joint_state_publisher:/home/manuel/buggy_ws_beta.a/install/ackermann_odometry:/home/manuel/buggy_ws_beta.a/install/ackermann_controller:/home/manuel/buggy_space/install/joint_state_publisher_gui:/home/manuel/buggy_space/install/joint_state_publisher:/home/manuel/buggy_space/install/ackermann_odometry:/home/manuel/buggy_space/install/ackermann_controller:/opt/ros/foxy /usr/bin/cmake --build /home/manuel/buggy_ws_beta.a/build/image_transport -- -j16 -l16
[0.841s] Invoking command in '/home/manuel/buggy_ws_beta.a/build/image_transport': CMAKE_PREFIX_PATH=${CMAKE_PREFIX_PATH}:/home/manuel/buggy_ws_beta.a/install/joint_state_publisher_gui:/home/manuel/buggy_ws_beta.a/install/joint_state_publisher:/home/manuel/buggy_ws_beta.a/install/ackermann_odometry:/home/manuel/buggy_ws_beta.a/install/ackermann_controller:/home/manuel/buggy_space/install/joint_state_publisher_gui:/home/manuel/buggy_space/install/joint_state_publisher:/home/manuel/buggy_space/install/ackermann_odometry:/home/manuel/buggy_space/install/ackermann_controller:/opt/ros/foxy /usr/bin/cmake --install /home/manuel/buggy_ws_beta.a/build/image_transport
[0.855s] -- Install configuration: ""
[0.855s] -- Up-to-date: /home/manuel/buggy_ws_beta.a/install/image_transport/share/image_transport/default_plugins.xml
[0.855s] -- Up-to-date: /home/manuel/buggy_ws_beta.a/install/image_transport/lib/libimage_transport.so
[0.856s] -- Up-to-date: /home/manuel/buggy_ws_beta.a/install/image_transport/lib/libimage_transport_plugins.so
[0.856s] -- Up-to-date: /home/manuel/buggy_ws_beta.a/install/image_transport/lib/image_transport/list_transports
[0.856s] -- Up-to-date: /home/manuel/buggy_ws_beta.a/install/image_transport/lib/image_transport/republish
[0.856s] -- Up-to-date: /home/manuel/buggy_ws_beta.a/install/image_transport/include
[0.856s] -- Up-to-date: /home/manuel/buggy_ws_beta.a/install/image_transport/include/image_transport
[0.856s] -- Up-to-date: /home/manuel/buggy_ws_beta.a/install/image_transport/include/image_transport/publisher.hpp
[0.857s] -- Up-to-date: /home/manuel/buggy_ws_beta.a/install/image_transport/include/image_transport/publisher.h
[0.857s] -- Up-to-date: /home/manuel/buggy_ws_beta.a/install/image_transport/include/image_transport/subscriber_plugin.hpp
[0.857s] -- Up-to-date: /home/manuel/buggy_ws_beta.a/install/image_transport/include/image_transport/simple_publisher_plugin.h
[0.857s] -- Up-to-date: /home/manuel/buggy_ws_beta.a/install/image_transport/include/image_transport/image_transport.h
[0.857s] -- Up-to-date: /home/manuel/buggy_ws_beta.a/install/image_transport/include/image_transport/camera_common.hpp
[0.857s] -- Up-to-date: /home/manuel/buggy_ws_beta.a/install/image_transport/include/image_transport/raw_publisher.hpp
[0.857s] -- Up-to-date: /home/manuel/buggy_ws_beta.a/install/image_transport/include/image_transport/single_subscriber_publisher.h
[0.857s] -- Up-to-date: /home/manuel/buggy_ws_beta.a/install/image_transport/include/image_transport/subscriber_filter.h
[0.861s] -- Up-to-date: /home/manuel/buggy_ws_beta.a/install/image_transport/include/image_transport/subscriber.hpp
[0.861s] -- Up-to-date: /home/manuel/buggy_ws_beta.a/install/image_transport/include/image_transport/camera_publisher.hpp
[0.862s] -- Up-to-date: /home/manuel/buggy_ws_beta.a/install/image_transport/include/image_transport/publisher_plugin.h
[0.862s] -- Up-to-date: /home/manuel/buggy_ws_beta.a/install/image_transport/include/image_transport/raw_subscriber.hpp
[0.862s] -- Up-to-date: /home/manuel/buggy_ws_beta.a/install/image_transport/include/image_transport/subscriber.h
[0.862s] -- Up-to-date: /home/manuel/buggy_ws_beta.a/install/image_transport/include/image_transport/simple_subscriber_plugin.hpp
[0.862s] -- Up-to-date: /home/manuel/buggy_ws_beta.a/install/image_transport/include/image_transport/subscriber_filter.hpp
[0.862s] -- Up-to-date: /home/manuel/buggy_ws_beta.a/install/image_transport/include/image_transport/transport_hints.hpp
[0.862s] -- Up-to-date: /home/manuel/buggy_ws_beta.a/install/image_transport/include/image_transport/exception.hpp
[0.862s] -- Up-to-date: /home/manuel/buggy_ws_beta.a/install/image_transport/include/image_transport/camera_publisher.h
[0.862s] -- Up-to-date: /home/manuel/buggy_ws_beta.a/install/image_transport/include/image_transport/camera_subscriber.h
[0.863s] -- Up-to-date: /home/manuel/buggy_ws_beta.a/install/image_transport/include/image_transport/simple_subscriber_plugin.h
[0.863s] -- Up-to-date: /home/manuel/buggy_ws_beta.a/install/image_transport/include/image_transport/loader_fwds.hpp
[0.863s] -- Up-to-date: /home/manuel/buggy_ws_beta.a/install/image_transport/include/image_transport/subscriber_plugin.h
[0.864s] -- Up-to-date: /home/manuel/buggy_ws_beta.a/install/image_transport/include/image_transport/loader_fwds.h
[0.864s] -- Up-to-date: /home/manuel/buggy_ws_beta.a/install/image_transport/include/image_transport/visibility_control.hpp
[0.864s] -- Up-to-date: /home/manuel/buggy_ws_beta.a/install/image_transport/include/image_transport/transport_hints.h
[0.864s] -- Up-to-date: /home/manuel/buggy_ws_beta.a/install/image_transport/include/image_transport/publisher_plugin.hpp
[0.864s] -- Up-to-date: /home/manuel/buggy_ws_beta.a/install/image_transport/include/image_transport/image_transport.hpp
[0.865s] -- Up-to-date: /home/manuel/buggy_ws_beta.a/install/image_transport/include/image_transport/raw_publisher.h
[0.865s] -- Up-to-date: /home/manuel/buggy_ws_beta.a/install/image_transport/include/image_transport/simple_publisher_plugin.hpp
[0.865s] -- Up-to-date: /home/manuel/buggy_ws_beta.a/install/image_transport/include/image_transport/exception.h
[0.865s] -- Up-to-date: /home/manuel/buggy_ws_beta.a/install/image_transport/include/image_transport/camera_common.h
[0.866s] -- Up-to-date: /home/manuel/buggy_ws_beta.a/install/image_transport/include/image_transport/raw_subscriber.h
[0.869s] -- Up-to-date: /home/manuel/buggy_ws_beta.a/install/image_transport/include/image_transport/single_subscriber_publisher.hpp
[0.869s] -- Up-to-date: /home/manuel/buggy_ws_beta.a/install/image_transport/include/image_transport/camera_subscriber.hpp
[0.870s] -- Up-to-date: /home/manuel/buggy_ws_beta.a/install/image_transport/share/image_transport/environment/library_path.sh
[0.872s] -- Up-to-date: /home/manuel/buggy_ws_beta.a/install/image_transport/share/image_transport/environment/library_path.dsv
[0.872s] -- Up-to-date: /home/manuel/buggy_ws_beta.a/install/image_transport/share/ament_index/resource_index/package_run_dependencies/image_transport
[0.872s] -- Up-to-date: /home/manuel/buggy_ws_beta.a/install/image_transport/share/ament_index/resource_index/parent_prefix_path/image_transport
[0.873s] -- Up-to-date: /home/manuel/buggy_ws_beta.a/install/image_transport/share/image_transport/environment/ament_prefix_path.sh
[0.875s] -- Up-to-date: /home/manuel/buggy_ws_beta.a/install/image_transport/share/image_transport/environment/ament_prefix_path.dsv
[0.875s] -- Up-to-date: /home/manuel/buggy_ws_beta.a/install/image_transport/share/image_transport/environment/path.sh
[0.876s] -- Up-to-date: /home/manuel/buggy_ws_beta.a/install/image_transport/share/image_transport/environment/path.dsv
[0.876s] -- Up-to-date: /home/manuel/buggy_ws_beta.a/install/image_transport/share/image_transport/local_setup.bash
[0.877s] -- Up-to-date: /home/manuel/buggy_ws_beta.a/install/image_transport/share/image_transport/local_setup.sh
[0.878s] -- Up-to-date: /home/manuel/buggy_ws_beta.a/install/image_transport/share/image_transport/local_setup.zsh
[0.880s] -- Up-to-date: /home/manuel/buggy_ws_beta.a/install/image_transport/share/image_transport/local_setup.dsv
[0.881s] -- Installing: /home/manuel/buggy_ws_beta.a/install/image_transport/share/image_transport/package.dsv
[0.889s] -- Up-to-date: /home/manuel/buggy_ws_beta.a/install/image_transport/share/ament_index/resource_index/packages/image_transport
[0.890s] -- Up-to-date: /home/manuel/buggy_ws_beta.a/install/image_transport/share/ament_index/resource_index/image_transport__pluginlib__plugin/image_transport
[0.890s] -- Up-to-date: /home/manuel/buggy_ws_beta.a/install/image_transport/share/image_transport/cmake/ament_cmake_export_include_directories-extras.cmake
[0.891s] -- Up-to-date: /home/manuel/buggy_ws_beta.a/install/image_transport/share/image_transport/cmake/ament_cmake_export_libraries-extras.cmake
[0.891s] -- Up-to-date: /home/manuel/buggy_ws_beta.a/install/image_transport/share/image_transport/cmake/ament_cmake_export_dependencies-extras.cmake
[0.891s] -- Up-to-date: /home/manuel/buggy_ws_beta.a/install/image_transport/share/image_transport/cmake/image_transportConfig.cmake
[0.891s] -- Up-to-date: /home/manuel/buggy_ws_beta.a/install/image_transport/share/image_transport/cmake/image_transportConfig-version.cmake
[0.891s] -- Up-to-date: /home/manuel/buggy_ws_beta.a/install/image_transport/share/image_transport/package.xml
[0.985s] Invoked command in '/home/manuel/buggy_ws_beta.a/build/image_transport' returned '0': CMAKE_PREFIX_PATH=${CMAKE_PREFIX_PATH}:/home/manuel/buggy_ws_beta.a/install/joint_state_publisher_gui:/home/manuel/buggy_ws_beta.a/install/joint_state_publisher:/home/manuel/buggy_ws_beta.a/install/ackermann_odometry:/home/manuel/buggy_ws_beta.a/install/ackermann_controller:/home/manuel/buggy_space/install/joint_state_publisher_gui:/home/manuel/buggy_space/install/joint_state_publisher:/home/manuel/buggy_space/install/ackermann_odometry:/home/manuel/buggy_space/install/ackermann_controller:/opt/ros/foxy /usr/bin/cmake --install /home/manuel/buggy_ws_beta.a/build/image_transport
