[0.107s] Invoking command in '/home/manuel/buggy_ws_beta.a/build/ros_sensors': AMENT_PREFIX_PATH=/home/manuel/buggy_ws_beta.a/install/camera_info_manager:/home/manuel/buggy_ws_beta.a/install/image_transport:/home/manuel/buggy_ws_beta.a/install/camera_calibration_parsers:${AMENT_PREFIX_PATH} CMAKE_PREFIX_PATH=/home/manuel/buggy_ws_beta.a/install/camera_info_manager:/home/manuel/buggy_ws_beta.a/install/image_transport:/home/manuel/buggy_ws_beta.a/install/camera_calibration_parsers:/home/manuel/buggy_space/install/zed_ros2:/home/manuel/buggy_space/install/zed_display_rviz2:/home/manuel/buggy_space/install/zed_wrapper:/home/manuel/buggy_space/install/zed_tutorial_video:/home/manuel/buggy_space/install/zed_tutorial_pos_tracking:/home/manuel/buggy_space/install/zed_tutorial_depth:/home/manuel/buggy_space/install/zed_rgb_convert:/home/manuel/buggy_space/install/zed_components:/home/manuel/buggy_space/install/rviz_plugin_zed_od:/home/manuel/buggy_space/install/zed_interfaces:/home/manuel/buggy_space/install/buggy_mobile_robot:/home/manuel/buggy_space/install/vox_nav_msgs:/home/manuel/buggy_space/install/velodyne:/home/manuel/buggy_space/install/velodyne_pointcloud:/home/manuel/buggy_space/install/velodyne_driver:/home/manuel/buggy_space/install/velodyne_msgs:/home/manuel/buggy_space/install/velodyne_laserscan:/home/manuel/buggy_space/install/teb_local_planner:/home/manuel/buggy_space/install/teb_msgs:/home/manuel/buggy_space/install/sick_scan2:/home/manuel/buggy_space/install/ros_sensors:/home/manuel/buggy_space/install/ros2socketcan_lib:/home/manuel/buggy_space/install/ros2car_buggy:/home/manuel/buggy_space/install/robot_localization:/home/manuel/buggy_space/install/image_common:/home/manuel/buggy_space/install/image_transport:/home/manuel/buggy_space/install/costmap_converter:/home/manuel/buggy_space/install/costmap_converter_msgs:/home/manuel/buggy_space/install/can_msgs:/home/manuel/buggy_space/install/camera_info_manager:/home/manuel/buggy_space/install/camera_calibration_parsers:/home/manuel/buggy_space/install/buggy_msgs:/home/manuel/buggy_space/install/buggy_mobile_navigation:/home/manuel/buggy_space/install/ackermann_msgs:/home/manuel/buggy_space/install/ackermann_interfaces:/home/manuel/buggy_space/install/joint_state_publisher_gui:/home/manuel/buggy_space/install/joint_state_publisher:/home/manuel/buggy_space/install/ackermann_odometry:/home/manuel/buggy_space/install/ackermann_controller:/opt/ros/foxy LD_LIBRARY_PATH=/home/manuel/buggy_ws_beta.a/install/camera_info_manager/lib:/home/manuel/buggy_ws_beta.a/install/image_transport/lib:/home/manuel/buggy_ws_beta.a/install/camera_calibration_parsers/lib:${LD_LIBRARY_PATH} /usr/bin/cmake /home/manuel/buggy_ws_beta.a/src/ros_sensors -DCMAKE_INSTALL_PREFIX=/home/manuel/buggy_ws_beta.a/install/ros_sensors
[0.315s] -- The C compiler identification is GNU 9.4.0
[0.473s] -- The CXX compiler identification is GNU 9.4.0
[0.484s] -- Check for working C compiler: /usr/bin/cc
[0.774s] -- Check for working C compiler: /usr/bin/cc -- works
[0.776s] -- Detecting C compiler ABI info
[1.046s] -- Detecting C compiler ABI info - done
[1.087s] -- Detecting C compile features
[1.088s] -- Detecting C compile features - done
[1.109s] -- Check for working CXX compiler: /usr/bin/c++
[1.274s] -- Check for working CXX compiler: /usr/bin/c++ -- works
[1.280s] -- Detecting CXX compiler ABI info
[1.443s] -- Detecting CXX compiler ABI info - done
[1.476s] -- Detecting CXX compile features
[1.477s] -- Detecting CXX compile features - done
[1.482s] -- Found ament_cmake: 0.9.11 (/opt/ros/foxy/share/ament_cmake/cmake)
[1.537s] -- Found PythonInterp: /usr/bin/python3 (found suitable version "3.8.10", minimum required is "3") 
[1.537s] -- Using PYTHON_EXECUTABLE: /usr/bin/python3
[2.088s] -- Found camera_info_manager: 3.0.0 (/home/manuel/buggy_ws_beta.a/install/camera_info_manager/share/camera_info_manager/cmake)
[2.220s] -- Using all available rosidl_typesupport_c: rosidl_typesupport_fastrtps_c;rosidl_typesupport_introspection_c
[2.236s] -- Found rosidl_adapter: 1.3.0 (/opt/ros/foxy/share/rosidl_adapter/cmake)
[2.428s] -- Found OpenSSL: /usr/lib/x86_64-linux-gnu/libcrypto.so (found version "1.1.1f")  
[2.518s] -- Found FastRTPS: /opt/ros/foxy/include  
[2.686s] -- Using all available rosidl_typesupport_cpp: rosidl_typesupport_fastrtps_cpp;rosidl_typesupport_introspection_cpp
[2.828s] -- Found rmw_implementation_cmake: 1.0.3 (/opt/ros/foxy/share/rmw_implementation_cmake/cmake)
[2.836s] -- Using RMW implementation 'rmw_fastrtps_cpp' as default
[2.838s] -- Looking for pthread.h
[2.969s] -- Looking for pthread.h - found
[2.969s] -- Performing Test CMAKE_HAVE_LIBC_PTHREAD
[3.105s] -- Performing Test CMAKE_HAVE_LIBC_PTHREAD - Failed
[3.105s] -- Looking for pthread_create in pthreads
[3.212s] -- Looking for pthread_create in pthreads - not found
[3.213s] -- Looking for pthread_create in pthread
[3.341s] -- Looking for pthread_create in pthread - found
[3.343s] -- Found Threads: TRUE  
[3.971s] -- Setting yaml-cpp_DIR to: '/opt/ros/foxy/share/yaml_cpp_vendor/cmake/../../../opt/yaml_cpp_vendor/lib/cmake/yaml-cpp'
[4.151s] -- Found PkgConfig: /usr/bin/pkg-config (found version "0.29.1") 
[4.155s] -- Checking for module 'bullet>=2.82'
[4.191s] --   Found bullet, version 2.88
[4.448s] -- Found ccd: /usr/include (found suitable version "2.0", minimum required is "2.0") 
[4.574s] -- Found fcl: /usr/include (found suitable version "0.5.0", minimum required is "0.3.2") 
[4.703s] -- Found assimp: /usr/include (found version "5.0.0") 
[4.756s] -- Found DART: /usr/include (Required is at least version "6.6") found components: dart 
[4.820s] -- Found Boost: /usr/lib/x86_64-linux-gnu/cmake/Boost-1.71.0/BoostConfig.cmake (found suitable version "1.71.0", minimum required is "1.40.0") found components: thread system filesystem program_options regex iostreams date_time 
[4.873s] -- Found Protobuf: /usr/lib/x86_64-linux-gnu/libprotobuf.so;-lpthread (found version "3.6.1") 
[4.884s] -- Looking for ignition-math6 -- found version 6.13.0
[4.905s] -- Searching for dependencies of ignition-math6
[4.909s] -- Looking for OGRE...
[4.910s] -- OGRE_PREFIX_WATCH changed.
[4.920s] -- Checking for module 'OGRE'
[4.956s] --   Found OGRE, version 1.9.0
[5.042s] -- Found Ogre Ghadamon (1.9.0)
[5.068s] -- Found OGRE: optimized;/usr/lib/x86_64-linux-gnu/libOgreMain.so;debug;/usr/lib/x86_64-linux-gnu/libOgreMain.so
[5.091s] -- Looking for OGRE_Paging...
[5.113s] -- Found OGRE_Paging: optimized;/usr/lib/x86_64-linux-gnu/libOgrePaging.so;debug;/usr/lib/x86_64-linux-gnu/libOgrePaging.so
[5.114s] -- Looking for OGRE_Terrain...
[5.137s] -- Found OGRE_Terrain: optimized;/usr/lib/x86_64-linux-gnu/libOgreTerrain.so;debug;/usr/lib/x86_64-linux-gnu/libOgreTerrain.so
[5.137s] -- Looking for OGRE_Property...
[5.161s] -- Found OGRE_Property: optimized;/usr/lib/x86_64-linux-gnu/libOgreProperty.so;debug;/usr/lib/x86_64-linux-gnu/libOgreProperty.so
[5.161s] -- Looking for OGRE_RTShaderSystem...
[5.186s] -- Found OGRE_RTShaderSystem: optimized;/usr/lib/x86_64-linux-gnu/libOgreRTShaderSystem.so;debug;/usr/lib/x86_64-linux-gnu/libOgreRTShaderSystem.so
[5.186s] -- Looking for OGRE_Volume...
[5.209s] -- Found OGRE_Volume: optimized;/usr/lib/x86_64-linux-gnu/libOgreVolume.so;debug;/usr/lib/x86_64-linux-gnu/libOgreVolume.so
[5.210s] -- Looking for OGRE_Overlay...
[5.233s] -- Found OGRE_Overlay: optimized;/usr/lib/x86_64-linux-gnu/libOgreOverlay.so;debug;/usr/lib/x86_64-linux-gnu/libOgreOverlay.so
[5.738s] -- Looking for ignition-math6 -- found version 6.13.0
[5.744s] -- Looking for ignition-transport8 -- found version 8.3.0
[5.745s] -- Searching for dependencies of ignition-transport8
[5.782s] -- Found Protobuf: /usr/lib/x86_64-linux-gnu/libprotobuf.so;-lpthread (found suitable version "3.6.1", minimum required is "3") 
[5.806s] -- Config-file not installed for ZeroMQ -- checking for pkg-config
[5.815s] -- Checking for module 'libzmq >= 4'
[5.851s] --   Found libzmq , version 4.3.2
[5.934s] -- Found ZeroMQ: TRUE (Required is at least version "4") 
[5.947s] -- Checking for module 'uuid'
[5.982s] --   Found uuid, version 2.34.0
[6.064s] -- Found UUID: TRUE  
[6.068s] -- Looking for ignition-msgs5 -- found version 5.10.0
[6.069s] -- Searching for dependencies of ignition-msgs5
[6.109s] -- Looking for ignition-math6 -- found version 6.13.0
[6.119s] -- Checking for module 'tinyxml2'
[6.156s] --   Found tinyxml2, version 6.2.0
[6.232s] -- Looking for ignition-msgs5 -- found version 5.10.0
[6.235s] -- Looking for ignition-common3 -- found version 3.14.2
[6.236s] -- Searching for dependencies of ignition-common3
[6.237s] -- Looking for dlfcn.h - found
[6.239s] -- Looking for libdl - found
[6.241s] -- Found DL: TRUE  
[6.252s] -- Searching for <ignition-common3> component [graphics]
[6.255s] -- Looking for ignition-common3-graphics -- found version 3.14.2
[6.256s] -- Searching for dependencies of ignition-common3-graphics
[6.256s] -- Looking for ignition-math6 -- found version 6.13.0
[6.261s] -- Looking for ignition-fuel_tools4 -- found version 4.6.0
[6.262s] -- Searching for dependencies of ignition-fuel_tools4
[6.386s] -- Found CURL: /usr/lib/x86_64-linux-gnu/libcurl.so (found version "7.68.0")  
[6.403s] -- Checking for module 'jsoncpp'
[6.439s] --   Found jsoncpp, version 1.7.4
[6.521s] -- Found JSONCPP: TRUE  
[6.532s] -- Checking for module 'libzip'
[6.570s] --   Found libzip, version 1.5.1
[6.657s] -- Found ZIP: TRUE  
[6.657s] -- Looking for ignition-common3 -- found version 3.14.2
[6.658s] -- Looking for ignition-math6 -- found version 6.13.0
[6.658s] -- Looking for ignition-msgs5 -- found version 5.10.0
[6.664s] -- Found gazebo_dev: 3.5.3 (/opt/ros/foxy/share/gazebo_dev/cmake)
[6.665s] -- Gazebo version: 11.11
[6.667s] -- Found gazebo_msgs: 3.5.3 (/opt/ros/foxy/share/gazebo_msgs/cmake)
[7.027s] -- Found gazebo_ros: 3.5.3 (/opt/ros/foxy/share/gazebo_ros/cmake)
[7.041s] -- Found gazebo_ros_pkgs: 3.5.3 (/opt/ros/foxy/share/gazebo_ros_pkgs/cmake)
[7.042s] -- Found image_transport: 3.0.0 (/home/manuel/buggy_ws_beta.a/install/image_transport/share/image_transport/cmake)
[7.108s] -- Found cv_bridge: 3.0.7 (/opt/ros/foxy/share/cv_bridge/cmake)
[7.148s] -- Found nav_msgs: 2.0.5 (/opt/ros/foxy/share/nav_msgs/cmake)
[7.257s] -- Found std_srvs: 2.0.5 (/opt/ros/foxy/share/std_srvs/cmake)
[7.360s] -- Profiler is active
[8.568s] -- Configuring done
[8.852s] -- Generating done
[8.855s] -- Build files have been written to: /home/manuel/buggy_ws_beta.a/build/ros_sensors
[8.872s] Invoked command in '/home/manuel/buggy_ws_beta.a/build/ros_sensors' returned '0': AMENT_PREFIX_PATH=/home/manuel/buggy_ws_beta.a/install/camera_info_manager:/home/manuel/buggy_ws_beta.a/install/image_transport:/home/manuel/buggy_ws_beta.a/install/camera_calibration_parsers:${AMENT_PREFIX_PATH} CMAKE_PREFIX_PATH=/home/manuel/buggy_ws_beta.a/install/camera_info_manager:/home/manuel/buggy_ws_beta.a/install/image_transport:/home/manuel/buggy_ws_beta.a/install/camera_calibration_parsers:/home/manuel/buggy_space/install/zed_ros2:/home/manuel/buggy_space/install/zed_display_rviz2:/home/manuel/buggy_space/install/zed_wrapper:/home/manuel/buggy_space/install/zed_tutorial_video:/home/manuel/buggy_space/install/zed_tutorial_pos_tracking:/home/manuel/buggy_space/install/zed_tutorial_depth:/home/manuel/buggy_space/install/zed_rgb_convert:/home/manuel/buggy_space/install/zed_components:/home/manuel/buggy_space/install/rviz_plugin_zed_od:/home/manuel/buggy_space/install/zed_interfaces:/home/manuel/buggy_space/install/buggy_mobile_robot:/home/manuel/buggy_space/install/vox_nav_msgs:/home/manuel/buggy_space/install/velodyne:/home/manuel/buggy_space/install/velodyne_pointcloud:/home/manuel/buggy_space/install/velodyne_driver:/home/manuel/buggy_space/install/velodyne_msgs:/home/manuel/buggy_space/install/velodyne_laserscan:/home/manuel/buggy_space/install/teb_local_planner:/home/manuel/buggy_space/install/teb_msgs:/home/manuel/buggy_space/install/sick_scan2:/home/manuel/buggy_space/install/ros_sensors:/home/manuel/buggy_space/install/ros2socketcan_lib:/home/manuel/buggy_space/install/ros2car_buggy:/home/manuel/buggy_space/install/robot_localization:/home/manuel/buggy_space/install/image_common:/home/manuel/buggy_space/install/image_transport:/home/manuel/buggy_space/install/costmap_converter:/home/manuel/buggy_space/install/costmap_converter_msgs:/home/manuel/buggy_space/install/can_msgs:/home/manuel/buggy_space/install/camera_info_manager:/home/manuel/buggy_space/install/camera_calibration_parsers:/home/manuel/buggy_space/install/buggy_msgs:/home/manuel/buggy_space/install/buggy_mobile_navigation:/home/manuel/buggy_space/install/ackermann_msgs:/home/manuel/buggy_space/install/ackermann_interfaces:/home/manuel/buggy_space/install/joint_state_publisher_gui:/home/manuel/buggy_space/install/joint_state_publisher:/home/manuel/buggy_space/install/ackermann_odometry:/home/manuel/buggy_space/install/ackermann_controller:/opt/ros/foxy LD_LIBRARY_PATH=/home/manuel/buggy_ws_beta.a/install/camera_info_manager/lib:/home/manuel/buggy_ws_beta.a/install/image_transport/lib:/home/manuel/buggy_ws_beta.a/install/camera_calibration_parsers/lib:${LD_LIBRARY_PATH} /usr/bin/cmake /home/manuel/buggy_ws_beta.a/src/ros_sensors -DCMAKE_INSTALL_PREFIX=/home/manuel/buggy_ws_beta.a/install/ros_sensors
[8.877s] Invoking command in '/home/manuel/buggy_ws_beta.a/build/ros_sensors': AMENT_PREFIX_PATH=/home/manuel/buggy_ws_beta.a/install/camera_info_manager:/home/manuel/buggy_ws_beta.a/install/image_transport:/home/manuel/buggy_ws_beta.a/install/camera_calibration_parsers:${AMENT_PREFIX_PATH} CMAKE_PREFIX_PATH=/home/manuel/buggy_ws_beta.a/install/camera_info_manager:/home/manuel/buggy_ws_beta.a/install/image_transport:/home/manuel/buggy_ws_beta.a/install/camera_calibration_parsers:/home/manuel/buggy_space/install/zed_ros2:/home/manuel/buggy_space/install/zed_display_rviz2:/home/manuel/buggy_space/install/zed_wrapper:/home/manuel/buggy_space/install/zed_tutorial_video:/home/manuel/buggy_space/install/zed_tutorial_pos_tracking:/home/manuel/buggy_space/install/zed_tutorial_depth:/home/manuel/buggy_space/install/zed_rgb_convert:/home/manuel/buggy_space/install/zed_components:/home/manuel/buggy_space/install/rviz_plugin_zed_od:/home/manuel/buggy_space/install/zed_interfaces:/home/manuel/buggy_space/install/buggy_mobile_robot:/home/manuel/buggy_space/install/vox_nav_msgs:/home/manuel/buggy_space/install/velodyne:/home/manuel/buggy_space/install/velodyne_pointcloud:/home/manuel/buggy_space/install/velodyne_driver:/home/manuel/buggy_space/install/velodyne_msgs:/home/manuel/buggy_space/install/velodyne_laserscan:/home/manuel/buggy_space/install/teb_local_planner:/home/manuel/buggy_space/install/teb_msgs:/home/manuel/buggy_space/install/sick_scan2:/home/manuel/buggy_space/install/ros_sensors:/home/manuel/buggy_space/install/ros2socketcan_lib:/home/manuel/buggy_space/install/ros2car_buggy:/home/manuel/buggy_space/install/robot_localization:/home/manuel/buggy_space/install/image_common:/home/manuel/buggy_space/install/image_transport:/home/manuel/buggy_space/install/costmap_converter:/home/manuel/buggy_space/install/costmap_converter_msgs:/home/manuel/buggy_space/install/can_msgs:/home/manuel/buggy_space/install/camera_info_manager:/home/manuel/buggy_space/install/camera_calibration_parsers:/home/manuel/buggy_space/install/buggy_msgs:/home/manuel/buggy_space/install/buggy_mobile_navigation:/home/manuel/buggy_space/install/ackermann_msgs:/home/manuel/buggy_space/install/ackermann_interfaces:/home/manuel/buggy_space/install/joint_state_publisher_gui:/home/manuel/buggy_space/install/joint_state_publisher:/home/manuel/buggy_space/install/ackermann_odometry:/home/manuel/buggy_space/install/ackermann_controller:/opt/ros/foxy LD_LIBRARY_PATH=/home/manuel/buggy_ws_beta.a/install/camera_info_manager/lib:/home/manuel/buggy_ws_beta.a/install/image_transport/lib:/home/manuel/buggy_ws_beta.a/install/camera_calibration_parsers/lib:${LD_LIBRARY_PATH} /usr/bin/cmake --build /home/manuel/buggy_ws_beta.a/build/ros_sensors -- -j16 -l16
[8.940s] [35m[1mScanning dependencies of target gazebo_ros_realsense_camera_plugin[0m
[8.941s] [35m[1mScanning dependencies of target gazebo_ros_gps[0m
[8.941s] [35m[1mScanning dependencies of target gazebo_ros_velodyne_laser[0m
[8.941s] [35m[1mScanning dependencies of target sensor_base_attacher_plugin[0m
[9.190s] [  9%] [32mBuilding CXX object CMakeFiles/gazebo_ros_velodyne_laser.dir/src/gazebo_ros_velodyne_laser.cpp.o[0m
[9.208s] [ 27%] [32mBuilding CXX object CMakeFiles/gazebo_ros_gps.dir/src/gazebo_ros_gps.cpp.o[0m
[9.208s] [ 27%] [32mBuilding CXX object CMakeFiles/sensor_base_attacher_plugin.dir/src/sensor_base_attacher_plugin.cpp.o[0m
[9.232s] [ 36%] [32mBuilding CXX object CMakeFiles/gazebo_ros_realsense_camera_plugin.dir/src/gazebo_ros_realsense_camera.cpp.o[0m
[9.248s] [ 45%] [32mBuilding CXX object CMakeFiles/gazebo_ros_realsense_camera_plugin.dir/src/realsense_ros_plugin.cpp.o[0m
[27.198s] [ 54%] [32m[1mLinking CXX shared library libsensor_base_attacher_plugin.so[0m
[27.228s] [ 63%] [32m[1mLinking CXX shared library libgazebo_ros_velodyne_laser.so[0m
[28.097s] [ 63%] Built target sensor_base_attacher_plugin
[28.112s] [35m[1mScanning dependencies of target gazebo_ros_imu[0m
[28.273s] [ 72%] [32mBuilding CXX object CMakeFiles/gazebo_ros_imu.dir/src/gazebo_ros_imu.cpp.o[0m
[28.653s] [ 72%] Built target gazebo_ros_velodyne_laser
[31.707s] [ 81%] [32m[1mLinking CXX shared library libgazebo_ros_gps.so[0m
[32.880s] [ 81%] Built target gazebo_ros_gps
[40.112s] [ 90%] [32m[1mLinking CXX shared library libgazebo_ros_realsense_camera_plugin.so[0m
[41.822s] [ 90%] Built target gazebo_ros_realsense_camera_plugin
[41.963s] [100%] [32m[1mLinking CXX shared library libgazebo_ros_imu.so[0m
[42.581s] [100%] Built target gazebo_ros_imu
[42.594s] Invoked command in '/home/manuel/buggy_ws_beta.a/build/ros_sensors' returned '0': AMENT_PREFIX_PATH=/home/manuel/buggy_ws_beta.a/install/camera_info_manager:/home/manuel/buggy_ws_beta.a/install/image_transport:/home/manuel/buggy_ws_beta.a/install/camera_calibration_parsers:${AMENT_PREFIX_PATH} CMAKE_PREFIX_PATH=/home/manuel/buggy_ws_beta.a/install/camera_info_manager:/home/manuel/buggy_ws_beta.a/install/image_transport:/home/manuel/buggy_ws_beta.a/install/camera_calibration_parsers:/home/manuel/buggy_space/install/zed_ros2:/home/manuel/buggy_space/install/zed_display_rviz2:/home/manuel/buggy_space/install/zed_wrapper:/home/manuel/buggy_space/install/zed_tutorial_video:/home/manuel/buggy_space/install/zed_tutorial_pos_tracking:/home/manuel/buggy_space/install/zed_tutorial_depth:/home/manuel/buggy_space/install/zed_rgb_convert:/home/manuel/buggy_space/install/zed_components:/home/manuel/buggy_space/install/rviz_plugin_zed_od:/home/manuel/buggy_space/install/zed_interfaces:/home/manuel/buggy_space/install/buggy_mobile_robot:/home/manuel/buggy_space/install/vox_nav_msgs:/home/manuel/buggy_space/install/velodyne:/home/manuel/buggy_space/install/velodyne_pointcloud:/home/manuel/buggy_space/install/velodyne_driver:/home/manuel/buggy_space/install/velodyne_msgs:/home/manuel/buggy_space/install/velodyne_laserscan:/home/manuel/buggy_space/install/teb_local_planner:/home/manuel/buggy_space/install/teb_msgs:/home/manuel/buggy_space/install/sick_scan2:/home/manuel/buggy_space/install/ros_sensors:/home/manuel/buggy_space/install/ros2socketcan_lib:/home/manuel/buggy_space/install/ros2car_buggy:/home/manuel/buggy_space/install/robot_localization:/home/manuel/buggy_space/install/image_common:/home/manuel/buggy_space/install/image_transport:/home/manuel/buggy_space/install/costmap_converter:/home/manuel/buggy_space/install/costmap_converter_msgs:/home/manuel/buggy_space/install/can_msgs:/home/manuel/buggy_space/install/camera_info_manager:/home/manuel/buggy_space/install/camera_calibration_parsers:/home/manuel/buggy_space/install/buggy_msgs:/home/manuel/buggy_space/install/buggy_mobile_navigation:/home/manuel/buggy_space/install/ackermann_msgs:/home/manuel/buggy_space/install/ackermann_interfaces:/home/manuel/buggy_space/install/joint_state_publisher_gui:/home/manuel/buggy_space/install/joint_state_publisher:/home/manuel/buggy_space/install/ackermann_odometry:/home/manuel/buggy_space/install/ackermann_controller:/opt/ros/foxy LD_LIBRARY_PATH=/home/manuel/buggy_ws_beta.a/install/camera_info_manager/lib:/home/manuel/buggy_ws_beta.a/install/image_transport/lib:/home/manuel/buggy_ws_beta.a/install/camera_calibration_parsers/lib:${LD_LIBRARY_PATH} /usr/bin/cmake --build /home/manuel/buggy_ws_beta.a/build/ros_sensors -- -j16 -l16
[42.640s] Invoking command in '/home/manuel/buggy_ws_beta.a/build/ros_sensors': AMENT_PREFIX_PATH=/home/manuel/buggy_ws_beta.a/install/camera_info_manager:/home/manuel/buggy_ws_beta.a/install/image_transport:/home/manuel/buggy_ws_beta.a/install/camera_calibration_parsers:${AMENT_PREFIX_PATH} CMAKE_PREFIX_PATH=/home/manuel/buggy_ws_beta.a/install/camera_info_manager:/home/manuel/buggy_ws_beta.a/install/image_transport:/home/manuel/buggy_ws_beta.a/install/camera_calibration_parsers:/home/manuel/buggy_space/install/zed_ros2:/home/manuel/buggy_space/install/zed_display_rviz2:/home/manuel/buggy_space/install/zed_wrapper:/home/manuel/buggy_space/install/zed_tutorial_video:/home/manuel/buggy_space/install/zed_tutorial_pos_tracking:/home/manuel/buggy_space/install/zed_tutorial_depth:/home/manuel/buggy_space/install/zed_rgb_convert:/home/manuel/buggy_space/install/zed_components:/home/manuel/buggy_space/install/rviz_plugin_zed_od:/home/manuel/buggy_space/install/zed_interfaces:/home/manuel/buggy_space/install/buggy_mobile_robot:/home/manuel/buggy_space/install/vox_nav_msgs:/home/manuel/buggy_space/install/velodyne:/home/manuel/buggy_space/install/velodyne_pointcloud:/home/manuel/buggy_space/install/velodyne_driver:/home/manuel/buggy_space/install/velodyne_msgs:/home/manuel/buggy_space/install/velodyne_laserscan:/home/manuel/buggy_space/install/teb_local_planner:/home/manuel/buggy_space/install/teb_msgs:/home/manuel/buggy_space/install/sick_scan2:/home/manuel/buggy_space/install/ros_sensors:/home/manuel/buggy_space/install/ros2socketcan_lib:/home/manuel/buggy_space/install/ros2car_buggy:/home/manuel/buggy_space/install/robot_localization:/home/manuel/buggy_space/install/image_common:/home/manuel/buggy_space/install/image_transport:/home/manuel/buggy_space/install/costmap_converter:/home/manuel/buggy_space/install/costmap_converter_msgs:/home/manuel/buggy_space/install/can_msgs:/home/manuel/buggy_space/install/camera_info_manager:/home/manuel/buggy_space/install/camera_calibration_parsers:/home/manuel/buggy_space/install/buggy_msgs:/home/manuel/buggy_space/install/buggy_mobile_navigation:/home/manuel/buggy_space/install/ackermann_msgs:/home/manuel/buggy_space/install/ackermann_interfaces:/home/manuel/buggy_space/install/joint_state_publisher_gui:/home/manuel/buggy_space/install/joint_state_publisher:/home/manuel/buggy_space/install/ackermann_odometry:/home/manuel/buggy_space/install/ackermann_controller:/opt/ros/foxy LD_LIBRARY_PATH=/home/manuel/buggy_ws_beta.a/install/camera_info_manager/lib:/home/manuel/buggy_ws_beta.a/install/image_transport/lib:/home/manuel/buggy_ws_beta.a/install/camera_calibration_parsers/lib:${LD_LIBRARY_PATH} /usr/bin/cmake --install /home/manuel/buggy_ws_beta.a/build/ros_sensors
[42.652s] -- Install configuration: ""
[42.653s] -- Installing: /home/manuel/buggy_ws_beta.a/install/ros_sensors/share/ros_sensors/environment/library_path.sh
[42.653s] -- Installing: /home/manuel/buggy_ws_beta.a/install/ros_sensors/share/ros_sensors/environment/library_path.dsv
[42.653s] -- Installing: /home/manuel/buggy_ws_beta.a/install/ros_sensors/lib/libgazebo_ros_realsense_camera_plugin.so
[42.656s] -- Set runtime path of "/home/manuel/buggy_ws_beta.a/install/ros_sensors/lib/libgazebo_ros_realsense_camera_plugin.so" to ""
[42.656s] -- Installing: /home/manuel/buggy_ws_beta.a/install/ros_sensors/lib/libgazebo_ros_velodyne_laser.so
[42.659s] -- Set runtime path of "/home/manuel/buggy_ws_beta.a/install/ros_sensors/lib/libgazebo_ros_velodyne_laser.so" to ""
[42.659s] -- Installing: /home/manuel/buggy_ws_beta.a/install/ros_sensors/lib/libgazebo_ros_gps.so
[42.661s] -- Set runtime path of "/home/manuel/buggy_ws_beta.a/install/ros_sensors/lib/libgazebo_ros_gps.so" to ""
[42.661s] -- Installing: /home/manuel/buggy_ws_beta.a/install/ros_sensors/lib/libgazebo_ros_imu.so
[42.664s] -- Set runtime path of "/home/manuel/buggy_ws_beta.a/install/ros_sensors/lib/libgazebo_ros_imu.so" to ""
[42.664s] -- Installing: /home/manuel/buggy_ws_beta.a/install/ros_sensors/lib/libsensor_base_attacher_plugin.so
[42.665s] -- Set runtime path of "/home/manuel/buggy_ws_beta.a/install/ros_sensors/lib/libsensor_base_attacher_plugin.so" to ""
[42.666s] -- Up-to-date: /home/manuel/buggy_ws_beta.a/install/ros_sensors/share/ros_sensors/
[42.666s] -- Installing: /home/manuel/buggy_ws_beta.a/install/ros_sensors/include/
[42.666s] -- Installing: /home/manuel/buggy_ws_beta.a/install/ros_sensors/include//ros_sensors
[42.666s] -- Installing: /home/manuel/buggy_ws_beta.a/install/ros_sensors/include//ros_sensors/gazebo_ros_realsense_camera.hpp
[42.666s] -- Installing: /home/manuel/buggy_ws_beta.a/install/ros_sensors/include//ros_sensors/gazebo_ros_imu.hpp
[42.666s] -- Installing: /home/manuel/buggy_ws_beta.a/install/ros_sensors/include//ros_sensors/gazebo_ros_gps.hpp
[42.666s] -- Installing: /home/manuel/buggy_ws_beta.a/install/ros_sensors/include//ros_sensors/gazebo_ros_velodyne_laser.hpp
[42.666s] -- Installing: /home/manuel/buggy_ws_beta.a/install/ros_sensors/include//ros_sensors/sensor_base_attacher_plugin.hpp
[42.666s] -- Installing: /home/manuel/buggy_ws_beta.a/install/ros_sensors/include//ros_sensors/realsense_ros_plugin.hpp
[42.667s] -- Installing: /home/manuel/buggy_ws_beta.a/install/ros_sensors/include//ros_sensors/sensor_model.hpp
[42.667s] -- Installing: /home/manuel/buggy_ws_beta.a/install/ros_sensors/share/ament_index/resource_index/package_run_dependencies/ros_sensors
[42.667s] -- Installing: /home/manuel/buggy_ws_beta.a/install/ros_sensors/share/ament_index/resource_index/parent_prefix_path/ros_sensors
[42.667s] -- Installing: /home/manuel/buggy_ws_beta.a/install/ros_sensors/share/ros_sensors/environment/ament_prefix_path.sh
[42.667s] -- Installing: /home/manuel/buggy_ws_beta.a/install/ros_sensors/share/ros_sensors/environment/ament_prefix_path.dsv
[42.667s] -- Installing: /home/manuel/buggy_ws_beta.a/install/ros_sensors/share/ros_sensors/environment/path.sh
[42.667s] -- Installing: /home/manuel/buggy_ws_beta.a/install/ros_sensors/share/ros_sensors/environment/path.dsv
[42.667s] -- Installing: /home/manuel/buggy_ws_beta.a/install/ros_sensors/share/ros_sensors/local_setup.bash
[42.667s] -- Installing: /home/manuel/buggy_ws_beta.a/install/ros_sensors/share/ros_sensors/local_setup.sh
[42.667s] -- Installing: /home/manuel/buggy_ws_beta.a/install/ros_sensors/share/ros_sensors/local_setup.zsh
[42.668s] -- Installing: /home/manuel/buggy_ws_beta.a/install/ros_sensors/share/ros_sensors/local_setup.dsv
[42.668s] -- Installing: /home/manuel/buggy_ws_beta.a/install/ros_sensors/share/ros_sensors/package.dsv
[42.668s] -- Installing: /home/manuel/buggy_ws_beta.a/install/ros_sensors/share/ament_index/resource_index/packages/ros_sensors
[42.668s] -- Installing: /home/manuel/buggy_ws_beta.a/install/ros_sensors/share/ros_sensors/cmake/ament_cmake_export_libraries-extras.cmake
[42.668s] -- Installing: /home/manuel/buggy_ws_beta.a/install/ros_sensors/share/ros_sensors/cmake/ament_cmake_export_include_directories-extras.cmake
[42.668s] -- Installing: /home/manuel/buggy_ws_beta.a/install/ros_sensors/share/ros_sensors/cmake/ament_cmake_export_dependencies-extras.cmake
[42.668s] -- Installing: /home/manuel/buggy_ws_beta.a/install/ros_sensors/share/ros_sensors/cmake/ros_sensorsConfig.cmake
[42.668s] -- Installing: /home/manuel/buggy_ws_beta.a/install/ros_sensors/share/ros_sensors/cmake/ros_sensorsConfig-version.cmake
[42.668s] -- Installing: /home/manuel/buggy_ws_beta.a/install/ros_sensors/share/ros_sensors/package.xml
[42.671s] Invoked command in '/home/manuel/buggy_ws_beta.a/build/ros_sensors' returned '0': AMENT_PREFIX_PATH=/home/manuel/buggy_ws_beta.a/install/camera_info_manager:/home/manuel/buggy_ws_beta.a/install/image_transport:/home/manuel/buggy_ws_beta.a/install/camera_calibration_parsers:${AMENT_PREFIX_PATH} CMAKE_PREFIX_PATH=/home/manuel/buggy_ws_beta.a/install/camera_info_manager:/home/manuel/buggy_ws_beta.a/install/image_transport:/home/manuel/buggy_ws_beta.a/install/camera_calibration_parsers:/home/manuel/buggy_space/install/zed_ros2:/home/manuel/buggy_space/install/zed_display_rviz2:/home/manuel/buggy_space/install/zed_wrapper:/home/manuel/buggy_space/install/zed_tutorial_video:/home/manuel/buggy_space/install/zed_tutorial_pos_tracking:/home/manuel/buggy_space/install/zed_tutorial_depth:/home/manuel/buggy_space/install/zed_rgb_convert:/home/manuel/buggy_space/install/zed_components:/home/manuel/buggy_space/install/rviz_plugin_zed_od:/home/manuel/buggy_space/install/zed_interfaces:/home/manuel/buggy_space/install/buggy_mobile_robot:/home/manuel/buggy_space/install/vox_nav_msgs:/home/manuel/buggy_space/install/velodyne:/home/manuel/buggy_space/install/velodyne_pointcloud:/home/manuel/buggy_space/install/velodyne_driver:/home/manuel/buggy_space/install/velodyne_msgs:/home/manuel/buggy_space/install/velodyne_laserscan:/home/manuel/buggy_space/install/teb_local_planner:/home/manuel/buggy_space/install/teb_msgs:/home/manuel/buggy_space/install/sick_scan2:/home/manuel/buggy_space/install/ros_sensors:/home/manuel/buggy_space/install/ros2socketcan_lib:/home/manuel/buggy_space/install/ros2car_buggy:/home/manuel/buggy_space/install/robot_localization:/home/manuel/buggy_space/install/image_common:/home/manuel/buggy_space/install/image_transport:/home/manuel/buggy_space/install/costmap_converter:/home/manuel/buggy_space/install/costmap_converter_msgs:/home/manuel/buggy_space/install/can_msgs:/home/manuel/buggy_space/install/camera_info_manager:/home/manuel/buggy_space/install/camera_calibration_parsers:/home/manuel/buggy_space/install/buggy_msgs:/home/manuel/buggy_space/install/buggy_mobile_navigation:/home/manuel/buggy_space/install/ackermann_msgs:/home/manuel/buggy_space/install/ackermann_interfaces:/home/manuel/buggy_space/install/joint_state_publisher_gui:/home/manuel/buggy_space/install/joint_state_publisher:/home/manuel/buggy_space/install/ackermann_odometry:/home/manuel/buggy_space/install/ackermann_controller:/opt/ros/foxy LD_LIBRARY_PATH=/home/manuel/buggy_ws_beta.a/install/camera_info_manager/lib:/home/manuel/buggy_ws_beta.a/install/image_transport/lib:/home/manuel/buggy_ws_beta.a/install/camera_calibration_parsers/lib:${LD_LIBRARY_PATH} /usr/bin/cmake --install /home/manuel/buggy_ws_beta.a/build/ros_sensors
