-- The C compiler identification is GNU 9.4.0
-- The CXX compiler identification is GNU 9.4.0
-- Check for working C compiler: /usr/bin/cc
-- Check for working C compiler: /usr/bin/cc -- works
-- Detecting C compiler ABI info
-- Detecting C compiler ABI info - done
-- Detecting C compile features
-- Detecting C compile features - done
-- Check for working CXX compiler: /usr/bin/c++
-- Check for working CXX compiler: /usr/bin/c++ -- works
-- Detecting CXX compiler ABI info
-- Detecting CXX compiler ABI info - done
-- Detecting CXX compile features
-- Detecting CXX compile features - done
-- Found ament_cmake: 0.9.11 (/opt/ros/foxy/share/ament_cmake/cmake)
-- Found PythonInterp: /usr/bin/python3 (found suitable version "3.8.10", minimum required is "3") 
-- Using PYTHON_EXECUTABLE: /usr/bin/python3
-- Found rclcpp: 2.4.2 (/opt/ros/foxy/share/rclcpp/cmake)
-- Using all available rosidl_typesupport_c: rosidl_typesupport_fastrtps_c;rosidl_typesupport_introspection_c
-- Found rosidl_adapter: 1.3.0 (/opt/ros/foxy/share/rosidl_adapter/cmake)
-- Found OpenSSL: /usr/lib/x86_64-linux-gnu/libcrypto.so (found version "1.1.1f")  
-- Found FastRTPS: /opt/ros/foxy/include  
-- Using all available rosidl_typesupport_cpp: rosidl_typesupport_fastrtps_cpp;rosidl_typesupport_introspection_cpp
-- Found rmw_implementation_cmake: 1.0.3 (/opt/ros/foxy/share/rmw_implementation_cmake/cmake)
-- Using RMW implementation 'rmw_fastrtps_cpp' as default
-- Looking for pthread.h
-- Looking for pthread.h - found
-- Performing Test CMAKE_HAVE_LIBC_PTHREAD
-- Performing Test CMAKE_HAVE_LIBC_PTHREAD - Failed
-- Looking for pthread_create in pthreads
-- Looking for pthread_create in pthreads - not found
-- Looking for pthread_create in pthread
-- Looking for pthread_create in pthread - found
-- Found Threads: TRUE  
-- Found sensor_msgs: 2.0.5 (/opt/ros/foxy/share/sensor_msgs/cmake)
-- Found tf2: 0.13.13 (/opt/ros/foxy/share/tf2/cmake)
-- Found diagnostic_msgs: 2.0.5 (/opt/ros/foxy/share/diagnostic_msgs/cmake)
-- Found tf2_ros: 0.13.13 (/opt/ros/foxy/share/tf2_ros/cmake)
-- Found Boost: /usr/lib/x86_64-linux-gnu/cmake/Boost-1.71.0/BoostConfig.cmake (found version "1.71.0") found components: system thread 
-- Found ament_lint_auto: 0.9.7 (/opt/ros/foxy/share/ament_lint_auto/cmake)
-- Added test 'copyright' to check source files copyright and LICENSE
-- Added test 'cppcheck' to perform static code analysis on C / C++ code
-- Configured cppcheck include dirs: /home/manuel/buggy_ws_beta.a/src/sick_scan2/include
-- Configured cppcheck exclude dirs and/or files: 
-- Added test 'cpplint' to check C / C++ code against the Google style
-- Configured cpplint exclude dirs and/or files: 
-- Added test 'flake8' to check Python code syntax and style conventions
-- Added test 'lint_cmake' to check CMake code style
-- Added test 'pep257' to check Python code against some of the style conventions in PEP 257
-- Added test 'uncrustify' to check C / C++ code style
-- Configured uncrustify additional arguments: 
-- Added test 'xmllint' to check XML markup files
-- Configuring done
-- Generating done
-- Build files have been written to: /home/manuel/buggy_ws_beta.a/build/sick_scan2
[35m[1mScanning dependencies of target sick_scan2_lib[0m
[ 10%] [32mBuilding CXX object CMakeFiles/sick_scan2_lib.dir/driver/src/sick_generic_laser.cpp.o[0m
[ 10%] [32mBuilding CXX object CMakeFiles/sick_scan2_lib.dir/driver/src/sick_scan_common_tcp.cpp.o[0m
[ 15%] [32mBuilding CXX object CMakeFiles/sick_scan2_lib.dir/driver/src/sick_generic_parser.cpp.o[0m
[ 25%] [32mBuilding CXX object CMakeFiles/sick_scan2_lib.dir/driver/src/tcp/tcp.cpp.o[0m
[ 25%] [32mBuilding CXX object CMakeFiles/sick_scan2_lib.dir/driver/src/sick_scan_common.cpp.o[0m
[ 30%] [32mBuilding CXX object CMakeFiles/sick_scan2_lib.dir/driver/src/tcp/SickThread.cpp.o[0m
[ 35%] [32mBuilding CXX object CMakeFiles/sick_scan2_lib.dir/driver/src/tcp/Mutex.cpp.o[0m
[ 40%] [32mBuilding CXX object CMakeFiles/sick_scan2_lib.dir/driver/src/tcp/errorhandler.cpp.o[0m
[ 45%] [32mBuilding CXX object CMakeFiles/sick_scan2_lib.dir/driver/src/tcp/toolbox.cpp.o[0m
[ 50%] [32mBuilding CXX object CMakeFiles/sick_scan2_lib.dir/driver/src/tcp/Time.cpp.o[0m
[ 55%] [32mBuilding CXX object CMakeFiles/sick_scan2_lib.dir/driver/src/tcp/colaa.cpp.o[0m
[ 60%] [32mBuilding CXX object CMakeFiles/sick_scan2_lib.dir/driver/src/tcp/colab.cpp.o[0m
[ 65%] [32mBuilding CXX object CMakeFiles/sick_scan2_lib.dir/driver/src/binPrintf.cpp.o[0m
[ 70%] [32mBuilding CXX object CMakeFiles/sick_scan2_lib.dir/driver/src/binScanf.cpp.o[0m
[ 75%] [32mBuilding CXX object CMakeFiles/sick_scan2_lib.dir/driver/src/sick_scan_common_nw.cpp.o[0m
[ 80%] [32mBuilding CXX object CMakeFiles/sick_scan2_lib.dir/driver/src/sick_generic_imu.cpp.o[0m
[ 85%] [32mBuilding CXX object CMakeFiles/sick_scan2_lib.dir/driver/src/softwarePLL.cpp.o[0m
[ 90%] [32m[1mLinking CXX static library libsick_scan2_lib.a[0m
[ 90%] Built target sick_scan2_lib
[35m[1mScanning dependencies of target sick_generic_caller[0m
[ 95%] [32mBuilding CXX object CMakeFiles/sick_generic_caller.dir/driver/src/sick_generic_caller.cpp.o[0m
[100%] [32m[1mLinking CXX executable sick_generic_caller[0m
[100%] Built target sick_generic_caller
-- Install configuration: ""
-- Installing: /home/manuel/buggy_ws_beta.a/install/sick_scan2/lib/sick_scan2/sick_generic_caller
-- Set runtime path of "/home/manuel/buggy_ws_beta.a/install/sick_scan2/lib/sick_scan2/sick_generic_caller" to ""
-- Installing: /home/manuel/buggy_ws_beta.a/install/sick_scan2/lib/libsick_scan2_lib.a
-- Installing: /home/manuel/buggy_ws_beta.a/install/sick_scan2/share/sick_scan2/launch
-- Installing: /home/manuel/buggy_ws_beta.a/install/sick_scan2/share/sick_scan2/launch/rviz
-- Installing: /home/manuel/buggy_ws_beta.a/install/sick_scan2/share/sick_scan2/launch/rviz/sick_cola.rviz
-- Installing: /home/manuel/buggy_ws_beta.a/install/sick_scan2/share/sick_scan2/launch/rviz/radar.rviz
-- Installing: /home/manuel/buggy_ws_beta.a/install/sick_scan2/share/sick_scan2/launch/rviz/hector.rviz
-- Installing: /home/manuel/buggy_ws_beta.a/install/sick_scan2/share/sick_scan2/launch/rviz/sick_ldmrs.rviz
-- Installing: /home/manuel/buggy_ws_beta.a/install/sick_scan2/share/sick_scan2/launch/rviz/tim_5xx.rviz
-- Installing: /home/manuel/buggy_ws_beta.a/install/sick_scan2/share/sick_scan2/launch/rviz/combi.rviz
-- Installing: /home/manuel/buggy_ws_beta.a/install/sick_scan2/share/sick_scan2/launch/sick_lms_1xx.launch.py
-- Installing: /home/manuel/buggy_ws_beta.a/install/sick_scan2/share/sick_scan2/launch/sick_lms_5xx.launch.py
-- Installing: /home/manuel/buggy_ws_beta.a/install/sick_scan2/share/sick_scan2/launch/sick_mrs_1xxx.launch.py
-- Installing: /home/manuel/buggy_ws_beta.a/install/sick_scan2/share/sick_scan2/launch/single_rrbot.urdf
-- Installing: /home/manuel/buggy_ws_beta.a/install/sick_scan2/share/sick_scan2/launch/sick_tim_5xx.launch.py
-- Installing: /home/manuel/buggy_ws_beta.a/install/sick_scan2/share/sick_scan2/launch/sick_ldmrs.launch.py
-- Installing: /home/manuel/buggy_ws_beta.a/install/sick_scan2/share/sick_scan2/launch/sick_tim_5xx.launch.pyOLD
-- Installing: /home/manuel/buggy_ws_beta.a/install/sick_scan2/share/sick_scan2/launch/sick_lrs_4xxx.launch.py
-- Installing: /home/manuel/buggy_ws_beta.a/install/sick_scan2/share/sick_scan2/launch/sick_tim_7xx.launch.py
-- Installing: /home/manuel/buggy_ws_beta.a/install/sick_scan2/share/sick_scan2/launch/sick_lms_5xx.launch_old.py
-- Installing: /home/manuel/buggy_ws_beta.a/install/sick_scan2/share/sick_scan2/launch/sick_tim_240.launch.py
-- Installing: /home/manuel/buggy_ws_beta.a/install/sick_scan2/share/sick_scan2/launch/sick_lms_1xxx.launch.py
-- Installing: /home/manuel/buggy_ws_beta.a/install/sick_scan2/share/sick_scan2/launch/sick_tim_7xxS.launch.py
-- Installing: /home/manuel/buggy_ws_beta.a/install/sick_scan2/share/sick_scan2/config
-- Installing: /home/manuel/buggy_ws_beta.a/install/sick_scan2/share/sick_scan2/config/sick_tim_5xx.yaml
-- Installing: /home/manuel/buggy_ws_beta.a/install/sick_scan2/share/sick_scan2/config/sick_lms_1xx.yaml
-- Installing: /home/manuel/buggy_ws_beta.a/install/sick_scan2/share/sick_scan2/config/sick_lms_5xx.yaml
-- Installing: /home/manuel/buggy_ws_beta.a/install/sick_scan2/share/sick_scan2/config/sick_lms_1xxx.yaml
-- Installing: /home/manuel/buggy_ws_beta.a/install/sick_scan2/share/sick_scan2/config/sick_tim_240.yaml
-- Installing: /home/manuel/buggy_ws_beta.a/install/sick_scan2/share/sick_scan2/config/sick_tim_7xx.yaml
-- Installing: /home/manuel/buggy_ws_beta.a/install/sick_scan2/share/sick_scan2/config/sick_tim_7xxS.yaml
-- Installing: /home/manuel/buggy_ws_beta.a/install/sick_scan2/share/sick_scan2/config/sick_ldmrs_flexres.yaml
-- Installing: /home/manuel/buggy_ws_beta.a/install/sick_scan2/share/sick_scan2/config/sick_lrs_4xxx.yaml
-- Installing: /home/manuel/buggy_ws_beta.a/install/sick_scan2/share/sick_scan2/config/sick_mrs_1xxx.yaml
-- Installing: /home/manuel/buggy_ws_beta.a/install/sick_scan2/share/sick_scan2/config/sick_ldmrs.yaml
-- Installing: /home/manuel/buggy_ws_beta.a/install/sick_scan2/share/ament_index/resource_index/package_run_dependencies/sick_scan2
-- Installing: /home/manuel/buggy_ws_beta.a/install/sick_scan2/share/ament_index/resource_index/parent_prefix_path/sick_scan2
-- Installing: /home/manuel/buggy_ws_beta.a/install/sick_scan2/share/sick_scan2/environment/ament_prefix_path.sh
-- Installing: /home/manuel/buggy_ws_beta.a/install/sick_scan2/share/sick_scan2/environment/ament_prefix_path.dsv
-- Installing: /home/manuel/buggy_ws_beta.a/install/sick_scan2/share/sick_scan2/environment/path.sh
-- Installing: /home/manuel/buggy_ws_beta.a/install/sick_scan2/share/sick_scan2/environment/path.dsv
-- Installing: /home/manuel/buggy_ws_beta.a/install/sick_scan2/share/sick_scan2/local_setup.bash
-- Installing: /home/manuel/buggy_ws_beta.a/install/sick_scan2/share/sick_scan2/local_setup.sh
-- Installing: /home/manuel/buggy_ws_beta.a/install/sick_scan2/share/sick_scan2/local_setup.zsh
-- Installing: /home/manuel/buggy_ws_beta.a/install/sick_scan2/share/sick_scan2/local_setup.dsv
-- Installing: /home/manuel/buggy_ws_beta.a/install/sick_scan2/share/sick_scan2/package.dsv
-- Installing: /home/manuel/buggy_ws_beta.a/install/sick_scan2/share/ament_index/resource_index/packages/sick_scan2
-- Installing: /home/manuel/buggy_ws_beta.a/install/sick_scan2/share/sick_scan2/cmake/sick_scan2Config.cmake
-- Installing: /home/manuel/buggy_ws_beta.a/install/sick_scan2/share/sick_scan2/cmake/sick_scan2Config-version.cmake
-- Installing: /home/manuel/buggy_ws_beta.a/install/sick_scan2/share/sick_scan2/package.xml
