[0.529s] Invoking command in '/home/manuel/buggy_ws_beta.a/build/sick_scan2': CMAKE_PREFIX_PATH=${CMAKE_PREFIX_PATH}:/home/manuel/buggy_space/install/joint_state_publisher_gui:/home/manuel/buggy_space/install/joint_state_publisher:/home/manuel/buggy_space/install/ackermann_odometry:/home/manuel/buggy_space/install/ackermann_controller:/opt/ros/foxy /usr/bin/cmake /home/manuel/buggy_ws_beta.a/src/sick_scan2 -DCMAKE_INSTALL_PREFIX=/home/manuel/buggy_ws_beta.a/install/sick_scan2
[3.544s] -- The C compiler identification is GNU 9.4.0
[3.544s] -- The CXX compiler identification is GNU 9.4.0
[3.544s] -- Check for working C compiler: /usr/bin/cc
[3.544s] -- Check for working C compiler: /usr/bin/cc -- works
[3.545s] -- Detecting C compiler ABI info
[3.545s] -- Detecting C compiler ABI info - done
[3.545s] -- Detecting C compile features
[3.545s] -- Detecting C compile features - done
[3.545s] -- Check for working CXX compiler: /usr/bin/c++
[3.546s] -- Check for working CXX compiler: /usr/bin/c++ -- works
[3.546s] -- Detecting CXX compiler ABI info
[3.546s] -- Detecting CXX compiler ABI info - done
[3.546s] -- Detecting CXX compile features
[3.546s] -- Detecting CXX compile features - done
[3.546s] -- Found ament_cmake: 0.9.11 (/opt/ros/foxy/share/ament_cmake/cmake)
[3.547s] -- Found PythonInterp: /usr/bin/python3 (found suitable version "3.8.10", minimum required is "3") 
[3.547s] -- Using PYTHON_EXECUTABLE: /usr/bin/python3
[3.547s] -- Found rclcpp: 2.4.2 (/opt/ros/foxy/share/rclcpp/cmake)
[3.547s] -- Using all available rosidl_typesupport_c: rosidl_typesupport_fastrtps_c;rosidl_typesupport_introspection_c
[3.547s] -- Found rosidl_adapter: 1.3.0 (/opt/ros/foxy/share/rosidl_adapter/cmake)
[3.547s] -- Found OpenSSL: /usr/lib/x86_64-linux-gnu/libcrypto.so (found version "1.1.1f")  
[3.548s] -- Found FastRTPS: /opt/ros/foxy/include  
[3.548s] -- Using all available rosidl_typesupport_cpp: rosidl_typesupport_fastrtps_cpp;rosidl_typesupport_introspection_cpp
[3.548s] -- Found rmw_implementation_cmake: 1.0.3 (/opt/ros/foxy/share/rmw_implementation_cmake/cmake)
[3.548s] -- Using RMW implementation 'rmw_fastrtps_cpp' as default
[3.548s] -- Looking for pthread.h
[3.548s] -- Looking for pthread.h - found
[3.548s] -- Performing Test CMAKE_HAVE_LIBC_PTHREAD
[3.549s] -- Performing Test CMAKE_HAVE_LIBC_PTHREAD - Failed
[3.549s] -- Looking for pthread_create in pthreads
[3.549s] -- Looking for pthread_create in pthreads - not found
[3.549s] -- Looking for pthread_create in pthread
[3.549s] -- Looking for pthread_create in pthread - found
[3.549s] -- Found Threads: TRUE  
[3.549s] -- Found sensor_msgs: 2.0.5 (/opt/ros/foxy/share/sensor_msgs/cmake)
[3.665s] -- Found tf2: 0.13.13 (/opt/ros/foxy/share/tf2/cmake)
[3.701s] -- Found diagnostic_msgs: 2.0.5 (/opt/ros/foxy/share/diagnostic_msgs/cmake)
[3.801s] -- Found tf2_ros: 0.13.13 (/opt/ros/foxy/share/tf2_ros/cmake)
[5.775s] -- Found Boost: /usr/lib/x86_64-linux-gnu/cmake/Boost-1.71.0/BoostConfig.cmake (found version "1.71.0") found components: system thread 
[5.861s] -- Found ament_lint_auto: 0.9.7 (/opt/ros/foxy/share/ament_lint_auto/cmake)
[6.362s] -- Added test 'copyright' to check source files copyright and LICENSE
[6.387s] -- Added test 'cppcheck' to perform static code analysis on C / C++ code
[6.388s] -- Configured cppcheck include dirs: /home/manuel/buggy_ws_beta.a/src/sick_scan2/include
[6.406s] -- Configured cppcheck exclude dirs and/or files: 
[6.435s] -- Added test 'cpplint' to check C / C++ code against the Google style
[6.454s] -- Configured cpplint exclude dirs and/or files: 
[6.466s] -- Added test 'flake8' to check Python code syntax and style conventions
[6.482s] -- Added test 'lint_cmake' to check CMake code style
[6.485s] -- Added test 'pep257' to check Python code against some of the style conventions in PEP 257
[6.558s] -- Added test 'uncrustify' to check C / C++ code style
[6.558s] -- Configured uncrustify additional arguments: 
[6.562s] -- Added test 'xmllint' to check XML markup files
[6.587s] -- Configuring done
[6.718s] -- Generating done
[6.722s] -- Build files have been written to: /home/manuel/buggy_ws_beta.a/build/sick_scan2
[6.797s] Invoked command in '/home/manuel/buggy_ws_beta.a/build/sick_scan2' returned '0': CMAKE_PREFIX_PATH=${CMAKE_PREFIX_PATH}:/home/manuel/buggy_space/install/joint_state_publisher_gui:/home/manuel/buggy_space/install/joint_state_publisher:/home/manuel/buggy_space/install/ackermann_odometry:/home/manuel/buggy_space/install/ackermann_controller:/opt/ros/foxy /usr/bin/cmake /home/manuel/buggy_ws_beta.a/src/sick_scan2 -DCMAKE_INSTALL_PREFIX=/home/manuel/buggy_ws_beta.a/install/sick_scan2
[6.798s] Invoking command in '/home/manuel/buggy_ws_beta.a/build/sick_scan2': CMAKE_PREFIX_PATH=${CMAKE_PREFIX_PATH}:/home/manuel/buggy_space/install/joint_state_publisher_gui:/home/manuel/buggy_space/install/joint_state_publisher:/home/manuel/buggy_space/install/ackermann_odometry:/home/manuel/buggy_space/install/ackermann_controller:/opt/ros/foxy /usr/bin/cmake --build /home/manuel/buggy_ws_beta.a/build/sick_scan2 -- -j16 -l16
[18.345s] [35m[1mScanning dependencies of target sick_scan2_lib[0m
[18.346s] [ 10%] [32mBuilding CXX object CMakeFiles/sick_scan2_lib.dir/driver/src/sick_generic_laser.cpp.o[0m
[18.349s] [ 10%] [32mBuilding CXX object CMakeFiles/sick_scan2_lib.dir/driver/src/sick_scan_common_tcp.cpp.o[0m
[18.350s] [ 15%] [32mBuilding CXX object CMakeFiles/sick_scan2_lib.dir/driver/src/sick_generic_parser.cpp.o[0m
[18.350s] [ 25%] [32mBuilding CXX object CMakeFiles/sick_scan2_lib.dir/driver/src/tcp/tcp.cpp.o[0m
[18.350s] [ 25%] [32mBuilding CXX object CMakeFiles/sick_scan2_lib.dir/driver/src/sick_scan_common.cpp.o[0m
[18.350s] [ 30%] [32mBuilding CXX object CMakeFiles/sick_scan2_lib.dir/driver/src/tcp/SickThread.cpp.o[0m
[18.351s] [ 35%] [32mBuilding CXX object CMakeFiles/sick_scan2_lib.dir/driver/src/tcp/Mutex.cpp.o[0m
[18.351s] [ 40%] [32mBuilding CXX object CMakeFiles/sick_scan2_lib.dir/driver/src/tcp/errorhandler.cpp.o[0m
[18.351s] [ 45%] [32mBuilding CXX object CMakeFiles/sick_scan2_lib.dir/driver/src/tcp/toolbox.cpp.o[0m
[18.351s] [ 50%] [32mBuilding CXX object CMakeFiles/sick_scan2_lib.dir/driver/src/tcp/Time.cpp.o[0m
[18.351s] [ 55%] [32mBuilding CXX object CMakeFiles/sick_scan2_lib.dir/driver/src/tcp/colaa.cpp.o[0m
[18.351s] [ 60%] [32mBuilding CXX object CMakeFiles/sick_scan2_lib.dir/driver/src/tcp/colab.cpp.o[0m
[18.351s] [ 65%] [32mBuilding CXX object CMakeFiles/sick_scan2_lib.dir/driver/src/binPrintf.cpp.o[0m
[18.352s] [ 70%] [32mBuilding CXX object CMakeFiles/sick_scan2_lib.dir/driver/src/binScanf.cpp.o[0m
[18.352s] [ 75%] [32mBuilding CXX object CMakeFiles/sick_scan2_lib.dir/driver/src/sick_scan_common_nw.cpp.o[0m
[18.352s] [ 80%] [32mBuilding CXX object CMakeFiles/sick_scan2_lib.dir/driver/src/sick_generic_imu.cpp.o[0m
[18.352s] [ 85%] [32mBuilding CXX object CMakeFiles/sick_scan2_lib.dir/driver/src/softwarePLL.cpp.o[0m
[35.991s] [ 90%] [32m[1mLinking CXX static library libsick_scan2_lib.a[0m
[36.190s] [ 90%] Built target sick_scan2_lib
[36.209s] [35m[1mScanning dependencies of target sick_generic_caller[0m
[36.291s] [ 95%] [32mBuilding CXX object CMakeFiles/sick_generic_caller.dir/driver/src/sick_generic_caller.cpp.o[0m
[43.431s] [100%] [32m[1mLinking CXX executable sick_generic_caller[0m
[44.011s] [100%] Built target sick_generic_caller
[44.026s] Invoked command in '/home/manuel/buggy_ws_beta.a/build/sick_scan2' returned '0': CMAKE_PREFIX_PATH=${CMAKE_PREFIX_PATH}:/home/manuel/buggy_space/install/joint_state_publisher_gui:/home/manuel/buggy_space/install/joint_state_publisher:/home/manuel/buggy_space/install/ackermann_odometry:/home/manuel/buggy_space/install/ackermann_controller:/opt/ros/foxy /usr/bin/cmake --build /home/manuel/buggy_ws_beta.a/build/sick_scan2 -- -j16 -l16
[44.109s] Invoking command in '/home/manuel/buggy_ws_beta.a/build/sick_scan2': CMAKE_PREFIX_PATH=${CMAKE_PREFIX_PATH}:/home/manuel/buggy_space/install/joint_state_publisher_gui:/home/manuel/buggy_space/install/joint_state_publisher:/home/manuel/buggy_space/install/ackermann_odometry:/home/manuel/buggy_space/install/ackermann_controller:/opt/ros/foxy /usr/bin/cmake --install /home/manuel/buggy_ws_beta.a/build/sick_scan2
[44.119s] -- Install configuration: ""
[44.119s] -- Installing: /home/manuel/buggy_ws_beta.a/install/sick_scan2/lib/sick_scan2/sick_generic_caller
[44.121s] -- Set runtime path of "/home/manuel/buggy_ws_beta.a/install/sick_scan2/lib/sick_scan2/sick_generic_caller" to ""
[44.121s] -- Installing: /home/manuel/buggy_ws_beta.a/install/sick_scan2/lib/libsick_scan2_lib.a
[44.128s] -- Installing: /home/manuel/buggy_ws_beta.a/install/sick_scan2/share/sick_scan2/launch
[44.129s] -- Installing: /home/manuel/buggy_ws_beta.a/install/sick_scan2/share/sick_scan2/launch/rviz
[44.129s] -- Installing: /home/manuel/buggy_ws_beta.a/install/sick_scan2/share/sick_scan2/launch/rviz/sick_cola.rviz
[44.129s] -- Installing: /home/manuel/buggy_ws_beta.a/install/sick_scan2/share/sick_scan2/launch/rviz/radar.rviz
[44.129s] -- Installing: /home/manuel/buggy_ws_beta.a/install/sick_scan2/share/sick_scan2/launch/rviz/hector.rviz
[44.129s] -- Installing: /home/manuel/buggy_ws_beta.a/install/sick_scan2/share/sick_scan2/launch/rviz/sick_ldmrs.rviz
[44.130s] -- Installing: /home/manuel/buggy_ws_beta.a/install/sick_scan2/share/sick_scan2/launch/rviz/tim_5xx.rviz
[44.130s] -- Installing: /home/manuel/buggy_ws_beta.a/install/sick_scan2/share/sick_scan2/launch/rviz/combi.rviz
[44.130s] -- Installing: /home/manuel/buggy_ws_beta.a/install/sick_scan2/share/sick_scan2/launch/sick_lms_1xx.launch.py
[44.130s] -- Installing: /home/manuel/buggy_ws_beta.a/install/sick_scan2/share/sick_scan2/launch/sick_lms_5xx.launch.py
[44.130s] -- Installing: /home/manuel/buggy_ws_beta.a/install/sick_scan2/share/sick_scan2/launch/sick_mrs_1xxx.launch.py
[44.131s] -- Installing: /home/manuel/buggy_ws_beta.a/install/sick_scan2/share/sick_scan2/launch/single_rrbot.urdf
[44.131s] -- Installing: /home/manuel/buggy_ws_beta.a/install/sick_scan2/share/sick_scan2/launch/sick_tim_5xx.launch.py
[44.131s] -- Installing: /home/manuel/buggy_ws_beta.a/install/sick_scan2/share/sick_scan2/launch/sick_ldmrs.launch.py
[44.131s] -- Installing: /home/manuel/buggy_ws_beta.a/install/sick_scan2/share/sick_scan2/launch/sick_tim_5xx.launch.pyOLD
[44.131s] -- Installing: /home/manuel/buggy_ws_beta.a/install/sick_scan2/share/sick_scan2/launch/sick_lrs_4xxx.launch.py
[44.131s] -- Installing: /home/manuel/buggy_ws_beta.a/install/sick_scan2/share/sick_scan2/launch/sick_tim_7xx.launch.py
[44.131s] -- Installing: /home/manuel/buggy_ws_beta.a/install/sick_scan2/share/sick_scan2/launch/sick_lms_5xx.launch_old.py
[44.131s] -- Installing: /home/manuel/buggy_ws_beta.a/install/sick_scan2/share/sick_scan2/launch/sick_tim_240.launch.py
[44.132s] -- Installing: /home/manuel/buggy_ws_beta.a/install/sick_scan2/share/sick_scan2/launch/sick_lms_1xxx.launch.py
[44.132s] -- Installing: /home/manuel/buggy_ws_beta.a/install/sick_scan2/share/sick_scan2/launch/sick_tim_7xxS.launch.py
[44.132s] -- Installing: /home/manuel/buggy_ws_beta.a/install/sick_scan2/share/sick_scan2/config
[44.132s] -- Installing: /home/manuel/buggy_ws_beta.a/install/sick_scan2/share/sick_scan2/config/sick_tim_5xx.yaml
[44.132s] -- Installing: /home/manuel/buggy_ws_beta.a/install/sick_scan2/share/sick_scan2/config/sick_lms_1xx.yaml
[44.132s] -- Installing: /home/manuel/buggy_ws_beta.a/install/sick_scan2/share/sick_scan2/config/sick_lms_5xx.yaml
[44.132s] -- Installing: /home/manuel/buggy_ws_beta.a/install/sick_scan2/share/sick_scan2/config/sick_lms_1xxx.yaml
[44.133s] -- Installing: /home/manuel/buggy_ws_beta.a/install/sick_scan2/share/sick_scan2/config/sick_tim_240.yaml
[44.133s] -- Installing: /home/manuel/buggy_ws_beta.a/install/sick_scan2/share/sick_scan2/config/sick_tim_7xx.yaml
[44.133s] -- Installing: /home/manuel/buggy_ws_beta.a/install/sick_scan2/share/sick_scan2/config/sick_tim_7xxS.yaml
[44.133s] -- Installing: /home/manuel/buggy_ws_beta.a/install/sick_scan2/share/sick_scan2/config/sick_ldmrs_flexres.yaml
[44.133s] -- Installing: /home/manuel/buggy_ws_beta.a/install/sick_scan2/share/sick_scan2/config/sick_lrs_4xxx.yaml
[44.133s] -- Installing: /home/manuel/buggy_ws_beta.a/install/sick_scan2/share/sick_scan2/config/sick_mrs_1xxx.yaml
[44.133s] -- Installing: /home/manuel/buggy_ws_beta.a/install/sick_scan2/share/sick_scan2/config/sick_ldmrs.yaml
[44.134s] -- Installing: /home/manuel/buggy_ws_beta.a/install/sick_scan2/share/ament_index/resource_index/package_run_dependencies/sick_scan2
[44.134s] -- Installing: /home/manuel/buggy_ws_beta.a/install/sick_scan2/share/ament_index/resource_index/parent_prefix_path/sick_scan2
[44.134s] -- Installing: /home/manuel/buggy_ws_beta.a/install/sick_scan2/share/sick_scan2/environment/ament_prefix_path.sh
[44.134s] -- Installing: /home/manuel/buggy_ws_beta.a/install/sick_scan2/share/sick_scan2/environment/ament_prefix_path.dsv
[44.134s] -- Installing: /home/manuel/buggy_ws_beta.a/install/sick_scan2/share/sick_scan2/environment/path.sh
[44.134s] -- Installing: /home/manuel/buggy_ws_beta.a/install/sick_scan2/share/sick_scan2/environment/path.dsv
[44.134s] -- Installing: /home/manuel/buggy_ws_beta.a/install/sick_scan2/share/sick_scan2/local_setup.bash
[44.135s] -- Installing: /home/manuel/buggy_ws_beta.a/install/sick_scan2/share/sick_scan2/local_setup.sh
[44.135s] -- Installing: /home/manuel/buggy_ws_beta.a/install/sick_scan2/share/sick_scan2/local_setup.zsh
[44.135s] -- Installing: /home/manuel/buggy_ws_beta.a/install/sick_scan2/share/sick_scan2/local_setup.dsv
[44.135s] -- Installing: /home/manuel/buggy_ws_beta.a/install/sick_scan2/share/sick_scan2/package.dsv
[44.135s] -- Installing: /home/manuel/buggy_ws_beta.a/install/sick_scan2/share/ament_index/resource_index/packages/sick_scan2
[44.135s] -- Installing: /home/manuel/buggy_ws_beta.a/install/sick_scan2/share/sick_scan2/cmake/sick_scan2Config.cmake
[44.135s] -- Installing: /home/manuel/buggy_ws_beta.a/install/sick_scan2/share/sick_scan2/cmake/sick_scan2Config-version.cmake
[44.136s] -- Installing: /home/manuel/buggy_ws_beta.a/install/sick_scan2/share/sick_scan2/package.xml
[44.148s] Invoked command in '/home/manuel/buggy_ws_beta.a/build/sick_scan2' returned '0': CMAKE_PREFIX_PATH=${CMAKE_PREFIX_PATH}:/home/manuel/buggy_space/install/joint_state_publisher_gui:/home/manuel/buggy_space/install/joint_state_publisher:/home/manuel/buggy_space/install/ackermann_odometry:/home/manuel/buggy_space/install/ackermann_controller:/opt/ros/foxy /usr/bin/cmake --install /home/manuel/buggy_ws_beta.a/build/sick_scan2
