[ 90%] Built target sick_scan2_lib
[100%] Built target sick_generic_caller
-- Install configuration: ""
-- Up-to-date: /home/manuel/buggy_ws_beta.a/install/sick_scan2/lib/sick_scan2/sick_generic_caller
-- Up-to-date: /home/manuel/buggy_ws_beta.a/install/sick_scan2/lib/libsick_scan2_lib.a
-- Up-to-date: /home/manuel/buggy_ws_beta.a/install/sick_scan2/share/sick_scan2/launch
-- Up-to-date: /home/manuel/buggy_ws_beta.a/install/sick_scan2/share/sick_scan2/launch/rviz
-- Up-to-date: /home/manuel/buggy_ws_beta.a/install/sick_scan2/share/sick_scan2/launch/rviz/sick_cola.rviz
-- Up-to-date: /home/manuel/buggy_ws_beta.a/install/sick_scan2/share/sick_scan2/launch/rviz/radar.rviz
-- Up-to-date: /home/manuel/buggy_ws_beta.a/install/sick_scan2/share/sick_scan2/launch/rviz/hector.rviz
-- Up-to-date: /home/manuel/buggy_ws_beta.a/install/sick_scan2/share/sick_scan2/launch/rviz/sick_ldmrs.rviz
-- Up-to-date: /home/manuel/buggy_ws_beta.a/install/sick_scan2/share/sick_scan2/launch/rviz/tim_5xx.rviz
-- Up-to-date: /home/manuel/buggy_ws_beta.a/install/sick_scan2/share/sick_scan2/launch/rviz/combi.rviz
-- Up-to-date: /home/manuel/buggy_ws_beta.a/install/sick_scan2/share/sick_scan2/launch/sick_lms_1xx.launch.py
-- Up-to-date: /home/manuel/buggy_ws_beta.a/install/sick_scan2/share/sick_scan2/launch/sick_lms_5xx.launch.py
-- Up-to-date: /home/manuel/buggy_ws_beta.a/install/sick_scan2/share/sick_scan2/launch/sick_mrs_1xxx.launch.py
-- Up-to-date: /home/manuel/buggy_ws_beta.a/install/sick_scan2/share/sick_scan2/launch/single_rrbot.urdf
-- Up-to-date: /home/manuel/buggy_ws_beta.a/install/sick_scan2/share/sick_scan2/launch/sick_tim_5xx.launch.py
-- Up-to-date: /home/manuel/buggy_ws_beta.a/install/sick_scan2/share/sick_scan2/launch/sick_ldmrs.launch.py
-- Up-to-date: /home/manuel/buggy_ws_beta.a/install/sick_scan2/share/sick_scan2/launch/sick_tim_5xx.launch.pyOLD
-- Up-to-date: /home/manuel/buggy_ws_beta.a/install/sick_scan2/share/sick_scan2/launch/sick_lrs_4xxx.launch.py
-- Up-to-date: /home/manuel/buggy_ws_beta.a/install/sick_scan2/share/sick_scan2/launch/sick_tim_7xx.launch.py
-- Up-to-date: /home/manuel/buggy_ws_beta.a/install/sick_scan2/share/sick_scan2/launch/sick_lms_5xx.launch_old.py
-- Up-to-date: /home/manuel/buggy_ws_beta.a/install/sick_scan2/share/sick_scan2/launch/sick_tim_240.launch.py
-- Up-to-date: /home/manuel/buggy_ws_beta.a/install/sick_scan2/share/sick_scan2/launch/sick_lms_1xxx.launch.py
-- Up-to-date: /home/manuel/buggy_ws_beta.a/install/sick_scan2/share/sick_scan2/launch/sick_tim_7xxS.launch.py
-- Up-to-date: /home/manuel/buggy_ws_beta.a/install/sick_scan2/share/sick_scan2/config
-- Up-to-date: /home/manuel/buggy_ws_beta.a/install/sick_scan2/share/sick_scan2/config/sick_tim_5xx.yaml
-- Up-to-date: /home/manuel/buggy_ws_beta.a/install/sick_scan2/share/sick_scan2/config/sick_lms_1xx.yaml
-- Up-to-date: /home/manuel/buggy_ws_beta.a/install/sick_scan2/share/sick_scan2/config/sick_lms_5xx.yaml
-- Up-to-date: /home/manuel/buggy_ws_beta.a/install/sick_scan2/share/sick_scan2/config/sick_lms_1xxx.yaml
-- Up-to-date: /home/manuel/buggy_ws_beta.a/install/sick_scan2/share/sick_scan2/config/sick_tim_240.yaml
-- Up-to-date: /home/manuel/buggy_ws_beta.a/install/sick_scan2/share/sick_scan2/config/sick_tim_7xx.yaml
-- Up-to-date: /home/manuel/buggy_ws_beta.a/install/sick_scan2/share/sick_scan2/config/sick_tim_7xxS.yaml
-- Up-to-date: /home/manuel/buggy_ws_beta.a/install/sick_scan2/share/sick_scan2/config/sick_ldmrs_flexres.yaml
-- Up-to-date: /home/manuel/buggy_ws_beta.a/install/sick_scan2/share/sick_scan2/config/sick_lrs_4xxx.yaml
-- Up-to-date: /home/manuel/buggy_ws_beta.a/install/sick_scan2/share/sick_scan2/config/sick_mrs_1xxx.yaml
-- Up-to-date: /home/manuel/buggy_ws_beta.a/install/sick_scan2/share/sick_scan2/config/sick_ldmrs.yaml
-- Up-to-date: /home/manuel/buggy_ws_beta.a/install/sick_scan2/share/ament_index/resource_index/package_run_dependencies/sick_scan2
-- Up-to-date: /home/manuel/buggy_ws_beta.a/install/sick_scan2/share/ament_index/resource_index/parent_prefix_path/sick_scan2
-- Up-to-date: /home/manuel/buggy_ws_beta.a/install/sick_scan2/share/sick_scan2/environment/ament_prefix_path.sh
-- Up-to-date: /home/manuel/buggy_ws_beta.a/install/sick_scan2/share/sick_scan2/environment/ament_prefix_path.dsv
-- Up-to-date: /home/manuel/buggy_ws_beta.a/install/sick_scan2/share/sick_scan2/environment/path.sh
-- Up-to-date: /home/manuel/buggy_ws_beta.a/install/sick_scan2/share/sick_scan2/environment/path.dsv
-- Up-to-date: /home/manuel/buggy_ws_beta.a/install/sick_scan2/share/sick_scan2/local_setup.bash
-- Up-to-date: /home/manuel/buggy_ws_beta.a/install/sick_scan2/share/sick_scan2/local_setup.sh
-- Up-to-date: /home/manuel/buggy_ws_beta.a/install/sick_scan2/share/sick_scan2/local_setup.zsh
-- Up-to-date: /home/manuel/buggy_ws_beta.a/install/sick_scan2/share/sick_scan2/local_setup.dsv
-- Installing: /home/manuel/buggy_ws_beta.a/install/sick_scan2/share/sick_scan2/package.dsv
-- Up-to-date: /home/manuel/buggy_ws_beta.a/install/sick_scan2/share/ament_index/resource_index/packages/sick_scan2
-- Up-to-date: /home/manuel/buggy_ws_beta.a/install/sick_scan2/share/sick_scan2/cmake/sick_scan2Config.cmake
-- Up-to-date: /home/manuel/buggy_ws_beta.a/install/sick_scan2/share/sick_scan2/cmake/sick_scan2Config-version.cmake
-- Up-to-date: /home/manuel/buggy_ws_beta.a/install/sick_scan2/share/sick_scan2/package.xml
