[1.297s] Invoking command in '/home/manuel/buggy_ws_beta.a/src/joint_state_publisher/joint_state_publisher': PYTHONPATH=/home/manuel/buggy_ws_beta.a/build/joint_state_publisher/prefix_override:/home/manuel/buggy_ws_beta.a/install/joint_state_publisher/lib/python3.8/site-packages:${PYTHONPATH} /usr/bin/python3 setup.py egg_info --egg-base ../../../build/joint_state_publisher build --build-base /home/manuel/buggy_ws_beta.a/build/joint_state_publisher/build install --record /home/manuel/buggy_ws_beta.a/build/joint_state_publisher/install.log --single-version-externally-managed
[1.560s] running egg_info
[1.561s] writing ../../../build/joint_state_publisher/joint_state_publisher.egg-info/PKG-INFO
[1.561s] writing dependency_links to ../../../build/joint_state_publisher/joint_state_publisher.egg-info/dependency_links.txt
[1.561s] writing entry points to ../../../build/joint_state_publisher/joint_state_publisher.egg-info/entry_points.txt
[1.561s] writing requirements to ../../../build/joint_state_publisher/joint_state_publisher.egg-info/requires.txt
[1.561s] writing top-level names to ../../../build/joint_state_publisher/joint_state_publisher.egg-info/top_level.txt
[1.564s] reading manifest file '../../../build/joint_state_publisher/joint_state_publisher.egg-info/SOURCES.txt'
[1.564s] adding license file 'LICENSE'
[1.565s] /home/manuel/.local/lib/python3.8/site-packages/setuptools/command/install.py:34: SetuptoolsDeprecationWarning: setup.py install is deprecated. Use build and pip and other standards-based tools.
[1.565s]   warnings.warn(
[1.565s] writing manifest file '../../../build/joint_state_publisher/joint_state_publisher.egg-info/SOURCES.txt'
[1.565s] running build
[1.565s] running build_py
[1.565s] running install
[1.566s] running install_lib
[1.566s] running install_data
[1.568s] running install_egg_info
[1.569s] removing '/home/manuel/buggy_ws_beta.a/install/joint_state_publisher/lib/python3.8/site-packages/joint_state_publisher-2.2.0-py3.8.egg-info' (and everything under it)
[1.569s] Copying ../../../build/joint_state_publisher/joint_state_publisher.egg-info to /home/manuel/buggy_ws_beta.a/install/joint_state_publisher/lib/python3.8/site-packages/joint_state_publisher-2.2.0-py3.8.egg-info
[1.570s] running install_scripts
[1.582s] Installing joint_state_publisher script to /home/manuel/buggy_ws_beta.a/install/joint_state_publisher/lib/joint_state_publisher
[1.582s] writing list of installed files to '/home/manuel/buggy_ws_beta.a/build/joint_state_publisher/install.log'
[1.829s] Invoked command in '/home/manuel/buggy_ws_beta.a/src/joint_state_publisher/joint_state_publisher' returned '0': PYTHONPATH=/home/manuel/buggy_ws_beta.a/build/joint_state_publisher/prefix_override:/home/manuel/buggy_ws_beta.a/install/joint_state_publisher/lib/python3.8/site-packages:${PYTHONPATH} /usr/bin/python3 setup.py egg_info --egg-base ../../../build/joint_state_publisher build --build-base /home/manuel/buggy_ws_beta.a/build/joint_state_publisher/build install --record /home/manuel/buggy_ws_beta.a/build/joint_state_publisher/install.log --single-version-externally-managed
