[0.207s] Invoking command in '/home/manuel/buggy_ws_beta.a/build/zed_tutorial_pos_tracking': CMAKE_PREFIX_PATH=${CMAKE_PREFIX_PATH}:/home/manuel/buggy_ws_beta.a/install/joint_state_publisher_gui:/home/manuel/buggy_ws_beta.a/install/joint_state_publisher:/home/manuel/buggy_ws_beta.a/install/ackermann_odometry:/home/manuel/buggy_ws_beta.a/install/ackermann_controller:/home/manuel/buggy_space/install/joint_state_publisher_gui:/home/manuel/buggy_space/install/joint_state_publisher:/home/manuel/buggy_space/install/ackermann_odometry:/home/manuel/buggy_space/install/ackermann_controller:/opt/ros/foxy /usr/bin/cmake --build /home/manuel/buggy_ws_beta.a/build/zed_tutorial_pos_tracking -- -j16 -l16
[0.289s] [100%] Built target zed_tutorial_pos_tracking
[0.495s] Invoked command in '/home/manuel/buggy_ws_beta.a/build/zed_tutorial_pos_tracking' returned '0': CMAKE_PREFIX_PATH=${CMAKE_PREFIX_PATH}:/home/manuel/buggy_ws_beta.a/install/joint_state_publisher_gui:/home/manuel/buggy_ws_beta.a/install/joint_state_publisher:/home/manuel/buggy_ws_beta.a/install/ackermann_odometry:/home/manuel/buggy_ws_beta.a/install/ackermann_controller:/home/manuel/buggy_space/install/joint_state_publisher_gui:/home/manuel/buggy_space/install/joint_state_publisher:/home/manuel/buggy_space/install/ackermann_odometry:/home/manuel/buggy_space/install/ackermann_controller:/opt/ros/foxy /usr/bin/cmake --build /home/manuel/buggy_ws_beta.a/build/zed_tutorial_pos_tracking -- -j16 -l16
[0.943s] Invoking command in '/home/manuel/buggy_ws_beta.a/build/zed_tutorial_pos_tracking': CMAKE_PREFIX_PATH=${CMAKE_PREFIX_PATH}:/home/manuel/buggy_ws_beta.a/install/joint_state_publisher_gui:/home/manuel/buggy_ws_beta.a/install/joint_state_publisher:/home/manuel/buggy_ws_beta.a/install/ackermann_odometry:/home/manuel/buggy_ws_beta.a/install/ackermann_controller:/home/manuel/buggy_space/install/joint_state_publisher_gui:/home/manuel/buggy_space/install/joint_state_publisher:/home/manuel/buggy_space/install/ackermann_odometry:/home/manuel/buggy_space/install/ackermann_controller:/opt/ros/foxy /usr/bin/cmake --install /home/manuel/buggy_ws_beta.a/build/zed_tutorial_pos_tracking
[1.020s] -- Install configuration: "Release"
[1.020s] -- Up-to-date: /home/manuel/buggy_ws_beta.a/install/zed_tutorial_pos_tracking/lib/zed_tutorial_pos_tracking/zed_tutorial_pos_tracking
[1.020s] -- Up-to-date: /home/manuel/buggy_ws_beta.a/install/zed_tutorial_pos_tracking/share/ament_index/resource_index/package_run_dependencies/zed_tutorial_pos_tracking
[1.020s] -- Up-to-date: /home/manuel/buggy_ws_beta.a/install/zed_tutorial_pos_tracking/share/ament_index/resource_index/parent_prefix_path/zed_tutorial_pos_tracking
[1.020s] -- Up-to-date: /home/manuel/buggy_ws_beta.a/install/zed_tutorial_pos_tracking/share/zed_tutorial_pos_tracking/environment/ament_prefix_path.sh
[1.020s] -- Up-to-date: /home/manuel/buggy_ws_beta.a/install/zed_tutorial_pos_tracking/share/zed_tutorial_pos_tracking/environment/ament_prefix_path.dsv
[1.021s] -- Up-to-date: /home/manuel/buggy_ws_beta.a/install/zed_tutorial_pos_tracking/share/zed_tutorial_pos_tracking/environment/path.sh
[1.021s] -- Up-to-date: /home/manuel/buggy_ws_beta.a/install/zed_tutorial_pos_tracking/share/zed_tutorial_pos_tracking/environment/path.dsv
[1.021s] -- Up-to-date: /home/manuel/buggy_ws_beta.a/install/zed_tutorial_pos_tracking/share/zed_tutorial_pos_tracking/local_setup.bash
[1.021s] -- Up-to-date: /home/manuel/buggy_ws_beta.a/install/zed_tutorial_pos_tracking/share/zed_tutorial_pos_tracking/local_setup.sh
[1.021s] -- Up-to-date: /home/manuel/buggy_ws_beta.a/install/zed_tutorial_pos_tracking/share/zed_tutorial_pos_tracking/local_setup.zsh
[1.021s] -- Up-to-date: /home/manuel/buggy_ws_beta.a/install/zed_tutorial_pos_tracking/share/zed_tutorial_pos_tracking/local_setup.dsv
[1.021s] -- Installing: /home/manuel/buggy_ws_beta.a/install/zed_tutorial_pos_tracking/share/zed_tutorial_pos_tracking/package.dsv
[1.022s] -- Up-to-date: /home/manuel/buggy_ws_beta.a/install/zed_tutorial_pos_tracking/share/ament_index/resource_index/packages/zed_tutorial_pos_tracking
[1.022s] -- Up-to-date: /home/manuel/buggy_ws_beta.a/install/zed_tutorial_pos_tracking/share/zed_tutorial_pos_tracking/cmake/zed_tutorial_pos_trackingConfig.cmake
[1.022s] -- Up-to-date: /home/manuel/buggy_ws_beta.a/install/zed_tutorial_pos_tracking/share/zed_tutorial_pos_tracking/cmake/zed_tutorial_pos_trackingConfig-version.cmake
[1.025s] -- Up-to-date: /home/manuel/buggy_ws_beta.a/install/zed_tutorial_pos_tracking/share/zed_tutorial_pos_tracking/package.xml
[1.145s] Invoked command in '/home/manuel/buggy_ws_beta.a/build/zed_tutorial_pos_tracking' returned '0': CMAKE_PREFIX_PATH=${CMAKE_PREFIX_PATH}:/home/manuel/buggy_ws_beta.a/install/joint_state_publisher_gui:/home/manuel/buggy_ws_beta.a/install/joint_state_publisher:/home/manuel/buggy_ws_beta.a/install/ackermann_odometry:/home/manuel/buggy_ws_beta.a/install/ackermann_controller:/home/manuel/buggy_space/install/joint_state_publisher_gui:/home/manuel/buggy_space/install/joint_state_publisher:/home/manuel/buggy_space/install/ackermann_odometry:/home/manuel/buggy_space/install/ackermann_controller:/opt/ros/foxy /usr/bin/cmake --install /home/manuel/buggy_ws_beta.a/build/zed_tutorial_pos_tracking
