-- The C compiler identification is GNU 9.4.0
-- The CXX compiler identification is GNU 9.4.0
-- Check for working C compiler: /usr/bin/cc
-- Check for working C compiler: /usr/bin/cc -- works
-- Detecting C compiler ABI info
-- Detecting C compiler ABI info - done
-- Detecting C compile features
-- Detecting C compile features - done
-- Check for working CXX compiler: /usr/bin/c++
-- Check for working CXX compiler: /usr/bin/c++ -- works
-- Detecting CXX compiler ABI info
-- Detecting CXX compiler ABI info - done
-- Detecting CXX compile features
-- Detecting CXX compile features - done
-- Found ament_cmake: 0.9.11 (/opt/ros/foxy/share/ament_cmake/cmake)
-- Found PythonInterp: /usr/bin/python3 (found suitable version "3.8.10", minimum required is "3") 
-- Using PYTHON_EXECUTABLE: /usr/bin/python3
-- Found rclcpp: 2.4.2 (/opt/ros/foxy/share/rclcpp/cmake)
-- Using all available rosidl_typesupport_c: rosidl_typesupport_fastrtps_c;rosidl_typesupport_introspection_c
-- Found rosidl_adapter: 1.3.0 (/opt/ros/foxy/share/rosidl_adapter/cmake)
-- Found OpenSSL: /usr/lib/x86_64-linux-gnu/libcrypto.so (found version "1.1.1f")  
-- Found FastRTPS: /opt/ros/foxy/include  
-- Using all available rosidl_typesupport_cpp: rosidl_typesupport_fastrtps_cpp;rosidl_typesupport_introspection_cpp
-- Found rmw_implementation_cmake: 1.0.3 (/opt/ros/foxy/share/rmw_implementation_cmake/cmake)
-- Using RMW implementation 'rmw_fastrtps_cpp' as default
-- Looking for pthread.h
-- Looking for pthread.h - found
-- Performing Test CMAKE_HAVE_LIBC_PTHREAD
-- Performing Test CMAKE_HAVE_LIBC_PTHREAD - Failed
-- Looking for pthread_create in pthreads
-- Looking for pthread_create in pthreads - not found
-- Looking for pthread_create in pthread
-- Looking for pthread_create in pthread - found
-- Found Threads: TRUE  
-- Found tlsf_cpp: 0.9.0 (/opt/ros/foxy/share/tlsf_cpp/cmake)
-- Found can_msgs: 0.0.0 (/home/manuel/buggy_ws_beta.a/install/can_msgs/share/can_msgs/cmake)
-- Found buggy_msgs: 0.0.0 (/home/manuel/buggy_ws_beta.a/install/buggy_msgs/share/buggy_msgs/cmake)
-- Found ackermann_msgs: 0.6.2 (/home/manuel/buggy_ws_beta.a/install/ackermann_msgs/share/ackermann_msgs/cmake)
-- Found ros2socketcan_lib: 0.0.0 (/home/manuel/buggy_ws_beta.a/install/ros2socketcan_lib/share/ros2socketcan_lib/cmake)
-- Configuring done
-- Generating done
-- Build files have been written to: /home/manuel/buggy_ws_beta.a/build/ros2car_buggy
[35m[1mScanning dependencies of target ros2car_buggy[0m
[ 20%] [32mBuilding CXX object CMakeFiles/ros2car_buggy.dir/src/ros2car_buggy.cpp.o[0m
[ 40%] [32mBuilding CXX object CMakeFiles/ros2car_buggy.dir/src/ros2car_buggy_node.cpp.o[0m
[ 60%] [32mBuilding CXX object CMakeFiles/ros2car_buggy.dir/src/rt_thread.cpp.o[0m
[ 80%] [32mBuilding CXX object CMakeFiles/ros2car_buggy.dir/src/memory_lock.cpp.o[0m
[01m[K/home/manuel/buggy_ws_beta.a/src/ROS2Vehicle/ros2car_buggy_interface/src/ros2car/src/ros2car_buggy_node.cpp:6:37:[m[K [01;35m[Kwarning: [m[Kbackslash and newline separated by space
    6 | #define GET_Heading_Heading(buf) (0 \
      |                                      
[01m[K/home/manuel/buggy_ws_beta.a/src/ROS2Vehicle/ros2car_buggy_interface/src/ros2car/src/ros2car_buggy_node.cpp:7:50:[m[K [01;35m[Kwarning: [m[Kbackslash and newline separated by space
    7 |   | (ubyte)(+(ubyte)((buf[0] >> 0) & 0xff) << 0) \
      |                                                   
[01m[K/home/manuel/buggy_ws_beta.a/src/ROS2Vehicle/ros2car_buggy_interface/src/ros2car/src/ros2car_buggy_node.cpp:8:50:[m[K [01;35m[Kwarning: [m[Kbackslash and newline separated by space
    8 |   | (uword)(+(uword)((buf[1] >> 0) & 0xff) << 8) \
      |                                                   
[01m[K/home/manuel/buggy_ws_beta.a/src/ROS2Vehicle/ros2car_buggy_interface/src/ros2car/src/ros2car_buggy_node.cpp:9:51:[m[K [01;35m[Kwarning: [m[Kbackslash and newline separated by space
    9 |   | (ulong)(+(ulong)((buf[2] >> 0) & 0xff) << 16) \
      |                                                    
[01m[K/home/manuel/buggy_ws_beta.a/src/ROS2Vehicle/ros2car_buggy_interface/src/ros2car/src/ros2car_buggy_node.cpp:[m[K In member function ‘[01m[Kvoid ROS2CAR_Buggy::send_steering_command(double)[m[K’:
[01m[K/home/manuel/buggy_ws_beta.a/src/ROS2Vehicle/ros2car_buggy_interface/src/ros2car/src/ros2car_buggy_node.cpp:427:12:[m[K [01;35m[Kwarning: [m[Kformat ‘[01m[K%d[m[K’ expects argument of type ‘[01m[Kint[m[K’, but argument 2 has type ‘[01m[Kstd::chrono::duration<long int, std::ratio<1, 1000000000> >::rep[m[K’ {aka ‘[01m[Klong int[m[K’} [[01;35m[K-Wformat=[m[K]
  427 |   printf("[01;35m[K%d[m[K\n",[32m[Kdiff_ns.count()-10000000[m[K);
      |           [01;35m[K~^[m[K    [32m[K~~~~~~~~~~~~~~~~~~~~~~~~[m[K
      |            [01;35m[K|[m[K                   [32m[K|[m[K
      |            [01;35m[Kint[m[K                 [32m[Kstd::chrono::duration<long int, std::ratio<1, 1000000000> >::rep {aka long int}[m[K
      |           [32m[K%ld[m[K
[100%] [32m[1mLinking CXX executable ros2car_buggy[0m
[100%] Built target ros2car_buggy
-- Install configuration: ""
-- Installing: /home/manuel/buggy_ws_beta.a/install/ros2car_buggy/lib/ros2car_buggy/ros2car_buggy
-- Set runtime path of "/home/manuel/buggy_ws_beta.a/install/ros2car_buggy/lib/ros2car_buggy/ros2car_buggy" to ""
-- Installing: /home/manuel/buggy_ws_beta.a/install/ros2car_buggy/share/ament_index/resource_index/package_run_dependencies/ros2car_buggy
-- Installing: /home/manuel/buggy_ws_beta.a/install/ros2car_buggy/share/ament_index/resource_index/parent_prefix_path/ros2car_buggy
-- Installing: /home/manuel/buggy_ws_beta.a/install/ros2car_buggy/share/ros2car_buggy/environment/ament_prefix_path.sh
-- Installing: /home/manuel/buggy_ws_beta.a/install/ros2car_buggy/share/ros2car_buggy/environment/ament_prefix_path.dsv
-- Installing: /home/manuel/buggy_ws_beta.a/install/ros2car_buggy/share/ros2car_buggy/environment/path.sh
-- Installing: /home/manuel/buggy_ws_beta.a/install/ros2car_buggy/share/ros2car_buggy/environment/path.dsv
-- Installing: /home/manuel/buggy_ws_beta.a/install/ros2car_buggy/share/ros2car_buggy/local_setup.bash
-- Installing: /home/manuel/buggy_ws_beta.a/install/ros2car_buggy/share/ros2car_buggy/local_setup.sh
-- Installing: /home/manuel/buggy_ws_beta.a/install/ros2car_buggy/share/ros2car_buggy/local_setup.zsh
-- Installing: /home/manuel/buggy_ws_beta.a/install/ros2car_buggy/share/ros2car_buggy/local_setup.dsv
-- Installing: /home/manuel/buggy_ws_beta.a/install/ros2car_buggy/share/ros2car_buggy/package.dsv
-- Installing: /home/manuel/buggy_ws_beta.a/install/ros2car_buggy/share/ament_index/resource_index/packages/ros2car_buggy
-- Installing: /home/manuel/buggy_ws_beta.a/install/ros2car_buggy/share/ros2car_buggy/cmake/ros2car_buggyConfig.cmake
-- Installing: /home/manuel/buggy_ws_beta.a/install/ros2car_buggy/share/ros2car_buggy/cmake/ros2car_buggyConfig-version.cmake
-- Installing: /home/manuel/buggy_ws_beta.a/install/ros2car_buggy/share/ros2car_buggy/package.xml
