[0.735s] Invoking command in '/home/manuel/buggy_ws_beta.a/build/ros2car_buggy': AMENT_PREFIX_PATH=/home/manuel/buggy_ws_beta.a/install/ros2socketcan_lib:/home/manuel/buggy_ws_beta.a/install/can_msgs:/home/manuel/buggy_ws_beta.a/install/buggy_msgs:/home/manuel/buggy_ws_beta.a/install/ackermann_msgs:${AMENT_PREFIX_PATH} CMAKE_PREFIX_PATH=/home/manuel/buggy_ws_beta.a/install/ros2socketcan_lib:/home/manuel/buggy_ws_beta.a/install/can_msgs:/home/manuel/buggy_ws_beta.a/install/buggy_msgs:/home/manuel/buggy_ws_beta.a/install/ackermann_msgs:/home/manuel/buggy_space/install/zed_ros2:/home/manuel/buggy_space/install/zed_display_rviz2:/home/manuel/buggy_space/install/zed_wrapper:/home/manuel/buggy_space/install/zed_tutorial_video:/home/manuel/buggy_space/install/zed_tutorial_pos_tracking:/home/manuel/buggy_space/install/zed_tutorial_depth:/home/manuel/buggy_space/install/zed_rgb_convert:/home/manuel/buggy_space/install/zed_components:/home/manuel/buggy_space/install/rviz_plugin_zed_od:/home/manuel/buggy_space/install/zed_interfaces:/home/manuel/buggy_space/install/buggy_mobile_robot:/home/manuel/buggy_space/install/vox_nav_msgs:/home/manuel/buggy_space/install/velodyne:/home/manuel/buggy_space/install/velodyne_pointcloud:/home/manuel/buggy_space/install/velodyne_driver:/home/manuel/buggy_space/install/velodyne_msgs:/home/manuel/buggy_space/install/velodyne_laserscan:/home/manuel/buggy_space/install/teb_local_planner:/home/manuel/buggy_space/install/teb_msgs:/home/manuel/buggy_space/install/sick_scan2:/home/manuel/buggy_space/install/ros_sensors:/home/manuel/buggy_space/install/ros2socketcan_lib:/home/manuel/buggy_space/install/ros2car_buggy:/home/manuel/buggy_space/install/robot_localization:/home/manuel/buggy_space/install/image_common:/home/manuel/buggy_space/install/image_transport:/home/manuel/buggy_space/install/costmap_converter:/home/manuel/buggy_space/install/costmap_converter_msgs:/home/manuel/buggy_space/install/can_msgs:/home/manuel/buggy_space/install/camera_info_manager:/home/manuel/buggy_space/install/camera_calibration_parsers:/home/manuel/buggy_space/install/buggy_msgs:/home/manuel/buggy_space/install/buggy_mobile_navigation:/home/manuel/buggy_space/install/ackermann_msgs:/home/manuel/buggy_space/install/ackermann_interfaces:/home/manuel/buggy_space/install/joint_state_publisher_gui:/home/manuel/buggy_space/install/joint_state_publisher:/home/manuel/buggy_space/install/ackermann_odometry:/home/manuel/buggy_space/install/ackermann_controller:/opt/ros/foxy LD_LIBRARY_PATH=/home/manuel/buggy_ws_beta.a/install/can_msgs/lib:/home/manuel/buggy_ws_beta.a/install/buggy_msgs/lib:/home/manuel/buggy_ws_beta.a/install/ackermann_msgs/lib:${LD_LIBRARY_PATH} PYTHONPATH=/home/manuel/buggy_ws_beta.a/install/can_msgs/lib/python3.8/site-packages:/home/manuel/buggy_ws_beta.a/install/buggy_msgs/lib/python3.8/site-packages:/home/manuel/buggy_ws_beta.a/install/ackermann_msgs/lib/python3.8/site-packages:${PYTHONPATH} /usr/bin/cmake /home/manuel/buggy_ws_beta.a/src/ROS2Vehicle/ros2car_buggy_interface/src/ros2car -DCMAKE_INSTALL_PREFIX=/home/manuel/buggy_ws_beta.a/install/ros2car_buggy
[0.844s] -- The C compiler identification is GNU 9.4.0
[0.959s] -- The CXX compiler identification is GNU 9.4.0
[0.972s] -- Check for working C compiler: /usr/bin/cc
[1.103s] -- Check for working C compiler: /usr/bin/cc -- works
[1.106s] -- Detecting C compiler ABI info
[1.244s] -- Detecting C compiler ABI info - done
[1.273s] -- Detecting C compile features
[1.274s] -- Detecting C compile features - done
[1.280s] -- Check for working CXX compiler: /usr/bin/c++
[1.433s] -- Check for working CXX compiler: /usr/bin/c++ -- works
[1.435s] -- Detecting CXX compiler ABI info
[1.591s] -- Detecting CXX compiler ABI info - done
[1.617s] -- Detecting CXX compile features
[1.619s] -- Detecting CXX compile features - done
[1.624s] -- Found ament_cmake: 0.9.11 (/opt/ros/foxy/share/ament_cmake/cmake)
[1.679s] -- Found PythonInterp: /usr/bin/python3 (found suitable version "3.8.10", minimum required is "3") 
[1.680s] -- Using PYTHON_EXECUTABLE: /usr/bin/python3
[2.272s] -- Found rclcpp: 2.4.2 (/opt/ros/foxy/share/rclcpp/cmake)
[2.389s] -- Using all available rosidl_typesupport_c: rosidl_typesupport_fastrtps_c;rosidl_typesupport_introspection_c
[2.406s] -- Found rosidl_adapter: 1.3.0 (/opt/ros/foxy/share/rosidl_adapter/cmake)
[2.608s] -- Found OpenSSL: /usr/lib/x86_64-linux-gnu/libcrypto.so (found version "1.1.1f")  
[2.675s] -- Found FastRTPS: /opt/ros/foxy/include  
[2.849s] -- Using all available rosidl_typesupport_cpp: rosidl_typesupport_fastrtps_cpp;rosidl_typesupport_introspection_cpp
[2.993s] -- Found rmw_implementation_cmake: 1.0.3 (/opt/ros/foxy/share/rmw_implementation_cmake/cmake)
[3.002s] -- Using RMW implementation 'rmw_fastrtps_cpp' as default
[3.003s] -- Looking for pthread.h
[3.387s] -- Looking for pthread.h - found
[3.388s] -- Performing Test CMAKE_HAVE_LIBC_PTHREAD
[3.718s] -- Performing Test CMAKE_HAVE_LIBC_PTHREAD - Failed
[3.719s] -- Looking for pthread_create in pthreads
[4.045s] -- Looking for pthread_create in pthreads - not found
[4.046s] -- Looking for pthread_create in pthread
[4.277s] -- Looking for pthread_create in pthread - found
[4.280s] -- Found Threads: TRUE  
[4.692s] -- Found tlsf_cpp: 0.9.0 (/opt/ros/foxy/share/tlsf_cpp/cmake)
[4.705s] -- Found can_msgs: 0.0.0 (/home/manuel/buggy_ws_beta.a/install/can_msgs/share/can_msgs/cmake)
[5.006s] -- Found buggy_msgs: 0.0.0 (/home/manuel/buggy_ws_beta.a/install/buggy_msgs/share/buggy_msgs/cmake)
[5.092s] -- Found ackermann_msgs: 0.6.2 (/home/manuel/buggy_ws_beta.a/install/ackermann_msgs/share/ackermann_msgs/cmake)
[5.187s] -- Found ros2socketcan_lib: 0.0.0 (/home/manuel/buggy_ws_beta.a/install/ros2socketcan_lib/share/ros2socketcan_lib/cmake)
[5.388s] -- Configuring done
[5.434s] -- Generating done
[5.438s] -- Build files have been written to: /home/manuel/buggy_ws_beta.a/build/ros2car_buggy
[5.459s] Invoked command in '/home/manuel/buggy_ws_beta.a/build/ros2car_buggy' returned '0': AMENT_PREFIX_PATH=/home/manuel/buggy_ws_beta.a/install/ros2socketcan_lib:/home/manuel/buggy_ws_beta.a/install/can_msgs:/home/manuel/buggy_ws_beta.a/install/buggy_msgs:/home/manuel/buggy_ws_beta.a/install/ackermann_msgs:${AMENT_PREFIX_PATH} CMAKE_PREFIX_PATH=/home/manuel/buggy_ws_beta.a/install/ros2socketcan_lib:/home/manuel/buggy_ws_beta.a/install/can_msgs:/home/manuel/buggy_ws_beta.a/install/buggy_msgs:/home/manuel/buggy_ws_beta.a/install/ackermann_msgs:/home/manuel/buggy_space/install/zed_ros2:/home/manuel/buggy_space/install/zed_display_rviz2:/home/manuel/buggy_space/install/zed_wrapper:/home/manuel/buggy_space/install/zed_tutorial_video:/home/manuel/buggy_space/install/zed_tutorial_pos_tracking:/home/manuel/buggy_space/install/zed_tutorial_depth:/home/manuel/buggy_space/install/zed_rgb_convert:/home/manuel/buggy_space/install/zed_components:/home/manuel/buggy_space/install/rviz_plugin_zed_od:/home/manuel/buggy_space/install/zed_interfaces:/home/manuel/buggy_space/install/buggy_mobile_robot:/home/manuel/buggy_space/install/vox_nav_msgs:/home/manuel/buggy_space/install/velodyne:/home/manuel/buggy_space/install/velodyne_pointcloud:/home/manuel/buggy_space/install/velodyne_driver:/home/manuel/buggy_space/install/velodyne_msgs:/home/manuel/buggy_space/install/velodyne_laserscan:/home/manuel/buggy_space/install/teb_local_planner:/home/manuel/buggy_space/install/teb_msgs:/home/manuel/buggy_space/install/sick_scan2:/home/manuel/buggy_space/install/ros_sensors:/home/manuel/buggy_space/install/ros2socketcan_lib:/home/manuel/buggy_space/install/ros2car_buggy:/home/manuel/buggy_space/install/robot_localization:/home/manuel/buggy_space/install/image_common:/home/manuel/buggy_space/install/image_transport:/home/manuel/buggy_space/install/costmap_converter:/home/manuel/buggy_space/install/costmap_converter_msgs:/home/manuel/buggy_space/install/can_msgs:/home/manuel/buggy_space/install/camera_info_manager:/home/manuel/buggy_space/install/camera_calibration_parsers:/home/manuel/buggy_space/install/buggy_msgs:/home/manuel/buggy_space/install/buggy_mobile_navigation:/home/manuel/buggy_space/install/ackermann_msgs:/home/manuel/buggy_space/install/ackermann_interfaces:/home/manuel/buggy_space/install/joint_state_publisher_gui:/home/manuel/buggy_space/install/joint_state_publisher:/home/manuel/buggy_space/install/ackermann_odometry:/home/manuel/buggy_space/install/ackermann_controller:/opt/ros/foxy LD_LIBRARY_PATH=/home/manuel/buggy_ws_beta.a/install/can_msgs/lib:/home/manuel/buggy_ws_beta.a/install/buggy_msgs/lib:/home/manuel/buggy_ws_beta.a/install/ackermann_msgs/lib:${LD_LIBRARY_PATH} PYTHONPATH=/home/manuel/buggy_ws_beta.a/install/can_msgs/lib/python3.8/site-packages:/home/manuel/buggy_ws_beta.a/install/buggy_msgs/lib/python3.8/site-packages:/home/manuel/buggy_ws_beta.a/install/ackermann_msgs/lib/python3.8/site-packages:${PYTHONPATH} /usr/bin/cmake /home/manuel/buggy_ws_beta.a/src/ROS2Vehicle/ros2car_buggy_interface/src/ros2car -DCMAKE_INSTALL_PREFIX=/home/manuel/buggy_ws_beta.a/install/ros2car_buggy
[5.461s] Invoking command in '/home/manuel/buggy_ws_beta.a/build/ros2car_buggy': AMENT_PREFIX_PATH=/home/manuel/buggy_ws_beta.a/install/ros2socketcan_lib:/home/manuel/buggy_ws_beta.a/install/can_msgs:/home/manuel/buggy_ws_beta.a/install/buggy_msgs:/home/manuel/buggy_ws_beta.a/install/ackermann_msgs:${AMENT_PREFIX_PATH} CMAKE_PREFIX_PATH=/home/manuel/buggy_ws_beta.a/install/ros2socketcan_lib:/home/manuel/buggy_ws_beta.a/install/can_msgs:/home/manuel/buggy_ws_beta.a/install/buggy_msgs:/home/manuel/buggy_ws_beta.a/install/ackermann_msgs:/home/manuel/buggy_space/install/zed_ros2:/home/manuel/buggy_space/install/zed_display_rviz2:/home/manuel/buggy_space/install/zed_wrapper:/home/manuel/buggy_space/install/zed_tutorial_video:/home/manuel/buggy_space/install/zed_tutorial_pos_tracking:/home/manuel/buggy_space/install/zed_tutorial_depth:/home/manuel/buggy_space/install/zed_rgb_convert:/home/manuel/buggy_space/install/zed_components:/home/manuel/buggy_space/install/rviz_plugin_zed_od:/home/manuel/buggy_space/install/zed_interfaces:/home/manuel/buggy_space/install/buggy_mobile_robot:/home/manuel/buggy_space/install/vox_nav_msgs:/home/manuel/buggy_space/install/velodyne:/home/manuel/buggy_space/install/velodyne_pointcloud:/home/manuel/buggy_space/install/velodyne_driver:/home/manuel/buggy_space/install/velodyne_msgs:/home/manuel/buggy_space/install/velodyne_laserscan:/home/manuel/buggy_space/install/teb_local_planner:/home/manuel/buggy_space/install/teb_msgs:/home/manuel/buggy_space/install/sick_scan2:/home/manuel/buggy_space/install/ros_sensors:/home/manuel/buggy_space/install/ros2socketcan_lib:/home/manuel/buggy_space/install/ros2car_buggy:/home/manuel/buggy_space/install/robot_localization:/home/manuel/buggy_space/install/image_common:/home/manuel/buggy_space/install/image_transport:/home/manuel/buggy_space/install/costmap_converter:/home/manuel/buggy_space/install/costmap_converter_msgs:/home/manuel/buggy_space/install/can_msgs:/home/manuel/buggy_space/install/camera_info_manager:/home/manuel/buggy_space/install/camera_calibration_parsers:/home/manuel/buggy_space/install/buggy_msgs:/home/manuel/buggy_space/install/buggy_mobile_navigation:/home/manuel/buggy_space/install/ackermann_msgs:/home/manuel/buggy_space/install/ackermann_interfaces:/home/manuel/buggy_space/install/joint_state_publisher_gui:/home/manuel/buggy_space/install/joint_state_publisher:/home/manuel/buggy_space/install/ackermann_odometry:/home/manuel/buggy_space/install/ackermann_controller:/opt/ros/foxy LD_LIBRARY_PATH=/home/manuel/buggy_ws_beta.a/install/can_msgs/lib:/home/manuel/buggy_ws_beta.a/install/buggy_msgs/lib:/home/manuel/buggy_ws_beta.a/install/ackermann_msgs/lib:${LD_LIBRARY_PATH} PYTHONPATH=/home/manuel/buggy_ws_beta.a/install/can_msgs/lib/python3.8/site-packages:/home/manuel/buggy_ws_beta.a/install/buggy_msgs/lib/python3.8/site-packages:/home/manuel/buggy_ws_beta.a/install/ackermann_msgs/lib/python3.8/site-packages:${PYTHONPATH} /usr/bin/cmake --build /home/manuel/buggy_ws_beta.a/build/ros2car_buggy -- -j16 -l16
[5.578s] [35m[1mScanning dependencies of target ros2car_buggy[0m
[5.699s] [ 20%] [32mBuilding CXX object CMakeFiles/ros2car_buggy.dir/src/ros2car_buggy.cpp.o[0m
[5.703s] [ 40%] [32mBuilding CXX object CMakeFiles/ros2car_buggy.dir/src/ros2car_buggy_node.cpp.o[0m
[5.719s] [ 60%] [32mBuilding CXX object CMakeFiles/ros2car_buggy.dir/src/rt_thread.cpp.o[0m
[5.728s] [ 80%] [32mBuilding CXX object CMakeFiles/ros2car_buggy.dir/src/memory_lock.cpp.o[0m
[5.735s] [01m[K/home/manuel/buggy_ws_beta.a/src/ROS2Vehicle/ros2car_buggy_interface/src/ros2car/src/ros2car_buggy_node.cpp:6:37:[m[K [01;35m[Kwarning: [m[Kbackslash and newline separated by space
[5.735s]     6 | #define GET_Heading_Heading(buf) (0 \
[5.736s]       |                                      
[5.736s] [01m[K/home/manuel/buggy_ws_beta.a/src/ROS2Vehicle/ros2car_buggy_interface/src/ros2car/src/ros2car_buggy_node.cpp:7:50:[m[K [01;35m[Kwarning: [m[Kbackslash and newline separated by space
[5.736s]     7 |   | (ubyte)(+(ubyte)((buf[0] >> 0) & 0xff) << 0) \
[5.736s]       |                                                   
[5.737s] [01m[K/home/manuel/buggy_ws_beta.a/src/ROS2Vehicle/ros2car_buggy_interface/src/ros2car/src/ros2car_buggy_node.cpp:8:50:[m[K [01;35m[Kwarning: [m[Kbackslash and newline separated by space
[5.737s]     8 |   | (uword)(+(uword)((buf[1] >> 0) & 0xff) << 8) \
[5.737s]       |                                                   
[5.737s] [01m[K/home/manuel/buggy_ws_beta.a/src/ROS2Vehicle/ros2car_buggy_interface/src/ros2car/src/ros2car_buggy_node.cpp:9:51:[m[K [01;35m[Kwarning: [m[Kbackslash and newline separated by space
[5.737s]     9 |   | (ulong)(+(ulong)((buf[2] >> 0) & 0xff) << 16) \
[5.737s]       |                                                    
[9.725s] [01m[K/home/manuel/buggy_ws_beta.a/src/ROS2Vehicle/ros2car_buggy_interface/src/ros2car/src/ros2car_buggy_node.cpp:[m[K In member function ‘[01m[Kvoid ROS2CAR_Buggy::send_steering_command(double)[m[K’:
[9.725s] [01m[K/home/manuel/buggy_ws_beta.a/src/ROS2Vehicle/ros2car_buggy_interface/src/ros2car/src/ros2car_buggy_node.cpp:427:12:[m[K [01;35m[Kwarning: [m[Kformat ‘[01m[K%d[m[K’ expects argument of type ‘[01m[Kint[m[K’, but argument 2 has type ‘[01m[Kstd::chrono::duration<long int, std::ratio<1, 1000000000> >::rep[m[K’ {aka ‘[01m[Klong int[m[K’} [[01;35m[K-Wformat=[m[K]
[9.725s]   427 |   printf("[01;35m[K%d[m[K\n",[32m[Kdiff_ns.count()-10000000[m[K);
[9.725s]       |           [01;35m[K~^[m[K    [32m[K~~~~~~~~~~~~~~~~~~~~~~~~[m[K
[9.726s]       |            [01;35m[K|[m[K                   [32m[K|[m[K
[9.726s]       |            [01;35m[Kint[m[K                 [32m[Kstd::chrono::duration<long int, std::ratio<1, 1000000000> >::rep {aka long int}[m[K
[9.726s]       |           [32m[K%ld[m[K
[24.571s] [100%] [32m[1mLinking CXX executable ros2car_buggy[0m
[25.582s] [100%] Built target ros2car_buggy
[25.596s] Invoked command in '/home/manuel/buggy_ws_beta.a/build/ros2car_buggy' returned '0': AMENT_PREFIX_PATH=/home/manuel/buggy_ws_beta.a/install/ros2socketcan_lib:/home/manuel/buggy_ws_beta.a/install/can_msgs:/home/manuel/buggy_ws_beta.a/install/buggy_msgs:/home/manuel/buggy_ws_beta.a/install/ackermann_msgs:${AMENT_PREFIX_PATH} CMAKE_PREFIX_PATH=/home/manuel/buggy_ws_beta.a/install/ros2socketcan_lib:/home/manuel/buggy_ws_beta.a/install/can_msgs:/home/manuel/buggy_ws_beta.a/install/buggy_msgs:/home/manuel/buggy_ws_beta.a/install/ackermann_msgs:/home/manuel/buggy_space/install/zed_ros2:/home/manuel/buggy_space/install/zed_display_rviz2:/home/manuel/buggy_space/install/zed_wrapper:/home/manuel/buggy_space/install/zed_tutorial_video:/home/manuel/buggy_space/install/zed_tutorial_pos_tracking:/home/manuel/buggy_space/install/zed_tutorial_depth:/home/manuel/buggy_space/install/zed_rgb_convert:/home/manuel/buggy_space/install/zed_components:/home/manuel/buggy_space/install/rviz_plugin_zed_od:/home/manuel/buggy_space/install/zed_interfaces:/home/manuel/buggy_space/install/buggy_mobile_robot:/home/manuel/buggy_space/install/vox_nav_msgs:/home/manuel/buggy_space/install/velodyne:/home/manuel/buggy_space/install/velodyne_pointcloud:/home/manuel/buggy_space/install/velodyne_driver:/home/manuel/buggy_space/install/velodyne_msgs:/home/manuel/buggy_space/install/velodyne_laserscan:/home/manuel/buggy_space/install/teb_local_planner:/home/manuel/buggy_space/install/teb_msgs:/home/manuel/buggy_space/install/sick_scan2:/home/manuel/buggy_space/install/ros_sensors:/home/manuel/buggy_space/install/ros2socketcan_lib:/home/manuel/buggy_space/install/ros2car_buggy:/home/manuel/buggy_space/install/robot_localization:/home/manuel/buggy_space/install/image_common:/home/manuel/buggy_space/install/image_transport:/home/manuel/buggy_space/install/costmap_converter:/home/manuel/buggy_space/install/costmap_converter_msgs:/home/manuel/buggy_space/install/can_msgs:/home/manuel/buggy_space/install/camera_info_manager:/home/manuel/buggy_space/install/camera_calibration_parsers:/home/manuel/buggy_space/install/buggy_msgs:/home/manuel/buggy_space/install/buggy_mobile_navigation:/home/manuel/buggy_space/install/ackermann_msgs:/home/manuel/buggy_space/install/ackermann_interfaces:/home/manuel/buggy_space/install/joint_state_publisher_gui:/home/manuel/buggy_space/install/joint_state_publisher:/home/manuel/buggy_space/install/ackermann_odometry:/home/manuel/buggy_space/install/ackermann_controller:/opt/ros/foxy LD_LIBRARY_PATH=/home/manuel/buggy_ws_beta.a/install/can_msgs/lib:/home/manuel/buggy_ws_beta.a/install/buggy_msgs/lib:/home/manuel/buggy_ws_beta.a/install/ackermann_msgs/lib:${LD_LIBRARY_PATH} PYTHONPATH=/home/manuel/buggy_ws_beta.a/install/can_msgs/lib/python3.8/site-packages:/home/manuel/buggy_ws_beta.a/install/buggy_msgs/lib/python3.8/site-packages:/home/manuel/buggy_ws_beta.a/install/ackermann_msgs/lib/python3.8/site-packages:${PYTHONPATH} /usr/bin/cmake --build /home/manuel/buggy_ws_beta.a/build/ros2car_buggy -- -j16 -l16
[25.646s] Invoking command in '/home/manuel/buggy_ws_beta.a/build/ros2car_buggy': AMENT_PREFIX_PATH=/home/manuel/buggy_ws_beta.a/install/ros2socketcan_lib:/home/manuel/buggy_ws_beta.a/install/can_msgs:/home/manuel/buggy_ws_beta.a/install/buggy_msgs:/home/manuel/buggy_ws_beta.a/install/ackermann_msgs:${AMENT_PREFIX_PATH} CMAKE_PREFIX_PATH=/home/manuel/buggy_ws_beta.a/install/ros2socketcan_lib:/home/manuel/buggy_ws_beta.a/install/can_msgs:/home/manuel/buggy_ws_beta.a/install/buggy_msgs:/home/manuel/buggy_ws_beta.a/install/ackermann_msgs:/home/manuel/buggy_space/install/zed_ros2:/home/manuel/buggy_space/install/zed_display_rviz2:/home/manuel/buggy_space/install/zed_wrapper:/home/manuel/buggy_space/install/zed_tutorial_video:/home/manuel/buggy_space/install/zed_tutorial_pos_tracking:/home/manuel/buggy_space/install/zed_tutorial_depth:/home/manuel/buggy_space/install/zed_rgb_convert:/home/manuel/buggy_space/install/zed_components:/home/manuel/buggy_space/install/rviz_plugin_zed_od:/home/manuel/buggy_space/install/zed_interfaces:/home/manuel/buggy_space/install/buggy_mobile_robot:/home/manuel/buggy_space/install/vox_nav_msgs:/home/manuel/buggy_space/install/velodyne:/home/manuel/buggy_space/install/velodyne_pointcloud:/home/manuel/buggy_space/install/velodyne_driver:/home/manuel/buggy_space/install/velodyne_msgs:/home/manuel/buggy_space/install/velodyne_laserscan:/home/manuel/buggy_space/install/teb_local_planner:/home/manuel/buggy_space/install/teb_msgs:/home/manuel/buggy_space/install/sick_scan2:/home/manuel/buggy_space/install/ros_sensors:/home/manuel/buggy_space/install/ros2socketcan_lib:/home/manuel/buggy_space/install/ros2car_buggy:/home/manuel/buggy_space/install/robot_localization:/home/manuel/buggy_space/install/image_common:/home/manuel/buggy_space/install/image_transport:/home/manuel/buggy_space/install/costmap_converter:/home/manuel/buggy_space/install/costmap_converter_msgs:/home/manuel/buggy_space/install/can_msgs:/home/manuel/buggy_space/install/camera_info_manager:/home/manuel/buggy_space/install/camera_calibration_parsers:/home/manuel/buggy_space/install/buggy_msgs:/home/manuel/buggy_space/install/buggy_mobile_navigation:/home/manuel/buggy_space/install/ackermann_msgs:/home/manuel/buggy_space/install/ackermann_interfaces:/home/manuel/buggy_space/install/joint_state_publisher_gui:/home/manuel/buggy_space/install/joint_state_publisher:/home/manuel/buggy_space/install/ackermann_odometry:/home/manuel/buggy_space/install/ackermann_controller:/opt/ros/foxy LD_LIBRARY_PATH=/home/manuel/buggy_ws_beta.a/install/can_msgs/lib:/home/manuel/buggy_ws_beta.a/install/buggy_msgs/lib:/home/manuel/buggy_ws_beta.a/install/ackermann_msgs/lib:${LD_LIBRARY_PATH} PYTHONPATH=/home/manuel/buggy_ws_beta.a/install/can_msgs/lib/python3.8/site-packages:/home/manuel/buggy_ws_beta.a/install/buggy_msgs/lib/python3.8/site-packages:/home/manuel/buggy_ws_beta.a/install/ackermann_msgs/lib/python3.8/site-packages:${PYTHONPATH} /usr/bin/cmake --install /home/manuel/buggy_ws_beta.a/build/ros2car_buggy
[25.661s] -- Install configuration: ""
[25.662s] -- Installing: /home/manuel/buggy_ws_beta.a/install/ros2car_buggy/lib/ros2car_buggy/ros2car_buggy
[25.666s] -- Set runtime path of "/home/manuel/buggy_ws_beta.a/install/ros2car_buggy/lib/ros2car_buggy/ros2car_buggy" to ""
[25.666s] -- Installing: /home/manuel/buggy_ws_beta.a/install/ros2car_buggy/share/ament_index/resource_index/package_run_dependencies/ros2car_buggy
[25.666s] -- Installing: /home/manuel/buggy_ws_beta.a/install/ros2car_buggy/share/ament_index/resource_index/parent_prefix_path/ros2car_buggy
[25.667s] -- Installing: /home/manuel/buggy_ws_beta.a/install/ros2car_buggy/share/ros2car_buggy/environment/ament_prefix_path.sh
[25.667s] -- Installing: /home/manuel/buggy_ws_beta.a/install/ros2car_buggy/share/ros2car_buggy/environment/ament_prefix_path.dsv
[25.667s] -- Installing: /home/manuel/buggy_ws_beta.a/install/ros2car_buggy/share/ros2car_buggy/environment/path.sh
[25.667s] -- Installing: /home/manuel/buggy_ws_beta.a/install/ros2car_buggy/share/ros2car_buggy/environment/path.dsv
[25.668s] -- Installing: /home/manuel/buggy_ws_beta.a/install/ros2car_buggy/share/ros2car_buggy/local_setup.bash
[25.668s] -- Installing: /home/manuel/buggy_ws_beta.a/install/ros2car_buggy/share/ros2car_buggy/local_setup.sh
[25.668s] -- Installing: /home/manuel/buggy_ws_beta.a/install/ros2car_buggy/share/ros2car_buggy/local_setup.zsh
[25.668s] -- Installing: /home/manuel/buggy_ws_beta.a/install/ros2car_buggy/share/ros2car_buggy/local_setup.dsv
[25.668s] -- Installing: /home/manuel/buggy_ws_beta.a/install/ros2car_buggy/share/ros2car_buggy/package.dsv
[25.668s] -- Installing: /home/manuel/buggy_ws_beta.a/install/ros2car_buggy/share/ament_index/resource_index/packages/ros2car_buggy
[25.669s] -- Installing: /home/manuel/buggy_ws_beta.a/install/ros2car_buggy/share/ros2car_buggy/cmake/ros2car_buggyConfig.cmake
[25.669s] -- Installing: /home/manuel/buggy_ws_beta.a/install/ros2car_buggy/share/ros2car_buggy/cmake/ros2car_buggyConfig-version.cmake
[25.669s] -- Installing: /home/manuel/buggy_ws_beta.a/install/ros2car_buggy/share/ros2car_buggy/package.xml
[25.676s] Invoked command in '/home/manuel/buggy_ws_beta.a/build/ros2car_buggy' returned '0': AMENT_PREFIX_PATH=/home/manuel/buggy_ws_beta.a/install/ros2socketcan_lib:/home/manuel/buggy_ws_beta.a/install/can_msgs:/home/manuel/buggy_ws_beta.a/install/buggy_msgs:/home/manuel/buggy_ws_beta.a/install/ackermann_msgs:${AMENT_PREFIX_PATH} CMAKE_PREFIX_PATH=/home/manuel/buggy_ws_beta.a/install/ros2socketcan_lib:/home/manuel/buggy_ws_beta.a/install/can_msgs:/home/manuel/buggy_ws_beta.a/install/buggy_msgs:/home/manuel/buggy_ws_beta.a/install/ackermann_msgs:/home/manuel/buggy_space/install/zed_ros2:/home/manuel/buggy_space/install/zed_display_rviz2:/home/manuel/buggy_space/install/zed_wrapper:/home/manuel/buggy_space/install/zed_tutorial_video:/home/manuel/buggy_space/install/zed_tutorial_pos_tracking:/home/manuel/buggy_space/install/zed_tutorial_depth:/home/manuel/buggy_space/install/zed_rgb_convert:/home/manuel/buggy_space/install/zed_components:/home/manuel/buggy_space/install/rviz_plugin_zed_od:/home/manuel/buggy_space/install/zed_interfaces:/home/manuel/buggy_space/install/buggy_mobile_robot:/home/manuel/buggy_space/install/vox_nav_msgs:/home/manuel/buggy_space/install/velodyne:/home/manuel/buggy_space/install/velodyne_pointcloud:/home/manuel/buggy_space/install/velodyne_driver:/home/manuel/buggy_space/install/velodyne_msgs:/home/manuel/buggy_space/install/velodyne_laserscan:/home/manuel/buggy_space/install/teb_local_planner:/home/manuel/buggy_space/install/teb_msgs:/home/manuel/buggy_space/install/sick_scan2:/home/manuel/buggy_space/install/ros_sensors:/home/manuel/buggy_space/install/ros2socketcan_lib:/home/manuel/buggy_space/install/ros2car_buggy:/home/manuel/buggy_space/install/robot_localization:/home/manuel/buggy_space/install/image_common:/home/manuel/buggy_space/install/image_transport:/home/manuel/buggy_space/install/costmap_converter:/home/manuel/buggy_space/install/costmap_converter_msgs:/home/manuel/buggy_space/install/can_msgs:/home/manuel/buggy_space/install/camera_info_manager:/home/manuel/buggy_space/install/camera_calibration_parsers:/home/manuel/buggy_space/install/buggy_msgs:/home/manuel/buggy_space/install/buggy_mobile_navigation:/home/manuel/buggy_space/install/ackermann_msgs:/home/manuel/buggy_space/install/ackermann_interfaces:/home/manuel/buggy_space/install/joint_state_publisher_gui:/home/manuel/buggy_space/install/joint_state_publisher:/home/manuel/buggy_space/install/ackermann_odometry:/home/manuel/buggy_space/install/ackermann_controller:/opt/ros/foxy LD_LIBRARY_PATH=/home/manuel/buggy_ws_beta.a/install/can_msgs/lib:/home/manuel/buggy_ws_beta.a/install/buggy_msgs/lib:/home/manuel/buggy_ws_beta.a/install/ackermann_msgs/lib:${LD_LIBRARY_PATH} PYTHONPATH=/home/manuel/buggy_ws_beta.a/install/can_msgs/lib/python3.8/site-packages:/home/manuel/buggy_ws_beta.a/install/buggy_msgs/lib/python3.8/site-packages:/home/manuel/buggy_ws_beta.a/install/ackermann_msgs/lib/python3.8/site-packages:${PYTHONPATH} /usr/bin/cmake --install /home/manuel/buggy_ws_beta.a/build/ros2car_buggy
