[0.465s] Invoking command in '/home/manuel/buggy_ws_beta.a/build/zed_tutorial_depth': CMAKE_PREFIX_PATH=${CMAKE_PREFIX_PATH}:/home/manuel/buggy_ws_beta.a/install/joint_state_publisher_gui:/home/manuel/buggy_ws_beta.a/install/joint_state_publisher:/home/manuel/buggy_ws_beta.a/install/ackermann_odometry:/home/manuel/buggy_ws_beta.a/install/ackermann_controller:/home/manuel/buggy_space/install/joint_state_publisher_gui:/home/manuel/buggy_space/install/joint_state_publisher:/home/manuel/buggy_space/install/ackermann_odometry:/home/manuel/buggy_space/install/ackermann_controller:/opt/ros/foxy /usr/bin/cmake --build /home/manuel/buggy_ws_beta.a/build/zed_tutorial_depth -- -j16 -l16
[0.551s] [100%] Built target zed_tutorial_depth
[0.577s] Invoked command in '/home/manuel/buggy_ws_beta.a/build/zed_tutorial_depth' returned '0': CMAKE_PREFIX_PATH=${CMAKE_PREFIX_PATH}:/home/manuel/buggy_ws_beta.a/install/joint_state_publisher_gui:/home/manuel/buggy_ws_beta.a/install/joint_state_publisher:/home/manuel/buggy_ws_beta.a/install/ackermann_odometry:/home/manuel/buggy_ws_beta.a/install/ackermann_controller:/home/manuel/buggy_space/install/joint_state_publisher_gui:/home/manuel/buggy_space/install/joint_state_publisher:/home/manuel/buggy_space/install/ackermann_odometry:/home/manuel/buggy_space/install/ackermann_controller:/opt/ros/foxy /usr/bin/cmake --build /home/manuel/buggy_ws_beta.a/build/zed_tutorial_depth -- -j16 -l16
[0.641s] Invoking command in '/home/manuel/buggy_ws_beta.a/build/zed_tutorial_depth': CMAKE_PREFIX_PATH=${CMAKE_PREFIX_PATH}:/home/manuel/buggy_ws_beta.a/install/joint_state_publisher_gui:/home/manuel/buggy_ws_beta.a/install/joint_state_publisher:/home/manuel/buggy_ws_beta.a/install/ackermann_odometry:/home/manuel/buggy_ws_beta.a/install/ackermann_controller:/home/manuel/buggy_space/install/joint_state_publisher_gui:/home/manuel/buggy_space/install/joint_state_publisher:/home/manuel/buggy_space/install/ackermann_odometry:/home/manuel/buggy_space/install/ackermann_controller:/opt/ros/foxy /usr/bin/cmake --install /home/manuel/buggy_ws_beta.a/build/zed_tutorial_depth
[0.675s] -- Install configuration: "Release"
[0.676s] -- Up-to-date: /home/manuel/buggy_ws_beta.a/install/zed_tutorial_depth/lib/zed_tutorial_depth/zed_tutorial_depth
[0.676s] -- Up-to-date: /home/manuel/buggy_ws_beta.a/install/zed_tutorial_depth/share/ament_index/resource_index/package_run_dependencies/zed_tutorial_depth
[0.676s] -- Up-to-date: /home/manuel/buggy_ws_beta.a/install/zed_tutorial_depth/share/ament_index/resource_index/parent_prefix_path/zed_tutorial_depth
[0.676s] -- Up-to-date: /home/manuel/buggy_ws_beta.a/install/zed_tutorial_depth/share/zed_tutorial_depth/environment/ament_prefix_path.sh
[0.676s] -- Up-to-date: /home/manuel/buggy_ws_beta.a/install/zed_tutorial_depth/share/zed_tutorial_depth/environment/ament_prefix_path.dsv
[0.676s] -- Up-to-date: /home/manuel/buggy_ws_beta.a/install/zed_tutorial_depth/share/zed_tutorial_depth/environment/path.sh
[0.676s] -- Up-to-date: /home/manuel/buggy_ws_beta.a/install/zed_tutorial_depth/share/zed_tutorial_depth/environment/path.dsv
[0.676s] -- Up-to-date: /home/manuel/buggy_ws_beta.a/install/zed_tutorial_depth/share/zed_tutorial_depth/local_setup.bash
[0.676s] -- Up-to-date: /home/manuel/buggy_ws_beta.a/install/zed_tutorial_depth/share/zed_tutorial_depth/local_setup.sh
[0.676s] -- Up-to-date: /home/manuel/buggy_ws_beta.a/install/zed_tutorial_depth/share/zed_tutorial_depth/local_setup.zsh
[0.677s] -- Up-to-date: /home/manuel/buggy_ws_beta.a/install/zed_tutorial_depth/share/zed_tutorial_depth/local_setup.dsv
[0.677s] -- Installing: /home/manuel/buggy_ws_beta.a/install/zed_tutorial_depth/share/zed_tutorial_depth/package.dsv
[0.677s] -- Up-to-date: /home/manuel/buggy_ws_beta.a/install/zed_tutorial_depth/share/ament_index/resource_index/packages/zed_tutorial_depth
[0.677s] -- Up-to-date: /home/manuel/buggy_ws_beta.a/install/zed_tutorial_depth/share/zed_tutorial_depth/cmake/zed_tutorial_depthConfig.cmake
[0.677s] -- Up-to-date: /home/manuel/buggy_ws_beta.a/install/zed_tutorial_depth/share/zed_tutorial_depth/cmake/zed_tutorial_depthConfig-version.cmake
[0.677s] -- Up-to-date: /home/manuel/buggy_ws_beta.a/install/zed_tutorial_depth/share/zed_tutorial_depth/package.xml
[0.781s] Invoked command in '/home/manuel/buggy_ws_beta.a/build/zed_tutorial_depth' returned '0': CMAKE_PREFIX_PATH=${CMAKE_PREFIX_PATH}:/home/manuel/buggy_ws_beta.a/install/joint_state_publisher_gui:/home/manuel/buggy_ws_beta.a/install/joint_state_publisher:/home/manuel/buggy_ws_beta.a/install/ackermann_odometry:/home/manuel/buggy_ws_beta.a/install/ackermann_controller:/home/manuel/buggy_space/install/joint_state_publisher_gui:/home/manuel/buggy_space/install/joint_state_publisher:/home/manuel/buggy_space/install/ackermann_odometry:/home/manuel/buggy_space/install/ackermann_controller:/opt/ros/foxy /usr/bin/cmake --install /home/manuel/buggy_ws_beta.a/build/zed_tutorial_depth
