[  1%] Built target vox_nav_msgs__cpp
[ 12%] Built target vox_nav_msgs__rosidl_generator_c
[ 24%] Built target vox_nav_msgs__rosidl_typesupport_introspection_cpp
[ 35%] Built target vox_nav_msgs__rosidl_typesupport_cpp
[ 58%] Built target vox_nav_msgs__rosidl_typesupport_introspection_c
[ 58%] Built target vox_nav_msgs__rosidl_typesupport_c
[ 70%] Built target vox_nav_msgs__rosidl_typesupport_fastrtps_cpp
[ 82%] Built target vox_nav_msgs__rosidl_typesupport_fastrtps_c
[ 82%] Built target vox_nav_msgs
[ 83%] Built target vox_nav_msgs__py
[ 93%] Built target vox_nav_msgs__python
[ 95%] Built target vox_nav_msgs__rosidl_typesupport_c__pyext
[ 97%] Built target vox_nav_msgs__rosidl_typesupport_fastrtps_c__pyext
[100%] Built target vox_nav_msgs__rosidl_typesupport_introspection_c__pyext
-- Install configuration: ""
-- Up-to-date: /home/manuel/buggy_ws_beta.a/install/vox_nav_msgs/share/ament_index/resource_index/rosidl_interfaces/vox_nav_msgs
-- Up-to-date: /home/manuel/buggy_ws_beta.a/install/vox_nav_msgs/include/vox_nav_msgs
-- Up-to-date: /home/manuel/buggy_ws_beta.a/install/vox_nav_msgs/include/vox_nav_msgs/srv
-- Up-to-date: /home/manuel/buggy_ws_beta.a/install/vox_nav_msgs/include/vox_nav_msgs/srv/detail
-- Up-to-date: /home/manuel/buggy_ws_beta.a/install/vox_nav_msgs/include/vox_nav_msgs/srv/detail/get_point_cloud__functions.c
-- Up-to-date: /home/manuel/buggy_ws_beta.a/install/vox_nav_msgs/include/vox_nav_msgs/srv/detail/get_point_cloud__type_support.h
-- Up-to-date: /home/manuel/buggy_ws_beta.a/install/vox_nav_msgs/include/vox_nav_msgs/srv/detail/get_octomap__struct.h
-- Up-to-date: /home/manuel/buggy_ws_beta.a/install/vox_nav_msgs/include/vox_nav_msgs/srv/detail/get_maps_and_surfels__functions.h
-- Up-to-date: /home/manuel/buggy_ws_beta.a/install/vox_nav_msgs/include/vox_nav_msgs/srv/detail/get_octomap__functions.h
-- Up-to-date: /home/manuel/buggy_ws_beta.a/install/vox_nav_msgs/include/vox_nav_msgs/srv/detail/get_maps_and_surfels__type_support.h
-- Up-to-date: /home/manuel/buggy_ws_beta.a/install/vox_nav_msgs/include/vox_nav_msgs/srv/detail/get_maps_and_surfels__struct.h
-- Up-to-date: /home/manuel/buggy_ws_beta.a/install/vox_nav_msgs/include/vox_nav_msgs/srv/detail/get_point_cloud__struct.h
-- Up-to-date: /home/manuel/buggy_ws_beta.a/install/vox_nav_msgs/include/vox_nav_msgs/srv/detail/get_point_cloud__functions.h
-- Up-to-date: /home/manuel/buggy_ws_beta.a/install/vox_nav_msgs/include/vox_nav_msgs/srv/detail/get_maps_and_surfels__functions.c
-- Up-to-date: /home/manuel/buggy_ws_beta.a/install/vox_nav_msgs/include/vox_nav_msgs/srv/detail/get_octomap__type_support.h
-- Up-to-date: /home/manuel/buggy_ws_beta.a/install/vox_nav_msgs/include/vox_nav_msgs/srv/detail/get_octomap__functions.c
-- Up-to-date: /home/manuel/buggy_ws_beta.a/install/vox_nav_msgs/include/vox_nav_msgs/srv/get_octomap.h
-- Up-to-date: /home/manuel/buggy_ws_beta.a/install/vox_nav_msgs/include/vox_nav_msgs/srv/get_point_cloud.h
-- Up-to-date: /home/manuel/buggy_ws_beta.a/install/vox_nav_msgs/include/vox_nav_msgs/srv/get_maps_and_surfels.h
-- Up-to-date: /home/manuel/buggy_ws_beta.a/install/vox_nav_msgs/include/vox_nav_msgs/msg
-- Up-to-date: /home/manuel/buggy_ws_beta.a/install/vox_nav_msgs/include/vox_nav_msgs/msg/detail
-- Up-to-date: /home/manuel/buggy_ws_beta.a/install/vox_nav_msgs/include/vox_nav_msgs/msg/detail/object_array__functions.h
-- Up-to-date: /home/manuel/buggy_ws_beta.a/install/vox_nav_msgs/include/vox_nav_msgs/msg/detail/oriented_nav_sat_fix__functions.c
-- Up-to-date: /home/manuel/buggy_ws_beta.a/install/vox_nav_msgs/include/vox_nav_msgs/msg/detail/object_array__struct.h
-- Up-to-date: /home/manuel/buggy_ws_beta.a/install/vox_nav_msgs/include/vox_nav_msgs/msg/detail/object__functions.h
-- Up-to-date: /home/manuel/buggy_ws_beta.a/install/vox_nav_msgs/include/vox_nav_msgs/msg/detail/object__struct.h
-- Up-to-date: /home/manuel/buggy_ws_beta.a/install/vox_nav_msgs/include/vox_nav_msgs/msg/detail/object__functions.c
-- Up-to-date: /home/manuel/buggy_ws_beta.a/install/vox_nav_msgs/include/vox_nav_msgs/msg/detail/oriented_nav_sat_fix__functions.h
-- Up-to-date: /home/manuel/buggy_ws_beta.a/install/vox_nav_msgs/include/vox_nav_msgs/msg/detail/object_array__functions.c
-- Up-to-date: /home/manuel/buggy_ws_beta.a/install/vox_nav_msgs/include/vox_nav_msgs/msg/detail/oriented_nav_sat_fix__struct.h
-- Up-to-date: /home/manuel/buggy_ws_beta.a/install/vox_nav_msgs/include/vox_nav_msgs/msg/detail/object_array__type_support.h
-- Up-to-date: /home/manuel/buggy_ws_beta.a/install/vox_nav_msgs/include/vox_nav_msgs/msg/detail/oriented_nav_sat_fix__type_support.h
-- Up-to-date: /home/manuel/buggy_ws_beta.a/install/vox_nav_msgs/include/vox_nav_msgs/msg/detail/object__type_support.h
-- Up-to-date: /home/manuel/buggy_ws_beta.a/install/vox_nav_msgs/include/vox_nav_msgs/msg/oriented_nav_sat_fix.h
-- Up-to-date: /home/manuel/buggy_ws_beta.a/install/vox_nav_msgs/include/vox_nav_msgs/msg/object_array.h
-- Up-to-date: /home/manuel/buggy_ws_beta.a/install/vox_nav_msgs/include/vox_nav_msgs/msg/rosidl_generator_c__visibility_control.h
-- Up-to-date: /home/manuel/buggy_ws_beta.a/install/vox_nav_msgs/include/vox_nav_msgs/msg/object.h
-- Up-to-date: /home/manuel/buggy_ws_beta.a/install/vox_nav_msgs/include/vox_nav_msgs/action
-- Up-to-date: /home/manuel/buggy_ws_beta.a/install/vox_nav_msgs/include/vox_nav_msgs/action/detail
-- Up-to-date: /home/manuel/buggy_ws_beta.a/install/vox_nav_msgs/include/vox_nav_msgs/action/detail/compute_path_to_pose__type_support.h
-- Up-to-date: /home/manuel/buggy_ws_beta.a/install/vox_nav_msgs/include/vox_nav_msgs/action/detail/compute_path_to_pose__struct.h
-- Up-to-date: /home/manuel/buggy_ws_beta.a/install/vox_nav_msgs/include/vox_nav_msgs/action/detail/follow_path__struct.h
-- Up-to-date: /home/manuel/buggy_ws_beta.a/install/vox_nav_msgs/include/vox_nav_msgs/action/detail/follow_path__functions.h
-- Up-to-date: /home/manuel/buggy_ws_beta.a/install/vox_nav_msgs/include/vox_nav_msgs/action/detail/compute_path_to_pose__functions.h
-- Up-to-date: /home/manuel/buggy_ws_beta.a/install/vox_nav_msgs/include/vox_nav_msgs/action/detail/navigate_to_pose__functions.c
-- Up-to-date: /home/manuel/buggy_ws_beta.a/install/vox_nav_msgs/include/vox_nav_msgs/action/detail/navigate_to_pose__functions.h
-- Up-to-date: /home/manuel/buggy_ws_beta.a/install/vox_nav_msgs/include/vox_nav_msgs/action/detail/navigate_to_pose__type_support.h
-- Up-to-date: /home/manuel/buggy_ws_beta.a/install/vox_nav_msgs/include/vox_nav_msgs/action/detail/follow_path__type_support.h
-- Up-to-date: /home/manuel/buggy_ws_beta.a/install/vox_nav_msgs/include/vox_nav_msgs/action/detail/navigate_to_pose__struct.h
-- Up-to-date: /home/manuel/buggy_ws_beta.a/install/vox_nav_msgs/include/vox_nav_msgs/action/detail/follow_path__functions.c
-- Up-to-date: /home/manuel/buggy_ws_beta.a/install/vox_nav_msgs/include/vox_nav_msgs/action/detail/compute_path_to_pose__functions.c
-- Up-to-date: /home/manuel/buggy_ws_beta.a/install/vox_nav_msgs/include/vox_nav_msgs/action/follow_path.h
-- Up-to-date: /home/manuel/buggy_ws_beta.a/install/vox_nav_msgs/include/vox_nav_msgs/action/compute_path_to_pose.h
-- Up-to-date: /home/manuel/buggy_ws_beta.a/install/vox_nav_msgs/include/vox_nav_msgs/action/navigate_to_pose.h
-- Up-to-date: /home/manuel/buggy_ws_beta.a/install/vox_nav_msgs/share/vox_nav_msgs/environment/library_path.sh
-- Up-to-date: /home/manuel/buggy_ws_beta.a/install/vox_nav_msgs/share/vox_nav_msgs/environment/library_path.dsv
-- Up-to-date: /home/manuel/buggy_ws_beta.a/install/vox_nav_msgs/lib/libvox_nav_msgs__rosidl_generator_c.so
-- Up-to-date: /home/manuel/buggy_ws_beta.a/install/vox_nav_msgs/include/vox_nav_msgs
-- Up-to-date: /home/manuel/buggy_ws_beta.a/install/vox_nav_msgs/include/vox_nav_msgs/srv
-- Up-to-date: /home/manuel/buggy_ws_beta.a/install/vox_nav_msgs/include/vox_nav_msgs/srv/detail
-- Up-to-date: /home/manuel/buggy_ws_beta.a/install/vox_nav_msgs/include/vox_nav_msgs/srv/detail/get_maps_and_surfels__rosidl_typesupport_fastrtps_c.h
-- Up-to-date: /home/manuel/buggy_ws_beta.a/install/vox_nav_msgs/include/vox_nav_msgs/srv/detail/get_octomap__rosidl_typesupport_fastrtps_c.h
-- Up-to-date: /home/manuel/buggy_ws_beta.a/install/vox_nav_msgs/include/vox_nav_msgs/srv/detail/get_point_cloud__rosidl_typesupport_fastrtps_c.h
-- Up-to-date: /home/manuel/buggy_ws_beta.a/install/vox_nav_msgs/include/vox_nav_msgs/msg
-- Up-to-date: /home/manuel/buggy_ws_beta.a/install/vox_nav_msgs/include/vox_nav_msgs/msg/detail
-- Up-to-date: /home/manuel/buggy_ws_beta.a/install/vox_nav_msgs/include/vox_nav_msgs/msg/detail/object__rosidl_typesupport_fastrtps_c.h
-- Up-to-date: /home/manuel/buggy_ws_beta.a/install/vox_nav_msgs/include/vox_nav_msgs/msg/detail/object_array__rosidl_typesupport_fastrtps_c.h
-- Up-to-date: /home/manuel/buggy_ws_beta.a/install/vox_nav_msgs/include/vox_nav_msgs/msg/detail/oriented_nav_sat_fix__rosidl_typesupport_fastrtps_c.h
-- Up-to-date: /home/manuel/buggy_ws_beta.a/install/vox_nav_msgs/include/vox_nav_msgs/msg/rosidl_typesupport_fastrtps_c__visibility_control.h
-- Up-to-date: /home/manuel/buggy_ws_beta.a/install/vox_nav_msgs/include/vox_nav_msgs/action
-- Up-to-date: /home/manuel/buggy_ws_beta.a/install/vox_nav_msgs/include/vox_nav_msgs/action/detail
-- Up-to-date: /home/manuel/buggy_ws_beta.a/install/vox_nav_msgs/include/vox_nav_msgs/action/detail/compute_path_to_pose__rosidl_typesupport_fastrtps_c.h
-- Up-to-date: /home/manuel/buggy_ws_beta.a/install/vox_nav_msgs/include/vox_nav_msgs/action/detail/follow_path__rosidl_typesupport_fastrtps_c.h
-- Up-to-date: /home/manuel/buggy_ws_beta.a/install/vox_nav_msgs/include/vox_nav_msgs/action/detail/navigate_to_pose__rosidl_typesupport_fastrtps_c.h
-- Up-to-date: /home/manuel/buggy_ws_beta.a/install/vox_nav_msgs/lib/libvox_nav_msgs__rosidl_typesupport_fastrtps_c.so
-- Up-to-date: /home/manuel/buggy_ws_beta.a/install/vox_nav_msgs/include/vox_nav_msgs
-- Up-to-date: /home/manuel/buggy_ws_beta.a/install/vox_nav_msgs/include/vox_nav_msgs/srv
-- Up-to-date: /home/manuel/buggy_ws_beta.a/install/vox_nav_msgs/include/vox_nav_msgs/srv/detail
-- Up-to-date: /home/manuel/buggy_ws_beta.a/install/vox_nav_msgs/include/vox_nav_msgs/srv/detail/dds_fastrtps
-- Up-to-date: /home/manuel/buggy_ws_beta.a/install/vox_nav_msgs/include/vox_nav_msgs/srv/detail/get_octomap__rosidl_typesupport_fastrtps_cpp.hpp
-- Up-to-date: /home/manuel/buggy_ws_beta.a/install/vox_nav_msgs/include/vox_nav_msgs/srv/detail/get_point_cloud__rosidl_typesupport_fastrtps_cpp.hpp
-- Up-to-date: /home/manuel/buggy_ws_beta.a/install/vox_nav_msgs/include/vox_nav_msgs/srv/detail/get_maps_and_surfels__rosidl_typesupport_fastrtps_cpp.hpp
-- Up-to-date: /home/manuel/buggy_ws_beta.a/install/vox_nav_msgs/include/vox_nav_msgs/msg
-- Up-to-date: /home/manuel/buggy_ws_beta.a/install/vox_nav_msgs/include/vox_nav_msgs/msg/detail
-- Up-to-date: /home/manuel/buggy_ws_beta.a/install/vox_nav_msgs/include/vox_nav_msgs/msg/detail/dds_fastrtps
-- Up-to-date: /home/manuel/buggy_ws_beta.a/install/vox_nav_msgs/include/vox_nav_msgs/msg/detail/oriented_nav_sat_fix__rosidl_typesupport_fastrtps_cpp.hpp
-- Up-to-date: /home/manuel/buggy_ws_beta.a/install/vox_nav_msgs/include/vox_nav_msgs/msg/detail/object_array__rosidl_typesupport_fastrtps_cpp.hpp
-- Up-to-date: /home/manuel/buggy_ws_beta.a/install/vox_nav_msgs/include/vox_nav_msgs/msg/detail/object__rosidl_typesupport_fastrtps_cpp.hpp
-- Up-to-date: /home/manuel/buggy_ws_beta.a/install/vox_nav_msgs/include/vox_nav_msgs/msg/rosidl_typesupport_fastrtps_cpp__visibility_control.h
-- Up-to-date: /home/manuel/buggy_ws_beta.a/install/vox_nav_msgs/include/vox_nav_msgs/action
-- Up-to-date: /home/manuel/buggy_ws_beta.a/install/vox_nav_msgs/include/vox_nav_msgs/action/detail
-- Up-to-date: /home/manuel/buggy_ws_beta.a/install/vox_nav_msgs/include/vox_nav_msgs/action/detail/dds_fastrtps
-- Up-to-date: /home/manuel/buggy_ws_beta.a/install/vox_nav_msgs/include/vox_nav_msgs/action/detail/navigate_to_pose__rosidl_typesupport_fastrtps_cpp.hpp
-- Up-to-date: /home/manuel/buggy_ws_beta.a/install/vox_nav_msgs/include/vox_nav_msgs/action/detail/follow_path__rosidl_typesupport_fastrtps_cpp.hpp
-- Up-to-date: /home/manuel/buggy_ws_beta.a/install/vox_nav_msgs/include/vox_nav_msgs/action/detail/compute_path_to_pose__rosidl_typesupport_fastrtps_cpp.hpp
-- Up-to-date: /home/manuel/buggy_ws_beta.a/install/vox_nav_msgs/lib/libvox_nav_msgs__rosidl_typesupport_fastrtps_cpp.so
-- Up-to-date: /home/manuel/buggy_ws_beta.a/install/vox_nav_msgs/include/vox_nav_msgs
-- Up-to-date: /home/manuel/buggy_ws_beta.a/install/vox_nav_msgs/include/vox_nav_msgs/srv
-- Up-to-date: /home/manuel/buggy_ws_beta.a/install/vox_nav_msgs/include/vox_nav_msgs/srv/detail
-- Up-to-date: /home/manuel/buggy_ws_beta.a/install/vox_nav_msgs/include/vox_nav_msgs/srv/detail/get_octomap__type_support.c
-- Up-to-date: /home/manuel/buggy_ws_beta.a/install/vox_nav_msgs/include/vox_nav_msgs/srv/detail/get_point_cloud__type_support.c
-- Up-to-date: /home/manuel/buggy_ws_beta.a/install/vox_nav_msgs/include/vox_nav_msgs/srv/detail/get_octomap__rosidl_typesupport_introspection_c.h
-- Up-to-date: /home/manuel/buggy_ws_beta.a/install/vox_nav_msgs/include/vox_nav_msgs/srv/detail/get_point_cloud__rosidl_typesupport_introspection_c.h
-- Up-to-date: /home/manuel/buggy_ws_beta.a/install/vox_nav_msgs/include/vox_nav_msgs/srv/detail/get_maps_and_surfels__rosidl_typesupport_introspection_c.h
-- Up-to-date: /home/manuel/buggy_ws_beta.a/install/vox_nav_msgs/include/vox_nav_msgs/srv/detail/get_maps_and_surfels__type_support.c
-- Up-to-date: /home/manuel/buggy_ws_beta.a/install/vox_nav_msgs/include/vox_nav_msgs/msg
-- Up-to-date: /home/manuel/buggy_ws_beta.a/install/vox_nav_msgs/include/vox_nav_msgs/msg/detail
-- Up-to-date: /home/manuel/buggy_ws_beta.a/install/vox_nav_msgs/include/vox_nav_msgs/msg/detail/oriented_nav_sat_fix__rosidl_typesupport_introspection_c.h
-- Up-to-date: /home/manuel/buggy_ws_beta.a/install/vox_nav_msgs/include/vox_nav_msgs/msg/detail/object_array__type_support.c
-- Up-to-date: /home/manuel/buggy_ws_beta.a/install/vox_nav_msgs/include/vox_nav_msgs/msg/detail/object__rosidl_typesupport_introspection_c.h
-- Up-to-date: /home/manuel/buggy_ws_beta.a/install/vox_nav_msgs/include/vox_nav_msgs/msg/detail/oriented_nav_sat_fix__type_support.c
-- Up-to-date: /home/manuel/buggy_ws_beta.a/install/vox_nav_msgs/include/vox_nav_msgs/msg/detail/object_array__rosidl_typesupport_introspection_c.h
-- Up-to-date: /home/manuel/buggy_ws_beta.a/install/vox_nav_msgs/include/vox_nav_msgs/msg/detail/object__type_support.c
-- Up-to-date: /home/manuel/buggy_ws_beta.a/install/vox_nav_msgs/include/vox_nav_msgs/msg/rosidl_typesupport_introspection_c__visibility_control.h
-- Up-to-date: /home/manuel/buggy_ws_beta.a/install/vox_nav_msgs/include/vox_nav_msgs/action
-- Up-to-date: /home/manuel/buggy_ws_beta.a/install/vox_nav_msgs/include/vox_nav_msgs/action/detail
-- Up-to-date: /home/manuel/buggy_ws_beta.a/install/vox_nav_msgs/include/vox_nav_msgs/action/detail/navigate_to_pose__rosidl_typesupport_introspection_c.h
-- Up-to-date: /home/manuel/buggy_ws_beta.a/install/vox_nav_msgs/include/vox_nav_msgs/action/detail/compute_path_to_pose__type_support.c
-- Up-to-date: /home/manuel/buggy_ws_beta.a/install/vox_nav_msgs/include/vox_nav_msgs/action/detail/follow_path__type_support.c
-- Up-to-date: /home/manuel/buggy_ws_beta.a/install/vox_nav_msgs/include/vox_nav_msgs/action/detail/compute_path_to_pose__rosidl_typesupport_introspection_c.h
-- Up-to-date: /home/manuel/buggy_ws_beta.a/install/vox_nav_msgs/include/vox_nav_msgs/action/detail/follow_path__rosidl_typesupport_introspection_c.h
-- Up-to-date: /home/manuel/buggy_ws_beta.a/install/vox_nav_msgs/include/vox_nav_msgs/action/detail/navigate_to_pose__type_support.c
-- Up-to-date: /home/manuel/buggy_ws_beta.a/install/vox_nav_msgs/lib/libvox_nav_msgs__rosidl_typesupport_introspection_c.so
-- Up-to-date: /home/manuel/buggy_ws_beta.a/install/vox_nav_msgs/lib/libvox_nav_msgs__rosidl_typesupport_c.so
-- Up-to-date: /home/manuel/buggy_ws_beta.a/install/vox_nav_msgs/include/vox_nav_msgs
-- Up-to-date: /home/manuel/buggy_ws_beta.a/install/vox_nav_msgs/include/vox_nav_msgs/srv
-- Up-to-date: /home/manuel/buggy_ws_beta.a/install/vox_nav_msgs/include/vox_nav_msgs/srv/detail
-- Up-to-date: /home/manuel/buggy_ws_beta.a/install/vox_nav_msgs/include/vox_nav_msgs/srv/detail/get_octomap__builder.hpp
-- Up-to-date: /home/manuel/buggy_ws_beta.a/install/vox_nav_msgs/include/vox_nav_msgs/srv/detail/get_point_cloud__struct.hpp
-- Up-to-date: /home/manuel/buggy_ws_beta.a/install/vox_nav_msgs/include/vox_nav_msgs/srv/detail/get_octomap__struct.hpp
-- Up-to-date: /home/manuel/buggy_ws_beta.a/install/vox_nav_msgs/include/vox_nav_msgs/srv/detail/get_point_cloud__traits.hpp
-- Up-to-date: /home/manuel/buggy_ws_beta.a/install/vox_nav_msgs/include/vox_nav_msgs/srv/detail/get_maps_and_surfels__struct.hpp
-- Up-to-date: /home/manuel/buggy_ws_beta.a/install/vox_nav_msgs/include/vox_nav_msgs/srv/detail/get_point_cloud__builder.hpp
-- Up-to-date: /home/manuel/buggy_ws_beta.a/install/vox_nav_msgs/include/vox_nav_msgs/srv/detail/get_octomap__traits.hpp
-- Up-to-date: /home/manuel/buggy_ws_beta.a/install/vox_nav_msgs/include/vox_nav_msgs/srv/detail/get_maps_and_surfels__builder.hpp
-- Up-to-date: /home/manuel/buggy_ws_beta.a/install/vox_nav_msgs/include/vox_nav_msgs/srv/detail/get_maps_and_surfels__traits.hpp
-- Up-to-date: /home/manuel/buggy_ws_beta.a/install/vox_nav_msgs/include/vox_nav_msgs/srv/get_maps_and_surfels.hpp
-- Up-to-date: /home/manuel/buggy_ws_beta.a/install/vox_nav_msgs/include/vox_nav_msgs/srv/get_point_cloud.hpp
-- Up-to-date: /home/manuel/buggy_ws_beta.a/install/vox_nav_msgs/include/vox_nav_msgs/srv/get_octomap.hpp
-- Up-to-date: /home/manuel/buggy_ws_beta.a/install/vox_nav_msgs/include/vox_nav_msgs/msg
-- Up-to-date: /home/manuel/buggy_ws_beta.a/install/vox_nav_msgs/include/vox_nav_msgs/msg/detail
-- Up-to-date: /home/manuel/buggy_ws_beta.a/install/vox_nav_msgs/include/vox_nav_msgs/msg/detail/object__traits.hpp
-- Up-to-date: /home/manuel/buggy_ws_beta.a/install/vox_nav_msgs/include/vox_nav_msgs/msg/detail/object__struct.hpp
-- Up-to-date: /home/manuel/buggy_ws_beta.a/install/vox_nav_msgs/include/vox_nav_msgs/msg/detail/oriented_nav_sat_fix__builder.hpp
-- Up-to-date: /home/manuel/buggy_ws_beta.a/install/vox_nav_msgs/include/vox_nav_msgs/msg/detail/object_array__builder.hpp
-- Up-to-date: /home/manuel/buggy_ws_beta.a/install/vox_nav_msgs/include/vox_nav_msgs/msg/detail/object__builder.hpp
-- Up-to-date: /home/manuel/buggy_ws_beta.a/install/vox_nav_msgs/include/vox_nav_msgs/msg/detail/oriented_nav_sat_fix__struct.hpp
-- Up-to-date: /home/manuel/buggy_ws_beta.a/install/vox_nav_msgs/include/vox_nav_msgs/msg/detail/oriented_nav_sat_fix__traits.hpp
-- Up-to-date: /home/manuel/buggy_ws_beta.a/install/vox_nav_msgs/include/vox_nav_msgs/msg/detail/object_array__struct.hpp
-- Up-to-date: /home/manuel/buggy_ws_beta.a/install/vox_nav_msgs/include/vox_nav_msgs/msg/detail/object_array__traits.hpp
-- Up-to-date: /home/manuel/buggy_ws_beta.a/install/vox_nav_msgs/include/vox_nav_msgs/msg/oriented_nav_sat_fix.hpp
-- Up-to-date: /home/manuel/buggy_ws_beta.a/install/vox_nav_msgs/include/vox_nav_msgs/msg/object_array.hpp
-- Up-to-date: /home/manuel/buggy_ws_beta.a/install/vox_nav_msgs/include/vox_nav_msgs/msg/object.hpp
-- Up-to-date: /home/manuel/buggy_ws_beta.a/install/vox_nav_msgs/include/vox_nav_msgs/action
-- Up-to-date: /home/manuel/buggy_ws_beta.a/install/vox_nav_msgs/include/vox_nav_msgs/action/detail
-- Up-to-date: /home/manuel/buggy_ws_beta.a/install/vox_nav_msgs/include/vox_nav_msgs/action/detail/navigate_to_pose__struct.hpp
-- Up-to-date: /home/manuel/buggy_ws_beta.a/install/vox_nav_msgs/include/vox_nav_msgs/action/detail/navigate_to_pose__traits.hpp
-- Up-to-date: /home/manuel/buggy_ws_beta.a/install/vox_nav_msgs/include/vox_nav_msgs/action/detail/compute_path_to_pose__builder.hpp
-- Up-to-date: /home/manuel/buggy_ws_beta.a/install/vox_nav_msgs/include/vox_nav_msgs/action/detail/compute_path_to_pose__traits.hpp
-- Up-to-date: /home/manuel/buggy_ws_beta.a/install/vox_nav_msgs/include/vox_nav_msgs/action/detail/follow_path__builder.hpp
-- Up-to-date: /home/manuel/buggy_ws_beta.a/install/vox_nav_msgs/include/vox_nav_msgs/action/detail/follow_path__traits.hpp
-- Up-to-date: /home/manuel/buggy_ws_beta.a/install/vox_nav_msgs/include/vox_nav_msgs/action/detail/compute_path_to_pose__struct.hpp
-- Up-to-date: /home/manuel/buggy_ws_beta.a/install/vox_nav_msgs/include/vox_nav_msgs/action/detail/navigate_to_pose__builder.hpp
-- Up-to-date: /home/manuel/buggy_ws_beta.a/install/vox_nav_msgs/include/vox_nav_msgs/action/detail/follow_path__struct.hpp
-- Up-to-date: /home/manuel/buggy_ws_beta.a/install/vox_nav_msgs/include/vox_nav_msgs/action/follow_path.hpp
-- Up-to-date: /home/manuel/buggy_ws_beta.a/install/vox_nav_msgs/include/vox_nav_msgs/action/navigate_to_pose.hpp
-- Up-to-date: /home/manuel/buggy_ws_beta.a/install/vox_nav_msgs/include/vox_nav_msgs/action/compute_path_to_pose.hpp
-- Up-to-date: /home/manuel/buggy_ws_beta.a/install/vox_nav_msgs/include/vox_nav_msgs
-- Up-to-date: /home/manuel/buggy_ws_beta.a/install/vox_nav_msgs/include/vox_nav_msgs/srv
-- Up-to-date: /home/manuel/buggy_ws_beta.a/install/vox_nav_msgs/include/vox_nav_msgs/srv/detail
-- Up-to-date: /home/manuel/buggy_ws_beta.a/install/vox_nav_msgs/include/vox_nav_msgs/srv/detail/get_maps_and_surfels__rosidl_typesupport_introspection_cpp.hpp
-- Up-to-date: /home/manuel/buggy_ws_beta.a/install/vox_nav_msgs/include/vox_nav_msgs/srv/detail/get_octomap__rosidl_typesupport_introspection_cpp.hpp
-- Up-to-date: /home/manuel/buggy_ws_beta.a/install/vox_nav_msgs/include/vox_nav_msgs/srv/detail/get_point_cloud__rosidl_typesupport_introspection_cpp.hpp
-- Up-to-date: /home/manuel/buggy_ws_beta.a/install/vox_nav_msgs/include/vox_nav_msgs/srv/detail/get_maps_and_surfels__type_support.cpp
-- Up-to-date: /home/manuel/buggy_ws_beta.a/install/vox_nav_msgs/include/vox_nav_msgs/srv/detail/get_octomap__type_support.cpp
-- Up-to-date: /home/manuel/buggy_ws_beta.a/install/vox_nav_msgs/include/vox_nav_msgs/srv/detail/get_point_cloud__type_support.cpp
-- Up-to-date: /home/manuel/buggy_ws_beta.a/install/vox_nav_msgs/include/vox_nav_msgs/msg
-- Up-to-date: /home/manuel/buggy_ws_beta.a/install/vox_nav_msgs/include/vox_nav_msgs/msg/detail
-- Up-to-date: /home/manuel/buggy_ws_beta.a/install/vox_nav_msgs/include/vox_nav_msgs/msg/detail/object__type_support.cpp
-- Up-to-date: /home/manuel/buggy_ws_beta.a/install/vox_nav_msgs/include/vox_nav_msgs/msg/detail/object__rosidl_typesupport_introspection_cpp.hpp
-- Up-to-date: /home/manuel/buggy_ws_beta.a/install/vox_nav_msgs/include/vox_nav_msgs/msg/detail/object_array__type_support.cpp
-- Up-to-date: /home/manuel/buggy_ws_beta.a/install/vox_nav_msgs/include/vox_nav_msgs/msg/detail/oriented_nav_sat_fix__rosidl_typesupport_introspection_cpp.hpp
-- Up-to-date: /home/manuel/buggy_ws_beta.a/install/vox_nav_msgs/include/vox_nav_msgs/msg/detail/object_array__rosidl_typesupport_introspection_cpp.hpp
-- Up-to-date: /home/manuel/buggy_ws_beta.a/install/vox_nav_msgs/include/vox_nav_msgs/msg/detail/oriented_nav_sat_fix__type_support.cpp
-- Up-to-date: /home/manuel/buggy_ws_beta.a/install/vox_nav_msgs/include/vox_nav_msgs/action
-- Up-to-date: /home/manuel/buggy_ws_beta.a/install/vox_nav_msgs/include/vox_nav_msgs/action/detail
-- Up-to-date: /home/manuel/buggy_ws_beta.a/install/vox_nav_msgs/include/vox_nav_msgs/action/detail/follow_path__rosidl_typesupport_introspection_cpp.hpp
-- Up-to-date: /home/manuel/buggy_ws_beta.a/install/vox_nav_msgs/include/vox_nav_msgs/action/detail/navigate_to_pose__type_support.cpp
-- Up-to-date: /home/manuel/buggy_ws_beta.a/install/vox_nav_msgs/include/vox_nav_msgs/action/detail/navigate_to_pose__rosidl_typesupport_introspection_cpp.hpp
-- Up-to-date: /home/manuel/buggy_ws_beta.a/install/vox_nav_msgs/include/vox_nav_msgs/action/detail/follow_path__type_support.cpp
-- Up-to-date: /home/manuel/buggy_ws_beta.a/install/vox_nav_msgs/include/vox_nav_msgs/action/detail/compute_path_to_pose__type_support.cpp
-- Up-to-date: /home/manuel/buggy_ws_beta.a/install/vox_nav_msgs/include/vox_nav_msgs/action/detail/compute_path_to_pose__rosidl_typesupport_introspection_cpp.hpp
-- Up-to-date: /home/manuel/buggy_ws_beta.a/install/vox_nav_msgs/lib/libvox_nav_msgs__rosidl_typesupport_introspection_cpp.so
-- Up-to-date: /home/manuel/buggy_ws_beta.a/install/vox_nav_msgs/lib/libvox_nav_msgs__rosidl_typesupport_cpp.so
-- Up-to-date: /home/manuel/buggy_ws_beta.a/install/vox_nav_msgs/share/vox_nav_msgs/environment/pythonpath.sh
-- Up-to-date: /home/manuel/buggy_ws_beta.a/install/vox_nav_msgs/share/vox_nav_msgs/environment/pythonpath.dsv
-- Up-to-date: /home/manuel/buggy_ws_beta.a/install/vox_nav_msgs/lib/python3.8/site-packages/vox_nav_msgs/__init__.py
-- Up-to-date: /home/manuel/buggy_ws_beta.a/install/vox_nav_msgs/lib/python3.8/site-packages/vox_nav_msgs/msg
-- Up-to-date: /home/manuel/buggy_ws_beta.a/install/vox_nav_msgs/lib/python3.8/site-packages/vox_nav_msgs/msg/_object_array_s.c
-- Up-to-date: /home/manuel/buggy_ws_beta.a/install/vox_nav_msgs/lib/python3.8/site-packages/vox_nav_msgs/msg/_object_s.c
-- Up-to-date: /home/manuel/buggy_ws_beta.a/install/vox_nav_msgs/lib/python3.8/site-packages/vox_nav_msgs/msg/_oriented_nav_sat_fix_s.c
-- Up-to-date: /home/manuel/buggy_ws_beta.a/install/vox_nav_msgs/lib/python3.8/site-packages/vox_nav_msgs/msg/_object_array.py
-- Up-to-date: /home/manuel/buggy_ws_beta.a/install/vox_nav_msgs/lib/python3.8/site-packages/vox_nav_msgs/msg/_object.py
-- Up-to-date: /home/manuel/buggy_ws_beta.a/install/vox_nav_msgs/lib/python3.8/site-packages/vox_nav_msgs/msg/_oriented_nav_sat_fix.py
-- Up-to-date: /home/manuel/buggy_ws_beta.a/install/vox_nav_msgs/lib/python3.8/site-packages/vox_nav_msgs/msg/__init__.py
-- Up-to-date: /home/manuel/buggy_ws_beta.a/install/vox_nav_msgs/lib/python3.8/site-packages/vox_nav_msgs/srv
-- Up-to-date: /home/manuel/buggy_ws_beta.a/install/vox_nav_msgs/lib/python3.8/site-packages/vox_nav_msgs/srv/_get_octomap_s.c
-- Up-to-date: /home/manuel/buggy_ws_beta.a/install/vox_nav_msgs/lib/python3.8/site-packages/vox_nav_msgs/srv/_get_point_cloud.py
-- Up-to-date: /home/manuel/buggy_ws_beta.a/install/vox_nav_msgs/lib/python3.8/site-packages/vox_nav_msgs/srv/_get_maps_and_surfels_s.c
-- Up-to-date: /home/manuel/buggy_ws_beta.a/install/vox_nav_msgs/lib/python3.8/site-packages/vox_nav_msgs/srv/_get_maps_and_surfels.py
-- Up-to-date: /home/manuel/buggy_ws_beta.a/install/vox_nav_msgs/lib/python3.8/site-packages/vox_nav_msgs/srv/_get_octomap.py
-- Up-to-date: /home/manuel/buggy_ws_beta.a/install/vox_nav_msgs/lib/python3.8/site-packages/vox_nav_msgs/srv/__init__.py
-- Up-to-date: /home/manuel/buggy_ws_beta.a/install/vox_nav_msgs/lib/python3.8/site-packages/vox_nav_msgs/srv/_get_point_cloud_s.c
-- Up-to-date: /home/manuel/buggy_ws_beta.a/install/vox_nav_msgs/lib/python3.8/site-packages/vox_nav_msgs/action
-- Up-to-date: /home/manuel/buggy_ws_beta.a/install/vox_nav_msgs/lib/python3.8/site-packages/vox_nav_msgs/action/_compute_path_to_pose.py
-- Up-to-date: /home/manuel/buggy_ws_beta.a/install/vox_nav_msgs/lib/python3.8/site-packages/vox_nav_msgs/action/_follow_path_s.c
-- Up-to-date: /home/manuel/buggy_ws_beta.a/install/vox_nav_msgs/lib/python3.8/site-packages/vox_nav_msgs/action/_navigate_to_pose.py
-- Up-to-date: /home/manuel/buggy_ws_beta.a/install/vox_nav_msgs/lib/python3.8/site-packages/vox_nav_msgs/action/_follow_path.py
-- Up-to-date: /home/manuel/buggy_ws_beta.a/install/vox_nav_msgs/lib/python3.8/site-packages/vox_nav_msgs/action/_navigate_to_pose_s.c
-- Up-to-date: /home/manuel/buggy_ws_beta.a/install/vox_nav_msgs/lib/python3.8/site-packages/vox_nav_msgs/action/_compute_path_to_pose_s.c
-- Up-to-date: /home/manuel/buggy_ws_beta.a/install/vox_nav_msgs/lib/python3.8/site-packages/vox_nav_msgs/action/__init__.py
-- Up-to-date: /home/manuel/buggy_ws_beta.a/install/vox_nav_msgs/lib/python3.8/site-packages/vox_nav_msgs/vox_nav_msgs_s__rosidl_typesupport_fastrtps_c.cpython-38-x86_64-linux-gnu.so
-- Up-to-date: /home/manuel/buggy_ws_beta.a/install/vox_nav_msgs/lib/python3.8/site-packages/vox_nav_msgs/vox_nav_msgs_s__rosidl_typesupport_introspection_c.cpython-38-x86_64-linux-gnu.so
-- Up-to-date: /home/manuel/buggy_ws_beta.a/install/vox_nav_msgs/lib/python3.8/site-packages/vox_nav_msgs/vox_nav_msgs_s__rosidl_typesupport_c.cpython-38-x86_64-linux-gnu.so
-- Up-to-date: /home/manuel/buggy_ws_beta.a/install/vox_nav_msgs/lib/libvox_nav_msgs__python.so
-- Up-to-date: /home/manuel/buggy_ws_beta.a/install/vox_nav_msgs/share/vox_nav_msgs/msg/Object.idl
-- Up-to-date: /home/manuel/buggy_ws_beta.a/install/vox_nav_msgs/share/vox_nav_msgs/msg/ObjectArray.idl
-- Up-to-date: /home/manuel/buggy_ws_beta.a/install/vox_nav_msgs/share/vox_nav_msgs/msg/OrientedNavSatFix.idl
-- Up-to-date: /home/manuel/buggy_ws_beta.a/install/vox_nav_msgs/share/vox_nav_msgs/srv/GetOctomap.idl
-- Up-to-date: /home/manuel/buggy_ws_beta.a/install/vox_nav_msgs/share/vox_nav_msgs/srv/GetPointCloud.idl
-- Up-to-date: /home/manuel/buggy_ws_beta.a/install/vox_nav_msgs/share/vox_nav_msgs/srv/GetMapsAndSurfels.idl
-- Up-to-date: /home/manuel/buggy_ws_beta.a/install/vox_nav_msgs/share/vox_nav_msgs/action/ComputePathToPose.idl
-- Up-to-date: /home/manuel/buggy_ws_beta.a/install/vox_nav_msgs/share/vox_nav_msgs/action/FollowPath.idl
-- Up-to-date: /home/manuel/buggy_ws_beta.a/install/vox_nav_msgs/share/vox_nav_msgs/action/NavigateToPose.idl
-- Up-to-date: /home/manuel/buggy_ws_beta.a/install/vox_nav_msgs/share/vox_nav_msgs/msg/Object.msg
-- Up-to-date: /home/manuel/buggy_ws_beta.a/install/vox_nav_msgs/share/vox_nav_msgs/msg/ObjectArray.msg
-- Up-to-date: /home/manuel/buggy_ws_beta.a/install/vox_nav_msgs/share/vox_nav_msgs/msg/OrientedNavSatFix.msg
-- Up-to-date: /home/manuel/buggy_ws_beta.a/install/vox_nav_msgs/share/vox_nav_msgs/srv/GetOctomap.srv
-- Up-to-date: /home/manuel/buggy_ws_beta.a/install/vox_nav_msgs/share/vox_nav_msgs/srv/GetOctomap_Request.msg
-- Up-to-date: /home/manuel/buggy_ws_beta.a/install/vox_nav_msgs/share/vox_nav_msgs/srv/GetOctomap_Response.msg
-- Up-to-date: /home/manuel/buggy_ws_beta.a/install/vox_nav_msgs/share/vox_nav_msgs/srv/GetPointCloud.srv
-- Up-to-date: /home/manuel/buggy_ws_beta.a/install/vox_nav_msgs/share/vox_nav_msgs/srv/GetPointCloud_Request.msg
-- Up-to-date: /home/manuel/buggy_ws_beta.a/install/vox_nav_msgs/share/vox_nav_msgs/srv/GetPointCloud_Response.msg
-- Up-to-date: /home/manuel/buggy_ws_beta.a/install/vox_nav_msgs/share/vox_nav_msgs/srv/GetMapsAndSurfels.srv
-- Up-to-date: /home/manuel/buggy_ws_beta.a/install/vox_nav_msgs/share/vox_nav_msgs/srv/GetMapsAndSurfels_Request.msg
-- Up-to-date: /home/manuel/buggy_ws_beta.a/install/vox_nav_msgs/share/vox_nav_msgs/srv/GetMapsAndSurfels_Response.msg
-- Up-to-date: /home/manuel/buggy_ws_beta.a/install/vox_nav_msgs/share/vox_nav_msgs/action/ComputePathToPose.action
-- Up-to-date: /home/manuel/buggy_ws_beta.a/install/vox_nav_msgs/share/vox_nav_msgs/action/FollowPath.action
-- Up-to-date: /home/manuel/buggy_ws_beta.a/install/vox_nav_msgs/share/vox_nav_msgs/action/NavigateToPose.action
-- Up-to-date: /home/manuel/buggy_ws_beta.a/install/vox_nav_msgs/share/ament_index/resource_index/package_run_dependencies/vox_nav_msgs
-- Up-to-date: /home/manuel/buggy_ws_beta.a/install/vox_nav_msgs/share/ament_index/resource_index/parent_prefix_path/vox_nav_msgs
-- Up-to-date: /home/manuel/buggy_ws_beta.a/install/vox_nav_msgs/share/vox_nav_msgs/environment/ament_prefix_path.sh
-- Up-to-date: /home/manuel/buggy_ws_beta.a/install/vox_nav_msgs/share/vox_nav_msgs/environment/ament_prefix_path.dsv
-- Up-to-date: /home/manuel/buggy_ws_beta.a/install/vox_nav_msgs/share/vox_nav_msgs/environment/path.sh
-- Up-to-date: /home/manuel/buggy_ws_beta.a/install/vox_nav_msgs/share/vox_nav_msgs/environment/path.dsv
-- Up-to-date: /home/manuel/buggy_ws_beta.a/install/vox_nav_msgs/share/vox_nav_msgs/local_setup.bash
-- Up-to-date: /home/manuel/buggy_ws_beta.a/install/vox_nav_msgs/share/vox_nav_msgs/local_setup.sh
-- Up-to-date: /home/manuel/buggy_ws_beta.a/install/vox_nav_msgs/share/vox_nav_msgs/local_setup.zsh
-- Up-to-date: /home/manuel/buggy_ws_beta.a/install/vox_nav_msgs/share/vox_nav_msgs/local_setup.dsv
-- Installing: /home/manuel/buggy_ws_beta.a/install/vox_nav_msgs/share/vox_nav_msgs/package.dsv
-- Up-to-date: /home/manuel/buggy_ws_beta.a/install/vox_nav_msgs/share/ament_index/resource_index/packages/vox_nav_msgs
-- Up-to-date: /home/manuel/buggy_ws_beta.a/install/vox_nav_msgs/share/vox_nav_msgs/cmake/vox_nav_msgs__rosidl_generator_cExport.cmake
-- Up-to-date: /home/manuel/buggy_ws_beta.a/install/vox_nav_msgs/share/vox_nav_msgs/cmake/vox_nav_msgs__rosidl_generator_cExport-noconfig.cmake
-- Up-to-date: /home/manuel/buggy_ws_beta.a/install/vox_nav_msgs/share/vox_nav_msgs/cmake/vox_nav_msgs__rosidl_typesupport_introspection_cExport.cmake
-- Up-to-date: /home/manuel/buggy_ws_beta.a/install/vox_nav_msgs/share/vox_nav_msgs/cmake/vox_nav_msgs__rosidl_typesupport_introspection_cExport-noconfig.cmake
-- Up-to-date: /home/manuel/buggy_ws_beta.a/install/vox_nav_msgs/share/vox_nav_msgs/cmake/vox_nav_msgs__rosidl_typesupport_cExport.cmake
-- Up-to-date: /home/manuel/buggy_ws_beta.a/install/vox_nav_msgs/share/vox_nav_msgs/cmake/vox_nav_msgs__rosidl_typesupport_cExport-noconfig.cmake
-- Up-to-date: /home/manuel/buggy_ws_beta.a/install/vox_nav_msgs/share/vox_nav_msgs/cmake/vox_nav_msgs__rosidl_generator_cppExport.cmake
-- Up-to-date: /home/manuel/buggy_ws_beta.a/install/vox_nav_msgs/share/vox_nav_msgs/cmake/vox_nav_msgs__rosidl_typesupport_introspection_cppExport.cmake
-- Up-to-date: /home/manuel/buggy_ws_beta.a/install/vox_nav_msgs/share/vox_nav_msgs/cmake/vox_nav_msgs__rosidl_typesupport_introspection_cppExport-noconfig.cmake
-- Up-to-date: /home/manuel/buggy_ws_beta.a/install/vox_nav_msgs/share/vox_nav_msgs/cmake/vox_nav_msgs__rosidl_typesupport_cppExport.cmake
-- Up-to-date: /home/manuel/buggy_ws_beta.a/install/vox_nav_msgs/share/vox_nav_msgs/cmake/vox_nav_msgs__rosidl_typesupport_cppExport-noconfig.cmake
-- Up-to-date: /home/manuel/buggy_ws_beta.a/install/vox_nav_msgs/share/vox_nav_msgs/cmake/rosidl_cmake-extras.cmake
-- Up-to-date: /home/manuel/buggy_ws_beta.a/install/vox_nav_msgs/share/vox_nav_msgs/cmake/ament_cmake_export_dependencies-extras.cmake
-- Up-to-date: /home/manuel/buggy_ws_beta.a/install/vox_nav_msgs/share/vox_nav_msgs/cmake/ament_cmake_export_libraries-extras.cmake
-- Up-to-date: /home/manuel/buggy_ws_beta.a/install/vox_nav_msgs/share/vox_nav_msgs/cmake/ament_cmake_export_targets-extras.cmake
-- Up-to-date: /home/manuel/buggy_ws_beta.a/install/vox_nav_msgs/share/vox_nav_msgs/cmake/ament_cmake_export_include_directories-extras.cmake
-- Up-to-date: /home/manuel/buggy_ws_beta.a/install/vox_nav_msgs/share/vox_nav_msgs/cmake/rosidl_cmake_export_typesupport_libraries-extras.cmake
-- Up-to-date: /home/manuel/buggy_ws_beta.a/install/vox_nav_msgs/share/vox_nav_msgs/cmake/rosidl_cmake_export_typesupport_targets-extras.cmake
-- Up-to-date: /home/manuel/buggy_ws_beta.a/install/vox_nav_msgs/share/vox_nav_msgs/cmake/vox_nav_msgsConfig.cmake
-- Up-to-date: /home/manuel/buggy_ws_beta.a/install/vox_nav_msgs/share/vox_nav_msgs/cmake/vox_nav_msgsConfig-version.cmake
-- Up-to-date: /home/manuel/buggy_ws_beta.a/install/vox_nav_msgs/share/vox_nav_msgs/package.xml
