[0.483s] Invoking command in '/home/manuel/buggy_ws_beta.a/build/vox_nav_msgs': CMAKE_PREFIX_PATH=${CMAKE_PREFIX_PATH}:/home/manuel/buggy_ws_beta.a/install/joint_state_publisher_gui:/home/manuel/buggy_ws_beta.a/install/joint_state_publisher:/home/manuel/buggy_ws_beta.a/install/ackermann_odometry:/home/manuel/buggy_ws_beta.a/install/ackermann_controller:/home/manuel/buggy_space/install/joint_state_publisher_gui:/home/manuel/buggy_space/install/joint_state_publisher:/home/manuel/buggy_space/install/ackermann_odometry:/home/manuel/buggy_space/install/ackermann_controller:/opt/ros/foxy /usr/bin/cmake --build /home/manuel/buggy_ws_beta.a/build/vox_nav_msgs -- -j16 -l16
[0.560s] [  1%] Built target vox_nav_msgs__cpp
[0.588s] [ 12%] Built target vox_nav_msgs__rosidl_generator_c
[0.662s] [ 24%] Built target vox_nav_msgs__rosidl_typesupport_introspection_cpp
[0.667s] [ 35%] Built target vox_nav_msgs__rosidl_typesupport_cpp
[0.673s] [ 58%] Built target vox_nav_msgs__rosidl_typesupport_introspection_c
[0.673s] [ 58%] Built target vox_nav_msgs__rosidl_typesupport_c
[0.680s] [ 70%] Built target vox_nav_msgs__rosidl_typesupport_fastrtps_cpp
[0.732s] [ 82%] Built target vox_nav_msgs__rosidl_typesupport_fastrtps_c
[0.749s] [ 82%] Built target vox_nav_msgs
[0.776s] [ 83%] Built target vox_nav_msgs__py
[0.820s] [ 93%] Built target vox_nav_msgs__python
[0.866s] [ 95%] Built target vox_nav_msgs__rosidl_typesupport_c__pyext
[0.866s] [ 97%] Built target vox_nav_msgs__rosidl_typesupport_fastrtps_c__pyext
[0.872s] [100%] Built target vox_nav_msgs__rosidl_typesupport_introspection_c__pyext
[1.085s] Invoked command in '/home/manuel/buggy_ws_beta.a/build/vox_nav_msgs' returned '0': CMAKE_PREFIX_PATH=${CMAKE_PREFIX_PATH}:/home/manuel/buggy_ws_beta.a/install/joint_state_publisher_gui:/home/manuel/buggy_ws_beta.a/install/joint_state_publisher:/home/manuel/buggy_ws_beta.a/install/ackermann_odometry:/home/manuel/buggy_ws_beta.a/install/ackermann_controller:/home/manuel/buggy_space/install/joint_state_publisher_gui:/home/manuel/buggy_space/install/joint_state_publisher:/home/manuel/buggy_space/install/ackermann_odometry:/home/manuel/buggy_space/install/ackermann_controller:/opt/ros/foxy /usr/bin/cmake --build /home/manuel/buggy_ws_beta.a/build/vox_nav_msgs -- -j16 -l16
[1.390s] Invoking command in '/home/manuel/buggy_ws_beta.a/build/vox_nav_msgs': CMAKE_PREFIX_PATH=${CMAKE_PREFIX_PATH}:/home/manuel/buggy_ws_beta.a/install/joint_state_publisher_gui:/home/manuel/buggy_ws_beta.a/install/joint_state_publisher:/home/manuel/buggy_ws_beta.a/install/ackermann_odometry:/home/manuel/buggy_ws_beta.a/install/ackermann_controller:/home/manuel/buggy_space/install/joint_state_publisher_gui:/home/manuel/buggy_space/install/joint_state_publisher:/home/manuel/buggy_space/install/ackermann_odometry:/home/manuel/buggy_space/install/ackermann_controller:/opt/ros/foxy /usr/bin/cmake --install /home/manuel/buggy_ws_beta.a/build/vox_nav_msgs
[1.421s] -- Install configuration: ""
[1.421s] -- Up-to-date: /home/manuel/buggy_ws_beta.a/install/vox_nav_msgs/share/ament_index/resource_index/rosidl_interfaces/vox_nav_msgs
[1.422s] -- Up-to-date: /home/manuel/buggy_ws_beta.a/install/vox_nav_msgs/include/vox_nav_msgs
[1.429s] -- Up-to-date: /home/manuel/buggy_ws_beta.a/install/vox_nav_msgs/include/vox_nav_msgs/srv
[1.429s] -- Up-to-date: /home/manuel/buggy_ws_beta.a/install/vox_nav_msgs/include/vox_nav_msgs/srv/detail
[1.430s] -- Up-to-date: /home/manuel/buggy_ws_beta.a/install/vox_nav_msgs/include/vox_nav_msgs/srv/detail/get_point_cloud__functions.c
[1.430s] -- Up-to-date: /home/manuel/buggy_ws_beta.a/install/vox_nav_msgs/include/vox_nav_msgs/srv/detail/get_point_cloud__type_support.h
[1.430s] -- Up-to-date: /home/manuel/buggy_ws_beta.a/install/vox_nav_msgs/include/vox_nav_msgs/srv/detail/get_octomap__struct.h
[1.430s] -- Up-to-date: /home/manuel/buggy_ws_beta.a/install/vox_nav_msgs/include/vox_nav_msgs/srv/detail/get_maps_and_surfels__functions.h
[1.430s] -- Up-to-date: /home/manuel/buggy_ws_beta.a/install/vox_nav_msgs/include/vox_nav_msgs/srv/detail/get_octomap__functions.h
[1.430s] -- Up-to-date: /home/manuel/buggy_ws_beta.a/install/vox_nav_msgs/include/vox_nav_msgs/srv/detail/get_maps_and_surfels__type_support.h
[1.430s] -- Up-to-date: /home/manuel/buggy_ws_beta.a/install/vox_nav_msgs/include/vox_nav_msgs/srv/detail/get_maps_and_surfels__struct.h
[1.431s] -- Up-to-date: /home/manuel/buggy_ws_beta.a/install/vox_nav_msgs/include/vox_nav_msgs/srv/detail/get_point_cloud__struct.h
[1.431s] -- Up-to-date: /home/manuel/buggy_ws_beta.a/install/vox_nav_msgs/include/vox_nav_msgs/srv/detail/get_point_cloud__functions.h
[1.431s] -- Up-to-date: /home/manuel/buggy_ws_beta.a/install/vox_nav_msgs/include/vox_nav_msgs/srv/detail/get_maps_and_surfels__functions.c
[1.431s] -- Up-to-date: /home/manuel/buggy_ws_beta.a/install/vox_nav_msgs/include/vox_nav_msgs/srv/detail/get_octomap__type_support.h
[1.431s] -- Up-to-date: /home/manuel/buggy_ws_beta.a/install/vox_nav_msgs/include/vox_nav_msgs/srv/detail/get_octomap__functions.c
[1.431s] -- Up-to-date: /home/manuel/buggy_ws_beta.a/install/vox_nav_msgs/include/vox_nav_msgs/srv/get_octomap.h
[1.431s] -- Up-to-date: /home/manuel/buggy_ws_beta.a/install/vox_nav_msgs/include/vox_nav_msgs/srv/get_point_cloud.h
[1.431s] -- Up-to-date: /home/manuel/buggy_ws_beta.a/install/vox_nav_msgs/include/vox_nav_msgs/srv/get_maps_and_surfels.h
[1.434s] -- Up-to-date: /home/manuel/buggy_ws_beta.a/install/vox_nav_msgs/include/vox_nav_msgs/msg
[1.435s] -- Up-to-date: /home/manuel/buggy_ws_beta.a/install/vox_nav_msgs/include/vox_nav_msgs/msg/detail
[1.435s] -- Up-to-date: /home/manuel/buggy_ws_beta.a/install/vox_nav_msgs/include/vox_nav_msgs/msg/detail/object_array__functions.h
[1.435s] -- Up-to-date: /home/manuel/buggy_ws_beta.a/install/vox_nav_msgs/include/vox_nav_msgs/msg/detail/oriented_nav_sat_fix__functions.c
[1.435s] -- Up-to-date: /home/manuel/buggy_ws_beta.a/install/vox_nav_msgs/include/vox_nav_msgs/msg/detail/object_array__struct.h
[1.436s] -- Up-to-date: /home/manuel/buggy_ws_beta.a/install/vox_nav_msgs/include/vox_nav_msgs/msg/detail/object__functions.h
[1.438s] -- Up-to-date: /home/manuel/buggy_ws_beta.a/install/vox_nav_msgs/include/vox_nav_msgs/msg/detail/object__struct.h
[1.438s] -- Up-to-date: /home/manuel/buggy_ws_beta.a/install/vox_nav_msgs/include/vox_nav_msgs/msg/detail/object__functions.c
[1.438s] -- Up-to-date: /home/manuel/buggy_ws_beta.a/install/vox_nav_msgs/include/vox_nav_msgs/msg/detail/oriented_nav_sat_fix__functions.h
[1.439s] -- Up-to-date: /home/manuel/buggy_ws_beta.a/install/vox_nav_msgs/include/vox_nav_msgs/msg/detail/object_array__functions.c
[1.439s] -- Up-to-date: /home/manuel/buggy_ws_beta.a/install/vox_nav_msgs/include/vox_nav_msgs/msg/detail/oriented_nav_sat_fix__struct.h
[1.439s] -- Up-to-date: /home/manuel/buggy_ws_beta.a/install/vox_nav_msgs/include/vox_nav_msgs/msg/detail/object_array__type_support.h
[1.439s] -- Up-to-date: /home/manuel/buggy_ws_beta.a/install/vox_nav_msgs/include/vox_nav_msgs/msg/detail/oriented_nav_sat_fix__type_support.h
[1.440s] -- Up-to-date: /home/manuel/buggy_ws_beta.a/install/vox_nav_msgs/include/vox_nav_msgs/msg/detail/object__type_support.h
[1.440s] -- Up-to-date: /home/manuel/buggy_ws_beta.a/install/vox_nav_msgs/include/vox_nav_msgs/msg/oriented_nav_sat_fix.h
[1.443s] -- Up-to-date: /home/manuel/buggy_ws_beta.a/install/vox_nav_msgs/include/vox_nav_msgs/msg/object_array.h
[1.443s] -- Up-to-date: /home/manuel/buggy_ws_beta.a/install/vox_nav_msgs/include/vox_nav_msgs/msg/rosidl_generator_c__visibility_control.h
[1.443s] -- Up-to-date: /home/manuel/buggy_ws_beta.a/install/vox_nav_msgs/include/vox_nav_msgs/msg/object.h
[1.446s] -- Up-to-date: /home/manuel/buggy_ws_beta.a/install/vox_nav_msgs/include/vox_nav_msgs/action
[1.447s] -- Up-to-date: /home/manuel/buggy_ws_beta.a/install/vox_nav_msgs/include/vox_nav_msgs/action/detail
[1.447s] -- Up-to-date: /home/manuel/buggy_ws_beta.a/install/vox_nav_msgs/include/vox_nav_msgs/action/detail/compute_path_to_pose__type_support.h
[1.447s] -- Up-to-date: /home/manuel/buggy_ws_beta.a/install/vox_nav_msgs/include/vox_nav_msgs/action/detail/compute_path_to_pose__struct.h
[1.448s] -- Up-to-date: /home/manuel/buggy_ws_beta.a/install/vox_nav_msgs/include/vox_nav_msgs/action/detail/follow_path__struct.h
[1.448s] -- Up-to-date: /home/manuel/buggy_ws_beta.a/install/vox_nav_msgs/include/vox_nav_msgs/action/detail/follow_path__functions.h
[1.448s] -- Up-to-date: /home/manuel/buggy_ws_beta.a/install/vox_nav_msgs/include/vox_nav_msgs/action/detail/compute_path_to_pose__functions.h
[1.449s] -- Up-to-date: /home/manuel/buggy_ws_beta.a/install/vox_nav_msgs/include/vox_nav_msgs/action/detail/navigate_to_pose__functions.c
[1.449s] -- Up-to-date: /home/manuel/buggy_ws_beta.a/install/vox_nav_msgs/include/vox_nav_msgs/action/detail/navigate_to_pose__functions.h
[1.449s] -- Up-to-date: /home/manuel/buggy_ws_beta.a/install/vox_nav_msgs/include/vox_nav_msgs/action/detail/navigate_to_pose__type_support.h
[1.449s] -- Up-to-date: /home/manuel/buggy_ws_beta.a/install/vox_nav_msgs/include/vox_nav_msgs/action/detail/follow_path__type_support.h
[1.453s] -- Up-to-date: /home/manuel/buggy_ws_beta.a/install/vox_nav_msgs/include/vox_nav_msgs/action/detail/navigate_to_pose__struct.h
[1.453s] -- Up-to-date: /home/manuel/buggy_ws_beta.a/install/vox_nav_msgs/include/vox_nav_msgs/action/detail/follow_path__functions.c
[1.454s] -- Up-to-date: /home/manuel/buggy_ws_beta.a/install/vox_nav_msgs/include/vox_nav_msgs/action/detail/compute_path_to_pose__functions.c
[1.454s] -- Up-to-date: /home/manuel/buggy_ws_beta.a/install/vox_nav_msgs/include/vox_nav_msgs/action/follow_path.h
[1.454s] -- Up-to-date: /home/manuel/buggy_ws_beta.a/install/vox_nav_msgs/include/vox_nav_msgs/action/compute_path_to_pose.h
[1.454s] -- Up-to-date: /home/manuel/buggy_ws_beta.a/install/vox_nav_msgs/include/vox_nav_msgs/action/navigate_to_pose.h
[1.454s] -- Up-to-date: /home/manuel/buggy_ws_beta.a/install/vox_nav_msgs/share/vox_nav_msgs/environment/library_path.sh
[1.454s] -- Up-to-date: /home/manuel/buggy_ws_beta.a/install/vox_nav_msgs/share/vox_nav_msgs/environment/library_path.dsv
[1.454s] -- Up-to-date: /home/manuel/buggy_ws_beta.a/install/vox_nav_msgs/lib/libvox_nav_msgs__rosidl_generator_c.so
[1.455s] -- Up-to-date: /home/manuel/buggy_ws_beta.a/install/vox_nav_msgs/include/vox_nav_msgs
[1.455s] -- Up-to-date: /home/manuel/buggy_ws_beta.a/install/vox_nav_msgs/include/vox_nav_msgs/srv
[1.455s] -- Up-to-date: /home/manuel/buggy_ws_beta.a/install/vox_nav_msgs/include/vox_nav_msgs/srv/detail
[1.455s] -- Up-to-date: /home/manuel/buggy_ws_beta.a/install/vox_nav_msgs/include/vox_nav_msgs/srv/detail/get_maps_and_surfels__rosidl_typesupport_fastrtps_c.h
[1.455s] -- Up-to-date: /home/manuel/buggy_ws_beta.a/install/vox_nav_msgs/include/vox_nav_msgs/srv/detail/get_octomap__rosidl_typesupport_fastrtps_c.h
[1.455s] -- Up-to-date: /home/manuel/buggy_ws_beta.a/install/vox_nav_msgs/include/vox_nav_msgs/srv/detail/get_point_cloud__rosidl_typesupport_fastrtps_c.h
[1.455s] -- Up-to-date: /home/manuel/buggy_ws_beta.a/install/vox_nav_msgs/include/vox_nav_msgs/msg
[1.455s] -- Up-to-date: /home/manuel/buggy_ws_beta.a/install/vox_nav_msgs/include/vox_nav_msgs/msg/detail
[1.456s] -- Up-to-date: /home/manuel/buggy_ws_beta.a/install/vox_nav_msgs/include/vox_nav_msgs/msg/detail/object__rosidl_typesupport_fastrtps_c.h
[1.458s] -- Up-to-date: /home/manuel/buggy_ws_beta.a/install/vox_nav_msgs/include/vox_nav_msgs/msg/detail/object_array__rosidl_typesupport_fastrtps_c.h
[1.459s] -- Up-to-date: /home/manuel/buggy_ws_beta.a/install/vox_nav_msgs/include/vox_nav_msgs/msg/detail/oriented_nav_sat_fix__rosidl_typesupport_fastrtps_c.h
[1.460s] -- Up-to-date: /home/manuel/buggy_ws_beta.a/install/vox_nav_msgs/include/vox_nav_msgs/msg/rosidl_typesupport_fastrtps_c__visibility_control.h
[1.460s] -- Up-to-date: /home/manuel/buggy_ws_beta.a/install/vox_nav_msgs/include/vox_nav_msgs/action
[1.460s] -- Up-to-date: /home/manuel/buggy_ws_beta.a/install/vox_nav_msgs/include/vox_nav_msgs/action/detail
[1.460s] -- Up-to-date: /home/manuel/buggy_ws_beta.a/install/vox_nav_msgs/include/vox_nav_msgs/action/detail/compute_path_to_pose__rosidl_typesupport_fastrtps_c.h
[1.460s] -- Up-to-date: /home/manuel/buggy_ws_beta.a/install/vox_nav_msgs/include/vox_nav_msgs/action/detail/follow_path__rosidl_typesupport_fastrtps_c.h
[1.463s] -- Up-to-date: /home/manuel/buggy_ws_beta.a/install/vox_nav_msgs/include/vox_nav_msgs/action/detail/navigate_to_pose__rosidl_typesupport_fastrtps_c.h
[1.463s] -- Up-to-date: /home/manuel/buggy_ws_beta.a/install/vox_nav_msgs/lib/libvox_nav_msgs__rosidl_typesupport_fastrtps_c.so
[1.464s] -- Up-to-date: /home/manuel/buggy_ws_beta.a/install/vox_nav_msgs/include/vox_nav_msgs
[1.464s] -- Up-to-date: /home/manuel/buggy_ws_beta.a/install/vox_nav_msgs/include/vox_nav_msgs/srv
[1.464s] -- Up-to-date: /home/manuel/buggy_ws_beta.a/install/vox_nav_msgs/include/vox_nav_msgs/srv/detail
[1.464s] -- Up-to-date: /home/manuel/buggy_ws_beta.a/install/vox_nav_msgs/include/vox_nav_msgs/srv/detail/dds_fastrtps
[1.464s] -- Up-to-date: /home/manuel/buggy_ws_beta.a/install/vox_nav_msgs/include/vox_nav_msgs/srv/detail/get_octomap__rosidl_typesupport_fastrtps_cpp.hpp
[1.467s] -- Up-to-date: /home/manuel/buggy_ws_beta.a/install/vox_nav_msgs/include/vox_nav_msgs/srv/detail/get_point_cloud__rosidl_typesupport_fastrtps_cpp.hpp
[1.467s] -- Up-to-date: /home/manuel/buggy_ws_beta.a/install/vox_nav_msgs/include/vox_nav_msgs/srv/detail/get_maps_and_surfels__rosidl_typesupport_fastrtps_cpp.hpp
[1.468s] -- Up-to-date: /home/manuel/buggy_ws_beta.a/install/vox_nav_msgs/include/vox_nav_msgs/msg
[1.468s] -- Up-to-date: /home/manuel/buggy_ws_beta.a/install/vox_nav_msgs/include/vox_nav_msgs/msg/detail
[1.468s] -- Up-to-date: /home/manuel/buggy_ws_beta.a/install/vox_nav_msgs/include/vox_nav_msgs/msg/detail/dds_fastrtps
[1.468s] -- Up-to-date: /home/manuel/buggy_ws_beta.a/install/vox_nav_msgs/include/vox_nav_msgs/msg/detail/oriented_nav_sat_fix__rosidl_typesupport_fastrtps_cpp.hpp
[1.471s] -- Up-to-date: /home/manuel/buggy_ws_beta.a/install/vox_nav_msgs/include/vox_nav_msgs/msg/detail/object_array__rosidl_typesupport_fastrtps_cpp.hpp
[1.472s] -- Up-to-date: /home/manuel/buggy_ws_beta.a/install/vox_nav_msgs/include/vox_nav_msgs/msg/detail/object__rosidl_typesupport_fastrtps_cpp.hpp
[1.472s] -- Up-to-date: /home/manuel/buggy_ws_beta.a/install/vox_nav_msgs/include/vox_nav_msgs/msg/rosidl_typesupport_fastrtps_cpp__visibility_control.h
[1.472s] -- Up-to-date: /home/manuel/buggy_ws_beta.a/install/vox_nav_msgs/include/vox_nav_msgs/action
[1.472s] -- Up-to-date: /home/manuel/buggy_ws_beta.a/install/vox_nav_msgs/include/vox_nav_msgs/action/detail
[1.472s] -- Up-to-date: /home/manuel/buggy_ws_beta.a/install/vox_nav_msgs/include/vox_nav_msgs/action/detail/dds_fastrtps
[1.473s] -- Up-to-date: /home/manuel/buggy_ws_beta.a/install/vox_nav_msgs/include/vox_nav_msgs/action/detail/navigate_to_pose__rosidl_typesupport_fastrtps_cpp.hpp
[1.473s] -- Up-to-date: /home/manuel/buggy_ws_beta.a/install/vox_nav_msgs/include/vox_nav_msgs/action/detail/follow_path__rosidl_typesupport_fastrtps_cpp.hpp
[1.473s] -- Up-to-date: /home/manuel/buggy_ws_beta.a/install/vox_nav_msgs/include/vox_nav_msgs/action/detail/compute_path_to_pose__rosidl_typesupport_fastrtps_cpp.hpp
[1.473s] -- Up-to-date: /home/manuel/buggy_ws_beta.a/install/vox_nav_msgs/lib/libvox_nav_msgs__rosidl_typesupport_fastrtps_cpp.so
[1.474s] -- Up-to-date: /home/manuel/buggy_ws_beta.a/install/vox_nav_msgs/include/vox_nav_msgs
[1.475s] -- Up-to-date: /home/manuel/buggy_ws_beta.a/install/vox_nav_msgs/include/vox_nav_msgs/srv
[1.475s] -- Up-to-date: /home/manuel/buggy_ws_beta.a/install/vox_nav_msgs/include/vox_nav_msgs/srv/detail
[1.475s] -- Up-to-date: /home/manuel/buggy_ws_beta.a/install/vox_nav_msgs/include/vox_nav_msgs/srv/detail/get_octomap__type_support.c
[1.475s] -- Up-to-date: /home/manuel/buggy_ws_beta.a/install/vox_nav_msgs/include/vox_nav_msgs/srv/detail/get_point_cloud__type_support.c
[1.475s] -- Up-to-date: /home/manuel/buggy_ws_beta.a/install/vox_nav_msgs/include/vox_nav_msgs/srv/detail/get_octomap__rosidl_typesupport_introspection_c.h
[1.475s] -- Up-to-date: /home/manuel/buggy_ws_beta.a/install/vox_nav_msgs/include/vox_nav_msgs/srv/detail/get_point_cloud__rosidl_typesupport_introspection_c.h
[1.475s] -- Up-to-date: /home/manuel/buggy_ws_beta.a/install/vox_nav_msgs/include/vox_nav_msgs/srv/detail/get_maps_and_surfels__rosidl_typesupport_introspection_c.h
[1.475s] -- Up-to-date: /home/manuel/buggy_ws_beta.a/install/vox_nav_msgs/include/vox_nav_msgs/srv/detail/get_maps_and_surfels__type_support.c
[1.476s] -- Up-to-date: /home/manuel/buggy_ws_beta.a/install/vox_nav_msgs/include/vox_nav_msgs/msg
[1.477s] -- Up-to-date: /home/manuel/buggy_ws_beta.a/install/vox_nav_msgs/include/vox_nav_msgs/msg/detail
[1.480s] -- Up-to-date: /home/manuel/buggy_ws_beta.a/install/vox_nav_msgs/include/vox_nav_msgs/msg/detail/oriented_nav_sat_fix__rosidl_typesupport_introspection_c.h
[1.480s] -- Up-to-date: /home/manuel/buggy_ws_beta.a/install/vox_nav_msgs/include/vox_nav_msgs/msg/detail/object_array__type_support.c
[1.481s] -- Up-to-date: /home/manuel/buggy_ws_beta.a/install/vox_nav_msgs/include/vox_nav_msgs/msg/detail/object__rosidl_typesupport_introspection_c.h
[1.481s] -- Up-to-date: /home/manuel/buggy_ws_beta.a/install/vox_nav_msgs/include/vox_nav_msgs/msg/detail/oriented_nav_sat_fix__type_support.c
[1.481s] -- Up-to-date: /home/manuel/buggy_ws_beta.a/install/vox_nav_msgs/include/vox_nav_msgs/msg/detail/object_array__rosidl_typesupport_introspection_c.h
[1.481s] -- Up-to-date: /home/manuel/buggy_ws_beta.a/install/vox_nav_msgs/include/vox_nav_msgs/msg/detail/object__type_support.c
[1.481s] -- Up-to-date: /home/manuel/buggy_ws_beta.a/install/vox_nav_msgs/include/vox_nav_msgs/msg/rosidl_typesupport_introspection_c__visibility_control.h
[1.481s] -- Up-to-date: /home/manuel/buggy_ws_beta.a/install/vox_nav_msgs/include/vox_nav_msgs/action
[1.481s] -- Up-to-date: /home/manuel/buggy_ws_beta.a/install/vox_nav_msgs/include/vox_nav_msgs/action/detail
[1.481s] -- Up-to-date: /home/manuel/buggy_ws_beta.a/install/vox_nav_msgs/include/vox_nav_msgs/action/detail/navigate_to_pose__rosidl_typesupport_introspection_c.h
[1.481s] -- Up-to-date: /home/manuel/buggy_ws_beta.a/install/vox_nav_msgs/include/vox_nav_msgs/action/detail/compute_path_to_pose__type_support.c
[1.481s] -- Up-to-date: /home/manuel/buggy_ws_beta.a/install/vox_nav_msgs/include/vox_nav_msgs/action/detail/follow_path__type_support.c
[1.481s] -- Up-to-date: /home/manuel/buggy_ws_beta.a/install/vox_nav_msgs/include/vox_nav_msgs/action/detail/compute_path_to_pose__rosidl_typesupport_introspection_c.h
[1.481s] -- Up-to-date: /home/manuel/buggy_ws_beta.a/install/vox_nav_msgs/include/vox_nav_msgs/action/detail/follow_path__rosidl_typesupport_introspection_c.h
[1.482s] -- Up-to-date: /home/manuel/buggy_ws_beta.a/install/vox_nav_msgs/include/vox_nav_msgs/action/detail/navigate_to_pose__type_support.c
[1.482s] -- Up-to-date: /home/manuel/buggy_ws_beta.a/install/vox_nav_msgs/lib/libvox_nav_msgs__rosidl_typesupport_introspection_c.so
[1.482s] -- Up-to-date: /home/manuel/buggy_ws_beta.a/install/vox_nav_msgs/lib/libvox_nav_msgs__rosidl_typesupport_c.so
[1.482s] -- Up-to-date: /home/manuel/buggy_ws_beta.a/install/vox_nav_msgs/include/vox_nav_msgs
[1.482s] -- Up-to-date: /home/manuel/buggy_ws_beta.a/install/vox_nav_msgs/include/vox_nav_msgs/srv
[1.482s] -- Up-to-date: /home/manuel/buggy_ws_beta.a/install/vox_nav_msgs/include/vox_nav_msgs/srv/detail
[1.482s] -- Up-to-date: /home/manuel/buggy_ws_beta.a/install/vox_nav_msgs/include/vox_nav_msgs/srv/detail/get_octomap__builder.hpp
[1.482s] -- Up-to-date: /home/manuel/buggy_ws_beta.a/install/vox_nav_msgs/include/vox_nav_msgs/srv/detail/get_point_cloud__struct.hpp
[1.482s] -- Up-to-date: /home/manuel/buggy_ws_beta.a/install/vox_nav_msgs/include/vox_nav_msgs/srv/detail/get_octomap__struct.hpp
[1.482s] -- Up-to-date: /home/manuel/buggy_ws_beta.a/install/vox_nav_msgs/include/vox_nav_msgs/srv/detail/get_point_cloud__traits.hpp
[1.482s] -- Up-to-date: /home/manuel/buggy_ws_beta.a/install/vox_nav_msgs/include/vox_nav_msgs/srv/detail/get_maps_and_surfels__struct.hpp
[1.482s] -- Up-to-date: /home/manuel/buggy_ws_beta.a/install/vox_nav_msgs/include/vox_nav_msgs/srv/detail/get_point_cloud__builder.hpp
[1.482s] -- Up-to-date: /home/manuel/buggy_ws_beta.a/install/vox_nav_msgs/include/vox_nav_msgs/srv/detail/get_octomap__traits.hpp
[1.483s] -- Up-to-date: /home/manuel/buggy_ws_beta.a/install/vox_nav_msgs/include/vox_nav_msgs/srv/detail/get_maps_and_surfels__builder.hpp
[1.483s] -- Up-to-date: /home/manuel/buggy_ws_beta.a/install/vox_nav_msgs/include/vox_nav_msgs/srv/detail/get_maps_and_surfels__traits.hpp
[1.483s] -- Up-to-date: /home/manuel/buggy_ws_beta.a/install/vox_nav_msgs/include/vox_nav_msgs/srv/get_maps_and_surfels.hpp
[1.483s] -- Up-to-date: /home/manuel/buggy_ws_beta.a/install/vox_nav_msgs/include/vox_nav_msgs/srv/get_point_cloud.hpp
[1.483s] -- Up-to-date: /home/manuel/buggy_ws_beta.a/install/vox_nav_msgs/include/vox_nav_msgs/srv/get_octomap.hpp
[1.483s] -- Up-to-date: /home/manuel/buggy_ws_beta.a/install/vox_nav_msgs/include/vox_nav_msgs/msg
[1.483s] -- Up-to-date: /home/manuel/buggy_ws_beta.a/install/vox_nav_msgs/include/vox_nav_msgs/msg/detail
[1.483s] -- Up-to-date: /home/manuel/buggy_ws_beta.a/install/vox_nav_msgs/include/vox_nav_msgs/msg/detail/object__traits.hpp
[1.483s] -- Up-to-date: /home/manuel/buggy_ws_beta.a/install/vox_nav_msgs/include/vox_nav_msgs/msg/detail/object__struct.hpp
[1.483s] -- Up-to-date: /home/manuel/buggy_ws_beta.a/install/vox_nav_msgs/include/vox_nav_msgs/msg/detail/oriented_nav_sat_fix__builder.hpp
[1.483s] -- Up-to-date: /home/manuel/buggy_ws_beta.a/install/vox_nav_msgs/include/vox_nav_msgs/msg/detail/object_array__builder.hpp
[1.483s] -- Up-to-date: /home/manuel/buggy_ws_beta.a/install/vox_nav_msgs/include/vox_nav_msgs/msg/detail/object__builder.hpp
[1.484s] -- Up-to-date: /home/manuel/buggy_ws_beta.a/install/vox_nav_msgs/include/vox_nav_msgs/msg/detail/oriented_nav_sat_fix__struct.hpp
[1.484s] -- Up-to-date: /home/manuel/buggy_ws_beta.a/install/vox_nav_msgs/include/vox_nav_msgs/msg/detail/oriented_nav_sat_fix__traits.hpp
[1.484s] -- Up-to-date: /home/manuel/buggy_ws_beta.a/install/vox_nav_msgs/include/vox_nav_msgs/msg/detail/object_array__struct.hpp
[1.484s] -- Up-to-date: /home/manuel/buggy_ws_beta.a/install/vox_nav_msgs/include/vox_nav_msgs/msg/detail/object_array__traits.hpp
[1.484s] -- Up-to-date: /home/manuel/buggy_ws_beta.a/install/vox_nav_msgs/include/vox_nav_msgs/msg/oriented_nav_sat_fix.hpp
[1.484s] -- Up-to-date: /home/manuel/buggy_ws_beta.a/install/vox_nav_msgs/include/vox_nav_msgs/msg/object_array.hpp
[1.484s] -- Up-to-date: /home/manuel/buggy_ws_beta.a/install/vox_nav_msgs/include/vox_nav_msgs/msg/object.hpp
[1.484s] -- Up-to-date: /home/manuel/buggy_ws_beta.a/install/vox_nav_msgs/include/vox_nav_msgs/action
[1.484s] -- Up-to-date: /home/manuel/buggy_ws_beta.a/install/vox_nav_msgs/include/vox_nav_msgs/action/detail
[1.484s] -- Up-to-date: /home/manuel/buggy_ws_beta.a/install/vox_nav_msgs/include/vox_nav_msgs/action/detail/navigate_to_pose__struct.hpp
[1.484s] -- Up-to-date: /home/manuel/buggy_ws_beta.a/install/vox_nav_msgs/include/vox_nav_msgs/action/detail/navigate_to_pose__traits.hpp
[1.484s] -- Up-to-date: /home/manuel/buggy_ws_beta.a/install/vox_nav_msgs/include/vox_nav_msgs/action/detail/compute_path_to_pose__builder.hpp
[1.484s] -- Up-to-date: /home/manuel/buggy_ws_beta.a/install/vox_nav_msgs/include/vox_nav_msgs/action/detail/compute_path_to_pose__traits.hpp
[1.485s] -- Up-to-date: /home/manuel/buggy_ws_beta.a/install/vox_nav_msgs/include/vox_nav_msgs/action/detail/follow_path__builder.hpp
[1.485s] -- Up-to-date: /home/manuel/buggy_ws_beta.a/install/vox_nav_msgs/include/vox_nav_msgs/action/detail/follow_path__traits.hpp
[1.485s] -- Up-to-date: /home/manuel/buggy_ws_beta.a/install/vox_nav_msgs/include/vox_nav_msgs/action/detail/compute_path_to_pose__struct.hpp
[1.485s] -- Up-to-date: /home/manuel/buggy_ws_beta.a/install/vox_nav_msgs/include/vox_nav_msgs/action/detail/navigate_to_pose__builder.hpp
[1.485s] -- Up-to-date: /home/manuel/buggy_ws_beta.a/install/vox_nav_msgs/include/vox_nav_msgs/action/detail/follow_path__struct.hpp
[1.485s] -- Up-to-date: /home/manuel/buggy_ws_beta.a/install/vox_nav_msgs/include/vox_nav_msgs/action/follow_path.hpp
[1.485s] -- Up-to-date: /home/manuel/buggy_ws_beta.a/install/vox_nav_msgs/include/vox_nav_msgs/action/navigate_to_pose.hpp
[1.485s] -- Up-to-date: /home/manuel/buggy_ws_beta.a/install/vox_nav_msgs/include/vox_nav_msgs/action/compute_path_to_pose.hpp
[1.485s] -- Up-to-date: /home/manuel/buggy_ws_beta.a/install/vox_nav_msgs/include/vox_nav_msgs
[1.485s] -- Up-to-date: /home/manuel/buggy_ws_beta.a/install/vox_nav_msgs/include/vox_nav_msgs/srv
[1.485s] -- Up-to-date: /home/manuel/buggy_ws_beta.a/install/vox_nav_msgs/include/vox_nav_msgs/srv/detail
[1.485s] -- Up-to-date: /home/manuel/buggy_ws_beta.a/install/vox_nav_msgs/include/vox_nav_msgs/srv/detail/get_maps_and_surfels__rosidl_typesupport_introspection_cpp.hpp
[1.485s] -- Up-to-date: /home/manuel/buggy_ws_beta.a/install/vox_nav_msgs/include/vox_nav_msgs/srv/detail/get_octomap__rosidl_typesupport_introspection_cpp.hpp
[1.486s] -- Up-to-date: /home/manuel/buggy_ws_beta.a/install/vox_nav_msgs/include/vox_nav_msgs/srv/detail/get_point_cloud__rosidl_typesupport_introspection_cpp.hpp
[1.486s] -- Up-to-date: /home/manuel/buggy_ws_beta.a/install/vox_nav_msgs/include/vox_nav_msgs/srv/detail/get_maps_and_surfels__type_support.cpp
[1.486s] -- Up-to-date: /home/manuel/buggy_ws_beta.a/install/vox_nav_msgs/include/vox_nav_msgs/srv/detail/get_octomap__type_support.cpp
[1.486s] -- Up-to-date: /home/manuel/buggy_ws_beta.a/install/vox_nav_msgs/include/vox_nav_msgs/srv/detail/get_point_cloud__type_support.cpp
[1.486s] -- Up-to-date: /home/manuel/buggy_ws_beta.a/install/vox_nav_msgs/include/vox_nav_msgs/msg
[1.486s] -- Up-to-date: /home/manuel/buggy_ws_beta.a/install/vox_nav_msgs/include/vox_nav_msgs/msg/detail
[1.486s] -- Up-to-date: /home/manuel/buggy_ws_beta.a/install/vox_nav_msgs/include/vox_nav_msgs/msg/detail/object__type_support.cpp
[1.486s] -- Up-to-date: /home/manuel/buggy_ws_beta.a/install/vox_nav_msgs/include/vox_nav_msgs/msg/detail/object__rosidl_typesupport_introspection_cpp.hpp
[1.486s] -- Up-to-date: /home/manuel/buggy_ws_beta.a/install/vox_nav_msgs/include/vox_nav_msgs/msg/detail/object_array__type_support.cpp
[1.486s] -- Up-to-date: /home/manuel/buggy_ws_beta.a/install/vox_nav_msgs/include/vox_nav_msgs/msg/detail/oriented_nav_sat_fix__rosidl_typesupport_introspection_cpp.hpp
[1.486s] -- Up-to-date: /home/manuel/buggy_ws_beta.a/install/vox_nav_msgs/include/vox_nav_msgs/msg/detail/object_array__rosidl_typesupport_introspection_cpp.hpp
[1.486s] -- Up-to-date: /home/manuel/buggy_ws_beta.a/install/vox_nav_msgs/include/vox_nav_msgs/msg/detail/oriented_nav_sat_fix__type_support.cpp
[1.487s] -- Up-to-date: /home/manuel/buggy_ws_beta.a/install/vox_nav_msgs/include/vox_nav_msgs/action
[1.487s] -- Up-to-date: /home/manuel/buggy_ws_beta.a/install/vox_nav_msgs/include/vox_nav_msgs/action/detail
[1.487s] -- Up-to-date: /home/manuel/buggy_ws_beta.a/install/vox_nav_msgs/include/vox_nav_msgs/action/detail/follow_path__rosidl_typesupport_introspection_cpp.hpp
[1.487s] -- Up-to-date: /home/manuel/buggy_ws_beta.a/install/vox_nav_msgs/include/vox_nav_msgs/action/detail/navigate_to_pose__type_support.cpp
[1.487s] -- Up-to-date: /home/manuel/buggy_ws_beta.a/install/vox_nav_msgs/include/vox_nav_msgs/action/detail/navigate_to_pose__rosidl_typesupport_introspection_cpp.hpp
[1.487s] -- Up-to-date: /home/manuel/buggy_ws_beta.a/install/vox_nav_msgs/include/vox_nav_msgs/action/detail/follow_path__type_support.cpp
[1.488s] -- Up-to-date: /home/manuel/buggy_ws_beta.a/install/vox_nav_msgs/include/vox_nav_msgs/action/detail/compute_path_to_pose__type_support.cpp
[1.489s] -- Up-to-date: /home/manuel/buggy_ws_beta.a/install/vox_nav_msgs/include/vox_nav_msgs/action/detail/compute_path_to_pose__rosidl_typesupport_introspection_cpp.hpp
[1.489s] -- Up-to-date: /home/manuel/buggy_ws_beta.a/install/vox_nav_msgs/lib/libvox_nav_msgs__rosidl_typesupport_introspection_cpp.so
[1.489s] -- Up-to-date: /home/manuel/buggy_ws_beta.a/install/vox_nav_msgs/lib/libvox_nav_msgs__rosidl_typesupport_cpp.so
[1.489s] -- Up-to-date: /home/manuel/buggy_ws_beta.a/install/vox_nav_msgs/share/vox_nav_msgs/environment/pythonpath.sh
[1.489s] -- Up-to-date: /home/manuel/buggy_ws_beta.a/install/vox_nav_msgs/share/vox_nav_msgs/environment/pythonpath.dsv
[1.489s] -- Up-to-date: /home/manuel/buggy_ws_beta.a/install/vox_nav_msgs/lib/python3.8/site-packages/vox_nav_msgs/__init__.py
[1.491s] -- Up-to-date: /home/manuel/buggy_ws_beta.a/install/vox_nav_msgs/lib/python3.8/site-packages/vox_nav_msgs/msg
[1.492s] -- Up-to-date: /home/manuel/buggy_ws_beta.a/install/vox_nav_msgs/lib/python3.8/site-packages/vox_nav_msgs/msg/_object_array_s.c
[1.492s] -- Up-to-date: /home/manuel/buggy_ws_beta.a/install/vox_nav_msgs/lib/python3.8/site-packages/vox_nav_msgs/msg/_object_s.c
[1.492s] -- Up-to-date: /home/manuel/buggy_ws_beta.a/install/vox_nav_msgs/lib/python3.8/site-packages/vox_nav_msgs/msg/_oriented_nav_sat_fix_s.c
[1.492s] -- Up-to-date: /home/manuel/buggy_ws_beta.a/install/vox_nav_msgs/lib/python3.8/site-packages/vox_nav_msgs/msg/_object_array.py
[1.492s] -- Up-to-date: /home/manuel/buggy_ws_beta.a/install/vox_nav_msgs/lib/python3.8/site-packages/vox_nav_msgs/msg/_object.py
[1.492s] -- Up-to-date: /home/manuel/buggy_ws_beta.a/install/vox_nav_msgs/lib/python3.8/site-packages/vox_nav_msgs/msg/_oriented_nav_sat_fix.py
[1.492s] -- Up-to-date: /home/manuel/buggy_ws_beta.a/install/vox_nav_msgs/lib/python3.8/site-packages/vox_nav_msgs/msg/__init__.py
[1.492s] -- Up-to-date: /home/manuel/buggy_ws_beta.a/install/vox_nav_msgs/lib/python3.8/site-packages/vox_nav_msgs/srv
[1.492s] -- Up-to-date: /home/manuel/buggy_ws_beta.a/install/vox_nav_msgs/lib/python3.8/site-packages/vox_nav_msgs/srv/_get_octomap_s.c
[1.493s] -- Up-to-date: /home/manuel/buggy_ws_beta.a/install/vox_nav_msgs/lib/python3.8/site-packages/vox_nav_msgs/srv/_get_point_cloud.py
[1.493s] -- Up-to-date: /home/manuel/buggy_ws_beta.a/install/vox_nav_msgs/lib/python3.8/site-packages/vox_nav_msgs/srv/_get_maps_and_surfels_s.c
[1.493s] -- Up-to-date: /home/manuel/buggy_ws_beta.a/install/vox_nav_msgs/lib/python3.8/site-packages/vox_nav_msgs/srv/_get_maps_and_surfels.py
[1.493s] -- Up-to-date: /home/manuel/buggy_ws_beta.a/install/vox_nav_msgs/lib/python3.8/site-packages/vox_nav_msgs/srv/_get_octomap.py
[1.493s] -- Up-to-date: /home/manuel/buggy_ws_beta.a/install/vox_nav_msgs/lib/python3.8/site-packages/vox_nav_msgs/srv/__init__.py
[1.493s] -- Up-to-date: /home/manuel/buggy_ws_beta.a/install/vox_nav_msgs/lib/python3.8/site-packages/vox_nav_msgs/srv/_get_point_cloud_s.c
[1.493s] -- Up-to-date: /home/manuel/buggy_ws_beta.a/install/vox_nav_msgs/lib/python3.8/site-packages/vox_nav_msgs/action
[1.493s] -- Up-to-date: /home/manuel/buggy_ws_beta.a/install/vox_nav_msgs/lib/python3.8/site-packages/vox_nav_msgs/action/_compute_path_to_pose.py
[1.494s] -- Up-to-date: /home/manuel/buggy_ws_beta.a/install/vox_nav_msgs/lib/python3.8/site-packages/vox_nav_msgs/action/_follow_path_s.c
[1.494s] -- Up-to-date: /home/manuel/buggy_ws_beta.a/install/vox_nav_msgs/lib/python3.8/site-packages/vox_nav_msgs/action/_navigate_to_pose.py
[1.494s] -- Up-to-date: /home/manuel/buggy_ws_beta.a/install/vox_nav_msgs/lib/python3.8/site-packages/vox_nav_msgs/action/_follow_path.py
[1.494s] -- Up-to-date: /home/manuel/buggy_ws_beta.a/install/vox_nav_msgs/lib/python3.8/site-packages/vox_nav_msgs/action/_navigate_to_pose_s.c
[1.494s] -- Up-to-date: /home/manuel/buggy_ws_beta.a/install/vox_nav_msgs/lib/python3.8/site-packages/vox_nav_msgs/action/_compute_path_to_pose_s.c
[1.494s] -- Up-to-date: /home/manuel/buggy_ws_beta.a/install/vox_nav_msgs/lib/python3.8/site-packages/vox_nav_msgs/action/__init__.py
[1.494s] -- Up-to-date: /home/manuel/buggy_ws_beta.a/install/vox_nav_msgs/lib/python3.8/site-packages/vox_nav_msgs/vox_nav_msgs_s__rosidl_typesupport_fastrtps_c.cpython-38-x86_64-linux-gnu.so
[1.494s] -- Up-to-date: /home/manuel/buggy_ws_beta.a/install/vox_nav_msgs/lib/python3.8/site-packages/vox_nav_msgs/vox_nav_msgs_s__rosidl_typesupport_introspection_c.cpython-38-x86_64-linux-gnu.so
[1.494s] -- Up-to-date: /home/manuel/buggy_ws_beta.a/install/vox_nav_msgs/lib/python3.8/site-packages/vox_nav_msgs/vox_nav_msgs_s__rosidl_typesupport_c.cpython-38-x86_64-linux-gnu.so
[1.494s] -- Up-to-date: /home/manuel/buggy_ws_beta.a/install/vox_nav_msgs/lib/libvox_nav_msgs__python.so
[1.494s] -- Up-to-date: /home/manuel/buggy_ws_beta.a/install/vox_nav_msgs/share/vox_nav_msgs/msg/Object.idl
[1.494s] -- Up-to-date: /home/manuel/buggy_ws_beta.a/install/vox_nav_msgs/share/vox_nav_msgs/msg/ObjectArray.idl
[1.495s] -- Up-to-date: /home/manuel/buggy_ws_beta.a/install/vox_nav_msgs/share/vox_nav_msgs/msg/OrientedNavSatFix.idl
[1.495s] -- Up-to-date: /home/manuel/buggy_ws_beta.a/install/vox_nav_msgs/share/vox_nav_msgs/srv/GetOctomap.idl
[1.495s] -- Up-to-date: /home/manuel/buggy_ws_beta.a/install/vox_nav_msgs/share/vox_nav_msgs/srv/GetPointCloud.idl
[1.495s] -- Up-to-date: /home/manuel/buggy_ws_beta.a/install/vox_nav_msgs/share/vox_nav_msgs/srv/GetMapsAndSurfels.idl
[1.495s] -- Up-to-date: /home/manuel/buggy_ws_beta.a/install/vox_nav_msgs/share/vox_nav_msgs/action/ComputePathToPose.idl
[1.495s] -- Up-to-date: /home/manuel/buggy_ws_beta.a/install/vox_nav_msgs/share/vox_nav_msgs/action/FollowPath.idl
[1.495s] -- Up-to-date: /home/manuel/buggy_ws_beta.a/install/vox_nav_msgs/share/vox_nav_msgs/action/NavigateToPose.idl
[1.495s] -- Up-to-date: /home/manuel/buggy_ws_beta.a/install/vox_nav_msgs/share/vox_nav_msgs/msg/Object.msg
[1.495s] -- Up-to-date: /home/manuel/buggy_ws_beta.a/install/vox_nav_msgs/share/vox_nav_msgs/msg/ObjectArray.msg
[1.495s] -- Up-to-date: /home/manuel/buggy_ws_beta.a/install/vox_nav_msgs/share/vox_nav_msgs/msg/OrientedNavSatFix.msg
[1.495s] -- Up-to-date: /home/manuel/buggy_ws_beta.a/install/vox_nav_msgs/share/vox_nav_msgs/srv/GetOctomap.srv
[1.495s] -- Up-to-date: /home/manuel/buggy_ws_beta.a/install/vox_nav_msgs/share/vox_nav_msgs/srv/GetOctomap_Request.msg
[1.495s] -- Up-to-date: /home/manuel/buggy_ws_beta.a/install/vox_nav_msgs/share/vox_nav_msgs/srv/GetOctomap_Response.msg
[1.496s] -- Up-to-date: /home/manuel/buggy_ws_beta.a/install/vox_nav_msgs/share/vox_nav_msgs/srv/GetPointCloud.srv
[1.496s] -- Up-to-date: /home/manuel/buggy_ws_beta.a/install/vox_nav_msgs/share/vox_nav_msgs/srv/GetPointCloud_Request.msg
[1.496s] -- Up-to-date: /home/manuel/buggy_ws_beta.a/install/vox_nav_msgs/share/vox_nav_msgs/srv/GetPointCloud_Response.msg
[1.496s] -- Up-to-date: /home/manuel/buggy_ws_beta.a/install/vox_nav_msgs/share/vox_nav_msgs/srv/GetMapsAndSurfels.srv
[1.496s] -- Up-to-date: /home/manuel/buggy_ws_beta.a/install/vox_nav_msgs/share/vox_nav_msgs/srv/GetMapsAndSurfels_Request.msg
[1.496s] -- Up-to-date: /home/manuel/buggy_ws_beta.a/install/vox_nav_msgs/share/vox_nav_msgs/srv/GetMapsAndSurfels_Response.msg
[1.497s] -- Up-to-date: /home/manuel/buggy_ws_beta.a/install/vox_nav_msgs/share/vox_nav_msgs/action/ComputePathToPose.action
[1.498s] -- Up-to-date: /home/manuel/buggy_ws_beta.a/install/vox_nav_msgs/share/vox_nav_msgs/action/FollowPath.action
[1.498s] -- Up-to-date: /home/manuel/buggy_ws_beta.a/install/vox_nav_msgs/share/vox_nav_msgs/action/NavigateToPose.action
[1.498s] -- Up-to-date: /home/manuel/buggy_ws_beta.a/install/vox_nav_msgs/share/ament_index/resource_index/package_run_dependencies/vox_nav_msgs
[1.498s] -- Up-to-date: /home/manuel/buggy_ws_beta.a/install/vox_nav_msgs/share/ament_index/resource_index/parent_prefix_path/vox_nav_msgs
[1.498s] -- Up-to-date: /home/manuel/buggy_ws_beta.a/install/vox_nav_msgs/share/vox_nav_msgs/environment/ament_prefix_path.sh
[1.498s] -- Up-to-date: /home/manuel/buggy_ws_beta.a/install/vox_nav_msgs/share/vox_nav_msgs/environment/ament_prefix_path.dsv
[1.498s] -- Up-to-date: /home/manuel/buggy_ws_beta.a/install/vox_nav_msgs/share/vox_nav_msgs/environment/path.sh
[1.498s] -- Up-to-date: /home/manuel/buggy_ws_beta.a/install/vox_nav_msgs/share/vox_nav_msgs/environment/path.dsv
[1.498s] -- Up-to-date: /home/manuel/buggy_ws_beta.a/install/vox_nav_msgs/share/vox_nav_msgs/local_setup.bash
[1.498s] -- Up-to-date: /home/manuel/buggy_ws_beta.a/install/vox_nav_msgs/share/vox_nav_msgs/local_setup.sh
[1.502s] -- Up-to-date: /home/manuel/buggy_ws_beta.a/install/vox_nav_msgs/share/vox_nav_msgs/local_setup.zsh
[1.503s] -- Up-to-date: /home/manuel/buggy_ws_beta.a/install/vox_nav_msgs/share/vox_nav_msgs/local_setup.dsv
[1.503s] -- Installing: /home/manuel/buggy_ws_beta.a/install/vox_nav_msgs/share/vox_nav_msgs/package.dsv
[1.503s] -- Up-to-date: /home/manuel/buggy_ws_beta.a/install/vox_nav_msgs/share/ament_index/resource_index/packages/vox_nav_msgs
[1.503s] -- Up-to-date: /home/manuel/buggy_ws_beta.a/install/vox_nav_msgs/share/vox_nav_msgs/cmake/vox_nav_msgs__rosidl_generator_cExport.cmake
[1.504s] -- Up-to-date: /home/manuel/buggy_ws_beta.a/install/vox_nav_msgs/share/vox_nav_msgs/cmake/vox_nav_msgs__rosidl_generator_cExport-noconfig.cmake
[1.504s] -- Up-to-date: /home/manuel/buggy_ws_beta.a/install/vox_nav_msgs/share/vox_nav_msgs/cmake/vox_nav_msgs__rosidl_typesupport_introspection_cExport.cmake
[1.504s] -- Up-to-date: /home/manuel/buggy_ws_beta.a/install/vox_nav_msgs/share/vox_nav_msgs/cmake/vox_nav_msgs__rosidl_typesupport_introspection_cExport-noconfig.cmake
[1.504s] -- Up-to-date: /home/manuel/buggy_ws_beta.a/install/vox_nav_msgs/share/vox_nav_msgs/cmake/vox_nav_msgs__rosidl_typesupport_cExport.cmake
[1.504s] -- Up-to-date: /home/manuel/buggy_ws_beta.a/install/vox_nav_msgs/share/vox_nav_msgs/cmake/vox_nav_msgs__rosidl_typesupport_cExport-noconfig.cmake
[1.504s] -- Up-to-date: /home/manuel/buggy_ws_beta.a/install/vox_nav_msgs/share/vox_nav_msgs/cmake/vox_nav_msgs__rosidl_generator_cppExport.cmake
[1.504s] -- Up-to-date: /home/manuel/buggy_ws_beta.a/install/vox_nav_msgs/share/vox_nav_msgs/cmake/vox_nav_msgs__rosidl_typesupport_introspection_cppExport.cmake
[1.504s] -- Up-to-date: /home/manuel/buggy_ws_beta.a/install/vox_nav_msgs/share/vox_nav_msgs/cmake/vox_nav_msgs__rosidl_typesupport_introspection_cppExport-noconfig.cmake
[1.504s] -- Up-to-date: /home/manuel/buggy_ws_beta.a/install/vox_nav_msgs/share/vox_nav_msgs/cmake/vox_nav_msgs__rosidl_typesupport_cppExport.cmake
[1.504s] -- Up-to-date: /home/manuel/buggy_ws_beta.a/install/vox_nav_msgs/share/vox_nav_msgs/cmake/vox_nav_msgs__rosidl_typesupport_cppExport-noconfig.cmake
[1.504s] -- Up-to-date: /home/manuel/buggy_ws_beta.a/install/vox_nav_msgs/share/vox_nav_msgs/cmake/rosidl_cmake-extras.cmake
[1.504s] -- Up-to-date: /home/manuel/buggy_ws_beta.a/install/vox_nav_msgs/share/vox_nav_msgs/cmake/ament_cmake_export_dependencies-extras.cmake
[1.504s] -- Up-to-date: /home/manuel/buggy_ws_beta.a/install/vox_nav_msgs/share/vox_nav_msgs/cmake/ament_cmake_export_libraries-extras.cmake
[1.505s] -- Up-to-date: /home/manuel/buggy_ws_beta.a/install/vox_nav_msgs/share/vox_nav_msgs/cmake/ament_cmake_export_targets-extras.cmake
[1.505s] -- Up-to-date: /home/manuel/buggy_ws_beta.a/install/vox_nav_msgs/share/vox_nav_msgs/cmake/ament_cmake_export_include_directories-extras.cmake
[1.505s] -- Up-to-date: /home/manuel/buggy_ws_beta.a/install/vox_nav_msgs/share/vox_nav_msgs/cmake/rosidl_cmake_export_typesupport_libraries-extras.cmake
[1.505s] -- Up-to-date: /home/manuel/buggy_ws_beta.a/install/vox_nav_msgs/share/vox_nav_msgs/cmake/rosidl_cmake_export_typesupport_targets-extras.cmake
[1.505s] -- Up-to-date: /home/manuel/buggy_ws_beta.a/install/vox_nav_msgs/share/vox_nav_msgs/cmake/vox_nav_msgsConfig.cmake
[1.505s] -- Up-to-date: /home/manuel/buggy_ws_beta.a/install/vox_nav_msgs/share/vox_nav_msgs/cmake/vox_nav_msgsConfig-version.cmake
[1.505s] -- Up-to-date: /home/manuel/buggy_ws_beta.a/install/vox_nav_msgs/share/vox_nav_msgs/package.xml
[1.619s] Invoked command in '/home/manuel/buggy_ws_beta.a/build/vox_nav_msgs' returned '0': CMAKE_PREFIX_PATH=${CMAKE_PREFIX_PATH}:/home/manuel/buggy_ws_beta.a/install/joint_state_publisher_gui:/home/manuel/buggy_ws_beta.a/install/joint_state_publisher:/home/manuel/buggy_ws_beta.a/install/ackermann_odometry:/home/manuel/buggy_ws_beta.a/install/ackermann_controller:/home/manuel/buggy_space/install/joint_state_publisher_gui:/home/manuel/buggy_space/install/joint_state_publisher:/home/manuel/buggy_space/install/ackermann_odometry:/home/manuel/buggy_space/install/ackermann_controller:/opt/ros/foxy /usr/bin/cmake --install /home/manuel/buggy_ws_beta.a/build/vox_nav_msgs
