-- Install configuration: ""
-- Up-to-date: /home/manuel/buggy_ws_beta.a/install/buggy_mobile_navigation/share/buggy_mobile_navigation/launch
-- Up-to-date: /home/manuel/buggy_ws_beta.a/install/buggy_mobile_navigation/share/buggy_mobile_navigation/launch/buggy_mapping_VLP16.launch.py
-- Up-to-date: /home/manuel/buggy_ws_beta.a/install/buggy_mobile_navigation/share/buggy_mobile_navigation/launch/dual_ekf.launch.py
-- Up-to-date: /home/manuel/buggy_ws_beta.a/install/buggy_mobile_navigation/share/buggy_mobile_navigation/launch/rviz.launch.py
-- Up-to-date: /home/manuel/buggy_ws_beta.a/install/buggy_mobile_navigation/share/buggy_mobile_navigation/launch/buggy_simulated_navigation.launch.py
-- Up-to-date: /home/manuel/buggy_ws_beta.a/install/buggy_mobile_navigation/share/buggy_mobile_navigation/launch/buggy_navigation.launch.py
-- Up-to-date: /home/manuel/buggy_ws_beta.a/install/buggy_mobile_navigation/share/buggy_mobile_navigation/launch/navigation.launch.py
-- Up-to-date: /home/manuel/buggy_ws_beta.a/install/buggy_mobile_navigation/share/buggy_mobile_navigation/launch/bringup.launch.py
-- Up-to-date: /home/manuel/buggy_ws_beta.a/install/buggy_mobile_navigation/share/buggy_mobile_navigation/launch/buggy_mapping_sick.launch.py
-- Up-to-date: /home/manuel/buggy_ws_beta.a/install/buggy_mobile_navigation/share/buggy_mobile_navigation/maps
-- Up-to-date: /home/manuel/buggy_ws_beta.a/install/buggy_mobile_navigation/share/buggy_mobile_navigation/maps/map_building_b.yaml
-- Up-to-date: /home/manuel/buggy_ws_beta.a/install/buggy_mobile_navigation/share/buggy_mobile_navigation/maps/map_underground.pgm
-- Up-to-date: /home/manuel/buggy_ws_beta.a/install/buggy_mobile_navigation/share/buggy_mobile_navigation/maps/map_building_b.pgm
-- Up-to-date: /home/manuel/buggy_ws_beta.a/install/buggy_mobile_navigation/share/buggy_mobile_navigation/maps/map_final.pgm
-- Up-to-date: /home/manuel/buggy_ws_beta.a/install/buggy_mobile_navigation/share/buggy_mobile_navigation/maps/map_newbuilding.yaml
-- Up-to-date: /home/manuel/buggy_ws_beta.a/install/buggy_mobile_navigation/share/buggy_mobile_navigation/maps/map_final.yaml
-- Up-to-date: /home/manuel/buggy_ws_beta.a/install/buggy_mobile_navigation/share/buggy_mobile_navigation/maps/map_underground.yaml
-- Up-to-date: /home/manuel/buggy_ws_beta.a/install/buggy_mobile_navigation/share/buggy_mobile_navigation/maps/map_newbuilding.pgm
-- Up-to-date: /home/manuel/buggy_ws_beta.a/install/buggy_mobile_navigation/share/buggy_mobile_navigation/params
-- Up-to-date: /home/manuel/buggy_ws_beta.a/install/buggy_mobile_navigation/share/buggy_mobile_navigation/params/nav2_params_real.yaml
-- Up-to-date: /home/manuel/buggy_ws_beta.a/install/buggy_mobile_navigation/share/buggy_mobile_navigation/params/nav2_params.yaml
-- Up-to-date: /home/manuel/buggy_ws_beta.a/install/buggy_mobile_navigation/share/buggy_mobile_navigation/params/navigate_w_replanning_distance.xml
-- Up-to-date: /home/manuel/buggy_ws_beta.a/install/buggy_mobile_navigation/share/buggy_mobile_navigation/params/navigate_w_replanning_and_recovery.xml
-- Up-to-date: /home/manuel/buggy_ws_beta.a/install/buggy_mobile_navigation/share/buggy_mobile_navigation/params/dual_ekf.yaml
-- Up-to-date: /home/manuel/buggy_ws_beta.a/install/buggy_mobile_navigation/share/buggy_mobile_navigation/rviz
-- Up-to-date: /home/manuel/buggy_ws_beta.a/install/buggy_mobile_navigation/share/buggy_mobile_navigation/rviz/buggy_mapping_slam.rviz
-- Up-to-date: /home/manuel/buggy_ws_beta.a/install/buggy_mobile_navigation/share/buggy_mobile_navigation/rviz/nav2_buggy_real.rviz
-- Up-to-date: /home/manuel/buggy_ws_beta.a/install/buggy_mobile_navigation/share/buggy_mobile_navigation/rviz/nav2_buggy.rviz
-- Up-to-date: /home/manuel/buggy_ws_beta.a/install/buggy_mobile_navigation/share/ament_index/resource_index/package_run_dependencies/buggy_mobile_navigation
-- Up-to-date: /home/manuel/buggy_ws_beta.a/install/buggy_mobile_navigation/share/ament_index/resource_index/parent_prefix_path/buggy_mobile_navigation
-- Up-to-date: /home/manuel/buggy_ws_beta.a/install/buggy_mobile_navigation/share/buggy_mobile_navigation/environment/ament_prefix_path.sh
-- Up-to-date: /home/manuel/buggy_ws_beta.a/install/buggy_mobile_navigation/share/buggy_mobile_navigation/environment/ament_prefix_path.dsv
-- Up-to-date: /home/manuel/buggy_ws_beta.a/install/buggy_mobile_navigation/share/buggy_mobile_navigation/environment/path.sh
-- Up-to-date: /home/manuel/buggy_ws_beta.a/install/buggy_mobile_navigation/share/buggy_mobile_navigation/environment/path.dsv
-- Up-to-date: /home/manuel/buggy_ws_beta.a/install/buggy_mobile_navigation/share/buggy_mobile_navigation/local_setup.bash
-- Up-to-date: /home/manuel/buggy_ws_beta.a/install/buggy_mobile_navigation/share/buggy_mobile_navigation/local_setup.sh
-- Up-to-date: /home/manuel/buggy_ws_beta.a/install/buggy_mobile_navigation/share/buggy_mobile_navigation/local_setup.zsh
-- Up-to-date: /home/manuel/buggy_ws_beta.a/install/buggy_mobile_navigation/share/buggy_mobile_navigation/local_setup.dsv
-- Installing: /home/manuel/buggy_ws_beta.a/install/buggy_mobile_navigation/share/buggy_mobile_navigation/package.dsv
-- Up-to-date: /home/manuel/buggy_ws_beta.a/install/buggy_mobile_navigation/share/ament_index/resource_index/packages/buggy_mobile_navigation
-- Up-to-date: /home/manuel/buggy_ws_beta.a/install/buggy_mobile_navigation/share/buggy_mobile_navigation/cmake/buggy_mobile_navigationConfig.cmake
-- Up-to-date: /home/manuel/buggy_ws_beta.a/install/buggy_mobile_navigation/share/buggy_mobile_navigation/cmake/buggy_mobile_navigationConfig-version.cmake
-- Up-to-date: /home/manuel/buggy_ws_beta.a/install/buggy_mobile_navigation/share/buggy_mobile_navigation/package.xml
