[0.138s] Invoking command in '/home/manuel/buggy_ws_beta.a/build/ackermann_msgs': CMAKE_PREFIX_PATH=${CMAKE_PREFIX_PATH}:/home/manuel/buggy_ws_beta.a/install/joint_state_publisher_gui:/home/manuel/buggy_ws_beta.a/install/joint_state_publisher:/home/manuel/buggy_ws_beta.a/install/ackermann_odometry:/home/manuel/buggy_ws_beta.a/install/ackermann_controller:/home/manuel/buggy_space/install/joint_state_publisher_gui:/home/manuel/buggy_space/install/joint_state_publisher:/home/manuel/buggy_space/install/ackermann_odometry:/home/manuel/buggy_space/install/ackermann_controller:/opt/ros/foxy /usr/bin/cmake --build /home/manuel/buggy_ws_beta.a/build/ackermann_msgs -- -j16 -l16
[0.585s] [  2%] Built target ackermann_msgs__cpp
[0.585s] [ 12%] Built target ackermann_msgs__rosidl_generator_c
[0.585s] [ 23%] Built target ackermann_msgs__rosidl_typesupport_cpp
[0.585s] [ 33%] Built target ackermann_msgs__rosidl_typesupport_introspection_cpp
[0.585s] [ 46%] Built target ackermann_msgs__rosidl_typesupport_introspection_c
[0.585s] [ 53%] Built target ackermann_msgs__rosidl_typesupport_fastrtps_cpp
[0.585s] [ 64%] Built target ackermann_msgs__rosidl_typesupport_c
[0.586s] [ 74%] Built target ackermann_msgs__rosidl_typesupport_fastrtps_c
[0.586s] [ 74%] Built target ackermann_msgs
[0.586s] [ 76%] Built target ackermann_msgs__py
[0.586s] [ 84%] Built target ackermann_msgs__python
[0.586s] [ 89%] Built target ackermann_msgs__rosidl_typesupport_fastrtps_c__pyext
[0.586s] [ 94%] Built target ackermann_msgs__rosidl_typesupport_c__pyext
[0.586s] [100%] Built target ackermann_msgs__rosidl_typesupport_introspection_c__pyext
[0.609s] Invoked command in '/home/manuel/buggy_ws_beta.a/build/ackermann_msgs' returned '0': CMAKE_PREFIX_PATH=${CMAKE_PREFIX_PATH}:/home/manuel/buggy_ws_beta.a/install/joint_state_publisher_gui:/home/manuel/buggy_ws_beta.a/install/joint_state_publisher:/home/manuel/buggy_ws_beta.a/install/ackermann_odometry:/home/manuel/buggy_ws_beta.a/install/ackermann_controller:/home/manuel/buggy_space/install/joint_state_publisher_gui:/home/manuel/buggy_space/install/joint_state_publisher:/home/manuel/buggy_space/install/ackermann_odometry:/home/manuel/buggy_space/install/ackermann_controller:/opt/ros/foxy /usr/bin/cmake --build /home/manuel/buggy_ws_beta.a/build/ackermann_msgs -- -j16 -l16
[0.846s] Invoking command in '/home/manuel/buggy_ws_beta.a/build/ackermann_msgs': CMAKE_PREFIX_PATH=${CMAKE_PREFIX_PATH}:/home/manuel/buggy_ws_beta.a/install/joint_state_publisher_gui:/home/manuel/buggy_ws_beta.a/install/joint_state_publisher:/home/manuel/buggy_ws_beta.a/install/ackermann_odometry:/home/manuel/buggy_ws_beta.a/install/ackermann_controller:/home/manuel/buggy_space/install/joint_state_publisher_gui:/home/manuel/buggy_space/install/joint_state_publisher:/home/manuel/buggy_space/install/ackermann_odometry:/home/manuel/buggy_space/install/ackermann_controller:/opt/ros/foxy /usr/bin/cmake --install /home/manuel/buggy_ws_beta.a/build/ackermann_msgs
[0.900s] -- Install configuration: ""
[0.901s] -- Up-to-date: /home/manuel/buggy_ws_beta.a/install/ackermann_msgs/share/ament_index/resource_index/rosidl_interfaces/ackermann_msgs
[0.901s] -- Up-to-date: /home/manuel/buggy_ws_beta.a/install/ackermann_msgs/include/ackermann_msgs
[0.901s] -- Up-to-date: /home/manuel/buggy_ws_beta.a/install/ackermann_msgs/include/ackermann_msgs/msg
[0.901s] -- Up-to-date: /home/manuel/buggy_ws_beta.a/install/ackermann_msgs/include/ackermann_msgs/msg/detail
[0.901s] -- Up-to-date: /home/manuel/buggy_ws_beta.a/install/ackermann_msgs/include/ackermann_msgs/msg/detail/ackermann_drive_stamped__functions.h
[0.902s] -- Up-to-date: /home/manuel/buggy_ws_beta.a/install/ackermann_msgs/include/ackermann_msgs/msg/detail/ackermann_drive_stamped__struct.h
[0.902s] -- Up-to-date: /home/manuel/buggy_ws_beta.a/install/ackermann_msgs/include/ackermann_msgs/msg/detail/ackermann_drive__struct.h
[0.902s] -- Up-to-date: /home/manuel/buggy_ws_beta.a/install/ackermann_msgs/include/ackermann_msgs/msg/detail/ackermann_drive_stamped__functions.c
[0.902s] -- Up-to-date: /home/manuel/buggy_ws_beta.a/install/ackermann_msgs/include/ackermann_msgs/msg/detail/ackermann_drive__type_support.h
[0.902s] -- Up-to-date: /home/manuel/buggy_ws_beta.a/install/ackermann_msgs/include/ackermann_msgs/msg/detail/ackermann_drive__functions.c
[0.902s] -- Up-to-date: /home/manuel/buggy_ws_beta.a/install/ackermann_msgs/include/ackermann_msgs/msg/detail/ackermann_drive_stamped__type_support.h
[0.902s] -- Up-to-date: /home/manuel/buggy_ws_beta.a/install/ackermann_msgs/include/ackermann_msgs/msg/detail/ackermann_drive__functions.h
[0.902s] -- Up-to-date: /home/manuel/buggy_ws_beta.a/install/ackermann_msgs/include/ackermann_msgs/msg/rosidl_generator_c__visibility_control.h
[0.902s] -- Up-to-date: /home/manuel/buggy_ws_beta.a/install/ackermann_msgs/include/ackermann_msgs/msg/ackermann_drive.h
[0.903s] -- Up-to-date: /home/manuel/buggy_ws_beta.a/install/ackermann_msgs/include/ackermann_msgs/msg/ackermann_drive_stamped.h
[0.903s] -- Up-to-date: /home/manuel/buggy_ws_beta.a/install/ackermann_msgs/share/ackermann_msgs/environment/library_path.sh
[0.903s] -- Up-to-date: /home/manuel/buggy_ws_beta.a/install/ackermann_msgs/share/ackermann_msgs/environment/library_path.dsv
[0.903s] -- Up-to-date: /home/manuel/buggy_ws_beta.a/install/ackermann_msgs/lib/libackermann_msgs__rosidl_generator_c.so
[0.903s] -- Up-to-date: /home/manuel/buggy_ws_beta.a/install/ackermann_msgs/include/ackermann_msgs
[0.903s] -- Up-to-date: /home/manuel/buggy_ws_beta.a/install/ackermann_msgs/include/ackermann_msgs/msg
[0.903s] -- Up-to-date: /home/manuel/buggy_ws_beta.a/install/ackermann_msgs/include/ackermann_msgs/msg/detail
[0.904s] -- Up-to-date: /home/manuel/buggy_ws_beta.a/install/ackermann_msgs/include/ackermann_msgs/msg/detail/ackermann_drive_stamped__rosidl_typesupport_fastrtps_c.h
[0.904s] -- Up-to-date: /home/manuel/buggy_ws_beta.a/install/ackermann_msgs/include/ackermann_msgs/msg/detail/ackermann_drive__rosidl_typesupport_fastrtps_c.h
[0.904s] -- Up-to-date: /home/manuel/buggy_ws_beta.a/install/ackermann_msgs/include/ackermann_msgs/msg/rosidl_typesupport_fastrtps_c__visibility_control.h
[0.904s] -- Up-to-date: /home/manuel/buggy_ws_beta.a/install/ackermann_msgs/lib/libackermann_msgs__rosidl_typesupport_fastrtps_c.so
[0.909s] -- Up-to-date: /home/manuel/buggy_ws_beta.a/install/ackermann_msgs/include/ackermann_msgs
[0.909s] -- Up-to-date: /home/manuel/buggy_ws_beta.a/install/ackermann_msgs/include/ackermann_msgs/msg
[0.909s] -- Up-to-date: /home/manuel/buggy_ws_beta.a/install/ackermann_msgs/include/ackermann_msgs/msg/detail
[0.909s] -- Up-to-date: /home/manuel/buggy_ws_beta.a/install/ackermann_msgs/include/ackermann_msgs/msg/detail/ackermann_drive_stamped__rosidl_typesupport_fastrtps_cpp.hpp
[0.909s] -- Up-to-date: /home/manuel/buggy_ws_beta.a/install/ackermann_msgs/include/ackermann_msgs/msg/detail/dds_fastrtps
[0.909s] -- Up-to-date: /home/manuel/buggy_ws_beta.a/install/ackermann_msgs/include/ackermann_msgs/msg/detail/ackermann_drive__rosidl_typesupport_fastrtps_cpp.hpp
[0.910s] -- Up-to-date: /home/manuel/buggy_ws_beta.a/install/ackermann_msgs/include/ackermann_msgs/msg/rosidl_typesupport_fastrtps_cpp__visibility_control.h
[0.910s] -- Up-to-date: /home/manuel/buggy_ws_beta.a/install/ackermann_msgs/lib/libackermann_msgs__rosidl_typesupport_fastrtps_cpp.so
[0.924s] -- Up-to-date: /home/manuel/buggy_ws_beta.a/install/ackermann_msgs/include/ackermann_msgs
[0.924s] -- Up-to-date: /home/manuel/buggy_ws_beta.a/install/ackermann_msgs/include/ackermann_msgs/msg
[0.924s] -- Up-to-date: /home/manuel/buggy_ws_beta.a/install/ackermann_msgs/include/ackermann_msgs/msg/detail
[0.924s] -- Up-to-date: /home/manuel/buggy_ws_beta.a/install/ackermann_msgs/include/ackermann_msgs/msg/detail/ackermann_drive_stamped__type_support.c
[0.924s] -- Up-to-date: /home/manuel/buggy_ws_beta.a/install/ackermann_msgs/include/ackermann_msgs/msg/detail/ackermann_drive__rosidl_typesupport_introspection_c.h
[0.924s] -- Up-to-date: /home/manuel/buggy_ws_beta.a/install/ackermann_msgs/include/ackermann_msgs/msg/detail/ackermann_drive__type_support.c
[0.924s] -- Up-to-date: /home/manuel/buggy_ws_beta.a/install/ackermann_msgs/include/ackermann_msgs/msg/detail/ackermann_drive_stamped__rosidl_typesupport_introspection_c.h
[0.924s] -- Up-to-date: /home/manuel/buggy_ws_beta.a/install/ackermann_msgs/include/ackermann_msgs/msg/rosidl_typesupport_introspection_c__visibility_control.h
[0.924s] -- Up-to-date: /home/manuel/buggy_ws_beta.a/install/ackermann_msgs/lib/libackermann_msgs__rosidl_typesupport_introspection_c.so
[0.925s] -- Up-to-date: /home/manuel/buggy_ws_beta.a/install/ackermann_msgs/lib/libackermann_msgs__rosidl_typesupport_c.so
[0.925s] -- Up-to-date: /home/manuel/buggy_ws_beta.a/install/ackermann_msgs/include/ackermann_msgs
[0.925s] -- Up-to-date: /home/manuel/buggy_ws_beta.a/install/ackermann_msgs/include/ackermann_msgs/msg
[0.925s] -- Up-to-date: /home/manuel/buggy_ws_beta.a/install/ackermann_msgs/include/ackermann_msgs/msg/detail
[0.925s] -- Up-to-date: /home/manuel/buggy_ws_beta.a/install/ackermann_msgs/include/ackermann_msgs/msg/detail/ackermann_drive_stamped__struct.hpp
[0.925s] -- Up-to-date: /home/manuel/buggy_ws_beta.a/install/ackermann_msgs/include/ackermann_msgs/msg/detail/ackermann_drive__struct.hpp
[0.925s] -- Up-to-date: /home/manuel/buggy_ws_beta.a/install/ackermann_msgs/include/ackermann_msgs/msg/detail/ackermann_drive__builder.hpp
[0.925s] -- Up-to-date: /home/manuel/buggy_ws_beta.a/install/ackermann_msgs/include/ackermann_msgs/msg/detail/ackermann_drive__traits.hpp
[0.925s] -- Up-to-date: /home/manuel/buggy_ws_beta.a/install/ackermann_msgs/include/ackermann_msgs/msg/detail/ackermann_drive_stamped__traits.hpp
[0.926s] -- Up-to-date: /home/manuel/buggy_ws_beta.a/install/ackermann_msgs/include/ackermann_msgs/msg/detail/ackermann_drive_stamped__builder.hpp
[0.926s] -- Up-to-date: /home/manuel/buggy_ws_beta.a/install/ackermann_msgs/include/ackermann_msgs/msg/ackermann_drive_stamped.hpp
[0.926s] -- Up-to-date: /home/manuel/buggy_ws_beta.a/install/ackermann_msgs/include/ackermann_msgs/msg/ackermann_drive.hpp
[0.926s] -- Up-to-date: /home/manuel/buggy_ws_beta.a/install/ackermann_msgs/include/ackermann_msgs
[0.926s] -- Up-to-date: /home/manuel/buggy_ws_beta.a/install/ackermann_msgs/include/ackermann_msgs/msg
[0.926s] -- Up-to-date: /home/manuel/buggy_ws_beta.a/install/ackermann_msgs/include/ackermann_msgs/msg/detail
[0.927s] -- Up-to-date: /home/manuel/buggy_ws_beta.a/install/ackermann_msgs/include/ackermann_msgs/msg/detail/ackermann_drive_stamped__type_support.cpp
[0.927s] -- Up-to-date: /home/manuel/buggy_ws_beta.a/install/ackermann_msgs/include/ackermann_msgs/msg/detail/ackermann_drive__rosidl_typesupport_introspection_cpp.hpp
[0.927s] -- Up-to-date: /home/manuel/buggy_ws_beta.a/install/ackermann_msgs/include/ackermann_msgs/msg/detail/ackermann_drive_stamped__rosidl_typesupport_introspection_cpp.hpp
[0.927s] -- Up-to-date: /home/manuel/buggy_ws_beta.a/install/ackermann_msgs/include/ackermann_msgs/msg/detail/ackermann_drive__type_support.cpp
[0.927s] -- Up-to-date: /home/manuel/buggy_ws_beta.a/install/ackermann_msgs/lib/libackermann_msgs__rosidl_typesupport_introspection_cpp.so
[0.927s] -- Up-to-date: /home/manuel/buggy_ws_beta.a/install/ackermann_msgs/lib/libackermann_msgs__rosidl_typesupport_cpp.so
[0.928s] -- Up-to-date: /home/manuel/buggy_ws_beta.a/install/ackermann_msgs/share/ackermann_msgs/environment/pythonpath.sh
[0.928s] -- Up-to-date: /home/manuel/buggy_ws_beta.a/install/ackermann_msgs/share/ackermann_msgs/environment/pythonpath.dsv
[0.928s] -- Up-to-date: /home/manuel/buggy_ws_beta.a/install/ackermann_msgs/lib/python3.8/site-packages/ackermann_msgs/__init__.py
[0.934s] -- Up-to-date: /home/manuel/buggy_ws_beta.a/install/ackermann_msgs/lib/python3.8/site-packages/ackermann_msgs/msg
[0.938s] -- Up-to-date: /home/manuel/buggy_ws_beta.a/install/ackermann_msgs/lib/python3.8/site-packages/ackermann_msgs/msg/_ackermann_drive_stamped.py
[0.939s] -- Up-to-date: /home/manuel/buggy_ws_beta.a/install/ackermann_msgs/lib/python3.8/site-packages/ackermann_msgs/msg/_ackermann_drive.py
[0.939s] -- Up-to-date: /home/manuel/buggy_ws_beta.a/install/ackermann_msgs/lib/python3.8/site-packages/ackermann_msgs/msg/_ackermann_drive_s.c
[0.939s] -- Up-to-date: /home/manuel/buggy_ws_beta.a/install/ackermann_msgs/lib/python3.8/site-packages/ackermann_msgs/msg/_ackermann_drive_stamped_s.c
[0.942s] -- Up-to-date: /home/manuel/buggy_ws_beta.a/install/ackermann_msgs/lib/python3.8/site-packages/ackermann_msgs/msg/__init__.py
[0.942s] -- Up-to-date: /home/manuel/buggy_ws_beta.a/install/ackermann_msgs/lib/python3.8/site-packages/ackermann_msgs/ackermann_msgs_s__rosidl_typesupport_fastrtps_c.cpython-38-x86_64-linux-gnu.so
[0.944s] -- Up-to-date: /home/manuel/buggy_ws_beta.a/install/ackermann_msgs/lib/python3.8/site-packages/ackermann_msgs/ackermann_msgs_s__rosidl_typesupport_introspection_c.cpython-38-x86_64-linux-gnu.so
[0.944s] -- Up-to-date: /home/manuel/buggy_ws_beta.a/install/ackermann_msgs/lib/python3.8/site-packages/ackermann_msgs/ackermann_msgs_s__rosidl_typesupport_c.cpython-38-x86_64-linux-gnu.so
[0.944s] -- Up-to-date: /home/manuel/buggy_ws_beta.a/install/ackermann_msgs/lib/libackermann_msgs__python.so
[0.944s] -- Up-to-date: /home/manuel/buggy_ws_beta.a/install/ackermann_msgs/share/ackermann_msgs/msg/AckermannDrive.idl
[0.945s] -- Up-to-date: /home/manuel/buggy_ws_beta.a/install/ackermann_msgs/share/ackermann_msgs/msg/AckermannDriveStamped.idl
[0.945s] -- Up-to-date: /home/manuel/buggy_ws_beta.a/install/ackermann_msgs/share/ackermann_msgs/msg/AckermannDrive.msg
[0.945s] -- Up-to-date: /home/manuel/buggy_ws_beta.a/install/ackermann_msgs/share/ackermann_msgs/msg/AckermannDriveStamped.msg
[0.947s] -- Up-to-date: /home/manuel/buggy_ws_beta.a/install/ackermann_msgs/share/ament_index/resource_index/package_run_dependencies/ackermann_msgs
[0.947s] -- Up-to-date: /home/manuel/buggy_ws_beta.a/install/ackermann_msgs/share/ament_index/resource_index/parent_prefix_path/ackermann_msgs
[0.947s] -- Up-to-date: /home/manuel/buggy_ws_beta.a/install/ackermann_msgs/share/ackermann_msgs/environment/ament_prefix_path.sh
[0.947s] -- Up-to-date: /home/manuel/buggy_ws_beta.a/install/ackermann_msgs/share/ackermann_msgs/environment/ament_prefix_path.dsv
[0.948s] -- Up-to-date: /home/manuel/buggy_ws_beta.a/install/ackermann_msgs/share/ackermann_msgs/environment/path.sh
[0.956s] -- Up-to-date: /home/manuel/buggy_ws_beta.a/install/ackermann_msgs/share/ackermann_msgs/environment/path.dsv
[0.957s] -- Up-to-date: /home/manuel/buggy_ws_beta.a/install/ackermann_msgs/share/ackermann_msgs/local_setup.bash
[0.957s] -- Up-to-date: /home/manuel/buggy_ws_beta.a/install/ackermann_msgs/share/ackermann_msgs/local_setup.sh
[0.957s] -- Up-to-date: /home/manuel/buggy_ws_beta.a/install/ackermann_msgs/share/ackermann_msgs/local_setup.zsh
[0.957s] -- Up-to-date: /home/manuel/buggy_ws_beta.a/install/ackermann_msgs/share/ackermann_msgs/local_setup.dsv
[0.958s] -- Installing: /home/manuel/buggy_ws_beta.a/install/ackermann_msgs/share/ackermann_msgs/package.dsv
[0.958s] -- Up-to-date: /home/manuel/buggy_ws_beta.a/install/ackermann_msgs/share/ament_index/resource_index/packages/ackermann_msgs
[0.958s] -- Up-to-date: /home/manuel/buggy_ws_beta.a/install/ackermann_msgs/share/ackermann_msgs/cmake/ackermann_msgs__rosidl_generator_cExport.cmake
[0.958s] -- Up-to-date: /home/manuel/buggy_ws_beta.a/install/ackermann_msgs/share/ackermann_msgs/cmake/ackermann_msgs__rosidl_generator_cExport-noconfig.cmake
[0.958s] -- Up-to-date: /home/manuel/buggy_ws_beta.a/install/ackermann_msgs/share/ackermann_msgs/cmake/ackermann_msgs__rosidl_typesupport_introspection_cExport.cmake
[0.958s] -- Up-to-date: /home/manuel/buggy_ws_beta.a/install/ackermann_msgs/share/ackermann_msgs/cmake/ackermann_msgs__rosidl_typesupport_introspection_cExport-noconfig.cmake
[0.958s] -- Up-to-date: /home/manuel/buggy_ws_beta.a/install/ackermann_msgs/share/ackermann_msgs/cmake/ackermann_msgs__rosidl_typesupport_cExport.cmake
[0.959s] -- Up-to-date: /home/manuel/buggy_ws_beta.a/install/ackermann_msgs/share/ackermann_msgs/cmake/ackermann_msgs__rosidl_typesupport_cExport-noconfig.cmake
[0.959s] -- Up-to-date: /home/manuel/buggy_ws_beta.a/install/ackermann_msgs/share/ackermann_msgs/cmake/ackermann_msgs__rosidl_generator_cppExport.cmake
[0.984s] -- Up-to-date: /home/manuel/buggy_ws_beta.a/install/ackermann_msgs/share/ackermann_msgs/cmake/ackermann_msgs__rosidl_typesupport_introspection_cppExport.cmake
[0.986s] -- Up-to-date: /home/manuel/buggy_ws_beta.a/install/ackermann_msgs/share/ackermann_msgs/cmake/ackermann_msgs__rosidl_typesupport_introspection_cppExport-noconfig.cmake
[0.986s] -- Up-to-date: /home/manuel/buggy_ws_beta.a/install/ackermann_msgs/share/ackermann_msgs/cmake/ackermann_msgs__rosidl_typesupport_cppExport.cmake
[0.986s] -- Up-to-date: /home/manuel/buggy_ws_beta.a/install/ackermann_msgs/share/ackermann_msgs/cmake/ackermann_msgs__rosidl_typesupport_cppExport-noconfig.cmake
[0.986s] -- Up-to-date: /home/manuel/buggy_ws_beta.a/install/ackermann_msgs/share/ackermann_msgs/cmake/rosidl_cmake-extras.cmake
[0.986s] -- Up-to-date: /home/manuel/buggy_ws_beta.a/install/ackermann_msgs/share/ackermann_msgs/cmake/ament_cmake_export_dependencies-extras.cmake
[0.986s] -- Up-to-date: /home/manuel/buggy_ws_beta.a/install/ackermann_msgs/share/ackermann_msgs/cmake/ament_cmake_export_libraries-extras.cmake
[0.986s] -- Up-to-date: /home/manuel/buggy_ws_beta.a/install/ackermann_msgs/share/ackermann_msgs/cmake/ament_cmake_export_targets-extras.cmake
[0.986s] -- Up-to-date: /home/manuel/buggy_ws_beta.a/install/ackermann_msgs/share/ackermann_msgs/cmake/ament_cmake_export_include_directories-extras.cmake
[0.986s] -- Up-to-date: /home/manuel/buggy_ws_beta.a/install/ackermann_msgs/share/ackermann_msgs/cmake/rosidl_cmake_export_typesupport_libraries-extras.cmake
[0.987s] -- Up-to-date: /home/manuel/buggy_ws_beta.a/install/ackermann_msgs/share/ackermann_msgs/cmake/rosidl_cmake_export_typesupport_targets-extras.cmake
[0.990s] -- Up-to-date: /home/manuel/buggy_ws_beta.a/install/ackermann_msgs/share/ackermann_msgs/cmake/ackermann_msgsConfig.cmake
[0.995s] -- Up-to-date: /home/manuel/buggy_ws_beta.a/install/ackermann_msgs/share/ackermann_msgs/cmake/ackermann_msgsConfig-version.cmake
[0.995s] -- Up-to-date: /home/manuel/buggy_ws_beta.a/install/ackermann_msgs/share/ackermann_msgs/package.xml
[1.107s] Invoked command in '/home/manuel/buggy_ws_beta.a/build/ackermann_msgs' returned '0': CMAKE_PREFIX_PATH=${CMAKE_PREFIX_PATH}:/home/manuel/buggy_ws_beta.a/install/joint_state_publisher_gui:/home/manuel/buggy_ws_beta.a/install/joint_state_publisher:/home/manuel/buggy_ws_beta.a/install/ackermann_odometry:/home/manuel/buggy_ws_beta.a/install/ackermann_controller:/home/manuel/buggy_space/install/joint_state_publisher_gui:/home/manuel/buggy_space/install/joint_state_publisher:/home/manuel/buggy_space/install/ackermann_odometry:/home/manuel/buggy_space/install/ackermann_controller:/opt/ros/foxy /usr/bin/cmake --install /home/manuel/buggy_ws_beta.a/build/ackermann_msgs
