-- The C compiler identification is GNU 9.4.0
-- The CXX compiler identification is GNU 9.4.0
-- Check for working C compiler: /usr/bin/cc
-- Check for working C compiler: /usr/bin/cc -- works
-- Detecting C compiler ABI info
-- Detecting C compiler ABI info - done
-- Detecting C compile features
-- Detecting C compile features - done
-- Check for working CXX compiler: /usr/bin/c++
-- Check for working CXX compiler: /usr/bin/c++ -- works
-- Detecting CXX compiler ABI info
-- Detecting CXX compiler ABI info - done
-- Detecting CXX compile features
-- Detecting CXX compile features - done
-- Found ament_cmake: 0.9.11 (/opt/ros/foxy/share/ament_cmake/cmake)
-- Found PythonInterp: /usr/bin/python3 (found suitable version "3.8.10", minimum required is "3") 
-- Using PYTHON_EXECUTABLE: /usr/bin/python3
-- Found geometry_msgs: 2.0.5 (/opt/ros/foxy/share/geometry_msgs/cmake)
-- Using all available rosidl_typesupport_c: rosidl_typesupport_fastrtps_c;rosidl_typesupport_introspection_c
-- Found rosidl_adapter: 1.3.0 (/opt/ros/foxy/share/rosidl_adapter/cmake)
-- Found OpenSSL: /usr/lib/x86_64-linux-gnu/libcrypto.so (found version "1.1.1f")  
-- Found FastRTPS: /opt/ros/foxy/include  
-- Using all available rosidl_typesupport_cpp: rosidl_typesupport_fastrtps_cpp;rosidl_typesupport_introspection_cpp
-- Found rosidl_default_generators: 1.0.1 (/opt/ros/foxy/share/rosidl_default_generators/cmake)
-- Found sensor_msgs: 2.0.5 (/opt/ros/foxy/share/sensor_msgs/cmake)
-- Found nav_msgs: 2.0.5 (/opt/ros/foxy/share/nav_msgs/cmake)
-- Found octomap_msgs: 2.0.0 (/opt/ros/foxy/share/octomap_msgs/cmake)
-- Found PythonInterp: /usr/bin/python3 (found version "3.8.10") 
-- Found ament_cmake_ros: 0.9.2 (/opt/ros/foxy/share/ament_cmake_ros/cmake)
-- Using all available rosidl_typesupport_c: rosidl_typesupport_fastrtps_c;rosidl_typesupport_introspection_c
-- Using all available rosidl_typesupport_cpp: rosidl_typesupport_fastrtps_cpp;rosidl_typesupport_introspection_cpp
-- Found PythonInterp: /usr/bin/python3 (found suitable version "3.8.10", minimum required is "3.5") 
-- Found python_cmake_module: 0.8.1 (/opt/ros/foxy/share/python_cmake_module/cmake)
-- Found PythonLibs: /usr/lib/x86_64-linux-gnu/libpython3.8.so (found suitable version "3.8.10", minimum required is "3.5") 
-- Using PYTHON_EXECUTABLE: /usr/bin/python3
-- Using PYTHON_INCLUDE_DIRS: /usr/include/python3.8
-- Using PYTHON_LIBRARIES: /usr/lib/x86_64-linux-gnu/libpython3.8.so
-- Found PythonExtra: .so  
-- Configuring done
-- Generating done
-- Build files have been written to: /home/manuel/buggy_ws_beta.a/build/vox_nav_msgs
[  1%] [34m[1mGenerating C code for ROS interfaces[0m
[35m[1mScanning dependencies of target vox_nav_msgs__cpp[0m
[  2%] [34m[1mGenerating C++ code for ROS interfaces[0m
[  2%] Built target vox_nav_msgs__cpp
[  3%] [34m[1mGenerating C++ type support for eProsima Fast-RTPS[0m
[  4%] [34m[1mGenerating C++ introspection for ROS interfaces[0m
[  5%] [34m[1mGenerating C++ type support dispatch for ROS interfaces[0m
[35m[1mScanning dependencies of target vox_nav_msgs__rosidl_generator_c[0m
[  6%] [32mBuilding C object CMakeFiles/vox_nav_msgs__rosidl_generator_c.dir/rosidl_generator_c/vox_nav_msgs/msg/detail/object__functions.c.o[0m
[  7%] [32mBuilding C object CMakeFiles/vox_nav_msgs__rosidl_generator_c.dir/rosidl_generator_c/vox_nav_msgs/msg/detail/oriented_nav_sat_fix__functions.c.o[0m
[  8%] [32mBuilding C object CMakeFiles/vox_nav_msgs__rosidl_generator_c.dir/rosidl_generator_c/vox_nav_msgs/msg/detail/object_array__functions.c.o[0m
[  9%] [32mBuilding C object CMakeFiles/vox_nav_msgs__rosidl_generator_c.dir/rosidl_generator_c/vox_nav_msgs/srv/detail/get_point_cloud__functions.c.o[0m
[ 10%] [32mBuilding C object CMakeFiles/vox_nav_msgs__rosidl_generator_c.dir/rosidl_generator_c/vox_nav_msgs/srv/detail/get_octomap__functions.c.o[0m
[ 11%] [32mBuilding C object CMakeFiles/vox_nav_msgs__rosidl_generator_c.dir/rosidl_generator_c/vox_nav_msgs/srv/detail/get_maps_and_surfels__functions.c.o[0m
[ 12%] [32mBuilding C object CMakeFiles/vox_nav_msgs__rosidl_generator_c.dir/rosidl_generator_c/vox_nav_msgs/action/detail/compute_path_to_pose__functions.c.o[0m
[ 13%] [32mBuilding C object CMakeFiles/vox_nav_msgs__rosidl_generator_c.dir/rosidl_generator_c/vox_nav_msgs/action/detail/navigate_to_pose__functions.c.o[0m
[ 14%] [32mBuilding C object CMakeFiles/vox_nav_msgs__rosidl_generator_c.dir/rosidl_generator_c/vox_nav_msgs/action/detail/follow_path__functions.c.o[0m
[ 15%] [32m[1mLinking C shared library libvox_nav_msgs__rosidl_generator_c.so[0m
[ 15%] Built target vox_nav_msgs__rosidl_generator_c
[ 16%] [34m[1mGenerating C introspection for ROS interfaces[0m
[ 17%] [34m[1mGenerating C type support dispatch for ROS interfaces[0m
[35m[1mScanning dependencies of target vox_nav_msgs__rosidl_typesupport_cpp[0m
[ 18%] [32mBuilding CXX object CMakeFiles/vox_nav_msgs__rosidl_typesupport_cpp.dir/rosidl_typesupport_cpp/vox_nav_msgs/msg/object__type_support.cpp.o[0m
[ 20%] [32mBuilding CXX object CMakeFiles/vox_nav_msgs__rosidl_typesupport_cpp.dir/rosidl_typesupport_cpp/vox_nav_msgs/msg/object_array__type_support.cpp.o[0m
[ 21%] [32mBuilding CXX object CMakeFiles/vox_nav_msgs__rosidl_typesupport_cpp.dir/rosidl_typesupport_cpp/vox_nav_msgs/msg/oriented_nav_sat_fix__type_support.cpp.o[0m
[ 22%] [32mBuilding CXX object CMakeFiles/vox_nav_msgs__rosidl_typesupport_cpp.dir/rosidl_typesupport_cpp/vox_nav_msgs/srv/get_octomap__type_support.cpp.o[0m
[ 23%] [32mBuilding CXX object CMakeFiles/vox_nav_msgs__rosidl_typesupport_cpp.dir/rosidl_typesupport_cpp/vox_nav_msgs/srv/get_point_cloud__type_support.cpp.o[0m
[ 24%] [32mBuilding CXX object CMakeFiles/vox_nav_msgs__rosidl_typesupport_cpp.dir/rosidl_typesupport_cpp/vox_nav_msgs/srv/get_maps_and_surfels__type_support.cpp.o[0m
[ 25%] [32mBuilding CXX object CMakeFiles/vox_nav_msgs__rosidl_typesupport_cpp.dir/rosidl_typesupport_cpp/vox_nav_msgs/action/compute_path_to_pose__type_support.cpp.o[0m
[35m[1mScanning dependencies of target vox_nav_msgs__rosidl_typesupport_introspection_cpp[0m
[ 26%] [32mBuilding CXX object CMakeFiles/vox_nav_msgs__rosidl_typesupport_introspection_cpp.dir/rosidl_typesupport_introspection_cpp/vox_nav_msgs/msg/detail/object__type_support.cpp.o[0m
[ 27%] [32mBuilding CXX object CMakeFiles/vox_nav_msgs__rosidl_typesupport_cpp.dir/rosidl_typesupport_cpp/vox_nav_msgs/action/navigate_to_pose__type_support.cpp.o[0m
[35m[1mScanning dependencies of target vox_nav_msgs__rosidl_typesupport_c[0m
[ 28%] [32mBuilding CXX object CMakeFiles/vox_nav_msgs__rosidl_typesupport_c.dir/rosidl_typesupport_c/vox_nav_msgs/msg/object__type_support.cpp.o[0m
[ 29%] [32mBuilding CXX object CMakeFiles/vox_nav_msgs__rosidl_typesupport_c.dir/rosidl_typesupport_c/vox_nav_msgs/msg/oriented_nav_sat_fix__type_support.cpp.o[0m
[ 30%] [32mBuilding CXX object CMakeFiles/vox_nav_msgs__rosidl_typesupport_c.dir/rosidl_typesupport_c/vox_nav_msgs/srv/get_octomap__type_support.cpp.o[0m
[ 31%] [32mBuilding CXX object CMakeFiles/vox_nav_msgs__rosidl_typesupport_cpp.dir/rosidl_typesupport_cpp/vox_nav_msgs/action/follow_path__type_support.cpp.o[0m
[ 32%] [32mBuilding CXX object CMakeFiles/vox_nav_msgs__rosidl_typesupport_c.dir/rosidl_typesupport_c/vox_nav_msgs/srv/get_maps_and_surfels__type_support.cpp.o[0m
[ 33%] [32mBuilding CXX object CMakeFiles/vox_nav_msgs__rosidl_typesupport_introspection_cpp.dir/rosidl_typesupport_introspection_cpp/vox_nav_msgs/action/detail/navigate_to_pose__type_support.cpp.o[0m
[35m[1mScanning dependencies of target vox_nav_msgs__rosidl_typesupport_fastrtps_cpp[0m
[ 34%] [32mBuilding CXX object CMakeFiles/vox_nav_msgs__rosidl_typesupport_c.dir/rosidl_typesupport_c/vox_nav_msgs/action/follow_path__type_support.cpp.o[0m
[ 35%] [32mBuilding CXX object CMakeFiles/vox_nav_msgs__rosidl_typesupport_fastrtps_cpp.dir/rosidl_typesupport_fastrtps_cpp/vox_nav_msgs/msg/detail/dds_fastrtps/object__type_support.cpp.o[0m
[ 36%] [32mBuilding CXX object CMakeFiles/vox_nav_msgs__rosidl_typesupport_c.dir/rosidl_typesupport_c/vox_nav_msgs/action/navigate_to_pose__type_support.cpp.o[0m
[ 37%] [32mBuilding CXX object CMakeFiles/vox_nav_msgs__rosidl_typesupport_c.dir/rosidl_typesupport_c/vox_nav_msgs/action/compute_path_to_pose__type_support.cpp.o[0m
[35m[1mScanning dependencies of target vox_nav_msgs__rosidl_typesupport_introspection_c[0m
[ 38%] [32mBuilding CXX object CMakeFiles/vox_nav_msgs__rosidl_typesupport_c.dir/rosidl_typesupport_c/vox_nav_msgs/srv/get_point_cloud__type_support.cpp.o[0m
[ 40%] [32mBuilding C object CMakeFiles/vox_nav_msgs__rosidl_typesupport_introspection_c.dir/rosidl_typesupport_introspection_c/vox_nav_msgs/msg/detail/object__type_support.c.o[0m
[ 41%] [32mBuilding CXX object CMakeFiles/vox_nav_msgs__rosidl_typesupport_c.dir/rosidl_typesupport_c/vox_nav_msgs/msg/object_array__type_support.cpp.o[0m
[ 42%] [32m[1mLinking CXX shared library libvox_nav_msgs__rosidl_typesupport_cpp.so[0m
[ 43%] [32mBuilding C object CMakeFiles/vox_nav_msgs__rosidl_typesupport_introspection_c.dir/rosidl_typesupport_introspection_c/vox_nav_msgs/msg/detail/object_array__type_support.c.o[0m
[ 44%] [32m[1mLinking CXX shared library libvox_nav_msgs__rosidl_typesupport_c.so[0m
[ 44%] Built target vox_nav_msgs__rosidl_typesupport_cpp
[ 45%] [32mBuilding C object CMakeFiles/vox_nav_msgs__rosidl_typesupport_introspection_c.dir/rosidl_typesupport_introspection_c/vox_nav_msgs/msg/detail/oriented_nav_sat_fix__type_support.c.o[0m
[ 46%] [32mBuilding CXX object CMakeFiles/vox_nav_msgs__rosidl_typesupport_introspection_cpp.dir/rosidl_typesupport_introspection_cpp/vox_nav_msgs/action/detail/follow_path__type_support.cpp.o[0m
[ 46%] Built target vox_nav_msgs__rosidl_typesupport_c
[ 47%] [32mBuilding C object CMakeFiles/vox_nav_msgs__rosidl_typesupport_introspection_c.dir/rosidl_typesupport_introspection_c/vox_nav_msgs/srv/detail/get_octomap__type_support.c.o[0m
[ 48%] [32mBuilding CXX object CMakeFiles/vox_nav_msgs__rosidl_typesupport_fastrtps_cpp.dir/rosidl_typesupport_fastrtps_cpp/vox_nav_msgs/action/detail/dds_fastrtps/compute_path_to_pose__type_support.cpp.o[0m
[ 49%] [32mBuilding C object CMakeFiles/vox_nav_msgs__rosidl_typesupport_introspection_c.dir/rosidl_typesupport_introspection_c/vox_nav_msgs/srv/detail/get_maps_and_surfels__type_support.c.o[0m
[ 50%] [32mBuilding C object CMakeFiles/vox_nav_msgs__rosidl_typesupport_introspection_c.dir/rosidl_typesupport_introspection_c/vox_nav_msgs/srv/detail/get_point_cloud__type_support.c.o[0m
[ 51%] [32mBuilding C object CMakeFiles/vox_nav_msgs__rosidl_typesupport_introspection_c.dir/rosidl_typesupport_introspection_c/vox_nav_msgs/action/detail/compute_path_to_pose__type_support.c.o[0m
[ 52%] [32mBuilding C object CMakeFiles/vox_nav_msgs__rosidl_typesupport_introspection_c.dir/rosidl_typesupport_introspection_c/vox_nav_msgs/action/detail/follow_path__type_support.c.o[0m
[ 53%] [32mBuilding C object CMakeFiles/vox_nav_msgs__rosidl_typesupport_introspection_c.dir/rosidl_typesupport_introspection_c/vox_nav_msgs/action/detail/navigate_to_pose__type_support.c.o[0m
[ 54%] [32mBuilding CXX object CMakeFiles/vox_nav_msgs__rosidl_typesupport_introspection_cpp.dir/rosidl_typesupport_introspection_cpp/vox_nav_msgs/action/detail/compute_path_to_pose__type_support.cpp.o[0m
[ 55%] [32m[1mLinking C shared library libvox_nav_msgs__rosidl_typesupport_introspection_c.so[0m
[ 55%] Built target vox_nav_msgs__rosidl_typesupport_introspection_c
[ 56%] [32mBuilding CXX object CMakeFiles/vox_nav_msgs__rosidl_typesupport_fastrtps_cpp.dir/rosidl_typesupport_fastrtps_cpp/vox_nav_msgs/action/detail/dds_fastrtps/navigate_to_pose__type_support.cpp.o[0m
[ 57%] [32mBuilding CXX object CMakeFiles/vox_nav_msgs__rosidl_typesupport_introspection_cpp.dir/rosidl_typesupport_introspection_cpp/vox_nav_msgs/srv/detail/get_maps_and_surfels__type_support.cpp.o[0m
[ 58%] [32mBuilding CXX object CMakeFiles/vox_nav_msgs__rosidl_typesupport_fastrtps_cpp.dir/rosidl_typesupport_fastrtps_cpp/vox_nav_msgs/action/detail/dds_fastrtps/follow_path__type_support.cpp.o[0m
[ 60%] [32mBuilding CXX object CMakeFiles/vox_nav_msgs__rosidl_typesupport_introspection_cpp.dir/rosidl_typesupport_introspection_cpp/vox_nav_msgs/srv/detail/get_point_cloud__type_support.cpp.o[0m
[ 61%] [32mBuilding CXX object CMakeFiles/vox_nav_msgs__rosidl_typesupport_introspection_cpp.dir/rosidl_typesupport_introspection_cpp/vox_nav_msgs/srv/detail/get_octomap__type_support.cpp.o[0m
[ 62%] [32mBuilding CXX object CMakeFiles/vox_nav_msgs__rosidl_typesupport_fastrtps_cpp.dir/rosidl_typesupport_fastrtps_cpp/vox_nav_msgs/srv/detail/dds_fastrtps/get_maps_and_surfels__type_support.cpp.o[0m
[ 63%] [32mBuilding CXX object CMakeFiles/vox_nav_msgs__rosidl_typesupport_introspection_cpp.dir/rosidl_typesupport_introspection_cpp/vox_nav_msgs/msg/detail/oriented_nav_sat_fix__type_support.cpp.o[0m
[ 64%] [32mBuilding CXX object CMakeFiles/vox_nav_msgs__rosidl_typesupport_fastrtps_cpp.dir/rosidl_typesupport_fastrtps_cpp/vox_nav_msgs/srv/detail/dds_fastrtps/get_point_cloud__type_support.cpp.o[0m
[ 65%] [32mBuilding CXX object CMakeFiles/vox_nav_msgs__rosidl_typesupport_introspection_cpp.dir/rosidl_typesupport_introspection_cpp/vox_nav_msgs/msg/detail/object_array__type_support.cpp.o[0m
[ 66%] [32mBuilding CXX object CMakeFiles/vox_nav_msgs__rosidl_typesupport_fastrtps_cpp.dir/rosidl_typesupport_fastrtps_cpp/vox_nav_msgs/srv/detail/dds_fastrtps/get_octomap__type_support.cpp.o[0m
[ 67%] [32m[1mLinking CXX shared library libvox_nav_msgs__rosidl_typesupport_introspection_cpp.so[0m
[ 67%] Built target vox_nav_msgs__rosidl_typesupport_introspection_cpp
[ 68%] [32mBuilding CXX object CMakeFiles/vox_nav_msgs__rosidl_typesupport_fastrtps_cpp.dir/rosidl_typesupport_fastrtps_cpp/vox_nav_msgs/msg/detail/dds_fastrtps/oriented_nav_sat_fix__type_support.cpp.o[0m
[ 69%] [32mBuilding CXX object CMakeFiles/vox_nav_msgs__rosidl_typesupport_fastrtps_cpp.dir/rosidl_typesupport_fastrtps_cpp/vox_nav_msgs/msg/detail/dds_fastrtps/object_array__type_support.cpp.o[0m
[ 70%] [32m[1mLinking CXX shared library libvox_nav_msgs__rosidl_typesupport_fastrtps_cpp.so[0m
[ 70%] Built target vox_nav_msgs__rosidl_typesupport_fastrtps_cpp
[ 71%] [34m[1mGenerating C type support for eProsima Fast-RTPS[0m
[35m[1mScanning dependencies of target vox_nav_msgs__rosidl_typesupport_fastrtps_c[0m
[ 72%] [32mBuilding CXX object CMakeFiles/vox_nav_msgs__rosidl_typesupport_fastrtps_c.dir/rosidl_typesupport_fastrtps_c/vox_nav_msgs/msg/detail/object__type_support_c.cpp.o[0m
[ 73%] [32mBuilding CXX object CMakeFiles/vox_nav_msgs__rosidl_typesupport_fastrtps_c.dir/rosidl_typesupport_fastrtps_c/vox_nav_msgs/action/detail/navigate_to_pose__type_support_c.cpp.o[0m
[ 74%] [32mBuilding CXX object CMakeFiles/vox_nav_msgs__rosidl_typesupport_fastrtps_c.dir/rosidl_typesupport_fastrtps_c/vox_nav_msgs/action/detail/follow_path__type_support_c.cpp.o[0m
[ 75%] [32mBuilding CXX object CMakeFiles/vox_nav_msgs__rosidl_typesupport_fastrtps_c.dir/rosidl_typesupport_fastrtps_c/vox_nav_msgs/action/detail/compute_path_to_pose__type_support_c.cpp.o[0m
[ 76%] [32mBuilding CXX object CMakeFiles/vox_nav_msgs__rosidl_typesupport_fastrtps_c.dir/rosidl_typesupport_fastrtps_c/vox_nav_msgs/srv/detail/get_maps_and_surfels__type_support_c.cpp.o[0m
[ 77%] [32mBuilding CXX object CMakeFiles/vox_nav_msgs__rosidl_typesupport_fastrtps_c.dir/rosidl_typesupport_fastrtps_c/vox_nav_msgs/srv/detail/get_point_cloud__type_support_c.cpp.o[0m
[ 78%] [32mBuilding CXX object CMakeFiles/vox_nav_msgs__rosidl_typesupport_fastrtps_c.dir/rosidl_typesupport_fastrtps_c/vox_nav_msgs/srv/detail/get_octomap__type_support_c.cpp.o[0m
[ 80%] [32mBuilding CXX object CMakeFiles/vox_nav_msgs__rosidl_typesupport_fastrtps_c.dir/rosidl_typesupport_fastrtps_c/vox_nav_msgs/msg/detail/oriented_nav_sat_fix__type_support_c.cpp.o[0m
[ 81%] [32mBuilding CXX object CMakeFiles/vox_nav_msgs__rosidl_typesupport_fastrtps_c.dir/rosidl_typesupport_fastrtps_c/vox_nav_msgs/msg/detail/object_array__type_support_c.cpp.o[0m
[ 82%] [32m[1mLinking CXX shared library libvox_nav_msgs__rosidl_typesupport_fastrtps_c.so[0m
[ 82%] Built target vox_nav_msgs__rosidl_typesupport_fastrtps_c
[35m[1mScanning dependencies of target vox_nav_msgs[0m
[ 82%] Built target vox_nav_msgs
[35m[1mScanning dependencies of target vox_nav_msgs__py[0m
[ 83%] [34m[1mGenerating Python code for ROS interfaces[0m
[ 83%] Built target vox_nav_msgs__py
[35m[1mScanning dependencies of target vox_nav_msgs__python[0m
[ 84%] [32mBuilding C object CMakeFiles/vox_nav_msgs__python.dir/rosidl_generator_py/vox_nav_msgs/msg/_object_s.c.o[0m
[ 85%] [32mBuilding C object CMakeFiles/vox_nav_msgs__python.dir/rosidl_generator_py/vox_nav_msgs/action/_navigate_to_pose_s.c.o[0m
[ 86%] [32mBuilding C object CMakeFiles/vox_nav_msgs__python.dir/rosidl_generator_py/vox_nav_msgs/action/_follow_path_s.c.o[0m
[ 87%] [32mBuilding C object CMakeFiles/vox_nav_msgs__python.dir/rosidl_generator_py/vox_nav_msgs/action/_compute_path_to_pose_s.c.o[0m
[ 88%] [32mBuilding C object CMakeFiles/vox_nav_msgs__python.dir/rosidl_generator_py/vox_nav_msgs/srv/_get_maps_and_surfels_s.c.o[0m
[ 89%] [32mBuilding C object CMakeFiles/vox_nav_msgs__python.dir/rosidl_generator_py/vox_nav_msgs/srv/_get_point_cloud_s.c.o[0m
[ 90%] [32mBuilding C object CMakeFiles/vox_nav_msgs__python.dir/rosidl_generator_py/vox_nav_msgs/srv/_get_octomap_s.c.o[0m
[ 91%] [32mBuilding C object CMakeFiles/vox_nav_msgs__python.dir/rosidl_generator_py/vox_nav_msgs/msg/_oriented_nav_sat_fix_s.c.o[0m
[ 92%] [32mBuilding C object CMakeFiles/vox_nav_msgs__python.dir/rosidl_generator_py/vox_nav_msgs/msg/_object_array_s.c.o[0m
[ 93%] [32m[1mLinking C shared library rosidl_generator_py/vox_nav_msgs/libvox_nav_msgs__python.so[0m
[ 93%] Built target vox_nav_msgs__python
[35m[1mScanning dependencies of target vox_nav_msgs__rosidl_typesupport_c__pyext[0m
[ 94%] [32mBuilding C object CMakeFiles/vox_nav_msgs__rosidl_typesupport_c__pyext.dir/rosidl_generator_py/vox_nav_msgs/_vox_nav_msgs_s.ep.rosidl_typesupport_c.c.o[0m
[ 95%] [32m[1mLinking C shared library rosidl_generator_py/vox_nav_msgs/vox_nav_msgs_s__rosidl_typesupport_c.cpython-38-x86_64-linux-gnu.so[0m
[ 95%] Built target vox_nav_msgs__rosidl_typesupport_c__pyext
[35m[1mScanning dependencies of target vox_nav_msgs__rosidl_typesupport_introspection_c__pyext[0m
[ 96%] [32mBuilding C object CMakeFiles/vox_nav_msgs__rosidl_typesupport_introspection_c__pyext.dir/rosidl_generator_py/vox_nav_msgs/_vox_nav_msgs_s.ep.rosidl_typesupport_introspection_c.c.o[0m
[ 97%] [32m[1mLinking C shared library rosidl_generator_py/vox_nav_msgs/vox_nav_msgs_s__rosidl_typesupport_introspection_c.cpython-38-x86_64-linux-gnu.so[0m
[ 97%] Built target vox_nav_msgs__rosidl_typesupport_introspection_c__pyext
[35m[1mScanning dependencies of target vox_nav_msgs__rosidl_typesupport_fastrtps_c__pyext[0m
[ 98%] [32mBuilding C object CMakeFiles/vox_nav_msgs__rosidl_typesupport_fastrtps_c__pyext.dir/rosidl_generator_py/vox_nav_msgs/_vox_nav_msgs_s.ep.rosidl_typesupport_fastrtps_c.c.o[0m
[100%] [32m[1mLinking CXX shared library rosidl_generator_py/vox_nav_msgs/vox_nav_msgs_s__rosidl_typesupport_fastrtps_c.cpython-38-x86_64-linux-gnu.so[0m
[100%] Built target vox_nav_msgs__rosidl_typesupport_fastrtps_c__pyext
-- Install configuration: ""
-- Installing: /home/manuel/buggy_ws_beta.a/install/vox_nav_msgs/share/ament_index/resource_index/rosidl_interfaces/vox_nav_msgs
-- Installing: /home/manuel/buggy_ws_beta.a/install/vox_nav_msgs/include/vox_nav_msgs
-- Installing: /home/manuel/buggy_ws_beta.a/install/vox_nav_msgs/include/vox_nav_msgs/srv
-- Installing: /home/manuel/buggy_ws_beta.a/install/vox_nav_msgs/include/vox_nav_msgs/srv/detail
-- Installing: /home/manuel/buggy_ws_beta.a/install/vox_nav_msgs/include/vox_nav_msgs/srv/detail/get_point_cloud__functions.c
-- Installing: /home/manuel/buggy_ws_beta.a/install/vox_nav_msgs/include/vox_nav_msgs/srv/detail/get_point_cloud__type_support.h
-- Installing: /home/manuel/buggy_ws_beta.a/install/vox_nav_msgs/include/vox_nav_msgs/srv/detail/get_octomap__struct.h
-- Installing: /home/manuel/buggy_ws_beta.a/install/vox_nav_msgs/include/vox_nav_msgs/srv/detail/get_maps_and_surfels__functions.h
-- Installing: /home/manuel/buggy_ws_beta.a/install/vox_nav_msgs/include/vox_nav_msgs/srv/detail/get_octomap__functions.h
-- Installing: /home/manuel/buggy_ws_beta.a/install/vox_nav_msgs/include/vox_nav_msgs/srv/detail/get_maps_and_surfels__type_support.h
-- Installing: /home/manuel/buggy_ws_beta.a/install/vox_nav_msgs/include/vox_nav_msgs/srv/detail/get_maps_and_surfels__struct.h
-- Installing: /home/manuel/buggy_ws_beta.a/install/vox_nav_msgs/include/vox_nav_msgs/srv/detail/get_point_cloud__struct.h
-- Installing: /home/manuel/buggy_ws_beta.a/install/vox_nav_msgs/include/vox_nav_msgs/srv/detail/get_point_cloud__functions.h
-- Installing: /home/manuel/buggy_ws_beta.a/install/vox_nav_msgs/include/vox_nav_msgs/srv/detail/get_maps_and_surfels__functions.c
-- Installing: /home/manuel/buggy_ws_beta.a/install/vox_nav_msgs/include/vox_nav_msgs/srv/detail/get_octomap__type_support.h
-- Installing: /home/manuel/buggy_ws_beta.a/install/vox_nav_msgs/include/vox_nav_msgs/srv/detail/get_octomap__functions.c
-- Installing: /home/manuel/buggy_ws_beta.a/install/vox_nav_msgs/include/vox_nav_msgs/srv/get_octomap.h
-- Installing: /home/manuel/buggy_ws_beta.a/install/vox_nav_msgs/include/vox_nav_msgs/srv/get_point_cloud.h
-- Installing: /home/manuel/buggy_ws_beta.a/install/vox_nav_msgs/include/vox_nav_msgs/srv/get_maps_and_surfels.h
-- Installing: /home/manuel/buggy_ws_beta.a/install/vox_nav_msgs/include/vox_nav_msgs/msg
-- Installing: /home/manuel/buggy_ws_beta.a/install/vox_nav_msgs/include/vox_nav_msgs/msg/detail
-- Installing: /home/manuel/buggy_ws_beta.a/install/vox_nav_msgs/include/vox_nav_msgs/msg/detail/object_array__functions.h
-- Installing: /home/manuel/buggy_ws_beta.a/install/vox_nav_msgs/include/vox_nav_msgs/msg/detail/oriented_nav_sat_fix__functions.c
-- Installing: /home/manuel/buggy_ws_beta.a/install/vox_nav_msgs/include/vox_nav_msgs/msg/detail/object_array__struct.h
-- Installing: /home/manuel/buggy_ws_beta.a/install/vox_nav_msgs/include/vox_nav_msgs/msg/detail/object__functions.h
-- Installing: /home/manuel/buggy_ws_beta.a/install/vox_nav_msgs/include/vox_nav_msgs/msg/detail/object__struct.h
-- Installing: /home/manuel/buggy_ws_beta.a/install/vox_nav_msgs/include/vox_nav_msgs/msg/detail/object__functions.c
-- Installing: /home/manuel/buggy_ws_beta.a/install/vox_nav_msgs/include/vox_nav_msgs/msg/detail/oriented_nav_sat_fix__functions.h
-- Installing: /home/manuel/buggy_ws_beta.a/install/vox_nav_msgs/include/vox_nav_msgs/msg/detail/object_array__functions.c
-- Installing: /home/manuel/buggy_ws_beta.a/install/vox_nav_msgs/include/vox_nav_msgs/msg/detail/oriented_nav_sat_fix__struct.h
-- Installing: /home/manuel/buggy_ws_beta.a/install/vox_nav_msgs/include/vox_nav_msgs/msg/detail/object_array__type_support.h
-- Installing: /home/manuel/buggy_ws_beta.a/install/vox_nav_msgs/include/vox_nav_msgs/msg/detail/oriented_nav_sat_fix__type_support.h
-- Installing: /home/manuel/buggy_ws_beta.a/install/vox_nav_msgs/include/vox_nav_msgs/msg/detail/object__type_support.h
-- Installing: /home/manuel/buggy_ws_beta.a/install/vox_nav_msgs/include/vox_nav_msgs/msg/oriented_nav_sat_fix.h
-- Installing: /home/manuel/buggy_ws_beta.a/install/vox_nav_msgs/include/vox_nav_msgs/msg/object_array.h
-- Installing: /home/manuel/buggy_ws_beta.a/install/vox_nav_msgs/include/vox_nav_msgs/msg/rosidl_generator_c__visibility_control.h
-- Installing: /home/manuel/buggy_ws_beta.a/install/vox_nav_msgs/include/vox_nav_msgs/msg/object.h
-- Installing: /home/manuel/buggy_ws_beta.a/install/vox_nav_msgs/include/vox_nav_msgs/action
-- Installing: /home/manuel/buggy_ws_beta.a/install/vox_nav_msgs/include/vox_nav_msgs/action/detail
-- Installing: /home/manuel/buggy_ws_beta.a/install/vox_nav_msgs/include/vox_nav_msgs/action/detail/compute_path_to_pose__type_support.h
-- Installing: /home/manuel/buggy_ws_beta.a/install/vox_nav_msgs/include/vox_nav_msgs/action/detail/compute_path_to_pose__struct.h
-- Installing: /home/manuel/buggy_ws_beta.a/install/vox_nav_msgs/include/vox_nav_msgs/action/detail/follow_path__struct.h
-- Installing: /home/manuel/buggy_ws_beta.a/install/vox_nav_msgs/include/vox_nav_msgs/action/detail/follow_path__functions.h
-- Installing: /home/manuel/buggy_ws_beta.a/install/vox_nav_msgs/include/vox_nav_msgs/action/detail/compute_path_to_pose__functions.h
-- Installing: /home/manuel/buggy_ws_beta.a/install/vox_nav_msgs/include/vox_nav_msgs/action/detail/navigate_to_pose__functions.c
-- Installing: /home/manuel/buggy_ws_beta.a/install/vox_nav_msgs/include/vox_nav_msgs/action/detail/navigate_to_pose__functions.h
-- Installing: /home/manuel/buggy_ws_beta.a/install/vox_nav_msgs/include/vox_nav_msgs/action/detail/navigate_to_pose__type_support.h
-- Installing: /home/manuel/buggy_ws_beta.a/install/vox_nav_msgs/include/vox_nav_msgs/action/detail/follow_path__type_support.h
-- Installing: /home/manuel/buggy_ws_beta.a/install/vox_nav_msgs/include/vox_nav_msgs/action/detail/navigate_to_pose__struct.h
-- Installing: /home/manuel/buggy_ws_beta.a/install/vox_nav_msgs/include/vox_nav_msgs/action/detail/follow_path__functions.c
-- Installing: /home/manuel/buggy_ws_beta.a/install/vox_nav_msgs/include/vox_nav_msgs/action/detail/compute_path_to_pose__functions.c
-- Installing: /home/manuel/buggy_ws_beta.a/install/vox_nav_msgs/include/vox_nav_msgs/action/follow_path.h
-- Installing: /home/manuel/buggy_ws_beta.a/install/vox_nav_msgs/include/vox_nav_msgs/action/compute_path_to_pose.h
-- Installing: /home/manuel/buggy_ws_beta.a/install/vox_nav_msgs/include/vox_nav_msgs/action/navigate_to_pose.h
-- Installing: /home/manuel/buggy_ws_beta.a/install/vox_nav_msgs/share/vox_nav_msgs/environment/library_path.sh
-- Installing: /home/manuel/buggy_ws_beta.a/install/vox_nav_msgs/share/vox_nav_msgs/environment/library_path.dsv
-- Installing: /home/manuel/buggy_ws_beta.a/install/vox_nav_msgs/lib/libvox_nav_msgs__rosidl_generator_c.so
-- Set runtime path of "/home/manuel/buggy_ws_beta.a/install/vox_nav_msgs/lib/libvox_nav_msgs__rosidl_generator_c.so" to ""
-- Up-to-date: /home/manuel/buggy_ws_beta.a/install/vox_nav_msgs/include/vox_nav_msgs
-- Up-to-date: /home/manuel/buggy_ws_beta.a/install/vox_nav_msgs/include/vox_nav_msgs/srv
-- Up-to-date: /home/manuel/buggy_ws_beta.a/install/vox_nav_msgs/include/vox_nav_msgs/srv/detail
-- Installing: /home/manuel/buggy_ws_beta.a/install/vox_nav_msgs/include/vox_nav_msgs/srv/detail/get_maps_and_surfels__rosidl_typesupport_fastrtps_c.h
-- Installing: /home/manuel/buggy_ws_beta.a/install/vox_nav_msgs/include/vox_nav_msgs/srv/detail/get_octomap__rosidl_typesupport_fastrtps_c.h
-- Installing: /home/manuel/buggy_ws_beta.a/install/vox_nav_msgs/include/vox_nav_msgs/srv/detail/get_point_cloud__rosidl_typesupport_fastrtps_c.h
-- Up-to-date: /home/manuel/buggy_ws_beta.a/install/vox_nav_msgs/include/vox_nav_msgs/msg
-- Up-to-date: /home/manuel/buggy_ws_beta.a/install/vox_nav_msgs/include/vox_nav_msgs/msg/detail
-- Installing: /home/manuel/buggy_ws_beta.a/install/vox_nav_msgs/include/vox_nav_msgs/msg/detail/object__rosidl_typesupport_fastrtps_c.h
-- Installing: /home/manuel/buggy_ws_beta.a/install/vox_nav_msgs/include/vox_nav_msgs/msg/detail/object_array__rosidl_typesupport_fastrtps_c.h
-- Installing: /home/manuel/buggy_ws_beta.a/install/vox_nav_msgs/include/vox_nav_msgs/msg/detail/oriented_nav_sat_fix__rosidl_typesupport_fastrtps_c.h
-- Installing: /home/manuel/buggy_ws_beta.a/install/vox_nav_msgs/include/vox_nav_msgs/msg/rosidl_typesupport_fastrtps_c__visibility_control.h
-- Up-to-date: /home/manuel/buggy_ws_beta.a/install/vox_nav_msgs/include/vox_nav_msgs/action
-- Up-to-date: /home/manuel/buggy_ws_beta.a/install/vox_nav_msgs/include/vox_nav_msgs/action/detail
-- Installing: /home/manuel/buggy_ws_beta.a/install/vox_nav_msgs/include/vox_nav_msgs/action/detail/compute_path_to_pose__rosidl_typesupport_fastrtps_c.h
-- Installing: /home/manuel/buggy_ws_beta.a/install/vox_nav_msgs/include/vox_nav_msgs/action/detail/follow_path__rosidl_typesupport_fastrtps_c.h
-- Installing: /home/manuel/buggy_ws_beta.a/install/vox_nav_msgs/include/vox_nav_msgs/action/detail/navigate_to_pose__rosidl_typesupport_fastrtps_c.h
-- Installing: /home/manuel/buggy_ws_beta.a/install/vox_nav_msgs/lib/libvox_nav_msgs__rosidl_typesupport_fastrtps_c.so
-- Set runtime path of "/home/manuel/buggy_ws_beta.a/install/vox_nav_msgs/lib/libvox_nav_msgs__rosidl_typesupport_fastrtps_c.so" to ""
-- Up-to-date: /home/manuel/buggy_ws_beta.a/install/vox_nav_msgs/include/vox_nav_msgs
-- Up-to-date: /home/manuel/buggy_ws_beta.a/install/vox_nav_msgs/include/vox_nav_msgs/srv
-- Up-to-date: /home/manuel/buggy_ws_beta.a/install/vox_nav_msgs/include/vox_nav_msgs/srv/detail
-- Installing: /home/manuel/buggy_ws_beta.a/install/vox_nav_msgs/include/vox_nav_msgs/srv/detail/dds_fastrtps
-- Installing: /home/manuel/buggy_ws_beta.a/install/vox_nav_msgs/include/vox_nav_msgs/srv/detail/get_octomap__rosidl_typesupport_fastrtps_cpp.hpp
-- Installing: /home/manuel/buggy_ws_beta.a/install/vox_nav_msgs/include/vox_nav_msgs/srv/detail/get_point_cloud__rosidl_typesupport_fastrtps_cpp.hpp
-- Installing: /home/manuel/buggy_ws_beta.a/install/vox_nav_msgs/include/vox_nav_msgs/srv/detail/get_maps_and_surfels__rosidl_typesupport_fastrtps_cpp.hpp
-- Up-to-date: /home/manuel/buggy_ws_beta.a/install/vox_nav_msgs/include/vox_nav_msgs/msg
-- Up-to-date: /home/manuel/buggy_ws_beta.a/install/vox_nav_msgs/include/vox_nav_msgs/msg/detail
-- Installing: /home/manuel/buggy_ws_beta.a/install/vox_nav_msgs/include/vox_nav_msgs/msg/detail/dds_fastrtps
-- Installing: /home/manuel/buggy_ws_beta.a/install/vox_nav_msgs/include/vox_nav_msgs/msg/detail/oriented_nav_sat_fix__rosidl_typesupport_fastrtps_cpp.hpp
-- Installing: /home/manuel/buggy_ws_beta.a/install/vox_nav_msgs/include/vox_nav_msgs/msg/detail/object_array__rosidl_typesupport_fastrtps_cpp.hpp
-- Installing: /home/manuel/buggy_ws_beta.a/install/vox_nav_msgs/include/vox_nav_msgs/msg/detail/object__rosidl_typesupport_fastrtps_cpp.hpp
-- Installing: /home/manuel/buggy_ws_beta.a/install/vox_nav_msgs/include/vox_nav_msgs/msg/rosidl_typesupport_fastrtps_cpp__visibility_control.h
-- Up-to-date: /home/manuel/buggy_ws_beta.a/install/vox_nav_msgs/include/vox_nav_msgs/action
-- Up-to-date: /home/manuel/buggy_ws_beta.a/install/vox_nav_msgs/include/vox_nav_msgs/action/detail
-- Installing: /home/manuel/buggy_ws_beta.a/install/vox_nav_msgs/include/vox_nav_msgs/action/detail/dds_fastrtps
-- Installing: /home/manuel/buggy_ws_beta.a/install/vox_nav_msgs/include/vox_nav_msgs/action/detail/navigate_to_pose__rosidl_typesupport_fastrtps_cpp.hpp
-- Installing: /home/manuel/buggy_ws_beta.a/install/vox_nav_msgs/include/vox_nav_msgs/action/detail/follow_path__rosidl_typesupport_fastrtps_cpp.hpp
-- Installing: /home/manuel/buggy_ws_beta.a/install/vox_nav_msgs/include/vox_nav_msgs/action/detail/compute_path_to_pose__rosidl_typesupport_fastrtps_cpp.hpp
-- Installing: /home/manuel/buggy_ws_beta.a/install/vox_nav_msgs/lib/libvox_nav_msgs__rosidl_typesupport_fastrtps_cpp.so
-- Set runtime path of "/home/manuel/buggy_ws_beta.a/install/vox_nav_msgs/lib/libvox_nav_msgs__rosidl_typesupport_fastrtps_cpp.so" to ""
-- Up-to-date: /home/manuel/buggy_ws_beta.a/install/vox_nav_msgs/include/vox_nav_msgs
-- Up-to-date: /home/manuel/buggy_ws_beta.a/install/vox_nav_msgs/include/vox_nav_msgs/srv
-- Up-to-date: /home/manuel/buggy_ws_beta.a/install/vox_nav_msgs/include/vox_nav_msgs/srv/detail
-- Installing: /home/manuel/buggy_ws_beta.a/install/vox_nav_msgs/include/vox_nav_msgs/srv/detail/get_octomap__type_support.c
-- Installing: /home/manuel/buggy_ws_beta.a/install/vox_nav_msgs/include/vox_nav_msgs/srv/detail/get_point_cloud__type_support.c
-- Installing: /home/manuel/buggy_ws_beta.a/install/vox_nav_msgs/include/vox_nav_msgs/srv/detail/get_octomap__rosidl_typesupport_introspection_c.h
-- Installing: /home/manuel/buggy_ws_beta.a/install/vox_nav_msgs/include/vox_nav_msgs/srv/detail/get_point_cloud__rosidl_typesupport_introspection_c.h
-- Installing: /home/manuel/buggy_ws_beta.a/install/vox_nav_msgs/include/vox_nav_msgs/srv/detail/get_maps_and_surfels__rosidl_typesupport_introspection_c.h
-- Installing: /home/manuel/buggy_ws_beta.a/install/vox_nav_msgs/include/vox_nav_msgs/srv/detail/get_maps_and_surfels__type_support.c
-- Up-to-date: /home/manuel/buggy_ws_beta.a/install/vox_nav_msgs/include/vox_nav_msgs/msg
-- Up-to-date: /home/manuel/buggy_ws_beta.a/install/vox_nav_msgs/include/vox_nav_msgs/msg/detail
-- Installing: /home/manuel/buggy_ws_beta.a/install/vox_nav_msgs/include/vox_nav_msgs/msg/detail/oriented_nav_sat_fix__rosidl_typesupport_introspection_c.h
-- Installing: /home/manuel/buggy_ws_beta.a/install/vox_nav_msgs/include/vox_nav_msgs/msg/detail/object_array__type_support.c
-- Installing: /home/manuel/buggy_ws_beta.a/install/vox_nav_msgs/include/vox_nav_msgs/msg/detail/object__rosidl_typesupport_introspection_c.h
-- Installing: /home/manuel/buggy_ws_beta.a/install/vox_nav_msgs/include/vox_nav_msgs/msg/detail/oriented_nav_sat_fix__type_support.c
-- Installing: /home/manuel/buggy_ws_beta.a/install/vox_nav_msgs/include/vox_nav_msgs/msg/detail/object_array__rosidl_typesupport_introspection_c.h
-- Installing: /home/manuel/buggy_ws_beta.a/install/vox_nav_msgs/include/vox_nav_msgs/msg/detail/object__type_support.c
-- Installing: /home/manuel/buggy_ws_beta.a/install/vox_nav_msgs/include/vox_nav_msgs/msg/rosidl_typesupport_introspection_c__visibility_control.h
-- Up-to-date: /home/manuel/buggy_ws_beta.a/install/vox_nav_msgs/include/vox_nav_msgs/action
-- Up-to-date: /home/manuel/buggy_ws_beta.a/install/vox_nav_msgs/include/vox_nav_msgs/action/detail
-- Installing: /home/manuel/buggy_ws_beta.a/install/vox_nav_msgs/include/vox_nav_msgs/action/detail/navigate_to_pose__rosidl_typesupport_introspection_c.h
-- Installing: /home/manuel/buggy_ws_beta.a/install/vox_nav_msgs/include/vox_nav_msgs/action/detail/compute_path_to_pose__type_support.c
-- Installing: /home/manuel/buggy_ws_beta.a/install/vox_nav_msgs/include/vox_nav_msgs/action/detail/follow_path__type_support.c
-- Installing: /home/manuel/buggy_ws_beta.a/install/vox_nav_msgs/include/vox_nav_msgs/action/detail/compute_path_to_pose__rosidl_typesupport_introspection_c.h
-- Installing: /home/manuel/buggy_ws_beta.a/install/vox_nav_msgs/include/vox_nav_msgs/action/detail/follow_path__rosidl_typesupport_introspection_c.h
-- Installing: /home/manuel/buggy_ws_beta.a/install/vox_nav_msgs/include/vox_nav_msgs/action/detail/navigate_to_pose__type_support.c
-- Installing: /home/manuel/buggy_ws_beta.a/install/vox_nav_msgs/lib/libvox_nav_msgs__rosidl_typesupport_introspection_c.so
-- Set runtime path of "/home/manuel/buggy_ws_beta.a/install/vox_nav_msgs/lib/libvox_nav_msgs__rosidl_typesupport_introspection_c.so" to ""
-- Installing: /home/manuel/buggy_ws_beta.a/install/vox_nav_msgs/lib/libvox_nav_msgs__rosidl_typesupport_c.so
-- Set runtime path of "/home/manuel/buggy_ws_beta.a/install/vox_nav_msgs/lib/libvox_nav_msgs__rosidl_typesupport_c.so" to ""
-- Up-to-date: /home/manuel/buggy_ws_beta.a/install/vox_nav_msgs/include/vox_nav_msgs
-- Up-to-date: /home/manuel/buggy_ws_beta.a/install/vox_nav_msgs/include/vox_nav_msgs/srv
-- Up-to-date: /home/manuel/buggy_ws_beta.a/install/vox_nav_msgs/include/vox_nav_msgs/srv/detail
-- Installing: /home/manuel/buggy_ws_beta.a/install/vox_nav_msgs/include/vox_nav_msgs/srv/detail/get_octomap__builder.hpp
-- Installing: /home/manuel/buggy_ws_beta.a/install/vox_nav_msgs/include/vox_nav_msgs/srv/detail/get_point_cloud__struct.hpp
-- Installing: /home/manuel/buggy_ws_beta.a/install/vox_nav_msgs/include/vox_nav_msgs/srv/detail/get_octomap__struct.hpp
-- Installing: /home/manuel/buggy_ws_beta.a/install/vox_nav_msgs/include/vox_nav_msgs/srv/detail/get_point_cloud__traits.hpp
-- Installing: /home/manuel/buggy_ws_beta.a/install/vox_nav_msgs/include/vox_nav_msgs/srv/detail/get_maps_and_surfels__struct.hpp
-- Installing: /home/manuel/buggy_ws_beta.a/install/vox_nav_msgs/include/vox_nav_msgs/srv/detail/get_point_cloud__builder.hpp
-- Installing: /home/manuel/buggy_ws_beta.a/install/vox_nav_msgs/include/vox_nav_msgs/srv/detail/get_octomap__traits.hpp
-- Installing: /home/manuel/buggy_ws_beta.a/install/vox_nav_msgs/include/vox_nav_msgs/srv/detail/get_maps_and_surfels__builder.hpp
-- Installing: /home/manuel/buggy_ws_beta.a/install/vox_nav_msgs/include/vox_nav_msgs/srv/detail/get_maps_and_surfels__traits.hpp
-- Installing: /home/manuel/buggy_ws_beta.a/install/vox_nav_msgs/include/vox_nav_msgs/srv/get_maps_and_surfels.hpp
-- Installing: /home/manuel/buggy_ws_beta.a/install/vox_nav_msgs/include/vox_nav_msgs/srv/get_point_cloud.hpp
-- Installing: /home/manuel/buggy_ws_beta.a/install/vox_nav_msgs/include/vox_nav_msgs/srv/get_octomap.hpp
-- Up-to-date: /home/manuel/buggy_ws_beta.a/install/vox_nav_msgs/include/vox_nav_msgs/msg
-- Up-to-date: /home/manuel/buggy_ws_beta.a/install/vox_nav_msgs/include/vox_nav_msgs/msg/detail
-- Installing: /home/manuel/buggy_ws_beta.a/install/vox_nav_msgs/include/vox_nav_msgs/msg/detail/object__traits.hpp
-- Installing: /home/manuel/buggy_ws_beta.a/install/vox_nav_msgs/include/vox_nav_msgs/msg/detail/object__struct.hpp
-- Installing: /home/manuel/buggy_ws_beta.a/install/vox_nav_msgs/include/vox_nav_msgs/msg/detail/oriented_nav_sat_fix__builder.hpp
-- Installing: /home/manuel/buggy_ws_beta.a/install/vox_nav_msgs/include/vox_nav_msgs/msg/detail/object_array__builder.hpp
-- Installing: /home/manuel/buggy_ws_beta.a/install/vox_nav_msgs/include/vox_nav_msgs/msg/detail/object__builder.hpp
-- Installing: /home/manuel/buggy_ws_beta.a/install/vox_nav_msgs/include/vox_nav_msgs/msg/detail/oriented_nav_sat_fix__struct.hpp
-- Installing: /home/manuel/buggy_ws_beta.a/install/vox_nav_msgs/include/vox_nav_msgs/msg/detail/oriented_nav_sat_fix__traits.hpp
-- Installing: /home/manuel/buggy_ws_beta.a/install/vox_nav_msgs/include/vox_nav_msgs/msg/detail/object_array__struct.hpp
-- Installing: /home/manuel/buggy_ws_beta.a/install/vox_nav_msgs/include/vox_nav_msgs/msg/detail/object_array__traits.hpp
-- Installing: /home/manuel/buggy_ws_beta.a/install/vox_nav_msgs/include/vox_nav_msgs/msg/oriented_nav_sat_fix.hpp
-- Installing: /home/manuel/buggy_ws_beta.a/install/vox_nav_msgs/include/vox_nav_msgs/msg/object_array.hpp
-- Installing: /home/manuel/buggy_ws_beta.a/install/vox_nav_msgs/include/vox_nav_msgs/msg/object.hpp
-- Up-to-date: /home/manuel/buggy_ws_beta.a/install/vox_nav_msgs/include/vox_nav_msgs/action
-- Up-to-date: /home/manuel/buggy_ws_beta.a/install/vox_nav_msgs/include/vox_nav_msgs/action/detail
-- Installing: /home/manuel/buggy_ws_beta.a/install/vox_nav_msgs/include/vox_nav_msgs/action/detail/navigate_to_pose__struct.hpp
-- Installing: /home/manuel/buggy_ws_beta.a/install/vox_nav_msgs/include/vox_nav_msgs/action/detail/navigate_to_pose__traits.hpp
-- Installing: /home/manuel/buggy_ws_beta.a/install/vox_nav_msgs/include/vox_nav_msgs/action/detail/compute_path_to_pose__builder.hpp
-- Installing: /home/manuel/buggy_ws_beta.a/install/vox_nav_msgs/include/vox_nav_msgs/action/detail/compute_path_to_pose__traits.hpp
-- Installing: /home/manuel/buggy_ws_beta.a/install/vox_nav_msgs/include/vox_nav_msgs/action/detail/follow_path__builder.hpp
-- Installing: /home/manuel/buggy_ws_beta.a/install/vox_nav_msgs/include/vox_nav_msgs/action/detail/follow_path__traits.hpp
-- Installing: /home/manuel/buggy_ws_beta.a/install/vox_nav_msgs/include/vox_nav_msgs/action/detail/compute_path_to_pose__struct.hpp
-- Installing: /home/manuel/buggy_ws_beta.a/install/vox_nav_msgs/include/vox_nav_msgs/action/detail/navigate_to_pose__builder.hpp
-- Installing: /home/manuel/buggy_ws_beta.a/install/vox_nav_msgs/include/vox_nav_msgs/action/detail/follow_path__struct.hpp
-- Installing: /home/manuel/buggy_ws_beta.a/install/vox_nav_msgs/include/vox_nav_msgs/action/follow_path.hpp
-- Installing: /home/manuel/buggy_ws_beta.a/install/vox_nav_msgs/include/vox_nav_msgs/action/navigate_to_pose.hpp
-- Installing: /home/manuel/buggy_ws_beta.a/install/vox_nav_msgs/include/vox_nav_msgs/action/compute_path_to_pose.hpp
-- Up-to-date: /home/manuel/buggy_ws_beta.a/install/vox_nav_msgs/include/vox_nav_msgs
-- Up-to-date: /home/manuel/buggy_ws_beta.a/install/vox_nav_msgs/include/vox_nav_msgs/srv
-- Up-to-date: /home/manuel/buggy_ws_beta.a/install/vox_nav_msgs/include/vox_nav_msgs/srv/detail
-- Installing: /home/manuel/buggy_ws_beta.a/install/vox_nav_msgs/include/vox_nav_msgs/srv/detail/get_maps_and_surfels__rosidl_typesupport_introspection_cpp.hpp
-- Installing: /home/manuel/buggy_ws_beta.a/install/vox_nav_msgs/include/vox_nav_msgs/srv/detail/get_octomap__rosidl_typesupport_introspection_cpp.hpp
-- Installing: /home/manuel/buggy_ws_beta.a/install/vox_nav_msgs/include/vox_nav_msgs/srv/detail/get_point_cloud__rosidl_typesupport_introspection_cpp.hpp
-- Installing: /home/manuel/buggy_ws_beta.a/install/vox_nav_msgs/include/vox_nav_msgs/srv/detail/get_maps_and_surfels__type_support.cpp
-- Installing: /home/manuel/buggy_ws_beta.a/install/vox_nav_msgs/include/vox_nav_msgs/srv/detail/get_octomap__type_support.cpp
-- Installing: /home/manuel/buggy_ws_beta.a/install/vox_nav_msgs/include/vox_nav_msgs/srv/detail/get_point_cloud__type_support.cpp
-- Up-to-date: /home/manuel/buggy_ws_beta.a/install/vox_nav_msgs/include/vox_nav_msgs/msg
-- Up-to-date: /home/manuel/buggy_ws_beta.a/install/vox_nav_msgs/include/vox_nav_msgs/msg/detail
-- Installing: /home/manuel/buggy_ws_beta.a/install/vox_nav_msgs/include/vox_nav_msgs/msg/detail/object__type_support.cpp
-- Installing: /home/manuel/buggy_ws_beta.a/install/vox_nav_msgs/include/vox_nav_msgs/msg/detail/object__rosidl_typesupport_introspection_cpp.hpp
-- Installing: /home/manuel/buggy_ws_beta.a/install/vox_nav_msgs/include/vox_nav_msgs/msg/detail/object_array__type_support.cpp
-- Installing: /home/manuel/buggy_ws_beta.a/install/vox_nav_msgs/include/vox_nav_msgs/msg/detail/oriented_nav_sat_fix__rosidl_typesupport_introspection_cpp.hpp
-- Installing: /home/manuel/buggy_ws_beta.a/install/vox_nav_msgs/include/vox_nav_msgs/msg/detail/object_array__rosidl_typesupport_introspection_cpp.hpp
-- Installing: /home/manuel/buggy_ws_beta.a/install/vox_nav_msgs/include/vox_nav_msgs/msg/detail/oriented_nav_sat_fix__type_support.cpp
-- Up-to-date: /home/manuel/buggy_ws_beta.a/install/vox_nav_msgs/include/vox_nav_msgs/action
-- Up-to-date: /home/manuel/buggy_ws_beta.a/install/vox_nav_msgs/include/vox_nav_msgs/action/detail
-- Installing: /home/manuel/buggy_ws_beta.a/install/vox_nav_msgs/include/vox_nav_msgs/action/detail/follow_path__rosidl_typesupport_introspection_cpp.hpp
-- Installing: /home/manuel/buggy_ws_beta.a/install/vox_nav_msgs/include/vox_nav_msgs/action/detail/navigate_to_pose__type_support.cpp
-- Installing: /home/manuel/buggy_ws_beta.a/install/vox_nav_msgs/include/vox_nav_msgs/action/detail/navigate_to_pose__rosidl_typesupport_introspection_cpp.hpp
-- Installing: /home/manuel/buggy_ws_beta.a/install/vox_nav_msgs/include/vox_nav_msgs/action/detail/follow_path__type_support.cpp
-- Installing: /home/manuel/buggy_ws_beta.a/install/vox_nav_msgs/include/vox_nav_msgs/action/detail/compute_path_to_pose__type_support.cpp
-- Installing: /home/manuel/buggy_ws_beta.a/install/vox_nav_msgs/include/vox_nav_msgs/action/detail/compute_path_to_pose__rosidl_typesupport_introspection_cpp.hpp
-- Installing: /home/manuel/buggy_ws_beta.a/install/vox_nav_msgs/lib/libvox_nav_msgs__rosidl_typesupport_introspection_cpp.so
-- Set runtime path of "/home/manuel/buggy_ws_beta.a/install/vox_nav_msgs/lib/libvox_nav_msgs__rosidl_typesupport_introspection_cpp.so" to ""
-- Installing: /home/manuel/buggy_ws_beta.a/install/vox_nav_msgs/lib/libvox_nav_msgs__rosidl_typesupport_cpp.so
-- Set runtime path of "/home/manuel/buggy_ws_beta.a/install/vox_nav_msgs/lib/libvox_nav_msgs__rosidl_typesupport_cpp.so" to ""
-- Installing: /home/manuel/buggy_ws_beta.a/install/vox_nav_msgs/share/vox_nav_msgs/environment/pythonpath.sh
-- Installing: /home/manuel/buggy_ws_beta.a/install/vox_nav_msgs/share/vox_nav_msgs/environment/pythonpath.dsv
-- Installing: /home/manuel/buggy_ws_beta.a/install/vox_nav_msgs/lib/python3.8/site-packages/vox_nav_msgs/__init__.py
Compiling '/home/manuel/buggy_ws_beta.a/install/vox_nav_msgs/lib/python3.8/site-packages/vox_nav_msgs/__init__.py'...
-- Installing: /home/manuel/buggy_ws_beta.a/install/vox_nav_msgs/lib/python3.8/site-packages/vox_nav_msgs/msg
-- Installing: /home/manuel/buggy_ws_beta.a/install/vox_nav_msgs/lib/python3.8/site-packages/vox_nav_msgs/msg/_object_array_s.c
-- Installing: /home/manuel/buggy_ws_beta.a/install/vox_nav_msgs/lib/python3.8/site-packages/vox_nav_msgs/msg/_object_s.c
-- Installing: /home/manuel/buggy_ws_beta.a/install/vox_nav_msgs/lib/python3.8/site-packages/vox_nav_msgs/msg/_oriented_nav_sat_fix_s.c
-- Installing: /home/manuel/buggy_ws_beta.a/install/vox_nav_msgs/lib/python3.8/site-packages/vox_nav_msgs/msg/_object_array.py
-- Installing: /home/manuel/buggy_ws_beta.a/install/vox_nav_msgs/lib/python3.8/site-packages/vox_nav_msgs/msg/_object.py
-- Installing: /home/manuel/buggy_ws_beta.a/install/vox_nav_msgs/lib/python3.8/site-packages/vox_nav_msgs/msg/_oriented_nav_sat_fix.py
-- Installing: /home/manuel/buggy_ws_beta.a/install/vox_nav_msgs/lib/python3.8/site-packages/vox_nav_msgs/msg/__init__.py
-- Installing: /home/manuel/buggy_ws_beta.a/install/vox_nav_msgs/lib/python3.8/site-packages/vox_nav_msgs/srv
-- Installing: /home/manuel/buggy_ws_beta.a/install/vox_nav_msgs/lib/python3.8/site-packages/vox_nav_msgs/srv/_get_octomap_s.c
-- Installing: /home/manuel/buggy_ws_beta.a/install/vox_nav_msgs/lib/python3.8/site-packages/vox_nav_msgs/srv/_get_point_cloud.py
-- Installing: /home/manuel/buggy_ws_beta.a/install/vox_nav_msgs/lib/python3.8/site-packages/vox_nav_msgs/srv/_get_maps_and_surfels_s.c
-- Installing: /home/manuel/buggy_ws_beta.a/install/vox_nav_msgs/lib/python3.8/site-packages/vox_nav_msgs/srv/_get_maps_and_surfels.py
-- Installing: /home/manuel/buggy_ws_beta.a/install/vox_nav_msgs/lib/python3.8/site-packages/vox_nav_msgs/srv/_get_octomap.py
-- Installing: /home/manuel/buggy_ws_beta.a/install/vox_nav_msgs/lib/python3.8/site-packages/vox_nav_msgs/srv/__init__.py
-- Installing: /home/manuel/buggy_ws_beta.a/install/vox_nav_msgs/lib/python3.8/site-packages/vox_nav_msgs/srv/_get_point_cloud_s.c
-- Installing: /home/manuel/buggy_ws_beta.a/install/vox_nav_msgs/lib/python3.8/site-packages/vox_nav_msgs/action
-- Installing: /home/manuel/buggy_ws_beta.a/install/vox_nav_msgs/lib/python3.8/site-packages/vox_nav_msgs/action/_compute_path_to_pose.py
-- Installing: /home/manuel/buggy_ws_beta.a/install/vox_nav_msgs/lib/python3.8/site-packages/vox_nav_msgs/action/_follow_path_s.c
-- Installing: /home/manuel/buggy_ws_beta.a/install/vox_nav_msgs/lib/python3.8/site-packages/vox_nav_msgs/action/_navigate_to_pose.py
-- Installing: /home/manuel/buggy_ws_beta.a/install/vox_nav_msgs/lib/python3.8/site-packages/vox_nav_msgs/action/_follow_path.py
-- Installing: /home/manuel/buggy_ws_beta.a/install/vox_nav_msgs/lib/python3.8/site-packages/vox_nav_msgs/action/_navigate_to_pose_s.c
-- Installing: /home/manuel/buggy_ws_beta.a/install/vox_nav_msgs/lib/python3.8/site-packages/vox_nav_msgs/action/_compute_path_to_pose_s.c
-- Installing: /home/manuel/buggy_ws_beta.a/install/vox_nav_msgs/lib/python3.8/site-packages/vox_nav_msgs/action/__init__.py
-- Installing: /home/manuel/buggy_ws_beta.a/install/vox_nav_msgs/lib/python3.8/site-packages/vox_nav_msgs/vox_nav_msgs_s__rosidl_typesupport_fastrtps_c.cpython-38-x86_64-linux-gnu.so
-- Set runtime path of "/home/manuel/buggy_ws_beta.a/install/vox_nav_msgs/lib/python3.8/site-packages/vox_nav_msgs/vox_nav_msgs_s__rosidl_typesupport_fastrtps_c.cpython-38-x86_64-linux-gnu.so" to ""
-- Installing: /home/manuel/buggy_ws_beta.a/install/vox_nav_msgs/lib/python3.8/site-packages/vox_nav_msgs/vox_nav_msgs_s__rosidl_typesupport_introspection_c.cpython-38-x86_64-linux-gnu.so
-- Set runtime path of "/home/manuel/buggy_ws_beta.a/install/vox_nav_msgs/lib/python3.8/site-packages/vox_nav_msgs/vox_nav_msgs_s__rosidl_typesupport_introspection_c.cpython-38-x86_64-linux-gnu.so" to ""
-- Installing: /home/manuel/buggy_ws_beta.a/install/vox_nav_msgs/lib/python3.8/site-packages/vox_nav_msgs/vox_nav_msgs_s__rosidl_typesupport_c.cpython-38-x86_64-linux-gnu.so
-- Set runtime path of "/home/manuel/buggy_ws_beta.a/install/vox_nav_msgs/lib/python3.8/site-packages/vox_nav_msgs/vox_nav_msgs_s__rosidl_typesupport_c.cpython-38-x86_64-linux-gnu.so" to ""
-- Installing: /home/manuel/buggy_ws_beta.a/install/vox_nav_msgs/lib/libvox_nav_msgs__python.so
-- Set runtime path of "/home/manuel/buggy_ws_beta.a/install/vox_nav_msgs/lib/libvox_nav_msgs__python.so" to ""
-- Installing: /home/manuel/buggy_ws_beta.a/install/vox_nav_msgs/share/vox_nav_msgs/msg/Object.idl
-- Installing: /home/manuel/buggy_ws_beta.a/install/vox_nav_msgs/share/vox_nav_msgs/msg/ObjectArray.idl
-- Installing: /home/manuel/buggy_ws_beta.a/install/vox_nav_msgs/share/vox_nav_msgs/msg/OrientedNavSatFix.idl
-- Installing: /home/manuel/buggy_ws_beta.a/install/vox_nav_msgs/share/vox_nav_msgs/srv/GetOctomap.idl
-- Installing: /home/manuel/buggy_ws_beta.a/install/vox_nav_msgs/share/vox_nav_msgs/srv/GetPointCloud.idl
-- Installing: /home/manuel/buggy_ws_beta.a/install/vox_nav_msgs/share/vox_nav_msgs/srv/GetMapsAndSurfels.idl
-- Installing: /home/manuel/buggy_ws_beta.a/install/vox_nav_msgs/share/vox_nav_msgs/action/ComputePathToPose.idl
-- Installing: /home/manuel/buggy_ws_beta.a/install/vox_nav_msgs/share/vox_nav_msgs/action/FollowPath.idl
-- Installing: /home/manuel/buggy_ws_beta.a/install/vox_nav_msgs/share/vox_nav_msgs/action/NavigateToPose.idl
-- Installing: /home/manuel/buggy_ws_beta.a/install/vox_nav_msgs/share/vox_nav_msgs/msg/Object.msg
-- Installing: /home/manuel/buggy_ws_beta.a/install/vox_nav_msgs/share/vox_nav_msgs/msg/ObjectArray.msg
-- Installing: /home/manuel/buggy_ws_beta.a/install/vox_nav_msgs/share/vox_nav_msgs/msg/OrientedNavSatFix.msg
-- Installing: /home/manuel/buggy_ws_beta.a/install/vox_nav_msgs/share/vox_nav_msgs/srv/GetOctomap.srv
-- Installing: /home/manuel/buggy_ws_beta.a/install/vox_nav_msgs/share/vox_nav_msgs/srv/GetOctomap_Request.msg
-- Installing: /home/manuel/buggy_ws_beta.a/install/vox_nav_msgs/share/vox_nav_msgs/srv/GetOctomap_Response.msg
-- Installing: /home/manuel/buggy_ws_beta.a/install/vox_nav_msgs/share/vox_nav_msgs/srv/GetPointCloud.srv
-- Installing: /home/manuel/buggy_ws_beta.a/install/vox_nav_msgs/share/vox_nav_msgs/srv/GetPointCloud_Request.msg
-- Installing: /home/manuel/buggy_ws_beta.a/install/vox_nav_msgs/share/vox_nav_msgs/srv/GetPointCloud_Response.msg
-- Installing: /home/manuel/buggy_ws_beta.a/install/vox_nav_msgs/share/vox_nav_msgs/srv/GetMapsAndSurfels.srv
-- Installing: /home/manuel/buggy_ws_beta.a/install/vox_nav_msgs/share/vox_nav_msgs/srv/GetMapsAndSurfels_Request.msg
-- Installing: /home/manuel/buggy_ws_beta.a/install/vox_nav_msgs/share/vox_nav_msgs/srv/GetMapsAndSurfels_Response.msg
-- Installing: /home/manuel/buggy_ws_beta.a/install/vox_nav_msgs/share/vox_nav_msgs/action/ComputePathToPose.action
-- Installing: /home/manuel/buggy_ws_beta.a/install/vox_nav_msgs/share/vox_nav_msgs/action/FollowPath.action
-- Installing: /home/manuel/buggy_ws_beta.a/install/vox_nav_msgs/share/vox_nav_msgs/action/NavigateToPose.action
-- Installing: /home/manuel/buggy_ws_beta.a/install/vox_nav_msgs/share/ament_index/resource_index/package_run_dependencies/vox_nav_msgs
-- Installing: /home/manuel/buggy_ws_beta.a/install/vox_nav_msgs/share/ament_index/resource_index/parent_prefix_path/vox_nav_msgs
-- Installing: /home/manuel/buggy_ws_beta.a/install/vox_nav_msgs/share/vox_nav_msgs/environment/ament_prefix_path.sh
-- Installing: /home/manuel/buggy_ws_beta.a/install/vox_nav_msgs/share/vox_nav_msgs/environment/ament_prefix_path.dsv
-- Installing: /home/manuel/buggy_ws_beta.a/install/vox_nav_msgs/share/vox_nav_msgs/environment/path.sh
-- Installing: /home/manuel/buggy_ws_beta.a/install/vox_nav_msgs/share/vox_nav_msgs/environment/path.dsv
-- Installing: /home/manuel/buggy_ws_beta.a/install/vox_nav_msgs/share/vox_nav_msgs/local_setup.bash
-- Installing: /home/manuel/buggy_ws_beta.a/install/vox_nav_msgs/share/vox_nav_msgs/local_setup.sh
-- Installing: /home/manuel/buggy_ws_beta.a/install/vox_nav_msgs/share/vox_nav_msgs/local_setup.zsh
-- Installing: /home/manuel/buggy_ws_beta.a/install/vox_nav_msgs/share/vox_nav_msgs/local_setup.dsv
-- Installing: /home/manuel/buggy_ws_beta.a/install/vox_nav_msgs/share/vox_nav_msgs/package.dsv
-- Installing: /home/manuel/buggy_ws_beta.a/install/vox_nav_msgs/share/ament_index/resource_index/packages/vox_nav_msgs
-- Installing: /home/manuel/buggy_ws_beta.a/install/vox_nav_msgs/share/vox_nav_msgs/cmake/vox_nav_msgs__rosidl_generator_cExport.cmake
-- Installing: /home/manuel/buggy_ws_beta.a/install/vox_nav_msgs/share/vox_nav_msgs/cmake/vox_nav_msgs__rosidl_generator_cExport-noconfig.cmake
-- Installing: /home/manuel/buggy_ws_beta.a/install/vox_nav_msgs/share/vox_nav_msgs/cmake/vox_nav_msgs__rosidl_typesupport_introspection_cExport.cmake
-- Installing: /home/manuel/buggy_ws_beta.a/install/vox_nav_msgs/share/vox_nav_msgs/cmake/vox_nav_msgs__rosidl_typesupport_introspection_cExport-noconfig.cmake
-- Installing: /home/manuel/buggy_ws_beta.a/install/vox_nav_msgs/share/vox_nav_msgs/cmake/vox_nav_msgs__rosidl_typesupport_cExport.cmake
-- Installing: /home/manuel/buggy_ws_beta.a/install/vox_nav_msgs/share/vox_nav_msgs/cmake/vox_nav_msgs__rosidl_typesupport_cExport-noconfig.cmake
-- Installing: /home/manuel/buggy_ws_beta.a/install/vox_nav_msgs/share/vox_nav_msgs/cmake/vox_nav_msgs__rosidl_generator_cppExport.cmake
-- Installing: /home/manuel/buggy_ws_beta.a/install/vox_nav_msgs/share/vox_nav_msgs/cmake/vox_nav_msgs__rosidl_typesupport_introspection_cppExport.cmake
-- Installing: /home/manuel/buggy_ws_beta.a/install/vox_nav_msgs/share/vox_nav_msgs/cmake/vox_nav_msgs__rosidl_typesupport_introspection_cppExport-noconfig.cmake
-- Installing: /home/manuel/buggy_ws_beta.a/install/vox_nav_msgs/share/vox_nav_msgs/cmake/vox_nav_msgs__rosidl_typesupport_cppExport.cmake
-- Installing: /home/manuel/buggy_ws_beta.a/install/vox_nav_msgs/share/vox_nav_msgs/cmake/vox_nav_msgs__rosidl_typesupport_cppExport-noconfig.cmake
-- Installing: /home/manuel/buggy_ws_beta.a/install/vox_nav_msgs/share/vox_nav_msgs/cmake/rosidl_cmake-extras.cmake
-- Installing: /home/manuel/buggy_ws_beta.a/install/vox_nav_msgs/share/vox_nav_msgs/cmake/ament_cmake_export_dependencies-extras.cmake
-- Installing: /home/manuel/buggy_ws_beta.a/install/vox_nav_msgs/share/vox_nav_msgs/cmake/ament_cmake_export_libraries-extras.cmake
-- Installing: /home/manuel/buggy_ws_beta.a/install/vox_nav_msgs/share/vox_nav_msgs/cmake/ament_cmake_export_targets-extras.cmake
-- Installing: /home/manuel/buggy_ws_beta.a/install/vox_nav_msgs/share/vox_nav_msgs/cmake/ament_cmake_export_include_directories-extras.cmake
-- Installing: /home/manuel/buggy_ws_beta.a/install/vox_nav_msgs/share/vox_nav_msgs/cmake/rosidl_cmake_export_typesupport_libraries-extras.cmake
-- Installing: /home/manuel/buggy_ws_beta.a/install/vox_nav_msgs/share/vox_nav_msgs/cmake/rosidl_cmake_export_typesupport_targets-extras.cmake
-- Installing: /home/manuel/buggy_ws_beta.a/install/vox_nav_msgs/share/vox_nav_msgs/cmake/vox_nav_msgsConfig.cmake
-- Installing: /home/manuel/buggy_ws_beta.a/install/vox_nav_msgs/share/vox_nav_msgs/cmake/vox_nav_msgsConfig-version.cmake
-- Installing: /home/manuel/buggy_ws_beta.a/install/vox_nav_msgs/share/vox_nav_msgs/package.xml
