[0.532s] Invoking command in '/home/manuel/buggy_ws_beta.a/build/vox_nav_msgs': CMAKE_PREFIX_PATH=${CMAKE_PREFIX_PATH}:/home/manuel/buggy_space/install/joint_state_publisher_gui:/home/manuel/buggy_space/install/joint_state_publisher:/home/manuel/buggy_space/install/ackermann_odometry:/home/manuel/buggy_space/install/ackermann_controller:/opt/ros/foxy /usr/bin/cmake /home/manuel/buggy_ws_beta.a/src/vox_nav_msgs -DCMAKE_INSTALL_PREFIX=/home/manuel/buggy_ws_beta.a/install/vox_nav_msgs
[3.289s] -- The C compiler identification is GNU 9.4.0
[3.289s] -- The CXX compiler identification is GNU 9.4.0
[3.289s] -- Check for working C compiler: /usr/bin/cc
[3.289s] -- Check for working C compiler: /usr/bin/cc -- works
[3.290s] -- Detecting C compiler ABI info
[3.290s] -- Detecting C compiler ABI info - done
[3.290s] -- Detecting C compile features
[3.290s] -- Detecting C compile features - done
[3.290s] -- Check for working CXX compiler: /usr/bin/c++
[3.290s] -- Check for working CXX compiler: /usr/bin/c++ -- works
[3.290s] -- Detecting CXX compiler ABI info
[3.291s] -- Detecting CXX compiler ABI info - done
[3.291s] -- Detecting CXX compile features
[3.291s] -- Detecting CXX compile features - done
[3.291s] -- Found ament_cmake: 0.9.11 (/opt/ros/foxy/share/ament_cmake/cmake)
[3.291s] -- Found PythonInterp: /usr/bin/python3 (found suitable version "3.8.10", minimum required is "3") 
[3.291s] -- Using PYTHON_EXECUTABLE: /usr/bin/python3
[3.291s] -- Found geometry_msgs: 2.0.5 (/opt/ros/foxy/share/geometry_msgs/cmake)
[3.292s] -- Using all available rosidl_typesupport_c: rosidl_typesupport_fastrtps_c;rosidl_typesupport_introspection_c
[3.292s] -- Found rosidl_adapter: 1.3.0 (/opt/ros/foxy/share/rosidl_adapter/cmake)
[3.296s] -- Found OpenSSL: /usr/lib/x86_64-linux-gnu/libcrypto.so (found version "1.1.1f")  
[3.297s] -- Found FastRTPS: /opt/ros/foxy/include  
[3.297s] -- Using all available rosidl_typesupport_cpp: rosidl_typesupport_fastrtps_cpp;rosidl_typesupport_introspection_cpp
[3.297s] -- Found rosidl_default_generators: 1.0.1 (/opt/ros/foxy/share/rosidl_default_generators/cmake)
[3.297s] -- Found sensor_msgs: 2.0.5 (/opt/ros/foxy/share/sensor_msgs/cmake)
[3.297s] -- Found nav_msgs: 2.0.5 (/opt/ros/foxy/share/nav_msgs/cmake)
[3.297s] -- Found octomap_msgs: 2.0.0 (/opt/ros/foxy/share/octomap_msgs/cmake)
[3.298s] -- Found PythonInterp: /usr/bin/python3 (found version "3.8.10") 
[3.941s] -- Found ament_cmake_ros: 0.9.2 (/opt/ros/foxy/share/ament_cmake_ros/cmake)
[6.006s] -- Using all available rosidl_typesupport_c: rosidl_typesupport_fastrtps_c;rosidl_typesupport_introspection_c
[7.965s] -- Using all available rosidl_typesupport_cpp: rosidl_typesupport_fastrtps_cpp;rosidl_typesupport_introspection_cpp
[8.235s] -- Found PythonInterp: /usr/bin/python3 (found suitable version "3.8.10", minimum required is "3.5") 
[8.239s] -- Found python_cmake_module: 0.8.1 (/opt/ros/foxy/share/python_cmake_module/cmake)
[8.395s] -- Found PythonLibs: /usr/lib/x86_64-linux-gnu/libpython3.8.so (found suitable version "3.8.10", minimum required is "3.5") 
[8.395s] -- Using PYTHON_EXECUTABLE: /usr/bin/python3
[8.396s] -- Using PYTHON_INCLUDE_DIRS: /usr/include/python3.8
[8.396s] -- Using PYTHON_LIBRARIES: /usr/lib/x86_64-linux-gnu/libpython3.8.so
[8.511s] -- Found PythonExtra: .so  
[9.853s] -- Configuring done
[10.528s] -- Generating done
[10.544s] -- Build files have been written to: /home/manuel/buggy_ws_beta.a/build/vox_nav_msgs
[10.580s] Invoked command in '/home/manuel/buggy_ws_beta.a/build/vox_nav_msgs' returned '0': CMAKE_PREFIX_PATH=${CMAKE_PREFIX_PATH}:/home/manuel/buggy_space/install/joint_state_publisher_gui:/home/manuel/buggy_space/install/joint_state_publisher:/home/manuel/buggy_space/install/ackermann_odometry:/home/manuel/buggy_space/install/ackermann_controller:/opt/ros/foxy /usr/bin/cmake /home/manuel/buggy_ws_beta.a/src/vox_nav_msgs -DCMAKE_INSTALL_PREFIX=/home/manuel/buggy_ws_beta.a/install/vox_nav_msgs
[10.585s] Invoking command in '/home/manuel/buggy_ws_beta.a/build/vox_nav_msgs': CMAKE_PREFIX_PATH=${CMAKE_PREFIX_PATH}:/home/manuel/buggy_space/install/joint_state_publisher_gui:/home/manuel/buggy_space/install/joint_state_publisher:/home/manuel/buggy_space/install/ackermann_odometry:/home/manuel/buggy_space/install/ackermann_controller:/opt/ros/foxy /usr/bin/cmake --build /home/manuel/buggy_ws_beta.a/build/vox_nav_msgs -- -j16 -l16
[19.034s] [  1%] [34m[1mGenerating C code for ROS interfaces[0m
[19.035s] [35m[1mScanning dependencies of target vox_nav_msgs__cpp[0m
[19.035s] [  2%] [34m[1mGenerating C++ code for ROS interfaces[0m
[19.035s] [  2%] Built target vox_nav_msgs__cpp
[19.035s] [  3%] [34m[1mGenerating C++ type support for eProsima Fast-RTPS[0m
[19.035s] [  4%] [34m[1mGenerating C++ introspection for ROS interfaces[0m
[19.036s] [  5%] [34m[1mGenerating C++ type support dispatch for ROS interfaces[0m
[19.554s] [35m[1mScanning dependencies of target vox_nav_msgs__rosidl_generator_c[0m
[19.683s] [  6%] [32mBuilding C object CMakeFiles/vox_nav_msgs__rosidl_generator_c.dir/rosidl_generator_c/vox_nav_msgs/msg/detail/object__functions.c.o[0m
[19.730s] [  7%] [32mBuilding C object CMakeFiles/vox_nav_msgs__rosidl_generator_c.dir/rosidl_generator_c/vox_nav_msgs/msg/detail/oriented_nav_sat_fix__functions.c.o[0m
[19.749s] [  8%] [32mBuilding C object CMakeFiles/vox_nav_msgs__rosidl_generator_c.dir/rosidl_generator_c/vox_nav_msgs/msg/detail/object_array__functions.c.o[0m
[19.770s] [  9%] [32mBuilding C object CMakeFiles/vox_nav_msgs__rosidl_generator_c.dir/rosidl_generator_c/vox_nav_msgs/srv/detail/get_point_cloud__functions.c.o[0m
[19.772s] [ 10%] [32mBuilding C object CMakeFiles/vox_nav_msgs__rosidl_generator_c.dir/rosidl_generator_c/vox_nav_msgs/srv/detail/get_octomap__functions.c.o[0m
[19.897s] [ 11%] [32mBuilding C object CMakeFiles/vox_nav_msgs__rosidl_generator_c.dir/rosidl_generator_c/vox_nav_msgs/srv/detail/get_maps_and_surfels__functions.c.o[0m
[19.909s] [ 12%] [32mBuilding C object CMakeFiles/vox_nav_msgs__rosidl_generator_c.dir/rosidl_generator_c/vox_nav_msgs/action/detail/compute_path_to_pose__functions.c.o[0m
[19.916s] [ 13%] [32mBuilding C object CMakeFiles/vox_nav_msgs__rosidl_generator_c.dir/rosidl_generator_c/vox_nav_msgs/action/detail/navigate_to_pose__functions.c.o[0m
[19.922s] [ 14%] [32mBuilding C object CMakeFiles/vox_nav_msgs__rosidl_generator_c.dir/rosidl_generator_c/vox_nav_msgs/action/detail/follow_path__functions.c.o[0m
[20.754s] [ 15%] [32m[1mLinking C shared library libvox_nav_msgs__rosidl_generator_c.so[0m
[20.987s] [ 15%] Built target vox_nav_msgs__rosidl_generator_c
[21.026s] [ 16%] [34m[1mGenerating C introspection for ROS interfaces[0m
[21.062s] [ 17%] [34m[1mGenerating C type support dispatch for ROS interfaces[0m
[24.833s] [35m[1mScanning dependencies of target vox_nav_msgs__rosidl_typesupport_cpp[0m
[25.035s] [ 18%] [32mBuilding CXX object CMakeFiles/vox_nav_msgs__rosidl_typesupport_cpp.dir/rosidl_typesupport_cpp/vox_nav_msgs/msg/object__type_support.cpp.o[0m
[25.058s] [ 20%] [32mBuilding CXX object CMakeFiles/vox_nav_msgs__rosidl_typesupport_cpp.dir/rosidl_typesupport_cpp/vox_nav_msgs/msg/object_array__type_support.cpp.o[0m
[25.083s] [ 21%] [32mBuilding CXX object CMakeFiles/vox_nav_msgs__rosidl_typesupport_cpp.dir/rosidl_typesupport_cpp/vox_nav_msgs/msg/oriented_nav_sat_fix__type_support.cpp.o[0m
[25.113s] [ 22%] [32mBuilding CXX object CMakeFiles/vox_nav_msgs__rosidl_typesupport_cpp.dir/rosidl_typesupport_cpp/vox_nav_msgs/srv/get_octomap__type_support.cpp.o[0m
[25.119s] [ 23%] [32mBuilding CXX object CMakeFiles/vox_nav_msgs__rosidl_typesupport_cpp.dir/rosidl_typesupport_cpp/vox_nav_msgs/srv/get_point_cloud__type_support.cpp.o[0m
[25.276s] [ 24%] [32mBuilding CXX object CMakeFiles/vox_nav_msgs__rosidl_typesupport_cpp.dir/rosidl_typesupport_cpp/vox_nav_msgs/srv/get_maps_and_surfels__type_support.cpp.o[0m
[25.296s] [ 25%] [32mBuilding CXX object CMakeFiles/vox_nav_msgs__rosidl_typesupport_cpp.dir/rosidl_typesupport_cpp/vox_nav_msgs/action/compute_path_to_pose__type_support.cpp.o[0m
[27.809s] [35m[1mScanning dependencies of target vox_nav_msgs__rosidl_typesupport_introspection_cpp[0m
[28.024s] [ 26%] [32mBuilding CXX object CMakeFiles/vox_nav_msgs__rosidl_typesupport_introspection_cpp.dir/rosidl_typesupport_introspection_cpp/vox_nav_msgs/msg/detail/object__type_support.cpp.o[0m
[28.317s] [ 27%] [32mBuilding CXX object CMakeFiles/vox_nav_msgs__rosidl_typesupport_cpp.dir/rosidl_typesupport_cpp/vox_nav_msgs/action/navigate_to_pose__type_support.cpp.o[0m
[28.859s] [35m[1mScanning dependencies of target vox_nav_msgs__rosidl_typesupport_c[0m
[28.973s] [ 28%] [32mBuilding CXX object CMakeFiles/vox_nav_msgs__rosidl_typesupport_c.dir/rosidl_typesupport_c/vox_nav_msgs/msg/object__type_support.cpp.o[0m
[29.134s] [ 29%] [32mBuilding CXX object CMakeFiles/vox_nav_msgs__rosidl_typesupport_c.dir/rosidl_typesupport_c/vox_nav_msgs/msg/oriented_nav_sat_fix__type_support.cpp.o[0m
[29.246s] [ 30%] [32mBuilding CXX object CMakeFiles/vox_nav_msgs__rosidl_typesupport_c.dir/rosidl_typesupport_c/vox_nav_msgs/srv/get_octomap__type_support.cpp.o[0m
[29.367s] [ 31%] [32mBuilding CXX object CMakeFiles/vox_nav_msgs__rosidl_typesupport_cpp.dir/rosidl_typesupport_cpp/vox_nav_msgs/action/follow_path__type_support.cpp.o[0m
[29.396s] [ 32%] [32mBuilding CXX object CMakeFiles/vox_nav_msgs__rosidl_typesupport_c.dir/rosidl_typesupport_c/vox_nav_msgs/srv/get_maps_and_surfels__type_support.cpp.o[0m
[29.404s] [ 33%] [32mBuilding CXX object CMakeFiles/vox_nav_msgs__rosidl_typesupport_introspection_cpp.dir/rosidl_typesupport_introspection_cpp/vox_nav_msgs/action/detail/navigate_to_pose__type_support.cpp.o[0m
[29.524s] [35m[1mScanning dependencies of target vox_nav_msgs__rosidl_typesupport_fastrtps_cpp[0m
[29.589s] [ 34%] [32mBuilding CXX object CMakeFiles/vox_nav_msgs__rosidl_typesupport_c.dir/rosidl_typesupport_c/vox_nav_msgs/action/follow_path__type_support.cpp.o[0m
[29.669s] [ 35%] [32mBuilding CXX object CMakeFiles/vox_nav_msgs__rosidl_typesupport_fastrtps_cpp.dir/rosidl_typesupport_fastrtps_cpp/vox_nav_msgs/msg/detail/dds_fastrtps/object__type_support.cpp.o[0m
[29.764s] [ 36%] [32mBuilding CXX object CMakeFiles/vox_nav_msgs__rosidl_typesupport_c.dir/rosidl_typesupport_c/vox_nav_msgs/action/navigate_to_pose__type_support.cpp.o[0m
[30.028s] [ 37%] [32mBuilding CXX object CMakeFiles/vox_nav_msgs__rosidl_typesupport_c.dir/rosidl_typesupport_c/vox_nav_msgs/action/compute_path_to_pose__type_support.cpp.o[0m
[30.339s] [35m[1mScanning dependencies of target vox_nav_msgs__rosidl_typesupport_introspection_c[0m
[30.431s] [ 38%] [32mBuilding CXX object CMakeFiles/vox_nav_msgs__rosidl_typesupport_c.dir/rosidl_typesupport_c/vox_nav_msgs/srv/get_point_cloud__type_support.cpp.o[0m
[30.431s] [ 40%] [32mBuilding C object CMakeFiles/vox_nav_msgs__rosidl_typesupport_introspection_c.dir/rosidl_typesupport_introspection_c/vox_nav_msgs/msg/detail/object__type_support.c.o[0m
[30.432s] [ 41%] [32mBuilding CXX object CMakeFiles/vox_nav_msgs__rosidl_typesupport_c.dir/rosidl_typesupport_c/vox_nav_msgs/msg/object_array__type_support.cpp.o[0m
[30.432s] [ 42%] [32m[1mLinking CXX shared library libvox_nav_msgs__rosidl_typesupport_cpp.so[0m
[30.465s] [ 43%] [32mBuilding C object CMakeFiles/vox_nav_msgs__rosidl_typesupport_introspection_c.dir/rosidl_typesupport_introspection_c/vox_nav_msgs/msg/detail/object_array__type_support.c.o[0m
[30.532s] [ 44%] [32m[1mLinking CXX shared library libvox_nav_msgs__rosidl_typesupport_c.so[0m
[30.541s] [ 44%] Built target vox_nav_msgs__rosidl_typesupport_cpp
[30.601s] [ 45%] [32mBuilding C object CMakeFiles/vox_nav_msgs__rosidl_typesupport_introspection_c.dir/rosidl_typesupport_introspection_c/vox_nav_msgs/msg/detail/oriented_nav_sat_fix__type_support.c.o[0m
[30.602s] [ 46%] [32mBuilding CXX object CMakeFiles/vox_nav_msgs__rosidl_typesupport_introspection_cpp.dir/rosidl_typesupport_introspection_cpp/vox_nav_msgs/action/detail/follow_path__type_support.cpp.o[0m
[30.697s] [ 46%] Built target vox_nav_msgs__rosidl_typesupport_c
[30.707s] [ 47%] [32mBuilding C object CMakeFiles/vox_nav_msgs__rosidl_typesupport_introspection_c.dir/rosidl_typesupport_introspection_c/vox_nav_msgs/srv/detail/get_octomap__type_support.c.o[0m
[30.767s] [ 48%] [32mBuilding CXX object CMakeFiles/vox_nav_msgs__rosidl_typesupport_fastrtps_cpp.dir/rosidl_typesupport_fastrtps_cpp/vox_nav_msgs/action/detail/dds_fastrtps/compute_path_to_pose__type_support.cpp.o[0m
[30.795s] [ 49%] [32mBuilding C object CMakeFiles/vox_nav_msgs__rosidl_typesupport_introspection_c.dir/rosidl_typesupport_introspection_c/vox_nav_msgs/srv/detail/get_maps_and_surfels__type_support.c.o[0m
[30.924s] [ 50%] [32mBuilding C object CMakeFiles/vox_nav_msgs__rosidl_typesupport_introspection_c.dir/rosidl_typesupport_introspection_c/vox_nav_msgs/srv/detail/get_point_cloud__type_support.c.o[0m
[31.088s] [ 51%] [32mBuilding C object CMakeFiles/vox_nav_msgs__rosidl_typesupport_introspection_c.dir/rosidl_typesupport_introspection_c/vox_nav_msgs/action/detail/compute_path_to_pose__type_support.c.o[0m
[31.271s] [ 52%] [32mBuilding C object CMakeFiles/vox_nav_msgs__rosidl_typesupport_introspection_c.dir/rosidl_typesupport_introspection_c/vox_nav_msgs/action/detail/follow_path__type_support.c.o[0m
[31.435s] [ 53%] [32mBuilding C object CMakeFiles/vox_nav_msgs__rosidl_typesupport_introspection_c.dir/rosidl_typesupport_introspection_c/vox_nav_msgs/action/detail/navigate_to_pose__type_support.c.o[0m
[31.550s] [ 54%] [32mBuilding CXX object CMakeFiles/vox_nav_msgs__rosidl_typesupport_introspection_cpp.dir/rosidl_typesupport_introspection_cpp/vox_nav_msgs/action/detail/compute_path_to_pose__type_support.cpp.o[0m
[31.621s] [ 55%] [32m[1mLinking C shared library libvox_nav_msgs__rosidl_typesupport_introspection_c.so[0m
[31.779s] [ 55%] Built target vox_nav_msgs__rosidl_typesupport_introspection_c
[32.042s] [ 56%] [32mBuilding CXX object CMakeFiles/vox_nav_msgs__rosidl_typesupport_fastrtps_cpp.dir/rosidl_typesupport_fastrtps_cpp/vox_nav_msgs/action/detail/dds_fastrtps/navigate_to_pose__type_support.cpp.o[0m
[32.490s] [ 57%] [32mBuilding CXX object CMakeFiles/vox_nav_msgs__rosidl_typesupport_introspection_cpp.dir/rosidl_typesupport_introspection_cpp/vox_nav_msgs/srv/detail/get_maps_and_surfels__type_support.cpp.o[0m
[33.288s] [ 58%] [32mBuilding CXX object CMakeFiles/vox_nav_msgs__rosidl_typesupport_fastrtps_cpp.dir/rosidl_typesupport_fastrtps_cpp/vox_nav_msgs/action/detail/dds_fastrtps/follow_path__type_support.cpp.o[0m
[33.349s] [ 60%] [32mBuilding CXX object CMakeFiles/vox_nav_msgs__rosidl_typesupport_introspection_cpp.dir/rosidl_typesupport_introspection_cpp/vox_nav_msgs/srv/detail/get_point_cloud__type_support.cpp.o[0m
[34.183s] [ 61%] [32mBuilding CXX object CMakeFiles/vox_nav_msgs__rosidl_typesupport_introspection_cpp.dir/rosidl_typesupport_introspection_cpp/vox_nav_msgs/srv/detail/get_octomap__type_support.cpp.o[0m
[34.361s] [ 62%] [32mBuilding CXX object CMakeFiles/vox_nav_msgs__rosidl_typesupport_fastrtps_cpp.dir/rosidl_typesupport_fastrtps_cpp/vox_nav_msgs/srv/detail/dds_fastrtps/get_maps_and_surfels__type_support.cpp.o[0m
[34.886s] [ 63%] [32mBuilding CXX object CMakeFiles/vox_nav_msgs__rosidl_typesupport_introspection_cpp.dir/rosidl_typesupport_introspection_cpp/vox_nav_msgs/msg/detail/oriented_nav_sat_fix__type_support.cpp.o[0m
[35.275s] [ 64%] [32mBuilding CXX object CMakeFiles/vox_nav_msgs__rosidl_typesupport_fastrtps_cpp.dir/rosidl_typesupport_fastrtps_cpp/vox_nav_msgs/srv/detail/dds_fastrtps/get_point_cloud__type_support.cpp.o[0m
[35.556s] [ 65%] [32mBuilding CXX object CMakeFiles/vox_nav_msgs__rosidl_typesupport_introspection_cpp.dir/rosidl_typesupport_introspection_cpp/vox_nav_msgs/msg/detail/object_array__type_support.cpp.o[0m
[36.229s] [ 66%] [32mBuilding CXX object CMakeFiles/vox_nav_msgs__rosidl_typesupport_fastrtps_cpp.dir/rosidl_typesupport_fastrtps_cpp/vox_nav_msgs/srv/detail/dds_fastrtps/get_octomap__type_support.cpp.o[0m
[36.334s] [ 67%] [32m[1mLinking CXX shared library libvox_nav_msgs__rosidl_typesupport_introspection_cpp.so[0m
[36.522s] [ 67%] Built target vox_nav_msgs__rosidl_typesupport_introspection_cpp
[37.158s] [ 68%] [32mBuilding CXX object CMakeFiles/vox_nav_msgs__rosidl_typesupport_fastrtps_cpp.dir/rosidl_typesupport_fastrtps_cpp/vox_nav_msgs/msg/detail/dds_fastrtps/oriented_nav_sat_fix__type_support.cpp.o[0m
[37.997s] [ 69%] [32mBuilding CXX object CMakeFiles/vox_nav_msgs__rosidl_typesupport_fastrtps_cpp.dir/rosidl_typesupport_fastrtps_cpp/vox_nav_msgs/msg/detail/dds_fastrtps/object_array__type_support.cpp.o[0m
[38.726s] [ 70%] [32m[1mLinking CXX shared library libvox_nav_msgs__rosidl_typesupport_fastrtps_cpp.so[0m
[38.923s] [ 70%] Built target vox_nav_msgs__rosidl_typesupport_fastrtps_cpp
[38.949s] [ 71%] [34m[1mGenerating C type support for eProsima Fast-RTPS[0m
[42.320s] [35m[1mScanning dependencies of target vox_nav_msgs__rosidl_typesupport_fastrtps_c[0m
[42.406s] [ 72%] [32mBuilding CXX object CMakeFiles/vox_nav_msgs__rosidl_typesupport_fastrtps_c.dir/rosidl_typesupport_fastrtps_c/vox_nav_msgs/msg/detail/object__type_support_c.cpp.o[0m
[43.072s] [ 73%] [32mBuilding CXX object CMakeFiles/vox_nav_msgs__rosidl_typesupport_fastrtps_c.dir/rosidl_typesupport_fastrtps_c/vox_nav_msgs/action/detail/navigate_to_pose__type_support_c.cpp.o[0m
[43.643s] [ 74%] [32mBuilding CXX object CMakeFiles/vox_nav_msgs__rosidl_typesupport_fastrtps_c.dir/rosidl_typesupport_fastrtps_c/vox_nav_msgs/action/detail/follow_path__type_support_c.cpp.o[0m
[44.185s] [ 75%] [32mBuilding CXX object CMakeFiles/vox_nav_msgs__rosidl_typesupport_fastrtps_c.dir/rosidl_typesupport_fastrtps_c/vox_nav_msgs/action/detail/compute_path_to_pose__type_support_c.cpp.o[0m
[44.816s] [ 76%] [32mBuilding CXX object CMakeFiles/vox_nav_msgs__rosidl_typesupport_fastrtps_c.dir/rosidl_typesupport_fastrtps_c/vox_nav_msgs/srv/detail/get_maps_and_surfels__type_support_c.cpp.o[0m
[45.350s] [ 77%] [32mBuilding CXX object CMakeFiles/vox_nav_msgs__rosidl_typesupport_fastrtps_c.dir/rosidl_typesupport_fastrtps_c/vox_nav_msgs/srv/detail/get_point_cloud__type_support_c.cpp.o[0m
[45.838s] [ 78%] [32mBuilding CXX object CMakeFiles/vox_nav_msgs__rosidl_typesupport_fastrtps_c.dir/rosidl_typesupport_fastrtps_c/vox_nav_msgs/srv/detail/get_octomap__type_support_c.cpp.o[0m
[46.338s] [ 80%] [32mBuilding CXX object CMakeFiles/vox_nav_msgs__rosidl_typesupport_fastrtps_c.dir/rosidl_typesupport_fastrtps_c/vox_nav_msgs/msg/detail/oriented_nav_sat_fix__type_support_c.cpp.o[0m
[46.750s] [ 81%] [32mBuilding CXX object CMakeFiles/vox_nav_msgs__rosidl_typesupport_fastrtps_c.dir/rosidl_typesupport_fastrtps_c/vox_nav_msgs/msg/detail/object_array__type_support_c.cpp.o[0m
[47.179s] [ 82%] [32m[1mLinking CXX shared library libvox_nav_msgs__rosidl_typesupport_fastrtps_c.so[0m
[47.307s] [ 82%] Built target vox_nav_msgs__rosidl_typesupport_fastrtps_c
[47.319s] [35m[1mScanning dependencies of target vox_nav_msgs[0m
[47.332s] [ 82%] Built target vox_nav_msgs
[47.344s] [35m[1mScanning dependencies of target vox_nav_msgs__py[0m
[47.358s] [ 83%] [34m[1mGenerating Python code for ROS interfaces[0m
[51.479s] [ 83%] Built target vox_nav_msgs__py
[51.492s] [35m[1mScanning dependencies of target vox_nav_msgs__python[0m
[51.537s] [ 84%] [32mBuilding C object CMakeFiles/vox_nav_msgs__python.dir/rosidl_generator_py/vox_nav_msgs/msg/_object_s.c.o[0m
[51.659s] [ 85%] [32mBuilding C object CMakeFiles/vox_nav_msgs__python.dir/rosidl_generator_py/vox_nav_msgs/action/_navigate_to_pose_s.c.o[0m
[51.822s] [ 86%] [32mBuilding C object CMakeFiles/vox_nav_msgs__python.dir/rosidl_generator_py/vox_nav_msgs/action/_follow_path_s.c.o[0m
[51.978s] [ 87%] [32mBuilding C object CMakeFiles/vox_nav_msgs__python.dir/rosidl_generator_py/vox_nav_msgs/action/_compute_path_to_pose_s.c.o[0m
[52.151s] [ 88%] [32mBuilding C object CMakeFiles/vox_nav_msgs__python.dir/rosidl_generator_py/vox_nav_msgs/srv/_get_maps_and_surfels_s.c.o[0m
[52.325s] [ 89%] [32mBuilding C object CMakeFiles/vox_nav_msgs__python.dir/rosidl_generator_py/vox_nav_msgs/srv/_get_point_cloud_s.c.o[0m
[52.450s] [ 90%] [32mBuilding C object CMakeFiles/vox_nav_msgs__python.dir/rosidl_generator_py/vox_nav_msgs/srv/_get_octomap_s.c.o[0m
[52.602s] [ 91%] [32mBuilding C object CMakeFiles/vox_nav_msgs__python.dir/rosidl_generator_py/vox_nav_msgs/msg/_oriented_nav_sat_fix_s.c.o[0m
[52.722s] [ 92%] [32mBuilding C object CMakeFiles/vox_nav_msgs__python.dir/rosidl_generator_py/vox_nav_msgs/msg/_object_array_s.c.o[0m
[52.837s] [ 93%] [32m[1mLinking C shared library rosidl_generator_py/vox_nav_msgs/libvox_nav_msgs__python.so[0m
[52.936s] [ 93%] Built target vox_nav_msgs__python
[52.947s] [35m[1mScanning dependencies of target vox_nav_msgs__rosidl_typesupport_c__pyext[0m
[52.976s] [ 94%] [32mBuilding C object CMakeFiles/vox_nav_msgs__rosidl_typesupport_c__pyext.dir/rosidl_generator_py/vox_nav_msgs/_vox_nav_msgs_s.ep.rosidl_typesupport_c.c.o[0m
[53.215s] [ 95%] [32m[1mLinking C shared library rosidl_generator_py/vox_nav_msgs/vox_nav_msgs_s__rosidl_typesupport_c.cpython-38-x86_64-linux-gnu.so[0m
[53.274s] [ 95%] Built target vox_nav_msgs__rosidl_typesupport_c__pyext
[53.286s] [35m[1mScanning dependencies of target vox_nav_msgs__rosidl_typesupport_introspection_c__pyext[0m
[53.312s] [ 96%] [32mBuilding C object CMakeFiles/vox_nav_msgs__rosidl_typesupport_introspection_c__pyext.dir/rosidl_generator_py/vox_nav_msgs/_vox_nav_msgs_s.ep.rosidl_typesupport_introspection_c.c.o[0m
[53.604s] [ 97%] [32m[1mLinking C shared library rosidl_generator_py/vox_nav_msgs/vox_nav_msgs_s__rosidl_typesupport_introspection_c.cpython-38-x86_64-linux-gnu.so[0m
[53.667s] [ 97%] Built target vox_nav_msgs__rosidl_typesupport_introspection_c__pyext
[53.681s] [35m[1mScanning dependencies of target vox_nav_msgs__rosidl_typesupport_fastrtps_c__pyext[0m
[53.715s] [ 98%] [32mBuilding C object CMakeFiles/vox_nav_msgs__rosidl_typesupport_fastrtps_c__pyext.dir/rosidl_generator_py/vox_nav_msgs/_vox_nav_msgs_s.ep.rosidl_typesupport_fastrtps_c.c.o[0m
[53.946s] [100%] [32m[1mLinking CXX shared library rosidl_generator_py/vox_nav_msgs/vox_nav_msgs_s__rosidl_typesupport_fastrtps_c.cpython-38-x86_64-linux-gnu.so[0m
[54.045s] [100%] Built target vox_nav_msgs__rosidl_typesupport_fastrtps_c__pyext
[54.068s] Invoked command in '/home/manuel/buggy_ws_beta.a/build/vox_nav_msgs' returned '0': CMAKE_PREFIX_PATH=${CMAKE_PREFIX_PATH}:/home/manuel/buggy_space/install/joint_state_publisher_gui:/home/manuel/buggy_space/install/joint_state_publisher:/home/manuel/buggy_space/install/ackermann_odometry:/home/manuel/buggy_space/install/ackermann_controller:/opt/ros/foxy /usr/bin/cmake --build /home/manuel/buggy_ws_beta.a/build/vox_nav_msgs -- -j16 -l16
[54.298s] Invoking command in '/home/manuel/buggy_ws_beta.a/build/vox_nav_msgs': CMAKE_PREFIX_PATH=${CMAKE_PREFIX_PATH}:/home/manuel/buggy_space/install/joint_state_publisher_gui:/home/manuel/buggy_space/install/joint_state_publisher:/home/manuel/buggy_space/install/ackermann_odometry:/home/manuel/buggy_space/install/ackermann_controller:/opt/ros/foxy /usr/bin/cmake --install /home/manuel/buggy_ws_beta.a/build/vox_nav_msgs
[54.308s] -- Install configuration: ""
[54.309s] -- Installing: /home/manuel/buggy_ws_beta.a/install/vox_nav_msgs/share/ament_index/resource_index/rosidl_interfaces/vox_nav_msgs
[54.309s] -- Installing: /home/manuel/buggy_ws_beta.a/install/vox_nav_msgs/include/vox_nav_msgs
[54.309s] -- Installing: /home/manuel/buggy_ws_beta.a/install/vox_nav_msgs/include/vox_nav_msgs/srv
[54.309s] -- Installing: /home/manuel/buggy_ws_beta.a/install/vox_nav_msgs/include/vox_nav_msgs/srv/detail
[54.310s] -- Installing: /home/manuel/buggy_ws_beta.a/install/vox_nav_msgs/include/vox_nav_msgs/srv/detail/get_point_cloud__functions.c
[54.310s] -- Installing: /home/manuel/buggy_ws_beta.a/install/vox_nav_msgs/include/vox_nav_msgs/srv/detail/get_point_cloud__type_support.h
[54.310s] -- Installing: /home/manuel/buggy_ws_beta.a/install/vox_nav_msgs/include/vox_nav_msgs/srv/detail/get_octomap__struct.h
[54.310s] -- Installing: /home/manuel/buggy_ws_beta.a/install/vox_nav_msgs/include/vox_nav_msgs/srv/detail/get_maps_and_surfels__functions.h
[54.311s] -- Installing: /home/manuel/buggy_ws_beta.a/install/vox_nav_msgs/include/vox_nav_msgs/srv/detail/get_octomap__functions.h
[54.311s] -- Installing: /home/manuel/buggy_ws_beta.a/install/vox_nav_msgs/include/vox_nav_msgs/srv/detail/get_maps_and_surfels__type_support.h
[54.311s] -- Installing: /home/manuel/buggy_ws_beta.a/install/vox_nav_msgs/include/vox_nav_msgs/srv/detail/get_maps_and_surfels__struct.h
[54.311s] -- Installing: /home/manuel/buggy_ws_beta.a/install/vox_nav_msgs/include/vox_nav_msgs/srv/detail/get_point_cloud__struct.h
[54.311s] -- Installing: /home/manuel/buggy_ws_beta.a/install/vox_nav_msgs/include/vox_nav_msgs/srv/detail/get_point_cloud__functions.h
[54.312s] -- Installing: /home/manuel/buggy_ws_beta.a/install/vox_nav_msgs/include/vox_nav_msgs/srv/detail/get_maps_and_surfels__functions.c
[54.312s] -- Installing: /home/manuel/buggy_ws_beta.a/install/vox_nav_msgs/include/vox_nav_msgs/srv/detail/get_octomap__type_support.h
[54.312s] -- Installing: /home/manuel/buggy_ws_beta.a/install/vox_nav_msgs/include/vox_nav_msgs/srv/detail/get_octomap__functions.c
[54.312s] -- Installing: /home/manuel/buggy_ws_beta.a/install/vox_nav_msgs/include/vox_nav_msgs/srv/get_octomap.h
[54.313s] -- Installing: /home/manuel/buggy_ws_beta.a/install/vox_nav_msgs/include/vox_nav_msgs/srv/get_point_cloud.h
[54.313s] -- Installing: /home/manuel/buggy_ws_beta.a/install/vox_nav_msgs/include/vox_nav_msgs/srv/get_maps_and_surfels.h
[54.313s] -- Installing: /home/manuel/buggy_ws_beta.a/install/vox_nav_msgs/include/vox_nav_msgs/msg
[54.313s] -- Installing: /home/manuel/buggy_ws_beta.a/install/vox_nav_msgs/include/vox_nav_msgs/msg/detail
[54.313s] -- Installing: /home/manuel/buggy_ws_beta.a/install/vox_nav_msgs/include/vox_nav_msgs/msg/detail/object_array__functions.h
[54.314s] -- Installing: /home/manuel/buggy_ws_beta.a/install/vox_nav_msgs/include/vox_nav_msgs/msg/detail/oriented_nav_sat_fix__functions.c
[54.314s] -- Installing: /home/manuel/buggy_ws_beta.a/install/vox_nav_msgs/include/vox_nav_msgs/msg/detail/object_array__struct.h
[54.314s] -- Installing: /home/manuel/buggy_ws_beta.a/install/vox_nav_msgs/include/vox_nav_msgs/msg/detail/object__functions.h
[54.314s] -- Installing: /home/manuel/buggy_ws_beta.a/install/vox_nav_msgs/include/vox_nav_msgs/msg/detail/object__struct.h
[54.314s] -- Installing: /home/manuel/buggy_ws_beta.a/install/vox_nav_msgs/include/vox_nav_msgs/msg/detail/object__functions.c
[54.314s] -- Installing: /home/manuel/buggy_ws_beta.a/install/vox_nav_msgs/include/vox_nav_msgs/msg/detail/oriented_nav_sat_fix__functions.h
[54.315s] -- Installing: /home/manuel/buggy_ws_beta.a/install/vox_nav_msgs/include/vox_nav_msgs/msg/detail/object_array__functions.c
[54.315s] -- Installing: /home/manuel/buggy_ws_beta.a/install/vox_nav_msgs/include/vox_nav_msgs/msg/detail/oriented_nav_sat_fix__struct.h
[54.315s] -- Installing: /home/manuel/buggy_ws_beta.a/install/vox_nav_msgs/include/vox_nav_msgs/msg/detail/object_array__type_support.h
[54.315s] -- Installing: /home/manuel/buggy_ws_beta.a/install/vox_nav_msgs/include/vox_nav_msgs/msg/detail/oriented_nav_sat_fix__type_support.h
[54.315s] -- Installing: /home/manuel/buggy_ws_beta.a/install/vox_nav_msgs/include/vox_nav_msgs/msg/detail/object__type_support.h
[54.316s] -- Installing: /home/manuel/buggy_ws_beta.a/install/vox_nav_msgs/include/vox_nav_msgs/msg/oriented_nav_sat_fix.h
[54.316s] -- Installing: /home/manuel/buggy_ws_beta.a/install/vox_nav_msgs/include/vox_nav_msgs/msg/object_array.h
[54.316s] -- Installing: /home/manuel/buggy_ws_beta.a/install/vox_nav_msgs/include/vox_nav_msgs/msg/rosidl_generator_c__visibility_control.h
[54.316s] -- Installing: /home/manuel/buggy_ws_beta.a/install/vox_nav_msgs/include/vox_nav_msgs/msg/object.h
[54.316s] -- Installing: /home/manuel/buggy_ws_beta.a/install/vox_nav_msgs/include/vox_nav_msgs/action
[54.317s] -- Installing: /home/manuel/buggy_ws_beta.a/install/vox_nav_msgs/include/vox_nav_msgs/action/detail
[54.317s] -- Installing: /home/manuel/buggy_ws_beta.a/install/vox_nav_msgs/include/vox_nav_msgs/action/detail/compute_path_to_pose__type_support.h
[54.317s] -- Installing: /home/manuel/buggy_ws_beta.a/install/vox_nav_msgs/include/vox_nav_msgs/action/detail/compute_path_to_pose__struct.h
[54.317s] -- Installing: /home/manuel/buggy_ws_beta.a/install/vox_nav_msgs/include/vox_nav_msgs/action/detail/follow_path__struct.h
[54.317s] -- Installing: /home/manuel/buggy_ws_beta.a/install/vox_nav_msgs/include/vox_nav_msgs/action/detail/follow_path__functions.h
[54.317s] -- Installing: /home/manuel/buggy_ws_beta.a/install/vox_nav_msgs/include/vox_nav_msgs/action/detail/compute_path_to_pose__functions.h
[54.318s] -- Installing: /home/manuel/buggy_ws_beta.a/install/vox_nav_msgs/include/vox_nav_msgs/action/detail/navigate_to_pose__functions.c
[54.318s] -- Installing: /home/manuel/buggy_ws_beta.a/install/vox_nav_msgs/include/vox_nav_msgs/action/detail/navigate_to_pose__functions.h
[54.318s] -- Installing: /home/manuel/buggy_ws_beta.a/install/vox_nav_msgs/include/vox_nav_msgs/action/detail/navigate_to_pose__type_support.h
[54.318s] -- Installing: /home/manuel/buggy_ws_beta.a/install/vox_nav_msgs/include/vox_nav_msgs/action/detail/follow_path__type_support.h
[54.318s] -- Installing: /home/manuel/buggy_ws_beta.a/install/vox_nav_msgs/include/vox_nav_msgs/action/detail/navigate_to_pose__struct.h
[54.318s] -- Installing: /home/manuel/buggy_ws_beta.a/install/vox_nav_msgs/include/vox_nav_msgs/action/detail/follow_path__functions.c
[54.319s] -- Installing: /home/manuel/buggy_ws_beta.a/install/vox_nav_msgs/include/vox_nav_msgs/action/detail/compute_path_to_pose__functions.c
[54.319s] -- Installing: /home/manuel/buggy_ws_beta.a/install/vox_nav_msgs/include/vox_nav_msgs/action/follow_path.h
[54.319s] -- Installing: /home/manuel/buggy_ws_beta.a/install/vox_nav_msgs/include/vox_nav_msgs/action/compute_path_to_pose.h
[54.319s] -- Installing: /home/manuel/buggy_ws_beta.a/install/vox_nav_msgs/include/vox_nav_msgs/action/navigate_to_pose.h
[54.320s] -- Installing: /home/manuel/buggy_ws_beta.a/install/vox_nav_msgs/share/vox_nav_msgs/environment/library_path.sh
[54.320s] -- Installing: /home/manuel/buggy_ws_beta.a/install/vox_nav_msgs/share/vox_nav_msgs/environment/library_path.dsv
[54.320s] -- Installing: /home/manuel/buggy_ws_beta.a/install/vox_nav_msgs/lib/libvox_nav_msgs__rosidl_generator_c.so
[54.320s] -- Set runtime path of "/home/manuel/buggy_ws_beta.a/install/vox_nav_msgs/lib/libvox_nav_msgs__rosidl_generator_c.so" to ""
[54.320s] -- Up-to-date: /home/manuel/buggy_ws_beta.a/install/vox_nav_msgs/include/vox_nav_msgs
[54.320s] -- Up-to-date: /home/manuel/buggy_ws_beta.a/install/vox_nav_msgs/include/vox_nav_msgs/srv
[54.321s] -- Up-to-date: /home/manuel/buggy_ws_beta.a/install/vox_nav_msgs/include/vox_nav_msgs/srv/detail
[54.321s] -- Installing: /home/manuel/buggy_ws_beta.a/install/vox_nav_msgs/include/vox_nav_msgs/srv/detail/get_maps_and_surfels__rosidl_typesupport_fastrtps_c.h
[54.321s] -- Installing: /home/manuel/buggy_ws_beta.a/install/vox_nav_msgs/include/vox_nav_msgs/srv/detail/get_octomap__rosidl_typesupport_fastrtps_c.h
[54.321s] -- Installing: /home/manuel/buggy_ws_beta.a/install/vox_nav_msgs/include/vox_nav_msgs/srv/detail/get_point_cloud__rosidl_typesupport_fastrtps_c.h
[54.321s] -- Up-to-date: /home/manuel/buggy_ws_beta.a/install/vox_nav_msgs/include/vox_nav_msgs/msg
[54.322s] -- Up-to-date: /home/manuel/buggy_ws_beta.a/install/vox_nav_msgs/include/vox_nav_msgs/msg/detail
[54.322s] -- Installing: /home/manuel/buggy_ws_beta.a/install/vox_nav_msgs/include/vox_nav_msgs/msg/detail/object__rosidl_typesupport_fastrtps_c.h
[54.322s] -- Installing: /home/manuel/buggy_ws_beta.a/install/vox_nav_msgs/include/vox_nav_msgs/msg/detail/object_array__rosidl_typesupport_fastrtps_c.h
[54.322s] -- Installing: /home/manuel/buggy_ws_beta.a/install/vox_nav_msgs/include/vox_nav_msgs/msg/detail/oriented_nav_sat_fix__rosidl_typesupport_fastrtps_c.h
[54.322s] -- Installing: /home/manuel/buggy_ws_beta.a/install/vox_nav_msgs/include/vox_nav_msgs/msg/rosidl_typesupport_fastrtps_c__visibility_control.h
[54.323s] -- Up-to-date: /home/manuel/buggy_ws_beta.a/install/vox_nav_msgs/include/vox_nav_msgs/action
[54.323s] -- Up-to-date: /home/manuel/buggy_ws_beta.a/install/vox_nav_msgs/include/vox_nav_msgs/action/detail
[54.323s] -- Installing: /home/manuel/buggy_ws_beta.a/install/vox_nav_msgs/include/vox_nav_msgs/action/detail/compute_path_to_pose__rosidl_typesupport_fastrtps_c.h
[54.323s] -- Installing: /home/manuel/buggy_ws_beta.a/install/vox_nav_msgs/include/vox_nav_msgs/action/detail/follow_path__rosidl_typesupport_fastrtps_c.h
[54.323s] -- Installing: /home/manuel/buggy_ws_beta.a/install/vox_nav_msgs/include/vox_nav_msgs/action/detail/navigate_to_pose__rosidl_typesupport_fastrtps_c.h
[54.324s] -- Installing: /home/manuel/buggy_ws_beta.a/install/vox_nav_msgs/lib/libvox_nav_msgs__rosidl_typesupport_fastrtps_c.so
[54.324s] -- Set runtime path of "/home/manuel/buggy_ws_beta.a/install/vox_nav_msgs/lib/libvox_nav_msgs__rosidl_typesupport_fastrtps_c.so" to ""
[54.324s] -- Up-to-date: /home/manuel/buggy_ws_beta.a/install/vox_nav_msgs/include/vox_nav_msgs
[54.324s] -- Up-to-date: /home/manuel/buggy_ws_beta.a/install/vox_nav_msgs/include/vox_nav_msgs/srv
[54.325s] -- Up-to-date: /home/manuel/buggy_ws_beta.a/install/vox_nav_msgs/include/vox_nav_msgs/srv/detail
[54.325s] -- Installing: /home/manuel/buggy_ws_beta.a/install/vox_nav_msgs/include/vox_nav_msgs/srv/detail/dds_fastrtps
[54.325s] -- Installing: /home/manuel/buggy_ws_beta.a/install/vox_nav_msgs/include/vox_nav_msgs/srv/detail/get_octomap__rosidl_typesupport_fastrtps_cpp.hpp
[54.325s] -- Installing: /home/manuel/buggy_ws_beta.a/install/vox_nav_msgs/include/vox_nav_msgs/srv/detail/get_point_cloud__rosidl_typesupport_fastrtps_cpp.hpp
[54.326s] -- Installing: /home/manuel/buggy_ws_beta.a/install/vox_nav_msgs/include/vox_nav_msgs/srv/detail/get_maps_and_surfels__rosidl_typesupport_fastrtps_cpp.hpp
[54.326s] -- Up-to-date: /home/manuel/buggy_ws_beta.a/install/vox_nav_msgs/include/vox_nav_msgs/msg
[54.326s] -- Up-to-date: /home/manuel/buggy_ws_beta.a/install/vox_nav_msgs/include/vox_nav_msgs/msg/detail
[54.326s] -- Installing: /home/manuel/buggy_ws_beta.a/install/vox_nav_msgs/include/vox_nav_msgs/msg/detail/dds_fastrtps
[54.326s] -- Installing: /home/manuel/buggy_ws_beta.a/install/vox_nav_msgs/include/vox_nav_msgs/msg/detail/oriented_nav_sat_fix__rosidl_typesupport_fastrtps_cpp.hpp
[54.327s] -- Installing: /home/manuel/buggy_ws_beta.a/install/vox_nav_msgs/include/vox_nav_msgs/msg/detail/object_array__rosidl_typesupport_fastrtps_cpp.hpp
[54.327s] -- Installing: /home/manuel/buggy_ws_beta.a/install/vox_nav_msgs/include/vox_nav_msgs/msg/detail/object__rosidl_typesupport_fastrtps_cpp.hpp
[54.327s] -- Installing: /home/manuel/buggy_ws_beta.a/install/vox_nav_msgs/include/vox_nav_msgs/msg/rosidl_typesupport_fastrtps_cpp__visibility_control.h
[54.327s] -- Up-to-date: /home/manuel/buggy_ws_beta.a/install/vox_nav_msgs/include/vox_nav_msgs/action
[54.327s] -- Up-to-date: /home/manuel/buggy_ws_beta.a/install/vox_nav_msgs/include/vox_nav_msgs/action/detail
[54.327s] -- Installing: /home/manuel/buggy_ws_beta.a/install/vox_nav_msgs/include/vox_nav_msgs/action/detail/dds_fastrtps
[54.328s] -- Installing: /home/manuel/buggy_ws_beta.a/install/vox_nav_msgs/include/vox_nav_msgs/action/detail/navigate_to_pose__rosidl_typesupport_fastrtps_cpp.hpp
[54.328s] -- Installing: /home/manuel/buggy_ws_beta.a/install/vox_nav_msgs/include/vox_nav_msgs/action/detail/follow_path__rosidl_typesupport_fastrtps_cpp.hpp
[54.328s] -- Installing: /home/manuel/buggy_ws_beta.a/install/vox_nav_msgs/include/vox_nav_msgs/action/detail/compute_path_to_pose__rosidl_typesupport_fastrtps_cpp.hpp
[54.328s] -- Installing: /home/manuel/buggy_ws_beta.a/install/vox_nav_msgs/lib/libvox_nav_msgs__rosidl_typesupport_fastrtps_cpp.so
[54.328s] -- Set runtime path of "/home/manuel/buggy_ws_beta.a/install/vox_nav_msgs/lib/libvox_nav_msgs__rosidl_typesupport_fastrtps_cpp.so" to ""
[54.328s] -- Up-to-date: /home/manuel/buggy_ws_beta.a/install/vox_nav_msgs/include/vox_nav_msgs
[54.329s] -- Up-to-date: /home/manuel/buggy_ws_beta.a/install/vox_nav_msgs/include/vox_nav_msgs/srv
[54.329s] -- Up-to-date: /home/manuel/buggy_ws_beta.a/install/vox_nav_msgs/include/vox_nav_msgs/srv/detail
[54.329s] -- Installing: /home/manuel/buggy_ws_beta.a/install/vox_nav_msgs/include/vox_nav_msgs/srv/detail/get_octomap__type_support.c
[54.329s] -- Installing: /home/manuel/buggy_ws_beta.a/install/vox_nav_msgs/include/vox_nav_msgs/srv/detail/get_point_cloud__type_support.c
[54.329s] -- Installing: /home/manuel/buggy_ws_beta.a/install/vox_nav_msgs/include/vox_nav_msgs/srv/detail/get_octomap__rosidl_typesupport_introspection_c.h
[54.329s] -- Installing: /home/manuel/buggy_ws_beta.a/install/vox_nav_msgs/include/vox_nav_msgs/srv/detail/get_point_cloud__rosidl_typesupport_introspection_c.h
[54.329s] -- Installing: /home/manuel/buggy_ws_beta.a/install/vox_nav_msgs/include/vox_nav_msgs/srv/detail/get_maps_and_surfels__rosidl_typesupport_introspection_c.h
[54.330s] -- Installing: /home/manuel/buggy_ws_beta.a/install/vox_nav_msgs/include/vox_nav_msgs/srv/detail/get_maps_and_surfels__type_support.c
[54.330s] -- Up-to-date: /home/manuel/buggy_ws_beta.a/install/vox_nav_msgs/include/vox_nav_msgs/msg
[54.330s] -- Up-to-date: /home/manuel/buggy_ws_beta.a/install/vox_nav_msgs/include/vox_nav_msgs/msg/detail
[54.330s] -- Installing: /home/manuel/buggy_ws_beta.a/install/vox_nav_msgs/include/vox_nav_msgs/msg/detail/oriented_nav_sat_fix__rosidl_typesupport_introspection_c.h
[54.330s] -- Installing: /home/manuel/buggy_ws_beta.a/install/vox_nav_msgs/include/vox_nav_msgs/msg/detail/object_array__type_support.c
[54.330s] -- Installing: /home/manuel/buggy_ws_beta.a/install/vox_nav_msgs/include/vox_nav_msgs/msg/detail/object__rosidl_typesupport_introspection_c.h
[54.331s] -- Installing: /home/manuel/buggy_ws_beta.a/install/vox_nav_msgs/include/vox_nav_msgs/msg/detail/oriented_nav_sat_fix__type_support.c
[54.331s] -- Installing: /home/manuel/buggy_ws_beta.a/install/vox_nav_msgs/include/vox_nav_msgs/msg/detail/object_array__rosidl_typesupport_introspection_c.h
[54.331s] -- Installing: /home/manuel/buggy_ws_beta.a/install/vox_nav_msgs/include/vox_nav_msgs/msg/detail/object__type_support.c
[54.331s] -- Installing: /home/manuel/buggy_ws_beta.a/install/vox_nav_msgs/include/vox_nav_msgs/msg/rosidl_typesupport_introspection_c__visibility_control.h
[54.331s] -- Up-to-date: /home/manuel/buggy_ws_beta.a/install/vox_nav_msgs/include/vox_nav_msgs/action
[54.331s] -- Up-to-date: /home/manuel/buggy_ws_beta.a/install/vox_nav_msgs/include/vox_nav_msgs/action/detail
[54.331s] -- Installing: /home/manuel/buggy_ws_beta.a/install/vox_nav_msgs/include/vox_nav_msgs/action/detail/navigate_to_pose__rosidl_typesupport_introspection_c.h
[54.332s] -- Installing: /home/manuel/buggy_ws_beta.a/install/vox_nav_msgs/include/vox_nav_msgs/action/detail/compute_path_to_pose__type_support.c
[54.332s] -- Installing: /home/manuel/buggy_ws_beta.a/install/vox_nav_msgs/include/vox_nav_msgs/action/detail/follow_path__type_support.c
[54.332s] -- Installing: /home/manuel/buggy_ws_beta.a/install/vox_nav_msgs/include/vox_nav_msgs/action/detail/compute_path_to_pose__rosidl_typesupport_introspection_c.h
[54.332s] -- Installing: /home/manuel/buggy_ws_beta.a/install/vox_nav_msgs/include/vox_nav_msgs/action/detail/follow_path__rosidl_typesupport_introspection_c.h
[54.332s] -- Installing: /home/manuel/buggy_ws_beta.a/install/vox_nav_msgs/include/vox_nav_msgs/action/detail/navigate_to_pose__type_support.c
[54.332s] -- Installing: /home/manuel/buggy_ws_beta.a/install/vox_nav_msgs/lib/libvox_nav_msgs__rosidl_typesupport_introspection_c.so
[54.332s] -- Set runtime path of "/home/manuel/buggy_ws_beta.a/install/vox_nav_msgs/lib/libvox_nav_msgs__rosidl_typesupport_introspection_c.so" to ""
[54.333s] -- Installing: /home/manuel/buggy_ws_beta.a/install/vox_nav_msgs/lib/libvox_nav_msgs__rosidl_typesupport_c.so
[54.333s] -- Set runtime path of "/home/manuel/buggy_ws_beta.a/install/vox_nav_msgs/lib/libvox_nav_msgs__rosidl_typesupport_c.so" to ""
[54.333s] -- Up-to-date: /home/manuel/buggy_ws_beta.a/install/vox_nav_msgs/include/vox_nav_msgs
[54.333s] -- Up-to-date: /home/manuel/buggy_ws_beta.a/install/vox_nav_msgs/include/vox_nav_msgs/srv
[54.333s] -- Up-to-date: /home/manuel/buggy_ws_beta.a/install/vox_nav_msgs/include/vox_nav_msgs/srv/detail
[54.333s] -- Installing: /home/manuel/buggy_ws_beta.a/install/vox_nav_msgs/include/vox_nav_msgs/srv/detail/get_octomap__builder.hpp
[54.334s] -- Installing: /home/manuel/buggy_ws_beta.a/install/vox_nav_msgs/include/vox_nav_msgs/srv/detail/get_point_cloud__struct.hpp
[54.334s] -- Installing: /home/manuel/buggy_ws_beta.a/install/vox_nav_msgs/include/vox_nav_msgs/srv/detail/get_octomap__struct.hpp
[54.334s] -- Installing: /home/manuel/buggy_ws_beta.a/install/vox_nav_msgs/include/vox_nav_msgs/srv/detail/get_point_cloud__traits.hpp
[54.334s] -- Installing: /home/manuel/buggy_ws_beta.a/install/vox_nav_msgs/include/vox_nav_msgs/srv/detail/get_maps_and_surfels__struct.hpp
[54.334s] -- Installing: /home/manuel/buggy_ws_beta.a/install/vox_nav_msgs/include/vox_nav_msgs/srv/detail/get_point_cloud__builder.hpp
[54.334s] -- Installing: /home/manuel/buggy_ws_beta.a/install/vox_nav_msgs/include/vox_nav_msgs/srv/detail/get_octomap__traits.hpp
[54.334s] -- Installing: /home/manuel/buggy_ws_beta.a/install/vox_nav_msgs/include/vox_nav_msgs/srv/detail/get_maps_and_surfels__builder.hpp
[54.335s] -- Installing: /home/manuel/buggy_ws_beta.a/install/vox_nav_msgs/include/vox_nav_msgs/srv/detail/get_maps_and_surfels__traits.hpp
[54.335s] -- Installing: /home/manuel/buggy_ws_beta.a/install/vox_nav_msgs/include/vox_nav_msgs/srv/get_maps_and_surfels.hpp
[54.335s] -- Installing: /home/manuel/buggy_ws_beta.a/install/vox_nav_msgs/include/vox_nav_msgs/srv/get_point_cloud.hpp
[54.335s] -- Installing: /home/manuel/buggy_ws_beta.a/install/vox_nav_msgs/include/vox_nav_msgs/srv/get_octomap.hpp
[54.335s] -- Up-to-date: /home/manuel/buggy_ws_beta.a/install/vox_nav_msgs/include/vox_nav_msgs/msg
[54.335s] -- Up-to-date: /home/manuel/buggy_ws_beta.a/install/vox_nav_msgs/include/vox_nav_msgs/msg/detail
[54.336s] -- Installing: /home/manuel/buggy_ws_beta.a/install/vox_nav_msgs/include/vox_nav_msgs/msg/detail/object__traits.hpp
[54.336s] -- Installing: /home/manuel/buggy_ws_beta.a/install/vox_nav_msgs/include/vox_nav_msgs/msg/detail/object__struct.hpp
[54.336s] -- Installing: /home/manuel/buggy_ws_beta.a/install/vox_nav_msgs/include/vox_nav_msgs/msg/detail/oriented_nav_sat_fix__builder.hpp
[54.336s] -- Installing: /home/manuel/buggy_ws_beta.a/install/vox_nav_msgs/include/vox_nav_msgs/msg/detail/object_array__builder.hpp
[54.336s] -- Installing: /home/manuel/buggy_ws_beta.a/install/vox_nav_msgs/include/vox_nav_msgs/msg/detail/object__builder.hpp
[54.336s] -- Installing: /home/manuel/buggy_ws_beta.a/install/vox_nav_msgs/include/vox_nav_msgs/msg/detail/oriented_nav_sat_fix__struct.hpp
[54.337s] -- Installing: /home/manuel/buggy_ws_beta.a/install/vox_nav_msgs/include/vox_nav_msgs/msg/detail/oriented_nav_sat_fix__traits.hpp
[54.337s] -- Installing: /home/manuel/buggy_ws_beta.a/install/vox_nav_msgs/include/vox_nav_msgs/msg/detail/object_array__struct.hpp
[54.337s] -- Installing: /home/manuel/buggy_ws_beta.a/install/vox_nav_msgs/include/vox_nav_msgs/msg/detail/object_array__traits.hpp
[54.337s] -- Installing: /home/manuel/buggy_ws_beta.a/install/vox_nav_msgs/include/vox_nav_msgs/msg/oriented_nav_sat_fix.hpp
[54.337s] -- Installing: /home/manuel/buggy_ws_beta.a/install/vox_nav_msgs/include/vox_nav_msgs/msg/object_array.hpp
[54.337s] -- Installing: /home/manuel/buggy_ws_beta.a/install/vox_nav_msgs/include/vox_nav_msgs/msg/object.hpp
[54.337s] -- Up-to-date: /home/manuel/buggy_ws_beta.a/install/vox_nav_msgs/include/vox_nav_msgs/action
[54.338s] -- Up-to-date: /home/manuel/buggy_ws_beta.a/install/vox_nav_msgs/include/vox_nav_msgs/action/detail
[54.338s] -- Installing: /home/manuel/buggy_ws_beta.a/install/vox_nav_msgs/include/vox_nav_msgs/action/detail/navigate_to_pose__struct.hpp
[54.338s] -- Installing: /home/manuel/buggy_ws_beta.a/install/vox_nav_msgs/include/vox_nav_msgs/action/detail/navigate_to_pose__traits.hpp
[54.338s] -- Installing: /home/manuel/buggy_ws_beta.a/install/vox_nav_msgs/include/vox_nav_msgs/action/detail/compute_path_to_pose__builder.hpp
[54.338s] -- Installing: /home/manuel/buggy_ws_beta.a/install/vox_nav_msgs/include/vox_nav_msgs/action/detail/compute_path_to_pose__traits.hpp
[54.338s] -- Installing: /home/manuel/buggy_ws_beta.a/install/vox_nav_msgs/include/vox_nav_msgs/action/detail/follow_path__builder.hpp
[54.339s] -- Installing: /home/manuel/buggy_ws_beta.a/install/vox_nav_msgs/include/vox_nav_msgs/action/detail/follow_path__traits.hpp
[54.339s] -- Installing: /home/manuel/buggy_ws_beta.a/install/vox_nav_msgs/include/vox_nav_msgs/action/detail/compute_path_to_pose__struct.hpp
[54.339s] -- Installing: /home/manuel/buggy_ws_beta.a/install/vox_nav_msgs/include/vox_nav_msgs/action/detail/navigate_to_pose__builder.hpp
[54.339s] -- Installing: /home/manuel/buggy_ws_beta.a/install/vox_nav_msgs/include/vox_nav_msgs/action/detail/follow_path__struct.hpp
[54.339s] -- Installing: /home/manuel/buggy_ws_beta.a/install/vox_nav_msgs/include/vox_nav_msgs/action/follow_path.hpp
[54.340s] -- Installing: /home/manuel/buggy_ws_beta.a/install/vox_nav_msgs/include/vox_nav_msgs/action/navigate_to_pose.hpp
[54.340s] -- Installing: /home/manuel/buggy_ws_beta.a/install/vox_nav_msgs/include/vox_nav_msgs/action/compute_path_to_pose.hpp
[54.340s] -- Up-to-date: /home/manuel/buggy_ws_beta.a/install/vox_nav_msgs/include/vox_nav_msgs
[54.340s] -- Up-to-date: /home/manuel/buggy_ws_beta.a/install/vox_nav_msgs/include/vox_nav_msgs/srv
[54.340s] -- Up-to-date: /home/manuel/buggy_ws_beta.a/install/vox_nav_msgs/include/vox_nav_msgs/srv/detail
[54.340s] -- Installing: /home/manuel/buggy_ws_beta.a/install/vox_nav_msgs/include/vox_nav_msgs/srv/detail/get_maps_and_surfels__rosidl_typesupport_introspection_cpp.hpp
[54.340s] -- Installing: /home/manuel/buggy_ws_beta.a/install/vox_nav_msgs/include/vox_nav_msgs/srv/detail/get_octomap__rosidl_typesupport_introspection_cpp.hpp
[54.341s] -- Installing: /home/manuel/buggy_ws_beta.a/install/vox_nav_msgs/include/vox_nav_msgs/srv/detail/get_point_cloud__rosidl_typesupport_introspection_cpp.hpp
[54.341s] -- Installing: /home/manuel/buggy_ws_beta.a/install/vox_nav_msgs/include/vox_nav_msgs/srv/detail/get_maps_and_surfels__type_support.cpp
[54.341s] -- Installing: /home/manuel/buggy_ws_beta.a/install/vox_nav_msgs/include/vox_nav_msgs/srv/detail/get_octomap__type_support.cpp
[54.341s] -- Installing: /home/manuel/buggy_ws_beta.a/install/vox_nav_msgs/include/vox_nav_msgs/srv/detail/get_point_cloud__type_support.cpp
[54.341s] -- Up-to-date: /home/manuel/buggy_ws_beta.a/install/vox_nav_msgs/include/vox_nav_msgs/msg
[54.341s] -- Up-to-date: /home/manuel/buggy_ws_beta.a/install/vox_nav_msgs/include/vox_nav_msgs/msg/detail
[54.342s] -- Installing: /home/manuel/buggy_ws_beta.a/install/vox_nav_msgs/include/vox_nav_msgs/msg/detail/object__type_support.cpp
[54.342s] -- Installing: /home/manuel/buggy_ws_beta.a/install/vox_nav_msgs/include/vox_nav_msgs/msg/detail/object__rosidl_typesupport_introspection_cpp.hpp
[54.342s] -- Installing: /home/manuel/buggy_ws_beta.a/install/vox_nav_msgs/include/vox_nav_msgs/msg/detail/object_array__type_support.cpp
[54.342s] -- Installing: /home/manuel/buggy_ws_beta.a/install/vox_nav_msgs/include/vox_nav_msgs/msg/detail/oriented_nav_sat_fix__rosidl_typesupport_introspection_cpp.hpp
[54.342s] -- Installing: /home/manuel/buggy_ws_beta.a/install/vox_nav_msgs/include/vox_nav_msgs/msg/detail/object_array__rosidl_typesupport_introspection_cpp.hpp
[54.342s] -- Installing: /home/manuel/buggy_ws_beta.a/install/vox_nav_msgs/include/vox_nav_msgs/msg/detail/oriented_nav_sat_fix__type_support.cpp
[54.342s] -- Up-to-date: /home/manuel/buggy_ws_beta.a/install/vox_nav_msgs/include/vox_nav_msgs/action
[54.343s] -- Up-to-date: /home/manuel/buggy_ws_beta.a/install/vox_nav_msgs/include/vox_nav_msgs/action/detail
[54.343s] -- Installing: /home/manuel/buggy_ws_beta.a/install/vox_nav_msgs/include/vox_nav_msgs/action/detail/follow_path__rosidl_typesupport_introspection_cpp.hpp
[54.343s] -- Installing: /home/manuel/buggy_ws_beta.a/install/vox_nav_msgs/include/vox_nav_msgs/action/detail/navigate_to_pose__type_support.cpp
[54.343s] -- Installing: /home/manuel/buggy_ws_beta.a/install/vox_nav_msgs/include/vox_nav_msgs/action/detail/navigate_to_pose__rosidl_typesupport_introspection_cpp.hpp
[54.343s] -- Installing: /home/manuel/buggy_ws_beta.a/install/vox_nav_msgs/include/vox_nav_msgs/action/detail/follow_path__type_support.cpp
[54.343s] -- Installing: /home/manuel/buggy_ws_beta.a/install/vox_nav_msgs/include/vox_nav_msgs/action/detail/compute_path_to_pose__type_support.cpp
[54.344s] -- Installing: /home/manuel/buggy_ws_beta.a/install/vox_nav_msgs/include/vox_nav_msgs/action/detail/compute_path_to_pose__rosidl_typesupport_introspection_cpp.hpp
[54.344s] -- Installing: /home/manuel/buggy_ws_beta.a/install/vox_nav_msgs/lib/libvox_nav_msgs__rosidl_typesupport_introspection_cpp.so
[54.344s] -- Set runtime path of "/home/manuel/buggy_ws_beta.a/install/vox_nav_msgs/lib/libvox_nav_msgs__rosidl_typesupport_introspection_cpp.so" to ""
[54.344s] -- Installing: /home/manuel/buggy_ws_beta.a/install/vox_nav_msgs/lib/libvox_nav_msgs__rosidl_typesupport_cpp.so
[54.344s] -- Set runtime path of "/home/manuel/buggy_ws_beta.a/install/vox_nav_msgs/lib/libvox_nav_msgs__rosidl_typesupport_cpp.so" to ""
[54.344s] -- Installing: /home/manuel/buggy_ws_beta.a/install/vox_nav_msgs/share/vox_nav_msgs/environment/pythonpath.sh
[54.345s] -- Installing: /home/manuel/buggy_ws_beta.a/install/vox_nav_msgs/share/vox_nav_msgs/environment/pythonpath.dsv
[54.345s] -- Installing: /home/manuel/buggy_ws_beta.a/install/vox_nav_msgs/lib/python3.8/site-packages/vox_nav_msgs/__init__.py
[54.366s] Compiling '/home/manuel/buggy_ws_beta.a/install/vox_nav_msgs/lib/python3.8/site-packages/vox_nav_msgs/__init__.py'...
[54.371s] -- Installing: /home/manuel/buggy_ws_beta.a/install/vox_nav_msgs/lib/python3.8/site-packages/vox_nav_msgs/msg
[54.372s] -- Installing: /home/manuel/buggy_ws_beta.a/install/vox_nav_msgs/lib/python3.8/site-packages/vox_nav_msgs/msg/_object_array_s.c
[54.372s] -- Installing: /home/manuel/buggy_ws_beta.a/install/vox_nav_msgs/lib/python3.8/site-packages/vox_nav_msgs/msg/_object_s.c
[54.372s] -- Installing: /home/manuel/buggy_ws_beta.a/install/vox_nav_msgs/lib/python3.8/site-packages/vox_nav_msgs/msg/_oriented_nav_sat_fix_s.c
[54.372s] -- Installing: /home/manuel/buggy_ws_beta.a/install/vox_nav_msgs/lib/python3.8/site-packages/vox_nav_msgs/msg/_object_array.py
[54.372s] -- Installing: /home/manuel/buggy_ws_beta.a/install/vox_nav_msgs/lib/python3.8/site-packages/vox_nav_msgs/msg/_object.py
[54.373s] -- Installing: /home/manuel/buggy_ws_beta.a/install/vox_nav_msgs/lib/python3.8/site-packages/vox_nav_msgs/msg/_oriented_nav_sat_fix.py
[54.373s] -- Installing: /home/manuel/buggy_ws_beta.a/install/vox_nav_msgs/lib/python3.8/site-packages/vox_nav_msgs/msg/__init__.py
[54.373s] -- Installing: /home/manuel/buggy_ws_beta.a/install/vox_nav_msgs/lib/python3.8/site-packages/vox_nav_msgs/srv
[54.373s] -- Installing: /home/manuel/buggy_ws_beta.a/install/vox_nav_msgs/lib/python3.8/site-packages/vox_nav_msgs/srv/_get_octomap_s.c
[54.373s] -- Installing: /home/manuel/buggy_ws_beta.a/install/vox_nav_msgs/lib/python3.8/site-packages/vox_nav_msgs/srv/_get_point_cloud.py
[54.373s] -- Installing: /home/manuel/buggy_ws_beta.a/install/vox_nav_msgs/lib/python3.8/site-packages/vox_nav_msgs/srv/_get_maps_and_surfels_s.c
[54.374s] -- Installing: /home/manuel/buggy_ws_beta.a/install/vox_nav_msgs/lib/python3.8/site-packages/vox_nav_msgs/srv/_get_maps_and_surfels.py
[54.374s] -- Installing: /home/manuel/buggy_ws_beta.a/install/vox_nav_msgs/lib/python3.8/site-packages/vox_nav_msgs/srv/_get_octomap.py
[54.374s] -- Installing: /home/manuel/buggy_ws_beta.a/install/vox_nav_msgs/lib/python3.8/site-packages/vox_nav_msgs/srv/__init__.py
[54.374s] -- Installing: /home/manuel/buggy_ws_beta.a/install/vox_nav_msgs/lib/python3.8/site-packages/vox_nav_msgs/srv/_get_point_cloud_s.c
[54.374s] -- Installing: /home/manuel/buggy_ws_beta.a/install/vox_nav_msgs/lib/python3.8/site-packages/vox_nav_msgs/action
[54.375s] -- Installing: /home/manuel/buggy_ws_beta.a/install/vox_nav_msgs/lib/python3.8/site-packages/vox_nav_msgs/action/_compute_path_to_pose.py
[54.375s] -- Installing: /home/manuel/buggy_ws_beta.a/install/vox_nav_msgs/lib/python3.8/site-packages/vox_nav_msgs/action/_follow_path_s.c
[54.375s] -- Installing: /home/manuel/buggy_ws_beta.a/install/vox_nav_msgs/lib/python3.8/site-packages/vox_nav_msgs/action/_navigate_to_pose.py
[54.375s] -- Installing: /home/manuel/buggy_ws_beta.a/install/vox_nav_msgs/lib/python3.8/site-packages/vox_nav_msgs/action/_follow_path.py
[54.375s] -- Installing: /home/manuel/buggy_ws_beta.a/install/vox_nav_msgs/lib/python3.8/site-packages/vox_nav_msgs/action/_navigate_to_pose_s.c
[54.375s] -- Installing: /home/manuel/buggy_ws_beta.a/install/vox_nav_msgs/lib/python3.8/site-packages/vox_nav_msgs/action/_compute_path_to_pose_s.c
[54.375s] -- Installing: /home/manuel/buggy_ws_beta.a/install/vox_nav_msgs/lib/python3.8/site-packages/vox_nav_msgs/action/__init__.py
[54.376s] -- Installing: /home/manuel/buggy_ws_beta.a/install/vox_nav_msgs/lib/python3.8/site-packages/vox_nav_msgs/vox_nav_msgs_s__rosidl_typesupport_fastrtps_c.cpython-38-x86_64-linux-gnu.so
[54.376s] -- Set runtime path of "/home/manuel/buggy_ws_beta.a/install/vox_nav_msgs/lib/python3.8/site-packages/vox_nav_msgs/vox_nav_msgs_s__rosidl_typesupport_fastrtps_c.cpython-38-x86_64-linux-gnu.so" to ""
[54.376s] -- Installing: /home/manuel/buggy_ws_beta.a/install/vox_nav_msgs/lib/python3.8/site-packages/vox_nav_msgs/vox_nav_msgs_s__rosidl_typesupport_introspection_c.cpython-38-x86_64-linux-gnu.so
[54.377s] -- Set runtime path of "/home/manuel/buggy_ws_beta.a/install/vox_nav_msgs/lib/python3.8/site-packages/vox_nav_msgs/vox_nav_msgs_s__rosidl_typesupport_introspection_c.cpython-38-x86_64-linux-gnu.so" to ""
[54.378s] -- Installing: /home/manuel/buggy_ws_beta.a/install/vox_nav_msgs/lib/python3.8/site-packages/vox_nav_msgs/vox_nav_msgs_s__rosidl_typesupport_c.cpython-38-x86_64-linux-gnu.so
[54.378s] -- Set runtime path of "/home/manuel/buggy_ws_beta.a/install/vox_nav_msgs/lib/python3.8/site-packages/vox_nav_msgs/vox_nav_msgs_s__rosidl_typesupport_c.cpython-38-x86_64-linux-gnu.so" to ""
[54.379s] -- Installing: /home/manuel/buggy_ws_beta.a/install/vox_nav_msgs/lib/libvox_nav_msgs__python.so
[54.379s] -- Set runtime path of "/home/manuel/buggy_ws_beta.a/install/vox_nav_msgs/lib/libvox_nav_msgs__python.so" to ""
[54.380s] -- Installing: /home/manuel/buggy_ws_beta.a/install/vox_nav_msgs/share/vox_nav_msgs/msg/Object.idl
[54.380s] -- Installing: /home/manuel/buggy_ws_beta.a/install/vox_nav_msgs/share/vox_nav_msgs/msg/ObjectArray.idl
[54.380s] -- Installing: /home/manuel/buggy_ws_beta.a/install/vox_nav_msgs/share/vox_nav_msgs/msg/OrientedNavSatFix.idl
[54.380s] -- Installing: /home/manuel/buggy_ws_beta.a/install/vox_nav_msgs/share/vox_nav_msgs/srv/GetOctomap.idl
[54.381s] -- Installing: /home/manuel/buggy_ws_beta.a/install/vox_nav_msgs/share/vox_nav_msgs/srv/GetPointCloud.idl
[54.381s] -- Installing: /home/manuel/buggy_ws_beta.a/install/vox_nav_msgs/share/vox_nav_msgs/srv/GetMapsAndSurfels.idl
[54.381s] -- Installing: /home/manuel/buggy_ws_beta.a/install/vox_nav_msgs/share/vox_nav_msgs/action/ComputePathToPose.idl
[54.381s] -- Installing: /home/manuel/buggy_ws_beta.a/install/vox_nav_msgs/share/vox_nav_msgs/action/FollowPath.idl
[54.382s] -- Installing: /home/manuel/buggy_ws_beta.a/install/vox_nav_msgs/share/vox_nav_msgs/action/NavigateToPose.idl
[54.382s] -- Installing: /home/manuel/buggy_ws_beta.a/install/vox_nav_msgs/share/vox_nav_msgs/msg/Object.msg
[54.382s] -- Installing: /home/manuel/buggy_ws_beta.a/install/vox_nav_msgs/share/vox_nav_msgs/msg/ObjectArray.msg
[54.382s] -- Installing: /home/manuel/buggy_ws_beta.a/install/vox_nav_msgs/share/vox_nav_msgs/msg/OrientedNavSatFix.msg
[54.383s] -- Installing: /home/manuel/buggy_ws_beta.a/install/vox_nav_msgs/share/vox_nav_msgs/srv/GetOctomap.srv
[54.383s] -- Installing: /home/manuel/buggy_ws_beta.a/install/vox_nav_msgs/share/vox_nav_msgs/srv/GetOctomap_Request.msg
[54.383s] -- Installing: /home/manuel/buggy_ws_beta.a/install/vox_nav_msgs/share/vox_nav_msgs/srv/GetOctomap_Response.msg
[54.383s] -- Installing: /home/manuel/buggy_ws_beta.a/install/vox_nav_msgs/share/vox_nav_msgs/srv/GetPointCloud.srv
[54.384s] -- Installing: /home/manuel/buggy_ws_beta.a/install/vox_nav_msgs/share/vox_nav_msgs/srv/GetPointCloud_Request.msg
[54.384s] -- Installing: /home/manuel/buggy_ws_beta.a/install/vox_nav_msgs/share/vox_nav_msgs/srv/GetPointCloud_Response.msg
[54.384s] -- Installing: /home/manuel/buggy_ws_beta.a/install/vox_nav_msgs/share/vox_nav_msgs/srv/GetMapsAndSurfels.srv
[54.384s] -- Installing: /home/manuel/buggy_ws_beta.a/install/vox_nav_msgs/share/vox_nav_msgs/srv/GetMapsAndSurfels_Request.msg
[54.385s] -- Installing: /home/manuel/buggy_ws_beta.a/install/vox_nav_msgs/share/vox_nav_msgs/srv/GetMapsAndSurfels_Response.msg
[54.385s] -- Installing: /home/manuel/buggy_ws_beta.a/install/vox_nav_msgs/share/vox_nav_msgs/action/ComputePathToPose.action
[54.385s] -- Installing: /home/manuel/buggy_ws_beta.a/install/vox_nav_msgs/share/vox_nav_msgs/action/FollowPath.action
[54.385s] -- Installing: /home/manuel/buggy_ws_beta.a/install/vox_nav_msgs/share/vox_nav_msgs/action/NavigateToPose.action
[54.385s] -- Installing: /home/manuel/buggy_ws_beta.a/install/vox_nav_msgs/share/ament_index/resource_index/package_run_dependencies/vox_nav_msgs
[54.386s] -- Installing: /home/manuel/buggy_ws_beta.a/install/vox_nav_msgs/share/ament_index/resource_index/parent_prefix_path/vox_nav_msgs
[54.386s] -- Installing: /home/manuel/buggy_ws_beta.a/install/vox_nav_msgs/share/vox_nav_msgs/environment/ament_prefix_path.sh
[54.386s] -- Installing: /home/manuel/buggy_ws_beta.a/install/vox_nav_msgs/share/vox_nav_msgs/environment/ament_prefix_path.dsv
[54.387s] -- Installing: /home/manuel/buggy_ws_beta.a/install/vox_nav_msgs/share/vox_nav_msgs/environment/path.sh
[54.387s] -- Installing: /home/manuel/buggy_ws_beta.a/install/vox_nav_msgs/share/vox_nav_msgs/environment/path.dsv
[54.387s] -- Installing: /home/manuel/buggy_ws_beta.a/install/vox_nav_msgs/share/vox_nav_msgs/local_setup.bash
[54.387s] -- Installing: /home/manuel/buggy_ws_beta.a/install/vox_nav_msgs/share/vox_nav_msgs/local_setup.sh
[54.388s] -- Installing: /home/manuel/buggy_ws_beta.a/install/vox_nav_msgs/share/vox_nav_msgs/local_setup.zsh
[54.388s] -- Installing: /home/manuel/buggy_ws_beta.a/install/vox_nav_msgs/share/vox_nav_msgs/local_setup.dsv
[54.388s] -- Installing: /home/manuel/buggy_ws_beta.a/install/vox_nav_msgs/share/vox_nav_msgs/package.dsv
[54.388s] -- Installing: /home/manuel/buggy_ws_beta.a/install/vox_nav_msgs/share/ament_index/resource_index/packages/vox_nav_msgs
[54.389s] -- Installing: /home/manuel/buggy_ws_beta.a/install/vox_nav_msgs/share/vox_nav_msgs/cmake/vox_nav_msgs__rosidl_generator_cExport.cmake
[54.389s] -- Installing: /home/manuel/buggy_ws_beta.a/install/vox_nav_msgs/share/vox_nav_msgs/cmake/vox_nav_msgs__rosidl_generator_cExport-noconfig.cmake
[54.389s] -- Installing: /home/manuel/buggy_ws_beta.a/install/vox_nav_msgs/share/vox_nav_msgs/cmake/vox_nav_msgs__rosidl_typesupport_introspection_cExport.cmake
[54.390s] -- Installing: /home/manuel/buggy_ws_beta.a/install/vox_nav_msgs/share/vox_nav_msgs/cmake/vox_nav_msgs__rosidl_typesupport_introspection_cExport-noconfig.cmake
[54.390s] -- Installing: /home/manuel/buggy_ws_beta.a/install/vox_nav_msgs/share/vox_nav_msgs/cmake/vox_nav_msgs__rosidl_typesupport_cExport.cmake
[54.390s] -- Installing: /home/manuel/buggy_ws_beta.a/install/vox_nav_msgs/share/vox_nav_msgs/cmake/vox_nav_msgs__rosidl_typesupport_cExport-noconfig.cmake
[54.390s] -- Installing: /home/manuel/buggy_ws_beta.a/install/vox_nav_msgs/share/vox_nav_msgs/cmake/vox_nav_msgs__rosidl_generator_cppExport.cmake
[54.391s] -- Installing: /home/manuel/buggy_ws_beta.a/install/vox_nav_msgs/share/vox_nav_msgs/cmake/vox_nav_msgs__rosidl_typesupport_introspection_cppExport.cmake
[54.391s] -- Installing: /home/manuel/buggy_ws_beta.a/install/vox_nav_msgs/share/vox_nav_msgs/cmake/vox_nav_msgs__rosidl_typesupport_introspection_cppExport-noconfig.cmake
[54.391s] -- Installing: /home/manuel/buggy_ws_beta.a/install/vox_nav_msgs/share/vox_nav_msgs/cmake/vox_nav_msgs__rosidl_typesupport_cppExport.cmake
[54.392s] -- Installing: /home/manuel/buggy_ws_beta.a/install/vox_nav_msgs/share/vox_nav_msgs/cmake/vox_nav_msgs__rosidl_typesupport_cppExport-noconfig.cmake
[54.392s] -- Installing: /home/manuel/buggy_ws_beta.a/install/vox_nav_msgs/share/vox_nav_msgs/cmake/rosidl_cmake-extras.cmake
[54.392s] -- Installing: /home/manuel/buggy_ws_beta.a/install/vox_nav_msgs/share/vox_nav_msgs/cmake/ament_cmake_export_dependencies-extras.cmake
[54.392s] -- Installing: /home/manuel/buggy_ws_beta.a/install/vox_nav_msgs/share/vox_nav_msgs/cmake/ament_cmake_export_libraries-extras.cmake
[54.393s] -- Installing: /home/manuel/buggy_ws_beta.a/install/vox_nav_msgs/share/vox_nav_msgs/cmake/ament_cmake_export_targets-extras.cmake
[54.393s] -- Installing: /home/manuel/buggy_ws_beta.a/install/vox_nav_msgs/share/vox_nav_msgs/cmake/ament_cmake_export_include_directories-extras.cmake
[54.393s] -- Installing: /home/manuel/buggy_ws_beta.a/install/vox_nav_msgs/share/vox_nav_msgs/cmake/rosidl_cmake_export_typesupport_libraries-extras.cmake
[54.393s] -- Installing: /home/manuel/buggy_ws_beta.a/install/vox_nav_msgs/share/vox_nav_msgs/cmake/rosidl_cmake_export_typesupport_targets-extras.cmake
[54.394s] -- Installing: /home/manuel/buggy_ws_beta.a/install/vox_nav_msgs/share/vox_nav_msgs/cmake/vox_nav_msgsConfig.cmake
[54.394s] -- Installing: /home/manuel/buggy_ws_beta.a/install/vox_nav_msgs/share/vox_nav_msgs/cmake/vox_nav_msgsConfig-version.cmake
[54.394s] -- Installing: /home/manuel/buggy_ws_beta.a/install/vox_nav_msgs/share/vox_nav_msgs/package.xml
[54.407s] Invoked command in '/home/manuel/buggy_ws_beta.a/build/vox_nav_msgs' returned '0': CMAKE_PREFIX_PATH=${CMAKE_PREFIX_PATH}:/home/manuel/buggy_space/install/joint_state_publisher_gui:/home/manuel/buggy_space/install/joint_state_publisher:/home/manuel/buggy_space/install/ackermann_odometry:/home/manuel/buggy_space/install/ackermann_controller:/opt/ros/foxy /usr/bin/cmake --install /home/manuel/buggy_ws_beta.a/build/vox_nav_msgs
