[0.127s] Invoking command in '/home/manuel/buggy_ws_beta.a/build/can_msgs': CMAKE_PREFIX_PATH=${CMAKE_PREFIX_PATH}:/home/manuel/buggy_ws_beta.a/install/joint_state_publisher_gui:/home/manuel/buggy_ws_beta.a/install/joint_state_publisher:/home/manuel/buggy_ws_beta.a/install/ackermann_odometry:/home/manuel/buggy_ws_beta.a/install/ackermann_controller:/home/manuel/buggy_space/install/joint_state_publisher_gui:/home/manuel/buggy_space/install/joint_state_publisher:/home/manuel/buggy_space/install/ackermann_odometry:/home/manuel/buggy_space/install/ackermann_controller:/opt/ros/foxy /usr/bin/cmake --build /home/manuel/buggy_ws_beta.a/build/can_msgs -- -j16 -l16
[0.589s] [  3%] Built target can_msgs__cpp
[0.589s] [ 12%] Built target can_msgs__rosidl_generator_c
[0.589s] [ 22%] Built target can_msgs__rosidl_typesupport_fastrtps_cpp
[0.589s] [ 32%] Built target can_msgs__rosidl_typesupport_cpp
[0.589s] [ 41%] Built target can_msgs__rosidl_typesupport_c
[0.589s] [ 51%] Built target can_msgs__rosidl_typesupport_introspection_cpp
[0.589s] [ 61%] Built target can_msgs__rosidl_typesupport_introspection_c
[0.589s] [ 70%] Built target can_msgs__rosidl_typesupport_fastrtps_c
[0.589s] [ 70%] Built target can_msgs
[0.589s] [ 74%] Built target can_msgs__py
[0.590s] [ 80%] Built target can_msgs__python
[0.590s] [ 87%] Built target can_msgs__rosidl_typesupport_c__pyext
[0.590s] [ 93%] Built target can_msgs__rosidl_typesupport_fastrtps_c__pyext
[0.590s] [100%] Built target can_msgs__rosidl_typesupport_introspection_c__pyext
[0.605s] Invoked command in '/home/manuel/buggy_ws_beta.a/build/can_msgs' returned '0': CMAKE_PREFIX_PATH=${CMAKE_PREFIX_PATH}:/home/manuel/buggy_ws_beta.a/install/joint_state_publisher_gui:/home/manuel/buggy_ws_beta.a/install/joint_state_publisher:/home/manuel/buggy_ws_beta.a/install/ackermann_odometry:/home/manuel/buggy_ws_beta.a/install/ackermann_controller:/home/manuel/buggy_space/install/joint_state_publisher_gui:/home/manuel/buggy_space/install/joint_state_publisher:/home/manuel/buggy_space/install/ackermann_odometry:/home/manuel/buggy_space/install/ackermann_controller:/opt/ros/foxy /usr/bin/cmake --build /home/manuel/buggy_ws_beta.a/build/can_msgs -- -j16 -l16
[0.863s] Invoking command in '/home/manuel/buggy_ws_beta.a/build/can_msgs': CMAKE_PREFIX_PATH=${CMAKE_PREFIX_PATH}:/home/manuel/buggy_ws_beta.a/install/joint_state_publisher_gui:/home/manuel/buggy_ws_beta.a/install/joint_state_publisher:/home/manuel/buggy_ws_beta.a/install/ackermann_odometry:/home/manuel/buggy_ws_beta.a/install/ackermann_controller:/home/manuel/buggy_space/install/joint_state_publisher_gui:/home/manuel/buggy_space/install/joint_state_publisher:/home/manuel/buggy_space/install/ackermann_odometry:/home/manuel/buggy_space/install/ackermann_controller:/opt/ros/foxy /usr/bin/cmake --install /home/manuel/buggy_ws_beta.a/build/can_msgs
[0.880s] -- Install configuration: ""
[0.880s] -- Up-to-date: /home/manuel/buggy_ws_beta.a/install/can_msgs/share/ament_index/resource_index/rosidl_interfaces/can_msgs
[0.881s] -- Up-to-date: /home/manuel/buggy_ws_beta.a/install/can_msgs/include/can_msgs
[0.881s] -- Up-to-date: /home/manuel/buggy_ws_beta.a/install/can_msgs/include/can_msgs/msg
[0.881s] -- Up-to-date: /home/manuel/buggy_ws_beta.a/install/can_msgs/include/can_msgs/msg/detail
[0.881s] -- Up-to-date: /home/manuel/buggy_ws_beta.a/install/can_msgs/include/can_msgs/msg/detail/frame__functions.c
[0.881s] -- Up-to-date: /home/manuel/buggy_ws_beta.a/install/can_msgs/include/can_msgs/msg/detail/frame__struct.h
[0.881s] -- Up-to-date: /home/manuel/buggy_ws_beta.a/install/can_msgs/include/can_msgs/msg/detail/frame__functions.h
[0.881s] -- Up-to-date: /home/manuel/buggy_ws_beta.a/install/can_msgs/include/can_msgs/msg/detail/frame__type_support.h
[0.881s] -- Up-to-date: /home/manuel/buggy_ws_beta.a/install/can_msgs/include/can_msgs/msg/rosidl_generator_c__visibility_control.h
[0.881s] -- Up-to-date: /home/manuel/buggy_ws_beta.a/install/can_msgs/include/can_msgs/msg/frame.h
[0.881s] -- Up-to-date: /home/manuel/buggy_ws_beta.a/install/can_msgs/share/can_msgs/environment/library_path.sh
[0.882s] -- Up-to-date: /home/manuel/buggy_ws_beta.a/install/can_msgs/share/can_msgs/environment/library_path.dsv
[0.882s] -- Up-to-date: /home/manuel/buggy_ws_beta.a/install/can_msgs/lib/libcan_msgs__rosidl_generator_c.so
[0.882s] -- Up-to-date: /home/manuel/buggy_ws_beta.a/install/can_msgs/include/can_msgs
[0.882s] -- Up-to-date: /home/manuel/buggy_ws_beta.a/install/can_msgs/include/can_msgs/msg
[0.882s] -- Up-to-date: /home/manuel/buggy_ws_beta.a/install/can_msgs/include/can_msgs/msg/detail
[0.882s] -- Up-to-date: /home/manuel/buggy_ws_beta.a/install/can_msgs/include/can_msgs/msg/detail/frame__rosidl_typesupport_fastrtps_c.h
[0.882s] -- Up-to-date: /home/manuel/buggy_ws_beta.a/install/can_msgs/include/can_msgs/msg/rosidl_typesupport_fastrtps_c__visibility_control.h
[0.882s] -- Up-to-date: /home/manuel/buggy_ws_beta.a/install/can_msgs/lib/libcan_msgs__rosidl_typesupport_fastrtps_c.so
[0.883s] -- Up-to-date: /home/manuel/buggy_ws_beta.a/install/can_msgs/include/can_msgs
[0.883s] -- Up-to-date: /home/manuel/buggy_ws_beta.a/install/can_msgs/include/can_msgs/msg
[0.883s] -- Up-to-date: /home/manuel/buggy_ws_beta.a/install/can_msgs/include/can_msgs/msg/detail
[0.883s] -- Up-to-date: /home/manuel/buggy_ws_beta.a/install/can_msgs/include/can_msgs/msg/detail/dds_fastrtps
[0.883s] -- Up-to-date: /home/manuel/buggy_ws_beta.a/install/can_msgs/include/can_msgs/msg/detail/frame__rosidl_typesupport_fastrtps_cpp.hpp
[0.883s] -- Up-to-date: /home/manuel/buggy_ws_beta.a/install/can_msgs/include/can_msgs/msg/rosidl_typesupport_fastrtps_cpp__visibility_control.h
[0.883s] -- Up-to-date: /home/manuel/buggy_ws_beta.a/install/can_msgs/lib/libcan_msgs__rosidl_typesupport_fastrtps_cpp.so
[0.883s] -- Up-to-date: /home/manuel/buggy_ws_beta.a/install/can_msgs/include/can_msgs
[0.883s] -- Up-to-date: /home/manuel/buggy_ws_beta.a/install/can_msgs/include/can_msgs/msg
[0.883s] -- Up-to-date: /home/manuel/buggy_ws_beta.a/install/can_msgs/include/can_msgs/msg/detail
[0.883s] -- Up-to-date: /home/manuel/buggy_ws_beta.a/install/can_msgs/include/can_msgs/msg/detail/frame__rosidl_typesupport_introspection_c.h
[0.884s] -- Up-to-date: /home/manuel/buggy_ws_beta.a/install/can_msgs/include/can_msgs/msg/detail/frame__type_support.c
[0.884s] -- Up-to-date: /home/manuel/buggy_ws_beta.a/install/can_msgs/include/can_msgs/msg/rosidl_typesupport_introspection_c__visibility_control.h
[0.884s] -- Up-to-date: /home/manuel/buggy_ws_beta.a/install/can_msgs/lib/libcan_msgs__rosidl_typesupport_introspection_c.so
[0.884s] -- Up-to-date: /home/manuel/buggy_ws_beta.a/install/can_msgs/lib/libcan_msgs__rosidl_typesupport_c.so
[0.884s] -- Up-to-date: /home/manuel/buggy_ws_beta.a/install/can_msgs/include/can_msgs
[0.884s] -- Up-to-date: /home/manuel/buggy_ws_beta.a/install/can_msgs/include/can_msgs/msg
[0.884s] -- Up-to-date: /home/manuel/buggy_ws_beta.a/install/can_msgs/include/can_msgs/msg/detail
[0.884s] -- Up-to-date: /home/manuel/buggy_ws_beta.a/install/can_msgs/include/can_msgs/msg/detail/frame__traits.hpp
[0.885s] -- Up-to-date: /home/manuel/buggy_ws_beta.a/install/can_msgs/include/can_msgs/msg/detail/frame__builder.hpp
[0.885s] -- Up-to-date: /home/manuel/buggy_ws_beta.a/install/can_msgs/include/can_msgs/msg/detail/frame__struct.hpp
[0.885s] -- Up-to-date: /home/manuel/buggy_ws_beta.a/install/can_msgs/include/can_msgs/msg/frame.hpp
[0.885s] -- Up-to-date: /home/manuel/buggy_ws_beta.a/install/can_msgs/include/can_msgs
[0.886s] -- Up-to-date: /home/manuel/buggy_ws_beta.a/install/can_msgs/include/can_msgs/msg
[0.886s] -- Up-to-date: /home/manuel/buggy_ws_beta.a/install/can_msgs/include/can_msgs/msg/detail
[0.886s] -- Up-to-date: /home/manuel/buggy_ws_beta.a/install/can_msgs/include/can_msgs/msg/detail/frame__rosidl_typesupport_introspection_cpp.hpp
[0.886s] -- Up-to-date: /home/manuel/buggy_ws_beta.a/install/can_msgs/include/can_msgs/msg/detail/frame__type_support.cpp
[0.886s] -- Up-to-date: /home/manuel/buggy_ws_beta.a/install/can_msgs/lib/libcan_msgs__rosidl_typesupport_introspection_cpp.so
[0.886s] -- Up-to-date: /home/manuel/buggy_ws_beta.a/install/can_msgs/lib/libcan_msgs__rosidl_typesupport_cpp.so
[0.886s] -- Up-to-date: /home/manuel/buggy_ws_beta.a/install/can_msgs/share/can_msgs/environment/pythonpath.sh
[0.886s] -- Up-to-date: /home/manuel/buggy_ws_beta.a/install/can_msgs/share/can_msgs/environment/pythonpath.dsv
[0.887s] -- Up-to-date: /home/manuel/buggy_ws_beta.a/install/can_msgs/lib/python3.8/site-packages/can_msgs/__init__.py
[0.938s] -- Up-to-date: /home/manuel/buggy_ws_beta.a/install/can_msgs/lib/python3.8/site-packages/can_msgs/msg
[0.938s] -- Up-to-date: /home/manuel/buggy_ws_beta.a/install/can_msgs/lib/python3.8/site-packages/can_msgs/msg/_frame.py
[0.938s] -- Up-to-date: /home/manuel/buggy_ws_beta.a/install/can_msgs/lib/python3.8/site-packages/can_msgs/msg/_frame_s.c
[0.938s] -- Up-to-date: /home/manuel/buggy_ws_beta.a/install/can_msgs/lib/python3.8/site-packages/can_msgs/msg/__init__.py
[0.939s] -- Up-to-date: /home/manuel/buggy_ws_beta.a/install/can_msgs/lib/python3.8/site-packages/can_msgs/can_msgs_s__rosidl_typesupport_fastrtps_c.cpython-38-x86_64-linux-gnu.so
[0.939s] -- Up-to-date: /home/manuel/buggy_ws_beta.a/install/can_msgs/lib/python3.8/site-packages/can_msgs/can_msgs_s__rosidl_typesupport_introspection_c.cpython-38-x86_64-linux-gnu.so
[0.939s] -- Up-to-date: /home/manuel/buggy_ws_beta.a/install/can_msgs/lib/python3.8/site-packages/can_msgs/can_msgs_s__rosidl_typesupport_c.cpython-38-x86_64-linux-gnu.so
[0.939s] -- Up-to-date: /home/manuel/buggy_ws_beta.a/install/can_msgs/lib/libcan_msgs__python.so
[0.940s] -- Up-to-date: /home/manuel/buggy_ws_beta.a/install/can_msgs/share/can_msgs/msg/Frame.idl
[0.940s] -- Up-to-date: /home/manuel/buggy_ws_beta.a/install/can_msgs/share/can_msgs/msg/Frame.msg
[0.940s] -- Up-to-date: /home/manuel/buggy_ws_beta.a/install/can_msgs/share/ament_index/resource_index/package_run_dependencies/can_msgs
[0.940s] -- Up-to-date: /home/manuel/buggy_ws_beta.a/install/can_msgs/share/ament_index/resource_index/parent_prefix_path/can_msgs
[0.940s] -- Up-to-date: /home/manuel/buggy_ws_beta.a/install/can_msgs/share/can_msgs/environment/ament_prefix_path.sh
[0.940s] -- Up-to-date: /home/manuel/buggy_ws_beta.a/install/can_msgs/share/can_msgs/environment/ament_prefix_path.dsv
[0.940s] -- Up-to-date: /home/manuel/buggy_ws_beta.a/install/can_msgs/share/can_msgs/environment/path.sh
[0.940s] -- Up-to-date: /home/manuel/buggy_ws_beta.a/install/can_msgs/share/can_msgs/environment/path.dsv
[0.940s] -- Up-to-date: /home/manuel/buggy_ws_beta.a/install/can_msgs/share/can_msgs/local_setup.bash
[0.941s] -- Up-to-date: /home/manuel/buggy_ws_beta.a/install/can_msgs/share/can_msgs/local_setup.sh
[0.941s] -- Up-to-date: /home/manuel/buggy_ws_beta.a/install/can_msgs/share/can_msgs/local_setup.zsh
[0.941s] -- Up-to-date: /home/manuel/buggy_ws_beta.a/install/can_msgs/share/can_msgs/local_setup.dsv
[0.941s] -- Installing: /home/manuel/buggy_ws_beta.a/install/can_msgs/share/can_msgs/package.dsv
[0.941s] -- Up-to-date: /home/manuel/buggy_ws_beta.a/install/can_msgs/share/ament_index/resource_index/packages/can_msgs
[0.941s] -- Up-to-date: /home/manuel/buggy_ws_beta.a/install/can_msgs/share/can_msgs/cmake/can_msgs__rosidl_generator_cExport.cmake
[0.941s] -- Up-to-date: /home/manuel/buggy_ws_beta.a/install/can_msgs/share/can_msgs/cmake/can_msgs__rosidl_generator_cExport-noconfig.cmake
[0.942s] -- Up-to-date: /home/manuel/buggy_ws_beta.a/install/can_msgs/share/can_msgs/cmake/can_msgs__rosidl_typesupport_introspection_cExport.cmake
[0.942s] -- Up-to-date: /home/manuel/buggy_ws_beta.a/install/can_msgs/share/can_msgs/cmake/can_msgs__rosidl_typesupport_introspection_cExport-noconfig.cmake
[0.942s] -- Up-to-date: /home/manuel/buggy_ws_beta.a/install/can_msgs/share/can_msgs/cmake/can_msgs__rosidl_typesupport_cExport.cmake
[0.942s] -- Up-to-date: /home/manuel/buggy_ws_beta.a/install/can_msgs/share/can_msgs/cmake/can_msgs__rosidl_typesupport_cExport-noconfig.cmake
[0.942s] -- Up-to-date: /home/manuel/buggy_ws_beta.a/install/can_msgs/share/can_msgs/cmake/can_msgs__rosidl_generator_cppExport.cmake
[0.942s] -- Up-to-date: /home/manuel/buggy_ws_beta.a/install/can_msgs/share/can_msgs/cmake/can_msgs__rosidl_typesupport_introspection_cppExport.cmake
[0.942s] -- Up-to-date: /home/manuel/buggy_ws_beta.a/install/can_msgs/share/can_msgs/cmake/can_msgs__rosidl_typesupport_introspection_cppExport-noconfig.cmake
[0.942s] -- Up-to-date: /home/manuel/buggy_ws_beta.a/install/can_msgs/share/can_msgs/cmake/can_msgs__rosidl_typesupport_cppExport.cmake
[0.942s] -- Up-to-date: /home/manuel/buggy_ws_beta.a/install/can_msgs/share/can_msgs/cmake/can_msgs__rosidl_typesupport_cppExport-noconfig.cmake
[0.942s] -- Up-to-date: /home/manuel/buggy_ws_beta.a/install/can_msgs/share/can_msgs/cmake/rosidl_cmake-extras.cmake
[0.943s] -- Up-to-date: /home/manuel/buggy_ws_beta.a/install/can_msgs/share/can_msgs/cmake/ament_cmake_export_dependencies-extras.cmake
[0.943s] -- Up-to-date: /home/manuel/buggy_ws_beta.a/install/can_msgs/share/can_msgs/cmake/ament_cmake_export_libraries-extras.cmake
[0.943s] -- Up-to-date: /home/manuel/buggy_ws_beta.a/install/can_msgs/share/can_msgs/cmake/ament_cmake_export_targets-extras.cmake
[0.943s] -- Up-to-date: /home/manuel/buggy_ws_beta.a/install/can_msgs/share/can_msgs/cmake/ament_cmake_export_include_directories-extras.cmake
[0.943s] -- Up-to-date: /home/manuel/buggy_ws_beta.a/install/can_msgs/share/can_msgs/cmake/rosidl_cmake_export_typesupport_libraries-extras.cmake
[0.943s] -- Up-to-date: /home/manuel/buggy_ws_beta.a/install/can_msgs/share/can_msgs/cmake/rosidl_cmake_export_typesupport_targets-extras.cmake
[0.943s] -- Up-to-date: /home/manuel/buggy_ws_beta.a/install/can_msgs/share/can_msgs/cmake/can_msgsConfig.cmake
[0.943s] -- Up-to-date: /home/manuel/buggy_ws_beta.a/install/can_msgs/share/can_msgs/cmake/can_msgsConfig-version.cmake
[0.943s] -- Up-to-date: /home/manuel/buggy_ws_beta.a/install/can_msgs/share/can_msgs/package.xml
[1.096s] Invoked command in '/home/manuel/buggy_ws_beta.a/build/can_msgs' returned '0': CMAKE_PREFIX_PATH=${CMAKE_PREFIX_PATH}:/home/manuel/buggy_ws_beta.a/install/joint_state_publisher_gui:/home/manuel/buggy_ws_beta.a/install/joint_state_publisher:/home/manuel/buggy_ws_beta.a/install/ackermann_odometry:/home/manuel/buggy_ws_beta.a/install/ackermann_controller:/home/manuel/buggy_space/install/joint_state_publisher_gui:/home/manuel/buggy_space/install/joint_state_publisher:/home/manuel/buggy_space/install/ackermann_odometry:/home/manuel/buggy_space/install/ackermann_controller:/opt/ros/foxy /usr/bin/cmake --install /home/manuel/buggy_ws_beta.a/build/can_msgs
