[0.128s] Invoking command in '/home/manuel/buggy_ws_beta.a/build/costmap_converter_msgs': CMAKE_PREFIX_PATH=${CMAKE_PREFIX_PATH}:/home/manuel/buggy_space/install/joint_state_publisher_gui:/home/manuel/buggy_space/install/joint_state_publisher:/home/manuel/buggy_space/install/ackermann_odometry:/home/manuel/buggy_space/install/ackermann_controller:/opt/ros/foxy /usr/bin/cmake /home/manuel/buggy_ws_beta.a/src/costmap_converter/costmap_converter_msgs -DCMAKE_INSTALL_PREFIX=/home/manuel/buggy_ws_beta.a/install/costmap_converter_msgs
[0.647s] -- The C compiler identification is GNU 9.4.0
[0.647s] -- The CXX compiler identification is GNU 9.4.0
[0.647s] -- Check for working C compiler: /usr/bin/cc
[0.647s] -- Check for working C compiler: /usr/bin/cc -- works
[0.647s] -- Detecting C compiler ABI info
[0.647s] -- Detecting C compiler ABI info - done
[0.648s] -- Detecting C compile features
[0.648s] -- Detecting C compile features - done
[0.648s] -- Check for working CXX compiler: /usr/bin/c++
[0.648s] -- Check for working CXX compiler: /usr/bin/c++ -- works
[0.648s] -- Detecting CXX compiler ABI info
[0.781s] -- Detecting CXX compiler ABI info - done
[0.811s] -- Detecting CXX compile features
[0.812s] -- Detecting CXX compile features - done
[0.816s] -- Found ament_cmake: 0.9.11 (/opt/ros/foxy/share/ament_cmake/cmake)
[0.866s] -- Found PythonInterp: /usr/bin/python3 (found suitable version "3.8.10", minimum required is "3") 
[0.867s] -- Using PYTHON_EXECUTABLE: /usr/bin/python3
[1.427s] -- Found builtin_interfaces: 1.0.0 (/opt/ros/foxy/share/builtin_interfaces/cmake)
[1.489s] -- Using all available rosidl_typesupport_c: rosidl_typesupport_fastrtps_c;rosidl_typesupport_introspection_c
[1.499s] -- Found rosidl_adapter: 1.3.0 (/opt/ros/foxy/share/rosidl_adapter/cmake)
[1.660s] -- Found OpenSSL: /usr/lib/x86_64-linux-gnu/libcrypto.so (found version "1.1.1f")  
[1.727s] -- Found FastRTPS: /opt/ros/foxy/include  
[1.939s] -- Using all available rosidl_typesupport_cpp: rosidl_typesupport_fastrtps_cpp;rosidl_typesupport_introspection_cpp
[2.001s] -- Found geometry_msgs: 2.0.5 (/opt/ros/foxy/share/geometry_msgs/cmake)
[2.153s] -- Found rosidl_default_generators: 1.0.1 (/opt/ros/foxy/share/rosidl_default_generators/cmake)
[2.237s] -- Found PythonInterp: /usr/bin/python3 (found version "3.8.10") 
[2.629s] -- Found ament_cmake_ros: 0.9.2 (/opt/ros/foxy/share/ament_cmake_ros/cmake)
[3.216s] -- Using all available rosidl_typesupport_c: rosidl_typesupport_fastrtps_c;rosidl_typesupport_introspection_c
[3.486s] -- Using all available rosidl_typesupport_cpp: rosidl_typesupport_fastrtps_cpp;rosidl_typesupport_introspection_cpp
[3.592s] -- Found PythonInterp: /usr/bin/python3 (found suitable version "3.8.10", minimum required is "3.5") 
[3.594s] -- Found python_cmake_module: 0.8.1 (/opt/ros/foxy/share/python_cmake_module/cmake)
[3.653s] -- Found PythonLibs: /usr/lib/x86_64-linux-gnu/libpython3.8.so (found suitable version "3.8.10", minimum required is "3.5") 
[3.655s] -- Using PYTHON_EXECUTABLE: /usr/bin/python3
[3.655s] -- Using PYTHON_INCLUDE_DIRS: /usr/include/python3.8
[3.655s] -- Using PYTHON_LIBRARIES: /usr/lib/x86_64-linux-gnu/libpython3.8.so
[3.719s] -- Found PythonExtra: .so  
[4.010s] -- Configuring done
[4.184s] -- Generating done
[4.223s] -- Build files have been written to: /home/manuel/buggy_ws_beta.a/build/costmap_converter_msgs
[4.275s] Invoked command in '/home/manuel/buggy_ws_beta.a/build/costmap_converter_msgs' returned '0': CMAKE_PREFIX_PATH=${CMAKE_PREFIX_PATH}:/home/manuel/buggy_space/install/joint_state_publisher_gui:/home/manuel/buggy_space/install/joint_state_publisher:/home/manuel/buggy_space/install/ackermann_odometry:/home/manuel/buggy_space/install/ackermann_controller:/opt/ros/foxy /usr/bin/cmake /home/manuel/buggy_ws_beta.a/src/costmap_converter/costmap_converter_msgs -DCMAKE_INSTALL_PREFIX=/home/manuel/buggy_ws_beta.a/install/costmap_converter_msgs
[4.277s] Invoking command in '/home/manuel/buggy_ws_beta.a/build/costmap_converter_msgs': CMAKE_PREFIX_PATH=${CMAKE_PREFIX_PATH}:/home/manuel/buggy_space/install/joint_state_publisher_gui:/home/manuel/buggy_space/install/joint_state_publisher:/home/manuel/buggy_space/install/ackermann_odometry:/home/manuel/buggy_space/install/ackermann_controller:/opt/ros/foxy /usr/bin/cmake --build /home/manuel/buggy_ws_beta.a/build/costmap_converter_msgs -- -j16 -l16
[14.376s] [35m[1mScanning dependencies of target costmap_converter_msgs__cpp[0m
[14.376s] [  2%] [34m[1mGenerating C code for ROS interfaces[0m
[14.376s] [  5%] [34m[1mGenerating C++ code for ROS interfaces[0m
[14.376s] [35m[1mScanning dependencies of target costmap_converter_msgs__rosidl_generator_c[0m
[14.377s] [  7%] [32mBuilding C object CMakeFiles/costmap_converter_msgs__rosidl_generator_c.dir/rosidl_generator_c/costmap_converter_msgs/msg/detail/obstacle_msg__functions.c.o[0m
[14.377s] [ 10%] [32mBuilding C object CMakeFiles/costmap_converter_msgs__rosidl_generator_c.dir/rosidl_generator_c/costmap_converter_msgs/msg/detail/obstacle_array_msg__functions.c.o[0m
[14.377s] [ 10%] Built target costmap_converter_msgs__cpp
[14.377s] [ 12%] [34m[1mGenerating C++ type support dispatch for ROS interfaces[0m
[14.377s] [ 15%] [34m[1mGenerating C++ introspection for ROS interfaces[0m
[14.377s] [ 17%] [34m[1mGenerating C++ type support for eProsima Fast-RTPS[0m
[14.377s] [ 20%] [32m[1mLinking C shared library libcostmap_converter_msgs__rosidl_generator_c.so[0m
[14.378s] [ 20%] Built target costmap_converter_msgs__rosidl_generator_c
[14.378s] [ 23%] [34m[1mGenerating C introspection for ROS interfaces[0m
[14.378s] [ 25%] [34m[1mGenerating C type support dispatch for ROS interfaces[0m
[14.378s] [35m[1mScanning dependencies of target costmap_converter_msgs__rosidl_typesupport_cpp[0m
[14.378s] [35m[1mScanning dependencies of target costmap_converter_msgs__rosidl_typesupport_fastrtps_cpp[0m
[14.378s] [ 28%] [32mBuilding CXX object CMakeFiles/costmap_converter_msgs__rosidl_typesupport_cpp.dir/rosidl_typesupport_cpp/costmap_converter_msgs/msg/obstacle_msg__type_support.cpp.o[0m
[14.379s] [ 30%] [32mBuilding CXX object CMakeFiles/costmap_converter_msgs__rosidl_typesupport_cpp.dir/rosidl_typesupport_cpp/costmap_converter_msgs/msg/obstacle_array_msg__type_support.cpp.o[0m
[14.379s] [ 33%] [32mBuilding CXX object CMakeFiles/costmap_converter_msgs__rosidl_typesupport_fastrtps_cpp.dir/rosidl_typesupport_fastrtps_cpp/costmap_converter_msgs/msg/detail/dds_fastrtps/obstacle_msg__type_support.cpp.o[0m
[14.379s] [ 35%] [32mBuilding CXX object CMakeFiles/costmap_converter_msgs__rosidl_typesupport_fastrtps_cpp.dir/rosidl_typesupport_fastrtps_cpp/costmap_converter_msgs/msg/detail/dds_fastrtps/obstacle_array_msg__type_support.cpp.o[0m
[14.379s] [35m[1mScanning dependencies of target costmap_converter_msgs__rosidl_typesupport_introspection_cpp[0m
[14.379s] [ 38%] [32mBuilding CXX object CMakeFiles/costmap_converter_msgs__rosidl_typesupport_introspection_cpp.dir/rosidl_typesupport_introspection_cpp/costmap_converter_msgs/msg/detail/obstacle_msg__type_support.cpp.o[0m
[14.379s] [ 41%] [32mBuilding CXX object CMakeFiles/costmap_converter_msgs__rosidl_typesupport_introspection_cpp.dir/rosidl_typesupport_introspection_cpp/costmap_converter_msgs/msg/detail/obstacle_array_msg__type_support.cpp.o[0m
[14.380s] [35m[1mScanning dependencies of target costmap_converter_msgs__rosidl_typesupport_c[0m
[14.380s] [35m[1mScanning dependencies of target costmap_converter_msgs__rosidl_typesupport_introspection_c[0m
[14.380s] [ 43%] [32mBuilding CXX object CMakeFiles/costmap_converter_msgs__rosidl_typesupport_c.dir/rosidl_typesupport_c/costmap_converter_msgs/msg/obstacle_msg__type_support.cpp.o[0m
[14.384s] [ 46%] [32mBuilding CXX object CMakeFiles/costmap_converter_msgs__rosidl_typesupport_c.dir/rosidl_typesupport_c/costmap_converter_msgs/msg/obstacle_array_msg__type_support.cpp.o[0m
[14.385s] [ 48%] [32mBuilding C object CMakeFiles/costmap_converter_msgs__rosidl_typesupport_introspection_c.dir/rosidl_typesupport_introspection_c/costmap_converter_msgs/msg/detail/obstacle_msg__type_support.c.o[0m
[14.385s] [ 51%] [32mBuilding C object CMakeFiles/costmap_converter_msgs__rosidl_typesupport_introspection_c.dir/rosidl_typesupport_introspection_c/costmap_converter_msgs/msg/detail/obstacle_array_msg__type_support.c.o[0m
[14.385s] [ 53%] [32m[1mLinking CXX shared library libcostmap_converter_msgs__rosidl_typesupport_c.so[0m
[14.385s] [ 56%] [32m[1mLinking C shared library libcostmap_converter_msgs__rosidl_typesupport_introspection_c.so[0m
[14.385s] [ 56%] Built target costmap_converter_msgs__rosidl_typesupport_c
[14.386s] [ 56%] Built target costmap_converter_msgs__rosidl_typesupport_introspection_c
[14.386s] [ 58%] [32m[1mLinking CXX shared library libcostmap_converter_msgs__rosidl_typesupport_cpp.so[0m
[14.386s] [ 58%] Built target costmap_converter_msgs__rosidl_typesupport_cpp
[14.386s] [ 61%] [32m[1mLinking CXX shared library libcostmap_converter_msgs__rosidl_typesupport_introspection_cpp.so[0m
[14.386s] [ 64%] [32m[1mLinking CXX shared library libcostmap_converter_msgs__rosidl_typesupport_fastrtps_cpp.so[0m
[14.387s] [ 64%] Built target costmap_converter_msgs__rosidl_typesupport_introspection_cpp
[14.387s] [ 64%] Built target costmap_converter_msgs__rosidl_typesupport_fastrtps_cpp
[14.387s] [ 66%] [34m[1mGenerating C type support for eProsima Fast-RTPS[0m
[14.387s] [35m[1mScanning dependencies of target costmap_converter_msgs__rosidl_typesupport_fastrtps_c[0m
[14.387s] [ 69%] [32mBuilding CXX object CMakeFiles/costmap_converter_msgs__rosidl_typesupport_fastrtps_c.dir/rosidl_typesupport_fastrtps_c/costmap_converter_msgs/msg/detail/obstacle_msg__type_support_c.cpp.o[0m
[14.388s] [ 71%] [32mBuilding CXX object CMakeFiles/costmap_converter_msgs__rosidl_typesupport_fastrtps_c.dir/rosidl_typesupport_fastrtps_c/costmap_converter_msgs/msg/detail/obstacle_array_msg__type_support_c.cpp.o[0m
[14.596s] [ 74%] [32m[1mLinking CXX shared library libcostmap_converter_msgs__rosidl_typesupport_fastrtps_c.so[0m
[15.089s] [ 74%] Built target costmap_converter_msgs__rosidl_typesupport_fastrtps_c
[15.193s] [35m[1mScanning dependencies of target costmap_converter_msgs[0m
[15.268s] [ 74%] Built target costmap_converter_msgs
[15.346s] [35m[1mScanning dependencies of target costmap_converter_msgs__py[0m
[15.427s] [ 76%] [34m[1mGenerating Python code for ROS interfaces[0m
[18.380s] [ 76%] Built target costmap_converter_msgs__py
[18.468s] [35m[1mScanning dependencies of target costmap_converter_msgs__python[0m
[18.608s] [ 79%] [32mBuilding C object CMakeFiles/costmap_converter_msgs__python.dir/rosidl_generator_py/costmap_converter_msgs/msg/_obstacle_msg_s.c.o[0m
[18.610s] [ 82%] [32mBuilding C object CMakeFiles/costmap_converter_msgs__python.dir/rosidl_generator_py/costmap_converter_msgs/msg/_obstacle_array_msg_s.c.o[0m
[19.421s] [ 84%] [32m[1mLinking C shared library rosidl_generator_py/costmap_converter_msgs/libcostmap_converter_msgs__python.so[0m
[19.703s] [ 84%] Built target costmap_converter_msgs__python
[19.787s] [35m[1mScanning dependencies of target costmap_converter_msgs__rosidl_typesupport_introspection_c__pyext[0m
[19.792s] [35m[1mScanning dependencies of target costmap_converter_msgs__rosidl_typesupport_c__pyext[0m
[19.828s] [35m[1mScanning dependencies of target costmap_converter_msgs__rosidl_typesupport_fastrtps_c__pyext[0m
[19.897s] [ 87%] [32mBuilding C object CMakeFiles/costmap_converter_msgs__rosidl_typesupport_c__pyext.dir/rosidl_generator_py/costmap_converter_msgs/_costmap_converter_msgs_s.ep.rosidl_typesupport_c.c.o[0m
[19.918s] [ 89%] [32mBuilding C object CMakeFiles/costmap_converter_msgs__rosidl_typesupport_introspection_c__pyext.dir/rosidl_generator_py/costmap_converter_msgs/_costmap_converter_msgs_s.ep.rosidl_typesupport_introspection_c.c.o[0m
[19.997s] [ 92%] [32mBuilding C object CMakeFiles/costmap_converter_msgs__rosidl_typesupport_fastrtps_c__pyext.dir/rosidl_generator_py/costmap_converter_msgs/_costmap_converter_msgs_s.ep.rosidl_typesupport_fastrtps_c.c.o[0m
[20.444s] [ 94%] [32m[1mLinking C shared library rosidl_generator_py/costmap_converter_msgs/costmap_converter_msgs_s__rosidl_typesupport_c.cpython-38-x86_64-linux-gnu.so[0m
[20.560s] [ 97%] [32m[1mLinking C shared library rosidl_generator_py/costmap_converter_msgs/costmap_converter_msgs_s__rosidl_typesupport_introspection_c.cpython-38-x86_64-linux-gnu.so[0m
[20.679s] [100%] [32m[1mLinking CXX shared library rosidl_generator_py/costmap_converter_msgs/costmap_converter_msgs_s__rosidl_typesupport_fastrtps_c.cpython-38-x86_64-linux-gnu.so[0m
[20.697s] [100%] Built target costmap_converter_msgs__rosidl_typesupport_c__pyext
[20.860s] [100%] Built target costmap_converter_msgs__rosidl_typesupport_introspection_c__pyext
[21.158s] [100%] Built target costmap_converter_msgs__rosidl_typesupport_fastrtps_c__pyext
[21.233s] Invoked command in '/home/manuel/buggy_ws_beta.a/build/costmap_converter_msgs' returned '0': CMAKE_PREFIX_PATH=${CMAKE_PREFIX_PATH}:/home/manuel/buggy_space/install/joint_state_publisher_gui:/home/manuel/buggy_space/install/joint_state_publisher:/home/manuel/buggy_space/install/ackermann_odometry:/home/manuel/buggy_space/install/ackermann_controller:/opt/ros/foxy /usr/bin/cmake --build /home/manuel/buggy_ws_beta.a/build/costmap_converter_msgs -- -j16 -l16
[23.059s] Invoking command in '/home/manuel/buggy_ws_beta.a/build/costmap_converter_msgs': CMAKE_PREFIX_PATH=${CMAKE_PREFIX_PATH}:/home/manuel/buggy_space/install/joint_state_publisher_gui:/home/manuel/buggy_space/install/joint_state_publisher:/home/manuel/buggy_space/install/ackermann_odometry:/home/manuel/buggy_space/install/ackermann_controller:/opt/ros/foxy /usr/bin/cmake --install /home/manuel/buggy_ws_beta.a/build/costmap_converter_msgs
[30.460s] -- Install configuration: ""
[30.460s] -- Installing: /home/manuel/buggy_ws_beta.a/install/costmap_converter_msgs/share/ament_index/resource_index/rosidl_interfaces/costmap_converter_msgs
[30.460s] -- Installing: /home/manuel/buggy_ws_beta.a/install/costmap_converter_msgs/include/costmap_converter_msgs
[30.460s] -- Installing: /home/manuel/buggy_ws_beta.a/install/costmap_converter_msgs/include/costmap_converter_msgs/msg
[30.461s] -- Installing: /home/manuel/buggy_ws_beta.a/install/costmap_converter_msgs/include/costmap_converter_msgs/msg/detail
[30.461s] -- Installing: /home/manuel/buggy_ws_beta.a/install/costmap_converter_msgs/include/costmap_converter_msgs/msg/detail/obstacle_msg__functions.h
[30.461s] -- Installing: /home/manuel/buggy_ws_beta.a/install/costmap_converter_msgs/include/costmap_converter_msgs/msg/detail/obstacle_array_msg__functions.h
[30.461s] -- Installing: /home/manuel/buggy_ws_beta.a/install/costmap_converter_msgs/include/costmap_converter_msgs/msg/detail/obstacle_array_msg__struct.h
[30.461s] -- Installing: /home/manuel/buggy_ws_beta.a/install/costmap_converter_msgs/include/costmap_converter_msgs/msg/detail/obstacle_msg__functions.c
[30.462s] -- Installing: /home/manuel/buggy_ws_beta.a/install/costmap_converter_msgs/include/costmap_converter_msgs/msg/detail/obstacle_msg__type_support.h
[30.462s] -- Installing: /home/manuel/buggy_ws_beta.a/install/costmap_converter_msgs/include/costmap_converter_msgs/msg/detail/obstacle_msg__struct.h
[30.462s] -- Installing: /home/manuel/buggy_ws_beta.a/install/costmap_converter_msgs/include/costmap_converter_msgs/msg/detail/obstacle_array_msg__type_support.h
[30.462s] -- Installing: /home/manuel/buggy_ws_beta.a/install/costmap_converter_msgs/include/costmap_converter_msgs/msg/detail/obstacle_array_msg__functions.c
[30.462s] -- Installing: /home/manuel/buggy_ws_beta.a/install/costmap_converter_msgs/include/costmap_converter_msgs/msg/obstacle_array_msg.h
[30.462s] -- Installing: /home/manuel/buggy_ws_beta.a/install/costmap_converter_msgs/include/costmap_converter_msgs/msg/obstacle_msg.h
[30.462s] -- Installing: /home/manuel/buggy_ws_beta.a/install/costmap_converter_msgs/include/costmap_converter_msgs/msg/rosidl_generator_c__visibility_control.h
[30.463s] -- Installing: /home/manuel/buggy_ws_beta.a/install/costmap_converter_msgs/share/costmap_converter_msgs/environment/library_path.sh
[30.463s] -- Installing: /home/manuel/buggy_ws_beta.a/install/costmap_converter_msgs/share/costmap_converter_msgs/environment/library_path.dsv
[30.463s] -- Installing: /home/manuel/buggy_ws_beta.a/install/costmap_converter_msgs/lib/libcostmap_converter_msgs__rosidl_generator_c.so
[30.463s] -- Set runtime path of "/home/manuel/buggy_ws_beta.a/install/costmap_converter_msgs/lib/libcostmap_converter_msgs__rosidl_generator_c.so" to ""
[30.463s] -- Up-to-date: /home/manuel/buggy_ws_beta.a/install/costmap_converter_msgs/include/costmap_converter_msgs
[30.463s] -- Up-to-date: /home/manuel/buggy_ws_beta.a/install/costmap_converter_msgs/include/costmap_converter_msgs/msg
[30.464s] -- Up-to-date: /home/manuel/buggy_ws_beta.a/install/costmap_converter_msgs/include/costmap_converter_msgs/msg/detail
[30.464s] -- Installing: /home/manuel/buggy_ws_beta.a/install/costmap_converter_msgs/include/costmap_converter_msgs/msg/detail/obstacle_array_msg__rosidl_typesupport_fastrtps_c.h
[30.464s] -- Installing: /home/manuel/buggy_ws_beta.a/install/costmap_converter_msgs/include/costmap_converter_msgs/msg/detail/obstacle_msg__rosidl_typesupport_fastrtps_c.h
[30.464s] -- Installing: /home/manuel/buggy_ws_beta.a/install/costmap_converter_msgs/include/costmap_converter_msgs/msg/rosidl_typesupport_fastrtps_c__visibility_control.h
[30.464s] -- Installing: /home/manuel/buggy_ws_beta.a/install/costmap_converter_msgs/lib/libcostmap_converter_msgs__rosidl_typesupport_fastrtps_c.so
[30.464s] -- Set runtime path of "/home/manuel/buggy_ws_beta.a/install/costmap_converter_msgs/lib/libcostmap_converter_msgs__rosidl_typesupport_fastrtps_c.so" to ""
[30.464s] -- Up-to-date: /home/manuel/buggy_ws_beta.a/install/costmap_converter_msgs/include/costmap_converter_msgs
[30.465s] -- Up-to-date: /home/manuel/buggy_ws_beta.a/install/costmap_converter_msgs/include/costmap_converter_msgs/msg
[30.465s] -- Up-to-date: /home/manuel/buggy_ws_beta.a/install/costmap_converter_msgs/include/costmap_converter_msgs/msg/detail
[30.465s] -- Installing: /home/manuel/buggy_ws_beta.a/install/costmap_converter_msgs/include/costmap_converter_msgs/msg/detail/dds_fastrtps
[30.465s] -- Installing: /home/manuel/buggy_ws_beta.a/install/costmap_converter_msgs/include/costmap_converter_msgs/msg/detail/obstacle_msg__rosidl_typesupport_fastrtps_cpp.hpp
[30.465s] -- Installing: /home/manuel/buggy_ws_beta.a/install/costmap_converter_msgs/include/costmap_converter_msgs/msg/detail/obstacle_array_msg__rosidl_typesupport_fastrtps_cpp.hpp
[30.466s] -- Installing: /home/manuel/buggy_ws_beta.a/install/costmap_converter_msgs/include/costmap_converter_msgs/msg/rosidl_typesupport_fastrtps_cpp__visibility_control.h
[30.466s] -- Installing: /home/manuel/buggy_ws_beta.a/install/costmap_converter_msgs/lib/libcostmap_converter_msgs__rosidl_typesupport_fastrtps_cpp.so
[30.466s] -- Set runtime path of "/home/manuel/buggy_ws_beta.a/install/costmap_converter_msgs/lib/libcostmap_converter_msgs__rosidl_typesupport_fastrtps_cpp.so" to ""
[30.466s] -- Up-to-date: /home/manuel/buggy_ws_beta.a/install/costmap_converter_msgs/include/costmap_converter_msgs
[30.466s] -- Up-to-date: /home/manuel/buggy_ws_beta.a/install/costmap_converter_msgs/include/costmap_converter_msgs/msg
[30.466s] -- Up-to-date: /home/manuel/buggy_ws_beta.a/install/costmap_converter_msgs/include/costmap_converter_msgs/msg/detail
[30.467s] -- Installing: /home/manuel/buggy_ws_beta.a/install/costmap_converter_msgs/include/costmap_converter_msgs/msg/detail/obstacle_array_msg__rosidl_typesupport_introspection_c.h
[30.467s] -- Installing: /home/manuel/buggy_ws_beta.a/install/costmap_converter_msgs/include/costmap_converter_msgs/msg/detail/obstacle_msg__type_support.c
[30.467s] -- Installing: /home/manuel/buggy_ws_beta.a/install/costmap_converter_msgs/include/costmap_converter_msgs/msg/detail/obstacle_array_msg__type_support.c
[30.467s] -- Installing: /home/manuel/buggy_ws_beta.a/install/costmap_converter_msgs/include/costmap_converter_msgs/msg/detail/obstacle_msg__rosidl_typesupport_introspection_c.h
[30.467s] -- Installing: /home/manuel/buggy_ws_beta.a/install/costmap_converter_msgs/include/costmap_converter_msgs/msg/rosidl_typesupport_introspection_c__visibility_control.h
[30.467s] -- Installing: /home/manuel/buggy_ws_beta.a/install/costmap_converter_msgs/lib/libcostmap_converter_msgs__rosidl_typesupport_introspection_c.so
[30.467s] -- Set runtime path of "/home/manuel/buggy_ws_beta.a/install/costmap_converter_msgs/lib/libcostmap_converter_msgs__rosidl_typesupport_introspection_c.so" to ""
[30.468s] -- Installing: /home/manuel/buggy_ws_beta.a/install/costmap_converter_msgs/lib/libcostmap_converter_msgs__rosidl_typesupport_c.so
[30.468s] -- Set runtime path of "/home/manuel/buggy_ws_beta.a/install/costmap_converter_msgs/lib/libcostmap_converter_msgs__rosidl_typesupport_c.so" to ""
[30.468s] -- Up-to-date: /home/manuel/buggy_ws_beta.a/install/costmap_converter_msgs/include/costmap_converter_msgs
[30.468s] -- Up-to-date: /home/manuel/buggy_ws_beta.a/install/costmap_converter_msgs/include/costmap_converter_msgs/msg
[30.468s] -- Up-to-date: /home/manuel/buggy_ws_beta.a/install/costmap_converter_msgs/include/costmap_converter_msgs/msg/detail
[30.468s] -- Installing: /home/manuel/buggy_ws_beta.a/install/costmap_converter_msgs/include/costmap_converter_msgs/msg/detail/obstacle_array_msg__struct.hpp
[30.468s] -- Installing: /home/manuel/buggy_ws_beta.a/install/costmap_converter_msgs/include/costmap_converter_msgs/msg/detail/obstacle_msg__struct.hpp
[30.468s] -- Installing: /home/manuel/buggy_ws_beta.a/install/costmap_converter_msgs/include/costmap_converter_msgs/msg/detail/obstacle_msg__traits.hpp
[30.469s] -- Installing: /home/manuel/buggy_ws_beta.a/install/costmap_converter_msgs/include/costmap_converter_msgs/msg/detail/obstacle_array_msg__builder.hpp
[30.469s] -- Installing: /home/manuel/buggy_ws_beta.a/install/costmap_converter_msgs/include/costmap_converter_msgs/msg/detail/obstacle_array_msg__traits.hpp
[30.469s] -- Installing: /home/manuel/buggy_ws_beta.a/install/costmap_converter_msgs/include/costmap_converter_msgs/msg/detail/obstacle_msg__builder.hpp
[30.469s] -- Installing: /home/manuel/buggy_ws_beta.a/install/costmap_converter_msgs/include/costmap_converter_msgs/msg/obstacle_msg.hpp
[30.474s] -- Installing: /home/manuel/buggy_ws_beta.a/install/costmap_converter_msgs/include/costmap_converter_msgs/msg/obstacle_array_msg.hpp
[30.474s] -- Up-to-date: /home/manuel/buggy_ws_beta.a/install/costmap_converter_msgs/include/costmap_converter_msgs
[30.474s] -- Up-to-date: /home/manuel/buggy_ws_beta.a/install/costmap_converter_msgs/include/costmap_converter_msgs/msg
[30.475s] -- Up-to-date: /home/manuel/buggy_ws_beta.a/install/costmap_converter_msgs/include/costmap_converter_msgs/msg/detail
[30.475s] -- Installing: /home/manuel/buggy_ws_beta.a/install/costmap_converter_msgs/include/costmap_converter_msgs/msg/detail/obstacle_msg__type_support.cpp
[30.475s] -- Installing: /home/manuel/buggy_ws_beta.a/install/costmap_converter_msgs/include/costmap_converter_msgs/msg/detail/obstacle_array_msg__type_support.cpp
[30.475s] -- Installing: /home/manuel/buggy_ws_beta.a/install/costmap_converter_msgs/include/costmap_converter_msgs/msg/detail/obstacle_array_msg__rosidl_typesupport_introspection_cpp.hpp
[30.475s] -- Installing: /home/manuel/buggy_ws_beta.a/install/costmap_converter_msgs/include/costmap_converter_msgs/msg/detail/obstacle_msg__rosidl_typesupport_introspection_cpp.hpp
[30.475s] -- Installing: /home/manuel/buggy_ws_beta.a/install/costmap_converter_msgs/lib/libcostmap_converter_msgs__rosidl_typesupport_introspection_cpp.so
[30.476s] -- Set runtime path of "/home/manuel/buggy_ws_beta.a/install/costmap_converter_msgs/lib/libcostmap_converter_msgs__rosidl_typesupport_introspection_cpp.so" to ""
[30.476s] -- Installing: /home/manuel/buggy_ws_beta.a/install/costmap_converter_msgs/lib/libcostmap_converter_msgs__rosidl_typesupport_cpp.so
[30.476s] -- Set runtime path of "/home/manuel/buggy_ws_beta.a/install/costmap_converter_msgs/lib/libcostmap_converter_msgs__rosidl_typesupport_cpp.so" to ""
[30.476s] -- Installing: /home/manuel/buggy_ws_beta.a/install/costmap_converter_msgs/share/costmap_converter_msgs/environment/pythonpath.sh
[30.476s] -- Installing: /home/manuel/buggy_ws_beta.a/install/costmap_converter_msgs/share/costmap_converter_msgs/environment/pythonpath.dsv
[30.476s] -- Installing: /home/manuel/buggy_ws_beta.a/install/costmap_converter_msgs/lib/python3.8/site-packages/costmap_converter_msgs/__init__.py
[30.476s] Compiling '/home/manuel/buggy_ws_beta.a/install/costmap_converter_msgs/lib/python3.8/site-packages/costmap_converter_msgs/__init__.py'...
[30.477s] -- Installing: /home/manuel/buggy_ws_beta.a/install/costmap_converter_msgs/lib/python3.8/site-packages/costmap_converter_msgs/msg
[30.477s] -- Installing: /home/manuel/buggy_ws_beta.a/install/costmap_converter_msgs/lib/python3.8/site-packages/costmap_converter_msgs/msg/_obstacle_array_msg_s.c
[30.477s] -- Installing: /home/manuel/buggy_ws_beta.a/install/costmap_converter_msgs/lib/python3.8/site-packages/costmap_converter_msgs/msg/_obstacle_msg.py
[30.477s] -- Installing: /home/manuel/buggy_ws_beta.a/install/costmap_converter_msgs/lib/python3.8/site-packages/costmap_converter_msgs/msg/_obstacle_array_msg.py
[30.477s] -- Installing: /home/manuel/buggy_ws_beta.a/install/costmap_converter_msgs/lib/python3.8/site-packages/costmap_converter_msgs/msg/_obstacle_msg_s.c
[30.477s] -- Installing: /home/manuel/buggy_ws_beta.a/install/costmap_converter_msgs/lib/python3.8/site-packages/costmap_converter_msgs/msg/__init__.py
[30.478s] -- Installing: /home/manuel/buggy_ws_beta.a/install/costmap_converter_msgs/lib/python3.8/site-packages/costmap_converter_msgs/costmap_converter_msgs_s__rosidl_typesupport_fastrtps_c.cpython-38-x86_64-linux-gnu.so
[30.478s] -- Set runtime path of "/home/manuel/buggy_ws_beta.a/install/costmap_converter_msgs/lib/python3.8/site-packages/costmap_converter_msgs/costmap_converter_msgs_s__rosidl_typesupport_fastrtps_c.cpython-38-x86_64-linux-gnu.so" to ""
[30.478s] -- Installing: /home/manuel/buggy_ws_beta.a/install/costmap_converter_msgs/lib/python3.8/site-packages/costmap_converter_msgs/costmap_converter_msgs_s__rosidl_typesupport_introspection_c.cpython-38-x86_64-linux-gnu.so
[30.478s] -- Set runtime path of "/home/manuel/buggy_ws_beta.a/install/costmap_converter_msgs/lib/python3.8/site-packages/costmap_converter_msgs/costmap_converter_msgs_s__rosidl_typesupport_introspection_c.cpython-38-x86_64-linux-gnu.so" to ""
[30.484s] -- Installing: /home/manuel/buggy_ws_beta.a/install/costmap_converter_msgs/lib/python3.8/site-packages/costmap_converter_msgs/costmap_converter_msgs_s__rosidl_typesupport_c.cpython-38-x86_64-linux-gnu.so
[30.484s] -- Set runtime path of "/home/manuel/buggy_ws_beta.a/install/costmap_converter_msgs/lib/python3.8/site-packages/costmap_converter_msgs/costmap_converter_msgs_s__rosidl_typesupport_c.cpython-38-x86_64-linux-gnu.so" to ""
[30.484s] -- Installing: /home/manuel/buggy_ws_beta.a/install/costmap_converter_msgs/lib/libcostmap_converter_msgs__python.so
[30.484s] -- Set runtime path of "/home/manuel/buggy_ws_beta.a/install/costmap_converter_msgs/lib/libcostmap_converter_msgs__python.so" to ""
[30.484s] -- Installing: /home/manuel/buggy_ws_beta.a/install/costmap_converter_msgs/share/costmap_converter_msgs/msg/ObstacleMsg.idl
[30.484s] -- Installing: /home/manuel/buggy_ws_beta.a/install/costmap_converter_msgs/share/costmap_converter_msgs/msg/ObstacleArrayMsg.idl
[30.484s] -- Installing: /home/manuel/buggy_ws_beta.a/install/costmap_converter_msgs/share/costmap_converter_msgs/msg/ObstacleMsg.msg
[30.486s] -- Installing: /home/manuel/buggy_ws_beta.a/install/costmap_converter_msgs/share/costmap_converter_msgs/msg/ObstacleArrayMsg.msg
[30.486s] -- Installing: /home/manuel/buggy_ws_beta.a/install/costmap_converter_msgs/share/ament_index/resource_index/package_run_dependencies/costmap_converter_msgs
[30.487s] -- Installing: /home/manuel/buggy_ws_beta.a/install/costmap_converter_msgs/share/ament_index/resource_index/parent_prefix_path/costmap_converter_msgs
[30.488s] -- Installing: /home/manuel/buggy_ws_beta.a/install/costmap_converter_msgs/share/costmap_converter_msgs/environment/ament_prefix_path.sh
[30.488s] -- Installing: /home/manuel/buggy_ws_beta.a/install/costmap_converter_msgs/share/costmap_converter_msgs/environment/ament_prefix_path.dsv
[30.488s] -- Installing: /home/manuel/buggy_ws_beta.a/install/costmap_converter_msgs/share/costmap_converter_msgs/environment/path.sh
[30.488s] -- Installing: /home/manuel/buggy_ws_beta.a/install/costmap_converter_msgs/share/costmap_converter_msgs/environment/path.dsv
[30.488s] -- Installing: /home/manuel/buggy_ws_beta.a/install/costmap_converter_msgs/share/costmap_converter_msgs/local_setup.bash
[30.489s] -- Installing: /home/manuel/buggy_ws_beta.a/install/costmap_converter_msgs/share/costmap_converter_msgs/local_setup.sh
[30.489s] -- Installing: /home/manuel/buggy_ws_beta.a/install/costmap_converter_msgs/share/costmap_converter_msgs/local_setup.zsh
[30.489s] -- Installing: /home/manuel/buggy_ws_beta.a/install/costmap_converter_msgs/share/costmap_converter_msgs/local_setup.dsv
[30.489s] -- Installing: /home/manuel/buggy_ws_beta.a/install/costmap_converter_msgs/share/costmap_converter_msgs/package.dsv
[30.489s] -- Installing: /home/manuel/buggy_ws_beta.a/install/costmap_converter_msgs/share/ament_index/resource_index/packages/costmap_converter_msgs
[30.489s] -- Installing: /home/manuel/buggy_ws_beta.a/install/costmap_converter_msgs/share/costmap_converter_msgs/cmake/costmap_converter_msgs__rosidl_generator_cExport.cmake
[30.489s] -- Installing: /home/manuel/buggy_ws_beta.a/install/costmap_converter_msgs/share/costmap_converter_msgs/cmake/costmap_converter_msgs__rosidl_generator_cExport-noconfig.cmake
[30.490s] -- Installing: /home/manuel/buggy_ws_beta.a/install/costmap_converter_msgs/share/costmap_converter_msgs/cmake/costmap_converter_msgs__rosidl_typesupport_introspection_cExport.cmake
[30.490s] -- Installing: /home/manuel/buggy_ws_beta.a/install/costmap_converter_msgs/share/costmap_converter_msgs/cmake/costmap_converter_msgs__rosidl_typesupport_introspection_cExport-noconfig.cmake
[30.490s] -- Installing: /home/manuel/buggy_ws_beta.a/install/costmap_converter_msgs/share/costmap_converter_msgs/cmake/costmap_converter_msgs__rosidl_typesupport_cExport.cmake
[30.490s] -- Installing: /home/manuel/buggy_ws_beta.a/install/costmap_converter_msgs/share/costmap_converter_msgs/cmake/costmap_converter_msgs__rosidl_typesupport_cExport-noconfig.cmake
[30.490s] -- Installing: /home/manuel/buggy_ws_beta.a/install/costmap_converter_msgs/share/costmap_converter_msgs/cmake/costmap_converter_msgs__rosidl_generator_cppExport.cmake
[30.490s] -- Installing: /home/manuel/buggy_ws_beta.a/install/costmap_converter_msgs/share/costmap_converter_msgs/cmake/costmap_converter_msgs__rosidl_typesupport_introspection_cppExport.cmake
[30.490s] -- Installing: /home/manuel/buggy_ws_beta.a/install/costmap_converter_msgs/share/costmap_converter_msgs/cmake/costmap_converter_msgs__rosidl_typesupport_introspection_cppExport-noconfig.cmake
[30.490s] -- Installing: /home/manuel/buggy_ws_beta.a/install/costmap_converter_msgs/share/costmap_converter_msgs/cmake/costmap_converter_msgs__rosidl_typesupport_cppExport.cmake
[30.492s] -- Installing: /home/manuel/buggy_ws_beta.a/install/costmap_converter_msgs/share/costmap_converter_msgs/cmake/costmap_converter_msgs__rosidl_typesupport_cppExport-noconfig.cmake
[30.492s] -- Installing: /home/manuel/buggy_ws_beta.a/install/costmap_converter_msgs/share/costmap_converter_msgs/cmake/rosidl_cmake-extras.cmake
[30.493s] -- Installing: /home/manuel/buggy_ws_beta.a/install/costmap_converter_msgs/share/costmap_converter_msgs/cmake/ament_cmake_export_dependencies-extras.cmake
[30.493s] -- Installing: /home/manuel/buggy_ws_beta.a/install/costmap_converter_msgs/share/costmap_converter_msgs/cmake/ament_cmake_export_libraries-extras.cmake
[30.493s] -- Installing: /home/manuel/buggy_ws_beta.a/install/costmap_converter_msgs/share/costmap_converter_msgs/cmake/ament_cmake_export_targets-extras.cmake
[30.493s] -- Installing: /home/manuel/buggy_ws_beta.a/install/costmap_converter_msgs/share/costmap_converter_msgs/cmake/ament_cmake_export_include_directories-extras.cmake
[30.493s] -- Installing: /home/manuel/buggy_ws_beta.a/install/costmap_converter_msgs/share/costmap_converter_msgs/cmake/rosidl_cmake_export_typesupport_libraries-extras.cmake
[30.494s] -- Installing: /home/manuel/buggy_ws_beta.a/install/costmap_converter_msgs/share/costmap_converter_msgs/cmake/rosidl_cmake_export_typesupport_targets-extras.cmake
[30.494s] -- Installing: /home/manuel/buggy_ws_beta.a/install/costmap_converter_msgs/share/costmap_converter_msgs/cmake/costmap_converter_msgsConfig.cmake
[30.494s] -- Installing: /home/manuel/buggy_ws_beta.a/install/costmap_converter_msgs/share/costmap_converter_msgs/cmake/costmap_converter_msgsConfig-version.cmake
[30.494s] -- Installing: /home/manuel/buggy_ws_beta.a/install/costmap_converter_msgs/share/costmap_converter_msgs/package.xml
[30.821s] Invoked command in '/home/manuel/buggy_ws_beta.a/build/costmap_converter_msgs' returned '0': CMAKE_PREFIX_PATH=${CMAKE_PREFIX_PATH}:/home/manuel/buggy_space/install/joint_state_publisher_gui:/home/manuel/buggy_space/install/joint_state_publisher:/home/manuel/buggy_space/install/ackermann_odometry:/home/manuel/buggy_space/install/ackermann_controller:/opt/ros/foxy /usr/bin/cmake --install /home/manuel/buggy_ws_beta.a/build/costmap_converter_msgs
