[0.137s] Invoking command in '/home/manuel/buggy_ws_beta.a/build/ackermann_msgs': CMAKE_PREFIX_PATH=${CMAKE_PREFIX_PATH}:/home/manuel/buggy_ws_beta.a/install/joint_state_publisher_gui:/home/manuel/buggy_ws_beta.a/install/joint_state_publisher:/home/manuel/buggy_ws_beta.a/install/ackermann_odometry:/home/manuel/buggy_ws_beta.a/install/ackermann_controller:/home/manuel/buggy_space/install/joint_state_publisher_gui:/home/manuel/buggy_space/install/joint_state_publisher:/home/manuel/buggy_space/install/ackermann_odometry:/home/manuel/buggy_space/install/ackermann_controller:/opt/ros/foxy /usr/bin/cmake --build /home/manuel/buggy_ws_beta.a/build/ackermann_msgs -- -j16 -l16
[0.592s] [  2%] Built target ackermann_msgs__cpp
[0.592s] [ 12%] Built target ackermann_msgs__rosidl_generator_c
[0.592s] [ 23%] Built target ackermann_msgs__rosidl_typesupport_introspection_cpp
[0.592s] [ 33%] Built target ackermann_msgs__rosidl_typesupport_cpp
[0.592s] [ 43%] Built target ackermann_msgs__rosidl_typesupport_fastrtps_cpp
[0.592s] [ 53%] Built target ackermann_msgs__rosidl_typesupport_introspection_c
[0.592s] [ 64%] Built target ackermann_msgs__rosidl_typesupport_c
[0.593s] [ 74%] Built target ackermann_msgs__rosidl_typesupport_fastrtps_c
[0.593s] [ 74%] Built target ackermann_msgs
[0.593s] [ 76%] Built target ackermann_msgs__py
[0.593s] [ 84%] Built target ackermann_msgs__python
[0.593s] [ 89%] Built target ackermann_msgs__rosidl_typesupport_c__pyext
[0.594s] [ 94%] Built target ackermann_msgs__rosidl_typesupport_introspection_c__pyext
[0.594s] [100%] Built target ackermann_msgs__rosidl_typesupport_fastrtps_c__pyext
[0.623s] Invoked command in '/home/manuel/buggy_ws_beta.a/build/ackermann_msgs' returned '0': CMAKE_PREFIX_PATH=${CMAKE_PREFIX_PATH}:/home/manuel/buggy_ws_beta.a/install/joint_state_publisher_gui:/home/manuel/buggy_ws_beta.a/install/joint_state_publisher:/home/manuel/buggy_ws_beta.a/install/ackermann_odometry:/home/manuel/buggy_ws_beta.a/install/ackermann_controller:/home/manuel/buggy_space/install/joint_state_publisher_gui:/home/manuel/buggy_space/install/joint_state_publisher:/home/manuel/buggy_space/install/ackermann_odometry:/home/manuel/buggy_space/install/ackermann_controller:/opt/ros/foxy /usr/bin/cmake --build /home/manuel/buggy_ws_beta.a/build/ackermann_msgs -- -j16 -l16
[0.949s] Invoking command in '/home/manuel/buggy_ws_beta.a/build/ackermann_msgs': CMAKE_PREFIX_PATH=${CMAKE_PREFIX_PATH}:/home/manuel/buggy_ws_beta.a/install/joint_state_publisher_gui:/home/manuel/buggy_ws_beta.a/install/joint_state_publisher:/home/manuel/buggy_ws_beta.a/install/ackermann_odometry:/home/manuel/buggy_ws_beta.a/install/ackermann_controller:/home/manuel/buggy_space/install/joint_state_publisher_gui:/home/manuel/buggy_space/install/joint_state_publisher:/home/manuel/buggy_space/install/ackermann_odometry:/home/manuel/buggy_space/install/ackermann_controller:/opt/ros/foxy /usr/bin/cmake --install /home/manuel/buggy_ws_beta.a/build/ackermann_msgs
[1.090s] -- Install configuration: ""
[1.090s] -- Up-to-date: /home/manuel/buggy_ws_beta.a/install/ackermann_msgs/share/ament_index/resource_index/rosidl_interfaces/ackermann_msgs
[1.090s] -- Up-to-date: /home/manuel/buggy_ws_beta.a/install/ackermann_msgs/include/ackermann_msgs
[1.091s] -- Up-to-date: /home/manuel/buggy_ws_beta.a/install/ackermann_msgs/include/ackermann_msgs/msg
[1.091s] -- Up-to-date: /home/manuel/buggy_ws_beta.a/install/ackermann_msgs/include/ackermann_msgs/msg/detail
[1.091s] -- Up-to-date: /home/manuel/buggy_ws_beta.a/install/ackermann_msgs/include/ackermann_msgs/msg/detail/ackermann_drive_stamped__functions.h
[1.091s] -- Up-to-date: /home/manuel/buggy_ws_beta.a/install/ackermann_msgs/include/ackermann_msgs/msg/detail/ackermann_drive_stamped__struct.h
[1.091s] -- Up-to-date: /home/manuel/buggy_ws_beta.a/install/ackermann_msgs/include/ackermann_msgs/msg/detail/ackermann_drive__struct.h
[1.091s] -- Up-to-date: /home/manuel/buggy_ws_beta.a/install/ackermann_msgs/include/ackermann_msgs/msg/detail/ackermann_drive_stamped__functions.c
[1.092s] -- Up-to-date: /home/manuel/buggy_ws_beta.a/install/ackermann_msgs/include/ackermann_msgs/msg/detail/ackermann_drive__type_support.h
[1.092s] -- Up-to-date: /home/manuel/buggy_ws_beta.a/install/ackermann_msgs/include/ackermann_msgs/msg/detail/ackermann_drive__functions.c
[1.092s] -- Up-to-date: /home/manuel/buggy_ws_beta.a/install/ackermann_msgs/include/ackermann_msgs/msg/detail/ackermann_drive_stamped__type_support.h
[1.092s] -- Up-to-date: /home/manuel/buggy_ws_beta.a/install/ackermann_msgs/include/ackermann_msgs/msg/detail/ackermann_drive__functions.h
[1.094s] -- Up-to-date: /home/manuel/buggy_ws_beta.a/install/ackermann_msgs/include/ackermann_msgs/msg/rosidl_generator_c__visibility_control.h
[1.094s] -- Up-to-date: /home/manuel/buggy_ws_beta.a/install/ackermann_msgs/include/ackermann_msgs/msg/ackermann_drive.h
[1.094s] -- Up-to-date: /home/manuel/buggy_ws_beta.a/install/ackermann_msgs/include/ackermann_msgs/msg/ackermann_drive_stamped.h
[1.094s] -- Up-to-date: /home/manuel/buggy_ws_beta.a/install/ackermann_msgs/share/ackermann_msgs/environment/library_path.sh
[1.094s] -- Up-to-date: /home/manuel/buggy_ws_beta.a/install/ackermann_msgs/share/ackermann_msgs/environment/library_path.dsv
[1.094s] -- Up-to-date: /home/manuel/buggy_ws_beta.a/install/ackermann_msgs/lib/libackermann_msgs__rosidl_generator_c.so
[1.094s] -- Up-to-date: /home/manuel/buggy_ws_beta.a/install/ackermann_msgs/include/ackermann_msgs
[1.094s] -- Up-to-date: /home/manuel/buggy_ws_beta.a/install/ackermann_msgs/include/ackermann_msgs/msg
[1.094s] -- Up-to-date: /home/manuel/buggy_ws_beta.a/install/ackermann_msgs/include/ackermann_msgs/msg/detail
[1.094s] -- Up-to-date: /home/manuel/buggy_ws_beta.a/install/ackermann_msgs/include/ackermann_msgs/msg/detail/ackermann_drive_stamped__rosidl_typesupport_fastrtps_c.h
[1.094s] -- Up-to-date: /home/manuel/buggy_ws_beta.a/install/ackermann_msgs/include/ackermann_msgs/msg/detail/ackermann_drive__rosidl_typesupport_fastrtps_c.h
[1.095s] -- Up-to-date: /home/manuel/buggy_ws_beta.a/install/ackermann_msgs/include/ackermann_msgs/msg/rosidl_typesupport_fastrtps_c__visibility_control.h
[1.095s] -- Up-to-date: /home/manuel/buggy_ws_beta.a/install/ackermann_msgs/lib/libackermann_msgs__rosidl_typesupport_fastrtps_c.so
[1.095s] -- Up-to-date: /home/manuel/buggy_ws_beta.a/install/ackermann_msgs/include/ackermann_msgs
[1.095s] -- Up-to-date: /home/manuel/buggy_ws_beta.a/install/ackermann_msgs/include/ackermann_msgs/msg
[1.095s] -- Up-to-date: /home/manuel/buggy_ws_beta.a/install/ackermann_msgs/include/ackermann_msgs/msg/detail
[1.096s] -- Up-to-date: /home/manuel/buggy_ws_beta.a/install/ackermann_msgs/include/ackermann_msgs/msg/detail/ackermann_drive_stamped__rosidl_typesupport_fastrtps_cpp.hpp
[1.096s] -- Up-to-date: /home/manuel/buggy_ws_beta.a/install/ackermann_msgs/include/ackermann_msgs/msg/detail/dds_fastrtps
[1.096s] -- Up-to-date: /home/manuel/buggy_ws_beta.a/install/ackermann_msgs/include/ackermann_msgs/msg/detail/ackermann_drive__rosidl_typesupport_fastrtps_cpp.hpp
[1.096s] -- Up-to-date: /home/manuel/buggy_ws_beta.a/install/ackermann_msgs/include/ackermann_msgs/msg/rosidl_typesupport_fastrtps_cpp__visibility_control.h
[1.096s] -- Up-to-date: /home/manuel/buggy_ws_beta.a/install/ackermann_msgs/lib/libackermann_msgs__rosidl_typesupport_fastrtps_cpp.so
[1.096s] -- Up-to-date: /home/manuel/buggy_ws_beta.a/install/ackermann_msgs/include/ackermann_msgs
[1.096s] -- Up-to-date: /home/manuel/buggy_ws_beta.a/install/ackermann_msgs/include/ackermann_msgs/msg
[1.097s] -- Up-to-date: /home/manuel/buggy_ws_beta.a/install/ackermann_msgs/include/ackermann_msgs/msg/detail
[1.097s] -- Up-to-date: /home/manuel/buggy_ws_beta.a/install/ackermann_msgs/include/ackermann_msgs/msg/detail/ackermann_drive_stamped__type_support.c
[1.097s] -- Up-to-date: /home/manuel/buggy_ws_beta.a/install/ackermann_msgs/include/ackermann_msgs/msg/detail/ackermann_drive__rosidl_typesupport_introspection_c.h
[1.097s] -- Up-to-date: /home/manuel/buggy_ws_beta.a/install/ackermann_msgs/include/ackermann_msgs/msg/detail/ackermann_drive__type_support.c
[1.097s] -- Up-to-date: /home/manuel/buggy_ws_beta.a/install/ackermann_msgs/include/ackermann_msgs/msg/detail/ackermann_drive_stamped__rosidl_typesupport_introspection_c.h
[1.097s] -- Up-to-date: /home/manuel/buggy_ws_beta.a/install/ackermann_msgs/include/ackermann_msgs/msg/rosidl_typesupport_introspection_c__visibility_control.h
[1.098s] -- Up-to-date: /home/manuel/buggy_ws_beta.a/install/ackermann_msgs/lib/libackermann_msgs__rosidl_typesupport_introspection_c.so
[1.098s] -- Up-to-date: /home/manuel/buggy_ws_beta.a/install/ackermann_msgs/lib/libackermann_msgs__rosidl_typesupport_c.so
[1.098s] -- Up-to-date: /home/manuel/buggy_ws_beta.a/install/ackermann_msgs/include/ackermann_msgs
[1.098s] -- Up-to-date: /home/manuel/buggy_ws_beta.a/install/ackermann_msgs/include/ackermann_msgs/msg
[1.100s] -- Up-to-date: /home/manuel/buggy_ws_beta.a/install/ackermann_msgs/include/ackermann_msgs/msg/detail
[1.100s] -- Up-to-date: /home/manuel/buggy_ws_beta.a/install/ackermann_msgs/include/ackermann_msgs/msg/detail/ackermann_drive_stamped__struct.hpp
[1.100s] -- Up-to-date: /home/manuel/buggy_ws_beta.a/install/ackermann_msgs/include/ackermann_msgs/msg/detail/ackermann_drive__struct.hpp
[1.100s] -- Up-to-date: /home/manuel/buggy_ws_beta.a/install/ackermann_msgs/include/ackermann_msgs/msg/detail/ackermann_drive__builder.hpp
[1.100s] -- Up-to-date: /home/manuel/buggy_ws_beta.a/install/ackermann_msgs/include/ackermann_msgs/msg/detail/ackermann_drive__traits.hpp
[1.100s] -- Up-to-date: /home/manuel/buggy_ws_beta.a/install/ackermann_msgs/include/ackermann_msgs/msg/detail/ackermann_drive_stamped__traits.hpp
[1.100s] -- Up-to-date: /home/manuel/buggy_ws_beta.a/install/ackermann_msgs/include/ackermann_msgs/msg/detail/ackermann_drive_stamped__builder.hpp
[1.100s] -- Up-to-date: /home/manuel/buggy_ws_beta.a/install/ackermann_msgs/include/ackermann_msgs/msg/ackermann_drive_stamped.hpp
[1.100s] -- Up-to-date: /home/manuel/buggy_ws_beta.a/install/ackermann_msgs/include/ackermann_msgs/msg/ackermann_drive.hpp
[1.101s] -- Up-to-date: /home/manuel/buggy_ws_beta.a/install/ackermann_msgs/include/ackermann_msgs
[1.104s] -- Up-to-date: /home/manuel/buggy_ws_beta.a/install/ackermann_msgs/include/ackermann_msgs/msg
[1.105s] -- Up-to-date: /home/manuel/buggy_ws_beta.a/install/ackermann_msgs/include/ackermann_msgs/msg/detail
[1.105s] -- Up-to-date: /home/manuel/buggy_ws_beta.a/install/ackermann_msgs/include/ackermann_msgs/msg/detail/ackermann_drive_stamped__type_support.cpp
[1.105s] -- Up-to-date: /home/manuel/buggy_ws_beta.a/install/ackermann_msgs/include/ackermann_msgs/msg/detail/ackermann_drive__rosidl_typesupport_introspection_cpp.hpp
[1.105s] -- Up-to-date: /home/manuel/buggy_ws_beta.a/install/ackermann_msgs/include/ackermann_msgs/msg/detail/ackermann_drive_stamped__rosidl_typesupport_introspection_cpp.hpp
[1.105s] -- Up-to-date: /home/manuel/buggy_ws_beta.a/install/ackermann_msgs/include/ackermann_msgs/msg/detail/ackermann_drive__type_support.cpp
[1.105s] -- Up-to-date: /home/manuel/buggy_ws_beta.a/install/ackermann_msgs/lib/libackermann_msgs__rosidl_typesupport_introspection_cpp.so
[1.105s] -- Up-to-date: /home/manuel/buggy_ws_beta.a/install/ackermann_msgs/lib/libackermann_msgs__rosidl_typesupport_cpp.so
[1.105s] -- Up-to-date: /home/manuel/buggy_ws_beta.a/install/ackermann_msgs/share/ackermann_msgs/environment/pythonpath.sh
[1.105s] -- Up-to-date: /home/manuel/buggy_ws_beta.a/install/ackermann_msgs/share/ackermann_msgs/environment/pythonpath.dsv
[1.105s] -- Up-to-date: /home/manuel/buggy_ws_beta.a/install/ackermann_msgs/lib/python3.8/site-packages/ackermann_msgs/__init__.py
[1.117s] -- Up-to-date: /home/manuel/buggy_ws_beta.a/install/ackermann_msgs/lib/python3.8/site-packages/ackermann_msgs/msg
[1.117s] -- Up-to-date: /home/manuel/buggy_ws_beta.a/install/ackermann_msgs/lib/python3.8/site-packages/ackermann_msgs/msg/_ackermann_drive_stamped.py
[1.117s] -- Up-to-date: /home/manuel/buggy_ws_beta.a/install/ackermann_msgs/lib/python3.8/site-packages/ackermann_msgs/msg/_ackermann_drive.py
[1.117s] -- Up-to-date: /home/manuel/buggy_ws_beta.a/install/ackermann_msgs/lib/python3.8/site-packages/ackermann_msgs/msg/_ackermann_drive_s.c
[1.117s] -- Up-to-date: /home/manuel/buggy_ws_beta.a/install/ackermann_msgs/lib/python3.8/site-packages/ackermann_msgs/msg/_ackermann_drive_stamped_s.c
[1.117s] -- Up-to-date: /home/manuel/buggy_ws_beta.a/install/ackermann_msgs/lib/python3.8/site-packages/ackermann_msgs/msg/__init__.py
[1.120s] -- Up-to-date: /home/manuel/buggy_ws_beta.a/install/ackermann_msgs/lib/python3.8/site-packages/ackermann_msgs/ackermann_msgs_s__rosidl_typesupport_fastrtps_c.cpython-38-x86_64-linux-gnu.so
[1.135s] -- Up-to-date: /home/manuel/buggy_ws_beta.a/install/ackermann_msgs/lib/python3.8/site-packages/ackermann_msgs/ackermann_msgs_s__rosidl_typesupport_introspection_c.cpython-38-x86_64-linux-gnu.so
[1.135s] -- Up-to-date: /home/manuel/buggy_ws_beta.a/install/ackermann_msgs/lib/python3.8/site-packages/ackermann_msgs/ackermann_msgs_s__rosidl_typesupport_c.cpython-38-x86_64-linux-gnu.so
[1.135s] -- Up-to-date: /home/manuel/buggy_ws_beta.a/install/ackermann_msgs/lib/libackermann_msgs__python.so
[1.135s] -- Up-to-date: /home/manuel/buggy_ws_beta.a/install/ackermann_msgs/share/ackermann_msgs/msg/AckermannDrive.idl
[1.138s] -- Up-to-date: /home/manuel/buggy_ws_beta.a/install/ackermann_msgs/share/ackermann_msgs/msg/AckermannDriveStamped.idl
[1.138s] -- Up-to-date: /home/manuel/buggy_ws_beta.a/install/ackermann_msgs/share/ackermann_msgs/msg/AckermannDrive.msg
[1.138s] -- Up-to-date: /home/manuel/buggy_ws_beta.a/install/ackermann_msgs/share/ackermann_msgs/msg/AckermannDriveStamped.msg
[1.139s] -- Up-to-date: /home/manuel/buggy_ws_beta.a/install/ackermann_msgs/share/ament_index/resource_index/package_run_dependencies/ackermann_msgs
[1.139s] -- Up-to-date: /home/manuel/buggy_ws_beta.a/install/ackermann_msgs/share/ament_index/resource_index/parent_prefix_path/ackermann_msgs
[1.139s] -- Up-to-date: /home/manuel/buggy_ws_beta.a/install/ackermann_msgs/share/ackermann_msgs/environment/ament_prefix_path.sh
[1.139s] -- Up-to-date: /home/manuel/buggy_ws_beta.a/install/ackermann_msgs/share/ackermann_msgs/environment/ament_prefix_path.dsv
[1.139s] -- Up-to-date: /home/manuel/buggy_ws_beta.a/install/ackermann_msgs/share/ackermann_msgs/environment/path.sh
[1.140s] -- Up-to-date: /home/manuel/buggy_ws_beta.a/install/ackermann_msgs/share/ackermann_msgs/environment/path.dsv
[1.140s] -- Up-to-date: /home/manuel/buggy_ws_beta.a/install/ackermann_msgs/share/ackermann_msgs/local_setup.bash
[1.140s] -- Up-to-date: /home/manuel/buggy_ws_beta.a/install/ackermann_msgs/share/ackermann_msgs/local_setup.sh
[1.140s] -- Up-to-date: /home/manuel/buggy_ws_beta.a/install/ackermann_msgs/share/ackermann_msgs/local_setup.zsh
[1.140s] -- Up-to-date: /home/manuel/buggy_ws_beta.a/install/ackermann_msgs/share/ackermann_msgs/local_setup.dsv
[1.141s] -- Installing: /home/manuel/buggy_ws_beta.a/install/ackermann_msgs/share/ackermann_msgs/package.dsv
[1.141s] -- Up-to-date: /home/manuel/buggy_ws_beta.a/install/ackermann_msgs/share/ament_index/resource_index/packages/ackermann_msgs
[1.141s] -- Up-to-date: /home/manuel/buggy_ws_beta.a/install/ackermann_msgs/share/ackermann_msgs/cmake/ackermann_msgs__rosidl_generator_cExport.cmake
[1.142s] -- Up-to-date: /home/manuel/buggy_ws_beta.a/install/ackermann_msgs/share/ackermann_msgs/cmake/ackermann_msgs__rosidl_generator_cExport-noconfig.cmake
[1.146s] -- Up-to-date: /home/manuel/buggy_ws_beta.a/install/ackermann_msgs/share/ackermann_msgs/cmake/ackermann_msgs__rosidl_typesupport_introspection_cExport.cmake
[1.146s] -- Up-to-date: /home/manuel/buggy_ws_beta.a/install/ackermann_msgs/share/ackermann_msgs/cmake/ackermann_msgs__rosidl_typesupport_introspection_cExport-noconfig.cmake
[1.146s] -- Up-to-date: /home/manuel/buggy_ws_beta.a/install/ackermann_msgs/share/ackermann_msgs/cmake/ackermann_msgs__rosidl_typesupport_cExport.cmake
[1.146s] -- Up-to-date: /home/manuel/buggy_ws_beta.a/install/ackermann_msgs/share/ackermann_msgs/cmake/ackermann_msgs__rosidl_typesupport_cExport-noconfig.cmake
[1.146s] -- Up-to-date: /home/manuel/buggy_ws_beta.a/install/ackermann_msgs/share/ackermann_msgs/cmake/ackermann_msgs__rosidl_generator_cppExport.cmake
[1.146s] -- Up-to-date: /home/manuel/buggy_ws_beta.a/install/ackermann_msgs/share/ackermann_msgs/cmake/ackermann_msgs__rosidl_typesupport_introspection_cppExport.cmake
[1.147s] -- Up-to-date: /home/manuel/buggy_ws_beta.a/install/ackermann_msgs/share/ackermann_msgs/cmake/ackermann_msgs__rosidl_typesupport_introspection_cppExport-noconfig.cmake
[1.147s] -- Up-to-date: /home/manuel/buggy_ws_beta.a/install/ackermann_msgs/share/ackermann_msgs/cmake/ackermann_msgs__rosidl_typesupport_cppExport.cmake
[1.147s] -- Up-to-date: /home/manuel/buggy_ws_beta.a/install/ackermann_msgs/share/ackermann_msgs/cmake/ackermann_msgs__rosidl_typesupport_cppExport-noconfig.cmake
[1.147s] -- Up-to-date: /home/manuel/buggy_ws_beta.a/install/ackermann_msgs/share/ackermann_msgs/cmake/rosidl_cmake-extras.cmake
[1.147s] -- Up-to-date: /home/manuel/buggy_ws_beta.a/install/ackermann_msgs/share/ackermann_msgs/cmake/ament_cmake_export_dependencies-extras.cmake
[1.147s] -- Up-to-date: /home/manuel/buggy_ws_beta.a/install/ackermann_msgs/share/ackermann_msgs/cmake/ament_cmake_export_libraries-extras.cmake
[1.147s] -- Up-to-date: /home/manuel/buggy_ws_beta.a/install/ackermann_msgs/share/ackermann_msgs/cmake/ament_cmake_export_targets-extras.cmake
[1.147s] -- Up-to-date: /home/manuel/buggy_ws_beta.a/install/ackermann_msgs/share/ackermann_msgs/cmake/ament_cmake_export_include_directories-extras.cmake
[1.147s] -- Up-to-date: /home/manuel/buggy_ws_beta.a/install/ackermann_msgs/share/ackermann_msgs/cmake/rosidl_cmake_export_typesupport_libraries-extras.cmake
[1.148s] -- Up-to-date: /home/manuel/buggy_ws_beta.a/install/ackermann_msgs/share/ackermann_msgs/cmake/rosidl_cmake_export_typesupport_targets-extras.cmake
[1.148s] -- Up-to-date: /home/manuel/buggy_ws_beta.a/install/ackermann_msgs/share/ackermann_msgs/cmake/ackermann_msgsConfig.cmake
[1.148s] -- Up-to-date: /home/manuel/buggy_ws_beta.a/install/ackermann_msgs/share/ackermann_msgs/cmake/ackermann_msgsConfig-version.cmake
[1.148s] -- Up-to-date: /home/manuel/buggy_ws_beta.a/install/ackermann_msgs/share/ackermann_msgs/package.xml
[1.255s] Invoked command in '/home/manuel/buggy_ws_beta.a/build/ackermann_msgs' returned '0': CMAKE_PREFIX_PATH=${CMAKE_PREFIX_PATH}:/home/manuel/buggy_ws_beta.a/install/joint_state_publisher_gui:/home/manuel/buggy_ws_beta.a/install/joint_state_publisher:/home/manuel/buggy_ws_beta.a/install/ackermann_odometry:/home/manuel/buggy_ws_beta.a/install/ackermann_controller:/home/manuel/buggy_space/install/joint_state_publisher_gui:/home/manuel/buggy_space/install/joint_state_publisher:/home/manuel/buggy_space/install/ackermann_odometry:/home/manuel/buggy_space/install/ackermann_controller:/opt/ros/foxy /usr/bin/cmake --install /home/manuel/buggy_ws_beta.a/build/ackermann_msgs
