[0.473s] Invoking command in '/home/manuel/buggy_ws_beta.a/build/robot_localization': CMAKE_PREFIX_PATH=${CMAKE_PREFIX_PATH}:/home/manuel/buggy_ws_beta.a/install/joint_state_publisher_gui:/home/manuel/buggy_ws_beta.a/install/joint_state_publisher:/home/manuel/buggy_ws_beta.a/install/ackermann_odometry:/home/manuel/buggy_ws_beta.a/install/ackermann_controller:/home/manuel/buggy_space/install/joint_state_publisher_gui:/home/manuel/buggy_space/install/joint_state_publisher:/home/manuel/buggy_space/install/ackermann_odometry:/home/manuel/buggy_space/install/ackermann_controller:/opt/ros/foxy /usr/bin/cmake --build /home/manuel/buggy_ws_beta.a/build/robot_localization -- -j16 -l16
[0.545s] [  1%] Built target gtest_main
[0.551s] [  3%] Built target gtest
[0.558s] [  4%] Built target robot_localization__cpp
[0.565s] [ 11%] Built target robot_localization__rosidl_generator_c
[0.606s] [ 18%] Built target robot_localization__rosidl_typesupport_cpp
[0.630s] [ 25%] Built target robot_localization__rosidl_typesupport_introspection_cpp
[0.637s] [ 32%] Built target robot_localization__rosidl_typesupport_c
[0.638s] [ 39%] Built target robot_localization__rosidl_typesupport_fastrtps_cpp
[0.644s] [ 46%] Built target robot_localization__rosidl_typesupport_introspection_c
[0.699s] [ 53%] Built target robot_localization__rosidl_typesupport_fastrtps_c
[0.718s] [ 53%] Built target robot_localization
[0.742s] [ 54%] Built target robot_localization__py
[0.780s] [ 63%] Built target rl_lib
[0.781s] [ 69%] Built target robot_localization__python
[0.846s] [ 73%] Built target test_ekf
[0.846s] [ 74%] Built target ukf_node
[0.846s] [ 74%] Built target test_navsat_conversions
[0.851s] [ 76%] Built target test_ros_robot_localization_listener
[0.857s] [ 78%] Built target test_robot_localization_estimator
[0.860s] [ 80%] Built target test_navsat_transform
[0.861s] [ 81%] Built target test_ros_robot_localization_listener_publisher
[0.861s] [ 83%] Built target robot_localization__rosidl_typesupport_introspection_c__pyext
[0.864s] [ 84%] Built target ekf_node
[0.876s] [ 86%] Built target test_ukf
[0.895s] [ 87%] Built target robot_localization__rosidl_typesupport_c__pyext
[0.897s] [ 89%] Built target filter_base-test
[0.902s] [ 91%] Built target navsat_transform_node
[0.912s] [ 93%] Built target robot_localization__rosidl_typesupport_fastrtps_c__pyext
[0.966s] [ 94%] Built target robot_localization_listener_node
[1.024s] [ 96%] Built target test_ukf_localization_node_interfaces
[1.026s] [ 98%] Built target test_ekf_localization_node_interfaces
[1.031s] [100%] Built target test_filter_base_diagnostics_timestamps
[1.166s] Invoked command in '/home/manuel/buggy_ws_beta.a/build/robot_localization' returned '0': CMAKE_PREFIX_PATH=${CMAKE_PREFIX_PATH}:/home/manuel/buggy_ws_beta.a/install/joint_state_publisher_gui:/home/manuel/buggy_ws_beta.a/install/joint_state_publisher:/home/manuel/buggy_ws_beta.a/install/ackermann_odometry:/home/manuel/buggy_ws_beta.a/install/ackermann_controller:/home/manuel/buggy_space/install/joint_state_publisher_gui:/home/manuel/buggy_space/install/joint_state_publisher:/home/manuel/buggy_space/install/ackermann_odometry:/home/manuel/buggy_space/install/ackermann_controller:/opt/ros/foxy /usr/bin/cmake --build /home/manuel/buggy_ws_beta.a/build/robot_localization -- -j16 -l16
[1.728s] Invoking command in '/home/manuel/buggy_ws_beta.a/build/robot_localization': CMAKE_PREFIX_PATH=${CMAKE_PREFIX_PATH}:/home/manuel/buggy_ws_beta.a/install/joint_state_publisher_gui:/home/manuel/buggy_ws_beta.a/install/joint_state_publisher:/home/manuel/buggy_ws_beta.a/install/ackermann_odometry:/home/manuel/buggy_ws_beta.a/install/ackermann_controller:/home/manuel/buggy_space/install/joint_state_publisher_gui:/home/manuel/buggy_space/install/joint_state_publisher:/home/manuel/buggy_space/install/ackermann_odometry:/home/manuel/buggy_space/install/ackermann_controller:/opt/ros/foxy /usr/bin/cmake --install /home/manuel/buggy_ws_beta.a/build/robot_localization
[1.778s] -- Install configuration: "RelWithDebInfo"
[1.781s] -- Up-to-date: /home/manuel/buggy_ws_beta.a/install/robot_localization/share/ament_index/resource_index/rosidl_interfaces/robot_localization
[1.781s] -- Up-to-date: /home/manuel/buggy_ws_beta.a/install/robot_localization/include/robot_localization
[1.782s] -- Up-to-date: /home/manuel/buggy_ws_beta.a/install/robot_localization/include/robot_localization/srv
[1.782s] -- Up-to-date: /home/manuel/buggy_ws_beta.a/install/robot_localization/include/robot_localization/srv/detail
[1.782s] -- Up-to-date: /home/manuel/buggy_ws_beta.a/install/robot_localization/include/robot_localization/srv/detail/set_pose__functions.c
[1.783s] -- Up-to-date: /home/manuel/buggy_ws_beta.a/install/robot_localization/include/robot_localization/srv/detail/to_ll__functions.h
[1.783s] -- Up-to-date: /home/manuel/buggy_ws_beta.a/install/robot_localization/include/robot_localization/srv/detail/set_datum__type_support.h
[1.787s] -- Up-to-date: /home/manuel/buggy_ws_beta.a/install/robot_localization/include/robot_localization/srv/detail/set_datum__struct.h
[1.787s] -- Up-to-date: /home/manuel/buggy_ws_beta.a/install/robot_localization/include/robot_localization/srv/detail/set_pose__type_support.h
[1.787s] -- Up-to-date: /home/manuel/buggy_ws_beta.a/install/robot_localization/include/robot_localization/srv/detail/to_ll__struct.h
[1.787s] -- Up-to-date: /home/manuel/buggy_ws_beta.a/install/robot_localization/include/robot_localization/srv/detail/to_ll__functions.c
[1.788s] -- Up-to-date: /home/manuel/buggy_ws_beta.a/install/robot_localization/include/robot_localization/srv/detail/set_datum__functions.c
[1.788s] -- Up-to-date: /home/manuel/buggy_ws_beta.a/install/robot_localization/include/robot_localization/srv/detail/toggle_filter_processing__functions.h
[1.788s] -- Up-to-date: /home/manuel/buggy_ws_beta.a/install/robot_localization/include/robot_localization/srv/detail/from_ll__functions.h
[1.788s] -- Up-to-date: /home/manuel/buggy_ws_beta.a/install/robot_localization/include/robot_localization/srv/detail/from_ll__functions.c
[1.788s] -- Up-to-date: /home/manuel/buggy_ws_beta.a/install/robot_localization/include/robot_localization/srv/detail/set_pose__functions.h
[1.788s] -- Up-to-date: /home/manuel/buggy_ws_beta.a/install/robot_localization/include/robot_localization/srv/detail/toggle_filter_processing__struct.h
[1.788s] -- Up-to-date: /home/manuel/buggy_ws_beta.a/install/robot_localization/include/robot_localization/srv/detail/from_ll__struct.h
[1.788s] -- Up-to-date: /home/manuel/buggy_ws_beta.a/install/robot_localization/include/robot_localization/srv/detail/get_state__functions.c
[1.789s] -- Up-to-date: /home/manuel/buggy_ws_beta.a/install/robot_localization/include/robot_localization/srv/detail/toggle_filter_processing__functions.c
[1.789s] -- Up-to-date: /home/manuel/buggy_ws_beta.a/install/robot_localization/include/robot_localization/srv/detail/from_ll__type_support.h
[1.789s] -- Up-to-date: /home/manuel/buggy_ws_beta.a/install/robot_localization/include/robot_localization/srv/detail/set_pose__struct.h
[1.789s] -- Up-to-date: /home/manuel/buggy_ws_beta.a/install/robot_localization/include/robot_localization/srv/detail/get_state__type_support.h
[1.789s] -- Up-to-date: /home/manuel/buggy_ws_beta.a/install/robot_localization/include/robot_localization/srv/detail/get_state__struct.h
[1.790s] -- Up-to-date: /home/manuel/buggy_ws_beta.a/install/robot_localization/include/robot_localization/srv/detail/to_ll__type_support.h
[1.790s] -- Up-to-date: /home/manuel/buggy_ws_beta.a/install/robot_localization/include/robot_localization/srv/detail/toggle_filter_processing__type_support.h
[1.790s] -- Up-to-date: /home/manuel/buggy_ws_beta.a/install/robot_localization/include/robot_localization/srv/detail/get_state__functions.h
[1.790s] -- Up-to-date: /home/manuel/buggy_ws_beta.a/install/robot_localization/include/robot_localization/srv/detail/set_datum__functions.h
[1.795s] -- Up-to-date: /home/manuel/buggy_ws_beta.a/install/robot_localization/include/robot_localization/srv/to_ll.h
[1.795s] -- Up-to-date: /home/manuel/buggy_ws_beta.a/install/robot_localization/include/robot_localization/srv/get_state.h
[1.795s] -- Up-to-date: /home/manuel/buggy_ws_beta.a/install/robot_localization/include/robot_localization/srv/set_datum.h
[1.795s] -- Up-to-date: /home/manuel/buggy_ws_beta.a/install/robot_localization/include/robot_localization/srv/toggle_filter_processing.h
[1.796s] -- Up-to-date: /home/manuel/buggy_ws_beta.a/install/robot_localization/include/robot_localization/srv/set_pose.h
[1.796s] -- Up-to-date: /home/manuel/buggy_ws_beta.a/install/robot_localization/include/robot_localization/srv/from_ll.h
[1.796s] -- Up-to-date: /home/manuel/buggy_ws_beta.a/install/robot_localization/include/robot_localization/msg
[1.796s] -- Up-to-date: /home/manuel/buggy_ws_beta.a/install/robot_localization/include/robot_localization/msg/rosidl_generator_c__visibility_control.h
[1.797s] -- Up-to-date: /home/manuel/buggy_ws_beta.a/install/robot_localization/share/robot_localization/environment/library_path.sh
[1.797s] -- Up-to-date: /home/manuel/buggy_ws_beta.a/install/robot_localization/share/robot_localization/environment/library_path.dsv
[1.797s] -- Up-to-date: /home/manuel/buggy_ws_beta.a/install/robot_localization/lib/librobot_localization__rosidl_generator_c.so
[1.797s] -- Up-to-date: /home/manuel/buggy_ws_beta.a/install/robot_localization/include/robot_localization
[1.797s] -- Up-to-date: /home/manuel/buggy_ws_beta.a/install/robot_localization/include/robot_localization/srv
[1.797s] -- Up-to-date: /home/manuel/buggy_ws_beta.a/install/robot_localization/include/robot_localization/srv/detail
[1.797s] -- Up-to-date: /home/manuel/buggy_ws_beta.a/install/robot_localization/include/robot_localization/srv/detail/to_ll__rosidl_typesupport_fastrtps_c.h
[1.798s] -- Up-to-date: /home/manuel/buggy_ws_beta.a/install/robot_localization/include/robot_localization/srv/detail/get_state__rosidl_typesupport_fastrtps_c.h
[1.798s] -- Up-to-date: /home/manuel/buggy_ws_beta.a/install/robot_localization/include/robot_localization/srv/detail/toggle_filter_processing__rosidl_typesupport_fastrtps_c.h
[1.799s] -- Up-to-date: /home/manuel/buggy_ws_beta.a/install/robot_localization/include/robot_localization/srv/detail/set_datum__rosidl_typesupport_fastrtps_c.h
[1.800s] -- Up-to-date: /home/manuel/buggy_ws_beta.a/install/robot_localization/include/robot_localization/srv/detail/set_pose__rosidl_typesupport_fastrtps_c.h
[1.800s] -- Up-to-date: /home/manuel/buggy_ws_beta.a/install/robot_localization/include/robot_localization/srv/detail/from_ll__rosidl_typesupport_fastrtps_c.h
[1.800s] -- Up-to-date: /home/manuel/buggy_ws_beta.a/install/robot_localization/include/robot_localization/msg
[1.800s] -- Up-to-date: /home/manuel/buggy_ws_beta.a/install/robot_localization/include/robot_localization/msg/rosidl_typesupport_fastrtps_c__visibility_control.h
[1.800s] -- Up-to-date: /home/manuel/buggy_ws_beta.a/install/robot_localization/lib/librobot_localization__rosidl_typesupport_fastrtps_c.so
[1.800s] -- Up-to-date: /home/manuel/buggy_ws_beta.a/install/robot_localization/include/robot_localization
[1.800s] -- Up-to-date: /home/manuel/buggy_ws_beta.a/install/robot_localization/include/robot_localization/srv
[1.802s] -- Up-to-date: /home/manuel/buggy_ws_beta.a/install/robot_localization/include/robot_localization/srv/detail
[1.802s] -- Up-to-date: /home/manuel/buggy_ws_beta.a/install/robot_localization/include/robot_localization/srv/detail/dds_fastrtps
[1.805s] -- Up-to-date: /home/manuel/buggy_ws_beta.a/install/robot_localization/include/robot_localization/srv/detail/set_datum__rosidl_typesupport_fastrtps_cpp.hpp
[1.806s] -- Up-to-date: /home/manuel/buggy_ws_beta.a/install/robot_localization/include/robot_localization/srv/detail/to_ll__rosidl_typesupport_fastrtps_cpp.hpp
[1.806s] -- Up-to-date: /home/manuel/buggy_ws_beta.a/install/robot_localization/include/robot_localization/srv/detail/toggle_filter_processing__rosidl_typesupport_fastrtps_cpp.hpp
[1.806s] -- Up-to-date: /home/manuel/buggy_ws_beta.a/install/robot_localization/include/robot_localization/srv/detail/from_ll__rosidl_typesupport_fastrtps_cpp.hpp
[1.806s] -- Up-to-date: /home/manuel/buggy_ws_beta.a/install/robot_localization/include/robot_localization/srv/detail/get_state__rosidl_typesupport_fastrtps_cpp.hpp
[1.806s] -- Up-to-date: /home/manuel/buggy_ws_beta.a/install/robot_localization/include/robot_localization/srv/detail/set_pose__rosidl_typesupport_fastrtps_cpp.hpp
[1.806s] -- Up-to-date: /home/manuel/buggy_ws_beta.a/install/robot_localization/include/robot_localization/msg
[1.806s] -- Up-to-date: /home/manuel/buggy_ws_beta.a/install/robot_localization/include/robot_localization/msg/rosidl_typesupport_fastrtps_cpp__visibility_control.h
[1.807s] -- Up-to-date: /home/manuel/buggy_ws_beta.a/install/robot_localization/lib/librobot_localization__rosidl_typesupport_fastrtps_cpp.so
[1.807s] -- Up-to-date: /home/manuel/buggy_ws_beta.a/install/robot_localization/include/robot_localization
[1.807s] -- Up-to-date: /home/manuel/buggy_ws_beta.a/install/robot_localization/include/robot_localization/srv
[1.807s] -- Up-to-date: /home/manuel/buggy_ws_beta.a/install/robot_localization/include/robot_localization/srv/detail
[1.807s] -- Up-to-date: /home/manuel/buggy_ws_beta.a/install/robot_localization/include/robot_localization/srv/detail/set_pose__type_support.c
[1.807s] -- Up-to-date: /home/manuel/buggy_ws_beta.a/install/robot_localization/include/robot_localization/srv/detail/get_state__type_support.c
[1.807s] -- Up-to-date: /home/manuel/buggy_ws_beta.a/install/robot_localization/include/robot_localization/srv/detail/from_ll__rosidl_typesupport_introspection_c.h
[1.807s] -- Up-to-date: /home/manuel/buggy_ws_beta.a/install/robot_localization/include/robot_localization/srv/detail/get_state__rosidl_typesupport_introspection_c.h
[1.807s] -- Up-to-date: /home/manuel/buggy_ws_beta.a/install/robot_localization/include/robot_localization/srv/detail/from_ll__type_support.c
[1.807s] -- Up-to-date: /home/manuel/buggy_ws_beta.a/install/robot_localization/include/robot_localization/srv/detail/toggle_filter_processing__rosidl_typesupport_introspection_c.h
[1.807s] -- Up-to-date: /home/manuel/buggy_ws_beta.a/install/robot_localization/include/robot_localization/srv/detail/set_pose__rosidl_typesupport_introspection_c.h
[1.807s] -- Up-to-date: /home/manuel/buggy_ws_beta.a/install/robot_localization/include/robot_localization/srv/detail/to_ll__rosidl_typesupport_introspection_c.h
[1.808s] -- Up-to-date: /home/manuel/buggy_ws_beta.a/install/robot_localization/include/robot_localization/srv/detail/toggle_filter_processing__type_support.c
[1.808s] -- Up-to-date: /home/manuel/buggy_ws_beta.a/install/robot_localization/include/robot_localization/srv/detail/to_ll__type_support.c
[1.808s] -- Up-to-date: /home/manuel/buggy_ws_beta.a/install/robot_localization/include/robot_localization/srv/detail/set_datum__rosidl_typesupport_introspection_c.h
[1.808s] -- Up-to-date: /home/manuel/buggy_ws_beta.a/install/robot_localization/include/robot_localization/srv/detail/set_datum__type_support.c
[1.808s] -- Up-to-date: /home/manuel/buggy_ws_beta.a/install/robot_localization/include/robot_localization/msg
[1.808s] -- Up-to-date: /home/manuel/buggy_ws_beta.a/install/robot_localization/include/robot_localization/msg/rosidl_typesupport_introspection_c__visibility_control.h
[1.808s] -- Up-to-date: /home/manuel/buggy_ws_beta.a/install/robot_localization/lib/librobot_localization__rosidl_typesupport_introspection_c.so
[1.808s] -- Up-to-date: /home/manuel/buggy_ws_beta.a/install/robot_localization/lib/librobot_localization__rosidl_typesupport_c.so
[1.808s] -- Up-to-date: /home/manuel/buggy_ws_beta.a/install/robot_localization/include/robot_localization
[1.808s] -- Up-to-date: /home/manuel/buggy_ws_beta.a/install/robot_localization/include/robot_localization/srv
[1.809s] -- Up-to-date: /home/manuel/buggy_ws_beta.a/install/robot_localization/include/robot_localization/srv/detail
[1.809s] -- Up-to-date: /home/manuel/buggy_ws_beta.a/install/robot_localization/include/robot_localization/srv/detail/set_datum__traits.hpp
[1.809s] -- Up-to-date: /home/manuel/buggy_ws_beta.a/install/robot_localization/include/robot_localization/srv/detail/from_ll__builder.hpp
[1.809s] -- Up-to-date: /home/manuel/buggy_ws_beta.a/install/robot_localization/include/robot_localization/srv/detail/toggle_filter_processing__builder.hpp
[1.809s] -- Up-to-date: /home/manuel/buggy_ws_beta.a/install/robot_localization/include/robot_localization/srv/detail/from_ll__traits.hpp
[1.809s] -- Up-to-date: /home/manuel/buggy_ws_beta.a/install/robot_localization/include/robot_localization/srv/detail/toggle_filter_processing__traits.hpp
[1.809s] -- Up-to-date: /home/manuel/buggy_ws_beta.a/install/robot_localization/include/robot_localization/srv/detail/set_datum__builder.hpp
[1.809s] -- Up-to-date: /home/manuel/buggy_ws_beta.a/install/robot_localization/include/robot_localization/srv/detail/to_ll__builder.hpp
[1.809s] -- Up-to-date: /home/manuel/buggy_ws_beta.a/install/robot_localization/include/robot_localization/srv/detail/set_datum__struct.hpp
[1.809s] -- Up-to-date: /home/manuel/buggy_ws_beta.a/install/robot_localization/include/robot_localization/srv/detail/toggle_filter_processing__struct.hpp
[1.809s] -- Up-to-date: /home/manuel/buggy_ws_beta.a/install/robot_localization/include/robot_localization/srv/detail/from_ll__struct.hpp
[1.810s] -- Up-to-date: /home/manuel/buggy_ws_beta.a/install/robot_localization/include/robot_localization/srv/detail/get_state__traits.hpp
[1.810s] -- Up-to-date: /home/manuel/buggy_ws_beta.a/install/robot_localization/include/robot_localization/srv/detail/get_state__struct.hpp
[1.810s] -- Up-to-date: /home/manuel/buggy_ws_beta.a/install/robot_localization/include/robot_localization/srv/detail/set_pose__traits.hpp
[1.810s] -- Up-to-date: /home/manuel/buggy_ws_beta.a/install/robot_localization/include/robot_localization/srv/detail/to_ll__struct.hpp
[1.810s] -- Up-to-date: /home/manuel/buggy_ws_beta.a/install/robot_localization/include/robot_localization/srv/detail/set_pose__struct.hpp
[1.810s] -- Up-to-date: /home/manuel/buggy_ws_beta.a/install/robot_localization/include/robot_localization/srv/detail/to_ll__traits.hpp
[1.810s] -- Up-to-date: /home/manuel/buggy_ws_beta.a/install/robot_localization/include/robot_localization/srv/detail/get_state__builder.hpp
[1.810s] -- Up-to-date: /home/manuel/buggy_ws_beta.a/install/robot_localization/include/robot_localization/srv/detail/set_pose__builder.hpp
[1.810s] -- Up-to-date: /home/manuel/buggy_ws_beta.a/install/robot_localization/include/robot_localization/srv/set_pose.hpp
[1.810s] -- Up-to-date: /home/manuel/buggy_ws_beta.a/install/robot_localization/include/robot_localization/srv/to_ll.hpp
[1.811s] -- Up-to-date: /home/manuel/buggy_ws_beta.a/install/robot_localization/include/robot_localization/srv/set_datum.hpp
[1.811s] -- Up-to-date: /home/manuel/buggy_ws_beta.a/install/robot_localization/include/robot_localization/srv/toggle_filter_processing.hpp
[1.811s] -- Up-to-date: /home/manuel/buggy_ws_beta.a/install/robot_localization/include/robot_localization/srv/get_state.hpp
[1.811s] -- Up-to-date: /home/manuel/buggy_ws_beta.a/install/robot_localization/include/robot_localization/srv/from_ll.hpp
[1.811s] -- Up-to-date: /home/manuel/buggy_ws_beta.a/install/robot_localization/include/robot_localization
[1.811s] -- Up-to-date: /home/manuel/buggy_ws_beta.a/install/robot_localization/include/robot_localization/srv
[1.811s] -- Up-to-date: /home/manuel/buggy_ws_beta.a/install/robot_localization/include/robot_localization/srv/detail
[1.811s] -- Up-to-date: /home/manuel/buggy_ws_beta.a/install/robot_localization/include/robot_localization/srv/detail/from_ll__type_support.cpp
[1.811s] -- Up-to-date: /home/manuel/buggy_ws_beta.a/install/robot_localization/include/robot_localization/srv/detail/get_state__type_support.cpp
[1.811s] -- Up-to-date: /home/manuel/buggy_ws_beta.a/install/robot_localization/include/robot_localization/srv/detail/set_pose__type_support.cpp
[1.811s] -- Up-to-date: /home/manuel/buggy_ws_beta.a/install/robot_localization/include/robot_localization/srv/detail/get_state__rosidl_typesupport_introspection_cpp.hpp
[1.812s] -- Up-to-date: /home/manuel/buggy_ws_beta.a/install/robot_localization/include/robot_localization/srv/detail/set_pose__rosidl_typesupport_introspection_cpp.hpp
[1.812s] -- Up-to-date: /home/manuel/buggy_ws_beta.a/install/robot_localization/include/robot_localization/srv/detail/to_ll__type_support.cpp
[1.812s] -- Up-to-date: /home/manuel/buggy_ws_beta.a/install/robot_localization/include/robot_localization/srv/detail/set_datum__type_support.cpp
[1.812s] -- Up-to-date: /home/manuel/buggy_ws_beta.a/install/robot_localization/include/robot_localization/srv/detail/set_datum__rosidl_typesupport_introspection_cpp.hpp
[1.812s] -- Up-to-date: /home/manuel/buggy_ws_beta.a/install/robot_localization/include/robot_localization/srv/detail/toggle_filter_processing__rosidl_typesupport_introspection_cpp.hpp
[1.812s] -- Up-to-date: /home/manuel/buggy_ws_beta.a/install/robot_localization/include/robot_localization/srv/detail/from_ll__rosidl_typesupport_introspection_cpp.hpp
[1.812s] -- Up-to-date: /home/manuel/buggy_ws_beta.a/install/robot_localization/include/robot_localization/srv/detail/toggle_filter_processing__type_support.cpp
[1.812s] -- Up-to-date: /home/manuel/buggy_ws_beta.a/install/robot_localization/include/robot_localization/srv/detail/to_ll__rosidl_typesupport_introspection_cpp.hpp
[1.812s] -- Up-to-date: /home/manuel/buggy_ws_beta.a/install/robot_localization/lib/librobot_localization__rosidl_typesupport_introspection_cpp.so
[1.813s] -- Up-to-date: /home/manuel/buggy_ws_beta.a/install/robot_localization/lib/librobot_localization__rosidl_typesupport_cpp.so
[1.813s] -- Up-to-date: /home/manuel/buggy_ws_beta.a/install/robot_localization/share/robot_localization/environment/pythonpath.sh
[1.813s] -- Up-to-date: /home/manuel/buggy_ws_beta.a/install/robot_localization/share/robot_localization/environment/pythonpath.dsv
[1.813s] -- Up-to-date: /home/manuel/buggy_ws_beta.a/install/robot_localization/lib/python3.8/site-packages/robot_localization/__init__.py
[1.813s] -- Up-to-date: /home/manuel/buggy_ws_beta.a/install/robot_localization/lib/python3.8/site-packages/robot_localization/srv
[1.813s] -- Up-to-date: /home/manuel/buggy_ws_beta.a/install/robot_localization/lib/python3.8/site-packages/robot_localization/srv/_from_ll_s.c
[1.813s] -- Up-to-date: /home/manuel/buggy_ws_beta.a/install/robot_localization/lib/python3.8/site-packages/robot_localization/srv/_toggle_filter_processing.py
[1.813s] -- Up-to-date: /home/manuel/buggy_ws_beta.a/install/robot_localization/lib/python3.8/site-packages/robot_localization/srv/_toggle_filter_processing_s.c
[1.813s] -- Up-to-date: /home/manuel/buggy_ws_beta.a/install/robot_localization/lib/python3.8/site-packages/robot_localization/srv/_set_datum.py
[1.813s] -- Up-to-date: /home/manuel/buggy_ws_beta.a/install/robot_localization/lib/python3.8/site-packages/robot_localization/srv/_set_pose_s.c
[1.814s] -- Up-to-date: /home/manuel/buggy_ws_beta.a/install/robot_localization/lib/python3.8/site-packages/robot_localization/srv/_from_ll.py
[1.814s] -- Up-to-date: /home/manuel/buggy_ws_beta.a/install/robot_localization/lib/python3.8/site-packages/robot_localization/srv/_set_datum_s.c
[1.814s] -- Up-to-date: /home/manuel/buggy_ws_beta.a/install/robot_localization/lib/python3.8/site-packages/robot_localization/srv/_get_state_s.c
[1.814s] -- Up-to-date: /home/manuel/buggy_ws_beta.a/install/robot_localization/lib/python3.8/site-packages/robot_localization/srv/_to_ll.py
[1.814s] -- Up-to-date: /home/manuel/buggy_ws_beta.a/install/robot_localization/lib/python3.8/site-packages/robot_localization/srv/_to_ll_s.c
[1.814s] -- Up-to-date: /home/manuel/buggy_ws_beta.a/install/robot_localization/lib/python3.8/site-packages/robot_localization/srv/_get_state.py
[1.815s] -- Up-to-date: /home/manuel/buggy_ws_beta.a/install/robot_localization/lib/python3.8/site-packages/robot_localization/srv/__init__.py
[1.815s] -- Up-to-date: /home/manuel/buggy_ws_beta.a/install/robot_localization/lib/python3.8/site-packages/robot_localization/srv/_set_pose.py
[1.815s] -- Up-to-date: /home/manuel/buggy_ws_beta.a/install/robot_localization/lib/python3.8/site-packages/robot_localization/robot_localization_s__rosidl_typesupport_fastrtps_c.cpython-38-x86_64-linux-gnu.so
[1.815s] -- Up-to-date: /home/manuel/buggy_ws_beta.a/install/robot_localization/lib/python3.8/site-packages/robot_localization/robot_localization_s__rosidl_typesupport_introspection_c.cpython-38-x86_64-linux-gnu.so
[1.815s] -- Up-to-date: /home/manuel/buggy_ws_beta.a/install/robot_localization/lib/python3.8/site-packages/robot_localization/robot_localization_s__rosidl_typesupport_c.cpython-38-x86_64-linux-gnu.so
[1.815s] -- Up-to-date: /home/manuel/buggy_ws_beta.a/install/robot_localization/lib/librobot_localization__python.so
[1.815s] -- Up-to-date: /home/manuel/buggy_ws_beta.a/install/robot_localization/share/robot_localization/srv/FromLL.idl
[1.815s] -- Up-to-date: /home/manuel/buggy_ws_beta.a/install/robot_localization/share/robot_localization/srv/GetState.idl
[1.815s] -- Up-to-date: /home/manuel/buggy_ws_beta.a/install/robot_localization/share/robot_localization/srv/SetDatum.idl
[1.816s] -- Up-to-date: /home/manuel/buggy_ws_beta.a/install/robot_localization/share/robot_localization/srv/SetPose.idl
[1.816s] -- Up-to-date: /home/manuel/buggy_ws_beta.a/install/robot_localization/share/robot_localization/srv/ToggleFilterProcessing.idl
[1.816s] -- Up-to-date: /home/manuel/buggy_ws_beta.a/install/robot_localization/share/robot_localization/srv/ToLL.idl
[1.816s] -- Up-to-date: /home/manuel/buggy_ws_beta.a/install/robot_localization/share/robot_localization/srv/FromLL.srv
[1.816s] -- Up-to-date: /home/manuel/buggy_ws_beta.a/install/robot_localization/share/robot_localization/srv/FromLL_Request.msg
[1.816s] -- Up-to-date: /home/manuel/buggy_ws_beta.a/install/robot_localization/share/robot_localization/srv/FromLL_Response.msg
[1.816s] -- Up-to-date: /home/manuel/buggy_ws_beta.a/install/robot_localization/share/robot_localization/srv/GetState.srv
[1.816s] -- Up-to-date: /home/manuel/buggy_ws_beta.a/install/robot_localization/share/robot_localization/srv/GetState_Request.msg
[1.816s] -- Up-to-date: /home/manuel/buggy_ws_beta.a/install/robot_localization/share/robot_localization/srv/GetState_Response.msg
[1.816s] -- Up-to-date: /home/manuel/buggy_ws_beta.a/install/robot_localization/share/robot_localization/srv/SetDatum.srv
[1.816s] -- Up-to-date: /home/manuel/buggy_ws_beta.a/install/robot_localization/share/robot_localization/srv/SetDatum_Request.msg
[1.817s] -- Up-to-date: /home/manuel/buggy_ws_beta.a/install/robot_localization/share/robot_localization/srv/SetDatum_Response.msg
[1.817s] -- Up-to-date: /home/manuel/buggy_ws_beta.a/install/robot_localization/share/robot_localization/srv/SetPose.srv
[1.817s] -- Up-to-date: /home/manuel/buggy_ws_beta.a/install/robot_localization/share/robot_localization/srv/SetPose_Request.msg
[1.817s] -- Up-to-date: /home/manuel/buggy_ws_beta.a/install/robot_localization/share/robot_localization/srv/SetPose_Response.msg
[1.817s] -- Up-to-date: /home/manuel/buggy_ws_beta.a/install/robot_localization/share/robot_localization/srv/ToggleFilterProcessing.srv
[1.817s] -- Up-to-date: /home/manuel/buggy_ws_beta.a/install/robot_localization/share/robot_localization/srv/ToggleFilterProcessing_Request.msg
[1.817s] -- Up-to-date: /home/manuel/buggy_ws_beta.a/install/robot_localization/share/robot_localization/srv/ToggleFilterProcessing_Response.msg
[1.817s] -- Up-to-date: /home/manuel/buggy_ws_beta.a/install/robot_localization/share/robot_localization/srv/ToLL.srv
[1.817s] -- Up-to-date: /home/manuel/buggy_ws_beta.a/install/robot_localization/share/robot_localization/srv/ToLL_Request.msg
[1.817s] -- Up-to-date: /home/manuel/buggy_ws_beta.a/install/robot_localization/share/robot_localization/srv/ToLL_Response.msg
[1.817s] -- Up-to-date: /home/manuel/buggy_ws_beta.a/install/robot_localization/lib/robot_localization/filter_base-test
[1.817s] -- Up-to-date: /home/manuel/buggy_ws_beta.a/install/robot_localization/lib/robot_localization/test_filter_base_diagnostics_timestamps
[1.817s] -- Up-to-date: /home/manuel/buggy_ws_beta.a/install/robot_localization/lib/robot_localization/test_ekf
[1.817s] -- Up-to-date: /home/manuel/buggy_ws_beta.a/install/robot_localization/lib/robot_localization/test_ekf_localization_node_interfaces
[1.817s] -- Up-to-date: /home/manuel/buggy_ws_beta.a/install/robot_localization/lib/robot_localization/test_ukf
[1.817s] -- Up-to-date: /home/manuel/buggy_ws_beta.a/install/robot_localization/lib/robot_localization/test_ukf_localization_node_interfaces
[1.818s] -- Up-to-date: /home/manuel/buggy_ws_beta.a/install/robot_localization/lib/robot_localization/test_robot_localization_estimator
[1.818s] -- Up-to-date: /home/manuel/buggy_ws_beta.a/install/robot_localization/lib/robot_localization/test_navsat_conversions
[1.818s] -- Up-to-date: /home/manuel/buggy_ws_beta.a/install/robot_localization/lib/robot_localization/test_navsat_transform
[1.818s] -- Up-to-date: /home/manuel/buggy_ws_beta.a/install/robot_localization/lib/robot_localization/test_ros_robot_localization_listener
[1.818s] -- Up-to-date: /home/manuel/buggy_ws_beta.a/install/robot_localization/lib/robot_localization/test_ros_robot_localization_listener_publisher
[1.818s] -- Up-to-date: /home/manuel/buggy_ws_beta.a/install/robot_localization/share/robot_localization/test
[1.818s] -- Up-to-date: /home/manuel/buggy_ws_beta.a/install/robot_localization/share/robot_localization/test/test_ekf_localization_node_bag3.yaml
[1.818s] -- Up-to-date: /home/manuel/buggy_ws_beta.a/install/robot_localization/share/robot_localization/test/test_ukf.cpp
[1.818s] -- Up-to-date: /home/manuel/buggy_ws_beta.a/install/robot_localization/share/robot_localization/test/test_ukf_localization_node_interfaces.cpp
[1.818s] -- Up-to-date: /home/manuel/buggy_ws_beta.a/install/robot_localization/share/robot_localization/test/test_ekf_localization_node_bag1.launch.py
[1.818s] -- Up-to-date: /home/manuel/buggy_ws_beta.a/install/robot_localization/share/robot_localization/test/test_filter_base_diagnostics_timestamps.launch.py
[1.818s] -- Up-to-date: /home/manuel/buggy_ws_beta.a/install/robot_localization/share/robot_localization/test/test_navsat_transform.cpp
[1.818s] -- Up-to-date: /home/manuel/buggy_ws_beta.a/install/robot_localization/share/robot_localization/test/test_filter_base_diagnostics_timestamps.yaml
[1.818s] -- Up-to-date: /home/manuel/buggy_ws_beta.a/install/robot_localization/share/robot_localization/test/test_ekf_localization_node_interfaces.cpp
[1.818s] -- Up-to-date: /home/manuel/buggy_ws_beta.a/install/robot_localization/share/robot_localization/test/test_robot_localization_estimator.cpp
[1.818s] -- Up-to-date: /home/manuel/buggy_ws_beta.a/install/robot_localization/share/robot_localization/test/test_ekf_localization_node_interfaces.yaml
[1.819s] -- Up-to-date: /home/manuel/buggy_ws_beta.a/install/robot_localization/share/robot_localization/test/test_ekf_localization_node_bag3.sh
[1.819s] -- Up-to-date: /home/manuel/buggy_ws_beta.a/install/robot_localization/share/robot_localization/test/test_filter_base_diagnostics_timestamps.cpp
[1.819s] -- Up-to-date: /home/manuel/buggy_ws_beta.a/install/robot_localization/share/robot_localization/test/test_ekf_localization_node_bag3.launch.py
[1.819s] -- Up-to-date: /home/manuel/buggy_ws_beta.a/install/robot_localization/share/robot_localization/test/test_ekf_localization_node_bag1.sh
[1.819s] -- Up-to-date: /home/manuel/buggy_ws_beta.a/install/robot_localization/share/robot_localization/test/test_robot_localization_estimator.launch.py
[1.819s] -- Up-to-date: /home/manuel/buggy_ws_beta.a/install/robot_localization/share/robot_localization/test/test_filter_base.cpp
[1.819s] -- Up-to-date: /home/manuel/buggy_ws_beta.a/install/robot_localization/share/robot_localization/test/test1.bag
[1.819s] -- Up-to-date: /home/manuel/buggy_ws_beta.a/install/robot_localization/share/robot_localization/test/test_ekf_localization_node_interfaces.launch.py
[1.819s] -- Up-to-date: /home/manuel/buggy_ws_beta.a/install/robot_localization/share/robot_localization/test/test_ukf_localization_node_bag3.sh
[1.819s] -- Up-to-date: /home/manuel/buggy_ws_beta.a/install/robot_localization/share/robot_localization/test/test_ukf_localization_node_bag1.launch.py
[1.819s] -- Up-to-date: /home/manuel/buggy_ws_beta.a/install/robot_localization/share/robot_localization/test/test_ukf_localization_node_bag2.yaml
[1.819s] -- Up-to-date: /home/manuel/buggy_ws_beta.a/install/robot_localization/share/robot_localization/test/test_ros_robot_localization_listener.cpp
[1.819s] -- Up-to-date: /home/manuel/buggy_ws_beta.a/install/robot_localization/share/robot_localization/test/test_ukf_localization_node_bag3.yaml
[1.819s] -- Up-to-date: /home/manuel/buggy_ws_beta.a/install/robot_localization/share/robot_localization/test/test_ukf_localization_node_interfaces.yaml
[1.819s] -- Up-to-date: /home/manuel/buggy_ws_beta.a/install/robot_localization/share/robot_localization/test/test_ukf_localization_node_interfaces.launch.py
[1.819s] -- Up-to-date: /home/manuel/buggy_ws_beta.a/install/robot_localization/share/robot_localization/test/test_ekf_localization_node_bag2.yaml
[1.820s] -- Up-to-date: /home/manuel/buggy_ws_beta.a/install/robot_localization/share/robot_localization/test/test_navsat_conversions.cpp
[1.820s] -- Up-to-date: /home/manuel/buggy_ws_beta.a/install/robot_localization/share/robot_localization/test/test_ekf_localization_node_bag1.yaml
[1.820s] -- Up-to-date: /home/manuel/buggy_ws_beta.a/install/robot_localization/share/robot_localization/test/test_ekf_localization_node_bag2.sh
[1.820s] -- Up-to-date: /home/manuel/buggy_ws_beta.a/install/robot_localization/share/robot_localization/test/test_ukf_localization_node_bag3.launch.py
[1.820s] -- Up-to-date: /home/manuel/buggy_ws_beta.a/install/robot_localization/share/robot_localization/test/test2.bag
[1.820s] -- Up-to-date: /home/manuel/buggy_ws_beta.a/install/robot_localization/share/robot_localization/test/test_ukf_localization_node_bag1.yaml
[1.820s] -- Up-to-date: /home/manuel/buggy_ws_beta.a/install/robot_localization/share/robot_localization/test/test_ros_robot_localization_listener.yaml
[1.820s] -- Up-to-date: /home/manuel/buggy_ws_beta.a/install/robot_localization/share/robot_localization/test/test_ros_robot_localization_listener_publisher.cpp
[1.820s] -- Up-to-date: /home/manuel/buggy_ws_beta.a/install/robot_localization/share/robot_localization/test/test3.bag
[1.820s] -- Up-to-date: /home/manuel/buggy_ws_beta.a/install/robot_localization/share/robot_localization/test/test_ukf_localization_node_bag2.launch.py
[1.820s] -- Up-to-date: /home/manuel/buggy_ws_beta.a/install/robot_localization/share/robot_localization/test/test_ukf_localization_node_bag1.sh
[1.820s] -- Up-to-date: /home/manuel/buggy_ws_beta.a/install/robot_localization/share/robot_localization/test/test_ekf.cpp
[1.820s] -- Up-to-date: /home/manuel/buggy_ws_beta.a/install/robot_localization/share/robot_localization/test/test_localization_node_bag_pose_tester.cpp
[1.821s] -- Up-to-date: /home/manuel/buggy_ws_beta.a/install/robot_localization/share/robot_localization/test/test_ekf_localization_node_bag2.launch.py
[1.821s] -- Up-to-date: /home/manuel/buggy_ws_beta.a/install/robot_localization/share/robot_localization/test/test_ukf_localization_node_bag2.sh
[1.821s] -- Up-to-date: /home/manuel/buggy_ws_beta.a/install/robot_localization/share/robot_localization/test/test_navsat_transform.launch.py
[1.821s] -- Up-to-date: /home/manuel/buggy_ws_beta.a/install/robot_localization/share/robot_localization/test/test_ros_robot_localization_listener.launch.py
[1.821s] -- Up-to-date: /home/manuel/buggy_ws_beta.a/install/robot_localization/lib/robot_localization/navsat_transform_node
[1.821s] -- Up-to-date: /home/manuel/buggy_ws_beta.a/install/robot_localization/lib/robot_localization/ekf_node
[1.821s] -- Up-to-date: /home/manuel/buggy_ws_beta.a/install/robot_localization/lib/robot_localization/ukf_node
[1.821s] -- Up-to-date: /home/manuel/buggy_ws_beta.a/install/robot_localization/lib/robot_localization/robot_localization_listener_node
[1.821s] -- Up-to-date: /home/manuel/buggy_ws_beta.a/install/robot_localization/lib/librl_lib.so
[1.821s] -- Up-to-date: /home/manuel/buggy_ws_beta.a/install/robot_localization/share/robot_localization/params
[1.821s] -- Up-to-date: /home/manuel/buggy_ws_beta.a/install/robot_localization/share/robot_localization/params/navsat_transform.yaml
[1.821s] -- Up-to-date: /home/manuel/buggy_ws_beta.a/install/robot_localization/share/robot_localization/params/ukf.yaml
[1.822s] -- Up-to-date: /home/manuel/buggy_ws_beta.a/install/robot_localization/share/robot_localization/params/dual_ekf_navsat_example.yaml
[1.822s] -- Up-to-date: /home/manuel/buggy_ws_beta.a/install/robot_localization/share/robot_localization/params/ekf.yaml
[1.822s] -- Up-to-date: /home/manuel/buggy_ws_beta.a/install/robot_localization/share/robot_localization/launch
[1.822s] -- Up-to-date: /home/manuel/buggy_ws_beta.a/install/robot_localization/share/robot_localization/launch/navsat_transform.launch.py
[1.822s] -- Up-to-date: /home/manuel/buggy_ws_beta.a/install/robot_localization/share/robot_localization/launch/ukf.launch.py
[1.822s] -- Up-to-date: /home/manuel/buggy_ws_beta.a/install/robot_localization/share/robot_localization/launch/dual_ekf_navsat_example.launch.py
[1.822s] -- Up-to-date: /home/manuel/buggy_ws_beta.a/install/robot_localization/share/robot_localization/launch/ekf.launch.py
[1.822s] -- Up-to-date: /home/manuel/buggy_ws_beta.a/install/robot_localization/share/ament_index/resource_index/package_run_dependencies/robot_localization
[1.822s] -- Up-to-date: /home/manuel/buggy_ws_beta.a/install/robot_localization/share/ament_index/resource_index/parent_prefix_path/robot_localization
[1.822s] -- Up-to-date: /home/manuel/buggy_ws_beta.a/install/robot_localization/share/robot_localization/environment/ament_prefix_path.sh
[1.822s] -- Up-to-date: /home/manuel/buggy_ws_beta.a/install/robot_localization/share/robot_localization/environment/ament_prefix_path.dsv
[1.822s] -- Up-to-date: /home/manuel/buggy_ws_beta.a/install/robot_localization/share/robot_localization/environment/path.sh
[1.823s] -- Up-to-date: /home/manuel/buggy_ws_beta.a/install/robot_localization/share/robot_localization/environment/path.dsv
[1.823s] -- Up-to-date: /home/manuel/buggy_ws_beta.a/install/robot_localization/share/robot_localization/local_setup.bash
[1.823s] -- Up-to-date: /home/manuel/buggy_ws_beta.a/install/robot_localization/share/robot_localization/local_setup.sh
[1.823s] -- Up-to-date: /home/manuel/buggy_ws_beta.a/install/robot_localization/share/robot_localization/local_setup.zsh
[1.823s] -- Up-to-date: /home/manuel/buggy_ws_beta.a/install/robot_localization/share/robot_localization/local_setup.dsv
[1.823s] -- Installing: /home/manuel/buggy_ws_beta.a/install/robot_localization/share/robot_localization/package.dsv
[1.823s] -- Up-to-date: /home/manuel/buggy_ws_beta.a/install/robot_localization/share/ament_index/resource_index/packages/robot_localization
[1.823s] -- Up-to-date: /home/manuel/buggy_ws_beta.a/install/robot_localization/share/robot_localization/cmake/robot_localization__rosidl_generator_cExport.cmake
[1.823s] -- Up-to-date: /home/manuel/buggy_ws_beta.a/install/robot_localization/share/robot_localization/cmake/robot_localization__rosidl_generator_cExport-relwithdebinfo.cmake
[1.823s] -- Up-to-date: /home/manuel/buggy_ws_beta.a/install/robot_localization/share/robot_localization/cmake/robot_localization__rosidl_typesupport_introspection_cExport.cmake
[1.823s] -- Up-to-date: /home/manuel/buggy_ws_beta.a/install/robot_localization/share/robot_localization/cmake/robot_localization__rosidl_typesupport_introspection_cExport-relwithdebinfo.cmake
[1.823s] -- Up-to-date: /home/manuel/buggy_ws_beta.a/install/robot_localization/share/robot_localization/cmake/robot_localization__rosidl_typesupport_cExport.cmake
[1.824s] -- Up-to-date: /home/manuel/buggy_ws_beta.a/install/robot_localization/share/robot_localization/cmake/robot_localization__rosidl_typesupport_cExport-relwithdebinfo.cmake
[1.824s] -- Up-to-date: /home/manuel/buggy_ws_beta.a/install/robot_localization/share/robot_localization/cmake/robot_localization__rosidl_generator_cppExport.cmake
[1.824s] -- Up-to-date: /home/manuel/buggy_ws_beta.a/install/robot_localization/share/robot_localization/cmake/robot_localization__rosidl_typesupport_introspection_cppExport.cmake
[1.824s] -- Up-to-date: /home/manuel/buggy_ws_beta.a/install/robot_localization/share/robot_localization/cmake/robot_localization__rosidl_typesupport_introspection_cppExport-relwithdebinfo.cmake
[1.824s] -- Up-to-date: /home/manuel/buggy_ws_beta.a/install/robot_localization/share/robot_localization/cmake/robot_localization__rosidl_typesupport_cppExport.cmake
[1.824s] -- Up-to-date: /home/manuel/buggy_ws_beta.a/install/robot_localization/share/robot_localization/cmake/robot_localization__rosidl_typesupport_cppExport-relwithdebinfo.cmake
[1.824s] -- Up-to-date: /home/manuel/buggy_ws_beta.a/install/robot_localization/share/robot_localization/cmake/rosidl_cmake-extras.cmake
[1.824s] -- Up-to-date: /home/manuel/buggy_ws_beta.a/install/robot_localization/share/robot_localization/cmake/ament_cmake_export_dependencies-extras.cmake
[1.824s] -- Up-to-date: /home/manuel/buggy_ws_beta.a/install/robot_localization/share/robot_localization/cmake/ament_cmake_export_libraries-extras.cmake
[1.824s] -- Up-to-date: /home/manuel/buggy_ws_beta.a/install/robot_localization/share/robot_localization/cmake/ament_cmake_export_targets-extras.cmake
[1.824s] -- Up-to-date: /home/manuel/buggy_ws_beta.a/install/robot_localization/share/robot_localization/cmake/ament_cmake_export_include_directories-extras.cmake
[1.824s] -- Up-to-date: /home/manuel/buggy_ws_beta.a/install/robot_localization/share/robot_localization/cmake/rosidl_cmake_export_typesupport_libraries-extras.cmake
[1.824s] -- Up-to-date: /home/manuel/buggy_ws_beta.a/install/robot_localization/share/robot_localization/cmake/rosidl_cmake_export_typesupport_targets-extras.cmake
[1.824s] -- Up-to-date: /home/manuel/buggy_ws_beta.a/install/robot_localization/share/robot_localization/cmake/robot_localizationConfig.cmake
[1.825s] -- Up-to-date: /home/manuel/buggy_ws_beta.a/install/robot_localization/share/robot_localization/cmake/robot_localizationConfig-version.cmake
[1.825s] -- Up-to-date: /home/manuel/buggy_ws_beta.a/install/robot_localization/share/robot_localization/package.xml
[2.114s] Invoked command in '/home/manuel/buggy_ws_beta.a/build/robot_localization' returned '0': CMAKE_PREFIX_PATH=${CMAKE_PREFIX_PATH}:/home/manuel/buggy_ws_beta.a/install/joint_state_publisher_gui:/home/manuel/buggy_ws_beta.a/install/joint_state_publisher:/home/manuel/buggy_ws_beta.a/install/ackermann_odometry:/home/manuel/buggy_ws_beta.a/install/ackermann_controller:/home/manuel/buggy_space/install/joint_state_publisher_gui:/home/manuel/buggy_space/install/joint_state_publisher:/home/manuel/buggy_space/install/ackermann_odometry:/home/manuel/buggy_space/install/ackermann_controller:/opt/ros/foxy /usr/bin/cmake --install /home/manuel/buggy_ws_beta.a/build/robot_localization
