[0.164s] Invoking command in '/home/manuel/buggy_ws_beta.a/build/zed_interfaces': CMAKE_PREFIX_PATH=${CMAKE_PREFIX_PATH}:/home/manuel/buggy_ws_beta.a/install/joint_state_publisher_gui:/home/manuel/buggy_ws_beta.a/install/joint_state_publisher:/home/manuel/buggy_ws_beta.a/install/ackermann_odometry:/home/manuel/buggy_ws_beta.a/install/ackermann_controller:/home/manuel/buggy_space/install/joint_state_publisher_gui:/home/manuel/buggy_space/install/joint_state_publisher:/home/manuel/buggy_space/install/ackermann_odometry:/home/manuel/buggy_space/install/ackermann_controller:/opt/ros/foxy /usr/bin/cmake --build /home/manuel/buggy_ws_beta.a/build/zed_interfaces -- -j16 -l16
[0.613s] [  0%] Built target zed_interfaces__cpp
[0.614s] [ 12%] Built target zed_interfaces__rosidl_generator_c
[0.614s] [ 24%] Built target zed_interfaces__rosidl_typesupport_cpp
[0.616s] [ 36%] Built target zed_interfaces__rosidl_typesupport_c
[0.616s] [ 48%] Built target zed_interfaces__rosidl_typesupport_fastrtps_cpp
[0.616s] [ 60%] Built target zed_interfaces__rosidl_typesupport_introspection_cpp
[0.616s] [ 72%] Built target zed_interfaces__rosidl_typesupport_introspection_c
[0.617s] [ 84%] Built target zed_interfaces__rosidl_typesupport_fastrtps_c
[0.617s] [ 84%] Built target zed_interfaces
[0.619s] [ 85%] Built target zed_interfaces__py
[0.620s] [ 96%] Built target zed_interfaces__python
[0.620s] [ 97%] Built target zed_interfaces__rosidl_typesupport_fastrtps_c__pyext
[0.620s] [ 99%] Built target zed_interfaces__rosidl_typesupport_introspection_c__pyext
[0.620s] [100%] Built target zed_interfaces__rosidl_typesupport_c__pyext
[0.641s] Invoked command in '/home/manuel/buggy_ws_beta.a/build/zed_interfaces' returned '0': CMAKE_PREFIX_PATH=${CMAKE_PREFIX_PATH}:/home/manuel/buggy_ws_beta.a/install/joint_state_publisher_gui:/home/manuel/buggy_ws_beta.a/install/joint_state_publisher:/home/manuel/buggy_ws_beta.a/install/ackermann_odometry:/home/manuel/buggy_ws_beta.a/install/ackermann_controller:/home/manuel/buggy_space/install/joint_state_publisher_gui:/home/manuel/buggy_space/install/joint_state_publisher:/home/manuel/buggy_space/install/ackermann_odometry:/home/manuel/buggy_space/install/ackermann_controller:/opt/ros/foxy /usr/bin/cmake --build /home/manuel/buggy_ws_beta.a/build/zed_interfaces -- -j16 -l16
[1.318s] Invoking command in '/home/manuel/buggy_ws_beta.a/build/zed_interfaces': CMAKE_PREFIX_PATH=${CMAKE_PREFIX_PATH}:/home/manuel/buggy_ws_beta.a/install/joint_state_publisher_gui:/home/manuel/buggy_ws_beta.a/install/joint_state_publisher:/home/manuel/buggy_ws_beta.a/install/ackermann_odometry:/home/manuel/buggy_ws_beta.a/install/ackermann_controller:/home/manuel/buggy_space/install/joint_state_publisher_gui:/home/manuel/buggy_space/install/joint_state_publisher:/home/manuel/buggy_space/install/ackermann_odometry:/home/manuel/buggy_space/install/ackermann_controller:/opt/ros/foxy /usr/bin/cmake --install /home/manuel/buggy_ws_beta.a/build/zed_interfaces
[1.397s] -- Install configuration: ""
[1.397s] -- Up-to-date: /home/manuel/buggy_ws_beta.a/install/zed_interfaces/share/ament_index/resource_index/rosidl_interfaces/zed_interfaces
[1.397s] -- Up-to-date: /home/manuel/buggy_ws_beta.a/install/zed_interfaces/include/zed_interfaces
[1.397s] -- Up-to-date: /home/manuel/buggy_ws_beta.a/install/zed_interfaces/include/zed_interfaces/srv
[1.397s] -- Up-to-date: /home/manuel/buggy_ws_beta.a/install/zed_interfaces/include/zed_interfaces/srv/detail
[1.397s] -- Up-to-date: /home/manuel/buggy_ws_beta.a/install/zed_interfaces/include/zed_interfaces/srv/detail/set_pose__functions.c
[1.397s] -- Up-to-date: /home/manuel/buggy_ws_beta.a/install/zed_interfaces/include/zed_interfaces/srv/detail/start_svo_rec__type_support.h
[1.397s] -- Up-to-date: /home/manuel/buggy_ws_beta.a/install/zed_interfaces/include/zed_interfaces/srv/detail/set_pose__type_support.h
[1.398s] -- Up-to-date: /home/manuel/buggy_ws_beta.a/install/zed_interfaces/include/zed_interfaces/srv/detail/start_svo_rec__functions.h
[1.398s] -- Up-to-date: /home/manuel/buggy_ws_beta.a/install/zed_interfaces/include/zed_interfaces/srv/detail/start_svo_rec__struct.h
[1.398s] -- Up-to-date: /home/manuel/buggy_ws_beta.a/install/zed_interfaces/include/zed_interfaces/srv/detail/start_svo_rec__functions.c
[1.398s] -- Up-to-date: /home/manuel/buggy_ws_beta.a/install/zed_interfaces/include/zed_interfaces/srv/detail/set_pose__functions.h
[1.398s] -- Up-to-date: /home/manuel/buggy_ws_beta.a/install/zed_interfaces/include/zed_interfaces/srv/detail/set_pose__struct.h
[1.398s] -- Up-to-date: /home/manuel/buggy_ws_beta.a/install/zed_interfaces/include/zed_interfaces/srv/start_svo_rec.h
[1.401s] -- Up-to-date: /home/manuel/buggy_ws_beta.a/install/zed_interfaces/include/zed_interfaces/srv/set_pose.h
[1.401s] -- Up-to-date: /home/manuel/buggy_ws_beta.a/install/zed_interfaces/include/zed_interfaces/msg
[1.402s] -- Up-to-date: /home/manuel/buggy_ws_beta.a/install/zed_interfaces/include/zed_interfaces/msg/detail
[1.402s] -- Up-to-date: /home/manuel/buggy_ws_beta.a/install/zed_interfaces/include/zed_interfaces/msg/detail/skeleton3_d__functions.h
[1.402s] -- Up-to-date: /home/manuel/buggy_ws_beta.a/install/zed_interfaces/include/zed_interfaces/msg/detail/bounding_box3_d__struct.h
[1.402s] -- Up-to-date: /home/manuel/buggy_ws_beta.a/install/zed_interfaces/include/zed_interfaces/msg/detail/keypoint2_di__struct.h
[1.402s] -- Up-to-date: /home/manuel/buggy_ws_beta.a/install/zed_interfaces/include/zed_interfaces/msg/detail/keypoint2_di__functions.h
[1.402s] -- Up-to-date: /home/manuel/buggy_ws_beta.a/install/zed_interfaces/include/zed_interfaces/msg/detail/depth_info_stamped__functions.c
[1.402s] -- Up-to-date: /home/manuel/buggy_ws_beta.a/install/zed_interfaces/include/zed_interfaces/msg/detail/objects_stamped__type_support.h
[1.402s] -- Up-to-date: /home/manuel/buggy_ws_beta.a/install/zed_interfaces/include/zed_interfaces/msg/detail/depth_info_stamped__functions.h
[1.403s] -- Up-to-date: /home/manuel/buggy_ws_beta.a/install/zed_interfaces/include/zed_interfaces/msg/detail/skeleton3_d__functions.c
[1.403s] -- Up-to-date: /home/manuel/buggy_ws_beta.a/install/zed_interfaces/include/zed_interfaces/msg/detail/keypoint2_di__functions.c
[1.403s] -- Up-to-date: /home/manuel/buggy_ws_beta.a/install/zed_interfaces/include/zed_interfaces/msg/detail/skeleton2_d__type_support.h
[1.403s] -- Up-to-date: /home/manuel/buggy_ws_beta.a/install/zed_interfaces/include/zed_interfaces/msg/detail/bounding_box3_d__functions.h
[1.406s] -- Up-to-date: /home/manuel/buggy_ws_beta.a/install/zed_interfaces/include/zed_interfaces/msg/detail/bounding_box2_df__struct.h
[1.406s] -- Up-to-date: /home/manuel/buggy_ws_beta.a/install/zed_interfaces/include/zed_interfaces/msg/detail/bounding_box2_df__type_support.h
[1.406s] -- Up-to-date: /home/manuel/buggy_ws_beta.a/install/zed_interfaces/include/zed_interfaces/msg/detail/bounding_box2_di__struct.h
[1.407s] -- Up-to-date: /home/manuel/buggy_ws_beta.a/install/zed_interfaces/include/zed_interfaces/msg/detail/skeleton2_d__functions.c
[1.407s] -- Up-to-date: /home/manuel/buggy_ws_beta.a/install/zed_interfaces/include/zed_interfaces/msg/detail/bounding_box2_di__functions.h
[1.407s] -- Up-to-date: /home/manuel/buggy_ws_beta.a/install/zed_interfaces/include/zed_interfaces/msg/detail/bounding_box3_d__type_support.h
[1.408s] -- Up-to-date: /home/manuel/buggy_ws_beta.a/install/zed_interfaces/include/zed_interfaces/msg/detail/bounding_box2_df__functions.c
[1.411s] -- Up-to-date: /home/manuel/buggy_ws_beta.a/install/zed_interfaces/include/zed_interfaces/msg/detail/keypoint3_d__functions.c
[1.411s] -- Up-to-date: /home/manuel/buggy_ws_beta.a/install/zed_interfaces/include/zed_interfaces/msg/detail/skeleton3_d__struct.h
[1.411s] -- Up-to-date: /home/manuel/buggy_ws_beta.a/install/zed_interfaces/include/zed_interfaces/msg/detail/skeleton3_d__type_support.h
[1.412s] -- Up-to-date: /home/manuel/buggy_ws_beta.a/install/zed_interfaces/include/zed_interfaces/msg/detail/keypoint2_df__functions.c
[1.412s] -- Up-to-date: /home/manuel/buggy_ws_beta.a/install/zed_interfaces/include/zed_interfaces/msg/detail/keypoint2_df__type_support.h
[1.412s] -- Up-to-date: /home/manuel/buggy_ws_beta.a/install/zed_interfaces/include/zed_interfaces/msg/detail/skeleton2_d__functions.h
[1.415s] -- Up-to-date: /home/manuel/buggy_ws_beta.a/install/zed_interfaces/include/zed_interfaces/msg/detail/object__functions.h
[1.416s] -- Up-to-date: /home/manuel/buggy_ws_beta.a/install/zed_interfaces/include/zed_interfaces/msg/detail/depth_info_stamped__type_support.h
[1.416s] -- Up-to-date: /home/manuel/buggy_ws_beta.a/install/zed_interfaces/include/zed_interfaces/msg/detail/keypoint3_d__type_support.h
[1.417s] -- Up-to-date: /home/manuel/buggy_ws_beta.a/install/zed_interfaces/include/zed_interfaces/msg/detail/object__struct.h
[1.417s] -- Up-to-date: /home/manuel/buggy_ws_beta.a/install/zed_interfaces/include/zed_interfaces/msg/detail/object__functions.c
[1.417s] -- Up-to-date: /home/manuel/buggy_ws_beta.a/install/zed_interfaces/include/zed_interfaces/msg/detail/plane_stamped__struct.h
[1.418s] -- Up-to-date: /home/manuel/buggy_ws_beta.a/install/zed_interfaces/include/zed_interfaces/msg/detail/keypoint3_d__functions.h
[1.418s] -- Up-to-date: /home/manuel/buggy_ws_beta.a/install/zed_interfaces/include/zed_interfaces/msg/detail/objects_stamped__functions.h
[1.418s] -- Up-to-date: /home/manuel/buggy_ws_beta.a/install/zed_interfaces/include/zed_interfaces/msg/detail/skeleton2_d__struct.h
[1.419s] -- Up-to-date: /home/manuel/buggy_ws_beta.a/install/zed_interfaces/include/zed_interfaces/msg/detail/plane_stamped__type_support.h
[1.425s] -- Up-to-date: /home/manuel/buggy_ws_beta.a/install/zed_interfaces/include/zed_interfaces/msg/detail/keypoint2_df__functions.h
[1.426s] -- Up-to-date: /home/manuel/buggy_ws_beta.a/install/zed_interfaces/include/zed_interfaces/msg/detail/keypoint3_d__struct.h
[1.426s] -- Up-to-date: /home/manuel/buggy_ws_beta.a/install/zed_interfaces/include/zed_interfaces/msg/detail/depth_info_stamped__struct.h
[1.429s] -- Up-to-date: /home/manuel/buggy_ws_beta.a/install/zed_interfaces/include/zed_interfaces/msg/detail/objects_stamped__functions.c
[1.429s] -- Up-to-date: /home/manuel/buggy_ws_beta.a/install/zed_interfaces/include/zed_interfaces/msg/detail/bounding_box2_di__type_support.h
[1.429s] -- Up-to-date: /home/manuel/buggy_ws_beta.a/install/zed_interfaces/include/zed_interfaces/msg/detail/keypoint2_df__struct.h
[1.430s] -- Up-to-date: /home/manuel/buggy_ws_beta.a/install/zed_interfaces/include/zed_interfaces/msg/detail/bounding_box2_df__functions.h
[1.430s] -- Up-to-date: /home/manuel/buggy_ws_beta.a/install/zed_interfaces/include/zed_interfaces/msg/detail/keypoint2_di__type_support.h
[1.430s] -- Up-to-date: /home/manuel/buggy_ws_beta.a/install/zed_interfaces/include/zed_interfaces/msg/detail/plane_stamped__functions.c
[1.430s] -- Up-to-date: /home/manuel/buggy_ws_beta.a/install/zed_interfaces/include/zed_interfaces/msg/detail/bounding_box2_di__functions.c
[1.430s] -- Up-to-date: /home/manuel/buggy_ws_beta.a/install/zed_interfaces/include/zed_interfaces/msg/detail/objects_stamped__struct.h
[1.431s] -- Up-to-date: /home/manuel/buggy_ws_beta.a/install/zed_interfaces/include/zed_interfaces/msg/detail/object__type_support.h
[1.431s] -- Up-to-date: /home/manuel/buggy_ws_beta.a/install/zed_interfaces/include/zed_interfaces/msg/detail/plane_stamped__functions.h
[1.431s] -- Up-to-date: /home/manuel/buggy_ws_beta.a/install/zed_interfaces/include/zed_interfaces/msg/detail/bounding_box3_d__functions.c
[1.434s] -- Up-to-date: /home/manuel/buggy_ws_beta.a/install/zed_interfaces/include/zed_interfaces/msg/bounding_box2_df.h
[1.434s] -- Up-to-date: /home/manuel/buggy_ws_beta.a/install/zed_interfaces/include/zed_interfaces/msg/skeleton2_d.h
[1.435s] -- Up-to-date: /home/manuel/buggy_ws_beta.a/install/zed_interfaces/include/zed_interfaces/msg/depth_info_stamped.h
[1.435s] -- Up-to-date: /home/manuel/buggy_ws_beta.a/install/zed_interfaces/include/zed_interfaces/msg/objects_stamped.h
[1.435s] -- Up-to-date: /home/manuel/buggy_ws_beta.a/install/zed_interfaces/include/zed_interfaces/msg/bounding_box3_d.h
[1.436s] -- Up-to-date: /home/manuel/buggy_ws_beta.a/install/zed_interfaces/include/zed_interfaces/msg/keypoint2_df.h
[1.436s] -- Up-to-date: /home/manuel/buggy_ws_beta.a/install/zed_interfaces/include/zed_interfaces/msg/plane_stamped.h
[1.436s] -- Up-to-date: /home/manuel/buggy_ws_beta.a/install/zed_interfaces/include/zed_interfaces/msg/bounding_box2_di.h
[1.439s] -- Up-to-date: /home/manuel/buggy_ws_beta.a/install/zed_interfaces/include/zed_interfaces/msg/rosidl_generator_c__visibility_control.h
[1.439s] -- Up-to-date: /home/manuel/buggy_ws_beta.a/install/zed_interfaces/include/zed_interfaces/msg/object.h
[1.440s] -- Up-to-date: /home/manuel/buggy_ws_beta.a/install/zed_interfaces/include/zed_interfaces/msg/keypoint2_di.h
[1.440s] -- Up-to-date: /home/manuel/buggy_ws_beta.a/install/zed_interfaces/include/zed_interfaces/msg/skeleton3_d.h
[1.440s] -- Up-to-date: /home/manuel/buggy_ws_beta.a/install/zed_interfaces/include/zed_interfaces/msg/keypoint3_d.h
[1.444s] -- Up-to-date: /home/manuel/buggy_ws_beta.a/install/zed_interfaces/share/zed_interfaces/environment/library_path.sh
[1.444s] -- Up-to-date: /home/manuel/buggy_ws_beta.a/install/zed_interfaces/share/zed_interfaces/environment/library_path.dsv
[1.445s] -- Up-to-date: /home/manuel/buggy_ws_beta.a/install/zed_interfaces/lib/libzed_interfaces__rosidl_generator_c.so
[1.445s] -- Up-to-date: /home/manuel/buggy_ws_beta.a/install/zed_interfaces/include/zed_interfaces
[1.445s] -- Up-to-date: /home/manuel/buggy_ws_beta.a/install/zed_interfaces/include/zed_interfaces/srv
[1.445s] -- Up-to-date: /home/manuel/buggy_ws_beta.a/install/zed_interfaces/include/zed_interfaces/srv/detail
[1.446s] -- Up-to-date: /home/manuel/buggy_ws_beta.a/install/zed_interfaces/include/zed_interfaces/srv/detail/set_pose__rosidl_typesupport_fastrtps_c.h
[1.446s] -- Up-to-date: /home/manuel/buggy_ws_beta.a/install/zed_interfaces/include/zed_interfaces/srv/detail/start_svo_rec__rosidl_typesupport_fastrtps_c.h
[1.446s] -- Up-to-date: /home/manuel/buggy_ws_beta.a/install/zed_interfaces/include/zed_interfaces/msg
[1.447s] -- Up-to-date: /home/manuel/buggy_ws_beta.a/install/zed_interfaces/include/zed_interfaces/msg/detail
[1.447s] -- Up-to-date: /home/manuel/buggy_ws_beta.a/install/zed_interfaces/include/zed_interfaces/msg/detail/bounding_box2_df__rosidl_typesupport_fastrtps_c.h
[1.447s] -- Up-to-date: /home/manuel/buggy_ws_beta.a/install/zed_interfaces/include/zed_interfaces/msg/detail/objects_stamped__rosidl_typesupport_fastrtps_c.h
[1.451s] -- Up-to-date: /home/manuel/buggy_ws_beta.a/install/zed_interfaces/include/zed_interfaces/msg/detail/object__rosidl_typesupport_fastrtps_c.h
[1.451s] -- Up-to-date: /home/manuel/buggy_ws_beta.a/install/zed_interfaces/include/zed_interfaces/msg/detail/keypoint2_di__rosidl_typesupport_fastrtps_c.h
[1.452s] -- Up-to-date: /home/manuel/buggy_ws_beta.a/install/zed_interfaces/include/zed_interfaces/msg/detail/skeleton2_d__rosidl_typesupport_fastrtps_c.h
[1.452s] -- Up-to-date: /home/manuel/buggy_ws_beta.a/install/zed_interfaces/include/zed_interfaces/msg/detail/depth_info_stamped__rosidl_typesupport_fastrtps_c.h
[1.452s] -- Up-to-date: /home/manuel/buggy_ws_beta.a/install/zed_interfaces/include/zed_interfaces/msg/detail/plane_stamped__rosidl_typesupport_fastrtps_c.h
[1.452s] -- Up-to-date: /home/manuel/buggy_ws_beta.a/install/zed_interfaces/include/zed_interfaces/msg/detail/keypoint2_df__rosidl_typesupport_fastrtps_c.h
[1.452s] -- Up-to-date: /home/manuel/buggy_ws_beta.a/install/zed_interfaces/include/zed_interfaces/msg/detail/skeleton3_d__rosidl_typesupport_fastrtps_c.h
[1.452s] -- Up-to-date: /home/manuel/buggy_ws_beta.a/install/zed_interfaces/include/zed_interfaces/msg/detail/keypoint3_d__rosidl_typesupport_fastrtps_c.h
[1.452s] -- Up-to-date: /home/manuel/buggy_ws_beta.a/install/zed_interfaces/include/zed_interfaces/msg/detail/bounding_box2_di__rosidl_typesupport_fastrtps_c.h
[1.452s] -- Up-to-date: /home/manuel/buggy_ws_beta.a/install/zed_interfaces/include/zed_interfaces/msg/detail/bounding_box3_d__rosidl_typesupport_fastrtps_c.h
[1.452s] -- Up-to-date: /home/manuel/buggy_ws_beta.a/install/zed_interfaces/include/zed_interfaces/msg/rosidl_typesupport_fastrtps_c__visibility_control.h
[1.452s] -- Up-to-date: /home/manuel/buggy_ws_beta.a/install/zed_interfaces/lib/libzed_interfaces__rosidl_typesupport_fastrtps_c.so
[1.452s] -- Up-to-date: /home/manuel/buggy_ws_beta.a/install/zed_interfaces/include/zed_interfaces
[1.452s] -- Up-to-date: /home/manuel/buggy_ws_beta.a/install/zed_interfaces/include/zed_interfaces/srv
[1.453s] -- Up-to-date: /home/manuel/buggy_ws_beta.a/install/zed_interfaces/include/zed_interfaces/srv/detail
[1.453s] -- Up-to-date: /home/manuel/buggy_ws_beta.a/install/zed_interfaces/include/zed_interfaces/srv/detail/dds_fastrtps
[1.453s] -- Up-to-date: /home/manuel/buggy_ws_beta.a/install/zed_interfaces/include/zed_interfaces/srv/detail/start_svo_rec__rosidl_typesupport_fastrtps_cpp.hpp
[1.453s] -- Up-to-date: /home/manuel/buggy_ws_beta.a/install/zed_interfaces/include/zed_interfaces/srv/detail/set_pose__rosidl_typesupport_fastrtps_cpp.hpp
[1.453s] -- Up-to-date: /home/manuel/buggy_ws_beta.a/install/zed_interfaces/include/zed_interfaces/msg
[1.453s] -- Up-to-date: /home/manuel/buggy_ws_beta.a/install/zed_interfaces/include/zed_interfaces/msg/detail
[1.453s] -- Up-to-date: /home/manuel/buggy_ws_beta.a/install/zed_interfaces/include/zed_interfaces/msg/detail/keypoint3_d__rosidl_typesupport_fastrtps_cpp.hpp
[1.453s] -- Up-to-date: /home/manuel/buggy_ws_beta.a/install/zed_interfaces/include/zed_interfaces/msg/detail/dds_fastrtps
[1.453s] -- Up-to-date: /home/manuel/buggy_ws_beta.a/install/zed_interfaces/include/zed_interfaces/msg/detail/objects_stamped__rosidl_typesupport_fastrtps_cpp.hpp
[1.453s] -- Up-to-date: /home/manuel/buggy_ws_beta.a/install/zed_interfaces/include/zed_interfaces/msg/detail/skeleton2_d__rosidl_typesupport_fastrtps_cpp.hpp
[1.453s] -- Up-to-date: /home/manuel/buggy_ws_beta.a/install/zed_interfaces/include/zed_interfaces/msg/detail/plane_stamped__rosidl_typesupport_fastrtps_cpp.hpp
[1.453s] -- Up-to-date: /home/manuel/buggy_ws_beta.a/install/zed_interfaces/include/zed_interfaces/msg/detail/skeleton3_d__rosidl_typesupport_fastrtps_cpp.hpp
[1.454s] -- Up-to-date: /home/manuel/buggy_ws_beta.a/install/zed_interfaces/include/zed_interfaces/msg/detail/bounding_box3_d__rosidl_typesupport_fastrtps_cpp.hpp
[1.454s] -- Up-to-date: /home/manuel/buggy_ws_beta.a/install/zed_interfaces/include/zed_interfaces/msg/detail/keypoint2_df__rosidl_typesupport_fastrtps_cpp.hpp
[1.454s] -- Up-to-date: /home/manuel/buggy_ws_beta.a/install/zed_interfaces/include/zed_interfaces/msg/detail/bounding_box2_df__rosidl_typesupport_fastrtps_cpp.hpp
[1.454s] -- Up-to-date: /home/manuel/buggy_ws_beta.a/install/zed_interfaces/include/zed_interfaces/msg/detail/bounding_box2_di__rosidl_typesupport_fastrtps_cpp.hpp
[1.454s] -- Up-to-date: /home/manuel/buggy_ws_beta.a/install/zed_interfaces/include/zed_interfaces/msg/detail/depth_info_stamped__rosidl_typesupport_fastrtps_cpp.hpp
[1.454s] -- Up-to-date: /home/manuel/buggy_ws_beta.a/install/zed_interfaces/include/zed_interfaces/msg/detail/keypoint2_di__rosidl_typesupport_fastrtps_cpp.hpp
[1.454s] -- Up-to-date: /home/manuel/buggy_ws_beta.a/install/zed_interfaces/include/zed_interfaces/msg/detail/object__rosidl_typesupport_fastrtps_cpp.hpp
[1.454s] -- Up-to-date: /home/manuel/buggy_ws_beta.a/install/zed_interfaces/include/zed_interfaces/msg/rosidl_typesupport_fastrtps_cpp__visibility_control.h
[1.454s] -- Up-to-date: /home/manuel/buggy_ws_beta.a/install/zed_interfaces/lib/libzed_interfaces__rosidl_typesupport_fastrtps_cpp.so
[1.454s] -- Up-to-date: /home/manuel/buggy_ws_beta.a/install/zed_interfaces/include/zed_interfaces
[1.455s] -- Up-to-date: /home/manuel/buggy_ws_beta.a/install/zed_interfaces/include/zed_interfaces/srv
[1.455s] -- Up-to-date: /home/manuel/buggy_ws_beta.a/install/zed_interfaces/include/zed_interfaces/srv/detail
[1.455s] -- Up-to-date: /home/manuel/buggy_ws_beta.a/install/zed_interfaces/include/zed_interfaces/srv/detail/start_svo_rec__rosidl_typesupport_introspection_c.h
[1.455s] -- Up-to-date: /home/manuel/buggy_ws_beta.a/install/zed_interfaces/include/zed_interfaces/srv/detail/set_pose__type_support.c
[1.455s] -- Up-to-date: /home/manuel/buggy_ws_beta.a/install/zed_interfaces/include/zed_interfaces/srv/detail/start_svo_rec__type_support.c
[1.455s] -- Up-to-date: /home/manuel/buggy_ws_beta.a/install/zed_interfaces/include/zed_interfaces/srv/detail/set_pose__rosidl_typesupport_introspection_c.h
[1.455s] -- Up-to-date: /home/manuel/buggy_ws_beta.a/install/zed_interfaces/include/zed_interfaces/msg
[1.455s] -- Up-to-date: /home/manuel/buggy_ws_beta.a/install/zed_interfaces/include/zed_interfaces/msg/detail
[1.455s] -- Up-to-date: /home/manuel/buggy_ws_beta.a/install/zed_interfaces/include/zed_interfaces/msg/detail/bounding_box3_d__rosidl_typesupport_introspection_c.h
[1.455s] -- Up-to-date: /home/manuel/buggy_ws_beta.a/install/zed_interfaces/include/zed_interfaces/msg/detail/keypoint2_di__type_support.c
[1.455s] -- Up-to-date: /home/manuel/buggy_ws_beta.a/install/zed_interfaces/include/zed_interfaces/msg/detail/skeleton3_d__rosidl_typesupport_introspection_c.h
[1.455s] -- Up-to-date: /home/manuel/buggy_ws_beta.a/install/zed_interfaces/include/zed_interfaces/msg/detail/depth_info_stamped__type_support.c
[1.456s] -- Up-to-date: /home/manuel/buggy_ws_beta.a/install/zed_interfaces/include/zed_interfaces/msg/detail/plane_stamped__rosidl_typesupport_introspection_c.h
[1.456s] -- Up-to-date: /home/manuel/buggy_ws_beta.a/install/zed_interfaces/include/zed_interfaces/msg/detail/bounding_box2_df__rosidl_typesupport_introspection_c.h
[1.456s] -- Up-to-date: /home/manuel/buggy_ws_beta.a/install/zed_interfaces/include/zed_interfaces/msg/detail/plane_stamped__type_support.c
[1.456s] -- Up-to-date: /home/manuel/buggy_ws_beta.a/install/zed_interfaces/include/zed_interfaces/msg/detail/object__rosidl_typesupport_introspection_c.h
[1.456s] -- Up-to-date: /home/manuel/buggy_ws_beta.a/install/zed_interfaces/include/zed_interfaces/msg/detail/keypoint2_df__type_support.c
[1.456s] -- Up-to-date: /home/manuel/buggy_ws_beta.a/install/zed_interfaces/include/zed_interfaces/msg/detail/objects_stamped__rosidl_typesupport_introspection_c.h
[1.456s] -- Up-to-date: /home/manuel/buggy_ws_beta.a/install/zed_interfaces/include/zed_interfaces/msg/detail/objects_stamped__type_support.c
[1.456s] -- Up-to-date: /home/manuel/buggy_ws_beta.a/install/zed_interfaces/include/zed_interfaces/msg/detail/bounding_box2_di__rosidl_typesupport_introspection_c.h
[1.456s] -- Up-to-date: /home/manuel/buggy_ws_beta.a/install/zed_interfaces/include/zed_interfaces/msg/detail/skeleton3_d__type_support.c
[1.456s] -- Up-to-date: /home/manuel/buggy_ws_beta.a/install/zed_interfaces/include/zed_interfaces/msg/detail/keypoint2_df__rosidl_typesupport_introspection_c.h
[1.456s] -- Up-to-date: /home/manuel/buggy_ws_beta.a/install/zed_interfaces/include/zed_interfaces/msg/detail/skeleton2_d__type_support.c
[1.456s] -- Up-to-date: /home/manuel/buggy_ws_beta.a/install/zed_interfaces/include/zed_interfaces/msg/detail/bounding_box3_d__type_support.c
[1.457s] -- Up-to-date: /home/manuel/buggy_ws_beta.a/install/zed_interfaces/include/zed_interfaces/msg/detail/bounding_box2_df__type_support.c
[1.457s] -- Up-to-date: /home/manuel/buggy_ws_beta.a/install/zed_interfaces/include/zed_interfaces/msg/detail/keypoint3_d__type_support.c
[1.457s] -- Up-to-date: /home/manuel/buggy_ws_beta.a/install/zed_interfaces/include/zed_interfaces/msg/detail/object__type_support.c
[1.457s] -- Up-to-date: /home/manuel/buggy_ws_beta.a/install/zed_interfaces/include/zed_interfaces/msg/detail/keypoint2_di__rosidl_typesupport_introspection_c.h
[1.457s] -- Up-to-date: /home/manuel/buggy_ws_beta.a/install/zed_interfaces/include/zed_interfaces/msg/detail/bounding_box2_di__type_support.c
[1.457s] -- Up-to-date: /home/manuel/buggy_ws_beta.a/install/zed_interfaces/include/zed_interfaces/msg/detail/depth_info_stamped__rosidl_typesupport_introspection_c.h
[1.457s] -- Up-to-date: /home/manuel/buggy_ws_beta.a/install/zed_interfaces/include/zed_interfaces/msg/detail/skeleton2_d__rosidl_typesupport_introspection_c.h
[1.457s] -- Up-to-date: /home/manuel/buggy_ws_beta.a/install/zed_interfaces/include/zed_interfaces/msg/detail/keypoint3_d__rosidl_typesupport_introspection_c.h
[1.457s] -- Up-to-date: /home/manuel/buggy_ws_beta.a/install/zed_interfaces/include/zed_interfaces/msg/rosidl_typesupport_introspection_c__visibility_control.h
[1.457s] -- Up-to-date: /home/manuel/buggy_ws_beta.a/install/zed_interfaces/lib/libzed_interfaces__rosidl_typesupport_introspection_c.so
[1.457s] -- Up-to-date: /home/manuel/buggy_ws_beta.a/install/zed_interfaces/lib/libzed_interfaces__rosidl_typesupport_c.so
[1.457s] -- Up-to-date: /home/manuel/buggy_ws_beta.a/install/zed_interfaces/include/zed_interfaces
[1.458s] -- Up-to-date: /home/manuel/buggy_ws_beta.a/install/zed_interfaces/include/zed_interfaces/srv
[1.458s] -- Up-to-date: /home/manuel/buggy_ws_beta.a/install/zed_interfaces/include/zed_interfaces/srv/detail
[1.458s] -- Up-to-date: /home/manuel/buggy_ws_beta.a/install/zed_interfaces/include/zed_interfaces/srv/detail/start_svo_rec__builder.hpp
[1.458s] -- Up-to-date: /home/manuel/buggy_ws_beta.a/install/zed_interfaces/include/zed_interfaces/srv/detail/start_svo_rec__struct.hpp
[1.458s] -- Up-to-date: /home/manuel/buggy_ws_beta.a/install/zed_interfaces/include/zed_interfaces/srv/detail/set_pose__traits.hpp
[1.458s] -- Up-to-date: /home/manuel/buggy_ws_beta.a/install/zed_interfaces/include/zed_interfaces/srv/detail/set_pose__struct.hpp
[1.458s] -- Up-to-date: /home/manuel/buggy_ws_beta.a/install/zed_interfaces/include/zed_interfaces/srv/detail/start_svo_rec__traits.hpp
[1.458s] -- Up-to-date: /home/manuel/buggy_ws_beta.a/install/zed_interfaces/include/zed_interfaces/srv/detail/set_pose__builder.hpp
[1.458s] -- Up-to-date: /home/manuel/buggy_ws_beta.a/install/zed_interfaces/include/zed_interfaces/srv/start_svo_rec.hpp
[1.458s] -- Up-to-date: /home/manuel/buggy_ws_beta.a/install/zed_interfaces/include/zed_interfaces/srv/set_pose.hpp
[1.458s] -- Up-to-date: /home/manuel/buggy_ws_beta.a/install/zed_interfaces/include/zed_interfaces/msg
[1.459s] -- Up-to-date: /home/manuel/buggy_ws_beta.a/install/zed_interfaces/include/zed_interfaces/msg/detail
[1.459s] -- Up-to-date: /home/manuel/buggy_ws_beta.a/install/zed_interfaces/include/zed_interfaces/msg/detail/bounding_box2_df__struct.hpp
[1.459s] -- Up-to-date: /home/manuel/buggy_ws_beta.a/install/zed_interfaces/include/zed_interfaces/msg/detail/object__traits.hpp
[1.459s] -- Up-to-date: /home/manuel/buggy_ws_beta.a/install/zed_interfaces/include/zed_interfaces/msg/detail/objects_stamped__traits.hpp
[1.459s] -- Up-to-date: /home/manuel/buggy_ws_beta.a/install/zed_interfaces/include/zed_interfaces/msg/detail/bounding_box2_di__traits.hpp
[1.459s] -- Up-to-date: /home/manuel/buggy_ws_beta.a/install/zed_interfaces/include/zed_interfaces/msg/detail/keypoint2_di__traits.hpp
[1.459s] -- Up-to-date: /home/manuel/buggy_ws_beta.a/install/zed_interfaces/include/zed_interfaces/msg/detail/plane_stamped__struct.hpp
[1.459s] -- Up-to-date: /home/manuel/buggy_ws_beta.a/install/zed_interfaces/include/zed_interfaces/msg/detail/objects_stamped__builder.hpp
[1.459s] -- Up-to-date: /home/manuel/buggy_ws_beta.a/install/zed_interfaces/include/zed_interfaces/msg/detail/depth_info_stamped__traits.hpp
[1.460s] -- Up-to-date: /home/manuel/buggy_ws_beta.a/install/zed_interfaces/include/zed_interfaces/msg/detail/keypoint3_d__builder.hpp
[1.461s] -- Up-to-date: /home/manuel/buggy_ws_beta.a/install/zed_interfaces/include/zed_interfaces/msg/detail/object__struct.hpp
[1.461s] -- Up-to-date: /home/manuel/buggy_ws_beta.a/install/zed_interfaces/include/zed_interfaces/msg/detail/keypoint2_di__builder.hpp
[1.461s] -- Up-to-date: /home/manuel/buggy_ws_beta.a/install/zed_interfaces/include/zed_interfaces/msg/detail/plane_stamped__builder.hpp
[1.461s] -- Up-to-date: /home/manuel/buggy_ws_beta.a/install/zed_interfaces/include/zed_interfaces/msg/detail/keypoint3_d__struct.hpp
[1.461s] -- Up-to-date: /home/manuel/buggy_ws_beta.a/install/zed_interfaces/include/zed_interfaces/msg/detail/skeleton3_d__struct.hpp
[1.462s] -- Up-to-date: /home/manuel/buggy_ws_beta.a/install/zed_interfaces/include/zed_interfaces/msg/detail/depth_info_stamped__struct.hpp
[1.462s] -- Up-to-date: /home/manuel/buggy_ws_beta.a/install/zed_interfaces/include/zed_interfaces/msg/detail/bounding_box2_df__builder.hpp
[1.462s] -- Up-to-date: /home/manuel/buggy_ws_beta.a/install/zed_interfaces/include/zed_interfaces/msg/detail/skeleton3_d__builder.hpp
[1.462s] -- Up-to-date: /home/manuel/buggy_ws_beta.a/install/zed_interfaces/include/zed_interfaces/msg/detail/keypoint2_di__struct.hpp
[1.462s] -- Up-to-date: /home/manuel/buggy_ws_beta.a/install/zed_interfaces/include/zed_interfaces/msg/detail/skeleton2_d__builder.hpp
[1.463s] -- Up-to-date: /home/manuel/buggy_ws_beta.a/install/zed_interfaces/include/zed_interfaces/msg/detail/depth_info_stamped__builder.hpp
[1.463s] -- Up-to-date: /home/manuel/buggy_ws_beta.a/install/zed_interfaces/include/zed_interfaces/msg/detail/keypoint2_df__traits.hpp
[1.463s] -- Up-to-date: /home/manuel/buggy_ws_beta.a/install/zed_interfaces/include/zed_interfaces/msg/detail/bounding_box3_d__traits.hpp
[1.463s] -- Up-to-date: /home/manuel/buggy_ws_beta.a/install/zed_interfaces/include/zed_interfaces/msg/detail/bounding_box2_df__traits.hpp
[1.463s] -- Up-to-date: /home/manuel/buggy_ws_beta.a/install/zed_interfaces/include/zed_interfaces/msg/detail/object__builder.hpp
[1.463s] -- Up-to-date: /home/manuel/buggy_ws_beta.a/install/zed_interfaces/include/zed_interfaces/msg/detail/keypoint2_df__builder.hpp
[1.463s] -- Up-to-date: /home/manuel/buggy_ws_beta.a/install/zed_interfaces/include/zed_interfaces/msg/detail/skeleton2_d__traits.hpp
[1.464s] -- Up-to-date: /home/manuel/buggy_ws_beta.a/install/zed_interfaces/include/zed_interfaces/msg/detail/bounding_box2_di__struct.hpp
[1.465s] -- Up-to-date: /home/manuel/buggy_ws_beta.a/install/zed_interfaces/include/zed_interfaces/msg/detail/plane_stamped__traits.hpp
[1.465s] -- Up-to-date: /home/manuel/buggy_ws_beta.a/install/zed_interfaces/include/zed_interfaces/msg/detail/keypoint3_d__traits.hpp
[1.465s] -- Up-to-date: /home/manuel/buggy_ws_beta.a/install/zed_interfaces/include/zed_interfaces/msg/detail/keypoint2_df__struct.hpp
[1.465s] -- Up-to-date: /home/manuel/buggy_ws_beta.a/install/zed_interfaces/include/zed_interfaces/msg/detail/bounding_box3_d__builder.hpp
[1.465s] -- Up-to-date: /home/manuel/buggy_ws_beta.a/install/zed_interfaces/include/zed_interfaces/msg/detail/bounding_box2_di__builder.hpp
[1.465s] -- Up-to-date: /home/manuel/buggy_ws_beta.a/install/zed_interfaces/include/zed_interfaces/msg/detail/skeleton3_d__traits.hpp
[1.465s] -- Up-to-date: /home/manuel/buggy_ws_beta.a/install/zed_interfaces/include/zed_interfaces/msg/detail/bounding_box3_d__struct.hpp
[1.465s] -- Up-to-date: /home/manuel/buggy_ws_beta.a/install/zed_interfaces/include/zed_interfaces/msg/detail/objects_stamped__struct.hpp
[1.465s] -- Up-to-date: /home/manuel/buggy_ws_beta.a/install/zed_interfaces/include/zed_interfaces/msg/detail/skeleton2_d__struct.hpp
[1.465s] -- Up-to-date: /home/manuel/buggy_ws_beta.a/install/zed_interfaces/include/zed_interfaces/msg/keypoint2_di.hpp
[1.465s] -- Up-to-date: /home/manuel/buggy_ws_beta.a/install/zed_interfaces/include/zed_interfaces/msg/objects_stamped.hpp
[1.465s] -- Up-to-date: /home/manuel/buggy_ws_beta.a/install/zed_interfaces/include/zed_interfaces/msg/keypoint3_d.hpp
[1.466s] -- Up-to-date: /home/manuel/buggy_ws_beta.a/install/zed_interfaces/include/zed_interfaces/msg/object.hpp
[1.466s] -- Up-to-date: /home/manuel/buggy_ws_beta.a/install/zed_interfaces/include/zed_interfaces/msg/bounding_box3_d.hpp
[1.466s] -- Up-to-date: /home/manuel/buggy_ws_beta.a/install/zed_interfaces/include/zed_interfaces/msg/depth_info_stamped.hpp
[1.466s] -- Up-to-date: /home/manuel/buggy_ws_beta.a/install/zed_interfaces/include/zed_interfaces/msg/skeleton2_d.hpp
[1.466s] -- Up-to-date: /home/manuel/buggy_ws_beta.a/install/zed_interfaces/include/zed_interfaces/msg/bounding_box2_di.hpp
[1.466s] -- Up-to-date: /home/manuel/buggy_ws_beta.a/install/zed_interfaces/include/zed_interfaces/msg/skeleton3_d.hpp
[1.466s] -- Up-to-date: /home/manuel/buggy_ws_beta.a/install/zed_interfaces/include/zed_interfaces/msg/plane_stamped.hpp
[1.466s] -- Up-to-date: /home/manuel/buggy_ws_beta.a/install/zed_interfaces/include/zed_interfaces/msg/keypoint2_df.hpp
[1.466s] -- Up-to-date: /home/manuel/buggy_ws_beta.a/install/zed_interfaces/include/zed_interfaces/msg/bounding_box2_df.hpp
[1.467s] -- Up-to-date: /home/manuel/buggy_ws_beta.a/install/zed_interfaces/include/zed_interfaces
[1.467s] -- Up-to-date: /home/manuel/buggy_ws_beta.a/install/zed_interfaces/include/zed_interfaces/srv
[1.467s] -- Up-to-date: /home/manuel/buggy_ws_beta.a/install/zed_interfaces/include/zed_interfaces/srv/detail
[1.467s] -- Up-to-date: /home/manuel/buggy_ws_beta.a/install/zed_interfaces/include/zed_interfaces/srv/detail/set_pose__type_support.cpp
[1.467s] -- Up-to-date: /home/manuel/buggy_ws_beta.a/install/zed_interfaces/include/zed_interfaces/srv/detail/start_svo_rec__rosidl_typesupport_introspection_cpp.hpp
[1.467s] -- Up-to-date: /home/manuel/buggy_ws_beta.a/install/zed_interfaces/include/zed_interfaces/srv/detail/set_pose__rosidl_typesupport_introspection_cpp.hpp
[1.467s] -- Up-to-date: /home/manuel/buggy_ws_beta.a/install/zed_interfaces/include/zed_interfaces/srv/detail/start_svo_rec__type_support.cpp
[1.467s] -- Up-to-date: /home/manuel/buggy_ws_beta.a/install/zed_interfaces/include/zed_interfaces/msg
[1.467s] -- Up-to-date: /home/manuel/buggy_ws_beta.a/install/zed_interfaces/include/zed_interfaces/msg/detail
[1.467s] -- Up-to-date: /home/manuel/buggy_ws_beta.a/install/zed_interfaces/include/zed_interfaces/msg/detail/bounding_box3_d__rosidl_typesupport_introspection_cpp.hpp
[1.468s] -- Up-to-date: /home/manuel/buggy_ws_beta.a/install/zed_interfaces/include/zed_interfaces/msg/detail/keypoint2_df__type_support.cpp
[1.468s] -- Up-to-date: /home/manuel/buggy_ws_beta.a/install/zed_interfaces/include/zed_interfaces/msg/detail/keypoint3_d__type_support.cpp
[1.468s] -- Up-to-date: /home/manuel/buggy_ws_beta.a/install/zed_interfaces/include/zed_interfaces/msg/detail/object__type_support.cpp
[1.468s] -- Up-to-date: /home/manuel/buggy_ws_beta.a/install/zed_interfaces/include/zed_interfaces/msg/detail/object__rosidl_typesupport_introspection_cpp.hpp
[1.468s] -- Up-to-date: /home/manuel/buggy_ws_beta.a/install/zed_interfaces/include/zed_interfaces/msg/detail/plane_stamped__rosidl_typesupport_introspection_cpp.hpp
[1.468s] -- Up-to-date: /home/manuel/buggy_ws_beta.a/install/zed_interfaces/include/zed_interfaces/msg/detail/skeleton2_d__type_support.cpp
[1.468s] -- Up-to-date: /home/manuel/buggy_ws_beta.a/install/zed_interfaces/include/zed_interfaces/msg/detail/bounding_box2_df__type_support.cpp
[1.468s] -- Up-to-date: /home/manuel/buggy_ws_beta.a/install/zed_interfaces/include/zed_interfaces/msg/detail/depth_info_stamped__type_support.cpp
[1.468s] -- Up-to-date: /home/manuel/buggy_ws_beta.a/install/zed_interfaces/include/zed_interfaces/msg/detail/bounding_box3_d__type_support.cpp
[1.469s] -- Up-to-date: /home/manuel/buggy_ws_beta.a/install/zed_interfaces/include/zed_interfaces/msg/detail/keypoint3_d__rosidl_typesupport_introspection_cpp.hpp
[1.469s] -- Up-to-date: /home/manuel/buggy_ws_beta.a/install/zed_interfaces/include/zed_interfaces/msg/detail/depth_info_stamped__rosidl_typesupport_introspection_cpp.hpp
[1.469s] -- Up-to-date: /home/manuel/buggy_ws_beta.a/install/zed_interfaces/include/zed_interfaces/msg/detail/bounding_box2_di__type_support.cpp
[1.469s] -- Up-to-date: /home/manuel/buggy_ws_beta.a/install/zed_interfaces/include/zed_interfaces/msg/detail/keypoint2_di__rosidl_typesupport_introspection_cpp.hpp
[1.469s] -- Up-to-date: /home/manuel/buggy_ws_beta.a/install/zed_interfaces/include/zed_interfaces/msg/detail/skeleton3_d__type_support.cpp
[1.469s] -- Up-to-date: /home/manuel/buggy_ws_beta.a/install/zed_interfaces/include/zed_interfaces/msg/detail/skeleton2_d__rosidl_typesupport_introspection_cpp.hpp
[1.469s] -- Up-to-date: /home/manuel/buggy_ws_beta.a/install/zed_interfaces/include/zed_interfaces/msg/detail/plane_stamped__type_support.cpp
[1.470s] -- Up-to-date: /home/manuel/buggy_ws_beta.a/install/zed_interfaces/include/zed_interfaces/msg/detail/objects_stamped__type_support.cpp
[1.471s] -- Up-to-date: /home/manuel/buggy_ws_beta.a/install/zed_interfaces/include/zed_interfaces/msg/detail/keypoint2_di__type_support.cpp
[1.471s] -- Up-to-date: /home/manuel/buggy_ws_beta.a/install/zed_interfaces/include/zed_interfaces/msg/detail/skeleton3_d__rosidl_typesupport_introspection_cpp.hpp
[1.471s] -- Up-to-date: /home/manuel/buggy_ws_beta.a/install/zed_interfaces/include/zed_interfaces/msg/detail/bounding_box2_df__rosidl_typesupport_introspection_cpp.hpp
[1.471s] -- Up-to-date: /home/manuel/buggy_ws_beta.a/install/zed_interfaces/include/zed_interfaces/msg/detail/keypoint2_df__rosidl_typesupport_introspection_cpp.hpp
[1.471s] -- Up-to-date: /home/manuel/buggy_ws_beta.a/install/zed_interfaces/include/zed_interfaces/msg/detail/bounding_box2_di__rosidl_typesupport_introspection_cpp.hpp
[1.471s] -- Up-to-date: /home/manuel/buggy_ws_beta.a/install/zed_interfaces/include/zed_interfaces/msg/detail/objects_stamped__rosidl_typesupport_introspection_cpp.hpp
[1.471s] -- Up-to-date: /home/manuel/buggy_ws_beta.a/install/zed_interfaces/lib/libzed_interfaces__rosidl_typesupport_introspection_cpp.so
[1.471s] -- Up-to-date: /home/manuel/buggy_ws_beta.a/install/zed_interfaces/lib/libzed_interfaces__rosidl_typesupport_cpp.so
[1.472s] -- Up-to-date: /home/manuel/buggy_ws_beta.a/install/zed_interfaces/share/zed_interfaces/environment/pythonpath.sh
[1.475s] -- Up-to-date: /home/manuel/buggy_ws_beta.a/install/zed_interfaces/share/zed_interfaces/environment/pythonpath.dsv
[1.475s] -- Up-to-date: /home/manuel/buggy_ws_beta.a/install/zed_interfaces/lib/python3.8/site-packages/zed_interfaces/__init__.py
[1.479s] -- Up-to-date: /home/manuel/buggy_ws_beta.a/install/zed_interfaces/lib/python3.8/site-packages/zed_interfaces/msg
[1.479s] -- Up-to-date: /home/manuel/buggy_ws_beta.a/install/zed_interfaces/lib/python3.8/site-packages/zed_interfaces/msg/_bounding_box2_di.py
[1.480s] -- Up-to-date: /home/manuel/buggy_ws_beta.a/install/zed_interfaces/lib/python3.8/site-packages/zed_interfaces/msg/_bounding_box2_df_s.c
[1.480s] -- Up-to-date: /home/manuel/buggy_ws_beta.a/install/zed_interfaces/lib/python3.8/site-packages/zed_interfaces/msg/_skeleton3_d.py
[1.480s] -- Up-to-date: /home/manuel/buggy_ws_beta.a/install/zed_interfaces/lib/python3.8/site-packages/zed_interfaces/msg/_bounding_box3_d_s.c
[1.480s] -- Up-to-date: /home/manuel/buggy_ws_beta.a/install/zed_interfaces/lib/python3.8/site-packages/zed_interfaces/msg/_object_s.c
[1.480s] -- Up-to-date: /home/manuel/buggy_ws_beta.a/install/zed_interfaces/lib/python3.8/site-packages/zed_interfaces/msg/_skeleton2_d_s.c
[1.480s] -- Up-to-date: /home/manuel/buggy_ws_beta.a/install/zed_interfaces/lib/python3.8/site-packages/zed_interfaces/msg/_keypoint3_d_s.c
[1.480s] -- Up-to-date: /home/manuel/buggy_ws_beta.a/install/zed_interfaces/lib/python3.8/site-packages/zed_interfaces/msg/_objects_stamped.py
[1.480s] -- Up-to-date: /home/manuel/buggy_ws_beta.a/install/zed_interfaces/lib/python3.8/site-packages/zed_interfaces/msg/_object.py
[1.481s] -- Up-to-date: /home/manuel/buggy_ws_beta.a/install/zed_interfaces/lib/python3.8/site-packages/zed_interfaces/msg/_skeleton3_d_s.c
[1.481s] -- Up-to-date: /home/manuel/buggy_ws_beta.a/install/zed_interfaces/lib/python3.8/site-packages/zed_interfaces/msg/_keypoint2_df.py
[1.481s] -- Up-to-date: /home/manuel/buggy_ws_beta.a/install/zed_interfaces/lib/python3.8/site-packages/zed_interfaces/msg/_keypoint3_d.py
[1.481s] -- Up-to-date: /home/manuel/buggy_ws_beta.a/install/zed_interfaces/lib/python3.8/site-packages/zed_interfaces/msg/_plane_stamped.py
[1.481s] -- Up-to-date: /home/manuel/buggy_ws_beta.a/install/zed_interfaces/lib/python3.8/site-packages/zed_interfaces/msg/_keypoint2_di_s.c
[1.481s] -- Up-to-date: /home/manuel/buggy_ws_beta.a/install/zed_interfaces/lib/python3.8/site-packages/zed_interfaces/msg/_bounding_box3_d.py
[1.481s] -- Up-to-date: /home/manuel/buggy_ws_beta.a/install/zed_interfaces/lib/python3.8/site-packages/zed_interfaces/msg/_plane_stamped_s.c
[1.482s] -- Up-to-date: /home/manuel/buggy_ws_beta.a/install/zed_interfaces/lib/python3.8/site-packages/zed_interfaces/msg/_bounding_box2_di_s.c
[1.482s] -- Up-to-date: /home/manuel/buggy_ws_beta.a/install/zed_interfaces/lib/python3.8/site-packages/zed_interfaces/msg/_depth_info_stamped_s.c
[1.482s] -- Up-to-date: /home/manuel/buggy_ws_beta.a/install/zed_interfaces/lib/python3.8/site-packages/zed_interfaces/msg/_objects_stamped_s.c
[1.482s] -- Up-to-date: /home/manuel/buggy_ws_beta.a/install/zed_interfaces/lib/python3.8/site-packages/zed_interfaces/msg/__init__.py
[1.482s] -- Up-to-date: /home/manuel/buggy_ws_beta.a/install/zed_interfaces/lib/python3.8/site-packages/zed_interfaces/msg/_keypoint2_df_s.c
[1.482s] -- Up-to-date: /home/manuel/buggy_ws_beta.a/install/zed_interfaces/lib/python3.8/site-packages/zed_interfaces/msg/_depth_info_stamped.py
[1.482s] -- Up-to-date: /home/manuel/buggy_ws_beta.a/install/zed_interfaces/lib/python3.8/site-packages/zed_interfaces/msg/_keypoint2_di.py
[1.483s] -- Up-to-date: /home/manuel/buggy_ws_beta.a/install/zed_interfaces/lib/python3.8/site-packages/zed_interfaces/msg/_skeleton2_d.py
[1.483s] -- Up-to-date: /home/manuel/buggy_ws_beta.a/install/zed_interfaces/lib/python3.8/site-packages/zed_interfaces/msg/_bounding_box2_df.py
[1.483s] -- Up-to-date: /home/manuel/buggy_ws_beta.a/install/zed_interfaces/lib/python3.8/site-packages/zed_interfaces/srv
[1.483s] -- Up-to-date: /home/manuel/buggy_ws_beta.a/install/zed_interfaces/lib/python3.8/site-packages/zed_interfaces/srv/_start_svo_rec.py
[1.483s] -- Up-to-date: /home/manuel/buggy_ws_beta.a/install/zed_interfaces/lib/python3.8/site-packages/zed_interfaces/srv/_set_pose_s.c
[1.483s] -- Up-to-date: /home/manuel/buggy_ws_beta.a/install/zed_interfaces/lib/python3.8/site-packages/zed_interfaces/srv/_start_svo_rec_s.c
[1.483s] -- Up-to-date: /home/manuel/buggy_ws_beta.a/install/zed_interfaces/lib/python3.8/site-packages/zed_interfaces/srv/__init__.py
[1.483s] -- Up-to-date: /home/manuel/buggy_ws_beta.a/install/zed_interfaces/lib/python3.8/site-packages/zed_interfaces/srv/_set_pose.py
[1.484s] -- Up-to-date: /home/manuel/buggy_ws_beta.a/install/zed_interfaces/lib/python3.8/site-packages/zed_interfaces/zed_interfaces_s__rosidl_typesupport_fastrtps_c.cpython-38-x86_64-linux-gnu.so
[1.484s] -- Up-to-date: /home/manuel/buggy_ws_beta.a/install/zed_interfaces/lib/python3.8/site-packages/zed_interfaces/zed_interfaces_s__rosidl_typesupport_introspection_c.cpython-38-x86_64-linux-gnu.so
[1.484s] -- Up-to-date: /home/manuel/buggy_ws_beta.a/install/zed_interfaces/lib/python3.8/site-packages/zed_interfaces/zed_interfaces_s__rosidl_typesupport_c.cpython-38-x86_64-linux-gnu.so
[1.484s] -- Up-to-date: /home/manuel/buggy_ws_beta.a/install/zed_interfaces/lib/libzed_interfaces__python.so
[1.484s] -- Up-to-date: /home/manuel/buggy_ws_beta.a/install/zed_interfaces/share/zed_interfaces/msg/Object.idl
[1.484s] -- Up-to-date: /home/manuel/buggy_ws_beta.a/install/zed_interfaces/share/zed_interfaces/msg/ObjectsStamped.idl
[1.484s] -- Up-to-date: /home/manuel/buggy_ws_beta.a/install/zed_interfaces/share/zed_interfaces/msg/Keypoint2Di.idl
[1.485s] -- Up-to-date: /home/manuel/buggy_ws_beta.a/install/zed_interfaces/share/zed_interfaces/msg/Keypoint2Df.idl
[1.485s] -- Up-to-date: /home/manuel/buggy_ws_beta.a/install/zed_interfaces/share/zed_interfaces/msg/Keypoint3D.idl
[1.485s] -- Up-to-date: /home/manuel/buggy_ws_beta.a/install/zed_interfaces/share/zed_interfaces/msg/BoundingBox2Di.idl
[1.485s] -- Up-to-date: /home/manuel/buggy_ws_beta.a/install/zed_interfaces/share/zed_interfaces/msg/BoundingBox2Df.idl
[1.485s] -- Up-to-date: /home/manuel/buggy_ws_beta.a/install/zed_interfaces/share/zed_interfaces/msg/BoundingBox3D.idl
[1.485s] -- Up-to-date: /home/manuel/buggy_ws_beta.a/install/zed_interfaces/share/zed_interfaces/msg/Skeleton2D.idl
[1.485s] -- Up-to-date: /home/manuel/buggy_ws_beta.a/install/zed_interfaces/share/zed_interfaces/msg/Skeleton3D.idl
[1.485s] -- Up-to-date: /home/manuel/buggy_ws_beta.a/install/zed_interfaces/share/zed_interfaces/msg/DepthInfoStamped.idl
[1.486s] -- Up-to-date: /home/manuel/buggy_ws_beta.a/install/zed_interfaces/share/zed_interfaces/msg/PlaneStamped.idl
[1.486s] -- Up-to-date: /home/manuel/buggy_ws_beta.a/install/zed_interfaces/share/zed_interfaces/srv/SetPose.idl
[1.486s] -- Up-to-date: /home/manuel/buggy_ws_beta.a/install/zed_interfaces/share/zed_interfaces/srv/StartSvoRec.idl
[1.486s] -- Up-to-date: /home/manuel/buggy_ws_beta.a/install/zed_interfaces/share/zed_interfaces/msg/Object.msg
[1.486s] -- Up-to-date: /home/manuel/buggy_ws_beta.a/install/zed_interfaces/share/zed_interfaces/msg/ObjectsStamped.msg
[1.486s] -- Up-to-date: /home/manuel/buggy_ws_beta.a/install/zed_interfaces/share/zed_interfaces/msg/Keypoint2Di.msg
[1.486s] -- Up-to-date: /home/manuel/buggy_ws_beta.a/install/zed_interfaces/share/zed_interfaces/msg/Keypoint2Df.msg
[1.487s] -- Up-to-date: /home/manuel/buggy_ws_beta.a/install/zed_interfaces/share/zed_interfaces/msg/Keypoint3D.msg
[1.487s] -- Up-to-date: /home/manuel/buggy_ws_beta.a/install/zed_interfaces/share/zed_interfaces/msg/BoundingBox2Di.msg
[1.487s] -- Up-to-date: /home/manuel/buggy_ws_beta.a/install/zed_interfaces/share/zed_interfaces/msg/BoundingBox2Df.msg
[1.487s] -- Up-to-date: /home/manuel/buggy_ws_beta.a/install/zed_interfaces/share/zed_interfaces/msg/BoundingBox3D.msg
[1.487s] -- Up-to-date: /home/manuel/buggy_ws_beta.a/install/zed_interfaces/share/zed_interfaces/msg/Skeleton2D.msg
[1.487s] -- Up-to-date: /home/manuel/buggy_ws_beta.a/install/zed_interfaces/share/zed_interfaces/msg/Skeleton3D.msg
[1.487s] -- Up-to-date: /home/manuel/buggy_ws_beta.a/install/zed_interfaces/share/zed_interfaces/msg/DepthInfoStamped.msg
[1.487s] -- Up-to-date: /home/manuel/buggy_ws_beta.a/install/zed_interfaces/share/zed_interfaces/msg/PlaneStamped.msg
[1.489s] -- Up-to-date: /home/manuel/buggy_ws_beta.a/install/zed_interfaces/share/zed_interfaces/srv/SetPose.srv
[1.489s] -- Up-to-date: /home/manuel/buggy_ws_beta.a/install/zed_interfaces/share/zed_interfaces/srv/SetPose_Request.msg
[1.490s] -- Up-to-date: /home/manuel/buggy_ws_beta.a/install/zed_interfaces/share/zed_interfaces/srv/SetPose_Response.msg
[1.490s] -- Up-to-date: /home/manuel/buggy_ws_beta.a/install/zed_interfaces/share/zed_interfaces/srv/StartSvoRec.srv
[1.490s] -- Up-to-date: /home/manuel/buggy_ws_beta.a/install/zed_interfaces/share/zed_interfaces/srv/StartSvoRec_Request.msg
[1.490s] -- Up-to-date: /home/manuel/buggy_ws_beta.a/install/zed_interfaces/share/zed_interfaces/srv/StartSvoRec_Response.msg
[1.490s] -- Up-to-date: /home/manuel/buggy_ws_beta.a/install/zed_interfaces/share/zed_interfaces/meshes
[1.491s] -- Up-to-date: /home/manuel/buggy_ws_beta.a/install/zed_interfaces/share/zed_interfaces/meshes/zedm.stl
[1.492s] -- Up-to-date: /home/manuel/buggy_ws_beta.a/install/zed_interfaces/share/zed_interfaces/meshes/zed.stl
[1.492s] -- Up-to-date: /home/manuel/buggy_ws_beta.a/install/zed_interfaces/share/zed_interfaces/meshes/zed2.stl
[1.492s] -- Up-to-date: /home/manuel/buggy_ws_beta.a/install/zed_interfaces/share/zed_interfaces/meshes/zed2i.stl
[1.492s] -- Up-to-date: /home/manuel/buggy_ws_beta.a/install/zed_interfaces/share/ament_index/resource_index/package_run_dependencies/zed_interfaces
[1.493s] -- Up-to-date: /home/manuel/buggy_ws_beta.a/install/zed_interfaces/share/ament_index/resource_index/parent_prefix_path/zed_interfaces
[1.493s] -- Up-to-date: /home/manuel/buggy_ws_beta.a/install/zed_interfaces/share/zed_interfaces/environment/ament_prefix_path.sh
[1.493s] -- Up-to-date: /home/manuel/buggy_ws_beta.a/install/zed_interfaces/share/zed_interfaces/environment/ament_prefix_path.dsv
[1.493s] -- Up-to-date: /home/manuel/buggy_ws_beta.a/install/zed_interfaces/share/zed_interfaces/environment/path.sh
[1.493s] -- Up-to-date: /home/manuel/buggy_ws_beta.a/install/zed_interfaces/share/zed_interfaces/environment/path.dsv
[1.493s] -- Up-to-date: /home/manuel/buggy_ws_beta.a/install/zed_interfaces/share/zed_interfaces/local_setup.bash
[1.493s] -- Up-to-date: /home/manuel/buggy_ws_beta.a/install/zed_interfaces/share/zed_interfaces/local_setup.sh
[1.493s] -- Up-to-date: /home/manuel/buggy_ws_beta.a/install/zed_interfaces/share/zed_interfaces/local_setup.zsh
[1.494s] -- Up-to-date: /home/manuel/buggy_ws_beta.a/install/zed_interfaces/share/zed_interfaces/local_setup.dsv
[1.494s] -- Installing: /home/manuel/buggy_ws_beta.a/install/zed_interfaces/share/zed_interfaces/package.dsv
[1.494s] -- Up-to-date: /home/manuel/buggy_ws_beta.a/install/zed_interfaces/share/ament_index/resource_index/packages/zed_interfaces
[1.494s] -- Up-to-date: /home/manuel/buggy_ws_beta.a/install/zed_interfaces/share/zed_interfaces/cmake/zed_interfaces__rosidl_generator_cExport.cmake
[1.494s] -- Up-to-date: /home/manuel/buggy_ws_beta.a/install/zed_interfaces/share/zed_interfaces/cmake/zed_interfaces__rosidl_generator_cExport-noconfig.cmake
[1.494s] -- Up-to-date: /home/manuel/buggy_ws_beta.a/install/zed_interfaces/share/zed_interfaces/cmake/zed_interfaces__rosidl_typesupport_introspection_cExport.cmake
[1.494s] -- Up-to-date: /home/manuel/buggy_ws_beta.a/install/zed_interfaces/share/zed_interfaces/cmake/zed_interfaces__rosidl_typesupport_introspection_cExport-noconfig.cmake
[1.494s] -- Up-to-date: /home/manuel/buggy_ws_beta.a/install/zed_interfaces/share/zed_interfaces/cmake/zed_interfaces__rosidl_typesupport_cExport.cmake
[1.495s] -- Up-to-date: /home/manuel/buggy_ws_beta.a/install/zed_interfaces/share/zed_interfaces/cmake/zed_interfaces__rosidl_typesupport_cExport-noconfig.cmake
[1.495s] -- Up-to-date: /home/manuel/buggy_ws_beta.a/install/zed_interfaces/share/zed_interfaces/cmake/zed_interfaces__rosidl_generator_cppExport.cmake
[1.495s] -- Up-to-date: /home/manuel/buggy_ws_beta.a/install/zed_interfaces/share/zed_interfaces/cmake/zed_interfaces__rosidl_typesupport_introspection_cppExport.cmake
[1.495s] -- Up-to-date: /home/manuel/buggy_ws_beta.a/install/zed_interfaces/share/zed_interfaces/cmake/zed_interfaces__rosidl_typesupport_introspection_cppExport-noconfig.cmake
[1.495s] -- Up-to-date: /home/manuel/buggy_ws_beta.a/install/zed_interfaces/share/zed_interfaces/cmake/zed_interfaces__rosidl_typesupport_cppExport.cmake
[1.495s] -- Up-to-date: /home/manuel/buggy_ws_beta.a/install/zed_interfaces/share/zed_interfaces/cmake/zed_interfaces__rosidl_typesupport_cppExport-noconfig.cmake
[1.495s] -- Up-to-date: /home/manuel/buggy_ws_beta.a/install/zed_interfaces/share/zed_interfaces/cmake/rosidl_cmake-extras.cmake
[1.495s] -- Up-to-date: /home/manuel/buggy_ws_beta.a/install/zed_interfaces/share/zed_interfaces/cmake/ament_cmake_export_dependencies-extras.cmake
[1.496s] -- Up-to-date: /home/manuel/buggy_ws_beta.a/install/zed_interfaces/share/zed_interfaces/cmake/ament_cmake_export_libraries-extras.cmake
[1.496s] -- Up-to-date: /home/manuel/buggy_ws_beta.a/install/zed_interfaces/share/zed_interfaces/cmake/ament_cmake_export_targets-extras.cmake
[1.496s] -- Up-to-date: /home/manuel/buggy_ws_beta.a/install/zed_interfaces/share/zed_interfaces/cmake/ament_cmake_export_include_directories-extras.cmake
[1.496s] -- Up-to-date: /home/manuel/buggy_ws_beta.a/install/zed_interfaces/share/zed_interfaces/cmake/rosidl_cmake_export_typesupport_libraries-extras.cmake
[1.496s] -- Up-to-date: /home/manuel/buggy_ws_beta.a/install/zed_interfaces/share/zed_interfaces/cmake/rosidl_cmake_export_typesupport_targets-extras.cmake
[1.496s] -- Up-to-date: /home/manuel/buggy_ws_beta.a/install/zed_interfaces/share/zed_interfaces/cmake/zed_interfacesConfig.cmake
[1.496s] -- Up-to-date: /home/manuel/buggy_ws_beta.a/install/zed_interfaces/share/zed_interfaces/cmake/zed_interfacesConfig-version.cmake
[1.497s] -- Up-to-date: /home/manuel/buggy_ws_beta.a/install/zed_interfaces/share/zed_interfaces/package.xml
[1.609s] Invoked command in '/home/manuel/buggy_ws_beta.a/build/zed_interfaces' returned '0': CMAKE_PREFIX_PATH=${CMAKE_PREFIX_PATH}:/home/manuel/buggy_ws_beta.a/install/joint_state_publisher_gui:/home/manuel/buggy_ws_beta.a/install/joint_state_publisher:/home/manuel/buggy_ws_beta.a/install/ackermann_odometry:/home/manuel/buggy_ws_beta.a/install/ackermann_controller:/home/manuel/buggy_space/install/joint_state_publisher_gui:/home/manuel/buggy_space/install/joint_state_publisher:/home/manuel/buggy_space/install/ackermann_odometry:/home/manuel/buggy_space/install/ackermann_controller:/opt/ros/foxy /usr/bin/cmake --install /home/manuel/buggy_ws_beta.a/build/zed_interfaces
