[0.024s] Invoking command in '/home/manuel/buggy_ws_beta.a/build/zed_rgb_convert': AMENT_PREFIX_PATH=/home/manuel/buggy_ws_beta.a/install/zed_components:/home/manuel/buggy_ws_beta.a/install/zed_interfaces:/home/manuel/buggy_ws_beta.a/install/image_transport:${AMENT_PREFIX_PATH} CMAKE_PREFIX_PATH=/home/manuel/buggy_ws_beta.a/install/zed_components:/home/manuel/buggy_ws_beta.a/install/zed_interfaces:/home/manuel/buggy_ws_beta.a/install/image_transport:/home/manuel/buggy_space/install/zed_ros2:/home/manuel/buggy_space/install/zed_display_rviz2:/home/manuel/buggy_space/install/zed_wrapper:/home/manuel/buggy_space/install/zed_tutorial_video:/home/manuel/buggy_space/install/zed_tutorial_pos_tracking:/home/manuel/buggy_space/install/zed_tutorial_depth:/home/manuel/buggy_space/install/zed_rgb_convert:/home/manuel/buggy_space/install/zed_components:/home/manuel/buggy_space/install/rviz_plugin_zed_od:/home/manuel/buggy_space/install/zed_interfaces:/home/manuel/buggy_space/install/buggy_mobile_robot:/home/manuel/buggy_space/install/vox_nav_msgs:/home/manuel/buggy_space/install/velodyne:/home/manuel/buggy_space/install/velodyne_pointcloud:/home/manuel/buggy_space/install/velodyne_driver:/home/manuel/buggy_space/install/velodyne_msgs:/home/manuel/buggy_space/install/velodyne_laserscan:/home/manuel/buggy_space/install/teb_local_planner:/home/manuel/buggy_space/install/teb_msgs:/home/manuel/buggy_space/install/sick_scan2:/home/manuel/buggy_space/install/ros_sensors:/home/manuel/buggy_space/install/ros2socketcan_lib:/home/manuel/buggy_space/install/ros2car_buggy:/home/manuel/buggy_space/install/robot_localization:/home/manuel/buggy_space/install/image_common:/home/manuel/buggy_space/install/image_transport:/home/manuel/buggy_space/install/costmap_converter:/home/manuel/buggy_space/install/costmap_converter_msgs:/home/manuel/buggy_space/install/can_msgs:/home/manuel/buggy_space/install/camera_info_manager:/home/manuel/buggy_space/install/camera_calibration_parsers:/home/manuel/buggy_space/install/buggy_msgs:/home/manuel/buggy_space/install/buggy_mobile_navigation:/home/manuel/buggy_space/install/ackermann_msgs:/home/manuel/buggy_space/install/ackermann_interfaces:/home/manuel/buggy_space/install/joint_state_publisher_gui:/home/manuel/buggy_space/install/joint_state_publisher:/home/manuel/buggy_space/install/ackermann_odometry:/home/manuel/buggy_space/install/ackermann_controller:/opt/ros/foxy LD_LIBRARY_PATH=/home/manuel/buggy_ws_beta.a/install/zed_components/lib:/home/manuel/buggy_ws_beta.a/install/zed_interfaces/lib:/home/manuel/buggy_ws_beta.a/install/image_transport/lib:${LD_LIBRARY_PATH} PYTHONPATH=/home/manuel/buggy_ws_beta.a/install/zed_interfaces/lib/python3.8/site-packages:${PYTHONPATH} /usr/bin/cmake /home/manuel/buggy_ws_beta.a/src/zed-ros2-examples/tutorials/zed_rgb_convert -DCMAKE_INSTALL_PREFIX=/home/manuel/buggy_ws_beta.a/install/zed_rgb_convert
[0.083s] -- The C compiler identification is GNU 9.4.0
[0.147s] -- The CXX compiler identification is GNU 9.4.0
[0.154s] -- Check for working C compiler: /usr/bin/cc
[0.230s] -- Check for working C compiler: /usr/bin/cc -- works
[0.231s] -- Detecting C compiler ABI info
[0.306s] -- Detecting C compiler ABI info - done
[0.320s] -- Detecting C compile features
[0.320s] -- Detecting C compile features - done
[0.323s] -- Check for working CXX compiler: /usr/bin/c++
[0.409s] -- Check for working CXX compiler: /usr/bin/c++ -- works
[0.410s] -- Detecting CXX compiler ABI info
[0.497s] -- Detecting CXX compiler ABI info - done
[0.511s] -- Detecting CXX compile features
[0.512s] -- Detecting CXX compile features - done
[0.528s] -- Found OpenCV: /usr (found version "4.2.0") 
[0.532s] -- Looking for sgemm_
[0.609s] -- Looking for sgemm_ - not found
[0.611s] -- Looking for pthread.h
[0.693s] -- Looking for pthread.h - found
[0.693s] -- Performing Test CMAKE_HAVE_LIBC_PTHREAD
[0.775s] -- Performing Test CMAKE_HAVE_LIBC_PTHREAD - Failed
[0.775s] -- Looking for pthread_create in pthreads
[0.843s] -- Looking for pthread_create in pthreads - not found
[0.843s] -- Looking for pthread_create in pthread
[0.918s] -- Looking for pthread_create in pthread - found
[0.920s] -- Found Threads: TRUE  
[0.960s] -- Looking for sgemm_
[1.072s] -- Looking for sgemm_ - found
[1.072s] -- Found BLAS: /usr/lib/x86_64-linux-gnu/libopenblas.so  
[1.091s] -- Found CUDA: /usr/local/cuda (found suitable version "11.7", minimum required is "11") 
[1.135s] -- Found CUDA: /usr/local/cuda (found version "11.7") 
[1.138s] -- Found ament_cmake: 0.9.11 (/opt/ros/foxy/share/ament_cmake/cmake)
[1.169s] -- Found PythonInterp: /usr/bin/python3 (found suitable version "3.8.10", minimum required is "3") 
[1.169s] -- Using PYTHON_EXECUTABLE: /usr/bin/python3
[1.456s] -- Found rcutils: 1.1.4 (/opt/ros/foxy/share/rcutils/cmake)
[1.462s] -- Found rclcpp: 2.4.2 (/opt/ros/foxy/share/rclcpp/cmake)
[1.505s] -- Using all available rosidl_typesupport_c: rosidl_typesupport_fastrtps_c;rosidl_typesupport_introspection_c
[1.513s] -- Found rosidl_adapter: 1.3.0 (/opt/ros/foxy/share/rosidl_adapter/cmake)
[1.617s] -- Found OpenSSL: /usr/lib/x86_64-linux-gnu/libcrypto.so (found version "1.1.1f")  
[1.663s] -- Found FastRTPS: /opt/ros/foxy/include  
[1.759s] -- Using all available rosidl_typesupport_cpp: rosidl_typesupport_fastrtps_cpp;rosidl_typesupport_introspection_cpp
[1.828s] -- Found rmw_implementation_cmake: 1.0.3 (/opt/ros/foxy/share/rmw_implementation_cmake/cmake)
[1.831s] -- Using RMW implementation 'rmw_fastrtps_cpp' as default
[2.014s] -- Found rclcpp_components: 2.4.2 (/opt/ros/foxy/share/rclcpp_components/cmake)
[2.086s] -- Found sensor_msgs: 2.0.5 (/opt/ros/foxy/share/sensor_msgs/cmake)
[2.224s] -- Found image_transport: 3.0.0 (/home/manuel/buggy_ws_beta.a/install/image_transport/share/image_transport/cmake)
[2.270s] -- Found zed_components: 0.2.0 (/home/manuel/buggy_ws_beta.a/install/zed_components/share/zed_components/cmake)
[2.672s] -- Found eigen3_cmake_module: 0.1.1 (/opt/ros/foxy/share/eigen3_cmake_module/cmake)
[2.676s] -- Found Eigen3: TRUE (found version "3.3.7") 
[3.827s] -- Found ament_lint_auto: 0.9.7 (/opt/ros/foxy/share/ament_lint_auto/cmake)
[3.968s] -- Found python_cmake_module: 0.8.1 (/opt/ros/foxy/share/python_cmake_module/cmake)
[3.993s] -- Found PythonInterp: /usr/bin/python3 (found suitable version "3.8.10", minimum required is "3.5") 
[4.001s] -- Found PythonLibs: /usr/lib/x86_64-linux-gnu/libpython3.8.so (found suitable version "3.8.10", minimum required is "3.5") 
[4.002s] -- Using PYTHON_EXECUTABLE: /usr/bin/python3
[4.002s] -- Using PYTHON_INCLUDE_DIRS: /usr/include/python3.8
[4.002s] -- Using PYTHON_LIBRARIES: /usr/lib/x86_64-linux-gnu/libpython3.8.so
[4.027s] -- Found PythonExtra: .so  
[4.033s] -- Added test 'copyright' to check source files copyright and LICENSE
[4.035s] -- Added test 'cppcheck' to perform static code analysis on C / C++ code
[4.036s] -- Configured cppcheck include dirs: /home/manuel/buggy_ws_beta.a/src/zed-ros2-examples/tutorials/zed_rgb_convert/src/include;/home/manuel/buggy_ws_beta.a/src/zed-ros2-examples/tutorials/zed_rgb_convert/src/component/include
[4.036s] -- Configured cppcheck exclude dirs and/or files: 
[4.038s] -- Added test 'cpplint' to check C / C++ code against the Google style
[4.038s] -- Configured cpplint exclude dirs and/or files: 
[4.039s] -- Added test 'flake8' to check Python code syntax and style conventions
[4.040s] -- Added test 'lint_cmake' to check CMake code style
[4.041s] -- Added test 'pep257' to check Python code against some of the style conventions in PEP 257
[4.043s] -- Added test 'uncrustify' to check C / C++ code style
[4.043s] -- Configured uncrustify additional arguments: 
[4.044s] -- Added test 'xmllint' to check XML markup files
[4.050s] -- Configuring done
[4.113s] -- Generating done
[4.115s] -- Build files have been written to: /home/manuel/buggy_ws_beta.a/build/zed_rgb_convert
[4.130s] Invoked command in '/home/manuel/buggy_ws_beta.a/build/zed_rgb_convert' returned '0': AMENT_PREFIX_PATH=/home/manuel/buggy_ws_beta.a/install/zed_components:/home/manuel/buggy_ws_beta.a/install/zed_interfaces:/home/manuel/buggy_ws_beta.a/install/image_transport:${AMENT_PREFIX_PATH} CMAKE_PREFIX_PATH=/home/manuel/buggy_ws_beta.a/install/zed_components:/home/manuel/buggy_ws_beta.a/install/zed_interfaces:/home/manuel/buggy_ws_beta.a/install/image_transport:/home/manuel/buggy_space/install/zed_ros2:/home/manuel/buggy_space/install/zed_display_rviz2:/home/manuel/buggy_space/install/zed_wrapper:/home/manuel/buggy_space/install/zed_tutorial_video:/home/manuel/buggy_space/install/zed_tutorial_pos_tracking:/home/manuel/buggy_space/install/zed_tutorial_depth:/home/manuel/buggy_space/install/zed_rgb_convert:/home/manuel/buggy_space/install/zed_components:/home/manuel/buggy_space/install/rviz_plugin_zed_od:/home/manuel/buggy_space/install/zed_interfaces:/home/manuel/buggy_space/install/buggy_mobile_robot:/home/manuel/buggy_space/install/vox_nav_msgs:/home/manuel/buggy_space/install/velodyne:/home/manuel/buggy_space/install/velodyne_pointcloud:/home/manuel/buggy_space/install/velodyne_driver:/home/manuel/buggy_space/install/velodyne_msgs:/home/manuel/buggy_space/install/velodyne_laserscan:/home/manuel/buggy_space/install/teb_local_planner:/home/manuel/buggy_space/install/teb_msgs:/home/manuel/buggy_space/install/sick_scan2:/home/manuel/buggy_space/install/ros_sensors:/home/manuel/buggy_space/install/ros2socketcan_lib:/home/manuel/buggy_space/install/ros2car_buggy:/home/manuel/buggy_space/install/robot_localization:/home/manuel/buggy_space/install/image_common:/home/manuel/buggy_space/install/image_transport:/home/manuel/buggy_space/install/costmap_converter:/home/manuel/buggy_space/install/costmap_converter_msgs:/home/manuel/buggy_space/install/can_msgs:/home/manuel/buggy_space/install/camera_info_manager:/home/manuel/buggy_space/install/camera_calibration_parsers:/home/manuel/buggy_space/install/buggy_msgs:/home/manuel/buggy_space/install/buggy_mobile_navigation:/home/manuel/buggy_space/install/ackermann_msgs:/home/manuel/buggy_space/install/ackermann_interfaces:/home/manuel/buggy_space/install/joint_state_publisher_gui:/home/manuel/buggy_space/install/joint_state_publisher:/home/manuel/buggy_space/install/ackermann_odometry:/home/manuel/buggy_space/install/ackermann_controller:/opt/ros/foxy LD_LIBRARY_PATH=/home/manuel/buggy_ws_beta.a/install/zed_components/lib:/home/manuel/buggy_ws_beta.a/install/zed_interfaces/lib:/home/manuel/buggy_ws_beta.a/install/image_transport/lib:${LD_LIBRARY_PATH} PYTHONPATH=/home/manuel/buggy_ws_beta.a/install/zed_interfaces/lib/python3.8/site-packages:${PYTHONPATH} /usr/bin/cmake /home/manuel/buggy_ws_beta.a/src/zed-ros2-examples/tutorials/zed_rgb_convert -DCMAKE_INSTALL_PREFIX=/home/manuel/buggy_ws_beta.a/install/zed_rgb_convert
[4.132s] Invoking command in '/home/manuel/buggy_ws_beta.a/build/zed_rgb_convert': AMENT_PREFIX_PATH=/home/manuel/buggy_ws_beta.a/install/zed_components:/home/manuel/buggy_ws_beta.a/install/zed_interfaces:/home/manuel/buggy_ws_beta.a/install/image_transport:${AMENT_PREFIX_PATH} CMAKE_PREFIX_PATH=/home/manuel/buggy_ws_beta.a/install/zed_components:/home/manuel/buggy_ws_beta.a/install/zed_interfaces:/home/manuel/buggy_ws_beta.a/install/image_transport:/home/manuel/buggy_space/install/zed_ros2:/home/manuel/buggy_space/install/zed_display_rviz2:/home/manuel/buggy_space/install/zed_wrapper:/home/manuel/buggy_space/install/zed_tutorial_video:/home/manuel/buggy_space/install/zed_tutorial_pos_tracking:/home/manuel/buggy_space/install/zed_tutorial_depth:/home/manuel/buggy_space/install/zed_rgb_convert:/home/manuel/buggy_space/install/zed_components:/home/manuel/buggy_space/install/rviz_plugin_zed_od:/home/manuel/buggy_space/install/zed_interfaces:/home/manuel/buggy_space/install/buggy_mobile_robot:/home/manuel/buggy_space/install/vox_nav_msgs:/home/manuel/buggy_space/install/velodyne:/home/manuel/buggy_space/install/velodyne_pointcloud:/home/manuel/buggy_space/install/velodyne_driver:/home/manuel/buggy_space/install/velodyne_msgs:/home/manuel/buggy_space/install/velodyne_laserscan:/home/manuel/buggy_space/install/teb_local_planner:/home/manuel/buggy_space/install/teb_msgs:/home/manuel/buggy_space/install/sick_scan2:/home/manuel/buggy_space/install/ros_sensors:/home/manuel/buggy_space/install/ros2socketcan_lib:/home/manuel/buggy_space/install/ros2car_buggy:/home/manuel/buggy_space/install/robot_localization:/home/manuel/buggy_space/install/image_common:/home/manuel/buggy_space/install/image_transport:/home/manuel/buggy_space/install/costmap_converter:/home/manuel/buggy_space/install/costmap_converter_msgs:/home/manuel/buggy_space/install/can_msgs:/home/manuel/buggy_space/install/camera_info_manager:/home/manuel/buggy_space/install/camera_calibration_parsers:/home/manuel/buggy_space/install/buggy_msgs:/home/manuel/buggy_space/install/buggy_mobile_navigation:/home/manuel/buggy_space/install/ackermann_msgs:/home/manuel/buggy_space/install/ackermann_interfaces:/home/manuel/buggy_space/install/joint_state_publisher_gui:/home/manuel/buggy_space/install/joint_state_publisher:/home/manuel/buggy_space/install/ackermann_odometry:/home/manuel/buggy_space/install/ackermann_controller:/opt/ros/foxy LD_LIBRARY_PATH=/home/manuel/buggy_ws_beta.a/install/zed_components/lib:/home/manuel/buggy_ws_beta.a/install/zed_interfaces/lib:/home/manuel/buggy_ws_beta.a/install/image_transport/lib:${LD_LIBRARY_PATH} PYTHONPATH=/home/manuel/buggy_ws_beta.a/install/zed_interfaces/lib/python3.8/site-packages:${PYTHONPATH} /usr/bin/cmake --build /home/manuel/buggy_ws_beta.a/build/zed_rgb_convert -- -j16 -l16
[4.177s] [35m[1mScanning dependencies of target zed_rgb_convert_component[0m
[4.237s] [ 25%] [32mBuilding CXX object CMakeFiles/zed_rgb_convert_component.dir/src/component/src/zed_rgb_convert_component.cpp.o[0m
[11.232s] [ 50%] [32m[1mLinking CXX shared library libzed_rgb_convert_component.so[0m
[11.636s] [ 50%] Built target zed_rgb_convert_component
[11.649s] [35m[1mScanning dependencies of target zed_rgb_convert[0m
[11.753s] [ 75%] [32mBuilding CXX object CMakeFiles/zed_rgb_convert.dir/src/container/zed_rgb_convert.cpp.o[0m
[15.956s] [100%] [32m[1mLinking CXX executable zed_rgb_convert[0m
[16.322s] [100%] Built target zed_rgb_convert
[16.337s] Invoked command in '/home/manuel/buggy_ws_beta.a/build/zed_rgb_convert' returned '0': AMENT_PREFIX_PATH=/home/manuel/buggy_ws_beta.a/install/zed_components:/home/manuel/buggy_ws_beta.a/install/zed_interfaces:/home/manuel/buggy_ws_beta.a/install/image_transport:${AMENT_PREFIX_PATH} CMAKE_PREFIX_PATH=/home/manuel/buggy_ws_beta.a/install/zed_components:/home/manuel/buggy_ws_beta.a/install/zed_interfaces:/home/manuel/buggy_ws_beta.a/install/image_transport:/home/manuel/buggy_space/install/zed_ros2:/home/manuel/buggy_space/install/zed_display_rviz2:/home/manuel/buggy_space/install/zed_wrapper:/home/manuel/buggy_space/install/zed_tutorial_video:/home/manuel/buggy_space/install/zed_tutorial_pos_tracking:/home/manuel/buggy_space/install/zed_tutorial_depth:/home/manuel/buggy_space/install/zed_rgb_convert:/home/manuel/buggy_space/install/zed_components:/home/manuel/buggy_space/install/rviz_plugin_zed_od:/home/manuel/buggy_space/install/zed_interfaces:/home/manuel/buggy_space/install/buggy_mobile_robot:/home/manuel/buggy_space/install/vox_nav_msgs:/home/manuel/buggy_space/install/velodyne:/home/manuel/buggy_space/install/velodyne_pointcloud:/home/manuel/buggy_space/install/velodyne_driver:/home/manuel/buggy_space/install/velodyne_msgs:/home/manuel/buggy_space/install/velodyne_laserscan:/home/manuel/buggy_space/install/teb_local_planner:/home/manuel/buggy_space/install/teb_msgs:/home/manuel/buggy_space/install/sick_scan2:/home/manuel/buggy_space/install/ros_sensors:/home/manuel/buggy_space/install/ros2socketcan_lib:/home/manuel/buggy_space/install/ros2car_buggy:/home/manuel/buggy_space/install/robot_localization:/home/manuel/buggy_space/install/image_common:/home/manuel/buggy_space/install/image_transport:/home/manuel/buggy_space/install/costmap_converter:/home/manuel/buggy_space/install/costmap_converter_msgs:/home/manuel/buggy_space/install/can_msgs:/home/manuel/buggy_space/install/camera_info_manager:/home/manuel/buggy_space/install/camera_calibration_parsers:/home/manuel/buggy_space/install/buggy_msgs:/home/manuel/buggy_space/install/buggy_mobile_navigation:/home/manuel/buggy_space/install/ackermann_msgs:/home/manuel/buggy_space/install/ackermann_interfaces:/home/manuel/buggy_space/install/joint_state_publisher_gui:/home/manuel/buggy_space/install/joint_state_publisher:/home/manuel/buggy_space/install/ackermann_odometry:/home/manuel/buggy_space/install/ackermann_controller:/opt/ros/foxy LD_LIBRARY_PATH=/home/manuel/buggy_ws_beta.a/install/zed_components/lib:/home/manuel/buggy_ws_beta.a/install/zed_interfaces/lib:/home/manuel/buggy_ws_beta.a/install/image_transport/lib:${LD_LIBRARY_PATH} PYTHONPATH=/home/manuel/buggy_ws_beta.a/install/zed_interfaces/lib/python3.8/site-packages:${PYTHONPATH} /usr/bin/cmake --build /home/manuel/buggy_ws_beta.a/build/zed_rgb_convert -- -j16 -l16
[16.375s] Invoking command in '/home/manuel/buggy_ws_beta.a/build/zed_rgb_convert': AMENT_PREFIX_PATH=/home/manuel/buggy_ws_beta.a/install/zed_components:/home/manuel/buggy_ws_beta.a/install/zed_interfaces:/home/manuel/buggy_ws_beta.a/install/image_transport:${AMENT_PREFIX_PATH} CMAKE_PREFIX_PATH=/home/manuel/buggy_ws_beta.a/install/zed_components:/home/manuel/buggy_ws_beta.a/install/zed_interfaces:/home/manuel/buggy_ws_beta.a/install/image_transport:/home/manuel/buggy_space/install/zed_ros2:/home/manuel/buggy_space/install/zed_display_rviz2:/home/manuel/buggy_space/install/zed_wrapper:/home/manuel/buggy_space/install/zed_tutorial_video:/home/manuel/buggy_space/install/zed_tutorial_pos_tracking:/home/manuel/buggy_space/install/zed_tutorial_depth:/home/manuel/buggy_space/install/zed_rgb_convert:/home/manuel/buggy_space/install/zed_components:/home/manuel/buggy_space/install/rviz_plugin_zed_od:/home/manuel/buggy_space/install/zed_interfaces:/home/manuel/buggy_space/install/buggy_mobile_robot:/home/manuel/buggy_space/install/vox_nav_msgs:/home/manuel/buggy_space/install/velodyne:/home/manuel/buggy_space/install/velodyne_pointcloud:/home/manuel/buggy_space/install/velodyne_driver:/home/manuel/buggy_space/install/velodyne_msgs:/home/manuel/buggy_space/install/velodyne_laserscan:/home/manuel/buggy_space/install/teb_local_planner:/home/manuel/buggy_space/install/teb_msgs:/home/manuel/buggy_space/install/sick_scan2:/home/manuel/buggy_space/install/ros_sensors:/home/manuel/buggy_space/install/ros2socketcan_lib:/home/manuel/buggy_space/install/ros2car_buggy:/home/manuel/buggy_space/install/robot_localization:/home/manuel/buggy_space/install/image_common:/home/manuel/buggy_space/install/image_transport:/home/manuel/buggy_space/install/costmap_converter:/home/manuel/buggy_space/install/costmap_converter_msgs:/home/manuel/buggy_space/install/can_msgs:/home/manuel/buggy_space/install/camera_info_manager:/home/manuel/buggy_space/install/camera_calibration_parsers:/home/manuel/buggy_space/install/buggy_msgs:/home/manuel/buggy_space/install/buggy_mobile_navigation:/home/manuel/buggy_space/install/ackermann_msgs:/home/manuel/buggy_space/install/ackermann_interfaces:/home/manuel/buggy_space/install/joint_state_publisher_gui:/home/manuel/buggy_space/install/joint_state_publisher:/home/manuel/buggy_space/install/ackermann_odometry:/home/manuel/buggy_space/install/ackermann_controller:/opt/ros/foxy LD_LIBRARY_PATH=/home/manuel/buggy_ws_beta.a/install/zed_components/lib:/home/manuel/buggy_ws_beta.a/install/zed_interfaces/lib:/home/manuel/buggy_ws_beta.a/install/image_transport/lib:${LD_LIBRARY_PATH} PYTHONPATH=/home/manuel/buggy_ws_beta.a/install/zed_interfaces/lib/python3.8/site-packages:${PYTHONPATH} /usr/bin/cmake --install /home/manuel/buggy_ws_beta.a/build/zed_rgb_convert
[16.386s] -- Install configuration: "Release"
[16.386s] -- Installing: /home/manuel/buggy_ws_beta.a/install/zed_rgb_convert/lib/zed_rgb_convert/zed_rgb_convert
[16.386s] -- Set runtime path of "/home/manuel/buggy_ws_beta.a/install/zed_rgb_convert/lib/zed_rgb_convert/zed_rgb_convert" to ""
[16.387s] -- Installing: /home/manuel/buggy_ws_beta.a/install/zed_rgb_convert/lib/libzed_rgb_convert_component.so
[16.387s] -- Set runtime path of "/home/manuel/buggy_ws_beta.a/install/zed_rgb_convert/lib/libzed_rgb_convert_component.so" to ""
[16.387s] -- Installing: /home/manuel/buggy_ws_beta.a/install/zed_rgb_convert/include/zed_rgb_convert/
[16.387s] -- Installing: /home/manuel/buggy_ws_beta.a/install/zed_rgb_convert/include/zed_rgb_convert//visibility_control.h
[16.388s] -- Installing: /home/manuel/buggy_ws_beta.a/install/zed_rgb_convert/share/zed_rgb_convert/launch
[16.388s] -- Installing: /home/manuel/buggy_ws_beta.a/install/zed_rgb_convert/share/zed_rgb_convert/launch/zed_rgb_convert.launch.py
[16.388s] -- Installing: /home/manuel/buggy_ws_beta.a/install/zed_rgb_convert/share/zed_rgb_convert/environment/library_path.sh
[16.388s] -- Installing: /home/manuel/buggy_ws_beta.a/install/zed_rgb_convert/share/zed_rgb_convert/environment/library_path.dsv
[16.388s] -- Installing: /home/manuel/buggy_ws_beta.a/install/zed_rgb_convert/share/ament_index/resource_index/package_run_dependencies/zed_rgb_convert
[16.388s] -- Installing: /home/manuel/buggy_ws_beta.a/install/zed_rgb_convert/share/ament_index/resource_index/parent_prefix_path/zed_rgb_convert
[16.389s] -- Installing: /home/manuel/buggy_ws_beta.a/install/zed_rgb_convert/share/zed_rgb_convert/environment/ament_prefix_path.sh
[16.389s] -- Installing: /home/manuel/buggy_ws_beta.a/install/zed_rgb_convert/share/zed_rgb_convert/environment/ament_prefix_path.dsv
[16.389s] -- Installing: /home/manuel/buggy_ws_beta.a/install/zed_rgb_convert/share/zed_rgb_convert/environment/path.sh
[16.389s] -- Installing: /home/manuel/buggy_ws_beta.a/install/zed_rgb_convert/share/zed_rgb_convert/environment/path.dsv
[16.389s] -- Installing: /home/manuel/buggy_ws_beta.a/install/zed_rgb_convert/share/zed_rgb_convert/local_setup.bash
[16.390s] -- Installing: /home/manuel/buggy_ws_beta.a/install/zed_rgb_convert/share/zed_rgb_convert/local_setup.sh
[16.390s] -- Installing: /home/manuel/buggy_ws_beta.a/install/zed_rgb_convert/share/zed_rgb_convert/local_setup.zsh
[16.390s] -- Installing: /home/manuel/buggy_ws_beta.a/install/zed_rgb_convert/share/zed_rgb_convert/local_setup.dsv
[16.390s] -- Installing: /home/manuel/buggy_ws_beta.a/install/zed_rgb_convert/share/zed_rgb_convert/package.dsv
[16.390s] -- Installing: /home/manuel/buggy_ws_beta.a/install/zed_rgb_convert/share/ament_index/resource_index/packages/zed_rgb_convert
[16.391s] -- Installing: /home/manuel/buggy_ws_beta.a/install/zed_rgb_convert/share/ament_index/resource_index/rclcpp_components/zed_rgb_convert
[16.391s] -- Installing: /home/manuel/buggy_ws_beta.a/install/zed_rgb_convert/share/zed_rgb_convert/cmake/ament_cmake_export_include_directories-extras.cmake
[16.391s] -- Installing: /home/manuel/buggy_ws_beta.a/install/zed_rgb_convert/share/zed_rgb_convert/cmake/ament_cmake_export_libraries-extras.cmake
[16.391s] -- Installing: /home/manuel/buggy_ws_beta.a/install/zed_rgb_convert/share/zed_rgb_convert/cmake/ament_cmake_export_dependencies-extras.cmake
[16.391s] -- Installing: /home/manuel/buggy_ws_beta.a/install/zed_rgb_convert/share/zed_rgb_convert/cmake/zed_rgb_convertConfig.cmake
[16.392s] -- Installing: /home/manuel/buggy_ws_beta.a/install/zed_rgb_convert/share/zed_rgb_convert/cmake/zed_rgb_convertConfig-version.cmake
[16.392s] -- Installing: /home/manuel/buggy_ws_beta.a/install/zed_rgb_convert/share/zed_rgb_convert/package.xml
[16.393s] Invoked command in '/home/manuel/buggy_ws_beta.a/build/zed_rgb_convert' returned '0': AMENT_PREFIX_PATH=/home/manuel/buggy_ws_beta.a/install/zed_components:/home/manuel/buggy_ws_beta.a/install/zed_interfaces:/home/manuel/buggy_ws_beta.a/install/image_transport:${AMENT_PREFIX_PATH} CMAKE_PREFIX_PATH=/home/manuel/buggy_ws_beta.a/install/zed_components:/home/manuel/buggy_ws_beta.a/install/zed_interfaces:/home/manuel/buggy_ws_beta.a/install/image_transport:/home/manuel/buggy_space/install/zed_ros2:/home/manuel/buggy_space/install/zed_display_rviz2:/home/manuel/buggy_space/install/zed_wrapper:/home/manuel/buggy_space/install/zed_tutorial_video:/home/manuel/buggy_space/install/zed_tutorial_pos_tracking:/home/manuel/buggy_space/install/zed_tutorial_depth:/home/manuel/buggy_space/install/zed_rgb_convert:/home/manuel/buggy_space/install/zed_components:/home/manuel/buggy_space/install/rviz_plugin_zed_od:/home/manuel/buggy_space/install/zed_interfaces:/home/manuel/buggy_space/install/buggy_mobile_robot:/home/manuel/buggy_space/install/vox_nav_msgs:/home/manuel/buggy_space/install/velodyne:/home/manuel/buggy_space/install/velodyne_pointcloud:/home/manuel/buggy_space/install/velodyne_driver:/home/manuel/buggy_space/install/velodyne_msgs:/home/manuel/buggy_space/install/velodyne_laserscan:/home/manuel/buggy_space/install/teb_local_planner:/home/manuel/buggy_space/install/teb_msgs:/home/manuel/buggy_space/install/sick_scan2:/home/manuel/buggy_space/install/ros_sensors:/home/manuel/buggy_space/install/ros2socketcan_lib:/home/manuel/buggy_space/install/ros2car_buggy:/home/manuel/buggy_space/install/robot_localization:/home/manuel/buggy_space/install/image_common:/home/manuel/buggy_space/install/image_transport:/home/manuel/buggy_space/install/costmap_converter:/home/manuel/buggy_space/install/costmap_converter_msgs:/home/manuel/buggy_space/install/can_msgs:/home/manuel/buggy_space/install/camera_info_manager:/home/manuel/buggy_space/install/camera_calibration_parsers:/home/manuel/buggy_space/install/buggy_msgs:/home/manuel/buggy_space/install/buggy_mobile_navigation:/home/manuel/buggy_space/install/ackermann_msgs:/home/manuel/buggy_space/install/ackermann_interfaces:/home/manuel/buggy_space/install/joint_state_publisher_gui:/home/manuel/buggy_space/install/joint_state_publisher:/home/manuel/buggy_space/install/ackermann_odometry:/home/manuel/buggy_space/install/ackermann_controller:/opt/ros/foxy LD_LIBRARY_PATH=/home/manuel/buggy_ws_beta.a/install/zed_components/lib:/home/manuel/buggy_ws_beta.a/install/zed_interfaces/lib:/home/manuel/buggy_ws_beta.a/install/image_transport/lib:${LD_LIBRARY_PATH} PYTHONPATH=/home/manuel/buggy_ws_beta.a/install/zed_interfaces/lib/python3.8/site-packages:${PYTHONPATH} /usr/bin/cmake --install /home/manuel/buggy_ws_beta.a/build/zed_rgb_convert
