[0.471s] Invoking command in '/home/manuel/buggy_ws_beta.a/build/sick_scan2': CMAKE_PREFIX_PATH=${CMAKE_PREFIX_PATH}:/home/manuel/buggy_ws_beta.a/install/joint_state_publisher_gui:/home/manuel/buggy_ws_beta.a/install/joint_state_publisher:/home/manuel/buggy_ws_beta.a/install/ackermann_odometry:/home/manuel/buggy_ws_beta.a/install/ackermann_controller:/home/manuel/buggy_space/install/joint_state_publisher_gui:/home/manuel/buggy_space/install/joint_state_publisher:/home/manuel/buggy_space/install/ackermann_odometry:/home/manuel/buggy_space/install/ackermann_controller:/opt/ros/foxy /usr/bin/cmake --build /home/manuel/buggy_ws_beta.a/build/sick_scan2 -- -j16 -l16
[0.578s] [ 90%] Built target sick_scan2_lib
[0.648s] [100%] Built target sick_generic_caller
[0.717s] Invoked command in '/home/manuel/buggy_ws_beta.a/build/sick_scan2' returned '0': CMAKE_PREFIX_PATH=${CMAKE_PREFIX_PATH}:/home/manuel/buggy_ws_beta.a/install/joint_state_publisher_gui:/home/manuel/buggy_ws_beta.a/install/joint_state_publisher:/home/manuel/buggy_ws_beta.a/install/ackermann_odometry:/home/manuel/buggy_ws_beta.a/install/ackermann_controller:/home/manuel/buggy_space/install/joint_state_publisher_gui:/home/manuel/buggy_space/install/joint_state_publisher:/home/manuel/buggy_space/install/ackermann_odometry:/home/manuel/buggy_space/install/ackermann_controller:/opt/ros/foxy /usr/bin/cmake --build /home/manuel/buggy_ws_beta.a/build/sick_scan2 -- -j16 -l16
[1.055s] Invoking command in '/home/manuel/buggy_ws_beta.a/build/sick_scan2': CMAKE_PREFIX_PATH=${CMAKE_PREFIX_PATH}:/home/manuel/buggy_ws_beta.a/install/joint_state_publisher_gui:/home/manuel/buggy_ws_beta.a/install/joint_state_publisher:/home/manuel/buggy_ws_beta.a/install/ackermann_odometry:/home/manuel/buggy_ws_beta.a/install/ackermann_controller:/home/manuel/buggy_space/install/joint_state_publisher_gui:/home/manuel/buggy_space/install/joint_state_publisher:/home/manuel/buggy_space/install/ackermann_odometry:/home/manuel/buggy_space/install/ackermann_controller:/opt/ros/foxy /usr/bin/cmake --install /home/manuel/buggy_ws_beta.a/build/sick_scan2
[1.059s] -- Install configuration: ""
[1.059s] -- Up-to-date: /home/manuel/buggy_ws_beta.a/install/sick_scan2/lib/sick_scan2/sick_generic_caller
[1.059s] -- Up-to-date: /home/manuel/buggy_ws_beta.a/install/sick_scan2/lib/libsick_scan2_lib.a
[1.059s] -- Up-to-date: /home/manuel/buggy_ws_beta.a/install/sick_scan2/share/sick_scan2/launch
[1.059s] -- Up-to-date: /home/manuel/buggy_ws_beta.a/install/sick_scan2/share/sick_scan2/launch/rviz
[1.060s] -- Up-to-date: /home/manuel/buggy_ws_beta.a/install/sick_scan2/share/sick_scan2/launch/rviz/sick_cola.rviz
[1.060s] -- Up-to-date: /home/manuel/buggy_ws_beta.a/install/sick_scan2/share/sick_scan2/launch/rviz/radar.rviz
[1.063s] -- Up-to-date: /home/manuel/buggy_ws_beta.a/install/sick_scan2/share/sick_scan2/launch/rviz/hector.rviz
[1.063s] -- Up-to-date: /home/manuel/buggy_ws_beta.a/install/sick_scan2/share/sick_scan2/launch/rviz/sick_ldmrs.rviz
[1.063s] -- Up-to-date: /home/manuel/buggy_ws_beta.a/install/sick_scan2/share/sick_scan2/launch/rviz/tim_5xx.rviz
[1.064s] -- Up-to-date: /home/manuel/buggy_ws_beta.a/install/sick_scan2/share/sick_scan2/launch/rviz/combi.rviz
[1.064s] -- Up-to-date: /home/manuel/buggy_ws_beta.a/install/sick_scan2/share/sick_scan2/launch/sick_lms_1xx.launch.py
[1.064s] -- Up-to-date: /home/manuel/buggy_ws_beta.a/install/sick_scan2/share/sick_scan2/launch/sick_lms_5xx.launch.py
[1.067s] -- Up-to-date: /home/manuel/buggy_ws_beta.a/install/sick_scan2/share/sick_scan2/launch/sick_mrs_1xxx.launch.py
[1.068s] -- Up-to-date: /home/manuel/buggy_ws_beta.a/install/sick_scan2/share/sick_scan2/launch/single_rrbot.urdf
[1.068s] -- Up-to-date: /home/manuel/buggy_ws_beta.a/install/sick_scan2/share/sick_scan2/launch/sick_tim_5xx.launch.py
[1.068s] -- Up-to-date: /home/manuel/buggy_ws_beta.a/install/sick_scan2/share/sick_scan2/launch/sick_ldmrs.launch.py
[1.071s] -- Up-to-date: /home/manuel/buggy_ws_beta.a/install/sick_scan2/share/sick_scan2/launch/sick_tim_5xx.launch.pyOLD
[1.071s] -- Up-to-date: /home/manuel/buggy_ws_beta.a/install/sick_scan2/share/sick_scan2/launch/sick_lrs_4xxx.launch.py
[1.072s] -- Up-to-date: /home/manuel/buggy_ws_beta.a/install/sick_scan2/share/sick_scan2/launch/sick_tim_7xx.launch.py
[1.072s] -- Up-to-date: /home/manuel/buggy_ws_beta.a/install/sick_scan2/share/sick_scan2/launch/sick_lms_5xx.launch_old.py
[1.072s] -- Up-to-date: /home/manuel/buggy_ws_beta.a/install/sick_scan2/share/sick_scan2/launch/sick_tim_240.launch.py
[1.072s] -- Up-to-date: /home/manuel/buggy_ws_beta.a/install/sick_scan2/share/sick_scan2/launch/sick_lms_1xxx.launch.py
[1.073s] -- Up-to-date: /home/manuel/buggy_ws_beta.a/install/sick_scan2/share/sick_scan2/launch/sick_tim_7xxS.launch.py
[1.073s] -- Up-to-date: /home/manuel/buggy_ws_beta.a/install/sick_scan2/share/sick_scan2/config
[1.073s] -- Up-to-date: /home/manuel/buggy_ws_beta.a/install/sick_scan2/share/sick_scan2/config/sick_tim_5xx.yaml
[1.073s] -- Up-to-date: /home/manuel/buggy_ws_beta.a/install/sick_scan2/share/sick_scan2/config/sick_lms_1xx.yaml
[1.073s] -- Up-to-date: /home/manuel/buggy_ws_beta.a/install/sick_scan2/share/sick_scan2/config/sick_lms_5xx.yaml
[1.073s] -- Up-to-date: /home/manuel/buggy_ws_beta.a/install/sick_scan2/share/sick_scan2/config/sick_lms_1xxx.yaml
[1.074s] -- Up-to-date: /home/manuel/buggy_ws_beta.a/install/sick_scan2/share/sick_scan2/config/sick_tim_240.yaml
[1.074s] -- Up-to-date: /home/manuel/buggy_ws_beta.a/install/sick_scan2/share/sick_scan2/config/sick_tim_7xx.yaml
[1.074s] -- Up-to-date: /home/manuel/buggy_ws_beta.a/install/sick_scan2/share/sick_scan2/config/sick_tim_7xxS.yaml
[1.074s] -- Up-to-date: /home/manuel/buggy_ws_beta.a/install/sick_scan2/share/sick_scan2/config/sick_ldmrs_flexres.yaml
[1.074s] -- Up-to-date: /home/manuel/buggy_ws_beta.a/install/sick_scan2/share/sick_scan2/config/sick_lrs_4xxx.yaml
[1.076s] -- Up-to-date: /home/manuel/buggy_ws_beta.a/install/sick_scan2/share/sick_scan2/config/sick_mrs_1xxx.yaml
[1.076s] -- Up-to-date: /home/manuel/buggy_ws_beta.a/install/sick_scan2/share/sick_scan2/config/sick_ldmrs.yaml
[1.076s] -- Up-to-date: /home/manuel/buggy_ws_beta.a/install/sick_scan2/share/ament_index/resource_index/package_run_dependencies/sick_scan2
[1.076s] -- Up-to-date: /home/manuel/buggy_ws_beta.a/install/sick_scan2/share/ament_index/resource_index/parent_prefix_path/sick_scan2
[1.076s] -- Up-to-date: /home/manuel/buggy_ws_beta.a/install/sick_scan2/share/sick_scan2/environment/ament_prefix_path.sh
[1.076s] -- Up-to-date: /home/manuel/buggy_ws_beta.a/install/sick_scan2/share/sick_scan2/environment/ament_prefix_path.dsv
[1.076s] -- Up-to-date: /home/manuel/buggy_ws_beta.a/install/sick_scan2/share/sick_scan2/environment/path.sh
[1.076s] -- Up-to-date: /home/manuel/buggy_ws_beta.a/install/sick_scan2/share/sick_scan2/environment/path.dsv
[1.076s] -- Up-to-date: /home/manuel/buggy_ws_beta.a/install/sick_scan2/share/sick_scan2/local_setup.bash
[1.076s] -- Up-to-date: /home/manuel/buggy_ws_beta.a/install/sick_scan2/share/sick_scan2/local_setup.sh
[1.076s] -- Up-to-date: /home/manuel/buggy_ws_beta.a/install/sick_scan2/share/sick_scan2/local_setup.zsh
[1.077s] -- Up-to-date: /home/manuel/buggy_ws_beta.a/install/sick_scan2/share/sick_scan2/local_setup.dsv
[1.077s] -- Installing: /home/manuel/buggy_ws_beta.a/install/sick_scan2/share/sick_scan2/package.dsv
[1.077s] -- Up-to-date: /home/manuel/buggy_ws_beta.a/install/sick_scan2/share/ament_index/resource_index/packages/sick_scan2
[1.077s] -- Up-to-date: /home/manuel/buggy_ws_beta.a/install/sick_scan2/share/sick_scan2/cmake/sick_scan2Config.cmake
[1.078s] -- Up-to-date: /home/manuel/buggy_ws_beta.a/install/sick_scan2/share/sick_scan2/cmake/sick_scan2Config-version.cmake
[1.082s] -- Up-to-date: /home/manuel/buggy_ws_beta.a/install/sick_scan2/share/sick_scan2/package.xml
[1.206s] Invoked command in '/home/manuel/buggy_ws_beta.a/build/sick_scan2' returned '0': CMAKE_PREFIX_PATH=${CMAKE_PREFIX_PATH}:/home/manuel/buggy_ws_beta.a/install/joint_state_publisher_gui:/home/manuel/buggy_ws_beta.a/install/joint_state_publisher:/home/manuel/buggy_ws_beta.a/install/ackermann_odometry:/home/manuel/buggy_ws_beta.a/install/ackermann_controller:/home/manuel/buggy_space/install/joint_state_publisher_gui:/home/manuel/buggy_space/install/joint_state_publisher:/home/manuel/buggy_space/install/ackermann_odometry:/home/manuel/buggy_space/install/ackermann_controller:/opt/ros/foxy /usr/bin/cmake --install /home/manuel/buggy_ws_beta.a/build/sick_scan2
